[2024-08-25T10:01:10.686+0000] {processor.py:157} INFO - Started process (PID=58) to work on /home/airflow/.local/lib/python3.8/site-packages/airflow/example_dags/example_task_group_decorator.py
[2024-08-25T10:01:10.687+0000] {processor.py:829} INFO - Processing file /home/airflow/.local/lib/python3.8/site-packages/airflow/example_dags/example_task_group_decorator.py for tasks to queue
[2024-08-25T10:01:10.689+0000] {logging_mixin.py:154} INFO - [2024-08-25T10:01:10.689+0000] {dagbag.py:536} INFO - Filling up the DagBag from /home/airflow/.local/lib/python3.8/site-packages/airflow/example_dags/example_task_group_decorator.py
[2024-08-25T10:01:10.703+0000] {processor.py:839} INFO - DAG(s) dict_keys(['example_task_group_decorator']) retrieved from /home/airflow/.local/lib/python3.8/site-packages/airflow/example_dags/example_task_group_decorator.py
[2024-08-25T10:01:10.729+0000] {logging_mixin.py:154} INFO - [2024-08-25T10:01:10.729+0000] {dag.py:2941} INFO - Sync 1 DAGs
[2024-08-25T10:01:10.752+0000] {logging_mixin.py:154} INFO - [2024-08-25T10:01:10.751+0000] {dag.py:3722} INFO - Setting next_dagrun for example_task_group_decorator to 2024-08-24T10:01:10.751717+00:00, run_after=2024-08-25T10:01:10.751717+00:00
[2024-08-25T10:01:10.770+0000] {processor.py:179} INFO - Processing /home/airflow/.local/lib/python3.8/site-packages/airflow/example_dags/example_task_group_decorator.py took 0.086 seconds
[2024-08-25T10:01:41.720+0000] {processor.py:157} INFO - Started process (PID=132) to work on /home/airflow/.local/lib/python3.8/site-packages/airflow/example_dags/example_task_group_decorator.py
[2024-08-25T10:01:41.721+0000] {processor.py:829} INFO - Processing file /home/airflow/.local/lib/python3.8/site-packages/airflow/example_dags/example_task_group_decorator.py for tasks to queue
[2024-08-25T10:01:41.724+0000] {logging_mixin.py:154} INFO - [2024-08-25T10:01:41.723+0000] {dagbag.py:536} INFO - Filling up the DagBag from /home/airflow/.local/lib/python3.8/site-packages/airflow/example_dags/example_task_group_decorator.py
[2024-08-25T10:01:41.740+0000] {processor.py:839} INFO - DAG(s) dict_keys(['example_task_group_decorator']) retrieved from /home/airflow/.local/lib/python3.8/site-packages/airflow/example_dags/example_task_group_decorator.py
[2024-08-25T10:01:41.769+0000] {logging_mixin.py:154} INFO - [2024-08-25T10:01:41.769+0000] {dag.py:2941} INFO - Sync 1 DAGs
[2024-08-25T10:01:41.798+0000] {logging_mixin.py:154} INFO - [2024-08-25T10:01:41.798+0000] {dag.py:3722} INFO - Setting next_dagrun for example_task_group_decorator to 2024-08-24T10:01:41.798332+00:00, run_after=2024-08-25T10:01:41.798332+00:00
[2024-08-25T10:01:41.819+0000] {processor.py:179} INFO - Processing /home/airflow/.local/lib/python3.8/site-packages/airflow/example_dags/example_task_group_decorator.py took 0.103 seconds
[2024-08-25T10:02:12.341+0000] {processor.py:157} INFO - Started process (PID=198) to work on /home/airflow/.local/lib/python3.8/site-packages/airflow/example_dags/example_task_group_decorator.py
[2024-08-25T10:02:12.342+0000] {processor.py:829} INFO - Processing file /home/airflow/.local/lib/python3.8/site-packages/airflow/example_dags/example_task_group_decorator.py for tasks to queue
[2024-08-25T10:02:12.344+0000] {logging_mixin.py:154} INFO - [2024-08-25T10:02:12.344+0000] {dagbag.py:536} INFO - Filling up the DagBag from /home/airflow/.local/lib/python3.8/site-packages/airflow/example_dags/example_task_group_decorator.py
[2024-08-25T10:02:12.367+0000] {processor.py:839} INFO - DAG(s) dict_keys(['example_task_group_decorator']) retrieved from /home/airflow/.local/lib/python3.8/site-packages/airflow/example_dags/example_task_group_decorator.py
[2024-08-25T10:02:12.402+0000] {logging_mixin.py:154} INFO - [2024-08-25T10:02:12.402+0000] {dag.py:2941} INFO - Sync 1 DAGs
[2024-08-25T10:02:12.428+0000] {logging_mixin.py:154} INFO - [2024-08-25T10:02:12.427+0000] {dag.py:3722} INFO - Setting next_dagrun for example_task_group_decorator to 2024-08-24T10:02:12.427412+00:00, run_after=2024-08-25T10:02:12.427412+00:00
[2024-08-25T10:02:12.449+0000] {processor.py:179} INFO - Processing /home/airflow/.local/lib/python3.8/site-packages/airflow/example_dags/example_task_group_decorator.py took 0.112 seconds
