[2024-08-25T10:01:11.725+0000] {processor.py:157} INFO - Started process (PID=74) to work on /home/airflow/.local/lib/python3.8/site-packages/airflow/example_dags/example_dynamic_task_mapping_with_no_taskflow_operators.py
[2024-08-25T10:01:11.726+0000] {processor.py:829} INFO - Processing file /home/airflow/.local/lib/python3.8/site-packages/airflow/example_dags/example_dynamic_task_mapping_with_no_taskflow_operators.py for tasks to queue
[2024-08-25T10:01:11.729+0000] {logging_mixin.py:154} INFO - [2024-08-25T10:01:11.729+0000] {dagbag.py:536} INFO - Filling up the DagBag from /home/airflow/.local/lib/python3.8/site-packages/airflow/example_dags/example_dynamic_task_mapping_with_no_taskflow_operators.py
[2024-08-25T10:01:11.735+0000] {processor.py:839} INFO - DAG(s) dict_keys(['example_dynamic_task_mapping_with_no_taskflow_operators']) retrieved from /home/airflow/.local/lib/python3.8/site-packages/airflow/example_dags/example_dynamic_task_mapping_with_no_taskflow_operators.py
[2024-08-25T10:01:11.759+0000] {logging_mixin.py:154} INFO - [2024-08-25T10:01:11.759+0000] {dag.py:2941} INFO - Sync 1 DAGs
[2024-08-25T10:01:11.780+0000] {logging_mixin.py:154} INFO - [2024-08-25T10:01:11.779+0000] {dag.py:3722} INFO - Setting next_dagrun for example_dynamic_task_mapping_with_no_taskflow_operators to 2024-08-24T10:01:11.779691+00:00, run_after=2024-08-25T10:01:11.779691+00:00
[2024-08-25T10:01:11.796+0000] {processor.py:179} INFO - Processing /home/airflow/.local/lib/python3.8/site-packages/airflow/example_dags/example_dynamic_task_mapping_with_no_taskflow_operators.py took 0.074 seconds
[2024-08-25T10:01:42.947+0000] {processor.py:157} INFO - Started process (PID=148) to work on /home/airflow/.local/lib/python3.8/site-packages/airflow/example_dags/example_dynamic_task_mapping_with_no_taskflow_operators.py
[2024-08-25T10:01:42.949+0000] {processor.py:829} INFO - Processing file /home/airflow/.local/lib/python3.8/site-packages/airflow/example_dags/example_dynamic_task_mapping_with_no_taskflow_operators.py for tasks to queue
[2024-08-25T10:01:42.951+0000] {logging_mixin.py:154} INFO - [2024-08-25T10:01:42.950+0000] {dagbag.py:536} INFO - Filling up the DagBag from /home/airflow/.local/lib/python3.8/site-packages/airflow/example_dags/example_dynamic_task_mapping_with_no_taskflow_operators.py
[2024-08-25T10:01:42.958+0000] {processor.py:839} INFO - DAG(s) dict_keys(['example_dynamic_task_mapping_with_no_taskflow_operators']) retrieved from /home/airflow/.local/lib/python3.8/site-packages/airflow/example_dags/example_dynamic_task_mapping_with_no_taskflow_operators.py
[2024-08-25T10:01:42.986+0000] {logging_mixin.py:154} INFO - [2024-08-25T10:01:42.986+0000] {dag.py:2941} INFO - Sync 1 DAGs
[2024-08-25T10:01:43.013+0000] {logging_mixin.py:154} INFO - [2024-08-25T10:01:43.013+0000] {dag.py:3722} INFO - Setting next_dagrun for example_dynamic_task_mapping_with_no_taskflow_operators to 2024-08-24T10:01:43.013319+00:00, run_after=2024-08-25T10:01:43.013319+00:00
[2024-08-25T10:01:43.030+0000] {processor.py:179} INFO - Processing /home/airflow/.local/lib/python3.8/site-packages/airflow/example_dags/example_dynamic_task_mapping_with_no_taskflow_operators.py took 0.087 seconds
[2024-08-25T10:02:13.354+0000] {processor.py:157} INFO - Started process (PID=214) to work on /home/airflow/.local/lib/python3.8/site-packages/airflow/example_dags/example_dynamic_task_mapping_with_no_taskflow_operators.py
[2024-08-25T10:02:13.355+0000] {processor.py:829} INFO - Processing file /home/airflow/.local/lib/python3.8/site-packages/airflow/example_dags/example_dynamic_task_mapping_with_no_taskflow_operators.py for tasks to queue
[2024-08-25T10:02:13.356+0000] {logging_mixin.py:154} INFO - [2024-08-25T10:02:13.356+0000] {dagbag.py:536} INFO - Filling up the DagBag from /home/airflow/.local/lib/python3.8/site-packages/airflow/example_dags/example_dynamic_task_mapping_with_no_taskflow_operators.py
[2024-08-25T10:02:13.362+0000] {processor.py:839} INFO - DAG(s) dict_keys(['example_dynamic_task_mapping_with_no_taskflow_operators']) retrieved from /home/airflow/.local/lib/python3.8/site-packages/airflow/example_dags/example_dynamic_task_mapping_with_no_taskflow_operators.py
[2024-08-25T10:02:13.379+0000] {logging_mixin.py:154} INFO - [2024-08-25T10:02:13.379+0000] {dag.py:2941} INFO - Sync 1 DAGs
[2024-08-25T10:02:13.400+0000] {logging_mixin.py:154} INFO - [2024-08-25T10:02:13.399+0000] {dag.py:3722} INFO - Setting next_dagrun for example_dynamic_task_mapping_with_no_taskflow_operators to 2024-08-24T10:02:13.399558+00:00, run_after=2024-08-25T10:02:13.399558+00:00
[2024-08-25T10:02:13.416+0000] {processor.py:179} INFO - Processing /home/airflow/.local/lib/python3.8/site-packages/airflow/example_dags/example_dynamic_task_mapping_with_no_taskflow_operators.py took 0.065 seconds
