[2024-08-25T10:01:12.196+0000] {processor.py:157} INFO - Started process (PID=84) to work on /home/airflow/.local/lib/python3.8/site-packages/airflow/example_dags/example_params_trigger_ui.py
[2024-08-25T10:01:12.197+0000] {processor.py:829} INFO - Processing file /home/airflow/.local/lib/python3.8/site-packages/airflow/example_dags/example_params_trigger_ui.py for tasks to queue
[2024-08-25T10:01:12.199+0000] {logging_mixin.py:154} INFO - [2024-08-25T10:01:12.199+0000] {dagbag.py:536} INFO - Filling up the DagBag from /home/airflow/.local/lib/python3.8/site-packages/airflow/example_dags/example_params_trigger_ui.py
[2024-08-25T10:01:12.214+0000] {processor.py:839} INFO - DAG(s) dict_keys(['example_params_trigger_ui']) retrieved from /home/airflow/.local/lib/python3.8/site-packages/airflow/example_dags/example_params_trigger_ui.py
[2024-08-25T10:01:12.263+0000] {logging_mixin.py:154} INFO - [2024-08-25T10:01:12.263+0000] {dag.py:2941} INFO - Sync 1 DAGs
[2024-08-25T10:01:12.274+0000] {logging_mixin.py:154} INFO - [2024-08-25T10:01:12.274+0000] {dag.py:3722} INFO - Setting next_dagrun for example_params_trigger_ui to None, run_after=None
[2024-08-25T10:01:12.293+0000] {processor.py:179} INFO - Processing /home/airflow/.local/lib/python3.8/site-packages/airflow/example_dags/example_params_trigger_ui.py took 0.100 seconds
[2024-08-25T10:01:43.470+0000] {processor.py:157} INFO - Started process (PID=158) to work on /home/airflow/.local/lib/python3.8/site-packages/airflow/example_dags/example_params_trigger_ui.py
[2024-08-25T10:01:43.471+0000] {processor.py:829} INFO - Processing file /home/airflow/.local/lib/python3.8/site-packages/airflow/example_dags/example_params_trigger_ui.py for tasks to queue
[2024-08-25T10:01:43.473+0000] {logging_mixin.py:154} INFO - [2024-08-25T10:01:43.473+0000] {dagbag.py:536} INFO - Filling up the DagBag from /home/airflow/.local/lib/python3.8/site-packages/airflow/example_dags/example_params_trigger_ui.py
[2024-08-25T10:01:43.496+0000] {processor.py:839} INFO - DAG(s) dict_keys(['example_params_trigger_ui']) retrieved from /home/airflow/.local/lib/python3.8/site-packages/airflow/example_dags/example_params_trigger_ui.py
[2024-08-25T10:01:43.557+0000] {logging_mixin.py:154} INFO - [2024-08-25T10:01:43.556+0000] {dag.py:2941} INFO - Sync 1 DAGs
[2024-08-25T10:01:43.568+0000] {logging_mixin.py:154} INFO - [2024-08-25T10:01:43.568+0000] {dag.py:3722} INFO - Setting next_dagrun for example_params_trigger_ui to None, run_after=None
[2024-08-25T10:01:43.586+0000] {processor.py:179} INFO - Processing /home/airflow/.local/lib/python3.8/site-packages/airflow/example_dags/example_params_trigger_ui.py took 0.120 seconds
[2024-08-25T10:02:13.987+0000] {processor.py:157} INFO - Started process (PID=225) to work on /home/airflow/.local/lib/python3.8/site-packages/airflow/example_dags/example_params_trigger_ui.py
[2024-08-25T10:02:13.988+0000] {processor.py:829} INFO - Processing file /home/airflow/.local/lib/python3.8/site-packages/airflow/example_dags/example_params_trigger_ui.py for tasks to queue
[2024-08-25T10:02:13.990+0000] {logging_mixin.py:154} INFO - [2024-08-25T10:02:13.990+0000] {dagbag.py:536} INFO - Filling up the DagBag from /home/airflow/.local/lib/python3.8/site-packages/airflow/example_dags/example_params_trigger_ui.py
[2024-08-25T10:02:14.004+0000] {processor.py:839} INFO - DAG(s) dict_keys(['example_params_trigger_ui']) retrieved from /home/airflow/.local/lib/python3.8/site-packages/airflow/example_dags/example_params_trigger_ui.py
[2024-08-25T10:02:14.057+0000] {logging_mixin.py:154} INFO - [2024-08-25T10:02:14.057+0000] {dag.py:2941} INFO - Sync 1 DAGs
[2024-08-25T10:02:14.069+0000] {logging_mixin.py:154} INFO - [2024-08-25T10:02:14.068+0000] {dag.py:3722} INFO - Setting next_dagrun for example_params_trigger_ui to None, run_after=None
[2024-08-25T10:02:14.088+0000] {processor.py:179} INFO - Processing /home/airflow/.local/lib/python3.8/site-packages/airflow/example_dags/example_params_trigger_ui.py took 0.104 seconds
