[2024-08-25T10:01:12.489+0000] {processor.py:157} INFO - Started process (PID=90) to work on /home/airflow/.local/lib/python3.8/site-packages/airflow/example_dags/example_bash_operator.py
[2024-08-25T10:01:12.490+0000] {processor.py:829} INFO - Processing file /home/airflow/.local/lib/python3.8/site-packages/airflow/example_dags/example_bash_operator.py for tasks to queue
[2024-08-25T10:01:12.492+0000] {logging_mixin.py:154} INFO - [2024-08-25T10:01:12.492+0000] {dagbag.py:536} INFO - Filling up the DagBag from /home/airflow/.local/lib/python3.8/site-packages/airflow/example_dags/example_bash_operator.py
[2024-08-25T10:01:12.503+0000] {processor.py:839} INFO - DAG(s) dict_keys(['example_bash_operator']) retrieved from /home/airflow/.local/lib/python3.8/site-packages/airflow/example_dags/example_bash_operator.py
[2024-08-25T10:01:12.531+0000] {logging_mixin.py:154} INFO - [2024-08-25T10:01:12.531+0000] {dag.py:2941} INFO - Sync 1 DAGs
[2024-08-25T10:01:12.554+0000] {logging_mixin.py:154} INFO - [2024-08-25T10:01:12.553+0000] {dag.py:3722} INFO - Setting next_dagrun for example_bash_operator to 2024-08-24T00:00:00+00:00, run_after=2024-08-25T00:00:00+00:00
[2024-08-25T10:01:12.570+0000] {processor.py:179} INFO - Processing /home/airflow/.local/lib/python3.8/site-packages/airflow/example_dags/example_bash_operator.py took 0.084 seconds
[2024-08-25T10:01:43.817+0000] {processor.py:157} INFO - Started process (PID=164) to work on /home/airflow/.local/lib/python3.8/site-packages/airflow/example_dags/example_bash_operator.py
[2024-08-25T10:01:43.818+0000] {processor.py:829} INFO - Processing file /home/airflow/.local/lib/python3.8/site-packages/airflow/example_dags/example_bash_operator.py for tasks to queue
[2024-08-25T10:01:43.820+0000] {logging_mixin.py:154} INFO - [2024-08-25T10:01:43.820+0000] {dagbag.py:536} INFO - Filling up the DagBag from /home/airflow/.local/lib/python3.8/site-packages/airflow/example_dags/example_bash_operator.py
[2024-08-25T10:01:43.834+0000] {processor.py:839} INFO - DAG(s) dict_keys(['example_bash_operator']) retrieved from /home/airflow/.local/lib/python3.8/site-packages/airflow/example_dags/example_bash_operator.py
[2024-08-25T10:01:43.871+0000] {logging_mixin.py:154} INFO - [2024-08-25T10:01:43.871+0000] {dag.py:2941} INFO - Sync 1 DAGs
[2024-08-25T10:01:43.901+0000] {logging_mixin.py:154} INFO - [2024-08-25T10:01:43.901+0000] {dag.py:3722} INFO - Setting next_dagrun for example_bash_operator to 2024-08-24T00:00:00+00:00, run_after=2024-08-25T00:00:00+00:00
[2024-08-25T10:01:43.924+0000] {processor.py:179} INFO - Processing /home/airflow/.local/lib/python3.8/site-packages/airflow/example_dags/example_bash_operator.py took 0.111 seconds
[2024-08-25T10:02:14.285+0000] {processor.py:157} INFO - Started process (PID=230) to work on /home/airflow/.local/lib/python3.8/site-packages/airflow/example_dags/example_bash_operator.py
[2024-08-25T10:02:14.286+0000] {processor.py:829} INFO - Processing file /home/airflow/.local/lib/python3.8/site-packages/airflow/example_dags/example_bash_operator.py for tasks to queue
[2024-08-25T10:02:14.288+0000] {logging_mixin.py:154} INFO - [2024-08-25T10:02:14.288+0000] {dagbag.py:536} INFO - Filling up the DagBag from /home/airflow/.local/lib/python3.8/site-packages/airflow/example_dags/example_bash_operator.py
[2024-08-25T10:02:14.304+0000] {processor.py:839} INFO - DAG(s) dict_keys(['example_bash_operator']) retrieved from /home/airflow/.local/lib/python3.8/site-packages/airflow/example_dags/example_bash_operator.py
[2024-08-25T10:02:14.336+0000] {logging_mixin.py:154} INFO - [2024-08-25T10:02:14.336+0000] {dag.py:2941} INFO - Sync 1 DAGs
[2024-08-25T10:02:14.369+0000] {logging_mixin.py:154} INFO - [2024-08-25T10:02:14.369+0000] {dag.py:3722} INFO - Setting next_dagrun for example_bash_operator to 2024-08-24T00:00:00+00:00, run_after=2024-08-25T00:00:00+00:00
[2024-08-25T10:02:14.388+0000] {processor.py:179} INFO - Processing /home/airflow/.local/lib/python3.8/site-packages/airflow/example_dags/example_bash_operator.py took 0.108 seconds
