[2024-08-25T10:01:12.294+0000] {processor.py:157} INFO - Started process (PID=86) to work on /home/airflow/.local/lib/python3.8/site-packages/airflow/example_dags/example_setup_teardown.py
[2024-08-25T10:01:12.295+0000] {processor.py:829} INFO - Processing file /home/airflow/.local/lib/python3.8/site-packages/airflow/example_dags/example_setup_teardown.py for tasks to queue
[2024-08-25T10:01:12.297+0000] {logging_mixin.py:154} INFO - [2024-08-25T10:01:12.297+0000] {dagbag.py:536} INFO - Filling up the DagBag from /home/airflow/.local/lib/python3.8/site-packages/airflow/example_dags/example_setup_teardown.py
[2024-08-25T10:01:12.303+0000] {processor.py:839} INFO - DAG(s) dict_keys(['example_setup_teardown']) retrieved from /home/airflow/.local/lib/python3.8/site-packages/airflow/example_dags/example_setup_teardown.py
[2024-08-25T10:01:12.323+0000] {logging_mixin.py:154} INFO - [2024-08-25T10:01:12.322+0000] {dag.py:2941} INFO - Sync 1 DAGs
[2024-08-25T10:01:12.341+0000] {logging_mixin.py:154} INFO - [2024-08-25T10:01:12.341+0000] {dag.py:3722} INFO - Setting next_dagrun for example_setup_teardown to 2024-08-24T10:01:12.341359+00:00, run_after=2024-08-25T10:01:12.341359+00:00
[2024-08-25T10:01:12.358+0000] {processor.py:179} INFO - Processing /home/airflow/.local/lib/python3.8/site-packages/airflow/example_dags/example_setup_teardown.py took 0.066 seconds
[2024-08-25T10:01:43.598+0000] {processor.py:157} INFO - Started process (PID=160) to work on /home/airflow/.local/lib/python3.8/site-packages/airflow/example_dags/example_setup_teardown.py
[2024-08-25T10:01:43.599+0000] {processor.py:829} INFO - Processing file /home/airflow/.local/lib/python3.8/site-packages/airflow/example_dags/example_setup_teardown.py for tasks to queue
[2024-08-25T10:01:43.602+0000] {logging_mixin.py:154} INFO - [2024-08-25T10:01:43.601+0000] {dagbag.py:536} INFO - Filling up the DagBag from /home/airflow/.local/lib/python3.8/site-packages/airflow/example_dags/example_setup_teardown.py
[2024-08-25T10:01:43.609+0000] {processor.py:839} INFO - DAG(s) dict_keys(['example_setup_teardown']) retrieved from /home/airflow/.local/lib/python3.8/site-packages/airflow/example_dags/example_setup_teardown.py
[2024-08-25T10:01:43.627+0000] {logging_mixin.py:154} INFO - [2024-08-25T10:01:43.627+0000] {dag.py:2941} INFO - Sync 1 DAGs
[2024-08-25T10:01:43.648+0000] {logging_mixin.py:154} INFO - [2024-08-25T10:01:43.648+0000] {dag.py:3722} INFO - Setting next_dagrun for example_setup_teardown to 2024-08-24T10:01:43.648475+00:00, run_after=2024-08-25T10:01:43.648475+00:00
[2024-08-25T10:01:43.666+0000] {processor.py:179} INFO - Processing /home/airflow/.local/lib/python3.8/site-packages/airflow/example_dags/example_setup_teardown.py took 0.070 seconds
[2024-08-25T10:02:14.060+0000] {processor.py:157} INFO - Started process (PID=226) to work on /home/airflow/.local/lib/python3.8/site-packages/airflow/example_dags/example_setup_teardown.py
[2024-08-25T10:02:14.061+0000] {processor.py:829} INFO - Processing file /home/airflow/.local/lib/python3.8/site-packages/airflow/example_dags/example_setup_teardown.py for tasks to queue
[2024-08-25T10:02:14.063+0000] {logging_mixin.py:154} INFO - [2024-08-25T10:02:14.062+0000] {dagbag.py:536} INFO - Filling up the DagBag from /home/airflow/.local/lib/python3.8/site-packages/airflow/example_dags/example_setup_teardown.py
[2024-08-25T10:02:14.069+0000] {processor.py:839} INFO - DAG(s) dict_keys(['example_setup_teardown']) retrieved from /home/airflow/.local/lib/python3.8/site-packages/airflow/example_dags/example_setup_teardown.py
[2024-08-25T10:02:14.094+0000] {logging_mixin.py:154} INFO - [2024-08-25T10:02:14.094+0000] {dag.py:2941} INFO - Sync 1 DAGs
[2024-08-25T10:02:14.124+0000] {logging_mixin.py:154} INFO - [2024-08-25T10:02:14.124+0000] {dag.py:3722} INFO - Setting next_dagrun for example_setup_teardown to 2024-08-24T10:02:14.123916+00:00, run_after=2024-08-25T10:02:14.123916+00:00
[2024-08-25T10:02:14.146+0000] {processor.py:179} INFO - Processing /home/airflow/.local/lib/python3.8/site-packages/airflow/example_dags/example_setup_teardown.py took 0.090 seconds
