[2024-08-25T10:01:11.127+0000] {processor.py:157} INFO - Started process (PID=66) to work on /home/airflow/.local/lib/python3.8/site-packages/airflow/example_dags/example_branch_datetime_operator.py
[2024-08-25T10:01:11.128+0000] {processor.py:829} INFO - Processing file /home/airflow/.local/lib/python3.8/site-packages/airflow/example_dags/example_branch_datetime_operator.py for tasks to queue
[2024-08-25T10:01:11.130+0000] {logging_mixin.py:154} INFO - [2024-08-25T10:01:11.129+0000] {dagbag.py:536} INFO - Filling up the DagBag from /home/airflow/.local/lib/python3.8/site-packages/airflow/example_dags/example_branch_datetime_operator.py
[2024-08-25T10:01:11.139+0000] {processor.py:839} INFO - DAG(s) dict_keys(['example_branch_datetime_operator_3', 'example_branch_datetime_operator', 'example_branch_datetime_operator_2']) retrieved from /home/airflow/.local/lib/python3.8/site-packages/airflow/example_dags/example_branch_datetime_operator.py
[2024-08-25T10:01:11.177+0000] {logging_mixin.py:154} INFO - [2024-08-25T10:01:11.176+0000] {dag.py:2941} INFO - Sync 3 DAGs
[2024-08-25T10:01:11.206+0000] {logging_mixin.py:154} INFO - [2024-08-25T10:01:11.206+0000] {dag.py:3722} INFO - Setting next_dagrun for example_branch_datetime_operator to 2024-08-24T00:00:00+00:00, run_after=2024-08-25T00:00:00+00:00
[2024-08-25T10:01:11.214+0000] {logging_mixin.py:154} INFO - [2024-08-25T10:01:11.214+0000] {dag.py:3722} INFO - Setting next_dagrun for example_branch_datetime_operator_2 to 2024-08-24T00:00:00+00:00, run_after=2024-08-25T00:00:00+00:00
[2024-08-25T10:01:11.219+0000] {logging_mixin.py:154} INFO - [2024-08-25T10:01:11.218+0000] {dag.py:3722} INFO - Setting next_dagrun for example_branch_datetime_operator_3 to 2024-08-24T00:00:00+00:00, run_after=2024-08-25T00:00:00+00:00
[2024-08-25T10:01:11.235+0000] {processor.py:179} INFO - Processing /home/airflow/.local/lib/python3.8/site-packages/airflow/example_dags/example_branch_datetime_operator.py took 0.111 seconds
[2024-08-25T10:01:42.210+0000] {processor.py:157} INFO - Started process (PID=140) to work on /home/airflow/.local/lib/python3.8/site-packages/airflow/example_dags/example_branch_datetime_operator.py
[2024-08-25T10:01:42.211+0000] {processor.py:829} INFO - Processing file /home/airflow/.local/lib/python3.8/site-packages/airflow/example_dags/example_branch_datetime_operator.py for tasks to queue
[2024-08-25T10:01:42.214+0000] {logging_mixin.py:154} INFO - [2024-08-25T10:01:42.213+0000] {dagbag.py:536} INFO - Filling up the DagBag from /home/airflow/.local/lib/python3.8/site-packages/airflow/example_dags/example_branch_datetime_operator.py
[2024-08-25T10:01:42.227+0000] {processor.py:839} INFO - DAG(s) dict_keys(['example_branch_datetime_operator_3', 'example_branch_datetime_operator', 'example_branch_datetime_operator_2']) retrieved from /home/airflow/.local/lib/python3.8/site-packages/airflow/example_dags/example_branch_datetime_operator.py
[2024-08-25T10:01:42.263+0000] {logging_mixin.py:154} INFO - [2024-08-25T10:01:42.262+0000] {dag.py:2941} INFO - Sync 3 DAGs
[2024-08-25T10:01:42.290+0000] {logging_mixin.py:154} INFO - [2024-08-25T10:01:42.290+0000] {dag.py:3722} INFO - Setting next_dagrun for example_branch_datetime_operator to 2024-08-24T00:00:00+00:00, run_after=2024-08-25T00:00:00+00:00
[2024-08-25T10:01:42.296+0000] {logging_mixin.py:154} INFO - [2024-08-25T10:01:42.296+0000] {dag.py:3722} INFO - Setting next_dagrun for example_branch_datetime_operator_2 to 2024-08-24T00:00:00+00:00, run_after=2024-08-25T00:00:00+00:00
[2024-08-25T10:01:42.300+0000] {logging_mixin.py:154} INFO - [2024-08-25T10:01:42.300+0000] {dag.py:3722} INFO - Setting next_dagrun for example_branch_datetime_operator_3 to 2024-08-24T00:00:00+00:00, run_after=2024-08-25T00:00:00+00:00
[2024-08-25T10:01:42.318+0000] {processor.py:179} INFO - Processing /home/airflow/.local/lib/python3.8/site-packages/airflow/example_dags/example_branch_datetime_operator.py took 0.112 seconds
[2024-08-25T10:02:12.879+0000] {processor.py:157} INFO - Started process (PID=206) to work on /home/airflow/.local/lib/python3.8/site-packages/airflow/example_dags/example_branch_datetime_operator.py
[2024-08-25T10:02:12.881+0000] {processor.py:829} INFO - Processing file /home/airflow/.local/lib/python3.8/site-packages/airflow/example_dags/example_branch_datetime_operator.py for tasks to queue
[2024-08-25T10:02:12.885+0000] {logging_mixin.py:154} INFO - [2024-08-25T10:02:12.884+0000] {dagbag.py:536} INFO - Filling up the DagBag from /home/airflow/.local/lib/python3.8/site-packages/airflow/example_dags/example_branch_datetime_operator.py
[2024-08-25T10:02:12.903+0000] {processor.py:839} INFO - DAG(s) dict_keys(['example_branch_datetime_operator', 'example_branch_datetime_operator_2', 'example_branch_datetime_operator_3']) retrieved from /home/airflow/.local/lib/python3.8/site-packages/airflow/example_dags/example_branch_datetime_operator.py
[2024-08-25T10:02:12.935+0000] {logging_mixin.py:154} INFO - [2024-08-25T10:02:12.934+0000] {dag.py:2941} INFO - Sync 3 DAGs
[2024-08-25T10:02:12.963+0000] {logging_mixin.py:154} INFO - [2024-08-25T10:02:12.963+0000] {dag.py:3722} INFO - Setting next_dagrun for example_branch_datetime_operator to 2024-08-24T00:00:00+00:00, run_after=2024-08-25T00:00:00+00:00
[2024-08-25T10:02:12.969+0000] {logging_mixin.py:154} INFO - [2024-08-25T10:02:12.969+0000] {dag.py:3722} INFO - Setting next_dagrun for example_branch_datetime_operator_2 to 2024-08-24T00:00:00+00:00, run_after=2024-08-25T00:00:00+00:00
[2024-08-25T10:02:12.972+0000] {logging_mixin.py:154} INFO - [2024-08-25T10:02:12.972+0000] {dag.py:3722} INFO - Setting next_dagrun for example_branch_datetime_operator_3 to 2024-08-24T00:00:00+00:00, run_after=2024-08-25T00:00:00+00:00
[2024-08-25T10:02:12.989+0000] {processor.py:179} INFO - Processing /home/airflow/.local/lib/python3.8/site-packages/airflow/example_dags/example_branch_datetime_operator.py took 0.115 seconds
