[2024-08-25T10:01:12.205+0000] {processor.py:157} INFO - Started process (PID=85) to work on /home/airflow/.local/lib/python3.8/site-packages/airflow/example_dags/example_branch_day_of_week_operator.py
[2024-08-25T10:01:12.207+0000] {processor.py:829} INFO - Processing file /home/airflow/.local/lib/python3.8/site-packages/airflow/example_dags/example_branch_day_of_week_operator.py for tasks to queue
[2024-08-25T10:01:12.209+0000] {logging_mixin.py:154} INFO - [2024-08-25T10:01:12.208+0000] {dagbag.py:536} INFO - Filling up the DagBag from /home/airflow/.local/lib/python3.8/site-packages/airflow/example_dags/example_branch_day_of_week_operator.py
[2024-08-25T10:01:12.215+0000] {processor.py:839} INFO - DAG(s) dict_keys(['example_weekday_branch_operator']) retrieved from /home/airflow/.local/lib/python3.8/site-packages/airflow/example_dags/example_branch_day_of_week_operator.py
[2024-08-25T10:01:12.234+0000] {logging_mixin.py:154} INFO - [2024-08-25T10:01:12.234+0000] {dag.py:2941} INFO - Sync 1 DAGs
[2024-08-25T10:01:12.254+0000] {logging_mixin.py:154} INFO - [2024-08-25T10:01:12.254+0000] {dag.py:3722} INFO - Setting next_dagrun for example_weekday_branch_operator to 2024-08-24T00:00:00+00:00, run_after=2024-08-25T00:00:00+00:00
[2024-08-25T10:01:12.271+0000] {processor.py:179} INFO - Processing /home/airflow/.local/lib/python3.8/site-packages/airflow/example_dags/example_branch_day_of_week_operator.py took 0.068 seconds
[2024-08-25T10:01:43.502+0000] {processor.py:157} INFO - Started process (PID=159) to work on /home/airflow/.local/lib/python3.8/site-packages/airflow/example_dags/example_branch_day_of_week_operator.py
[2024-08-25T10:01:43.503+0000] {processor.py:829} INFO - Processing file /home/airflow/.local/lib/python3.8/site-packages/airflow/example_dags/example_branch_day_of_week_operator.py for tasks to queue
[2024-08-25T10:01:43.506+0000] {logging_mixin.py:154} INFO - [2024-08-25T10:01:43.505+0000] {dagbag.py:536} INFO - Filling up the DagBag from /home/airflow/.local/lib/python3.8/site-packages/airflow/example_dags/example_branch_day_of_week_operator.py
[2024-08-25T10:01:43.514+0000] {processor.py:839} INFO - DAG(s) dict_keys(['example_weekday_branch_operator']) retrieved from /home/airflow/.local/lib/python3.8/site-packages/airflow/example_dags/example_branch_day_of_week_operator.py
[2024-08-25T10:01:43.535+0000] {logging_mixin.py:154} INFO - [2024-08-25T10:01:43.535+0000] {dag.py:2941} INFO - Sync 1 DAGs
[2024-08-25T10:01:43.558+0000] {logging_mixin.py:154} INFO - [2024-08-25T10:01:43.558+0000] {dag.py:3722} INFO - Setting next_dagrun for example_weekday_branch_operator to 2024-08-24T00:00:00+00:00, run_after=2024-08-25T00:00:00+00:00
[2024-08-25T10:01:43.576+0000] {processor.py:179} INFO - Processing /home/airflow/.local/lib/python3.8/site-packages/airflow/example_dags/example_branch_day_of_week_operator.py took 0.079 seconds
[2024-08-25T10:02:13.970+0000] {processor.py:157} INFO - Started process (PID=224) to work on /home/airflow/.local/lib/python3.8/site-packages/airflow/example_dags/example_branch_day_of_week_operator.py
[2024-08-25T10:02:13.971+0000] {processor.py:829} INFO - Processing file /home/airflow/.local/lib/python3.8/site-packages/airflow/example_dags/example_branch_day_of_week_operator.py for tasks to queue
[2024-08-25T10:02:13.973+0000] {logging_mixin.py:154} INFO - [2024-08-25T10:02:13.973+0000] {dagbag.py:536} INFO - Filling up the DagBag from /home/airflow/.local/lib/python3.8/site-packages/airflow/example_dags/example_branch_day_of_week_operator.py
[2024-08-25T10:02:13.980+0000] {processor.py:839} INFO - DAG(s) dict_keys(['example_weekday_branch_operator']) retrieved from /home/airflow/.local/lib/python3.8/site-packages/airflow/example_dags/example_branch_day_of_week_operator.py
[2024-08-25T10:02:13.998+0000] {logging_mixin.py:154} INFO - [2024-08-25T10:02:13.998+0000] {dag.py:2941} INFO - Sync 1 DAGs
[2024-08-25T10:02:14.020+0000] {logging_mixin.py:154} INFO - [2024-08-25T10:02:14.020+0000] {dag.py:3722} INFO - Setting next_dagrun for example_weekday_branch_operator to 2024-08-24T00:00:00+00:00, run_after=2024-08-25T00:00:00+00:00
[2024-08-25T10:02:14.037+0000] {processor.py:179} INFO - Processing /home/airflow/.local/lib/python3.8/site-packages/airflow/example_dags/example_branch_day_of_week_operator.py took 0.069 seconds
