[2024-08-25T10:01:12.598+0000] {processor.py:157} INFO - Started process (PID=92) to work on /home/airflow/.local/lib/python3.8/site-packages/airflow/example_dags/example_kubernetes_executor.py
[2024-08-25T10:01:12.599+0000] {processor.py:829} INFO - Processing file /home/airflow/.local/lib/python3.8/site-packages/airflow/example_dags/example_kubernetes_executor.py for tasks to queue
[2024-08-25T10:01:12.601+0000] {logging_mixin.py:154} INFO - [2024-08-25T10:01:12.601+0000] {dagbag.py:536} INFO - Filling up the DagBag from /home/airflow/.local/lib/python3.8/site-packages/airflow/example_dags/example_kubernetes_executor.py
[2024-08-25T10:01:12.612+0000] {processor.py:839} INFO - DAG(s) dict_keys(['example_kubernetes_executor']) retrieved from /home/airflow/.local/lib/python3.8/site-packages/airflow/example_dags/example_kubernetes_executor.py
[2024-08-25T10:01:12.641+0000] {logging_mixin.py:154} INFO - [2024-08-25T10:01:12.640+0000] {dag.py:2941} INFO - Sync 1 DAGs
[2024-08-25T10:01:12.651+0000] {logging_mixin.py:154} INFO - [2024-08-25T10:01:12.651+0000] {dag.py:3722} INFO - Setting next_dagrun for example_kubernetes_executor to None, run_after=None
[2024-08-25T10:01:12.668+0000] {processor.py:179} INFO - Processing /home/airflow/.local/lib/python3.8/site-packages/airflow/example_dags/example_kubernetes_executor.py took 0.073 seconds
[2024-08-25T10:01:43.948+0000] {processor.py:157} INFO - Started process (PID=166) to work on /home/airflow/.local/lib/python3.8/site-packages/airflow/example_dags/example_kubernetes_executor.py
[2024-08-25T10:01:43.949+0000] {processor.py:829} INFO - Processing file /home/airflow/.local/lib/python3.8/site-packages/airflow/example_dags/example_kubernetes_executor.py for tasks to queue
[2024-08-25T10:01:43.951+0000] {logging_mixin.py:154} INFO - [2024-08-25T10:01:43.951+0000] {dagbag.py:536} INFO - Filling up the DagBag from /home/airflow/.local/lib/python3.8/site-packages/airflow/example_dags/example_kubernetes_executor.py
[2024-08-25T10:01:43.965+0000] {processor.py:839} INFO - DAG(s) dict_keys(['example_kubernetes_executor']) retrieved from /home/airflow/.local/lib/python3.8/site-packages/airflow/example_dags/example_kubernetes_executor.py
[2024-08-25T10:01:43.996+0000] {logging_mixin.py:154} INFO - [2024-08-25T10:01:43.996+0000] {dag.py:2941} INFO - Sync 1 DAGs
[2024-08-25T10:01:44.008+0000] {logging_mixin.py:154} INFO - [2024-08-25T10:01:44.008+0000] {dag.py:3722} INFO - Setting next_dagrun for example_kubernetes_executor to None, run_after=None
[2024-08-25T10:01:44.027+0000] {processor.py:179} INFO - Processing /home/airflow/.local/lib/python3.8/site-packages/airflow/example_dags/example_kubernetes_executor.py took 0.082 seconds
[2024-08-25T10:02:14.414+0000] {processor.py:157} INFO - Started process (PID=232) to work on /home/airflow/.local/lib/python3.8/site-packages/airflow/example_dags/example_kubernetes_executor.py
[2024-08-25T10:02:14.415+0000] {processor.py:829} INFO - Processing file /home/airflow/.local/lib/python3.8/site-packages/airflow/example_dags/example_kubernetes_executor.py for tasks to queue
[2024-08-25T10:02:14.418+0000] {logging_mixin.py:154} INFO - [2024-08-25T10:02:14.417+0000] {dagbag.py:536} INFO - Filling up the DagBag from /home/airflow/.local/lib/python3.8/site-packages/airflow/example_dags/example_kubernetes_executor.py
[2024-08-25T10:02:14.430+0000] {processor.py:839} INFO - DAG(s) dict_keys(['example_kubernetes_executor']) retrieved from /home/airflow/.local/lib/python3.8/site-packages/airflow/example_dags/example_kubernetes_executor.py
[2024-08-25T10:02:14.463+0000] {logging_mixin.py:154} INFO - [2024-08-25T10:02:14.462+0000] {dag.py:2941} INFO - Sync 1 DAGs
[2024-08-25T10:02:14.475+0000] {logging_mixin.py:154} INFO - [2024-08-25T10:02:14.475+0000] {dag.py:3722} INFO - Setting next_dagrun for example_kubernetes_executor to None, run_after=None
[2024-08-25T10:02:14.492+0000] {processor.py:179} INFO - Processing /home/airflow/.local/lib/python3.8/site-packages/airflow/example_dags/example_kubernetes_executor.py took 0.081 seconds
