[2024-08-25T10:01:12.317+0000] {processor.py:157} INFO - Started process (PID=87) to work on /home/airflow/.local/lib/python3.8/site-packages/airflow/example_dags/example_setup_teardown_taskflow.py
[2024-08-25T10:01:12.318+0000] {processor.py:829} INFO - Processing file /home/airflow/.local/lib/python3.8/site-packages/airflow/example_dags/example_setup_teardown_taskflow.py for tasks to queue
[2024-08-25T10:01:12.320+0000] {logging_mixin.py:154} INFO - [2024-08-25T10:01:12.319+0000] {dagbag.py:536} INFO - Filling up the DagBag from /home/airflow/.local/lib/python3.8/site-packages/airflow/example_dags/example_setup_teardown_taskflow.py
[2024-08-25T10:01:12.327+0000] {processor.py:839} INFO - DAG(s) dict_keys(['example_setup_teardown_taskflow']) retrieved from /home/airflow/.local/lib/python3.8/site-packages/airflow/example_dags/example_setup_teardown_taskflow.py
[2024-08-25T10:01:12.348+0000] {logging_mixin.py:154} INFO - [2024-08-25T10:01:12.347+0000] {dag.py:2941} INFO - Sync 1 DAGs
[2024-08-25T10:01:12.367+0000] {logging_mixin.py:154} INFO - [2024-08-25T10:01:12.366+0000] {dag.py:3722} INFO - Setting next_dagrun for example_setup_teardown_taskflow to 2024-08-24T10:01:12.366629+00:00, run_after=2024-08-25T10:01:12.366629+00:00
[2024-08-25T10:01:12.385+0000] {processor.py:179} INFO - Processing /home/airflow/.local/lib/python3.8/site-packages/airflow/example_dags/example_setup_teardown_taskflow.py took 0.070 seconds
[2024-08-25T10:01:43.612+0000] {processor.py:157} INFO - Started process (PID=161) to work on /home/airflow/.local/lib/python3.8/site-packages/airflow/example_dags/example_setup_teardown_taskflow.py
[2024-08-25T10:01:43.613+0000] {processor.py:829} INFO - Processing file /home/airflow/.local/lib/python3.8/site-packages/airflow/example_dags/example_setup_teardown_taskflow.py for tasks to queue
[2024-08-25T10:01:43.615+0000] {logging_mixin.py:154} INFO - [2024-08-25T10:01:43.614+0000] {dagbag.py:536} INFO - Filling up the DagBag from /home/airflow/.local/lib/python3.8/site-packages/airflow/example_dags/example_setup_teardown_taskflow.py
[2024-08-25T10:01:43.623+0000] {processor.py:839} INFO - DAG(s) dict_keys(['example_setup_teardown_taskflow']) retrieved from /home/airflow/.local/lib/python3.8/site-packages/airflow/example_dags/example_setup_teardown_taskflow.py
[2024-08-25T10:01:43.644+0000] {logging_mixin.py:154} INFO - [2024-08-25T10:01:43.643+0000] {dag.py:2941} INFO - Sync 1 DAGs
[2024-08-25T10:01:43.664+0000] {logging_mixin.py:154} INFO - [2024-08-25T10:01:43.663+0000] {dag.py:3722} INFO - Setting next_dagrun for example_setup_teardown_taskflow to 2024-08-24T10:01:43.663659+00:00, run_after=2024-08-25T10:01:43.663659+00:00
[2024-08-25T10:01:43.681+0000] {processor.py:179} INFO - Processing /home/airflow/.local/lib/python3.8/site-packages/airflow/example_dags/example_setup_teardown_taskflow.py took 0.072 seconds
[2024-08-25T10:02:14.121+0000] {processor.py:157} INFO - Started process (PID=227) to work on /home/airflow/.local/lib/python3.8/site-packages/airflow/example_dags/example_setup_teardown_taskflow.py
[2024-08-25T10:02:14.122+0000] {processor.py:829} INFO - Processing file /home/airflow/.local/lib/python3.8/site-packages/airflow/example_dags/example_setup_teardown_taskflow.py for tasks to queue
[2024-08-25T10:02:14.124+0000] {logging_mixin.py:154} INFO - [2024-08-25T10:02:14.124+0000] {dagbag.py:536} INFO - Filling up the DagBag from /home/airflow/.local/lib/python3.8/site-packages/airflow/example_dags/example_setup_teardown_taskflow.py
[2024-08-25T10:02:14.136+0000] {processor.py:839} INFO - DAG(s) dict_keys(['example_setup_teardown_taskflow']) retrieved from /home/airflow/.local/lib/python3.8/site-packages/airflow/example_dags/example_setup_teardown_taskflow.py
[2024-08-25T10:02:14.157+0000] {logging_mixin.py:154} INFO - [2024-08-25T10:02:14.156+0000] {dag.py:2941} INFO - Sync 1 DAGs
[2024-08-25T10:02:14.177+0000] {logging_mixin.py:154} INFO - [2024-08-25T10:02:14.177+0000] {dag.py:3722} INFO - Setting next_dagrun for example_setup_teardown_taskflow to 2024-08-24T10:02:14.177306+00:00, run_after=2024-08-25T10:02:14.177306+00:00
[2024-08-25T10:02:14.195+0000] {processor.py:179} INFO - Processing /home/airflow/.local/lib/python3.8/site-packages/airflow/example_dags/example_setup_teardown_taskflow.py took 0.079 seconds
