[2024-08-25T10:01:11.281+0000] {processor.py:157} INFO - Started process (PID=69) to work on /home/airflow/.local/lib/python3.8/site-packages/airflow/example_dags/example_short_circuit_operator.py
[2024-08-25T10:01:11.282+0000] {processor.py:829} INFO - Processing file /home/airflow/.local/lib/python3.8/site-packages/airflow/example_dags/example_short_circuit_operator.py for tasks to queue
[2024-08-25T10:01:11.284+0000] {logging_mixin.py:154} INFO - [2024-08-25T10:01:11.283+0000] {dagbag.py:536} INFO - Filling up the DagBag from /home/airflow/.local/lib/python3.8/site-packages/airflow/example_dags/example_short_circuit_operator.py
[2024-08-25T10:01:11.293+0000] {processor.py:839} INFO - DAG(s) dict_keys(['example_short_circuit_operator']) retrieved from /home/airflow/.local/lib/python3.8/site-packages/airflow/example_dags/example_short_circuit_operator.py
[2024-08-25T10:01:11.320+0000] {logging_mixin.py:154} INFO - [2024-08-25T10:01:11.319+0000] {dag.py:2941} INFO - Sync 1 DAGs
[2024-08-25T10:01:11.343+0000] {logging_mixin.py:154} INFO - [2024-08-25T10:01:11.342+0000] {dag.py:3722} INFO - Setting next_dagrun for example_short_circuit_operator to 2024-08-24T10:01:11.342581+00:00, run_after=2024-08-25T10:01:11.342581+00:00
[2024-08-25T10:01:11.362+0000] {processor.py:179} INFO - Processing /home/airflow/.local/lib/python3.8/site-packages/airflow/example_dags/example_short_circuit_operator.py took 0.084 seconds
[2024-08-25T10:01:42.529+0000] {processor.py:157} INFO - Started process (PID=143) to work on /home/airflow/.local/lib/python3.8/site-packages/airflow/example_dags/example_short_circuit_operator.py
[2024-08-25T10:01:42.530+0000] {processor.py:829} INFO - Processing file /home/airflow/.local/lib/python3.8/site-packages/airflow/example_dags/example_short_circuit_operator.py for tasks to queue
[2024-08-25T10:01:42.532+0000] {logging_mixin.py:154} INFO - [2024-08-25T10:01:42.532+0000] {dagbag.py:536} INFO - Filling up the DagBag from /home/airflow/.local/lib/python3.8/site-packages/airflow/example_dags/example_short_circuit_operator.py
[2024-08-25T10:01:42.539+0000] {processor.py:839} INFO - DAG(s) dict_keys(['example_short_circuit_operator']) retrieved from /home/airflow/.local/lib/python3.8/site-packages/airflow/example_dags/example_short_circuit_operator.py
[2024-08-25T10:01:42.565+0000] {logging_mixin.py:154} INFO - [2024-08-25T10:01:42.565+0000] {dag.py:2941} INFO - Sync 1 DAGs
[2024-08-25T10:01:42.588+0000] {logging_mixin.py:154} INFO - [2024-08-25T10:01:42.588+0000] {dag.py:3722} INFO - Setting next_dagrun for example_short_circuit_operator to 2024-08-24T10:01:42.588012+00:00, run_after=2024-08-25T10:01:42.588012+00:00
[2024-08-25T10:01:42.615+0000] {processor.py:179} INFO - Processing /home/airflow/.local/lib/python3.8/site-packages/airflow/example_dags/example_short_circuit_operator.py took 0.089 seconds
[2024-08-25T10:02:13.044+0000] {processor.py:157} INFO - Started process (PID=209) to work on /home/airflow/.local/lib/python3.8/site-packages/airflow/example_dags/example_short_circuit_operator.py
[2024-08-25T10:02:13.045+0000] {processor.py:829} INFO - Processing file /home/airflow/.local/lib/python3.8/site-packages/airflow/example_dags/example_short_circuit_operator.py for tasks to queue
[2024-08-25T10:02:13.048+0000] {logging_mixin.py:154} INFO - [2024-08-25T10:02:13.047+0000] {dagbag.py:536} INFO - Filling up the DagBag from /home/airflow/.local/lib/python3.8/site-packages/airflow/example_dags/example_short_circuit_operator.py
[2024-08-25T10:02:13.054+0000] {processor.py:839} INFO - DAG(s) dict_keys(['example_short_circuit_operator']) retrieved from /home/airflow/.local/lib/python3.8/site-packages/airflow/example_dags/example_short_circuit_operator.py
[2024-08-25T10:02:13.075+0000] {logging_mixin.py:154} INFO - [2024-08-25T10:02:13.075+0000] {dag.py:2941} INFO - Sync 1 DAGs
[2024-08-25T10:02:13.097+0000] {logging_mixin.py:154} INFO - [2024-08-25T10:02:13.097+0000] {dag.py:3722} INFO - Setting next_dagrun for example_short_circuit_operator to 2024-08-24T10:02:13.096803+00:00, run_after=2024-08-25T10:02:13.096803+00:00
[2024-08-25T10:02:13.114+0000] {processor.py:179} INFO - Processing /home/airflow/.local/lib/python3.8/site-packages/airflow/example_dags/example_short_circuit_operator.py took 0.073 seconds
