[2024-08-25T10:01:11.184+0000] {processor.py:157} INFO - Started process (PID=67) to work on /home/airflow/.local/lib/python3.8/site-packages/airflow/example_dags/example_sensor_decorator.py
[2024-08-25T10:01:11.185+0000] {processor.py:829} INFO - Processing file /home/airflow/.local/lib/python3.8/site-packages/airflow/example_dags/example_sensor_decorator.py for tasks to queue
[2024-08-25T10:01:11.187+0000] {logging_mixin.py:154} INFO - [2024-08-25T10:01:11.187+0000] {dagbag.py:536} INFO - Filling up the DagBag from /home/airflow/.local/lib/python3.8/site-packages/airflow/example_dags/example_sensor_decorator.py
[2024-08-25T10:01:11.196+0000] {processor.py:839} INFO - DAG(s) dict_keys(['example_sensor_decorator']) retrieved from /home/airflow/.local/lib/python3.8/site-packages/airflow/example_dags/example_sensor_decorator.py
[2024-08-25T10:01:11.225+0000] {logging_mixin.py:154} INFO - [2024-08-25T10:01:11.224+0000] {dag.py:2941} INFO - Sync 1 DAGs
[2024-08-25T10:01:11.237+0000] {logging_mixin.py:154} INFO - [2024-08-25T10:01:11.236+0000] {dag.py:3722} INFO - Setting next_dagrun for example_sensor_decorator to None, run_after=None
[2024-08-25T10:01:11.256+0000] {processor.py:179} INFO - Processing /home/airflow/.local/lib/python3.8/site-packages/airflow/example_dags/example_sensor_decorator.py took 0.075 seconds
[2024-08-25T10:01:42.254+0000] {processor.py:157} INFO - Started process (PID=141) to work on /home/airflow/.local/lib/python3.8/site-packages/airflow/example_dags/example_sensor_decorator.py
[2024-08-25T10:01:42.255+0000] {processor.py:829} INFO - Processing file /home/airflow/.local/lib/python3.8/site-packages/airflow/example_dags/example_sensor_decorator.py for tasks to queue
[2024-08-25T10:01:42.258+0000] {logging_mixin.py:154} INFO - [2024-08-25T10:01:42.258+0000] {dagbag.py:536} INFO - Filling up the DagBag from /home/airflow/.local/lib/python3.8/site-packages/airflow/example_dags/example_sensor_decorator.py
[2024-08-25T10:01:42.264+0000] {processor.py:839} INFO - DAG(s) dict_keys(['example_sensor_decorator']) retrieved from /home/airflow/.local/lib/python3.8/site-packages/airflow/example_dags/example_sensor_decorator.py
[2024-08-25T10:01:42.286+0000] {logging_mixin.py:154} INFO - [2024-08-25T10:01:42.286+0000] {dag.py:2941} INFO - Sync 1 DAGs
[2024-08-25T10:01:42.301+0000] {logging_mixin.py:154} INFO - [2024-08-25T10:01:42.301+0000] {dag.py:3722} INFO - Setting next_dagrun for example_sensor_decorator to None, run_after=None
[2024-08-25T10:01:42.322+0000] {processor.py:179} INFO - Processing /home/airflow/.local/lib/python3.8/site-packages/airflow/example_dags/example_sensor_decorator.py took 0.071 seconds
[2024-08-25T10:02:12.958+0000] {processor.py:157} INFO - Started process (PID=207) to work on /home/airflow/.local/lib/python3.8/site-packages/airflow/example_dags/example_sensor_decorator.py
[2024-08-25T10:02:12.959+0000] {processor.py:829} INFO - Processing file /home/airflow/.local/lib/python3.8/site-packages/airflow/example_dags/example_sensor_decorator.py for tasks to queue
[2024-08-25T10:02:12.961+0000] {logging_mixin.py:154} INFO - [2024-08-25T10:02:12.961+0000] {dagbag.py:536} INFO - Filling up the DagBag from /home/airflow/.local/lib/python3.8/site-packages/airflow/example_dags/example_sensor_decorator.py
[2024-08-25T10:02:12.967+0000] {processor.py:839} INFO - DAG(s) dict_keys(['example_sensor_decorator']) retrieved from /home/airflow/.local/lib/python3.8/site-packages/airflow/example_dags/example_sensor_decorator.py
[2024-08-25T10:02:12.987+0000] {logging_mixin.py:154} INFO - [2024-08-25T10:02:12.986+0000] {dag.py:2941} INFO - Sync 1 DAGs
[2024-08-25T10:02:12.999+0000] {logging_mixin.py:154} INFO - [2024-08-25T10:02:12.999+0000] {dag.py:3722} INFO - Setting next_dagrun for example_sensor_decorator to None, run_after=None
[2024-08-25T10:02:13.019+0000] {processor.py:179} INFO - Processing /home/airflow/.local/lib/python3.8/site-packages/airflow/example_dags/example_sensor_decorator.py took 0.065 seconds
