[2024-08-25T10:01:10.799+0000] {processor.py:157} INFO - Started process (PID=60) to work on /home/airflow/.local/lib/python3.8/site-packages/airflow/example_dags/example_short_circuit_decorator.py
[2024-08-25T10:01:10.800+0000] {processor.py:829} INFO - Processing file /home/airflow/.local/lib/python3.8/site-packages/airflow/example_dags/example_short_circuit_decorator.py for tasks to queue
[2024-08-25T10:01:10.802+0000] {logging_mixin.py:154} INFO - [2024-08-25T10:01:10.802+0000] {dagbag.py:536} INFO - Filling up the DagBag from /home/airflow/.local/lib/python3.8/site-packages/airflow/example_dags/example_short_circuit_decorator.py
[2024-08-25T10:01:10.815+0000] {processor.py:839} INFO - DAG(s) dict_keys(['example_short_circuit_decorator']) retrieved from /home/airflow/.local/lib/python3.8/site-packages/airflow/example_dags/example_short_circuit_decorator.py
[2024-08-25T10:01:10.842+0000] {logging_mixin.py:154} INFO - [2024-08-25T10:01:10.842+0000] {dag.py:2941} INFO - Sync 1 DAGs
[2024-08-25T10:01:10.870+0000] {logging_mixin.py:154} INFO - [2024-08-25T10:01:10.870+0000] {dag.py:3722} INFO - Setting next_dagrun for example_short_circuit_decorator to 2024-08-24T10:01:10.870353+00:00, run_after=2024-08-25T10:01:10.870353+00:00
[2024-08-25T10:01:10.889+0000] {processor.py:179} INFO - Processing /home/airflow/.local/lib/python3.8/site-packages/airflow/example_dags/example_short_circuit_decorator.py took 0.095 seconds
[2024-08-25T10:01:41.845+0000] {processor.py:157} INFO - Started process (PID=134) to work on /home/airflow/.local/lib/python3.8/site-packages/airflow/example_dags/example_short_circuit_decorator.py
[2024-08-25T10:01:41.847+0000] {processor.py:829} INFO - Processing file /home/airflow/.local/lib/python3.8/site-packages/airflow/example_dags/example_short_circuit_decorator.py for tasks to queue
[2024-08-25T10:01:41.849+0000] {logging_mixin.py:154} INFO - [2024-08-25T10:01:41.849+0000] {dagbag.py:536} INFO - Filling up the DagBag from /home/airflow/.local/lib/python3.8/site-packages/airflow/example_dags/example_short_circuit_decorator.py
[2024-08-25T10:01:41.860+0000] {processor.py:839} INFO - DAG(s) dict_keys(['example_short_circuit_decorator']) retrieved from /home/airflow/.local/lib/python3.8/site-packages/airflow/example_dags/example_short_circuit_decorator.py
[2024-08-25T10:01:41.885+0000] {logging_mixin.py:154} INFO - [2024-08-25T10:01:41.884+0000] {dag.py:2941} INFO - Sync 1 DAGs
[2024-08-25T10:01:41.908+0000] {logging_mixin.py:154} INFO - [2024-08-25T10:01:41.907+0000] {dag.py:3722} INFO - Setting next_dagrun for example_short_circuit_decorator to 2024-08-24T10:01:41.907651+00:00, run_after=2024-08-25T10:01:41.907651+00:00
[2024-08-25T10:01:41.932+0000] {processor.py:179} INFO - Processing /home/airflow/.local/lib/python3.8/site-packages/airflow/example_dags/example_short_circuit_decorator.py took 0.089 seconds
[2024-08-25T10:02:12.560+0000] {processor.py:157} INFO - Started process (PID=200) to work on /home/airflow/.local/lib/python3.8/site-packages/airflow/example_dags/example_short_circuit_decorator.py
[2024-08-25T10:02:12.561+0000] {processor.py:829} INFO - Processing file /home/airflow/.local/lib/python3.8/site-packages/airflow/example_dags/example_short_circuit_decorator.py for tasks to queue
[2024-08-25T10:02:12.563+0000] {logging_mixin.py:154} INFO - [2024-08-25T10:02:12.563+0000] {dagbag.py:536} INFO - Filling up the DagBag from /home/airflow/.local/lib/python3.8/site-packages/airflow/example_dags/example_short_circuit_decorator.py
[2024-08-25T10:02:12.571+0000] {processor.py:839} INFO - DAG(s) dict_keys(['example_short_circuit_decorator']) retrieved from /home/airflow/.local/lib/python3.8/site-packages/airflow/example_dags/example_short_circuit_decorator.py
[2024-08-25T10:02:12.591+0000] {logging_mixin.py:154} INFO - [2024-08-25T10:02:12.591+0000] {dag.py:2941} INFO - Sync 1 DAGs
[2024-08-25T10:02:12.610+0000] {logging_mixin.py:154} INFO - [2024-08-25T10:02:12.610+0000] {dag.py:3722} INFO - Setting next_dagrun for example_short_circuit_decorator to 2024-08-24T10:02:12.609901+00:00, run_after=2024-08-25T10:02:12.609901+00:00
[2024-08-25T10:02:12.626+0000] {processor.py:179} INFO - Processing /home/airflow/.local/lib/python3.8/site-packages/airflow/example_dags/example_short_circuit_decorator.py took 0.069 seconds
