[2024-08-25T10:01:12.512+0000] {processor.py:157} INFO - Started process (PID=91) to work on /home/airflow/.local/lib/python3.8/site-packages/airflow/example_dags/example_external_task_marker_dag.py
[2024-08-25T10:01:12.513+0000] {processor.py:829} INFO - Processing file /home/airflow/.local/lib/python3.8/site-packages/airflow/example_dags/example_external_task_marker_dag.py for tasks to queue
[2024-08-25T10:01:12.514+0000] {logging_mixin.py:154} INFO - [2024-08-25T10:01:12.514+0000] {dagbag.py:536} INFO - Filling up the DagBag from /home/airflow/.local/lib/python3.8/site-packages/airflow/example_dags/example_external_task_marker_dag.py
[2024-08-25T10:01:12.519+0000] {processor.py:839} INFO - DAG(s) dict_keys(['example_external_task_marker_parent', 'example_external_task_marker_child']) retrieved from /home/airflow/.local/lib/python3.8/site-packages/airflow/example_dags/example_external_task_marker_dag.py
[2024-08-25T10:01:12.541+0000] {logging_mixin.py:154} INFO - [2024-08-25T10:01:12.541+0000] {dag.py:2941} INFO - Sync 2 DAGs
[2024-08-25T10:01:12.553+0000] {logging_mixin.py:154} INFO - [2024-08-25T10:01:12.553+0000] {dag.py:3722} INFO - Setting next_dagrun for example_external_task_marker_child to None, run_after=None
[2024-08-25T10:01:12.556+0000] {logging_mixin.py:154} INFO - [2024-08-25T10:01:12.556+0000] {dag.py:3722} INFO - Setting next_dagrun for example_external_task_marker_parent to None, run_after=None
[2024-08-25T10:01:12.571+0000] {processor.py:179} INFO - Processing /home/airflow/.local/lib/python3.8/site-packages/airflow/example_dags/example_external_task_marker_dag.py took 0.062 seconds
[2024-08-25T10:01:43.835+0000] {processor.py:157} INFO - Started process (PID=165) to work on /home/airflow/.local/lib/python3.8/site-packages/airflow/example_dags/example_external_task_marker_dag.py
[2024-08-25T10:01:43.836+0000] {processor.py:829} INFO - Processing file /home/airflow/.local/lib/python3.8/site-packages/airflow/example_dags/example_external_task_marker_dag.py for tasks to queue
[2024-08-25T10:01:43.838+0000] {logging_mixin.py:154} INFO - [2024-08-25T10:01:43.838+0000] {dagbag.py:536} INFO - Filling up the DagBag from /home/airflow/.local/lib/python3.8/site-packages/airflow/example_dags/example_external_task_marker_dag.py
[2024-08-25T10:01:43.846+0000] {processor.py:839} INFO - DAG(s) dict_keys(['example_external_task_marker_child', 'example_external_task_marker_parent']) retrieved from /home/airflow/.local/lib/python3.8/site-packages/airflow/example_dags/example_external_task_marker_dag.py
[2024-08-25T10:01:43.874+0000] {logging_mixin.py:154} INFO - [2024-08-25T10:01:43.874+0000] {dag.py:2941} INFO - Sync 2 DAGs
[2024-08-25T10:01:43.889+0000] {logging_mixin.py:154} INFO - [2024-08-25T10:01:43.889+0000] {dag.py:3722} INFO - Setting next_dagrun for example_external_task_marker_child to None, run_after=None
[2024-08-25T10:01:43.894+0000] {logging_mixin.py:154} INFO - [2024-08-25T10:01:43.894+0000] {dag.py:3722} INFO - Setting next_dagrun for example_external_task_marker_parent to None, run_after=None
[2024-08-25T10:01:43.914+0000] {processor.py:179} INFO - Processing /home/airflow/.local/lib/python3.8/site-packages/airflow/example_dags/example_external_task_marker_dag.py took 0.082 seconds
[2024-08-25T10:02:14.346+0000] {processor.py:157} INFO - Started process (PID=231) to work on /home/airflow/.local/lib/python3.8/site-packages/airflow/example_dags/example_external_task_marker_dag.py
[2024-08-25T10:02:14.347+0000] {processor.py:829} INFO - Processing file /home/airflow/.local/lib/python3.8/site-packages/airflow/example_dags/example_external_task_marker_dag.py for tasks to queue
[2024-08-25T10:02:14.350+0000] {logging_mixin.py:154} INFO - [2024-08-25T10:02:14.350+0000] {dagbag.py:536} INFO - Filling up the DagBag from /home/airflow/.local/lib/python3.8/site-packages/airflow/example_dags/example_external_task_marker_dag.py
[2024-08-25T10:02:14.357+0000] {processor.py:839} INFO - DAG(s) dict_keys(['example_external_task_marker_parent', 'example_external_task_marker_child']) retrieved from /home/airflow/.local/lib/python3.8/site-packages/airflow/example_dags/example_external_task_marker_dag.py
[2024-08-25T10:02:14.383+0000] {logging_mixin.py:154} INFO - [2024-08-25T10:02:14.383+0000] {dag.py:2941} INFO - Sync 2 DAGs
[2024-08-25T10:02:14.395+0000] {logging_mixin.py:154} INFO - [2024-08-25T10:02:14.395+0000] {dag.py:3722} INFO - Setting next_dagrun for example_external_task_marker_child to None, run_after=None
[2024-08-25T10:02:14.399+0000] {logging_mixin.py:154} INFO - [2024-08-25T10:02:14.398+0000] {dag.py:3722} INFO - Setting next_dagrun for example_external_task_marker_parent to None, run_after=None
[2024-08-25T10:02:14.413+0000] {processor.py:179} INFO - Processing /home/airflow/.local/lib/python3.8/site-packages/airflow/example_dags/example_external_task_marker_dag.py took 0.072 seconds
