[2024-08-25T10:01:12.382+0000] {processor.py:157} INFO - Started process (PID=88) to work on /home/airflow/.local/lib/python3.8/site-packages/airflow/example_dags/example_branch_operator.py
[2024-08-25T10:01:12.383+0000] {processor.py:829} INFO - Processing file /home/airflow/.local/lib/python3.8/site-packages/airflow/example_dags/example_branch_operator.py for tasks to queue
[2024-08-25T10:01:12.385+0000] {logging_mixin.py:154} INFO - [2024-08-25T10:01:12.384+0000] {dagbag.py:536} INFO - Filling up the DagBag from /home/airflow/.local/lib/python3.8/site-packages/airflow/example_dags/example_branch_operator.py
[2024-08-25T10:01:12.394+0000] {processor.py:839} INFO - DAG(s) dict_keys(['example_branch_operator']) retrieved from /home/airflow/.local/lib/python3.8/site-packages/airflow/example_dags/example_branch_operator.py
[2024-08-25T10:01:12.421+0000] {logging_mixin.py:154} INFO - [2024-08-25T10:01:12.421+0000] {dag.py:2941} INFO - Sync 1 DAGs
[2024-08-25T10:01:12.445+0000] {logging_mixin.py:154} INFO - [2024-08-25T10:01:12.444+0000] {dag.py:3722} INFO - Setting next_dagrun for example_branch_operator to 2024-08-24T00:00:00+00:00, run_after=2024-08-25T00:00:00+00:00
[2024-08-25T10:01:12.464+0000] {processor.py:179} INFO - Processing /home/airflow/.local/lib/python3.8/site-packages/airflow/example_dags/example_branch_operator.py took 0.085 seconds
[2024-08-25T10:01:43.689+0000] {processor.py:157} INFO - Started process (PID=162) to work on /home/airflow/.local/lib/python3.8/site-packages/airflow/example_dags/example_branch_operator.py
[2024-08-25T10:01:43.690+0000] {processor.py:829} INFO - Processing file /home/airflow/.local/lib/python3.8/site-packages/airflow/example_dags/example_branch_operator.py for tasks to queue
[2024-08-25T10:01:43.692+0000] {logging_mixin.py:154} INFO - [2024-08-25T10:01:43.691+0000] {dagbag.py:536} INFO - Filling up the DagBag from /home/airflow/.local/lib/python3.8/site-packages/airflow/example_dags/example_branch_operator.py
[2024-08-25T10:01:43.700+0000] {processor.py:839} INFO - DAG(s) dict_keys(['example_branch_operator']) retrieved from /home/airflow/.local/lib/python3.8/site-packages/airflow/example_dags/example_branch_operator.py
[2024-08-25T10:01:43.724+0000] {logging_mixin.py:154} INFO - [2024-08-25T10:01:43.723+0000] {dag.py:2941} INFO - Sync 1 DAGs
[2024-08-25T10:01:43.766+0000] {logging_mixin.py:154} INFO - [2024-08-25T10:01:43.765+0000] {dag.py:3722} INFO - Setting next_dagrun for example_branch_operator to 2024-08-24T00:00:00+00:00, run_after=2024-08-25T00:00:00+00:00
[2024-08-25T10:01:43.791+0000] {processor.py:179} INFO - Processing /home/airflow/.local/lib/python3.8/site-packages/airflow/example_dags/example_branch_operator.py took 0.105 seconds
[2024-08-25T10:02:14.170+0000] {processor.py:157} INFO - Started process (PID=228) to work on /home/airflow/.local/lib/python3.8/site-packages/airflow/example_dags/example_branch_operator.py
[2024-08-25T10:02:14.170+0000] {processor.py:829} INFO - Processing file /home/airflow/.local/lib/python3.8/site-packages/airflow/example_dags/example_branch_operator.py for tasks to queue
[2024-08-25T10:02:14.172+0000] {logging_mixin.py:154} INFO - [2024-08-25T10:02:14.172+0000] {dagbag.py:536} INFO - Filling up the DagBag from /home/airflow/.local/lib/python3.8/site-packages/airflow/example_dags/example_branch_operator.py
[2024-08-25T10:02:14.181+0000] {processor.py:839} INFO - DAG(s) dict_keys(['example_branch_operator']) retrieved from /home/airflow/.local/lib/python3.8/site-packages/airflow/example_dags/example_branch_operator.py
[2024-08-25T10:02:14.202+0000] {logging_mixin.py:154} INFO - [2024-08-25T10:02:14.202+0000] {dag.py:2941} INFO - Sync 1 DAGs
[2024-08-25T10:02:14.229+0000] {logging_mixin.py:154} INFO - [2024-08-25T10:02:14.229+0000] {dag.py:3722} INFO - Setting next_dagrun for example_branch_operator to 2024-08-24T00:00:00+00:00, run_after=2024-08-25T00:00:00+00:00
[2024-08-25T10:02:14.250+0000] {processor.py:179} INFO - Processing /home/airflow/.local/lib/python3.8/site-packages/airflow/example_dags/example_branch_operator.py took 0.083 seconds
