[2024-08-25T10:01:10.915+0000] {processor.py:157} INFO - Started process (PID=62) to work on /home/airflow/.local/lib/python3.8/site-packages/airflow/example_dags/example_xcomargs.py
[2024-08-25T10:01:10.916+0000] {processor.py:829} INFO - Processing file /home/airflow/.local/lib/python3.8/site-packages/airflow/example_dags/example_xcomargs.py for tasks to queue
[2024-08-25T10:01:10.918+0000] {logging_mixin.py:154} INFO - [2024-08-25T10:01:10.918+0000] {dagbag.py:536} INFO - Filling up the DagBag from /home/airflow/.local/lib/python3.8/site-packages/airflow/example_dags/example_xcomargs.py
[2024-08-25T10:01:10.927+0000] {processor.py:839} INFO - DAG(s) dict_keys(['example_xcom_args_with_operators', 'example_xcom_args']) retrieved from /home/airflow/.local/lib/python3.8/site-packages/airflow/example_dags/example_xcomargs.py
[2024-08-25T10:01:10.960+0000] {logging_mixin.py:154} INFO - [2024-08-25T10:01:10.960+0000] {dag.py:2941} INFO - Sync 2 DAGs
[2024-08-25T10:01:10.973+0000] {logging_mixin.py:154} INFO - [2024-08-25T10:01:10.973+0000] {dag.py:3722} INFO - Setting next_dagrun for example_xcom_args to None, run_after=None
[2024-08-25T10:01:10.977+0000] {logging_mixin.py:154} INFO - [2024-08-25T10:01:10.976+0000] {dag.py:3722} INFO - Setting next_dagrun for example_xcom_args_with_operators to None, run_after=None
[2024-08-25T10:01:10.993+0000] {processor.py:179} INFO - Processing /home/airflow/.local/lib/python3.8/site-packages/airflow/example_dags/example_xcomargs.py took 0.081 seconds
[2024-08-25T10:01:41.958+0000] {processor.py:157} INFO - Started process (PID=136) to work on /home/airflow/.local/lib/python3.8/site-packages/airflow/example_dags/example_xcomargs.py
[2024-08-25T10:01:41.960+0000] {processor.py:829} INFO - Processing file /home/airflow/.local/lib/python3.8/site-packages/airflow/example_dags/example_xcomargs.py for tasks to queue
[2024-08-25T10:01:41.962+0000] {logging_mixin.py:154} INFO - [2024-08-25T10:01:41.962+0000] {dagbag.py:536} INFO - Filling up the DagBag from /home/airflow/.local/lib/python3.8/site-packages/airflow/example_dags/example_xcomargs.py
[2024-08-25T10:01:41.972+0000] {processor.py:839} INFO - DAG(s) dict_keys(['example_xcom_args_with_operators', 'example_xcom_args']) retrieved from /home/airflow/.local/lib/python3.8/site-packages/airflow/example_dags/example_xcomargs.py
[2024-08-25T10:01:42.003+0000] {logging_mixin.py:154} INFO - [2024-08-25T10:01:42.003+0000] {dag.py:2941} INFO - Sync 2 DAGs
[2024-08-25T10:01:42.022+0000] {logging_mixin.py:154} INFO - [2024-08-25T10:01:42.022+0000] {dag.py:3722} INFO - Setting next_dagrun for example_xcom_args to None, run_after=None
[2024-08-25T10:01:42.028+0000] {logging_mixin.py:154} INFO - [2024-08-25T10:01:42.027+0000] {dag.py:3722} INFO - Setting next_dagrun for example_xcom_args_with_operators to None, run_after=None
[2024-08-25T10:01:42.049+0000] {processor.py:179} INFO - Processing /home/airflow/.local/lib/python3.8/site-packages/airflow/example_dags/example_xcomargs.py took 0.094 seconds
[2024-08-25T10:02:12.649+0000] {processor.py:157} INFO - Started process (PID=202) to work on /home/airflow/.local/lib/python3.8/site-packages/airflow/example_dags/example_xcomargs.py
[2024-08-25T10:02:12.650+0000] {processor.py:829} INFO - Processing file /home/airflow/.local/lib/python3.8/site-packages/airflow/example_dags/example_xcomargs.py for tasks to queue
[2024-08-25T10:02:12.652+0000] {logging_mixin.py:154} INFO - [2024-08-25T10:02:12.651+0000] {dagbag.py:536} INFO - Filling up the DagBag from /home/airflow/.local/lib/python3.8/site-packages/airflow/example_dags/example_xcomargs.py
[2024-08-25T10:02:12.659+0000] {processor.py:839} INFO - DAG(s) dict_keys(['example_xcom_args_with_operators', 'example_xcom_args']) retrieved from /home/airflow/.local/lib/python3.8/site-packages/airflow/example_dags/example_xcomargs.py
[2024-08-25T10:02:12.682+0000] {logging_mixin.py:154} INFO - [2024-08-25T10:02:12.682+0000] {dag.py:2941} INFO - Sync 2 DAGs
[2024-08-25T10:02:12.695+0000] {logging_mixin.py:154} INFO - [2024-08-25T10:02:12.695+0000] {dag.py:3722} INFO - Setting next_dagrun for example_xcom_args to None, run_after=None
[2024-08-25T10:02:12.699+0000] {logging_mixin.py:154} INFO - [2024-08-25T10:02:12.699+0000] {dag.py:3722} INFO - Setting next_dagrun for example_xcom_args_with_operators to None, run_after=None
[2024-08-25T10:02:12.714+0000] {processor.py:179} INFO - Processing /home/airflow/.local/lib/python3.8/site-packages/airflow/example_dags/example_xcomargs.py took 0.068 seconds
