[2024-08-25T10:01:10.741+0000] {processor.py:157} INFO - Started process (PID=59) to work on /home/airflow/.local/lib/python3.8/site-packages/airflow/example_dags/tutorial_taskflow_api.py
[2024-08-25T10:01:10.742+0000] {processor.py:829} INFO - Processing file /home/airflow/.local/lib/python3.8/site-packages/airflow/example_dags/tutorial_taskflow_api.py for tasks to queue
[2024-08-25T10:01:10.746+0000] {logging_mixin.py:154} INFO - [2024-08-25T10:01:10.746+0000] {dagbag.py:536} INFO - Filling up the DagBag from /home/airflow/.local/lib/python3.8/site-packages/airflow/example_dags/tutorial_taskflow_api.py
[2024-08-25T10:01:10.761+0000] {processor.py:839} INFO - DAG(s) dict_keys(['tutorial_taskflow_api']) retrieved from /home/airflow/.local/lib/python3.8/site-packages/airflow/example_dags/tutorial_taskflow_api.py
[2024-08-25T10:01:10.785+0000] {logging_mixin.py:154} INFO - [2024-08-25T10:01:10.785+0000] {dag.py:2941} INFO - Sync 1 DAGs
[2024-08-25T10:01:10.797+0000] {logging_mixin.py:154} INFO - [2024-08-25T10:01:10.797+0000] {dag.py:3722} INFO - Setting next_dagrun for tutorial_taskflow_api to None, run_after=None
[2024-08-25T10:01:10.815+0000] {processor.py:179} INFO - Processing /home/airflow/.local/lib/python3.8/site-packages/airflow/example_dags/tutorial_taskflow_api.py took 0.079 seconds
[2024-08-25T10:01:41.798+0000] {processor.py:157} INFO - Started process (PID=133) to work on /home/airflow/.local/lib/python3.8/site-packages/airflow/example_dags/tutorial_taskflow_api.py
[2024-08-25T10:01:41.799+0000] {processor.py:829} INFO - Processing file /home/airflow/.local/lib/python3.8/site-packages/airflow/example_dags/tutorial_taskflow_api.py for tasks to queue
[2024-08-25T10:01:41.801+0000] {logging_mixin.py:154} INFO - [2024-08-25T10:01:41.801+0000] {dagbag.py:536} INFO - Filling up the DagBag from /home/airflow/.local/lib/python3.8/site-packages/airflow/example_dags/tutorial_taskflow_api.py
[2024-08-25T10:01:41.806+0000] {processor.py:839} INFO - DAG(s) dict_keys(['tutorial_taskflow_api']) retrieved from /home/airflow/.local/lib/python3.8/site-packages/airflow/example_dags/tutorial_taskflow_api.py
[2024-08-25T10:01:41.827+0000] {logging_mixin.py:154} INFO - [2024-08-25T10:01:41.827+0000] {dag.py:2941} INFO - Sync 1 DAGs
[2024-08-25T10:01:41.843+0000] {logging_mixin.py:154} INFO - [2024-08-25T10:01:41.842+0000] {dag.py:3722} INFO - Setting next_dagrun for tutorial_taskflow_api to None, run_after=None
[2024-08-25T10:01:41.866+0000] {processor.py:179} INFO - Processing /home/airflow/.local/lib/python3.8/site-packages/airflow/example_dags/tutorial_taskflow_api.py took 0.071 seconds
[2024-08-25T10:02:12.475+0000] {processor.py:157} INFO - Started process (PID=199) to work on /home/airflow/.local/lib/python3.8/site-packages/airflow/example_dags/tutorial_taskflow_api.py
[2024-08-25T10:02:12.476+0000] {processor.py:829} INFO - Processing file /home/airflow/.local/lib/python3.8/site-packages/airflow/example_dags/tutorial_taskflow_api.py for tasks to queue
[2024-08-25T10:02:12.478+0000] {logging_mixin.py:154} INFO - [2024-08-25T10:02:12.478+0000] {dagbag.py:536} INFO - Filling up the DagBag from /home/airflow/.local/lib/python3.8/site-packages/airflow/example_dags/tutorial_taskflow_api.py
[2024-08-25T10:02:12.485+0000] {processor.py:839} INFO - DAG(s) dict_keys(['tutorial_taskflow_api']) retrieved from /home/airflow/.local/lib/python3.8/site-packages/airflow/example_dags/tutorial_taskflow_api.py
[2024-08-25T10:02:12.505+0000] {logging_mixin.py:154} INFO - [2024-08-25T10:02:12.505+0000] {dag.py:2941} INFO - Sync 1 DAGs
[2024-08-25T10:02:12.516+0000] {logging_mixin.py:154} INFO - [2024-08-25T10:02:12.516+0000] {dag.py:3722} INFO - Setting next_dagrun for tutorial_taskflow_api to None, run_after=None
[2024-08-25T10:02:12.534+0000] {processor.py:179} INFO - Processing /home/airflow/.local/lib/python3.8/site-packages/airflow/example_dags/tutorial_taskflow_api.py took 0.062 seconds
