[2024-08-25T10:01:10.559+0000] {processor.py:157} INFO - Started process (PID=56) to work on /home/airflow/.local/lib/python3.8/site-packages/airflow/example_dags/tutorial_dag.py
[2024-08-25T10:01:10.560+0000] {processor.py:829} INFO - Processing file /home/airflow/.local/lib/python3.8/site-packages/airflow/example_dags/tutorial_dag.py for tasks to queue
[2024-08-25T10:01:10.562+0000] {logging_mixin.py:154} INFO - [2024-08-25T10:01:10.562+0000] {dagbag.py:536} INFO - Filling up the DagBag from /home/airflow/.local/lib/python3.8/site-packages/airflow/example_dags/tutorial_dag.py
[2024-08-25T10:01:10.568+0000] {processor.py:839} INFO - DAG(s) dict_keys(['tutorial_dag']) retrieved from /home/airflow/.local/lib/python3.8/site-packages/airflow/example_dags/tutorial_dag.py
[2024-08-25T10:01:10.589+0000] {logging_mixin.py:154} INFO - [2024-08-25T10:01:10.589+0000] {dag.py:2941} INFO - Sync 1 DAGs
[2024-08-25T10:01:10.600+0000] {logging_mixin.py:154} INFO - [2024-08-25T10:01:10.600+0000] {dag.py:3722} INFO - Setting next_dagrun for tutorial_dag to None, run_after=None
[2024-08-25T10:01:10.617+0000] {processor.py:179} INFO - Processing /home/airflow/.local/lib/python3.8/site-packages/airflow/example_dags/tutorial_dag.py took 0.061 seconds
[2024-08-25T10:01:41.555+0000] {processor.py:157} INFO - Started process (PID=130) to work on /home/airflow/.local/lib/python3.8/site-packages/airflow/example_dags/tutorial_dag.py
[2024-08-25T10:01:41.556+0000] {processor.py:829} INFO - Processing file /home/airflow/.local/lib/python3.8/site-packages/airflow/example_dags/tutorial_dag.py for tasks to queue
[2024-08-25T10:01:41.558+0000] {logging_mixin.py:154} INFO - [2024-08-25T10:01:41.558+0000] {dagbag.py:536} INFO - Filling up the DagBag from /home/airflow/.local/lib/python3.8/site-packages/airflow/example_dags/tutorial_dag.py
[2024-08-25T10:01:41.564+0000] {processor.py:839} INFO - DAG(s) dict_keys(['tutorial_dag']) retrieved from /home/airflow/.local/lib/python3.8/site-packages/airflow/example_dags/tutorial_dag.py
[2024-08-25T10:01:41.591+0000] {logging_mixin.py:154} INFO - [2024-08-25T10:01:41.591+0000] {dag.py:2941} INFO - Sync 1 DAGs
[2024-08-25T10:01:41.631+0000] {logging_mixin.py:154} INFO - [2024-08-25T10:01:41.631+0000] {dag.py:3722} INFO - Setting next_dagrun for tutorial_dag to None, run_after=None
[2024-08-25T10:01:41.654+0000] {processor.py:179} INFO - Processing /home/airflow/.local/lib/python3.8/site-packages/airflow/example_dags/tutorial_dag.py took 0.102 seconds
[2024-08-25T10:02:11.703+0000] {processor.py:157} INFO - Started process (PID=194) to work on /home/airflow/.local/lib/python3.8/site-packages/airflow/example_dags/tutorial_dag.py
[2024-08-25T10:02:11.703+0000] {processor.py:829} INFO - Processing file /home/airflow/.local/lib/python3.8/site-packages/airflow/example_dags/tutorial_dag.py for tasks to queue
[2024-08-25T10:02:11.705+0000] {logging_mixin.py:154} INFO - [2024-08-25T10:02:11.705+0000] {dagbag.py:536} INFO - Filling up the DagBag from /home/airflow/.local/lib/python3.8/site-packages/airflow/example_dags/tutorial_dag.py
[2024-08-25T10:02:11.710+0000] {processor.py:839} INFO - DAG(s) dict_keys(['tutorial_dag']) retrieved from /home/airflow/.local/lib/python3.8/site-packages/airflow/example_dags/tutorial_dag.py
[2024-08-25T10:02:11.727+0000] {logging_mixin.py:154} INFO - [2024-08-25T10:02:11.727+0000] {dag.py:2941} INFO - Sync 1 DAGs
[2024-08-25T10:02:11.738+0000] {logging_mixin.py:154} INFO - [2024-08-25T10:02:11.738+0000] {dag.py:3722} INFO - Setting next_dagrun for tutorial_dag to None, run_after=None
[2024-08-25T10:02:11.754+0000] {processor.py:179} INFO - Processing /home/airflow/.local/lib/python3.8/site-packages/airflow/example_dags/tutorial_dag.py took 0.054 seconds
