[2024-08-04T20:54:08.070+0000] {taskinstance.py:1159} INFO - Dependencies all met for dep_context=non-requeueable deps ti=<TaskInstance: excel_to_oracle_dag.load_excel_to_oracle manual__2024-08-04T20:54:05.076040+00:00 [queued]>
[2024-08-04T20:54:08.080+0000] {taskinstance.py:1159} INFO - Dependencies all met for dep_context=requeueable deps ti=<TaskInstance: excel_to_oracle_dag.load_excel_to_oracle manual__2024-08-04T20:54:05.076040+00:00 [queued]>
[2024-08-04T20:54:08.080+0000] {taskinstance.py:1361} INFO - Starting attempt 1 of 2
[2024-08-04T20:54:08.096+0000] {taskinstance.py:1382} INFO - Executing <Task(PythonOperator): load_excel_to_oracle> on 2024-08-04 20:54:05.076040+00:00
[2024-08-04T20:54:08.103+0000] {standard_task_runner.py:57} INFO - Started process 94 to run task
[2024-08-04T20:54:08.106+0000] {standard_task_runner.py:84} INFO - Running: ['***', 'tasks', 'run', 'excel_to_oracle_dag', 'load_excel_to_oracle', 'manual__2024-08-04T20:54:05.076040+00:00', '--job-id', '41', '--raw', '--subdir', 'DAGS_FOLDER/excel_to_oracle_dag.py', '--cfg-path', '/tmp/tmpbuc2t34i']
[2024-08-04T20:54:08.107+0000] {standard_task_runner.py:85} INFO - Job 41: Subtask load_excel_to_oracle
[2024-08-04T20:54:08.153+0000] {task_command.py:416} INFO - Running <TaskInstance: excel_to_oracle_dag.load_excel_to_oracle manual__2024-08-04T20:54:05.076040+00:00 [running]> on host a2f1908f5410
[2024-08-04T20:54:08.236+0000] {taskinstance.py:1662} INFO - Exporting env vars: AIRFLOW_CTX_DAG_OWNER='***' AIRFLOW_CTX_DAG_ID='excel_to_oracle_dag' AIRFLOW_CTX_TASK_ID='load_excel_to_oracle' AIRFLOW_CTX_EXECUTION_DATE='2024-08-04T20:54:05.076040+00:00' AIRFLOW_CTX_TRY_NUMBER='1' AIRFLOW_CTX_DAG_RUN_ID='manual__2024-08-04T20:54:05.076040+00:00'
[2024-08-04T20:54:08.248+0000] {base.py:73} INFO - Using connection ID 'Connection_bai_test' for task execution.
[2024-08-04T20:54:08.591+0000] {logging_mixin.py:154} INFO - Executing SQL: INSERT INTO KPI_THEO_NAM ("NĂM", "CHI_NHÁNH", "KPI") VALUES (:1, :2, :3)
[2024-08-04T20:54:08.997+0000] {logging_mixin.py:154} INFO - Executing SQL: INSERT INTO KHACH_HANG ("MÃ_KH", "KHÁCH_HÀNG") VALUES (:1, :2)
[2024-08-04T20:54:09.870+0000] {logging_mixin.py:154} INFO - Executing SQL: INSERT INTO SAN_PHAM ("MÃ_SẢN_PHẨM", "SẢN_PHẨM", "NHÓM_SẢN_PHẨM") VALUES (:1, :2, :3)
[2024-08-04T20:54:10.584+0000] {logging_mixin.py:154} INFO - Executing SQL: INSERT INTO NHAN_VIEN ("MÃ_NHÂN_VIÊN_BÁN", "NHÂN_VIÊN_BÁN") VALUES (:1, :2)
[2024-08-04T20:54:11.104+0000] {logging_mixin.py:154} INFO - Executing SQL: INSERT INTO DU_LIEU_BAN_HANG ("NGÀY_HẠCH_TOÁN", "ĐƠN_HÀNG", "MÃ_KH", "MÃ_SẢN_PHẨM", "SỐ_LƯỢNG_BÁN", "ĐƠN_GIÁ", "DOANH_THU", "GIÁ_VỐN_HÀNG_HÓA", "MÃ_NHÂN_VIÊN_BÁN", "CHI_NHÁNH") VALUES (:1, :2, :3, :4, :5, :6, :7, :8, :9, :10)
[2024-08-04T20:54:13.037+0000] {logging_mixin.py:154} INFO - Executing SQL: INSERT INTO CHI_NHANH ("MÃ_CHI_NHÁNH", "TÊN_CHI_NHÁNH", "TỈNH_THÀNH_PHỐ") VALUES (:1, :2, :3)
[2024-08-04T20:54:13.047+0000] {python.py:194} INFO - Done. Returned value was: None
[2024-08-04T20:54:13.056+0000] {taskinstance.py:1400} INFO - Marking task as SUCCESS. dag_id=excel_to_oracle_dag, task_id=load_excel_to_oracle, execution_date=20240804T205405, start_date=20240804T205408, end_date=20240804T205413
[2024-08-04T20:54:13.093+0000] {local_task_job_runner.py:228} INFO - Task exited with return code 0
[2024-08-04T20:54:13.109+0000] {taskinstance.py:2778} INFO - 0 downstream tasks scheduled from follow-on schedule check
