[2024-08-26T08:44:54.835+0000] {processor.py:157} INFO - Started process (PID=80) to work on /home/airflow/.local/lib/python3.8/site-packages/airflow/example_dags/example_branch_python_dop_operator_3.py
[2024-08-26T08:44:54.836+0000] {processor.py:829} INFO - Processing file /home/airflow/.local/lib/python3.8/site-packages/airflow/example_dags/example_branch_python_dop_operator_3.py for tasks to queue
[2024-08-26T08:44:54.838+0000] {logging_mixin.py:154} INFO - [2024-08-26T08:44:54.838+0000] {dagbag.py:536} INFO - Filling up the DagBag from /home/airflow/.local/lib/python3.8/site-packages/airflow/example_dags/example_branch_python_dop_operator_3.py
[2024-08-26T08:44:54.848+0000] {processor.py:839} INFO - DAG(s) dict_keys(['example_branch_dop_operator_v3']) retrieved from /home/airflow/.local/lib/python3.8/site-packages/airflow/example_dags/example_branch_python_dop_operator_3.py
[2024-08-26T08:44:54.877+0000] {logging_mixin.py:154} INFO - [2024-08-26T08:44:54.877+0000] {dag.py:2941} INFO - Sync 1 DAGs
[2024-08-26T08:44:54.913+0000] {logging_mixin.py:154} INFO - [2024-08-26T08:44:54.913+0000] {dag.py:3722} INFO - Setting next_dagrun for example_branch_dop_operator_v3 to 2024-08-26T08:43:00+00:00, run_after=2024-08-26T08:44:00+00:00
[2024-08-26T08:44:54.936+0000] {processor.py:179} INFO - Processing /home/airflow/.local/lib/python3.8/site-packages/airflow/example_dags/example_branch_python_dop_operator_3.py took 0.105 seconds
[2024-08-26T12:36:20.797+0000] {processor.py:157} INFO - Started process (PID=89) to work on /home/airflow/.local/lib/python3.8/site-packages/airflow/example_dags/example_branch_python_dop_operator_3.py
[2024-08-26T12:36:20.798+0000] {processor.py:829} INFO - Processing file /home/airflow/.local/lib/python3.8/site-packages/airflow/example_dags/example_branch_python_dop_operator_3.py for tasks to queue
[2024-08-26T12:36:20.800+0000] {logging_mixin.py:154} INFO - [2024-08-26T12:36:20.800+0000] {dagbag.py:536} INFO - Filling up the DagBag from /home/airflow/.local/lib/python3.8/site-packages/airflow/example_dags/example_branch_python_dop_operator_3.py
[2024-08-26T12:36:20.809+0000] {processor.py:839} INFO - DAG(s) dict_keys(['example_branch_dop_operator_v3']) retrieved from /home/airflow/.local/lib/python3.8/site-packages/airflow/example_dags/example_branch_python_dop_operator_3.py
[2024-08-26T12:36:20.835+0000] {logging_mixin.py:154} INFO - [2024-08-26T12:36:20.835+0000] {dag.py:2941} INFO - Sync 1 DAGs
[2024-08-26T12:36:20.868+0000] {logging_mixin.py:154} INFO - [2024-08-26T12:36:20.868+0000] {dag.py:3722} INFO - Setting next_dagrun for example_branch_dop_operator_v3 to 2024-08-26T12:35:00+00:00, run_after=2024-08-26T12:36:00+00:00
[2024-08-26T12:36:20.891+0000] {processor.py:179} INFO - Processing /home/airflow/.local/lib/python3.8/site-packages/airflow/example_dags/example_branch_python_dop_operator_3.py took 0.098 seconds
[2024-08-26T12:36:53.182+0000] {processor.py:157} INFO - Started process (PID=162) to work on /home/airflow/.local/lib/python3.8/site-packages/airflow/example_dags/example_branch_python_dop_operator_3.py
[2024-08-26T12:36:53.184+0000] {processor.py:829} INFO - Processing file /home/airflow/.local/lib/python3.8/site-packages/airflow/example_dags/example_branch_python_dop_operator_3.py for tasks to queue
[2024-08-26T12:36:53.188+0000] {logging_mixin.py:154} INFO - [2024-08-26T12:36:53.187+0000] {dagbag.py:536} INFO - Filling up the DagBag from /home/airflow/.local/lib/python3.8/site-packages/airflow/example_dags/example_branch_python_dop_operator_3.py
[2024-08-26T12:36:53.206+0000] {processor.py:839} INFO - DAG(s) dict_keys(['example_branch_dop_operator_v3']) retrieved from /home/airflow/.local/lib/python3.8/site-packages/airflow/example_dags/example_branch_python_dop_operator_3.py
[2024-08-26T12:36:53.249+0000] {logging_mixin.py:154} INFO - [2024-08-26T12:36:53.249+0000] {dag.py:2941} INFO - Sync 1 DAGs
[2024-08-26T12:36:53.299+0000] {logging_mixin.py:154} INFO - [2024-08-26T12:36:53.298+0000] {dag.py:3722} INFO - Setting next_dagrun for example_branch_dop_operator_v3 to 2024-08-26T12:35:00+00:00, run_after=2024-08-26T12:36:00+00:00
[2024-08-26T12:36:53.338+0000] {processor.py:179} INFO - Processing /home/airflow/.local/lib/python3.8/site-packages/airflow/example_dags/example_branch_python_dop_operator_3.py took 0.161 seconds
[2024-08-26T12:37:24.384+0000] {processor.py:157} INFO - Started process (PID=229) to work on /home/airflow/.local/lib/python3.8/site-packages/airflow/example_dags/example_branch_python_dop_operator_3.py
[2024-08-26T12:37:24.386+0000] {processor.py:829} INFO - Processing file /home/airflow/.local/lib/python3.8/site-packages/airflow/example_dags/example_branch_python_dop_operator_3.py for tasks to queue
[2024-08-26T12:37:24.390+0000] {logging_mixin.py:154} INFO - [2024-08-26T12:37:24.389+0000] {dagbag.py:536} INFO - Filling up the DagBag from /home/airflow/.local/lib/python3.8/site-packages/airflow/example_dags/example_branch_python_dop_operator_3.py
[2024-08-26T12:37:24.407+0000] {processor.py:839} INFO - DAG(s) dict_keys(['example_branch_dop_operator_v3']) retrieved from /home/airflow/.local/lib/python3.8/site-packages/airflow/example_dags/example_branch_python_dop_operator_3.py
[2024-08-26T12:37:24.446+0000] {logging_mixin.py:154} INFO - [2024-08-26T12:37:24.446+0000] {dag.py:2941} INFO - Sync 1 DAGs
[2024-08-26T12:37:24.510+0000] {logging_mixin.py:154} INFO - [2024-08-26T12:37:24.510+0000] {dag.py:3722} INFO - Setting next_dagrun for example_branch_dop_operator_v3 to 2024-08-26T12:36:00+00:00, run_after=2024-08-26T12:37:00+00:00
[2024-08-26T12:37:24.564+0000] {processor.py:179} INFO - Processing /home/airflow/.local/lib/python3.8/site-packages/airflow/example_dags/example_branch_python_dop_operator_3.py took 0.187 seconds
[2024-08-26T12:37:55.219+0000] {processor.py:157} INFO - Started process (PID=295) to work on /home/airflow/.local/lib/python3.8/site-packages/airflow/example_dags/example_branch_python_dop_operator_3.py
[2024-08-26T12:37:55.220+0000] {processor.py:829} INFO - Processing file /home/airflow/.local/lib/python3.8/site-packages/airflow/example_dags/example_branch_python_dop_operator_3.py for tasks to queue
[2024-08-26T12:37:55.224+0000] {logging_mixin.py:154} INFO - [2024-08-26T12:37:55.223+0000] {dagbag.py:536} INFO - Filling up the DagBag from /home/airflow/.local/lib/python3.8/site-packages/airflow/example_dags/example_branch_python_dop_operator_3.py
[2024-08-26T12:37:55.245+0000] {processor.py:839} INFO - DAG(s) dict_keys(['example_branch_dop_operator_v3']) retrieved from /home/airflow/.local/lib/python3.8/site-packages/airflow/example_dags/example_branch_python_dop_operator_3.py
[2024-08-26T12:37:55.279+0000] {logging_mixin.py:154} INFO - [2024-08-26T12:37:55.278+0000] {dag.py:2941} INFO - Sync 1 DAGs
[2024-08-26T12:37:55.333+0000] {logging_mixin.py:154} INFO - [2024-08-26T12:37:55.333+0000] {dag.py:3722} INFO - Setting next_dagrun for example_branch_dop_operator_v3 to 2024-08-26T12:36:00+00:00, run_after=2024-08-26T12:37:00+00:00
[2024-08-26T12:37:55.407+0000] {processor.py:179} INFO - Processing /home/airflow/.local/lib/python3.8/site-packages/airflow/example_dags/example_branch_python_dop_operator_3.py took 0.195 seconds
[2024-08-26T12:38:26.459+0000] {processor.py:157} INFO - Started process (PID=362) to work on /home/airflow/.local/lib/python3.8/site-packages/airflow/example_dags/example_branch_python_dop_operator_3.py
[2024-08-26T12:38:26.461+0000] {processor.py:829} INFO - Processing file /home/airflow/.local/lib/python3.8/site-packages/airflow/example_dags/example_branch_python_dop_operator_3.py for tasks to queue
[2024-08-26T12:38:26.466+0000] {logging_mixin.py:154} INFO - [2024-08-26T12:38:26.465+0000] {dagbag.py:536} INFO - Filling up the DagBag from /home/airflow/.local/lib/python3.8/site-packages/airflow/example_dags/example_branch_python_dop_operator_3.py
[2024-08-26T12:38:26.484+0000] {processor.py:839} INFO - DAG(s) dict_keys(['example_branch_dop_operator_v3']) retrieved from /home/airflow/.local/lib/python3.8/site-packages/airflow/example_dags/example_branch_python_dop_operator_3.py
[2024-08-26T12:38:26.522+0000] {logging_mixin.py:154} INFO - [2024-08-26T12:38:26.522+0000] {dag.py:2941} INFO - Sync 1 DAGs
[2024-08-26T12:38:26.574+0000] {logging_mixin.py:154} INFO - [2024-08-26T12:38:26.574+0000] {dag.py:3722} INFO - Setting next_dagrun for example_branch_dop_operator_v3 to 2024-08-26T12:37:00+00:00, run_after=2024-08-26T12:38:00+00:00
[2024-08-26T12:38:26.644+0000] {processor.py:179} INFO - Processing /home/airflow/.local/lib/python3.8/site-packages/airflow/example_dags/example_branch_python_dop_operator_3.py took 0.191 seconds
[2024-08-26T12:38:57.265+0000] {processor.py:157} INFO - Started process (PID=428) to work on /home/airflow/.local/lib/python3.8/site-packages/airflow/example_dags/example_branch_python_dop_operator_3.py
[2024-08-26T12:38:57.266+0000] {processor.py:829} INFO - Processing file /home/airflow/.local/lib/python3.8/site-packages/airflow/example_dags/example_branch_python_dop_operator_3.py for tasks to queue
[2024-08-26T12:38:57.270+0000] {logging_mixin.py:154} INFO - [2024-08-26T12:38:57.270+0000] {dagbag.py:536} INFO - Filling up the DagBag from /home/airflow/.local/lib/python3.8/site-packages/airflow/example_dags/example_branch_python_dop_operator_3.py
[2024-08-26T12:38:57.287+0000] {processor.py:839} INFO - DAG(s) dict_keys(['example_branch_dop_operator_v3']) retrieved from /home/airflow/.local/lib/python3.8/site-packages/airflow/example_dags/example_branch_python_dop_operator_3.py
[2024-08-26T12:38:57.330+0000] {logging_mixin.py:154} INFO - [2024-08-26T12:38:57.330+0000] {dag.py:2941} INFO - Sync 1 DAGs
[2024-08-26T12:38:57.393+0000] {logging_mixin.py:154} INFO - [2024-08-26T12:38:57.392+0000] {dag.py:3722} INFO - Setting next_dagrun for example_branch_dop_operator_v3 to 2024-08-26T12:37:00+00:00, run_after=2024-08-26T12:38:00+00:00
[2024-08-26T12:38:57.451+0000] {processor.py:179} INFO - Processing /home/airflow/.local/lib/python3.8/site-packages/airflow/example_dags/example_branch_python_dop_operator_3.py took 0.194 seconds
[2024-08-26T12:39:28.582+0000] {processor.py:157} INFO - Started process (PID=494) to work on /home/airflow/.local/lib/python3.8/site-packages/airflow/example_dags/example_branch_python_dop_operator_3.py
[2024-08-26T12:39:28.584+0000] {processor.py:829} INFO - Processing file /home/airflow/.local/lib/python3.8/site-packages/airflow/example_dags/example_branch_python_dop_operator_3.py for tasks to queue
[2024-08-26T12:39:28.588+0000] {logging_mixin.py:154} INFO - [2024-08-26T12:39:28.588+0000] {dagbag.py:536} INFO - Filling up the DagBag from /home/airflow/.local/lib/python3.8/site-packages/airflow/example_dags/example_branch_python_dop_operator_3.py
[2024-08-26T12:39:28.604+0000] {processor.py:839} INFO - DAG(s) dict_keys(['example_branch_dop_operator_v3']) retrieved from /home/airflow/.local/lib/python3.8/site-packages/airflow/example_dags/example_branch_python_dop_operator_3.py
[2024-08-26T12:39:28.650+0000] {logging_mixin.py:154} INFO - [2024-08-26T12:39:28.649+0000] {dag.py:2941} INFO - Sync 1 DAGs
[2024-08-26T12:39:28.701+0000] {logging_mixin.py:154} INFO - [2024-08-26T12:39:28.701+0000] {dag.py:3722} INFO - Setting next_dagrun for example_branch_dop_operator_v3 to 2024-08-26T12:38:00+00:00, run_after=2024-08-26T12:39:00+00:00
[2024-08-26T12:39:28.779+0000] {processor.py:179} INFO - Processing /home/airflow/.local/lib/python3.8/site-packages/airflow/example_dags/example_branch_python_dop_operator_3.py took 0.203 seconds
[2024-08-26T12:40:00.031+0000] {processor.py:157} INFO - Started process (PID=560) to work on /home/airflow/.local/lib/python3.8/site-packages/airflow/example_dags/example_branch_python_dop_operator_3.py
[2024-08-26T12:40:00.034+0000] {processor.py:829} INFO - Processing file /home/airflow/.local/lib/python3.8/site-packages/airflow/example_dags/example_branch_python_dop_operator_3.py for tasks to queue
[2024-08-26T12:40:00.048+0000] {logging_mixin.py:154} INFO - [2024-08-26T12:40:00.048+0000] {dagbag.py:536} INFO - Filling up the DagBag from /home/airflow/.local/lib/python3.8/site-packages/airflow/example_dags/example_branch_python_dop_operator_3.py
[2024-08-26T12:40:00.104+0000] {processor.py:839} INFO - DAG(s) dict_keys(['example_branch_dop_operator_v3']) retrieved from /home/airflow/.local/lib/python3.8/site-packages/airflow/example_dags/example_branch_python_dop_operator_3.py
[2024-08-26T12:40:00.184+0000] {logging_mixin.py:154} INFO - [2024-08-26T12:40:00.184+0000] {dag.py:2941} INFO - Sync 1 DAGs
[2024-08-26T12:40:00.309+0000] {logging_mixin.py:154} INFO - [2024-08-26T12:40:00.308+0000] {dag.py:3722} INFO - Setting next_dagrun for example_branch_dop_operator_v3 to 2024-08-26T12:39:00+00:00, run_after=2024-08-26T12:40:00+00:00
[2024-08-26T12:40:00.379+0000] {processor.py:179} INFO - Processing /home/airflow/.local/lib/python3.8/site-packages/airflow/example_dags/example_branch_python_dop_operator_3.py took 0.361 seconds
[2024-08-26T12:40:30.999+0000] {processor.py:157} INFO - Started process (PID=625) to work on /home/airflow/.local/lib/python3.8/site-packages/airflow/example_dags/example_branch_python_dop_operator_3.py
[2024-08-26T12:40:31.001+0000] {processor.py:829} INFO - Processing file /home/airflow/.local/lib/python3.8/site-packages/airflow/example_dags/example_branch_python_dop_operator_3.py for tasks to queue
[2024-08-26T12:40:31.006+0000] {logging_mixin.py:154} INFO - [2024-08-26T12:40:31.005+0000] {dagbag.py:536} INFO - Filling up the DagBag from /home/airflow/.local/lib/python3.8/site-packages/airflow/example_dags/example_branch_python_dop_operator_3.py
[2024-08-26T12:40:31.021+0000] {processor.py:839} INFO - DAG(s) dict_keys(['example_branch_dop_operator_v3']) retrieved from /home/airflow/.local/lib/python3.8/site-packages/airflow/example_dags/example_branch_python_dop_operator_3.py
[2024-08-26T12:40:31.063+0000] {logging_mixin.py:154} INFO - [2024-08-26T12:40:31.063+0000] {dag.py:2941} INFO - Sync 1 DAGs
[2024-08-26T12:40:31.115+0000] {logging_mixin.py:154} INFO - [2024-08-26T12:40:31.114+0000] {dag.py:3722} INFO - Setting next_dagrun for example_branch_dop_operator_v3 to 2024-08-26T12:39:00+00:00, run_after=2024-08-26T12:40:00+00:00
[2024-08-26T12:40:31.186+0000] {processor.py:179} INFO - Processing /home/airflow/.local/lib/python3.8/site-packages/airflow/example_dags/example_branch_python_dop_operator_3.py took 0.193 seconds
[2024-08-26T12:41:01.917+0000] {processor.py:157} INFO - Started process (PID=691) to work on /home/airflow/.local/lib/python3.8/site-packages/airflow/example_dags/example_branch_python_dop_operator_3.py
[2024-08-26T12:41:01.919+0000] {processor.py:829} INFO - Processing file /home/airflow/.local/lib/python3.8/site-packages/airflow/example_dags/example_branch_python_dop_operator_3.py for tasks to queue
[2024-08-26T12:41:01.922+0000] {logging_mixin.py:154} INFO - [2024-08-26T12:41:01.922+0000] {dagbag.py:536} INFO - Filling up the DagBag from /home/airflow/.local/lib/python3.8/site-packages/airflow/example_dags/example_branch_python_dop_operator_3.py
[2024-08-26T12:41:01.937+0000] {processor.py:839} INFO - DAG(s) dict_keys(['example_branch_dop_operator_v3']) retrieved from /home/airflow/.local/lib/python3.8/site-packages/airflow/example_dags/example_branch_python_dop_operator_3.py
[2024-08-26T12:41:01.973+0000] {logging_mixin.py:154} INFO - [2024-08-26T12:41:01.972+0000] {dag.py:2941} INFO - Sync 1 DAGs
[2024-08-26T12:41:02.020+0000] {logging_mixin.py:154} INFO - [2024-08-26T12:41:02.019+0000] {dag.py:3722} INFO - Setting next_dagrun for example_branch_dop_operator_v3 to 2024-08-26T12:40:00+00:00, run_after=2024-08-26T12:41:00+00:00
[2024-08-26T12:41:02.054+0000] {processor.py:179} INFO - Processing /home/airflow/.local/lib/python3.8/site-packages/airflow/example_dags/example_branch_python_dop_operator_3.py took 0.142 seconds
[2024-08-26T12:41:32.672+0000] {processor.py:157} INFO - Started process (PID=757) to work on /home/airflow/.local/lib/python3.8/site-packages/airflow/example_dags/example_branch_python_dop_operator_3.py
[2024-08-26T12:41:32.673+0000] {processor.py:829} INFO - Processing file /home/airflow/.local/lib/python3.8/site-packages/airflow/example_dags/example_branch_python_dop_operator_3.py for tasks to queue
[2024-08-26T12:41:32.677+0000] {logging_mixin.py:154} INFO - [2024-08-26T12:41:32.676+0000] {dagbag.py:536} INFO - Filling up the DagBag from /home/airflow/.local/lib/python3.8/site-packages/airflow/example_dags/example_branch_python_dop_operator_3.py
[2024-08-26T12:41:32.692+0000] {processor.py:839} INFO - DAG(s) dict_keys(['example_branch_dop_operator_v3']) retrieved from /home/airflow/.local/lib/python3.8/site-packages/airflow/example_dags/example_branch_python_dop_operator_3.py
[2024-08-26T12:41:32.727+0000] {logging_mixin.py:154} INFO - [2024-08-26T12:41:32.726+0000] {dag.py:2941} INFO - Sync 1 DAGs
[2024-08-26T12:41:32.778+0000] {logging_mixin.py:154} INFO - [2024-08-26T12:41:32.777+0000] {dag.py:3722} INFO - Setting next_dagrun for example_branch_dop_operator_v3 to 2024-08-26T12:40:00+00:00, run_after=2024-08-26T12:41:00+00:00
[2024-08-26T12:41:32.841+0000] {processor.py:179} INFO - Processing /home/airflow/.local/lib/python3.8/site-packages/airflow/example_dags/example_branch_python_dop_operator_3.py took 0.175 seconds
[2024-08-26T12:42:03.498+0000] {processor.py:157} INFO - Started process (PID=823) to work on /home/airflow/.local/lib/python3.8/site-packages/airflow/example_dags/example_branch_python_dop_operator_3.py
[2024-08-26T12:42:03.500+0000] {processor.py:829} INFO - Processing file /home/airflow/.local/lib/python3.8/site-packages/airflow/example_dags/example_branch_python_dop_operator_3.py for tasks to queue
[2024-08-26T12:42:03.504+0000] {logging_mixin.py:154} INFO - [2024-08-26T12:42:03.504+0000] {dagbag.py:536} INFO - Filling up the DagBag from /home/airflow/.local/lib/python3.8/site-packages/airflow/example_dags/example_branch_python_dop_operator_3.py
[2024-08-26T12:42:03.522+0000] {processor.py:839} INFO - DAG(s) dict_keys(['example_branch_dop_operator_v3']) retrieved from /home/airflow/.local/lib/python3.8/site-packages/airflow/example_dags/example_branch_python_dop_operator_3.py
[2024-08-26T12:42:03.565+0000] {logging_mixin.py:154} INFO - [2024-08-26T12:42:03.565+0000] {dag.py:2941} INFO - Sync 1 DAGs
[2024-08-26T12:42:03.625+0000] {logging_mixin.py:154} INFO - [2024-08-26T12:42:03.625+0000] {dag.py:3722} INFO - Setting next_dagrun for example_branch_dop_operator_v3 to 2024-08-26T12:41:00+00:00, run_after=2024-08-26T12:42:00+00:00
[2024-08-26T12:42:03.704+0000] {processor.py:179} INFO - Processing /home/airflow/.local/lib/python3.8/site-packages/airflow/example_dags/example_branch_python_dop_operator_3.py took 0.212 seconds
[2024-08-26T12:42:33.938+0000] {processor.py:157} INFO - Started process (PID=889) to work on /home/airflow/.local/lib/python3.8/site-packages/airflow/example_dags/example_branch_python_dop_operator_3.py
[2024-08-26T12:42:33.939+0000] {processor.py:829} INFO - Processing file /home/airflow/.local/lib/python3.8/site-packages/airflow/example_dags/example_branch_python_dop_operator_3.py for tasks to queue
[2024-08-26T12:42:33.943+0000] {logging_mixin.py:154} INFO - [2024-08-26T12:42:33.943+0000] {dagbag.py:536} INFO - Filling up the DagBag from /home/airflow/.local/lib/python3.8/site-packages/airflow/example_dags/example_branch_python_dop_operator_3.py
[2024-08-26T12:42:33.961+0000] {processor.py:839} INFO - DAG(s) dict_keys(['example_branch_dop_operator_v3']) retrieved from /home/airflow/.local/lib/python3.8/site-packages/airflow/example_dags/example_branch_python_dop_operator_3.py
[2024-08-26T12:42:34.000+0000] {logging_mixin.py:154} INFO - [2024-08-26T12:42:34.000+0000] {dag.py:2941} INFO - Sync 1 DAGs
[2024-08-26T12:42:34.065+0000] {logging_mixin.py:154} INFO - [2024-08-26T12:42:34.065+0000] {dag.py:3722} INFO - Setting next_dagrun for example_branch_dop_operator_v3 to 2024-08-26T12:41:00+00:00, run_after=2024-08-26T12:42:00+00:00
[2024-08-26T12:42:34.108+0000] {processor.py:179} INFO - Processing /home/airflow/.local/lib/python3.8/site-packages/airflow/example_dags/example_branch_python_dop_operator_3.py took 0.176 seconds
[2024-08-26T12:43:04.231+0000] {processor.py:157} INFO - Started process (PID=953) to work on /home/airflow/.local/lib/python3.8/site-packages/airflow/example_dags/example_branch_python_dop_operator_3.py
[2024-08-26T12:43:04.233+0000] {processor.py:829} INFO - Processing file /home/airflow/.local/lib/python3.8/site-packages/airflow/example_dags/example_branch_python_dop_operator_3.py for tasks to queue
[2024-08-26T12:43:04.237+0000] {logging_mixin.py:154} INFO - [2024-08-26T12:43:04.237+0000] {dagbag.py:536} INFO - Filling up the DagBag from /home/airflow/.local/lib/python3.8/site-packages/airflow/example_dags/example_branch_python_dop_operator_3.py
[2024-08-26T12:43:04.252+0000] {processor.py:839} INFO - DAG(s) dict_keys(['example_branch_dop_operator_v3']) retrieved from /home/airflow/.local/lib/python3.8/site-packages/airflow/example_dags/example_branch_python_dop_operator_3.py
[2024-08-26T12:43:04.302+0000] {logging_mixin.py:154} INFO - [2024-08-26T12:43:04.302+0000] {dag.py:2941} INFO - Sync 1 DAGs
[2024-08-26T12:43:04.371+0000] {logging_mixin.py:154} INFO - [2024-08-26T12:43:04.370+0000] {dag.py:3722} INFO - Setting next_dagrun for example_branch_dop_operator_v3 to 2024-08-26T12:42:00+00:00, run_after=2024-08-26T12:43:00+00:00
[2024-08-26T12:43:04.450+0000] {processor.py:179} INFO - Processing /home/airflow/.local/lib/python3.8/site-packages/airflow/example_dags/example_branch_python_dop_operator_3.py took 0.224 seconds
[2024-08-26T12:43:34.752+0000] {processor.py:157} INFO - Started process (PID=1031) to work on /home/airflow/.local/lib/python3.8/site-packages/airflow/example_dags/example_branch_python_dop_operator_3.py
[2024-08-26T12:43:34.754+0000] {processor.py:829} INFO - Processing file /home/airflow/.local/lib/python3.8/site-packages/airflow/example_dags/example_branch_python_dop_operator_3.py for tasks to queue
[2024-08-26T12:43:34.758+0000] {logging_mixin.py:154} INFO - [2024-08-26T12:43:34.758+0000] {dagbag.py:536} INFO - Filling up the DagBag from /home/airflow/.local/lib/python3.8/site-packages/airflow/example_dags/example_branch_python_dop_operator_3.py
[2024-08-26T12:43:34.779+0000] {processor.py:839} INFO - DAG(s) dict_keys(['example_branch_dop_operator_v3']) retrieved from /home/airflow/.local/lib/python3.8/site-packages/airflow/example_dags/example_branch_python_dop_operator_3.py
[2024-08-26T12:43:34.815+0000] {logging_mixin.py:154} INFO - [2024-08-26T12:43:34.815+0000] {dag.py:2941} INFO - Sync 1 DAGs
[2024-08-26T12:43:34.882+0000] {logging_mixin.py:154} INFO - [2024-08-26T12:43:34.881+0000] {dag.py:3722} INFO - Setting next_dagrun for example_branch_dop_operator_v3 to 2024-08-26T12:42:00+00:00, run_after=2024-08-26T12:43:00+00:00
[2024-08-26T12:43:34.921+0000] {processor.py:179} INFO - Processing /home/airflow/.local/lib/python3.8/site-packages/airflow/example_dags/example_branch_python_dop_operator_3.py took 0.175 seconds
[2024-08-26T12:44:05.443+0000] {processor.py:157} INFO - Started process (PID=1097) to work on /home/airflow/.local/lib/python3.8/site-packages/airflow/example_dags/example_branch_python_dop_operator_3.py
[2024-08-26T12:44:05.445+0000] {processor.py:829} INFO - Processing file /home/airflow/.local/lib/python3.8/site-packages/airflow/example_dags/example_branch_python_dop_operator_3.py for tasks to queue
[2024-08-26T12:44:05.448+0000] {logging_mixin.py:154} INFO - [2024-08-26T12:44:05.448+0000] {dagbag.py:536} INFO - Filling up the DagBag from /home/airflow/.local/lib/python3.8/site-packages/airflow/example_dags/example_branch_python_dop_operator_3.py
[2024-08-26T12:44:05.465+0000] {processor.py:839} INFO - DAG(s) dict_keys(['example_branch_dop_operator_v3']) retrieved from /home/airflow/.local/lib/python3.8/site-packages/airflow/example_dags/example_branch_python_dop_operator_3.py
[2024-08-26T12:44:05.502+0000] {logging_mixin.py:154} INFO - [2024-08-26T12:44:05.501+0000] {dag.py:2941} INFO - Sync 1 DAGs
[2024-08-26T12:44:05.559+0000] {logging_mixin.py:154} INFO - [2024-08-26T12:44:05.559+0000] {dag.py:3722} INFO - Setting next_dagrun for example_branch_dop_operator_v3 to 2024-08-26T12:43:00+00:00, run_after=2024-08-26T12:44:00+00:00
[2024-08-26T12:44:05.592+0000] {processor.py:179} INFO - Processing /home/airflow/.local/lib/python3.8/site-packages/airflow/example_dags/example_branch_python_dop_operator_3.py took 0.155 seconds
[2024-08-26T12:44:36.275+0000] {processor.py:157} INFO - Started process (PID=1164) to work on /home/airflow/.local/lib/python3.8/site-packages/airflow/example_dags/example_branch_python_dop_operator_3.py
[2024-08-26T12:44:36.276+0000] {processor.py:829} INFO - Processing file /home/airflow/.local/lib/python3.8/site-packages/airflow/example_dags/example_branch_python_dop_operator_3.py for tasks to queue
[2024-08-26T12:44:36.281+0000] {logging_mixin.py:154} INFO - [2024-08-26T12:44:36.281+0000] {dagbag.py:536} INFO - Filling up the DagBag from /home/airflow/.local/lib/python3.8/site-packages/airflow/example_dags/example_branch_python_dop_operator_3.py
[2024-08-26T12:44:36.297+0000] {processor.py:839} INFO - DAG(s) dict_keys(['example_branch_dop_operator_v3']) retrieved from /home/airflow/.local/lib/python3.8/site-packages/airflow/example_dags/example_branch_python_dop_operator_3.py
[2024-08-26T12:44:36.340+0000] {logging_mixin.py:154} INFO - [2024-08-26T12:44:36.339+0000] {dag.py:2941} INFO - Sync 1 DAGs
[2024-08-26T12:44:36.404+0000] {logging_mixin.py:154} INFO - [2024-08-26T12:44:36.404+0000] {dag.py:3722} INFO - Setting next_dagrun for example_branch_dop_operator_v3 to 2024-08-26T12:43:00+00:00, run_after=2024-08-26T12:44:00+00:00
[2024-08-26T12:44:36.444+0000] {processor.py:179} INFO - Processing /home/airflow/.local/lib/python3.8/site-packages/airflow/example_dags/example_branch_python_dop_operator_3.py took 0.176 seconds
[2024-08-26T12:45:07.101+0000] {processor.py:157} INFO - Started process (PID=1230) to work on /home/airflow/.local/lib/python3.8/site-packages/airflow/example_dags/example_branch_python_dop_operator_3.py
[2024-08-26T12:45:07.103+0000] {processor.py:829} INFO - Processing file /home/airflow/.local/lib/python3.8/site-packages/airflow/example_dags/example_branch_python_dop_operator_3.py for tasks to queue
[2024-08-26T12:45:07.107+0000] {logging_mixin.py:154} INFO - [2024-08-26T12:45:07.106+0000] {dagbag.py:536} INFO - Filling up the DagBag from /home/airflow/.local/lib/python3.8/site-packages/airflow/example_dags/example_branch_python_dop_operator_3.py
[2024-08-26T12:45:07.127+0000] {processor.py:839} INFO - DAG(s) dict_keys(['example_branch_dop_operator_v3']) retrieved from /home/airflow/.local/lib/python3.8/site-packages/airflow/example_dags/example_branch_python_dop_operator_3.py
[2024-08-26T12:45:07.170+0000] {logging_mixin.py:154} INFO - [2024-08-26T12:45:07.169+0000] {dag.py:2941} INFO - Sync 1 DAGs
[2024-08-26T12:45:07.229+0000] {logging_mixin.py:154} INFO - [2024-08-26T12:45:07.229+0000] {dag.py:3722} INFO - Setting next_dagrun for example_branch_dop_operator_v3 to 2024-08-26T12:44:00+00:00, run_after=2024-08-26T12:45:00+00:00
[2024-08-26T12:45:07.264+0000] {processor.py:179} INFO - Processing /home/airflow/.local/lib/python3.8/site-packages/airflow/example_dags/example_branch_python_dop_operator_3.py took 0.170 seconds
[2024-08-26T12:45:37.489+0000] {processor.py:157} INFO - Started process (PID=1296) to work on /home/airflow/.local/lib/python3.8/site-packages/airflow/example_dags/example_branch_python_dop_operator_3.py
[2024-08-26T12:45:37.495+0000] {processor.py:829} INFO - Processing file /home/airflow/.local/lib/python3.8/site-packages/airflow/example_dags/example_branch_python_dop_operator_3.py for tasks to queue
[2024-08-26T12:45:37.499+0000] {logging_mixin.py:154} INFO - [2024-08-26T12:45:37.498+0000] {dagbag.py:536} INFO - Filling up the DagBag from /home/airflow/.local/lib/python3.8/site-packages/airflow/example_dags/example_branch_python_dop_operator_3.py
[2024-08-26T12:45:37.515+0000] {processor.py:839} INFO - DAG(s) dict_keys(['example_branch_dop_operator_v3']) retrieved from /home/airflow/.local/lib/python3.8/site-packages/airflow/example_dags/example_branch_python_dop_operator_3.py
[2024-08-26T12:45:37.550+0000] {logging_mixin.py:154} INFO - [2024-08-26T12:45:37.550+0000] {dag.py:2941} INFO - Sync 1 DAGs
[2024-08-26T12:45:37.597+0000] {logging_mixin.py:154} INFO - [2024-08-26T12:45:37.596+0000] {dag.py:3722} INFO - Setting next_dagrun for example_branch_dop_operator_v3 to 2024-08-26T12:44:00+00:00, run_after=2024-08-26T12:45:00+00:00
[2024-08-26T12:45:37.666+0000] {processor.py:179} INFO - Processing /home/airflow/.local/lib/python3.8/site-packages/airflow/example_dags/example_branch_python_dop_operator_3.py took 0.184 seconds
[2024-08-26T12:46:07.860+0000] {processor.py:157} INFO - Started process (PID=1361) to work on /home/airflow/.local/lib/python3.8/site-packages/airflow/example_dags/example_branch_python_dop_operator_3.py
[2024-08-26T12:46:07.861+0000] {processor.py:829} INFO - Processing file /home/airflow/.local/lib/python3.8/site-packages/airflow/example_dags/example_branch_python_dop_operator_3.py for tasks to queue
[2024-08-26T12:46:07.865+0000] {logging_mixin.py:154} INFO - [2024-08-26T12:46:07.864+0000] {dagbag.py:536} INFO - Filling up the DagBag from /home/airflow/.local/lib/python3.8/site-packages/airflow/example_dags/example_branch_python_dop_operator_3.py
[2024-08-26T12:46:07.883+0000] {processor.py:839} INFO - DAG(s) dict_keys(['example_branch_dop_operator_v3']) retrieved from /home/airflow/.local/lib/python3.8/site-packages/airflow/example_dags/example_branch_python_dop_operator_3.py
[2024-08-26T12:46:07.919+0000] {logging_mixin.py:154} INFO - [2024-08-26T12:46:07.919+0000] {dag.py:2941} INFO - Sync 1 DAGs
[2024-08-26T12:46:07.982+0000] {logging_mixin.py:154} INFO - [2024-08-26T12:46:07.982+0000] {dag.py:3722} INFO - Setting next_dagrun for example_branch_dop_operator_v3 to 2024-08-26T12:45:00+00:00, run_after=2024-08-26T12:46:00+00:00
[2024-08-26T12:46:08.057+0000] {processor.py:179} INFO - Processing /home/airflow/.local/lib/python3.8/site-packages/airflow/example_dags/example_branch_python_dop_operator_3.py took 0.202 seconds
[2024-08-26T12:46:38.396+0000] {processor.py:157} INFO - Started process (PID=1427) to work on /home/airflow/.local/lib/python3.8/site-packages/airflow/example_dags/example_branch_python_dop_operator_3.py
[2024-08-26T12:46:38.398+0000] {processor.py:829} INFO - Processing file /home/airflow/.local/lib/python3.8/site-packages/airflow/example_dags/example_branch_python_dop_operator_3.py for tasks to queue
[2024-08-26T12:46:38.402+0000] {logging_mixin.py:154} INFO - [2024-08-26T12:46:38.401+0000] {dagbag.py:536} INFO - Filling up the DagBag from /home/airflow/.local/lib/python3.8/site-packages/airflow/example_dags/example_branch_python_dop_operator_3.py
[2024-08-26T12:46:38.415+0000] {processor.py:839} INFO - DAG(s) dict_keys(['example_branch_dop_operator_v3']) retrieved from /home/airflow/.local/lib/python3.8/site-packages/airflow/example_dags/example_branch_python_dop_operator_3.py
[2024-08-26T12:46:38.454+0000] {logging_mixin.py:154} INFO - [2024-08-26T12:46:38.453+0000] {dag.py:2941} INFO - Sync 1 DAGs
[2024-08-26T12:46:38.506+0000] {logging_mixin.py:154} INFO - [2024-08-26T12:46:38.506+0000] {dag.py:3722} INFO - Setting next_dagrun for example_branch_dop_operator_v3 to 2024-08-26T12:45:00+00:00, run_after=2024-08-26T12:46:00+00:00
[2024-08-26T12:46:38.542+0000] {processor.py:179} INFO - Processing /home/airflow/.local/lib/python3.8/site-packages/airflow/example_dags/example_branch_python_dop_operator_3.py took 0.152 seconds
[2024-08-26T12:47:09.136+0000] {processor.py:157} INFO - Started process (PID=1494) to work on /home/airflow/.local/lib/python3.8/site-packages/airflow/example_dags/example_branch_python_dop_operator_3.py
[2024-08-26T12:47:09.138+0000] {processor.py:829} INFO - Processing file /home/airflow/.local/lib/python3.8/site-packages/airflow/example_dags/example_branch_python_dop_operator_3.py for tasks to queue
[2024-08-26T12:47:09.142+0000] {logging_mixin.py:154} INFO - [2024-08-26T12:47:09.142+0000] {dagbag.py:536} INFO - Filling up the DagBag from /home/airflow/.local/lib/python3.8/site-packages/airflow/example_dags/example_branch_python_dop_operator_3.py
[2024-08-26T12:47:09.160+0000] {processor.py:839} INFO - DAG(s) dict_keys(['example_branch_dop_operator_v3']) retrieved from /home/airflow/.local/lib/python3.8/site-packages/airflow/example_dags/example_branch_python_dop_operator_3.py
[2024-08-26T12:47:09.201+0000] {logging_mixin.py:154} INFO - [2024-08-26T12:47:09.201+0000] {dag.py:2941} INFO - Sync 1 DAGs
[2024-08-26T12:47:09.258+0000] {logging_mixin.py:154} INFO - [2024-08-26T12:47:09.257+0000] {dag.py:3722} INFO - Setting next_dagrun for example_branch_dop_operator_v3 to 2024-08-26T12:46:00+00:00, run_after=2024-08-26T12:47:00+00:00
[2024-08-26T12:47:09.308+0000] {processor.py:179} INFO - Processing /home/airflow/.local/lib/python3.8/site-packages/airflow/example_dags/example_branch_python_dop_operator_3.py took 0.178 seconds
[2024-08-26T12:47:39.391+0000] {processor.py:157} INFO - Started process (PID=1560) to work on /home/airflow/.local/lib/python3.8/site-packages/airflow/example_dags/example_branch_python_dop_operator_3.py
[2024-08-26T12:47:39.393+0000] {processor.py:829} INFO - Processing file /home/airflow/.local/lib/python3.8/site-packages/airflow/example_dags/example_branch_python_dop_operator_3.py for tasks to queue
[2024-08-26T12:47:39.397+0000] {logging_mixin.py:154} INFO - [2024-08-26T12:47:39.396+0000] {dagbag.py:536} INFO - Filling up the DagBag from /home/airflow/.local/lib/python3.8/site-packages/airflow/example_dags/example_branch_python_dop_operator_3.py
[2024-08-26T12:47:39.412+0000] {processor.py:839} INFO - DAG(s) dict_keys(['example_branch_dop_operator_v3']) retrieved from /home/airflow/.local/lib/python3.8/site-packages/airflow/example_dags/example_branch_python_dop_operator_3.py
[2024-08-26T12:47:39.450+0000] {logging_mixin.py:154} INFO - [2024-08-26T12:47:39.449+0000] {dag.py:2941} INFO - Sync 1 DAGs
[2024-08-26T12:47:39.509+0000] {logging_mixin.py:154} INFO - [2024-08-26T12:47:39.509+0000] {dag.py:3722} INFO - Setting next_dagrun for example_branch_dop_operator_v3 to 2024-08-26T12:46:00+00:00, run_after=2024-08-26T12:47:00+00:00
[2024-08-26T12:47:39.577+0000] {processor.py:179} INFO - Processing /home/airflow/.local/lib/python3.8/site-packages/airflow/example_dags/example_branch_python_dop_operator_3.py took 0.190 seconds
[2024-08-26T12:48:09.713+0000] {processor.py:157} INFO - Started process (PID=1626) to work on /home/airflow/.local/lib/python3.8/site-packages/airflow/example_dags/example_branch_python_dop_operator_3.py
[2024-08-26T12:48:09.715+0000] {processor.py:829} INFO - Processing file /home/airflow/.local/lib/python3.8/site-packages/airflow/example_dags/example_branch_python_dop_operator_3.py for tasks to queue
[2024-08-26T12:48:09.720+0000] {logging_mixin.py:154} INFO - [2024-08-26T12:48:09.719+0000] {dagbag.py:536} INFO - Filling up the DagBag from /home/airflow/.local/lib/python3.8/site-packages/airflow/example_dags/example_branch_python_dop_operator_3.py
[2024-08-26T12:48:09.737+0000] {processor.py:839} INFO - DAG(s) dict_keys(['example_branch_dop_operator_v3']) retrieved from /home/airflow/.local/lib/python3.8/site-packages/airflow/example_dags/example_branch_python_dop_operator_3.py
[2024-08-26T12:48:09.772+0000] {logging_mixin.py:154} INFO - [2024-08-26T12:48:09.772+0000] {dag.py:2941} INFO - Sync 1 DAGs
[2024-08-26T12:48:09.835+0000] {logging_mixin.py:154} INFO - [2024-08-26T12:48:09.835+0000] {dag.py:3722} INFO - Setting next_dagrun for example_branch_dop_operator_v3 to 2024-08-26T12:47:00+00:00, run_after=2024-08-26T12:48:00+00:00
[2024-08-26T12:48:09.890+0000] {processor.py:179} INFO - Processing /home/airflow/.local/lib/python3.8/site-packages/airflow/example_dags/example_branch_python_dop_operator_3.py took 0.185 seconds
[2024-08-26T12:49:38.015+0000] {processor.py:157} INFO - Started process (PID=1694) to work on /home/airflow/.local/lib/python3.8/site-packages/airflow/example_dags/example_branch_python_dop_operator_3.py
[2024-08-26T12:49:38.017+0000] {processor.py:829} INFO - Processing file /home/airflow/.local/lib/python3.8/site-packages/airflow/example_dags/example_branch_python_dop_operator_3.py for tasks to queue
[2024-08-26T12:49:38.021+0000] {logging_mixin.py:154} INFO - [2024-08-26T12:49:38.021+0000] {dagbag.py:536} INFO - Filling up the DagBag from /home/airflow/.local/lib/python3.8/site-packages/airflow/example_dags/example_branch_python_dop_operator_3.py
[2024-08-26T12:49:38.041+0000] {processor.py:839} INFO - DAG(s) dict_keys(['example_branch_dop_operator_v3']) retrieved from /home/airflow/.local/lib/python3.8/site-packages/airflow/example_dags/example_branch_python_dop_operator_3.py
[2024-08-26T12:49:38.081+0000] {logging_mixin.py:154} INFO - [2024-08-26T12:49:38.081+0000] {dag.py:2941} INFO - Sync 1 DAGs
[2024-08-26T12:49:38.132+0000] {logging_mixin.py:154} INFO - [2024-08-26T12:49:38.132+0000] {dag.py:3722} INFO - Setting next_dagrun for example_branch_dop_operator_v3 to 2024-08-26T12:48:00+00:00, run_after=2024-08-26T12:49:00+00:00
[2024-08-26T12:49:38.200+0000] {processor.py:179} INFO - Processing /home/airflow/.local/lib/python3.8/site-packages/airflow/example_dags/example_branch_python_dop_operator_3.py took 0.192 seconds
[2024-08-26T12:50:09.660+0000] {processor.py:157} INFO - Started process (PID=1761) to work on /home/airflow/.local/lib/python3.8/site-packages/airflow/example_dags/example_branch_python_dop_operator_3.py
[2024-08-26T12:50:09.661+0000] {processor.py:829} INFO - Processing file /home/airflow/.local/lib/python3.8/site-packages/airflow/example_dags/example_branch_python_dop_operator_3.py for tasks to queue
[2024-08-26T12:50:09.665+0000] {logging_mixin.py:154} INFO - [2024-08-26T12:50:09.664+0000] {dagbag.py:536} INFO - Filling up the DagBag from /home/airflow/.local/lib/python3.8/site-packages/airflow/example_dags/example_branch_python_dop_operator_3.py
[2024-08-26T12:50:09.680+0000] {processor.py:839} INFO - DAG(s) dict_keys(['example_branch_dop_operator_v3']) retrieved from /home/airflow/.local/lib/python3.8/site-packages/airflow/example_dags/example_branch_python_dop_operator_3.py
[2024-08-26T12:50:09.717+0000] {logging_mixin.py:154} INFO - [2024-08-26T12:50:09.716+0000] {dag.py:2941} INFO - Sync 1 DAGs
[2024-08-26T12:50:09.765+0000] {logging_mixin.py:154} INFO - [2024-08-26T12:50:09.765+0000] {dag.py:3722} INFO - Setting next_dagrun for example_branch_dop_operator_v3 to 2024-08-26T12:49:00+00:00, run_after=2024-08-26T12:50:00+00:00
[2024-08-26T12:50:09.805+0000] {processor.py:179} INFO - Processing /home/airflow/.local/lib/python3.8/site-packages/airflow/example_dags/example_branch_python_dop_operator_3.py took 0.151 seconds
[2024-08-26T12:50:40.955+0000] {processor.py:157} INFO - Started process (PID=1827) to work on /home/airflow/.local/lib/python3.8/site-packages/airflow/example_dags/example_branch_python_dop_operator_3.py
[2024-08-26T12:50:40.956+0000] {processor.py:829} INFO - Processing file /home/airflow/.local/lib/python3.8/site-packages/airflow/example_dags/example_branch_python_dop_operator_3.py for tasks to queue
[2024-08-26T12:50:40.961+0000] {logging_mixin.py:154} INFO - [2024-08-26T12:50:40.960+0000] {dagbag.py:536} INFO - Filling up the DagBag from /home/airflow/.local/lib/python3.8/site-packages/airflow/example_dags/example_branch_python_dop_operator_3.py
[2024-08-26T12:50:40.977+0000] {processor.py:839} INFO - DAG(s) dict_keys(['example_branch_dop_operator_v3']) retrieved from /home/airflow/.local/lib/python3.8/site-packages/airflow/example_dags/example_branch_python_dop_operator_3.py
[2024-08-26T12:50:41.017+0000] {logging_mixin.py:154} INFO - [2024-08-26T12:50:41.017+0000] {dag.py:2941} INFO - Sync 1 DAGs
[2024-08-26T12:50:41.067+0000] {logging_mixin.py:154} INFO - [2024-08-26T12:50:41.067+0000] {dag.py:3722} INFO - Setting next_dagrun for example_branch_dop_operator_v3 to 2024-08-26T12:49:00+00:00, run_after=2024-08-26T12:50:00+00:00
[2024-08-26T12:50:41.103+0000] {processor.py:179} INFO - Processing /home/airflow/.local/lib/python3.8/site-packages/airflow/example_dags/example_branch_python_dop_operator_3.py took 0.155 seconds
[2024-08-26T12:51:12.509+0000] {processor.py:157} INFO - Started process (PID=1893) to work on /home/airflow/.local/lib/python3.8/site-packages/airflow/example_dags/example_branch_python_dop_operator_3.py
[2024-08-26T12:51:12.511+0000] {processor.py:829} INFO - Processing file /home/airflow/.local/lib/python3.8/site-packages/airflow/example_dags/example_branch_python_dop_operator_3.py for tasks to queue
[2024-08-26T12:51:12.515+0000] {logging_mixin.py:154} INFO - [2024-08-26T12:51:12.515+0000] {dagbag.py:536} INFO - Filling up the DagBag from /home/airflow/.local/lib/python3.8/site-packages/airflow/example_dags/example_branch_python_dop_operator_3.py
[2024-08-26T12:51:12.534+0000] {processor.py:839} INFO - DAG(s) dict_keys(['example_branch_dop_operator_v3']) retrieved from /home/airflow/.local/lib/python3.8/site-packages/airflow/example_dags/example_branch_python_dop_operator_3.py
[2024-08-26T12:51:12.572+0000] {logging_mixin.py:154} INFO - [2024-08-26T12:51:12.571+0000] {dag.py:2941} INFO - Sync 1 DAGs
[2024-08-26T12:51:12.633+0000] {logging_mixin.py:154} INFO - [2024-08-26T12:51:12.633+0000] {dag.py:3722} INFO - Setting next_dagrun for example_branch_dop_operator_v3 to 2024-08-26T12:50:00+00:00, run_after=2024-08-26T12:51:00+00:00
[2024-08-26T12:51:12.666+0000] {processor.py:179} INFO - Processing /home/airflow/.local/lib/python3.8/site-packages/airflow/example_dags/example_branch_python_dop_operator_3.py took 0.164 seconds
[2024-08-26T12:51:43.414+0000] {processor.py:157} INFO - Started process (PID=1960) to work on /home/airflow/.local/lib/python3.8/site-packages/airflow/example_dags/example_branch_python_dop_operator_3.py
[2024-08-26T12:51:43.415+0000] {processor.py:829} INFO - Processing file /home/airflow/.local/lib/python3.8/site-packages/airflow/example_dags/example_branch_python_dop_operator_3.py for tasks to queue
[2024-08-26T12:51:43.420+0000] {logging_mixin.py:154} INFO - [2024-08-26T12:51:43.420+0000] {dagbag.py:536} INFO - Filling up the DagBag from /home/airflow/.local/lib/python3.8/site-packages/airflow/example_dags/example_branch_python_dop_operator_3.py
[2024-08-26T12:51:43.436+0000] {processor.py:839} INFO - DAG(s) dict_keys(['example_branch_dop_operator_v3']) retrieved from /home/airflow/.local/lib/python3.8/site-packages/airflow/example_dags/example_branch_python_dop_operator_3.py
[2024-08-26T12:51:43.474+0000] {logging_mixin.py:154} INFO - [2024-08-26T12:51:43.473+0000] {dag.py:2941} INFO - Sync 1 DAGs
[2024-08-26T12:51:43.536+0000] {logging_mixin.py:154} INFO - [2024-08-26T12:51:43.535+0000] {dag.py:3722} INFO - Setting next_dagrun for example_branch_dop_operator_v3 to 2024-08-26T12:50:00+00:00, run_after=2024-08-26T12:51:00+00:00
[2024-08-26T12:51:43.576+0000] {processor.py:179} INFO - Processing /home/airflow/.local/lib/python3.8/site-packages/airflow/example_dags/example_branch_python_dop_operator_3.py took 0.169 seconds
[2024-08-26T12:52:14.512+0000] {processor.py:157} INFO - Started process (PID=2026) to work on /home/airflow/.local/lib/python3.8/site-packages/airflow/example_dags/example_branch_python_dop_operator_3.py
[2024-08-26T12:52:14.513+0000] {processor.py:829} INFO - Processing file /home/airflow/.local/lib/python3.8/site-packages/airflow/example_dags/example_branch_python_dop_operator_3.py for tasks to queue
[2024-08-26T12:52:14.517+0000] {logging_mixin.py:154} INFO - [2024-08-26T12:52:14.517+0000] {dagbag.py:536} INFO - Filling up the DagBag from /home/airflow/.local/lib/python3.8/site-packages/airflow/example_dags/example_branch_python_dop_operator_3.py
[2024-08-26T12:52:14.532+0000] {processor.py:839} INFO - DAG(s) dict_keys(['example_branch_dop_operator_v3']) retrieved from /home/airflow/.local/lib/python3.8/site-packages/airflow/example_dags/example_branch_python_dop_operator_3.py
[2024-08-26T12:52:14.567+0000] {logging_mixin.py:154} INFO - [2024-08-26T12:52:14.567+0000] {dag.py:2941} INFO - Sync 1 DAGs
[2024-08-26T12:52:14.615+0000] {logging_mixin.py:154} INFO - [2024-08-26T12:52:14.614+0000] {dag.py:3722} INFO - Setting next_dagrun for example_branch_dop_operator_v3 to 2024-08-26T12:51:00+00:00, run_after=2024-08-26T12:52:00+00:00
[2024-08-26T12:52:14.688+0000] {processor.py:179} INFO - Processing /home/airflow/.local/lib/python3.8/site-packages/airflow/example_dags/example_branch_python_dop_operator_3.py took 0.181 seconds
[2024-08-26T12:52:45.235+0000] {processor.py:157} INFO - Started process (PID=2092) to work on /home/airflow/.local/lib/python3.8/site-packages/airflow/example_dags/example_branch_python_dop_operator_3.py
[2024-08-26T12:52:45.237+0000] {processor.py:829} INFO - Processing file /home/airflow/.local/lib/python3.8/site-packages/airflow/example_dags/example_branch_python_dop_operator_3.py for tasks to queue
[2024-08-26T12:52:45.242+0000] {logging_mixin.py:154} INFO - [2024-08-26T12:52:45.241+0000] {dagbag.py:536} INFO - Filling up the DagBag from /home/airflow/.local/lib/python3.8/site-packages/airflow/example_dags/example_branch_python_dop_operator_3.py
[2024-08-26T12:52:45.261+0000] {processor.py:839} INFO - DAG(s) dict_keys(['example_branch_dop_operator_v3']) retrieved from /home/airflow/.local/lib/python3.8/site-packages/airflow/example_dags/example_branch_python_dop_operator_3.py
[2024-08-26T12:52:45.299+0000] {logging_mixin.py:154} INFO - [2024-08-26T12:52:45.299+0000] {dag.py:2941} INFO - Sync 1 DAGs
[2024-08-26T12:52:45.354+0000] {logging_mixin.py:154} INFO - [2024-08-26T12:52:45.354+0000] {dag.py:3722} INFO - Setting next_dagrun for example_branch_dop_operator_v3 to 2024-08-26T12:51:00+00:00, run_after=2024-08-26T12:52:00+00:00
[2024-08-26T12:52:45.430+0000] {processor.py:179} INFO - Processing /home/airflow/.local/lib/python3.8/site-packages/airflow/example_dags/example_branch_python_dop_operator_3.py took 0.202 seconds
[2024-08-26T12:53:16.300+0000] {processor.py:157} INFO - Started process (PID=2158) to work on /home/airflow/.local/lib/python3.8/site-packages/airflow/example_dags/example_branch_python_dop_operator_3.py
[2024-08-26T12:53:16.302+0000] {processor.py:829} INFO - Processing file /home/airflow/.local/lib/python3.8/site-packages/airflow/example_dags/example_branch_python_dop_operator_3.py for tasks to queue
[2024-08-26T12:53:16.306+0000] {logging_mixin.py:154} INFO - [2024-08-26T12:53:16.305+0000] {dagbag.py:536} INFO - Filling up the DagBag from /home/airflow/.local/lib/python3.8/site-packages/airflow/example_dags/example_branch_python_dop_operator_3.py
[2024-08-26T12:53:16.325+0000] {processor.py:839} INFO - DAG(s) dict_keys(['example_branch_dop_operator_v3']) retrieved from /home/airflow/.local/lib/python3.8/site-packages/airflow/example_dags/example_branch_python_dop_operator_3.py
[2024-08-26T12:53:16.362+0000] {logging_mixin.py:154} INFO - [2024-08-26T12:53:16.362+0000] {dag.py:2941} INFO - Sync 1 DAGs
[2024-08-26T12:53:16.412+0000] {logging_mixin.py:154} INFO - [2024-08-26T12:53:16.411+0000] {dag.py:3722} INFO - Setting next_dagrun for example_branch_dop_operator_v3 to 2024-08-26T12:52:00+00:00, run_after=2024-08-26T12:53:00+00:00
[2024-08-26T12:53:16.450+0000] {processor.py:179} INFO - Processing /home/airflow/.local/lib/python3.8/site-packages/airflow/example_dags/example_branch_python_dop_operator_3.py took 0.155 seconds
[2024-08-26T12:54:02.004+0000] {processor.py:157} INFO - Started process (PID=2216) to work on /home/airflow/.local/lib/python3.8/site-packages/airflow/example_dags/example_branch_python_dop_operator_3.py
[2024-08-26T12:54:02.005+0000] {processor.py:829} INFO - Processing file /home/airflow/.local/lib/python3.8/site-packages/airflow/example_dags/example_branch_python_dop_operator_3.py for tasks to queue
[2024-08-26T12:54:02.009+0000] {logging_mixin.py:154} INFO - [2024-08-26T12:54:02.009+0000] {dagbag.py:536} INFO - Filling up the DagBag from /home/airflow/.local/lib/python3.8/site-packages/airflow/example_dags/example_branch_python_dop_operator_3.py
[2024-08-26T12:54:02.025+0000] {processor.py:839} INFO - DAG(s) dict_keys(['example_branch_dop_operator_v3']) retrieved from /home/airflow/.local/lib/python3.8/site-packages/airflow/example_dags/example_branch_python_dop_operator_3.py
[2024-08-26T12:54:02.066+0000] {logging_mixin.py:154} INFO - [2024-08-26T12:54:02.066+0000] {dag.py:2941} INFO - Sync 1 DAGs
[2024-08-26T12:54:02.122+0000] {logging_mixin.py:154} INFO - [2024-08-26T12:54:02.122+0000] {dag.py:3722} INFO - Setting next_dagrun for example_branch_dop_operator_v3 to 2024-08-26T12:53:00+00:00, run_after=2024-08-26T12:54:00+00:00
[2024-08-26T12:54:02.163+0000] {processor.py:179} INFO - Processing /home/airflow/.local/lib/python3.8/site-packages/airflow/example_dags/example_branch_python_dop_operator_3.py took 0.165 seconds
[2024-08-26T12:54:35.530+0000] {processor.py:157} INFO - Started process (PID=2289) to work on /home/airflow/.local/lib/python3.8/site-packages/airflow/example_dags/example_branch_python_dop_operator_3.py
[2024-08-26T12:54:35.532+0000] {processor.py:829} INFO - Processing file /home/airflow/.local/lib/python3.8/site-packages/airflow/example_dags/example_branch_python_dop_operator_3.py for tasks to queue
[2024-08-26T12:54:35.536+0000] {logging_mixin.py:154} INFO - [2024-08-26T12:54:35.535+0000] {dagbag.py:536} INFO - Filling up the DagBag from /home/airflow/.local/lib/python3.8/site-packages/airflow/example_dags/example_branch_python_dop_operator_3.py
[2024-08-26T12:54:35.558+0000] {processor.py:839} INFO - DAG(s) dict_keys(['example_branch_dop_operator_v3']) retrieved from /home/airflow/.local/lib/python3.8/site-packages/airflow/example_dags/example_branch_python_dop_operator_3.py
[2024-08-26T12:54:35.600+0000] {logging_mixin.py:154} INFO - [2024-08-26T12:54:35.599+0000] {dag.py:2941} INFO - Sync 1 DAGs
[2024-08-26T12:54:35.659+0000] {logging_mixin.py:154} INFO - [2024-08-26T12:54:35.658+0000] {dag.py:3722} INFO - Setting next_dagrun for example_branch_dop_operator_v3 to 2024-08-26T12:53:00+00:00, run_after=2024-08-26T12:54:00+00:00
[2024-08-26T12:54:35.717+0000] {processor.py:179} INFO - Processing /home/airflow/.local/lib/python3.8/site-packages/airflow/example_dags/example_branch_python_dop_operator_3.py took 0.194 seconds
[2024-08-26T12:55:07.516+0000] {processor.py:157} INFO - Started process (PID=2355) to work on /home/airflow/.local/lib/python3.8/site-packages/airflow/example_dags/example_branch_python_dop_operator_3.py
[2024-08-26T12:55:07.518+0000] {processor.py:829} INFO - Processing file /home/airflow/.local/lib/python3.8/site-packages/airflow/example_dags/example_branch_python_dop_operator_3.py for tasks to queue
[2024-08-26T12:55:07.522+0000] {logging_mixin.py:154} INFO - [2024-08-26T12:55:07.522+0000] {dagbag.py:536} INFO - Filling up the DagBag from /home/airflow/.local/lib/python3.8/site-packages/airflow/example_dags/example_branch_python_dop_operator_3.py
[2024-08-26T12:55:07.542+0000] {processor.py:839} INFO - DAG(s) dict_keys(['example_branch_dop_operator_v3']) retrieved from /home/airflow/.local/lib/python3.8/site-packages/airflow/example_dags/example_branch_python_dop_operator_3.py
[2024-08-26T12:55:07.588+0000] {logging_mixin.py:154} INFO - [2024-08-26T12:55:07.587+0000] {dag.py:2941} INFO - Sync 1 DAGs
[2024-08-26T12:55:07.829+0000] {logging_mixin.py:154} INFO - [2024-08-26T12:55:07.829+0000] {dag.py:3722} INFO - Setting next_dagrun for example_branch_dop_operator_v3 to 2024-08-26T12:54:00+00:00, run_after=2024-08-26T12:55:00+00:00
[2024-08-26T12:55:07.903+0000] {processor.py:179} INFO - Processing /home/airflow/.local/lib/python3.8/site-packages/airflow/example_dags/example_branch_python_dop_operator_3.py took 0.395 seconds
[2024-08-26T12:55:38.511+0000] {processor.py:157} INFO - Started process (PID=2421) to work on /home/airflow/.local/lib/python3.8/site-packages/airflow/example_dags/example_branch_python_dop_operator_3.py
[2024-08-26T12:55:38.513+0000] {processor.py:829} INFO - Processing file /home/airflow/.local/lib/python3.8/site-packages/airflow/example_dags/example_branch_python_dop_operator_3.py for tasks to queue
[2024-08-26T12:55:38.517+0000] {logging_mixin.py:154} INFO - [2024-08-26T12:55:38.516+0000] {dagbag.py:536} INFO - Filling up the DagBag from /home/airflow/.local/lib/python3.8/site-packages/airflow/example_dags/example_branch_python_dop_operator_3.py
[2024-08-26T12:55:38.535+0000] {processor.py:839} INFO - DAG(s) dict_keys(['example_branch_dop_operator_v3']) retrieved from /home/airflow/.local/lib/python3.8/site-packages/airflow/example_dags/example_branch_python_dop_operator_3.py
[2024-08-26T12:55:38.575+0000] {logging_mixin.py:154} INFO - [2024-08-26T12:55:38.575+0000] {dag.py:2941} INFO - Sync 1 DAGs
[2024-08-26T12:55:38.629+0000] {logging_mixin.py:154} INFO - [2024-08-26T12:55:38.628+0000] {dag.py:3722} INFO - Setting next_dagrun for example_branch_dop_operator_v3 to 2024-08-26T12:54:00+00:00, run_after=2024-08-26T12:55:00+00:00
[2024-08-26T12:55:38.709+0000] {processor.py:179} INFO - Processing /home/airflow/.local/lib/python3.8/site-packages/airflow/example_dags/example_branch_python_dop_operator_3.py took 0.205 seconds
[2024-08-26T12:56:09.797+0000] {processor.py:157} INFO - Started process (PID=2487) to work on /home/airflow/.local/lib/python3.8/site-packages/airflow/example_dags/example_branch_python_dop_operator_3.py
[2024-08-26T12:56:09.799+0000] {processor.py:829} INFO - Processing file /home/airflow/.local/lib/python3.8/site-packages/airflow/example_dags/example_branch_python_dop_operator_3.py for tasks to queue
[2024-08-26T12:56:09.803+0000] {logging_mixin.py:154} INFO - [2024-08-26T12:56:09.803+0000] {dagbag.py:536} INFO - Filling up the DagBag from /home/airflow/.local/lib/python3.8/site-packages/airflow/example_dags/example_branch_python_dop_operator_3.py
[2024-08-26T12:56:09.820+0000] {processor.py:839} INFO - DAG(s) dict_keys(['example_branch_dop_operator_v3']) retrieved from /home/airflow/.local/lib/python3.8/site-packages/airflow/example_dags/example_branch_python_dop_operator_3.py
[2024-08-26T12:56:09.858+0000] {logging_mixin.py:154} INFO - [2024-08-26T12:56:09.857+0000] {dag.py:2941} INFO - Sync 1 DAGs
[2024-08-26T12:56:09.919+0000] {logging_mixin.py:154} INFO - [2024-08-26T12:56:09.919+0000] {dag.py:3722} INFO - Setting next_dagrun for example_branch_dop_operator_v3 to 2024-08-26T12:55:00+00:00, run_after=2024-08-26T12:56:00+00:00
[2024-08-26T12:56:09.997+0000] {processor.py:179} INFO - Processing /home/airflow/.local/lib/python3.8/site-packages/airflow/example_dags/example_branch_python_dop_operator_3.py took 0.205 seconds
