[2024-08-26T08:44:53.216+0000] {processor.py:157} INFO - Started process (PID=57) to work on /home/airflow/.local/lib/python3.8/site-packages/airflow/example_dags/example_task_group_decorator.py
[2024-08-26T08:44:53.217+0000] {processor.py:829} INFO - Processing file /home/airflow/.local/lib/python3.8/site-packages/airflow/example_dags/example_task_group_decorator.py for tasks to queue
[2024-08-26T08:44:53.219+0000] {logging_mixin.py:154} INFO - [2024-08-26T08:44:53.219+0000] {dagbag.py:536} INFO - Filling up the DagBag from /home/airflow/.local/lib/python3.8/site-packages/airflow/example_dags/example_task_group_decorator.py
[2024-08-26T08:44:53.234+0000] {processor.py:839} INFO - DAG(s) dict_keys(['example_task_group_decorator']) retrieved from /home/airflow/.local/lib/python3.8/site-packages/airflow/example_dags/example_task_group_decorator.py
[2024-08-26T08:44:53.268+0000] {logging_mixin.py:154} INFO - [2024-08-26T08:44:53.267+0000] {dag.py:2941} INFO - Sync 1 DAGs
[2024-08-26T08:44:53.289+0000] {logging_mixin.py:154} INFO - [2024-08-26T08:44:53.289+0000] {dag.py:3722} INFO - Setting next_dagrun for example_task_group_decorator to 2024-08-25T08:44:53.289381+00:00, run_after=2024-08-26T08:44:53.289381+00:00
[2024-08-26T08:44:53.313+0000] {processor.py:179} INFO - Processing /home/airflow/.local/lib/python3.8/site-packages/airflow/example_dags/example_task_group_decorator.py took 0.102 seconds
[2024-08-26T12:36:19.218+0000] {processor.py:157} INFO - Started process (PID=66) to work on /home/airflow/.local/lib/python3.8/site-packages/airflow/example_dags/example_task_group_decorator.py
[2024-08-26T12:36:19.219+0000] {processor.py:829} INFO - Processing file /home/airflow/.local/lib/python3.8/site-packages/airflow/example_dags/example_task_group_decorator.py for tasks to queue
[2024-08-26T12:36:19.222+0000] {logging_mixin.py:154} INFO - [2024-08-26T12:36:19.221+0000] {dagbag.py:536} INFO - Filling up the DagBag from /home/airflow/.local/lib/python3.8/site-packages/airflow/example_dags/example_task_group_decorator.py
[2024-08-26T12:36:19.241+0000] {processor.py:839} INFO - DAG(s) dict_keys(['example_task_group_decorator']) retrieved from /home/airflow/.local/lib/python3.8/site-packages/airflow/example_dags/example_task_group_decorator.py
[2024-08-26T12:36:19.281+0000] {logging_mixin.py:154} INFO - [2024-08-26T12:36:19.281+0000] {dag.py:2941} INFO - Sync 1 DAGs
[2024-08-26T12:36:19.306+0000] {logging_mixin.py:154} INFO - [2024-08-26T12:36:19.306+0000] {dag.py:3722} INFO - Setting next_dagrun for example_task_group_decorator to 2024-08-25T12:36:19.306187+00:00, run_after=2024-08-26T12:36:19.306187+00:00
[2024-08-26T12:36:19.325+0000] {processor.py:179} INFO - Processing /home/airflow/.local/lib/python3.8/site-packages/airflow/example_dags/example_task_group_decorator.py took 0.111 seconds
[2024-08-26T12:36:50.330+0000] {processor.py:157} INFO - Started process (PID=132) to work on /home/airflow/.local/lib/python3.8/site-packages/airflow/example_dags/example_task_group_decorator.py
[2024-08-26T12:36:50.332+0000] {processor.py:829} INFO - Processing file /home/airflow/.local/lib/python3.8/site-packages/airflow/example_dags/example_task_group_decorator.py for tasks to queue
[2024-08-26T12:36:50.334+0000] {logging_mixin.py:154} INFO - [2024-08-26T12:36:50.334+0000] {dagbag.py:536} INFO - Filling up the DagBag from /home/airflow/.local/lib/python3.8/site-packages/airflow/example_dags/example_task_group_decorator.py
[2024-08-26T12:36:50.348+0000] {processor.py:839} INFO - DAG(s) dict_keys(['example_task_group_decorator']) retrieved from /home/airflow/.local/lib/python3.8/site-packages/airflow/example_dags/example_task_group_decorator.py
[2024-08-26T12:36:50.375+0000] {logging_mixin.py:154} INFO - [2024-08-26T12:36:50.375+0000] {dag.py:2941} INFO - Sync 1 DAGs
[2024-08-26T12:36:50.398+0000] {logging_mixin.py:154} INFO - [2024-08-26T12:36:50.398+0000] {dag.py:3722} INFO - Setting next_dagrun for example_task_group_decorator to 2024-08-25T12:36:50.398337+00:00, run_after=2024-08-26T12:36:50.398337+00:00
[2024-08-26T12:36:50.421+0000] {processor.py:179} INFO - Processing /home/airflow/.local/lib/python3.8/site-packages/airflow/example_dags/example_task_group_decorator.py took 0.093 seconds
[2024-08-26T12:37:21.373+0000] {processor.py:157} INFO - Started process (PID=198) to work on /home/airflow/.local/lib/python3.8/site-packages/airflow/example_dags/example_task_group_decorator.py
[2024-08-26T12:37:21.374+0000] {processor.py:829} INFO - Processing file /home/airflow/.local/lib/python3.8/site-packages/airflow/example_dags/example_task_group_decorator.py for tasks to queue
[2024-08-26T12:37:21.379+0000] {logging_mixin.py:154} INFO - [2024-08-26T12:37:21.378+0000] {dagbag.py:536} INFO - Filling up the DagBag from /home/airflow/.local/lib/python3.8/site-packages/airflow/example_dags/example_task_group_decorator.py
[2024-08-26T12:37:21.409+0000] {processor.py:839} INFO - DAG(s) dict_keys(['example_task_group_decorator']) retrieved from /home/airflow/.local/lib/python3.8/site-packages/airflow/example_dags/example_task_group_decorator.py
[2024-08-26T12:37:21.457+0000] {logging_mixin.py:154} INFO - [2024-08-26T12:37:21.457+0000] {dag.py:2941} INFO - Sync 1 DAGs
[2024-08-26T12:37:21.496+0000] {logging_mixin.py:154} INFO - [2024-08-26T12:37:21.495+0000] {dag.py:3722} INFO - Setting next_dagrun for example_task_group_decorator to 2024-08-25T12:37:21.495481+00:00, run_after=2024-08-26T12:37:21.495481+00:00
[2024-08-26T12:37:21.534+0000] {processor.py:179} INFO - Processing /home/airflow/.local/lib/python3.8/site-packages/airflow/example_dags/example_task_group_decorator.py took 0.168 seconds
[2024-08-26T12:37:52.262+0000] {processor.py:157} INFO - Started process (PID=264) to work on /home/airflow/.local/lib/python3.8/site-packages/airflow/example_dags/example_task_group_decorator.py
[2024-08-26T12:37:52.264+0000] {processor.py:829} INFO - Processing file /home/airflow/.local/lib/python3.8/site-packages/airflow/example_dags/example_task_group_decorator.py for tasks to queue
[2024-08-26T12:37:52.267+0000] {logging_mixin.py:154} INFO - [2024-08-26T12:37:52.267+0000] {dagbag.py:536} INFO - Filling up the DagBag from /home/airflow/.local/lib/python3.8/site-packages/airflow/example_dags/example_task_group_decorator.py
[2024-08-26T12:37:52.295+0000] {processor.py:839} INFO - DAG(s) dict_keys(['example_task_group_decorator']) retrieved from /home/airflow/.local/lib/python3.8/site-packages/airflow/example_dags/example_task_group_decorator.py
[2024-08-26T12:37:52.348+0000] {logging_mixin.py:154} INFO - [2024-08-26T12:37:52.347+0000] {dag.py:2941} INFO - Sync 1 DAGs
[2024-08-26T12:37:52.389+0000] {logging_mixin.py:154} INFO - [2024-08-26T12:37:52.388+0000] {dag.py:3722} INFO - Setting next_dagrun for example_task_group_decorator to 2024-08-25T12:37:52.388198+00:00, run_after=2024-08-26T12:37:52.388198+00:00
[2024-08-26T12:37:52.436+0000] {processor.py:179} INFO - Processing /home/airflow/.local/lib/python3.8/site-packages/airflow/example_dags/example_task_group_decorator.py took 0.179 seconds
[2024-08-26T12:38:22.554+0000] {processor.py:157} INFO - Started process (PID=328) to work on /home/airflow/.local/lib/python3.8/site-packages/airflow/example_dags/example_task_group_decorator.py
[2024-08-26T12:38:22.556+0000] {processor.py:829} INFO - Processing file /home/airflow/.local/lib/python3.8/site-packages/airflow/example_dags/example_task_group_decorator.py for tasks to queue
[2024-08-26T12:38:22.559+0000] {logging_mixin.py:154} INFO - [2024-08-26T12:38:22.559+0000] {dagbag.py:536} INFO - Filling up the DagBag from /home/airflow/.local/lib/python3.8/site-packages/airflow/example_dags/example_task_group_decorator.py
[2024-08-26T12:38:22.584+0000] {processor.py:839} INFO - DAG(s) dict_keys(['example_task_group_decorator']) retrieved from /home/airflow/.local/lib/python3.8/site-packages/airflow/example_dags/example_task_group_decorator.py
[2024-08-26T12:38:22.627+0000] {logging_mixin.py:154} INFO - [2024-08-26T12:38:22.627+0000] {dag.py:2941} INFO - Sync 1 DAGs
[2024-08-26T12:38:22.664+0000] {logging_mixin.py:154} INFO - [2024-08-26T12:38:22.664+0000] {dag.py:3722} INFO - Setting next_dagrun for example_task_group_decorator to 2024-08-25T12:38:22.664180+00:00, run_after=2024-08-26T12:38:22.664180+00:00
[2024-08-26T12:38:22.737+0000] {processor.py:179} INFO - Processing /home/airflow/.local/lib/python3.8/site-packages/airflow/example_dags/example_task_group_decorator.py took 0.188 seconds
[2024-08-26T12:38:53.210+0000] {processor.py:157} INFO - Started process (PID=395) to work on /home/airflow/.local/lib/python3.8/site-packages/airflow/example_dags/example_task_group_decorator.py
[2024-08-26T12:38:53.212+0000] {processor.py:829} INFO - Processing file /home/airflow/.local/lib/python3.8/site-packages/airflow/example_dags/example_task_group_decorator.py for tasks to queue
[2024-08-26T12:38:53.217+0000] {logging_mixin.py:154} INFO - [2024-08-26T12:38:53.216+0000] {dagbag.py:536} INFO - Filling up the DagBag from /home/airflow/.local/lib/python3.8/site-packages/airflow/example_dags/example_task_group_decorator.py
[2024-08-26T12:38:53.251+0000] {processor.py:839} INFO - DAG(s) dict_keys(['example_task_group_decorator']) retrieved from /home/airflow/.local/lib/python3.8/site-packages/airflow/example_dags/example_task_group_decorator.py
[2024-08-26T12:38:53.303+0000] {logging_mixin.py:154} INFO - [2024-08-26T12:38:53.303+0000] {dag.py:2941} INFO - Sync 1 DAGs
[2024-08-26T12:38:53.343+0000] {logging_mixin.py:154} INFO - [2024-08-26T12:38:53.343+0000] {dag.py:3722} INFO - Setting next_dagrun for example_task_group_decorator to 2024-08-25T12:38:53.342712+00:00, run_after=2024-08-26T12:38:53.342712+00:00
[2024-08-26T12:38:53.389+0000] {processor.py:179} INFO - Processing /home/airflow/.local/lib/python3.8/site-packages/airflow/example_dags/example_task_group_decorator.py took 0.186 seconds
[2024-08-26T12:39:23.552+0000] {processor.py:157} INFO - Started process (PID=468) to work on /home/airflow/.local/lib/python3.8/site-packages/airflow/example_dags/example_task_group_decorator.py
[2024-08-26T12:39:23.554+0000] {processor.py:829} INFO - Processing file /home/airflow/.local/lib/python3.8/site-packages/airflow/example_dags/example_task_group_decorator.py for tasks to queue
[2024-08-26T12:39:23.558+0000] {logging_mixin.py:154} INFO - [2024-08-26T12:39:23.557+0000] {dagbag.py:536} INFO - Filling up the DagBag from /home/airflow/.local/lib/python3.8/site-packages/airflow/example_dags/example_task_group_decorator.py
[2024-08-26T12:39:23.593+0000] {processor.py:839} INFO - DAG(s) dict_keys(['example_task_group_decorator']) retrieved from /home/airflow/.local/lib/python3.8/site-packages/airflow/example_dags/example_task_group_decorator.py
[2024-08-26T12:39:23.646+0000] {logging_mixin.py:154} INFO - [2024-08-26T12:39:23.645+0000] {dag.py:2941} INFO - Sync 1 DAGs
[2024-08-26T12:39:23.686+0000] {logging_mixin.py:154} INFO - [2024-08-26T12:39:23.685+0000] {dag.py:3722} INFO - Setting next_dagrun for example_task_group_decorator to 2024-08-25T12:39:23.685087+00:00, run_after=2024-08-26T12:39:23.685087+00:00
[2024-08-26T12:39:23.720+0000] {processor.py:179} INFO - Processing /home/airflow/.local/lib/python3.8/site-packages/airflow/example_dags/example_task_group_decorator.py took 0.175 seconds
[2024-08-26T12:39:54.388+0000] {processor.py:157} INFO - Started process (PID=534) to work on /home/airflow/.local/lib/python3.8/site-packages/airflow/example_dags/example_task_group_decorator.py
[2024-08-26T12:39:54.390+0000] {processor.py:829} INFO - Processing file /home/airflow/.local/lib/python3.8/site-packages/airflow/example_dags/example_task_group_decorator.py for tasks to queue
[2024-08-26T12:39:54.394+0000] {logging_mixin.py:154} INFO - [2024-08-26T12:39:54.394+0000] {dagbag.py:536} INFO - Filling up the DagBag from /home/airflow/.local/lib/python3.8/site-packages/airflow/example_dags/example_task_group_decorator.py
[2024-08-26T12:39:54.420+0000] {processor.py:839} INFO - DAG(s) dict_keys(['example_task_group_decorator']) retrieved from /home/airflow/.local/lib/python3.8/site-packages/airflow/example_dags/example_task_group_decorator.py
[2024-08-26T12:39:54.477+0000] {logging_mixin.py:154} INFO - [2024-08-26T12:39:54.477+0000] {dag.py:2941} INFO - Sync 1 DAGs
[2024-08-26T12:39:54.532+0000] {logging_mixin.py:154} INFO - [2024-08-26T12:39:54.532+0000] {dag.py:3722} INFO - Setting next_dagrun for example_task_group_decorator to 2024-08-25T12:39:54.532158+00:00, run_after=2024-08-26T12:39:54.532158+00:00
[2024-08-26T12:39:54.570+0000] {processor.py:179} INFO - Processing /home/airflow/.local/lib/python3.8/site-packages/airflow/example_dags/example_task_group_decorator.py took 0.187 seconds
[2024-08-26T12:40:25.876+0000] {processor.py:157} INFO - Started process (PID=593) to work on /home/airflow/.local/lib/python3.8/site-packages/airflow/example_dags/example_task_group_decorator.py
[2024-08-26T12:40:25.877+0000] {processor.py:829} INFO - Processing file /home/airflow/.local/lib/python3.8/site-packages/airflow/example_dags/example_task_group_decorator.py for tasks to queue
[2024-08-26T12:40:25.882+0000] {logging_mixin.py:154} INFO - [2024-08-26T12:40:25.882+0000] {dagbag.py:536} INFO - Filling up the DagBag from /home/airflow/.local/lib/python3.8/site-packages/airflow/example_dags/example_task_group_decorator.py
[2024-08-26T12:40:25.916+0000] {processor.py:839} INFO - DAG(s) dict_keys(['example_task_group_decorator']) retrieved from /home/airflow/.local/lib/python3.8/site-packages/airflow/example_dags/example_task_group_decorator.py
[2024-08-26T12:40:25.979+0000] {logging_mixin.py:154} INFO - [2024-08-26T12:40:25.979+0000] {dag.py:2941} INFO - Sync 1 DAGs
[2024-08-26T12:40:26.033+0000] {logging_mixin.py:154} INFO - [2024-08-26T12:40:26.032+0000] {dag.py:3722} INFO - Setting next_dagrun for example_task_group_decorator to 2024-08-25T12:40:26.032109+00:00, run_after=2024-08-26T12:40:26.032109+00:00
[2024-08-26T12:40:26.090+0000] {processor.py:179} INFO - Processing /home/airflow/.local/lib/python3.8/site-packages/airflow/example_dags/example_task_group_decorator.py took 0.220 seconds
[2024-08-26T12:40:56.965+0000] {processor.py:157} INFO - Started process (PID=658) to work on /home/airflow/.local/lib/python3.8/site-packages/airflow/example_dags/example_task_group_decorator.py
[2024-08-26T12:40:56.966+0000] {processor.py:829} INFO - Processing file /home/airflow/.local/lib/python3.8/site-packages/airflow/example_dags/example_task_group_decorator.py for tasks to queue
[2024-08-26T12:40:56.970+0000] {logging_mixin.py:154} INFO - [2024-08-26T12:40:56.970+0000] {dagbag.py:536} INFO - Filling up the DagBag from /home/airflow/.local/lib/python3.8/site-packages/airflow/example_dags/example_task_group_decorator.py
[2024-08-26T12:40:57.004+0000] {processor.py:839} INFO - DAG(s) dict_keys(['example_task_group_decorator']) retrieved from /home/airflow/.local/lib/python3.8/site-packages/airflow/example_dags/example_task_group_decorator.py
[2024-08-26T12:40:57.055+0000] {logging_mixin.py:154} INFO - [2024-08-26T12:40:57.055+0000] {dag.py:2941} INFO - Sync 1 DAGs
[2024-08-26T12:40:57.109+0000] {logging_mixin.py:154} INFO - [2024-08-26T12:40:57.109+0000] {dag.py:3722} INFO - Setting next_dagrun for example_task_group_decorator to 2024-08-25T12:40:57.109027+00:00, run_after=2024-08-26T12:40:57.109027+00:00
[2024-08-26T12:40:57.145+0000] {processor.py:179} INFO - Processing /home/airflow/.local/lib/python3.8/site-packages/airflow/example_dags/example_task_group_decorator.py took 0.185 seconds
[2024-08-26T12:41:27.452+0000] {processor.py:157} INFO - Started process (PID=724) to work on /home/airflow/.local/lib/python3.8/site-packages/airflow/example_dags/example_task_group_decorator.py
[2024-08-26T12:41:27.453+0000] {processor.py:829} INFO - Processing file /home/airflow/.local/lib/python3.8/site-packages/airflow/example_dags/example_task_group_decorator.py for tasks to queue
[2024-08-26T12:41:27.457+0000] {logging_mixin.py:154} INFO - [2024-08-26T12:41:27.456+0000] {dagbag.py:536} INFO - Filling up the DagBag from /home/airflow/.local/lib/python3.8/site-packages/airflow/example_dags/example_task_group_decorator.py
[2024-08-26T12:41:27.485+0000] {processor.py:839} INFO - DAG(s) dict_keys(['example_task_group_decorator']) retrieved from /home/airflow/.local/lib/python3.8/site-packages/airflow/example_dags/example_task_group_decorator.py
[2024-08-26T12:41:27.536+0000] {logging_mixin.py:154} INFO - [2024-08-26T12:41:27.536+0000] {dag.py:2941} INFO - Sync 1 DAGs
[2024-08-26T12:41:27.580+0000] {logging_mixin.py:154} INFO - [2024-08-26T12:41:27.580+0000] {dag.py:3722} INFO - Setting next_dagrun for example_task_group_decorator to 2024-08-25T12:41:27.580027+00:00, run_after=2024-08-26T12:41:27.580027+00:00
[2024-08-26T12:41:27.617+0000] {processor.py:179} INFO - Processing /home/airflow/.local/lib/python3.8/site-packages/airflow/example_dags/example_task_group_decorator.py took 0.172 seconds
[2024-08-26T12:41:57.744+0000] {processor.py:157} INFO - Started process (PID=790) to work on /home/airflow/.local/lib/python3.8/site-packages/airflow/example_dags/example_task_group_decorator.py
[2024-08-26T12:41:57.746+0000] {processor.py:829} INFO - Processing file /home/airflow/.local/lib/python3.8/site-packages/airflow/example_dags/example_task_group_decorator.py for tasks to queue
[2024-08-26T12:41:57.749+0000] {logging_mixin.py:154} INFO - [2024-08-26T12:41:57.749+0000] {dagbag.py:536} INFO - Filling up the DagBag from /home/airflow/.local/lib/python3.8/site-packages/airflow/example_dags/example_task_group_decorator.py
[2024-08-26T12:41:57.775+0000] {processor.py:839} INFO - DAG(s) dict_keys(['example_task_group_decorator']) retrieved from /home/airflow/.local/lib/python3.8/site-packages/airflow/example_dags/example_task_group_decorator.py
[2024-08-26T12:41:57.821+0000] {logging_mixin.py:154} INFO - [2024-08-26T12:41:57.821+0000] {dag.py:2941} INFO - Sync 1 DAGs
[2024-08-26T12:41:57.860+0000] {logging_mixin.py:154} INFO - [2024-08-26T12:41:57.860+0000] {dag.py:3722} INFO - Setting next_dagrun for example_task_group_decorator to 2024-08-25T12:41:57.860034+00:00, run_after=2024-08-26T12:41:57.860034+00:00
[2024-08-26T12:41:57.894+0000] {processor.py:179} INFO - Processing /home/airflow/.local/lib/python3.8/site-packages/airflow/example_dags/example_task_group_decorator.py took 0.155 seconds
[2024-08-26T12:42:28.164+0000] {processor.py:157} INFO - Started process (PID=856) to work on /home/airflow/.local/lib/python3.8/site-packages/airflow/example_dags/example_task_group_decorator.py
[2024-08-26T12:42:28.165+0000] {processor.py:829} INFO - Processing file /home/airflow/.local/lib/python3.8/site-packages/airflow/example_dags/example_task_group_decorator.py for tasks to queue
[2024-08-26T12:42:28.169+0000] {logging_mixin.py:154} INFO - [2024-08-26T12:42:28.168+0000] {dagbag.py:536} INFO - Filling up the DagBag from /home/airflow/.local/lib/python3.8/site-packages/airflow/example_dags/example_task_group_decorator.py
[2024-08-26T12:42:28.194+0000] {processor.py:839} INFO - DAG(s) dict_keys(['example_task_group_decorator']) retrieved from /home/airflow/.local/lib/python3.8/site-packages/airflow/example_dags/example_task_group_decorator.py
[2024-08-26T12:42:28.244+0000] {logging_mixin.py:154} INFO - [2024-08-26T12:42:28.244+0000] {dag.py:2941} INFO - Sync 1 DAGs
[2024-08-26T12:42:28.282+0000] {logging_mixin.py:154} INFO - [2024-08-26T12:42:28.282+0000] {dag.py:3722} INFO - Setting next_dagrun for example_task_group_decorator to 2024-08-25T12:42:28.282023+00:00, run_after=2024-08-26T12:42:28.282023+00:00
[2024-08-26T12:42:28.317+0000] {processor.py:179} INFO - Processing /home/airflow/.local/lib/python3.8/site-packages/airflow/example_dags/example_task_group_decorator.py took 0.158 seconds
[2024-08-26T12:42:59.535+0000] {processor.py:157} INFO - Started process (PID=930) to work on /home/airflow/.local/lib/python3.8/site-packages/airflow/example_dags/example_task_group_decorator.py
[2024-08-26T12:42:59.537+0000] {processor.py:829} INFO - Processing file /home/airflow/.local/lib/python3.8/site-packages/airflow/example_dags/example_task_group_decorator.py for tasks to queue
[2024-08-26T12:42:59.540+0000] {logging_mixin.py:154} INFO - [2024-08-26T12:42:59.540+0000] {dagbag.py:536} INFO - Filling up the DagBag from /home/airflow/.local/lib/python3.8/site-packages/airflow/example_dags/example_task_group_decorator.py
[2024-08-26T12:42:59.567+0000] {processor.py:839} INFO - DAG(s) dict_keys(['example_task_group_decorator']) retrieved from /home/airflow/.local/lib/python3.8/site-packages/airflow/example_dags/example_task_group_decorator.py
[2024-08-26T12:42:59.612+0000] {logging_mixin.py:154} INFO - [2024-08-26T12:42:59.611+0000] {dag.py:2941} INFO - Sync 1 DAGs
[2024-08-26T12:42:59.654+0000] {logging_mixin.py:154} INFO - [2024-08-26T12:42:59.654+0000] {dag.py:3722} INFO - Setting next_dagrun for example_task_group_decorator to 2024-08-25T12:42:59.653686+00:00, run_after=2024-08-26T12:42:59.653686+00:00
[2024-08-26T12:42:59.729+0000] {processor.py:179} INFO - Processing /home/airflow/.local/lib/python3.8/site-packages/airflow/example_dags/example_task_group_decorator.py took 0.201 seconds
[2024-08-26T12:43:29.806+0000] {processor.py:157} INFO - Started process (PID=1002) to work on /home/airflow/.local/lib/python3.8/site-packages/airflow/example_dags/example_task_group_decorator.py
[2024-08-26T12:43:29.808+0000] {processor.py:829} INFO - Processing file /home/airflow/.local/lib/python3.8/site-packages/airflow/example_dags/example_task_group_decorator.py for tasks to queue
[2024-08-26T12:43:29.812+0000] {logging_mixin.py:154} INFO - [2024-08-26T12:43:29.812+0000] {dagbag.py:536} INFO - Filling up the DagBag from /home/airflow/.local/lib/python3.8/site-packages/airflow/example_dags/example_task_group_decorator.py
[2024-08-26T12:43:29.838+0000] {processor.py:839} INFO - DAG(s) dict_keys(['example_task_group_decorator']) retrieved from /home/airflow/.local/lib/python3.8/site-packages/airflow/example_dags/example_task_group_decorator.py
[2024-08-26T12:43:29.887+0000] {logging_mixin.py:154} INFO - [2024-08-26T12:43:29.887+0000] {dag.py:2941} INFO - Sync 1 DAGs
[2024-08-26T12:43:29.927+0000] {logging_mixin.py:154} INFO - [2024-08-26T12:43:29.927+0000] {dag.py:3722} INFO - Setting next_dagrun for example_task_group_decorator to 2024-08-25T12:43:29.927252+00:00, run_after=2024-08-26T12:43:29.927252+00:00
[2024-08-26T12:43:29.961+0000] {processor.py:179} INFO - Processing /home/airflow/.local/lib/python3.8/site-packages/airflow/example_dags/example_task_group_decorator.py took 0.162 seconds
[2024-08-26T12:44:00.262+0000] {processor.py:157} INFO - Started process (PID=1067) to work on /home/airflow/.local/lib/python3.8/site-packages/airflow/example_dags/example_task_group_decorator.py
[2024-08-26T12:44:00.264+0000] {processor.py:829} INFO - Processing file /home/airflow/.local/lib/python3.8/site-packages/airflow/example_dags/example_task_group_decorator.py for tasks to queue
[2024-08-26T12:44:00.268+0000] {logging_mixin.py:154} INFO - [2024-08-26T12:44:00.267+0000] {dagbag.py:536} INFO - Filling up the DagBag from /home/airflow/.local/lib/python3.8/site-packages/airflow/example_dags/example_task_group_decorator.py
[2024-08-26T12:44:00.293+0000] {processor.py:839} INFO - DAG(s) dict_keys(['example_task_group_decorator']) retrieved from /home/airflow/.local/lib/python3.8/site-packages/airflow/example_dags/example_task_group_decorator.py
[2024-08-26T12:44:00.343+0000] {logging_mixin.py:154} INFO - [2024-08-26T12:44:00.343+0000] {dag.py:2941} INFO - Sync 1 DAGs
[2024-08-26T12:44:00.387+0000] {logging_mixin.py:154} INFO - [2024-08-26T12:44:00.386+0000] {dag.py:3722} INFO - Setting next_dagrun for example_task_group_decorator to 2024-08-25T12:44:00.386442+00:00, run_after=2024-08-26T12:44:00.386442+00:00
[2024-08-26T12:44:00.461+0000] {processor.py:179} INFO - Processing /home/airflow/.local/lib/python3.8/site-packages/airflow/example_dags/example_task_group_decorator.py took 0.204 seconds
[2024-08-26T12:44:30.997+0000] {processor.py:157} INFO - Started process (PID=1139) to work on /home/airflow/.local/lib/python3.8/site-packages/airflow/example_dags/example_task_group_decorator.py
[2024-08-26T12:44:30.999+0000] {processor.py:829} INFO - Processing file /home/airflow/.local/lib/python3.8/site-packages/airflow/example_dags/example_task_group_decorator.py for tasks to queue
[2024-08-26T12:44:31.003+0000] {logging_mixin.py:154} INFO - [2024-08-26T12:44:31.002+0000] {dagbag.py:536} INFO - Filling up the DagBag from /home/airflow/.local/lib/python3.8/site-packages/airflow/example_dags/example_task_group_decorator.py
[2024-08-26T12:44:31.036+0000] {processor.py:839} INFO - DAG(s) dict_keys(['example_task_group_decorator']) retrieved from /home/airflow/.local/lib/python3.8/site-packages/airflow/example_dags/example_task_group_decorator.py
[2024-08-26T12:44:31.095+0000] {logging_mixin.py:154} INFO - [2024-08-26T12:44:31.094+0000] {dag.py:2941} INFO - Sync 1 DAGs
[2024-08-26T12:44:31.145+0000] {logging_mixin.py:154} INFO - [2024-08-26T12:44:31.144+0000] {dag.py:3722} INFO - Setting next_dagrun for example_task_group_decorator to 2024-08-25T12:44:31.144314+00:00, run_after=2024-08-26T12:44:31.144314+00:00
[2024-08-26T12:44:31.186+0000] {processor.py:179} INFO - Processing /home/airflow/.local/lib/python3.8/site-packages/airflow/example_dags/example_task_group_decorator.py took 0.196 seconds
[2024-08-26T12:45:01.951+0000] {processor.py:157} INFO - Started process (PID=1207) to work on /home/airflow/.local/lib/python3.8/site-packages/airflow/example_dags/example_task_group_decorator.py
[2024-08-26T12:45:01.954+0000] {processor.py:829} INFO - Processing file /home/airflow/.local/lib/python3.8/site-packages/airflow/example_dags/example_task_group_decorator.py for tasks to queue
[2024-08-26T12:45:01.960+0000] {logging_mixin.py:154} INFO - [2024-08-26T12:45:01.959+0000] {dagbag.py:536} INFO - Filling up the DagBag from /home/airflow/.local/lib/python3.8/site-packages/airflow/example_dags/example_task_group_decorator.py
[2024-08-26T12:45:01.998+0000] {processor.py:839} INFO - DAG(s) dict_keys(['example_task_group_decorator']) retrieved from /home/airflow/.local/lib/python3.8/site-packages/airflow/example_dags/example_task_group_decorator.py
[2024-08-26T12:45:02.053+0000] {logging_mixin.py:154} INFO - [2024-08-26T12:45:02.052+0000] {dag.py:2941} INFO - Sync 1 DAGs
[2024-08-26T12:45:02.104+0000] {logging_mixin.py:154} INFO - [2024-08-26T12:45:02.104+0000] {dag.py:3722} INFO - Setting next_dagrun for example_task_group_decorator to 2024-08-25T12:45:02.103597+00:00, run_after=2024-08-26T12:45:02.103597+00:00
[2024-08-26T12:45:02.145+0000] {processor.py:179} INFO - Processing /home/airflow/.local/lib/python3.8/site-packages/airflow/example_dags/example_task_group_decorator.py took 0.204 seconds
[2024-08-26T12:45:32.396+0000] {processor.py:157} INFO - Started process (PID=1273) to work on /home/airflow/.local/lib/python3.8/site-packages/airflow/example_dags/example_task_group_decorator.py
[2024-08-26T12:45:32.398+0000] {processor.py:829} INFO - Processing file /home/airflow/.local/lib/python3.8/site-packages/airflow/example_dags/example_task_group_decorator.py for tasks to queue
[2024-08-26T12:45:32.402+0000] {logging_mixin.py:154} INFO - [2024-08-26T12:45:32.402+0000] {dagbag.py:536} INFO - Filling up the DagBag from /home/airflow/.local/lib/python3.8/site-packages/airflow/example_dags/example_task_group_decorator.py
[2024-08-26T12:45:32.438+0000] {processor.py:839} INFO - DAG(s) dict_keys(['example_task_group_decorator']) retrieved from /home/airflow/.local/lib/python3.8/site-packages/airflow/example_dags/example_task_group_decorator.py
[2024-08-26T12:45:32.496+0000] {logging_mixin.py:154} INFO - [2024-08-26T12:45:32.496+0000] {dag.py:2941} INFO - Sync 1 DAGs
[2024-08-26T12:45:32.539+0000] {logging_mixin.py:154} INFO - [2024-08-26T12:45:32.539+0000] {dag.py:3722} INFO - Setting next_dagrun for example_task_group_decorator to 2024-08-25T12:45:32.538710+00:00, run_after=2024-08-26T12:45:32.538710+00:00
[2024-08-26T12:45:32.579+0000] {processor.py:179} INFO - Processing /home/airflow/.local/lib/python3.8/site-packages/airflow/example_dags/example_task_group_decorator.py took 0.189 seconds
[2024-08-26T12:46:02.769+0000] {processor.py:157} INFO - Started process (PID=1339) to work on /home/airflow/.local/lib/python3.8/site-packages/airflow/example_dags/example_task_group_decorator.py
[2024-08-26T12:46:02.771+0000] {processor.py:829} INFO - Processing file /home/airflow/.local/lib/python3.8/site-packages/airflow/example_dags/example_task_group_decorator.py for tasks to queue
[2024-08-26T12:46:02.774+0000] {logging_mixin.py:154} INFO - [2024-08-26T12:46:02.774+0000] {dagbag.py:536} INFO - Filling up the DagBag from /home/airflow/.local/lib/python3.8/site-packages/airflow/example_dags/example_task_group_decorator.py
[2024-08-26T12:46:02.808+0000] {processor.py:839} INFO - DAG(s) dict_keys(['example_task_group_decorator']) retrieved from /home/airflow/.local/lib/python3.8/site-packages/airflow/example_dags/example_task_group_decorator.py
[2024-08-26T12:46:02.865+0000] {logging_mixin.py:154} INFO - [2024-08-26T12:46:02.864+0000] {dag.py:2941} INFO - Sync 1 DAGs
[2024-08-26T12:46:02.920+0000] {logging_mixin.py:154} INFO - [2024-08-26T12:46:02.920+0000] {dag.py:3722} INFO - Setting next_dagrun for example_task_group_decorator to 2024-08-25T12:46:02.919691+00:00, run_after=2024-08-26T12:46:02.919691+00:00
[2024-08-26T12:46:02.966+0000] {processor.py:179} INFO - Processing /home/airflow/.local/lib/python3.8/site-packages/airflow/example_dags/example_task_group_decorator.py took 0.204 seconds
[2024-08-26T12:46:33.165+0000] {processor.py:157} INFO - Started process (PID=1405) to work on /home/airflow/.local/lib/python3.8/site-packages/airflow/example_dags/example_task_group_decorator.py
[2024-08-26T12:46:33.167+0000] {processor.py:829} INFO - Processing file /home/airflow/.local/lib/python3.8/site-packages/airflow/example_dags/example_task_group_decorator.py for tasks to queue
[2024-08-26T12:46:33.171+0000] {logging_mixin.py:154} INFO - [2024-08-26T12:46:33.171+0000] {dagbag.py:536} INFO - Filling up the DagBag from /home/airflow/.local/lib/python3.8/site-packages/airflow/example_dags/example_task_group_decorator.py
[2024-08-26T12:46:33.216+0000] {processor.py:839} INFO - DAG(s) dict_keys(['example_task_group_decorator']) retrieved from /home/airflow/.local/lib/python3.8/site-packages/airflow/example_dags/example_task_group_decorator.py
[2024-08-26T12:46:33.275+0000] {logging_mixin.py:154} INFO - [2024-08-26T12:46:33.275+0000] {dag.py:2941} INFO - Sync 1 DAGs
[2024-08-26T12:46:33.326+0000] {logging_mixin.py:154} INFO - [2024-08-26T12:46:33.326+0000] {dag.py:3722} INFO - Setting next_dagrun for example_task_group_decorator to 2024-08-25T12:46:33.325626+00:00, run_after=2024-08-26T12:46:33.325626+00:00
[2024-08-26T12:46:33.361+0000] {processor.py:179} INFO - Processing /home/airflow/.local/lib/python3.8/site-packages/airflow/example_dags/example_task_group_decorator.py took 0.202 seconds
[2024-08-26T12:47:03.656+0000] {processor.py:157} INFO - Started process (PID=1472) to work on /home/airflow/.local/lib/python3.8/site-packages/airflow/example_dags/example_task_group_decorator.py
[2024-08-26T12:47:03.658+0000] {processor.py:829} INFO - Processing file /home/airflow/.local/lib/python3.8/site-packages/airflow/example_dags/example_task_group_decorator.py for tasks to queue
[2024-08-26T12:47:03.662+0000] {logging_mixin.py:154} INFO - [2024-08-26T12:47:03.662+0000] {dagbag.py:536} INFO - Filling up the DagBag from /home/airflow/.local/lib/python3.8/site-packages/airflow/example_dags/example_task_group_decorator.py
[2024-08-26T12:47:03.688+0000] {processor.py:839} INFO - DAG(s) dict_keys(['example_task_group_decorator']) retrieved from /home/airflow/.local/lib/python3.8/site-packages/airflow/example_dags/example_task_group_decorator.py
[2024-08-26T12:47:03.748+0000] {logging_mixin.py:154} INFO - [2024-08-26T12:47:03.747+0000] {dag.py:2941} INFO - Sync 1 DAGs
[2024-08-26T12:47:03.802+0000] {logging_mixin.py:154} INFO - [2024-08-26T12:47:03.801+0000] {dag.py:3722} INFO - Setting next_dagrun for example_task_group_decorator to 2024-08-25T12:47:03.801056+00:00, run_after=2024-08-26T12:47:03.801056+00:00
[2024-08-26T12:47:03.853+0000] {processor.py:179} INFO - Processing /home/airflow/.local/lib/python3.8/site-packages/airflow/example_dags/example_task_group_decorator.py took 0.203 seconds
[2024-08-26T12:47:33.930+0000] {processor.py:157} INFO - Started process (PID=1538) to work on /home/airflow/.local/lib/python3.8/site-packages/airflow/example_dags/example_task_group_decorator.py
[2024-08-26T12:47:33.933+0000] {processor.py:829} INFO - Processing file /home/airflow/.local/lib/python3.8/site-packages/airflow/example_dags/example_task_group_decorator.py for tasks to queue
[2024-08-26T12:47:33.937+0000] {logging_mixin.py:154} INFO - [2024-08-26T12:47:33.936+0000] {dagbag.py:536} INFO - Filling up the DagBag from /home/airflow/.local/lib/python3.8/site-packages/airflow/example_dags/example_task_group_decorator.py
[2024-08-26T12:47:33.972+0000] {processor.py:839} INFO - DAG(s) dict_keys(['example_task_group_decorator']) retrieved from /home/airflow/.local/lib/python3.8/site-packages/airflow/example_dags/example_task_group_decorator.py
[2024-08-26T12:47:34.023+0000] {logging_mixin.py:154} INFO - [2024-08-26T12:47:34.023+0000] {dag.py:2941} INFO - Sync 1 DAGs
[2024-08-26T12:47:34.075+0000] {logging_mixin.py:154} INFO - [2024-08-26T12:47:34.074+0000] {dag.py:3722} INFO - Setting next_dagrun for example_task_group_decorator to 2024-08-25T12:47:34.074002+00:00, run_after=2024-08-26T12:47:34.074002+00:00
[2024-08-26T12:47:34.113+0000] {processor.py:179} INFO - Processing /home/airflow/.local/lib/python3.8/site-packages/airflow/example_dags/example_task_group_decorator.py took 0.189 seconds
[2024-08-26T12:48:04.871+0000] {processor.py:157} INFO - Started process (PID=1604) to work on /home/airflow/.local/lib/python3.8/site-packages/airflow/example_dags/example_task_group_decorator.py
[2024-08-26T12:48:04.873+0000] {processor.py:829} INFO - Processing file /home/airflow/.local/lib/python3.8/site-packages/airflow/example_dags/example_task_group_decorator.py for tasks to queue
[2024-08-26T12:48:04.877+0000] {logging_mixin.py:154} INFO - [2024-08-26T12:48:04.877+0000] {dagbag.py:536} INFO - Filling up the DagBag from /home/airflow/.local/lib/python3.8/site-packages/airflow/example_dags/example_task_group_decorator.py
[2024-08-26T12:48:04.906+0000] {processor.py:839} INFO - DAG(s) dict_keys(['example_task_group_decorator']) retrieved from /home/airflow/.local/lib/python3.8/site-packages/airflow/example_dags/example_task_group_decorator.py
[2024-08-26T12:48:04.952+0000] {logging_mixin.py:154} INFO - [2024-08-26T12:48:04.951+0000] {dag.py:2941} INFO - Sync 1 DAGs
[2024-08-26T12:48:04.998+0000] {logging_mixin.py:154} INFO - [2024-08-26T12:48:04.998+0000] {dag.py:3722} INFO - Setting next_dagrun for example_task_group_decorator to 2024-08-25T12:48:04.997570+00:00, run_after=2024-08-26T12:48:04.997570+00:00
[2024-08-26T12:48:05.040+0000] {processor.py:179} INFO - Processing /home/airflow/.local/lib/python3.8/site-packages/airflow/example_dags/example_task_group_decorator.py took 0.174 seconds
[2024-08-26T12:49:34.994+0000] {processor.py:157} INFO - Started process (PID=1664) to work on /home/airflow/.local/lib/python3.8/site-packages/airflow/example_dags/example_task_group_decorator.py
[2024-08-26T12:49:34.995+0000] {processor.py:829} INFO - Processing file /home/airflow/.local/lib/python3.8/site-packages/airflow/example_dags/example_task_group_decorator.py for tasks to queue
[2024-08-26T12:49:34.999+0000] {logging_mixin.py:154} INFO - [2024-08-26T12:49:34.999+0000] {dagbag.py:536} INFO - Filling up the DagBag from /home/airflow/.local/lib/python3.8/site-packages/airflow/example_dags/example_task_group_decorator.py
[2024-08-26T12:49:35.026+0000] {processor.py:839} INFO - DAG(s) dict_keys(['example_task_group_decorator']) retrieved from /home/airflow/.local/lib/python3.8/site-packages/airflow/example_dags/example_task_group_decorator.py
[2024-08-26T12:49:35.075+0000] {logging_mixin.py:154} INFO - [2024-08-26T12:49:35.074+0000] {dag.py:2941} INFO - Sync 1 DAGs
[2024-08-26T12:49:35.135+0000] {logging_mixin.py:154} INFO - [2024-08-26T12:49:35.135+0000] {dag.py:3722} INFO - Setting next_dagrun for example_task_group_decorator to 2024-08-25T12:49:35.134586+00:00, run_after=2024-08-26T12:49:35.134586+00:00
[2024-08-26T12:49:35.171+0000] {processor.py:179} INFO - Processing /home/airflow/.local/lib/python3.8/site-packages/airflow/example_dags/example_task_group_decorator.py took 0.183 seconds
[2024-08-26T12:50:06.331+0000] {processor.py:157} INFO - Started process (PID=1730) to work on /home/airflow/.local/lib/python3.8/site-packages/airflow/example_dags/example_task_group_decorator.py
[2024-08-26T12:50:06.332+0000] {processor.py:829} INFO - Processing file /home/airflow/.local/lib/python3.8/site-packages/airflow/example_dags/example_task_group_decorator.py for tasks to queue
[2024-08-26T12:50:06.336+0000] {logging_mixin.py:154} INFO - [2024-08-26T12:50:06.335+0000] {dagbag.py:536} INFO - Filling up the DagBag from /home/airflow/.local/lib/python3.8/site-packages/airflow/example_dags/example_task_group_decorator.py
[2024-08-26T12:50:06.364+0000] {processor.py:839} INFO - DAG(s) dict_keys(['example_task_group_decorator']) retrieved from /home/airflow/.local/lib/python3.8/site-packages/airflow/example_dags/example_task_group_decorator.py
[2024-08-26T12:50:06.416+0000] {logging_mixin.py:154} INFO - [2024-08-26T12:50:06.415+0000] {dag.py:2941} INFO - Sync 1 DAGs
[2024-08-26T12:50:06.458+0000] {logging_mixin.py:154} INFO - [2024-08-26T12:50:06.457+0000] {dag.py:3722} INFO - Setting next_dagrun for example_task_group_decorator to 2024-08-25T12:50:06.456974+00:00, run_after=2024-08-26T12:50:06.456974+00:00
[2024-08-26T12:50:06.527+0000] {processor.py:179} INFO - Processing /home/airflow/.local/lib/python3.8/site-packages/airflow/example_dags/example_task_group_decorator.py took 0.202 seconds
[2024-08-26T12:50:37.477+0000] {processor.py:157} INFO - Started process (PID=1796) to work on /home/airflow/.local/lib/python3.8/site-packages/airflow/example_dags/example_task_group_decorator.py
[2024-08-26T12:50:37.478+0000] {processor.py:829} INFO - Processing file /home/airflow/.local/lib/python3.8/site-packages/airflow/example_dags/example_task_group_decorator.py for tasks to queue
[2024-08-26T12:50:37.482+0000] {logging_mixin.py:154} INFO - [2024-08-26T12:50:37.481+0000] {dagbag.py:536} INFO - Filling up the DagBag from /home/airflow/.local/lib/python3.8/site-packages/airflow/example_dags/example_task_group_decorator.py
[2024-08-26T12:50:37.514+0000] {processor.py:839} INFO - DAG(s) dict_keys(['example_task_group_decorator']) retrieved from /home/airflow/.local/lib/python3.8/site-packages/airflow/example_dags/example_task_group_decorator.py
[2024-08-26T12:50:37.562+0000] {logging_mixin.py:154} INFO - [2024-08-26T12:50:37.561+0000] {dag.py:2941} INFO - Sync 1 DAGs
[2024-08-26T12:50:37.607+0000] {logging_mixin.py:154} INFO - [2024-08-26T12:50:37.607+0000] {dag.py:3722} INFO - Setting next_dagrun for example_task_group_decorator to 2024-08-25T12:50:37.606838+00:00, run_after=2024-08-26T12:50:37.606838+00:00
[2024-08-26T12:50:37.649+0000] {processor.py:179} INFO - Processing /home/airflow/.local/lib/python3.8/site-packages/airflow/example_dags/example_task_group_decorator.py took 0.177 seconds
[2024-08-26T12:51:07.981+0000] {processor.py:157} INFO - Started process (PID=1861) to work on /home/airflow/.local/lib/python3.8/site-packages/airflow/example_dags/example_task_group_decorator.py
[2024-08-26T12:51:07.983+0000] {processor.py:829} INFO - Processing file /home/airflow/.local/lib/python3.8/site-packages/airflow/example_dags/example_task_group_decorator.py for tasks to queue
[2024-08-26T12:51:07.987+0000] {logging_mixin.py:154} INFO - [2024-08-26T12:51:07.987+0000] {dagbag.py:536} INFO - Filling up the DagBag from /home/airflow/.local/lib/python3.8/site-packages/airflow/example_dags/example_task_group_decorator.py
[2024-08-26T12:51:08.027+0000] {processor.py:839} INFO - DAG(s) dict_keys(['example_task_group_decorator']) retrieved from /home/airflow/.local/lib/python3.8/site-packages/airflow/example_dags/example_task_group_decorator.py
[2024-08-26T12:51:08.086+0000] {logging_mixin.py:154} INFO - [2024-08-26T12:51:08.086+0000] {dag.py:2941} INFO - Sync 1 DAGs
[2024-08-26T12:51:08.130+0000] {logging_mixin.py:154} INFO - [2024-08-26T12:51:08.129+0000] {dag.py:3722} INFO - Setting next_dagrun for example_task_group_decorator to 2024-08-25T12:51:08.129351+00:00, run_after=2024-08-26T12:51:08.129351+00:00
[2024-08-26T12:51:08.206+0000] {processor.py:179} INFO - Processing /home/airflow/.local/lib/python3.8/site-packages/airflow/example_dags/example_task_group_decorator.py took 0.232 seconds
[2024-08-26T12:51:38.276+0000] {processor.py:157} INFO - Started process (PID=1926) to work on /home/airflow/.local/lib/python3.8/site-packages/airflow/example_dags/example_task_group_decorator.py
[2024-08-26T12:51:38.278+0000] {processor.py:829} INFO - Processing file /home/airflow/.local/lib/python3.8/site-packages/airflow/example_dags/example_task_group_decorator.py for tasks to queue
[2024-08-26T12:51:38.283+0000] {logging_mixin.py:154} INFO - [2024-08-26T12:51:38.282+0000] {dagbag.py:536} INFO - Filling up the DagBag from /home/airflow/.local/lib/python3.8/site-packages/airflow/example_dags/example_task_group_decorator.py
[2024-08-26T12:51:38.323+0000] {processor.py:839} INFO - DAG(s) dict_keys(['example_task_group_decorator']) retrieved from /home/airflow/.local/lib/python3.8/site-packages/airflow/example_dags/example_task_group_decorator.py
[2024-08-26T12:51:38.385+0000] {logging_mixin.py:154} INFO - [2024-08-26T12:51:38.384+0000] {dag.py:2941} INFO - Sync 1 DAGs
[2024-08-26T12:51:38.434+0000] {logging_mixin.py:154} INFO - [2024-08-26T12:51:38.434+0000] {dag.py:3722} INFO - Setting next_dagrun for example_task_group_decorator to 2024-08-25T12:51:38.433659+00:00, run_after=2024-08-26T12:51:38.433659+00:00
[2024-08-26T12:51:38.471+0000] {processor.py:179} INFO - Processing /home/airflow/.local/lib/python3.8/site-packages/airflow/example_dags/example_task_group_decorator.py took 0.203 seconds
[2024-08-26T12:52:09.371+0000] {processor.py:157} INFO - Started process (PID=1993) to work on /home/airflow/.local/lib/python3.8/site-packages/airflow/example_dags/example_task_group_decorator.py
[2024-08-26T12:52:09.373+0000] {processor.py:829} INFO - Processing file /home/airflow/.local/lib/python3.8/site-packages/airflow/example_dags/example_task_group_decorator.py for tasks to queue
[2024-08-26T12:52:09.378+0000] {logging_mixin.py:154} INFO - [2024-08-26T12:52:09.377+0000] {dagbag.py:536} INFO - Filling up the DagBag from /home/airflow/.local/lib/python3.8/site-packages/airflow/example_dags/example_task_group_decorator.py
[2024-08-26T12:52:09.402+0000] {processor.py:839} INFO - DAG(s) dict_keys(['example_task_group_decorator']) retrieved from /home/airflow/.local/lib/python3.8/site-packages/airflow/example_dags/example_task_group_decorator.py
[2024-08-26T12:52:09.446+0000] {logging_mixin.py:154} INFO - [2024-08-26T12:52:09.445+0000] {dag.py:2941} INFO - Sync 1 DAGs
[2024-08-26T12:52:09.489+0000] {logging_mixin.py:154} INFO - [2024-08-26T12:52:09.488+0000] {dag.py:3722} INFO - Setting next_dagrun for example_task_group_decorator to 2024-08-25T12:52:09.487119+00:00, run_after=2024-08-26T12:52:09.487119+00:00
[2024-08-26T12:52:09.571+0000] {processor.py:179} INFO - Processing /home/airflow/.local/lib/python3.8/site-packages/airflow/example_dags/example_task_group_decorator.py took 0.207 seconds
[2024-08-26T12:52:39.870+0000] {processor.py:157} INFO - Started process (PID=2059) to work on /home/airflow/.local/lib/python3.8/site-packages/airflow/example_dags/example_task_group_decorator.py
[2024-08-26T12:52:39.872+0000] {processor.py:829} INFO - Processing file /home/airflow/.local/lib/python3.8/site-packages/airflow/example_dags/example_task_group_decorator.py for tasks to queue
[2024-08-26T12:52:39.876+0000] {logging_mixin.py:154} INFO - [2024-08-26T12:52:39.875+0000] {dagbag.py:536} INFO - Filling up the DagBag from /home/airflow/.local/lib/python3.8/site-packages/airflow/example_dags/example_task_group_decorator.py
[2024-08-26T12:52:39.903+0000] {processor.py:839} INFO - DAG(s) dict_keys(['example_task_group_decorator']) retrieved from /home/airflow/.local/lib/python3.8/site-packages/airflow/example_dags/example_task_group_decorator.py
[2024-08-26T12:52:39.949+0000] {logging_mixin.py:154} INFO - [2024-08-26T12:52:39.949+0000] {dag.py:2941} INFO - Sync 1 DAGs
[2024-08-26T12:52:39.992+0000] {logging_mixin.py:154} INFO - [2024-08-26T12:52:39.991+0000] {dag.py:3722} INFO - Setting next_dagrun for example_task_group_decorator to 2024-08-25T12:52:39.991036+00:00, run_after=2024-08-26T12:52:39.991036+00:00
[2024-08-26T12:52:40.317+0000] {processor.py:179} INFO - Processing /home/airflow/.local/lib/python3.8/site-packages/airflow/example_dags/example_task_group_decorator.py took 0.454 seconds
[2024-08-26T12:53:10.436+0000] {processor.py:157} INFO - Started process (PID=2132) to work on /home/airflow/.local/lib/python3.8/site-packages/airflow/example_dags/example_task_group_decorator.py
[2024-08-26T12:53:10.438+0000] {processor.py:829} INFO - Processing file /home/airflow/.local/lib/python3.8/site-packages/airflow/example_dags/example_task_group_decorator.py for tasks to queue
[2024-08-26T12:53:10.443+0000] {logging_mixin.py:154} INFO - [2024-08-26T12:53:10.442+0000] {dagbag.py:536} INFO - Filling up the DagBag from /home/airflow/.local/lib/python3.8/site-packages/airflow/example_dags/example_task_group_decorator.py
[2024-08-26T12:53:10.487+0000] {processor.py:839} INFO - DAG(s) dict_keys(['example_task_group_decorator']) retrieved from /home/airflow/.local/lib/python3.8/site-packages/airflow/example_dags/example_task_group_decorator.py
[2024-08-26T12:53:10.551+0000] {logging_mixin.py:154} INFO - [2024-08-26T12:53:10.551+0000] {dag.py:2941} INFO - Sync 1 DAGs
[2024-08-26T12:53:10.607+0000] {logging_mixin.py:154} INFO - [2024-08-26T12:53:10.607+0000] {dag.py:3722} INFO - Setting next_dagrun for example_task_group_decorator to 2024-08-25T12:53:10.607020+00:00, run_after=2024-08-26T12:53:10.607020+00:00
[2024-08-26T12:53:10.646+0000] {processor.py:179} INFO - Processing /home/airflow/.local/lib/python3.8/site-packages/airflow/example_dags/example_task_group_decorator.py took 0.216 seconds
[2024-08-26T12:53:58.904+0000] {processor.py:157} INFO - Started process (PID=2193) to work on /home/airflow/.local/lib/python3.8/site-packages/airflow/example_dags/example_task_group_decorator.py
[2024-08-26T12:53:58.905+0000] {processor.py:829} INFO - Processing file /home/airflow/.local/lib/python3.8/site-packages/airflow/example_dags/example_task_group_decorator.py for tasks to queue
[2024-08-26T12:53:58.909+0000] {logging_mixin.py:154} INFO - [2024-08-26T12:53:58.909+0000] {dagbag.py:536} INFO - Filling up the DagBag from /home/airflow/.local/lib/python3.8/site-packages/airflow/example_dags/example_task_group_decorator.py
[2024-08-26T12:53:58.937+0000] {processor.py:839} INFO - DAG(s) dict_keys(['example_task_group_decorator']) retrieved from /home/airflow/.local/lib/python3.8/site-packages/airflow/example_dags/example_task_group_decorator.py
[2024-08-26T12:53:58.993+0000] {logging_mixin.py:154} INFO - [2024-08-26T12:53:58.992+0000] {dag.py:2941} INFO - Sync 1 DAGs
[2024-08-26T12:53:59.031+0000] {logging_mixin.py:154} INFO - [2024-08-26T12:53:59.031+0000] {dag.py:3722} INFO - Setting next_dagrun for example_task_group_decorator to 2024-08-25T12:53:59.030960+00:00, run_after=2024-08-26T12:53:59.030960+00:00
[2024-08-26T12:53:59.062+0000] {processor.py:179} INFO - Processing /home/airflow/.local/lib/python3.8/site-packages/airflow/example_dags/example_task_group_decorator.py took 0.164 seconds
[2024-08-26T12:54:30.484+0000] {processor.py:157} INFO - Started process (PID=2258) to work on /home/airflow/.local/lib/python3.8/site-packages/airflow/example_dags/example_task_group_decorator.py
[2024-08-26T12:54:30.486+0000] {processor.py:829} INFO - Processing file /home/airflow/.local/lib/python3.8/site-packages/airflow/example_dags/example_task_group_decorator.py for tasks to queue
[2024-08-26T12:54:30.490+0000] {logging_mixin.py:154} INFO - [2024-08-26T12:54:30.489+0000] {dagbag.py:536} INFO - Filling up the DagBag from /home/airflow/.local/lib/python3.8/site-packages/airflow/example_dags/example_task_group_decorator.py
[2024-08-26T12:54:30.518+0000] {processor.py:839} INFO - DAG(s) dict_keys(['example_task_group_decorator']) retrieved from /home/airflow/.local/lib/python3.8/site-packages/airflow/example_dags/example_task_group_decorator.py
[2024-08-26T12:54:30.572+0000] {logging_mixin.py:154} INFO - [2024-08-26T12:54:30.572+0000] {dag.py:2941} INFO - Sync 1 DAGs
[2024-08-26T12:54:30.807+0000] {logging_mixin.py:154} INFO - [2024-08-26T12:54:30.806+0000] {dag.py:3722} INFO - Setting next_dagrun for example_task_group_decorator to 2024-08-25T12:54:30.806167+00:00, run_after=2024-08-26T12:54:30.806167+00:00
[2024-08-26T12:54:30.881+0000] {processor.py:179} INFO - Processing /home/airflow/.local/lib/python3.8/site-packages/airflow/example_dags/example_task_group_decorator.py took 0.403 seconds
[2024-08-26T12:55:01.424+0000] {processor.py:157} INFO - Started process (PID=2324) to work on /home/airflow/.local/lib/python3.8/site-packages/airflow/example_dags/example_task_group_decorator.py
[2024-08-26T12:55:01.426+0000] {processor.py:829} INFO - Processing file /home/airflow/.local/lib/python3.8/site-packages/airflow/example_dags/example_task_group_decorator.py for tasks to queue
[2024-08-26T12:55:01.431+0000] {logging_mixin.py:154} INFO - [2024-08-26T12:55:01.431+0000] {dagbag.py:536} INFO - Filling up the DagBag from /home/airflow/.local/lib/python3.8/site-packages/airflow/example_dags/example_task_group_decorator.py
[2024-08-26T12:55:01.468+0000] {processor.py:839} INFO - DAG(s) dict_keys(['example_task_group_decorator']) retrieved from /home/airflow/.local/lib/python3.8/site-packages/airflow/example_dags/example_task_group_decorator.py
[2024-08-26T12:55:01.532+0000] {logging_mixin.py:154} INFO - [2024-08-26T12:55:01.532+0000] {dag.py:2941} INFO - Sync 1 DAGs
[2024-08-26T12:55:01.584+0000] {logging_mixin.py:154} INFO - [2024-08-26T12:55:01.583+0000] {dag.py:3722} INFO - Setting next_dagrun for example_task_group_decorator to 2024-08-25T12:55:01.583479+00:00, run_after=2024-08-26T12:55:01.583479+00:00
[2024-08-26T12:55:01.817+0000] {processor.py:179} INFO - Processing /home/airflow/.local/lib/python3.8/site-packages/airflow/example_dags/example_task_group_decorator.py took 0.401 seconds
[2024-08-26T12:55:32.134+0000] {processor.py:157} INFO - Started process (PID=2390) to work on /home/airflow/.local/lib/python3.8/site-packages/airflow/example_dags/example_task_group_decorator.py
[2024-08-26T12:55:32.136+0000] {processor.py:829} INFO - Processing file /home/airflow/.local/lib/python3.8/site-packages/airflow/example_dags/example_task_group_decorator.py for tasks to queue
[2024-08-26T12:55:32.140+0000] {logging_mixin.py:154} INFO - [2024-08-26T12:55:32.140+0000] {dagbag.py:536} INFO - Filling up the DagBag from /home/airflow/.local/lib/python3.8/site-packages/airflow/example_dags/example_task_group_decorator.py
[2024-08-26T12:55:32.165+0000] {processor.py:839} INFO - DAG(s) dict_keys(['example_task_group_decorator']) retrieved from /home/airflow/.local/lib/python3.8/site-packages/airflow/example_dags/example_task_group_decorator.py
[2024-08-26T12:55:32.210+0000] {logging_mixin.py:154} INFO - [2024-08-26T12:55:32.210+0000] {dag.py:2941} INFO - Sync 1 DAGs
[2024-08-26T12:55:32.249+0000] {logging_mixin.py:154} INFO - [2024-08-26T12:55:32.248+0000] {dag.py:3722} INFO - Setting next_dagrun for example_task_group_decorator to 2024-08-25T12:55:32.248499+00:00, run_after=2024-08-26T12:55:32.248499+00:00
[2024-08-26T12:55:32.283+0000] {processor.py:179} INFO - Processing /home/airflow/.local/lib/python3.8/site-packages/airflow/example_dags/example_task_group_decorator.py took 0.154 seconds
[2024-08-26T12:56:03.329+0000] {processor.py:157} INFO - Started process (PID=2456) to work on /home/airflow/.local/lib/python3.8/site-packages/airflow/example_dags/example_task_group_decorator.py
[2024-08-26T12:56:03.330+0000] {processor.py:829} INFO - Processing file /home/airflow/.local/lib/python3.8/site-packages/airflow/example_dags/example_task_group_decorator.py for tasks to queue
[2024-08-26T12:56:03.334+0000] {logging_mixin.py:154} INFO - [2024-08-26T12:56:03.333+0000] {dagbag.py:536} INFO - Filling up the DagBag from /home/airflow/.local/lib/python3.8/site-packages/airflow/example_dags/example_task_group_decorator.py
[2024-08-26T12:56:03.370+0000] {processor.py:839} INFO - DAG(s) dict_keys(['example_task_group_decorator']) retrieved from /home/airflow/.local/lib/python3.8/site-packages/airflow/example_dags/example_task_group_decorator.py
[2024-08-26T12:56:03.654+0000] {logging_mixin.py:154} INFO - [2024-08-26T12:56:03.654+0000] {dag.py:2941} INFO - Sync 1 DAGs
[2024-08-26T12:56:03.693+0000] {logging_mixin.py:154} INFO - [2024-08-26T12:56:03.692+0000] {dag.py:3722} INFO - Setting next_dagrun for example_task_group_decorator to 2024-08-25T12:56:03.692387+00:00, run_after=2024-08-26T12:56:03.692387+00:00
[2024-08-26T12:56:03.772+0000] {processor.py:179} INFO - Processing /home/airflow/.local/lib/python3.8/site-packages/airflow/example_dags/example_task_group_decorator.py took 0.450 seconds
