[2024-08-26T08:44:52.864+0000] {processor.py:157} INFO - Started process (PID=53) to work on /home/airflow/.local/lib/python3.8/site-packages/airflow/example_dags/example_task_group.py
[2024-08-26T08:44:52.865+0000] {processor.py:829} INFO - Processing file /home/airflow/.local/lib/python3.8/site-packages/airflow/example_dags/example_task_group.py for tasks to queue
[2024-08-26T08:44:52.866+0000] {logging_mixin.py:154} INFO - [2024-08-26T08:44:52.866+0000] {dagbag.py:536} INFO - Filling up the DagBag from /home/airflow/.local/lib/python3.8/site-packages/airflow/example_dags/example_task_group.py
[2024-08-26T08:44:52.874+0000] {processor.py:839} INFO - DAG(s) dict_keys(['example_task_group']) retrieved from /home/airflow/.local/lib/python3.8/site-packages/airflow/example_dags/example_task_group.py
[2024-08-26T08:44:52.897+0000] {logging_mixin.py:154} INFO - [2024-08-26T08:44:52.897+0000] {dag.py:2941} INFO - Sync 1 DAGs
[2024-08-26T08:44:52.916+0000] {logging_mixin.py:154} INFO - [2024-08-26T08:44:52.916+0000] {dag.py:3722} INFO - Setting next_dagrun for example_task_group to 2024-08-25T08:44:52.915914+00:00, run_after=2024-08-26T08:44:52.915914+00:00
[2024-08-26T08:44:52.932+0000] {processor.py:179} INFO - Processing /home/airflow/.local/lib/python3.8/site-packages/airflow/example_dags/example_task_group.py took 0.071 seconds
[2024-08-26T12:36:18.839+0000] {processor.py:157} INFO - Started process (PID=62) to work on /home/airflow/.local/lib/python3.8/site-packages/airflow/example_dags/example_task_group.py
[2024-08-26T12:36:18.841+0000] {processor.py:829} INFO - Processing file /home/airflow/.local/lib/python3.8/site-packages/airflow/example_dags/example_task_group.py for tasks to queue
[2024-08-26T12:36:18.844+0000] {logging_mixin.py:154} INFO - [2024-08-26T12:36:18.844+0000] {dagbag.py:536} INFO - Filling up the DagBag from /home/airflow/.local/lib/python3.8/site-packages/airflow/example_dags/example_task_group.py
[2024-08-26T12:36:18.860+0000] {processor.py:839} INFO - DAG(s) dict_keys(['example_task_group']) retrieved from /home/airflow/.local/lib/python3.8/site-packages/airflow/example_dags/example_task_group.py
[2024-08-26T12:36:18.890+0000] {logging_mixin.py:154} INFO - [2024-08-26T12:36:18.890+0000] {dag.py:2941} INFO - Sync 1 DAGs
[2024-08-26T12:36:18.914+0000] {logging_mixin.py:154} INFO - [2024-08-26T12:36:18.914+0000] {dag.py:3722} INFO - Setting next_dagrun for example_task_group to 2024-08-25T12:36:18.913841+00:00, run_after=2024-08-26T12:36:18.913841+00:00
[2024-08-26T12:36:18.938+0000] {processor.py:179} INFO - Processing /home/airflow/.local/lib/python3.8/site-packages/airflow/example_dags/example_task_group.py took 0.104 seconds
[2024-08-26T12:36:49.885+0000] {processor.py:157} INFO - Started process (PID=128) to work on /home/airflow/.local/lib/python3.8/site-packages/airflow/example_dags/example_task_group.py
[2024-08-26T12:36:49.886+0000] {processor.py:829} INFO - Processing file /home/airflow/.local/lib/python3.8/site-packages/airflow/example_dags/example_task_group.py for tasks to queue
[2024-08-26T12:36:49.889+0000] {logging_mixin.py:154} INFO - [2024-08-26T12:36:49.888+0000] {dagbag.py:536} INFO - Filling up the DagBag from /home/airflow/.local/lib/python3.8/site-packages/airflow/example_dags/example_task_group.py
[2024-08-26T12:36:49.896+0000] {processor.py:839} INFO - DAG(s) dict_keys(['example_task_group']) retrieved from /home/airflow/.local/lib/python3.8/site-packages/airflow/example_dags/example_task_group.py
[2024-08-26T12:36:49.920+0000] {logging_mixin.py:154} INFO - [2024-08-26T12:36:49.920+0000] {dag.py:2941} INFO - Sync 1 DAGs
[2024-08-26T12:36:49.945+0000] {logging_mixin.py:154} INFO - [2024-08-26T12:36:49.944+0000] {dag.py:3722} INFO - Setting next_dagrun for example_task_group to 2024-08-25T12:36:49.944556+00:00, run_after=2024-08-26T12:36:49.944556+00:00
[2024-08-26T12:36:49.986+0000] {processor.py:179} INFO - Processing /home/airflow/.local/lib/python3.8/site-packages/airflow/example_dags/example_task_group.py took 0.105 seconds
[2024-08-26T12:37:20.783+0000] {processor.py:157} INFO - Started process (PID=194) to work on /home/airflow/.local/lib/python3.8/site-packages/airflow/example_dags/example_task_group.py
[2024-08-26T12:37:20.785+0000] {processor.py:829} INFO - Processing file /home/airflow/.local/lib/python3.8/site-packages/airflow/example_dags/example_task_group.py for tasks to queue
[2024-08-26T12:37:20.788+0000] {logging_mixin.py:154} INFO - [2024-08-26T12:37:20.788+0000] {dagbag.py:536} INFO - Filling up the DagBag from /home/airflow/.local/lib/python3.8/site-packages/airflow/example_dags/example_task_group.py
[2024-08-26T12:37:20.803+0000] {processor.py:839} INFO - DAG(s) dict_keys(['example_task_group']) retrieved from /home/airflow/.local/lib/python3.8/site-packages/airflow/example_dags/example_task_group.py
[2024-08-26T12:37:20.849+0000] {logging_mixin.py:154} INFO - [2024-08-26T12:37:20.849+0000] {dag.py:2941} INFO - Sync 1 DAGs
[2024-08-26T12:37:20.889+0000] {logging_mixin.py:154} INFO - [2024-08-26T12:37:20.888+0000] {dag.py:3722} INFO - Setting next_dagrun for example_task_group to 2024-08-25T12:37:20.888316+00:00, run_after=2024-08-26T12:37:20.888316+00:00
[2024-08-26T12:37:20.924+0000] {processor.py:179} INFO - Processing /home/airflow/.local/lib/python3.8/site-packages/airflow/example_dags/example_task_group.py took 0.146 seconds
[2024-08-26T12:37:51.389+0000] {processor.py:157} INFO - Started process (PID=258) to work on /home/airflow/.local/lib/python3.8/site-packages/airflow/example_dags/example_task_group.py
[2024-08-26T12:37:51.391+0000] {processor.py:829} INFO - Processing file /home/airflow/.local/lib/python3.8/site-packages/airflow/example_dags/example_task_group.py for tasks to queue
[2024-08-26T12:37:51.394+0000] {logging_mixin.py:154} INFO - [2024-08-26T12:37:51.394+0000] {dagbag.py:536} INFO - Filling up the DagBag from /home/airflow/.local/lib/python3.8/site-packages/airflow/example_dags/example_task_group.py
[2024-08-26T12:37:51.406+0000] {processor.py:839} INFO - DAG(s) dict_keys(['example_task_group']) retrieved from /home/airflow/.local/lib/python3.8/site-packages/airflow/example_dags/example_task_group.py
[2024-08-26T12:37:51.444+0000] {logging_mixin.py:154} INFO - [2024-08-26T12:37:51.444+0000] {dag.py:2941} INFO - Sync 1 DAGs
[2024-08-26T12:37:51.481+0000] {logging_mixin.py:154} INFO - [2024-08-26T12:37:51.481+0000] {dag.py:3722} INFO - Setting next_dagrun for example_task_group to 2024-08-25T12:37:51.481234+00:00, run_after=2024-08-26T12:37:51.481234+00:00
[2024-08-26T12:37:51.514+0000] {processor.py:179} INFO - Processing /home/airflow/.local/lib/python3.8/site-packages/airflow/example_dags/example_task_group.py took 0.131 seconds
[2024-08-26T12:38:21.898+0000] {processor.py:157} INFO - Started process (PID=324) to work on /home/airflow/.local/lib/python3.8/site-packages/airflow/example_dags/example_task_group.py
[2024-08-26T12:38:21.900+0000] {processor.py:829} INFO - Processing file /home/airflow/.local/lib/python3.8/site-packages/airflow/example_dags/example_task_group.py for tasks to queue
[2024-08-26T12:38:21.904+0000] {logging_mixin.py:154} INFO - [2024-08-26T12:38:21.903+0000] {dagbag.py:536} INFO - Filling up the DagBag from /home/airflow/.local/lib/python3.8/site-packages/airflow/example_dags/example_task_group.py
[2024-08-26T12:38:21.918+0000] {processor.py:839} INFO - DAG(s) dict_keys(['example_task_group']) retrieved from /home/airflow/.local/lib/python3.8/site-packages/airflow/example_dags/example_task_group.py
[2024-08-26T12:38:21.959+0000] {logging_mixin.py:154} INFO - [2024-08-26T12:38:21.959+0000] {dag.py:2941} INFO - Sync 1 DAGs
[2024-08-26T12:38:21.998+0000] {logging_mixin.py:154} INFO - [2024-08-26T12:38:21.998+0000] {dag.py:3722} INFO - Setting next_dagrun for example_task_group to 2024-08-25T12:38:21.997867+00:00, run_after=2024-08-26T12:38:21.997867+00:00
[2024-08-26T12:38:22.074+0000] {processor.py:179} INFO - Processing /home/airflow/.local/lib/python3.8/site-packages/airflow/example_dags/example_task_group.py took 0.181 seconds
[2024-08-26T12:38:52.731+0000] {processor.py:157} INFO - Started process (PID=391) to work on /home/airflow/.local/lib/python3.8/site-packages/airflow/example_dags/example_task_group.py
[2024-08-26T12:38:52.733+0000] {processor.py:829} INFO - Processing file /home/airflow/.local/lib/python3.8/site-packages/airflow/example_dags/example_task_group.py for tasks to queue
[2024-08-26T12:38:52.739+0000] {logging_mixin.py:154} INFO - [2024-08-26T12:38:52.738+0000] {dagbag.py:536} INFO - Filling up the DagBag from /home/airflow/.local/lib/python3.8/site-packages/airflow/example_dags/example_task_group.py
[2024-08-26T12:38:52.759+0000] {processor.py:839} INFO - DAG(s) dict_keys(['example_task_group']) retrieved from /home/airflow/.local/lib/python3.8/site-packages/airflow/example_dags/example_task_group.py
[2024-08-26T12:38:52.802+0000] {logging_mixin.py:154} INFO - [2024-08-26T12:38:52.801+0000] {dag.py:2941} INFO - Sync 1 DAGs
[2024-08-26T12:38:52.853+0000] {logging_mixin.py:154} INFO - [2024-08-26T12:38:52.852+0000] {dag.py:3722} INFO - Setting next_dagrun for example_task_group to 2024-08-25T12:38:52.852299+00:00, run_after=2024-08-26T12:38:52.852299+00:00
[2024-08-26T12:38:52.930+0000] {processor.py:179} INFO - Processing /home/airflow/.local/lib/python3.8/site-packages/airflow/example_dags/example_task_group.py took 0.207 seconds
[2024-08-26T12:39:23.077+0000] {processor.py:157} INFO - Started process (PID=457) to work on /home/airflow/.local/lib/python3.8/site-packages/airflow/example_dags/example_task_group.py
[2024-08-26T12:39:23.079+0000] {processor.py:829} INFO - Processing file /home/airflow/.local/lib/python3.8/site-packages/airflow/example_dags/example_task_group.py for tasks to queue
[2024-08-26T12:39:23.083+0000] {logging_mixin.py:154} INFO - [2024-08-26T12:39:23.082+0000] {dagbag.py:536} INFO - Filling up the DagBag from /home/airflow/.local/lib/python3.8/site-packages/airflow/example_dags/example_task_group.py
[2024-08-26T12:39:23.098+0000] {processor.py:839} INFO - DAG(s) dict_keys(['example_task_group']) retrieved from /home/airflow/.local/lib/python3.8/site-packages/airflow/example_dags/example_task_group.py
[2024-08-26T12:39:23.147+0000] {logging_mixin.py:154} INFO - [2024-08-26T12:39:23.147+0000] {dag.py:2941} INFO - Sync 1 DAGs
[2024-08-26T12:39:23.188+0000] {logging_mixin.py:154} INFO - [2024-08-26T12:39:23.188+0000] {dag.py:3722} INFO - Setting next_dagrun for example_task_group to 2024-08-25T12:39:23.188120+00:00, run_after=2024-08-26T12:39:23.188120+00:00
[2024-08-26T12:39:23.265+0000] {processor.py:179} INFO - Processing /home/airflow/.local/lib/python3.8/site-packages/airflow/example_dags/example_task_group.py took 0.193 seconds
[2024-08-26T12:39:53.919+0000] {processor.py:157} INFO - Started process (PID=530) to work on /home/airflow/.local/lib/python3.8/site-packages/airflow/example_dags/example_task_group.py
[2024-08-26T12:39:53.923+0000] {processor.py:829} INFO - Processing file /home/airflow/.local/lib/python3.8/site-packages/airflow/example_dags/example_task_group.py for tasks to queue
[2024-08-26T12:39:53.928+0000] {logging_mixin.py:154} INFO - [2024-08-26T12:39:53.927+0000] {dagbag.py:536} INFO - Filling up the DagBag from /home/airflow/.local/lib/python3.8/site-packages/airflow/example_dags/example_task_group.py
[2024-08-26T12:39:53.946+0000] {processor.py:839} INFO - DAG(s) dict_keys(['example_task_group']) retrieved from /home/airflow/.local/lib/python3.8/site-packages/airflow/example_dags/example_task_group.py
[2024-08-26T12:39:54.006+0000] {logging_mixin.py:154} INFO - [2024-08-26T12:39:54.005+0000] {dag.py:2941} INFO - Sync 1 DAGs
[2024-08-26T12:39:54.063+0000] {logging_mixin.py:154} INFO - [2024-08-26T12:39:54.062+0000] {dag.py:3722} INFO - Setting next_dagrun for example_task_group to 2024-08-25T12:39:54.061761+00:00, run_after=2024-08-26T12:39:54.061761+00:00
[2024-08-26T12:39:54.112+0000] {processor.py:179} INFO - Processing /home/airflow/.local/lib/python3.8/site-packages/airflow/example_dags/example_task_group.py took 0.200 seconds
[2024-08-26T12:40:25.237+0000] {processor.py:157} INFO - Started process (PID=589) to work on /home/airflow/.local/lib/python3.8/site-packages/airflow/example_dags/example_task_group.py
[2024-08-26T12:40:25.244+0000] {processor.py:829} INFO - Processing file /home/airflow/.local/lib/python3.8/site-packages/airflow/example_dags/example_task_group.py for tasks to queue
[2024-08-26T12:40:25.254+0000] {logging_mixin.py:154} INFO - [2024-08-26T12:40:25.253+0000] {dagbag.py:536} INFO - Filling up the DagBag from /home/airflow/.local/lib/python3.8/site-packages/airflow/example_dags/example_task_group.py
[2024-08-26T12:40:25.276+0000] {processor.py:839} INFO - DAG(s) dict_keys(['example_task_group']) retrieved from /home/airflow/.local/lib/python3.8/site-packages/airflow/example_dags/example_task_group.py
[2024-08-26T12:40:25.367+0000] {logging_mixin.py:154} INFO - [2024-08-26T12:40:25.366+0000] {dag.py:2941} INFO - Sync 1 DAGs
[2024-08-26T12:40:25.457+0000] {logging_mixin.py:154} INFO - [2024-08-26T12:40:25.456+0000] {dag.py:3722} INFO - Setting next_dagrun for example_task_group to 2024-08-25T12:40:25.455544+00:00, run_after=2024-08-26T12:40:25.455544+00:00
[2024-08-26T12:40:25.522+0000] {processor.py:179} INFO - Processing /home/airflow/.local/lib/python3.8/site-packages/airflow/example_dags/example_task_group.py took 0.301 seconds
[2024-08-26T12:40:56.322+0000] {processor.py:157} INFO - Started process (PID=654) to work on /home/airflow/.local/lib/python3.8/site-packages/airflow/example_dags/example_task_group.py
[2024-08-26T12:40:56.324+0000] {processor.py:829} INFO - Processing file /home/airflow/.local/lib/python3.8/site-packages/airflow/example_dags/example_task_group.py for tasks to queue
[2024-08-26T12:40:56.327+0000] {logging_mixin.py:154} INFO - [2024-08-26T12:40:56.326+0000] {dagbag.py:536} INFO - Filling up the DagBag from /home/airflow/.local/lib/python3.8/site-packages/airflow/example_dags/example_task_group.py
[2024-08-26T12:40:56.338+0000] {processor.py:839} INFO - DAG(s) dict_keys(['example_task_group']) retrieved from /home/airflow/.local/lib/python3.8/site-packages/airflow/example_dags/example_task_group.py
[2024-08-26T12:40:56.382+0000] {logging_mixin.py:154} INFO - [2024-08-26T12:40:56.382+0000] {dag.py:2941} INFO - Sync 1 DAGs
[2024-08-26T12:40:56.424+0000] {logging_mixin.py:154} INFO - [2024-08-26T12:40:56.423+0000] {dag.py:3722} INFO - Setting next_dagrun for example_task_group to 2024-08-25T12:40:56.423297+00:00, run_after=2024-08-26T12:40:56.423297+00:00
[2024-08-26T12:40:56.494+0000] {processor.py:179} INFO - Processing /home/airflow/.local/lib/python3.8/site-packages/airflow/example_dags/example_task_group.py took 0.177 seconds
[2024-08-26T12:41:26.762+0000] {processor.py:157} INFO - Started process (PID=720) to work on /home/airflow/.local/lib/python3.8/site-packages/airflow/example_dags/example_task_group.py
[2024-08-26T12:41:26.764+0000] {processor.py:829} INFO - Processing file /home/airflow/.local/lib/python3.8/site-packages/airflow/example_dags/example_task_group.py for tasks to queue
[2024-08-26T12:41:26.767+0000] {logging_mixin.py:154} INFO - [2024-08-26T12:41:26.767+0000] {dagbag.py:536} INFO - Filling up the DagBag from /home/airflow/.local/lib/python3.8/site-packages/airflow/example_dags/example_task_group.py
[2024-08-26T12:41:26.779+0000] {processor.py:839} INFO - DAG(s) dict_keys(['example_task_group']) retrieved from /home/airflow/.local/lib/python3.8/site-packages/airflow/example_dags/example_task_group.py
[2024-08-26T12:41:26.820+0000] {logging_mixin.py:154} INFO - [2024-08-26T12:41:26.820+0000] {dag.py:2941} INFO - Sync 1 DAGs
[2024-08-26T12:41:26.861+0000] {logging_mixin.py:154} INFO - [2024-08-26T12:41:26.861+0000] {dag.py:3722} INFO - Setting next_dagrun for example_task_group to 2024-08-25T12:41:26.860837+00:00, run_after=2024-08-26T12:41:26.860837+00:00
[2024-08-26T12:41:26.935+0000] {processor.py:179} INFO - Processing /home/airflow/.local/lib/python3.8/site-packages/airflow/example_dags/example_task_group.py took 0.178 seconds
[2024-08-26T12:41:57.033+0000] {processor.py:157} INFO - Started process (PID=786) to work on /home/airflow/.local/lib/python3.8/site-packages/airflow/example_dags/example_task_group.py
[2024-08-26T12:41:57.035+0000] {processor.py:829} INFO - Processing file /home/airflow/.local/lib/python3.8/site-packages/airflow/example_dags/example_task_group.py for tasks to queue
[2024-08-26T12:41:57.038+0000] {logging_mixin.py:154} INFO - [2024-08-26T12:41:57.038+0000] {dagbag.py:536} INFO - Filling up the DagBag from /home/airflow/.local/lib/python3.8/site-packages/airflow/example_dags/example_task_group.py
[2024-08-26T12:41:57.053+0000] {processor.py:839} INFO - DAG(s) dict_keys(['example_task_group']) retrieved from /home/airflow/.local/lib/python3.8/site-packages/airflow/example_dags/example_task_group.py
[2024-08-26T12:41:57.101+0000] {logging_mixin.py:154} INFO - [2024-08-26T12:41:57.100+0000] {dag.py:2941} INFO - Sync 1 DAGs
[2024-08-26T12:41:57.144+0000] {logging_mixin.py:154} INFO - [2024-08-26T12:41:57.144+0000] {dag.py:3722} INFO - Setting next_dagrun for example_task_group to 2024-08-25T12:41:57.143971+00:00, run_after=2024-08-26T12:41:57.143971+00:00
[2024-08-26T12:41:57.219+0000] {processor.py:179} INFO - Processing /home/airflow/.local/lib/python3.8/site-packages/airflow/example_dags/example_task_group.py took 0.191 seconds
[2024-08-26T12:42:27.516+0000] {processor.py:157} INFO - Started process (PID=852) to work on /home/airflow/.local/lib/python3.8/site-packages/airflow/example_dags/example_task_group.py
[2024-08-26T12:42:27.517+0000] {processor.py:829} INFO - Processing file /home/airflow/.local/lib/python3.8/site-packages/airflow/example_dags/example_task_group.py for tasks to queue
[2024-08-26T12:42:27.521+0000] {logging_mixin.py:154} INFO - [2024-08-26T12:42:27.520+0000] {dagbag.py:536} INFO - Filling up the DagBag from /home/airflow/.local/lib/python3.8/site-packages/airflow/example_dags/example_task_group.py
[2024-08-26T12:42:27.532+0000] {processor.py:839} INFO - DAG(s) dict_keys(['example_task_group']) retrieved from /home/airflow/.local/lib/python3.8/site-packages/airflow/example_dags/example_task_group.py
[2024-08-26T12:42:27.569+0000] {logging_mixin.py:154} INFO - [2024-08-26T12:42:27.568+0000] {dag.py:2941} INFO - Sync 1 DAGs
[2024-08-26T12:42:27.605+0000] {logging_mixin.py:154} INFO - [2024-08-26T12:42:27.605+0000] {dag.py:3722} INFO - Setting next_dagrun for example_task_group to 2024-08-25T12:42:27.604944+00:00, run_after=2024-08-26T12:42:27.604944+00:00
[2024-08-26T12:42:27.676+0000] {processor.py:179} INFO - Processing /home/airflow/.local/lib/python3.8/site-packages/airflow/example_dags/example_task_group.py took 0.165 seconds
[2024-08-26T12:42:58.588+0000] {processor.py:157} INFO - Started process (PID=918) to work on /home/airflow/.local/lib/python3.8/site-packages/airflow/example_dags/example_task_group.py
[2024-08-26T12:42:58.590+0000] {processor.py:829} INFO - Processing file /home/airflow/.local/lib/python3.8/site-packages/airflow/example_dags/example_task_group.py for tasks to queue
[2024-08-26T12:42:58.593+0000] {logging_mixin.py:154} INFO - [2024-08-26T12:42:58.593+0000] {dagbag.py:536} INFO - Filling up the DagBag from /home/airflow/.local/lib/python3.8/site-packages/airflow/example_dags/example_task_group.py
[2024-08-26T12:42:58.605+0000] {processor.py:839} INFO - DAG(s) dict_keys(['example_task_group']) retrieved from /home/airflow/.local/lib/python3.8/site-packages/airflow/example_dags/example_task_group.py
[2024-08-26T12:42:58.643+0000] {logging_mixin.py:154} INFO - [2024-08-26T12:42:58.643+0000] {dag.py:2941} INFO - Sync 1 DAGs
[2024-08-26T12:42:58.684+0000] {logging_mixin.py:154} INFO - [2024-08-26T12:42:58.683+0000] {dag.py:3722} INFO - Setting next_dagrun for example_task_group to 2024-08-25T12:42:58.683142+00:00, run_after=2024-08-26T12:42:58.683142+00:00
[2024-08-26T12:42:58.756+0000] {processor.py:179} INFO - Processing /home/airflow/.local/lib/python3.8/site-packages/airflow/example_dags/example_task_group.py took 0.173 seconds
[2024-08-26T12:43:29.177+0000] {processor.py:157} INFO - Started process (PID=996) to work on /home/airflow/.local/lib/python3.8/site-packages/airflow/example_dags/example_task_group.py
[2024-08-26T12:43:29.178+0000] {processor.py:829} INFO - Processing file /home/airflow/.local/lib/python3.8/site-packages/airflow/example_dags/example_task_group.py for tasks to queue
[2024-08-26T12:43:29.183+0000] {logging_mixin.py:154} INFO - [2024-08-26T12:43:29.182+0000] {dagbag.py:536} INFO - Filling up the DagBag from /home/airflow/.local/lib/python3.8/site-packages/airflow/example_dags/example_task_group.py
[2024-08-26T12:43:29.195+0000] {processor.py:839} INFO - DAG(s) dict_keys(['example_task_group']) retrieved from /home/airflow/.local/lib/python3.8/site-packages/airflow/example_dags/example_task_group.py
[2024-08-26T12:43:29.236+0000] {logging_mixin.py:154} INFO - [2024-08-26T12:43:29.235+0000] {dag.py:2941} INFO - Sync 1 DAGs
[2024-08-26T12:43:29.278+0000] {logging_mixin.py:154} INFO - [2024-08-26T12:43:29.277+0000] {dag.py:3722} INFO - Setting next_dagrun for example_task_group to 2024-08-25T12:43:29.277538+00:00, run_after=2024-08-26T12:43:29.277538+00:00
[2024-08-26T12:43:29.340+0000] {processor.py:179} INFO - Processing /home/airflow/.local/lib/python3.8/site-packages/airflow/example_dags/example_task_group.py took 0.168 seconds
[2024-08-26T12:43:59.614+0000] {processor.py:157} INFO - Started process (PID=1062) to work on /home/airflow/.local/lib/python3.8/site-packages/airflow/example_dags/example_task_group.py
[2024-08-26T12:43:59.615+0000] {processor.py:829} INFO - Processing file /home/airflow/.local/lib/python3.8/site-packages/airflow/example_dags/example_task_group.py for tasks to queue
[2024-08-26T12:43:59.619+0000] {logging_mixin.py:154} INFO - [2024-08-26T12:43:59.619+0000] {dagbag.py:536} INFO - Filling up the DagBag from /home/airflow/.local/lib/python3.8/site-packages/airflow/example_dags/example_task_group.py
[2024-08-26T12:43:59.634+0000] {processor.py:839} INFO - DAG(s) dict_keys(['example_task_group']) retrieved from /home/airflow/.local/lib/python3.8/site-packages/airflow/example_dags/example_task_group.py
[2024-08-26T12:43:59.679+0000] {logging_mixin.py:154} INFO - [2024-08-26T12:43:59.678+0000] {dag.py:2941} INFO - Sync 1 DAGs
[2024-08-26T12:43:59.724+0000] {logging_mixin.py:154} INFO - [2024-08-26T12:43:59.723+0000] {dag.py:3722} INFO - Setting next_dagrun for example_task_group to 2024-08-25T12:43:59.723397+00:00, run_after=2024-08-26T12:43:59.723397+00:00
[2024-08-26T12:43:59.795+0000] {processor.py:179} INFO - Processing /home/airflow/.local/lib/python3.8/site-packages/airflow/example_dags/example_task_group.py took 0.187 seconds
[2024-08-26T12:44:30.342+0000] {processor.py:157} INFO - Started process (PID=1128) to work on /home/airflow/.local/lib/python3.8/site-packages/airflow/example_dags/example_task_group.py
[2024-08-26T12:44:30.343+0000] {processor.py:829} INFO - Processing file /home/airflow/.local/lib/python3.8/site-packages/airflow/example_dags/example_task_group.py for tasks to queue
[2024-08-26T12:44:30.347+0000] {logging_mixin.py:154} INFO - [2024-08-26T12:44:30.347+0000] {dagbag.py:536} INFO - Filling up the DagBag from /home/airflow/.local/lib/python3.8/site-packages/airflow/example_dags/example_task_group.py
[2024-08-26T12:44:30.364+0000] {processor.py:839} INFO - DAG(s) dict_keys(['example_task_group']) retrieved from /home/airflow/.local/lib/python3.8/site-packages/airflow/example_dags/example_task_group.py
[2024-08-26T12:44:30.403+0000] {logging_mixin.py:154} INFO - [2024-08-26T12:44:30.402+0000] {dag.py:2941} INFO - Sync 1 DAGs
[2024-08-26T12:44:30.440+0000] {logging_mixin.py:154} INFO - [2024-08-26T12:44:30.440+0000] {dag.py:3722} INFO - Setting next_dagrun for example_task_group to 2024-08-25T12:44:30.440033+00:00, run_after=2024-08-26T12:44:30.440033+00:00
[2024-08-26T12:44:30.474+0000] {processor.py:179} INFO - Processing /home/airflow/.local/lib/python3.8/site-packages/airflow/example_dags/example_task_group.py took 0.137 seconds
[2024-08-26T12:45:01.299+0000] {processor.py:157} INFO - Started process (PID=1201) to work on /home/airflow/.local/lib/python3.8/site-packages/airflow/example_dags/example_task_group.py
[2024-08-26T12:45:01.301+0000] {processor.py:829} INFO - Processing file /home/airflow/.local/lib/python3.8/site-packages/airflow/example_dags/example_task_group.py for tasks to queue
[2024-08-26T12:45:01.305+0000] {logging_mixin.py:154} INFO - [2024-08-26T12:45:01.304+0000] {dagbag.py:536} INFO - Filling up the DagBag from /home/airflow/.local/lib/python3.8/site-packages/airflow/example_dags/example_task_group.py
[2024-08-26T12:45:01.317+0000] {processor.py:839} INFO - DAG(s) dict_keys(['example_task_group']) retrieved from /home/airflow/.local/lib/python3.8/site-packages/airflow/example_dags/example_task_group.py
[2024-08-26T12:45:01.357+0000] {logging_mixin.py:154} INFO - [2024-08-26T12:45:01.357+0000] {dag.py:2941} INFO - Sync 1 DAGs
[2024-08-26T12:45:01.402+0000] {logging_mixin.py:154} INFO - [2024-08-26T12:45:01.402+0000] {dag.py:3722} INFO - Setting next_dagrun for example_task_group to 2024-08-25T12:45:01.401631+00:00, run_after=2024-08-26T12:45:01.401631+00:00
[2024-08-26T12:45:01.478+0000] {processor.py:179} INFO - Processing /home/airflow/.local/lib/python3.8/site-packages/airflow/example_dags/example_task_group.py took 0.185 seconds
[2024-08-26T12:45:31.730+0000] {processor.py:157} INFO - Started process (PID=1268) to work on /home/airflow/.local/lib/python3.8/site-packages/airflow/example_dags/example_task_group.py
[2024-08-26T12:45:31.731+0000] {processor.py:829} INFO - Processing file /home/airflow/.local/lib/python3.8/site-packages/airflow/example_dags/example_task_group.py for tasks to queue
[2024-08-26T12:45:31.735+0000] {logging_mixin.py:154} INFO - [2024-08-26T12:45:31.734+0000] {dagbag.py:536} INFO - Filling up the DagBag from /home/airflow/.local/lib/python3.8/site-packages/airflow/example_dags/example_task_group.py
[2024-08-26T12:45:31.747+0000] {processor.py:839} INFO - DAG(s) dict_keys(['example_task_group']) retrieved from /home/airflow/.local/lib/python3.8/site-packages/airflow/example_dags/example_task_group.py
[2024-08-26T12:45:31.789+0000] {logging_mixin.py:154} INFO - [2024-08-26T12:45:31.789+0000] {dag.py:2941} INFO - Sync 1 DAGs
[2024-08-26T12:45:31.832+0000] {logging_mixin.py:154} INFO - [2024-08-26T12:45:31.832+0000] {dag.py:3722} INFO - Setting next_dagrun for example_task_group to 2024-08-25T12:45:31.831557+00:00, run_after=2024-08-26T12:45:31.831557+00:00
[2024-08-26T12:45:31.874+0000] {processor.py:179} INFO - Processing /home/airflow/.local/lib/python3.8/site-packages/airflow/example_dags/example_task_group.py took 0.149 seconds
[2024-08-26T12:46:02.036+0000] {processor.py:157} INFO - Started process (PID=1334) to work on /home/airflow/.local/lib/python3.8/site-packages/airflow/example_dags/example_task_group.py
[2024-08-26T12:46:02.038+0000] {processor.py:829} INFO - Processing file /home/airflow/.local/lib/python3.8/site-packages/airflow/example_dags/example_task_group.py for tasks to queue
[2024-08-26T12:46:02.042+0000] {logging_mixin.py:154} INFO - [2024-08-26T12:46:02.041+0000] {dagbag.py:536} INFO - Filling up the DagBag from /home/airflow/.local/lib/python3.8/site-packages/airflow/example_dags/example_task_group.py
[2024-08-26T12:46:02.058+0000] {processor.py:839} INFO - DAG(s) dict_keys(['example_task_group']) retrieved from /home/airflow/.local/lib/python3.8/site-packages/airflow/example_dags/example_task_group.py
[2024-08-26T12:46:02.111+0000] {logging_mixin.py:154} INFO - [2024-08-26T12:46:02.110+0000] {dag.py:2941} INFO - Sync 1 DAGs
[2024-08-26T12:46:02.154+0000] {logging_mixin.py:154} INFO - [2024-08-26T12:46:02.154+0000] {dag.py:3722} INFO - Setting next_dagrun for example_task_group to 2024-08-25T12:46:02.153958+00:00, run_after=2024-08-26T12:46:02.153958+00:00
[2024-08-26T12:46:02.226+0000] {processor.py:179} INFO - Processing /home/airflow/.local/lib/python3.8/site-packages/airflow/example_dags/example_task_group.py took 0.196 seconds
[2024-08-26T12:46:32.451+0000] {processor.py:157} INFO - Started process (PID=1400) to work on /home/airflow/.local/lib/python3.8/site-packages/airflow/example_dags/example_task_group.py
[2024-08-26T12:46:32.452+0000] {processor.py:829} INFO - Processing file /home/airflow/.local/lib/python3.8/site-packages/airflow/example_dags/example_task_group.py for tasks to queue
[2024-08-26T12:46:32.456+0000] {logging_mixin.py:154} INFO - [2024-08-26T12:46:32.456+0000] {dagbag.py:536} INFO - Filling up the DagBag from /home/airflow/.local/lib/python3.8/site-packages/airflow/example_dags/example_task_group.py
[2024-08-26T12:46:32.469+0000] {processor.py:839} INFO - DAG(s) dict_keys(['example_task_group']) retrieved from /home/airflow/.local/lib/python3.8/site-packages/airflow/example_dags/example_task_group.py
[2024-08-26T12:46:32.517+0000] {logging_mixin.py:154} INFO - [2024-08-26T12:46:32.516+0000] {dag.py:2941} INFO - Sync 1 DAGs
[2024-08-26T12:46:32.561+0000] {logging_mixin.py:154} INFO - [2024-08-26T12:46:32.561+0000] {dag.py:3722} INFO - Setting next_dagrun for example_task_group to 2024-08-25T12:46:32.560725+00:00, run_after=2024-08-26T12:46:32.560725+00:00
[2024-08-26T12:46:32.636+0000] {processor.py:179} INFO - Processing /home/airflow/.local/lib/python3.8/site-packages/airflow/example_dags/example_task_group.py took 0.193 seconds
[2024-08-26T12:47:02.800+0000] {processor.py:157} INFO - Started process (PID=1466) to work on /home/airflow/.local/lib/python3.8/site-packages/airflow/example_dags/example_task_group.py
[2024-08-26T12:47:02.802+0000] {processor.py:829} INFO - Processing file /home/airflow/.local/lib/python3.8/site-packages/airflow/example_dags/example_task_group.py for tasks to queue
[2024-08-26T12:47:02.806+0000] {logging_mixin.py:154} INFO - [2024-08-26T12:47:02.806+0000] {dagbag.py:536} INFO - Filling up the DagBag from /home/airflow/.local/lib/python3.8/site-packages/airflow/example_dags/example_task_group.py
[2024-08-26T12:47:02.817+0000] {processor.py:839} INFO - DAG(s) dict_keys(['example_task_group']) retrieved from /home/airflow/.local/lib/python3.8/site-packages/airflow/example_dags/example_task_group.py
[2024-08-26T12:47:02.855+0000] {logging_mixin.py:154} INFO - [2024-08-26T12:47:02.855+0000] {dag.py:2941} INFO - Sync 1 DAGs
[2024-08-26T12:47:02.892+0000] {logging_mixin.py:154} INFO - [2024-08-26T12:47:02.892+0000] {dag.py:3722} INFO - Setting next_dagrun for example_task_group to 2024-08-25T12:47:02.891929+00:00, run_after=2024-08-26T12:47:02.891929+00:00
[2024-08-26T12:47:02.925+0000] {processor.py:179} INFO - Processing /home/airflow/.local/lib/python3.8/site-packages/airflow/example_dags/example_task_group.py took 0.130 seconds
[2024-08-26T12:47:33.221+0000] {processor.py:157} INFO - Started process (PID=1534) to work on /home/airflow/.local/lib/python3.8/site-packages/airflow/example_dags/example_task_group.py
[2024-08-26T12:47:33.223+0000] {processor.py:829} INFO - Processing file /home/airflow/.local/lib/python3.8/site-packages/airflow/example_dags/example_task_group.py for tasks to queue
[2024-08-26T12:47:33.227+0000] {logging_mixin.py:154} INFO - [2024-08-26T12:47:33.227+0000] {dagbag.py:536} INFO - Filling up the DagBag from /home/airflow/.local/lib/python3.8/site-packages/airflow/example_dags/example_task_group.py
[2024-08-26T12:47:33.242+0000] {processor.py:839} INFO - DAG(s) dict_keys(['example_task_group']) retrieved from /home/airflow/.local/lib/python3.8/site-packages/airflow/example_dags/example_task_group.py
[2024-08-26T12:47:33.280+0000] {logging_mixin.py:154} INFO - [2024-08-26T12:47:33.280+0000] {dag.py:2941} INFO - Sync 1 DAGs
[2024-08-26T12:47:33.328+0000] {logging_mixin.py:154} INFO - [2024-08-26T12:47:33.328+0000] {dag.py:3722} INFO - Setting next_dagrun for example_task_group to 2024-08-25T12:47:33.327819+00:00, run_after=2024-08-26T12:47:33.327819+00:00
[2024-08-26T12:47:33.404+0000] {processor.py:179} INFO - Processing /home/airflow/.local/lib/python3.8/site-packages/airflow/example_dags/example_task_group.py took 0.190 seconds
[2024-08-26T12:48:04.161+0000] {processor.py:157} INFO - Started process (PID=1600) to work on /home/airflow/.local/lib/python3.8/site-packages/airflow/example_dags/example_task_group.py
[2024-08-26T12:48:04.162+0000] {processor.py:829} INFO - Processing file /home/airflow/.local/lib/python3.8/site-packages/airflow/example_dags/example_task_group.py for tasks to queue
[2024-08-26T12:48:04.166+0000] {logging_mixin.py:154} INFO - [2024-08-26T12:48:04.166+0000] {dagbag.py:536} INFO - Filling up the DagBag from /home/airflow/.local/lib/python3.8/site-packages/airflow/example_dags/example_task_group.py
[2024-08-26T12:48:04.182+0000] {processor.py:839} INFO - DAG(s) dict_keys(['example_task_group']) retrieved from /home/airflow/.local/lib/python3.8/site-packages/airflow/example_dags/example_task_group.py
[2024-08-26T12:48:04.225+0000] {logging_mixin.py:154} INFO - [2024-08-26T12:48:04.225+0000] {dag.py:2941} INFO - Sync 1 DAGs
[2024-08-26T12:48:04.264+0000] {logging_mixin.py:154} INFO - [2024-08-26T12:48:04.264+0000] {dag.py:3722} INFO - Setting next_dagrun for example_task_group to 2024-08-25T12:48:04.263811+00:00, run_after=2024-08-26T12:48:04.263811+00:00
[2024-08-26T12:48:04.338+0000] {processor.py:179} INFO - Processing /home/airflow/.local/lib/python3.8/site-packages/airflow/example_dags/example_task_group.py took 0.183 seconds
[2024-08-26T12:49:34.634+0000] {processor.py:157} INFO - Started process (PID=1660) to work on /home/airflow/.local/lib/python3.8/site-packages/airflow/example_dags/example_task_group.py
[2024-08-26T12:49:34.636+0000] {processor.py:829} INFO - Processing file /home/airflow/.local/lib/python3.8/site-packages/airflow/example_dags/example_task_group.py for tasks to queue
[2024-08-26T12:49:34.641+0000] {logging_mixin.py:154} INFO - [2024-08-26T12:49:34.640+0000] {dagbag.py:536} INFO - Filling up the DagBag from /home/airflow/.local/lib/python3.8/site-packages/airflow/example_dags/example_task_group.py
[2024-08-26T12:49:34.663+0000] {processor.py:839} INFO - DAG(s) dict_keys(['example_task_group']) retrieved from /home/airflow/.local/lib/python3.8/site-packages/airflow/example_dags/example_task_group.py
[2024-08-26T12:49:34.708+0000] {logging_mixin.py:154} INFO - [2024-08-26T12:49:34.707+0000] {dag.py:2941} INFO - Sync 1 DAGs
[2024-08-26T12:49:34.751+0000] {logging_mixin.py:154} INFO - [2024-08-26T12:49:34.751+0000] {dag.py:3722} INFO - Setting next_dagrun for example_task_group to 2024-08-25T12:49:34.751065+00:00, run_after=2024-08-26T12:49:34.751065+00:00
[2024-08-26T12:49:34.791+0000] {processor.py:179} INFO - Processing /home/airflow/.local/lib/python3.8/site-packages/airflow/example_dags/example_task_group.py took 0.165 seconds
[2024-08-26T12:50:05.734+0000] {processor.py:157} INFO - Started process (PID=1726) to work on /home/airflow/.local/lib/python3.8/site-packages/airflow/example_dags/example_task_group.py
[2024-08-26T12:50:05.736+0000] {processor.py:829} INFO - Processing file /home/airflow/.local/lib/python3.8/site-packages/airflow/example_dags/example_task_group.py for tasks to queue
[2024-08-26T12:50:05.739+0000] {logging_mixin.py:154} INFO - [2024-08-26T12:50:05.739+0000] {dagbag.py:536} INFO - Filling up the DagBag from /home/airflow/.local/lib/python3.8/site-packages/airflow/example_dags/example_task_group.py
[2024-08-26T12:50:05.752+0000] {processor.py:839} INFO - DAG(s) dict_keys(['example_task_group']) retrieved from /home/airflow/.local/lib/python3.8/site-packages/airflow/example_dags/example_task_group.py
[2024-08-26T12:50:05.797+0000] {logging_mixin.py:154} INFO - [2024-08-26T12:50:05.797+0000] {dag.py:2941} INFO - Sync 1 DAGs
[2024-08-26T12:50:05.841+0000] {logging_mixin.py:154} INFO - [2024-08-26T12:50:05.841+0000] {dag.py:3722} INFO - Setting next_dagrun for example_task_group to 2024-08-25T12:50:05.841243+00:00, run_after=2024-08-26T12:50:05.841243+00:00
[2024-08-26T12:50:05.874+0000] {processor.py:179} INFO - Processing /home/airflow/.local/lib/python3.8/site-packages/airflow/example_dags/example_task_group.py took 0.145 seconds
[2024-08-26T12:50:36.887+0000] {processor.py:157} INFO - Started process (PID=1792) to work on /home/airflow/.local/lib/python3.8/site-packages/airflow/example_dags/example_task_group.py
[2024-08-26T12:50:36.888+0000] {processor.py:829} INFO - Processing file /home/airflow/.local/lib/python3.8/site-packages/airflow/example_dags/example_task_group.py for tasks to queue
[2024-08-26T12:50:36.892+0000] {logging_mixin.py:154} INFO - [2024-08-26T12:50:36.892+0000] {dagbag.py:536} INFO - Filling up the DagBag from /home/airflow/.local/lib/python3.8/site-packages/airflow/example_dags/example_task_group.py
[2024-08-26T12:50:36.904+0000] {processor.py:839} INFO - DAG(s) dict_keys(['example_task_group']) retrieved from /home/airflow/.local/lib/python3.8/site-packages/airflow/example_dags/example_task_group.py
[2024-08-26T12:50:36.950+0000] {logging_mixin.py:154} INFO - [2024-08-26T12:50:36.950+0000] {dag.py:2941} INFO - Sync 1 DAGs
[2024-08-26T12:50:36.999+0000] {logging_mixin.py:154} INFO - [2024-08-26T12:50:36.998+0000] {dag.py:3722} INFO - Setting next_dagrun for example_task_group to 2024-08-25T12:50:36.998071+00:00, run_after=2024-08-26T12:50:36.998071+00:00
[2024-08-26T12:50:37.237+0000] {processor.py:179} INFO - Processing /home/airflow/.local/lib/python3.8/site-packages/airflow/example_dags/example_task_group.py took 0.357 seconds
[2024-08-26T12:51:07.326+0000] {processor.py:157} INFO - Started process (PID=1857) to work on /home/airflow/.local/lib/python3.8/site-packages/airflow/example_dags/example_task_group.py
[2024-08-26T12:51:07.328+0000] {processor.py:829} INFO - Processing file /home/airflow/.local/lib/python3.8/site-packages/airflow/example_dags/example_task_group.py for tasks to queue
[2024-08-26T12:51:07.339+0000] {logging_mixin.py:154} INFO - [2024-08-26T12:51:07.338+0000] {dagbag.py:536} INFO - Filling up the DagBag from /home/airflow/.local/lib/python3.8/site-packages/airflow/example_dags/example_task_group.py
[2024-08-26T12:51:07.360+0000] {processor.py:839} INFO - DAG(s) dict_keys(['example_task_group']) retrieved from /home/airflow/.local/lib/python3.8/site-packages/airflow/example_dags/example_task_group.py
[2024-08-26T12:51:07.418+0000] {logging_mixin.py:154} INFO - [2024-08-26T12:51:07.417+0000] {dag.py:2941} INFO - Sync 1 DAGs
[2024-08-26T12:51:07.474+0000] {logging_mixin.py:154} INFO - [2024-08-26T12:51:07.474+0000] {dag.py:3722} INFO - Setting next_dagrun for example_task_group to 2024-08-25T12:51:07.473482+00:00, run_after=2024-08-26T12:51:07.473482+00:00
[2024-08-26T12:51:07.514+0000] {processor.py:179} INFO - Processing /home/airflow/.local/lib/python3.8/site-packages/airflow/example_dags/example_task_group.py took 0.194 seconds
[2024-08-26T12:51:37.660+0000] {processor.py:157} INFO - Started process (PID=1923) to work on /home/airflow/.local/lib/python3.8/site-packages/airflow/example_dags/example_task_group.py
[2024-08-26T12:51:37.663+0000] {processor.py:829} INFO - Processing file /home/airflow/.local/lib/python3.8/site-packages/airflow/example_dags/example_task_group.py for tasks to queue
[2024-08-26T12:51:37.668+0000] {logging_mixin.py:154} INFO - [2024-08-26T12:51:37.667+0000] {dagbag.py:536} INFO - Filling up the DagBag from /home/airflow/.local/lib/python3.8/site-packages/airflow/example_dags/example_task_group.py
[2024-08-26T12:51:37.684+0000] {processor.py:839} INFO - DAG(s) dict_keys(['example_task_group']) retrieved from /home/airflow/.local/lib/python3.8/site-packages/airflow/example_dags/example_task_group.py
[2024-08-26T12:51:37.735+0000] {logging_mixin.py:154} INFO - [2024-08-26T12:51:37.735+0000] {dag.py:2941} INFO - Sync 1 DAGs
[2024-08-26T12:51:37.785+0000] {logging_mixin.py:154} INFO - [2024-08-26T12:51:37.785+0000] {dag.py:3722} INFO - Setting next_dagrun for example_task_group to 2024-08-25T12:51:37.784879+00:00, run_after=2024-08-26T12:51:37.784879+00:00
[2024-08-26T12:51:37.821+0000] {processor.py:179} INFO - Processing /home/airflow/.local/lib/python3.8/site-packages/airflow/example_dags/example_task_group.py took 0.168 seconds
[2024-08-26T12:52:08.040+0000] {processor.py:157} INFO - Started process (PID=1989) to work on /home/airflow/.local/lib/python3.8/site-packages/airflow/example_dags/example_task_group.py
[2024-08-26T12:52:08.042+0000] {processor.py:829} INFO - Processing file /home/airflow/.local/lib/python3.8/site-packages/airflow/example_dags/example_task_group.py for tasks to queue
[2024-08-26T12:52:08.046+0000] {logging_mixin.py:154} INFO - [2024-08-26T12:52:08.045+0000] {dagbag.py:536} INFO - Filling up the DagBag from /home/airflow/.local/lib/python3.8/site-packages/airflow/example_dags/example_task_group.py
[2024-08-26T12:52:08.058+0000] {processor.py:839} INFO - DAG(s) dict_keys(['example_task_group']) retrieved from /home/airflow/.local/lib/python3.8/site-packages/airflow/example_dags/example_task_group.py
[2024-08-26T12:52:08.100+0000] {logging_mixin.py:154} INFO - [2024-08-26T12:52:08.100+0000] {dag.py:2941} INFO - Sync 1 DAGs
[2024-08-26T12:52:08.153+0000] {logging_mixin.py:154} INFO - [2024-08-26T12:52:08.152+0000] {dag.py:3722} INFO - Setting next_dagrun for example_task_group to 2024-08-25T12:52:08.152228+00:00, run_after=2024-08-26T12:52:08.152228+00:00
[2024-08-26T12:52:08.227+0000] {processor.py:179} INFO - Processing /home/airflow/.local/lib/python3.8/site-packages/airflow/example_dags/example_task_group.py took 0.192 seconds
[2024-08-26T12:52:39.207+0000] {processor.py:157} INFO - Started process (PID=2055) to work on /home/airflow/.local/lib/python3.8/site-packages/airflow/example_dags/example_task_group.py
[2024-08-26T12:52:39.218+0000] {processor.py:829} INFO - Processing file /home/airflow/.local/lib/python3.8/site-packages/airflow/example_dags/example_task_group.py for tasks to queue
[2024-08-26T12:52:39.222+0000] {logging_mixin.py:154} INFO - [2024-08-26T12:52:39.222+0000] {dagbag.py:536} INFO - Filling up the DagBag from /home/airflow/.local/lib/python3.8/site-packages/airflow/example_dags/example_task_group.py
[2024-08-26T12:52:39.234+0000] {processor.py:839} INFO - DAG(s) dict_keys(['example_task_group']) retrieved from /home/airflow/.local/lib/python3.8/site-packages/airflow/example_dags/example_task_group.py
[2024-08-26T12:52:39.281+0000] {logging_mixin.py:154} INFO - [2024-08-26T12:52:39.281+0000] {dag.py:2941} INFO - Sync 1 DAGs
[2024-08-26T12:52:39.328+0000] {logging_mixin.py:154} INFO - [2024-08-26T12:52:39.328+0000] {dag.py:3722} INFO - Setting next_dagrun for example_task_group to 2024-08-25T12:52:39.328051+00:00, run_after=2024-08-26T12:52:39.328051+00:00
[2024-08-26T12:52:39.628+0000] {processor.py:179} INFO - Processing /home/airflow/.local/lib/python3.8/site-packages/airflow/example_dags/example_task_group.py took 0.427 seconds
[2024-08-26T12:53:09.735+0000] {processor.py:157} INFO - Started process (PID=2121) to work on /home/airflow/.local/lib/python3.8/site-packages/airflow/example_dags/example_task_group.py
[2024-08-26T12:53:09.737+0000] {processor.py:829} INFO - Processing file /home/airflow/.local/lib/python3.8/site-packages/airflow/example_dags/example_task_group.py for tasks to queue
[2024-08-26T12:53:09.741+0000] {logging_mixin.py:154} INFO - [2024-08-26T12:53:09.741+0000] {dagbag.py:536} INFO - Filling up the DagBag from /home/airflow/.local/lib/python3.8/site-packages/airflow/example_dags/example_task_group.py
[2024-08-26T12:53:09.756+0000] {processor.py:839} INFO - DAG(s) dict_keys(['example_task_group']) retrieved from /home/airflow/.local/lib/python3.8/site-packages/airflow/example_dags/example_task_group.py
[2024-08-26T12:53:09.800+0000] {logging_mixin.py:154} INFO - [2024-08-26T12:53:09.799+0000] {dag.py:2941} INFO - Sync 1 DAGs
[2024-08-26T12:53:09.847+0000] {logging_mixin.py:154} INFO - [2024-08-26T12:53:09.846+0000] {dag.py:3722} INFO - Setting next_dagrun for example_task_group to 2024-08-25T12:53:09.846209+00:00, run_after=2024-08-26T12:53:09.846209+00:00
[2024-08-26T12:53:09.922+0000] {processor.py:179} INFO - Processing /home/airflow/.local/lib/python3.8/site-packages/airflow/example_dags/example_task_group.py took 0.194 seconds
[2024-08-26T12:53:58.303+0000] {processor.py:157} INFO - Started process (PID=2189) to work on /home/airflow/.local/lib/python3.8/site-packages/airflow/example_dags/example_task_group.py
[2024-08-26T12:53:58.304+0000] {processor.py:829} INFO - Processing file /home/airflow/.local/lib/python3.8/site-packages/airflow/example_dags/example_task_group.py for tasks to queue
[2024-08-26T12:53:58.308+0000] {logging_mixin.py:154} INFO - [2024-08-26T12:53:58.308+0000] {dagbag.py:536} INFO - Filling up the DagBag from /home/airflow/.local/lib/python3.8/site-packages/airflow/example_dags/example_task_group.py
[2024-08-26T12:53:58.320+0000] {processor.py:839} INFO - DAG(s) dict_keys(['example_task_group']) retrieved from /home/airflow/.local/lib/python3.8/site-packages/airflow/example_dags/example_task_group.py
[2024-08-26T12:53:58.361+0000] {logging_mixin.py:154} INFO - [2024-08-26T12:53:58.361+0000] {dag.py:2941} INFO - Sync 1 DAGs
[2024-08-26T12:53:58.399+0000] {logging_mixin.py:154} INFO - [2024-08-26T12:53:58.399+0000] {dag.py:3722} INFO - Setting next_dagrun for example_task_group to 2024-08-25T12:53:58.398490+00:00, run_after=2024-08-26T12:53:58.398490+00:00
[2024-08-26T12:53:58.433+0000] {processor.py:179} INFO - Processing /home/airflow/.local/lib/python3.8/site-packages/airflow/example_dags/example_task_group.py took 0.136 seconds
[2024-08-26T12:54:29.526+0000] {processor.py:157} INFO - Started process (PID=2254) to work on /home/airflow/.local/lib/python3.8/site-packages/airflow/example_dags/example_task_group.py
[2024-08-26T12:54:29.527+0000] {processor.py:829} INFO - Processing file /home/airflow/.local/lib/python3.8/site-packages/airflow/example_dags/example_task_group.py for tasks to queue
[2024-08-26T12:54:29.531+0000] {logging_mixin.py:154} INFO - [2024-08-26T12:54:29.531+0000] {dagbag.py:536} INFO - Filling up the DagBag from /home/airflow/.local/lib/python3.8/site-packages/airflow/example_dags/example_task_group.py
[2024-08-26T12:54:29.545+0000] {processor.py:839} INFO - DAG(s) dict_keys(['example_task_group']) retrieved from /home/airflow/.local/lib/python3.8/site-packages/airflow/example_dags/example_task_group.py
[2024-08-26T12:54:29.586+0000] {logging_mixin.py:154} INFO - [2024-08-26T12:54:29.586+0000] {dag.py:2941} INFO - Sync 1 DAGs
[2024-08-26T12:54:29.893+0000] {logging_mixin.py:154} INFO - [2024-08-26T12:54:29.892+0000] {dag.py:3722} INFO - Setting next_dagrun for example_task_group to 2024-08-25T12:54:29.892060+00:00, run_after=2024-08-26T12:54:29.892060+00:00
[2024-08-26T12:54:29.966+0000] {processor.py:179} INFO - Processing /home/airflow/.local/lib/python3.8/site-packages/airflow/example_dags/example_task_group.py took 0.446 seconds
[2024-08-26T12:55:00.705+0000] {processor.py:157} INFO - Started process (PID=2320) to work on /home/airflow/.local/lib/python3.8/site-packages/airflow/example_dags/example_task_group.py
[2024-08-26T12:55:00.706+0000] {processor.py:829} INFO - Processing file /home/airflow/.local/lib/python3.8/site-packages/airflow/example_dags/example_task_group.py for tasks to queue
[2024-08-26T12:55:00.711+0000] {logging_mixin.py:154} INFO - [2024-08-26T12:55:00.710+0000] {dagbag.py:536} INFO - Filling up the DagBag from /home/airflow/.local/lib/python3.8/site-packages/airflow/example_dags/example_task_group.py
[2024-08-26T12:55:00.727+0000] {processor.py:839} INFO - DAG(s) dict_keys(['example_task_group']) retrieved from /home/airflow/.local/lib/python3.8/site-packages/airflow/example_dags/example_task_group.py
[2024-08-26T12:55:00.768+0000] {logging_mixin.py:154} INFO - [2024-08-26T12:55:00.768+0000] {dag.py:2941} INFO - Sync 1 DAGs
[2024-08-26T12:55:00.811+0000] {logging_mixin.py:154} INFO - [2024-08-26T12:55:00.811+0000] {dag.py:3722} INFO - Setting next_dagrun for example_task_group to 2024-08-25T12:55:00.810907+00:00, run_after=2024-08-26T12:55:00.810907+00:00
[2024-08-26T12:55:00.886+0000] {processor.py:179} INFO - Processing /home/airflow/.local/lib/python3.8/site-packages/airflow/example_dags/example_task_group.py took 0.187 seconds
[2024-08-26T12:55:31.262+0000] {processor.py:157} INFO - Started process (PID=2385) to work on /home/airflow/.local/lib/python3.8/site-packages/airflow/example_dags/example_task_group.py
[2024-08-26T12:55:31.264+0000] {processor.py:829} INFO - Processing file /home/airflow/.local/lib/python3.8/site-packages/airflow/example_dags/example_task_group.py for tasks to queue
[2024-08-26T12:55:31.269+0000] {logging_mixin.py:154} INFO - [2024-08-26T12:55:31.268+0000] {dagbag.py:536} INFO - Filling up the DagBag from /home/airflow/.local/lib/python3.8/site-packages/airflow/example_dags/example_task_group.py
[2024-08-26T12:55:31.283+0000] {processor.py:839} INFO - DAG(s) dict_keys(['example_task_group']) retrieved from /home/airflow/.local/lib/python3.8/site-packages/airflow/example_dags/example_task_group.py
[2024-08-26T12:55:31.330+0000] {logging_mixin.py:154} INFO - [2024-08-26T12:55:31.329+0000] {dag.py:2941} INFO - Sync 1 DAGs
[2024-08-26T12:55:31.378+0000] {logging_mixin.py:154} INFO - [2024-08-26T12:55:31.377+0000] {dag.py:3722} INFO - Setting next_dagrun for example_task_group to 2024-08-25T12:55:31.376963+00:00, run_after=2024-08-26T12:55:31.376963+00:00
[2024-08-26T12:55:31.413+0000] {processor.py:179} INFO - Processing /home/airflow/.local/lib/python3.8/site-packages/airflow/example_dags/example_task_group.py took 0.159 seconds
[2024-08-26T12:56:01.991+0000] {processor.py:157} INFO - Started process (PID=2450) to work on /home/airflow/.local/lib/python3.8/site-packages/airflow/example_dags/example_task_group.py
[2024-08-26T12:56:01.993+0000] {processor.py:829} INFO - Processing file /home/airflow/.local/lib/python3.8/site-packages/airflow/example_dags/example_task_group.py for tasks to queue
[2024-08-26T12:56:01.997+0000] {logging_mixin.py:154} INFO - [2024-08-26T12:56:01.996+0000] {dagbag.py:536} INFO - Filling up the DagBag from /home/airflow/.local/lib/python3.8/site-packages/airflow/example_dags/example_task_group.py
[2024-08-26T12:56:02.010+0000] {processor.py:839} INFO - DAG(s) dict_keys(['example_task_group']) retrieved from /home/airflow/.local/lib/python3.8/site-packages/airflow/example_dags/example_task_group.py
[2024-08-26T12:56:02.053+0000] {logging_mixin.py:154} INFO - [2024-08-26T12:56:02.052+0000] {dag.py:2941} INFO - Sync 1 DAGs
[2024-08-26T12:56:02.297+0000] {logging_mixin.py:154} INFO - [2024-08-26T12:56:02.297+0000] {dag.py:3722} INFO - Setting next_dagrun for example_task_group to 2024-08-25T12:56:02.297019+00:00, run_after=2024-08-26T12:56:02.297019+00:00
[2024-08-26T12:56:02.373+0000] {processor.py:179} INFO - Processing /home/airflow/.local/lib/python3.8/site-packages/airflow/example_dags/example_task_group.py took 0.388 seconds
