[2024-08-26T08:44:53.616+0000] {processor.py:157} INFO - Started process (PID=64) to work on /home/airflow/.local/lib/python3.8/site-packages/airflow/example_dags/example_time_delta_sensor_async.py
[2024-08-26T08:44:53.617+0000] {processor.py:829} INFO - Processing file /home/airflow/.local/lib/python3.8/site-packages/airflow/example_dags/example_time_delta_sensor_async.py for tasks to queue
[2024-08-26T08:44:53.619+0000] {logging_mixin.py:154} INFO - [2024-08-26T08:44:53.619+0000] {dagbag.py:536} INFO - Filling up the DagBag from /home/airflow/.local/lib/python3.8/site-packages/airflow/example_dags/example_time_delta_sensor_async.py
[2024-08-26T08:44:53.624+0000] {processor.py:839} INFO - DAG(s) dict_keys(['example_time_delta_sensor_async']) retrieved from /home/airflow/.local/lib/python3.8/site-packages/airflow/example_dags/example_time_delta_sensor_async.py
[2024-08-26T08:44:53.653+0000] {logging_mixin.py:154} INFO - [2024-08-26T08:44:53.653+0000] {dag.py:2941} INFO - Sync 1 DAGs
[2024-08-26T08:44:53.666+0000] {logging_mixin.py:154} INFO - [2024-08-26T08:44:53.666+0000] {dag.py:3722} INFO - Setting next_dagrun for example_time_delta_sensor_async to None, run_after=None
[2024-08-26T08:44:53.685+0000] {processor.py:179} INFO - Processing /home/airflow/.local/lib/python3.8/site-packages/airflow/example_dags/example_time_delta_sensor_async.py took 0.073 seconds
[2024-08-26T12:36:19.758+0000] {processor.py:157} INFO - Started process (PID=73) to work on /home/airflow/.local/lib/python3.8/site-packages/airflow/example_dags/example_time_delta_sensor_async.py
[2024-08-26T12:36:19.760+0000] {processor.py:829} INFO - Processing file /home/airflow/.local/lib/python3.8/site-packages/airflow/example_dags/example_time_delta_sensor_async.py for tasks to queue
[2024-08-26T12:36:19.763+0000] {logging_mixin.py:154} INFO - [2024-08-26T12:36:19.762+0000] {dagbag.py:536} INFO - Filling up the DagBag from /home/airflow/.local/lib/python3.8/site-packages/airflow/example_dags/example_time_delta_sensor_async.py
[2024-08-26T12:36:19.768+0000] {processor.py:839} INFO - DAG(s) dict_keys(['example_time_delta_sensor_async']) retrieved from /home/airflow/.local/lib/python3.8/site-packages/airflow/example_dags/example_time_delta_sensor_async.py
[2024-08-26T12:36:19.799+0000] {logging_mixin.py:154} INFO - [2024-08-26T12:36:19.798+0000] {dag.py:2941} INFO - Sync 1 DAGs
[2024-08-26T12:36:19.815+0000] {logging_mixin.py:154} INFO - [2024-08-26T12:36:19.815+0000] {dag.py:3722} INFO - Setting next_dagrun for example_time_delta_sensor_async to None, run_after=None
[2024-08-26T12:36:19.839+0000] {processor.py:179} INFO - Processing /home/airflow/.local/lib/python3.8/site-packages/airflow/example_dags/example_time_delta_sensor_async.py took 0.085 seconds
[2024-08-26T12:36:50.686+0000] {processor.py:157} INFO - Started process (PID=139) to work on /home/airflow/.local/lib/python3.8/site-packages/airflow/example_dags/example_time_delta_sensor_async.py
[2024-08-26T12:36:50.687+0000] {processor.py:829} INFO - Processing file /home/airflow/.local/lib/python3.8/site-packages/airflow/example_dags/example_time_delta_sensor_async.py for tasks to queue
[2024-08-26T12:36:50.690+0000] {logging_mixin.py:154} INFO - [2024-08-26T12:36:50.689+0000] {dagbag.py:536} INFO - Filling up the DagBag from /home/airflow/.local/lib/python3.8/site-packages/airflow/example_dags/example_time_delta_sensor_async.py
[2024-08-26T12:36:50.694+0000] {processor.py:839} INFO - DAG(s) dict_keys(['example_time_delta_sensor_async']) retrieved from /home/airflow/.local/lib/python3.8/site-packages/airflow/example_dags/example_time_delta_sensor_async.py
[2024-08-26T12:36:50.715+0000] {logging_mixin.py:154} INFO - [2024-08-26T12:36:50.715+0000] {dag.py:2941} INFO - Sync 1 DAGs
[2024-08-26T12:36:50.729+0000] {logging_mixin.py:154} INFO - [2024-08-26T12:36:50.729+0000] {dag.py:3722} INFO - Setting next_dagrun for example_time_delta_sensor_async to None, run_after=None
[2024-08-26T12:36:50.751+0000] {processor.py:179} INFO - Processing /home/airflow/.local/lib/python3.8/site-packages/airflow/example_dags/example_time_delta_sensor_async.py took 0.068 seconds
[2024-08-26T12:37:22.147+0000] {processor.py:157} INFO - Started process (PID=205) to work on /home/airflow/.local/lib/python3.8/site-packages/airflow/example_dags/example_time_delta_sensor_async.py
[2024-08-26T12:37:22.149+0000] {processor.py:829} INFO - Processing file /home/airflow/.local/lib/python3.8/site-packages/airflow/example_dags/example_time_delta_sensor_async.py for tasks to queue
[2024-08-26T12:37:22.154+0000] {logging_mixin.py:154} INFO - [2024-08-26T12:37:22.153+0000] {dagbag.py:536} INFO - Filling up the DagBag from /home/airflow/.local/lib/python3.8/site-packages/airflow/example_dags/example_time_delta_sensor_async.py
[2024-08-26T12:37:22.161+0000] {processor.py:839} INFO - DAG(s) dict_keys(['example_time_delta_sensor_async']) retrieved from /home/airflow/.local/lib/python3.8/site-packages/airflow/example_dags/example_time_delta_sensor_async.py
[2024-08-26T12:37:22.197+0000] {logging_mixin.py:154} INFO - [2024-08-26T12:37:22.196+0000] {dag.py:2941} INFO - Sync 1 DAGs
[2024-08-26T12:37:22.220+0000] {logging_mixin.py:154} INFO - [2024-08-26T12:37:22.220+0000] {dag.py:3722} INFO - Setting next_dagrun for example_time_delta_sensor_async to None, run_after=None
[2024-08-26T12:37:22.296+0000] {processor.py:179} INFO - Processing /home/airflow/.local/lib/python3.8/site-packages/airflow/example_dags/example_time_delta_sensor_async.py took 0.153 seconds
[2024-08-26T12:37:53.081+0000] {processor.py:157} INFO - Started process (PID=271) to work on /home/airflow/.local/lib/python3.8/site-packages/airflow/example_dags/example_time_delta_sensor_async.py
[2024-08-26T12:37:53.082+0000] {processor.py:829} INFO - Processing file /home/airflow/.local/lib/python3.8/site-packages/airflow/example_dags/example_time_delta_sensor_async.py for tasks to queue
[2024-08-26T12:37:53.087+0000] {logging_mixin.py:154} INFO - [2024-08-26T12:37:53.086+0000] {dagbag.py:536} INFO - Filling up the DagBag from /home/airflow/.local/lib/python3.8/site-packages/airflow/example_dags/example_time_delta_sensor_async.py
[2024-08-26T12:37:53.096+0000] {processor.py:839} INFO - DAG(s) dict_keys(['example_time_delta_sensor_async']) retrieved from /home/airflow/.local/lib/python3.8/site-packages/airflow/example_dags/example_time_delta_sensor_async.py
[2024-08-26T12:37:53.137+0000] {logging_mixin.py:154} INFO - [2024-08-26T12:37:53.136+0000] {dag.py:2941} INFO - Sync 1 DAGs
[2024-08-26T12:37:53.177+0000] {logging_mixin.py:154} INFO - [2024-08-26T12:37:53.176+0000] {dag.py:3722} INFO - Setting next_dagrun for example_time_delta_sensor_async to None, run_after=None
[2024-08-26T12:37:53.217+0000] {processor.py:179} INFO - Processing /home/airflow/.local/lib/python3.8/site-packages/airflow/example_dags/example_time_delta_sensor_async.py took 0.141 seconds
[2024-08-26T12:38:24.012+0000] {processor.py:157} INFO - Started process (PID=346) to work on /home/airflow/.local/lib/python3.8/site-packages/airflow/example_dags/example_time_delta_sensor_async.py
[2024-08-26T12:38:24.014+0000] {processor.py:829} INFO - Processing file /home/airflow/.local/lib/python3.8/site-packages/airflow/example_dags/example_time_delta_sensor_async.py for tasks to queue
[2024-08-26T12:38:24.018+0000] {logging_mixin.py:154} INFO - [2024-08-26T12:38:24.018+0000] {dagbag.py:536} INFO - Filling up the DagBag from /home/airflow/.local/lib/python3.8/site-packages/airflow/example_dags/example_time_delta_sensor_async.py
[2024-08-26T12:38:24.028+0000] {processor.py:839} INFO - DAG(s) dict_keys(['example_time_delta_sensor_async']) retrieved from /home/airflow/.local/lib/python3.8/site-packages/airflow/example_dags/example_time_delta_sensor_async.py
[2024-08-26T12:38:24.070+0000] {logging_mixin.py:154} INFO - [2024-08-26T12:38:24.070+0000] {dag.py:2941} INFO - Sync 1 DAGs
[2024-08-26T12:38:24.100+0000] {logging_mixin.py:154} INFO - [2024-08-26T12:38:24.100+0000] {dag.py:3722} INFO - Setting next_dagrun for example_time_delta_sensor_async to None, run_after=None
[2024-08-26T12:38:24.173+0000] {processor.py:179} INFO - Processing /home/airflow/.local/lib/python3.8/site-packages/airflow/example_dags/example_time_delta_sensor_async.py took 0.166 seconds
[2024-08-26T12:38:55.149+0000] {processor.py:157} INFO - Started process (PID=412) to work on /home/airflow/.local/lib/python3.8/site-packages/airflow/example_dags/example_time_delta_sensor_async.py
[2024-08-26T12:38:55.150+0000] {processor.py:829} INFO - Processing file /home/airflow/.local/lib/python3.8/site-packages/airflow/example_dags/example_time_delta_sensor_async.py for tasks to queue
[2024-08-26T12:38:55.154+0000] {logging_mixin.py:154} INFO - [2024-08-26T12:38:55.153+0000] {dagbag.py:536} INFO - Filling up the DagBag from /home/airflow/.local/lib/python3.8/site-packages/airflow/example_dags/example_time_delta_sensor_async.py
[2024-08-26T12:38:55.164+0000] {processor.py:839} INFO - DAG(s) dict_keys(['example_time_delta_sensor_async']) retrieved from /home/airflow/.local/lib/python3.8/site-packages/airflow/example_dags/example_time_delta_sensor_async.py
[2024-08-26T12:38:55.207+0000] {logging_mixin.py:154} INFO - [2024-08-26T12:38:55.206+0000] {dag.py:2941} INFO - Sync 1 DAGs
[2024-08-26T12:38:55.232+0000] {logging_mixin.py:154} INFO - [2024-08-26T12:38:55.231+0000] {dag.py:3722} INFO - Setting next_dagrun for example_time_delta_sensor_async to None, run_after=None
[2024-08-26T12:38:55.275+0000] {processor.py:179} INFO - Processing /home/airflow/.local/lib/python3.8/site-packages/airflow/example_dags/example_time_delta_sensor_async.py took 0.132 seconds
[2024-08-26T12:39:25.788+0000] {processor.py:157} INFO - Started process (PID=478) to work on /home/airflow/.local/lib/python3.8/site-packages/airflow/example_dags/example_time_delta_sensor_async.py
[2024-08-26T12:39:25.790+0000] {processor.py:829} INFO - Processing file /home/airflow/.local/lib/python3.8/site-packages/airflow/example_dags/example_time_delta_sensor_async.py for tasks to queue
[2024-08-26T12:39:25.794+0000] {logging_mixin.py:154} INFO - [2024-08-26T12:39:25.794+0000] {dagbag.py:536} INFO - Filling up the DagBag from /home/airflow/.local/lib/python3.8/site-packages/airflow/example_dags/example_time_delta_sensor_async.py
[2024-08-26T12:39:25.803+0000] {processor.py:839} INFO - DAG(s) dict_keys(['example_time_delta_sensor_async']) retrieved from /home/airflow/.local/lib/python3.8/site-packages/airflow/example_dags/example_time_delta_sensor_async.py
[2024-08-26T12:39:25.846+0000] {logging_mixin.py:154} INFO - [2024-08-26T12:39:25.846+0000] {dag.py:2941} INFO - Sync 1 DAGs
[2024-08-26T12:39:25.875+0000] {logging_mixin.py:154} INFO - [2024-08-26T12:39:25.874+0000] {dag.py:3722} INFO - Setting next_dagrun for example_time_delta_sensor_async to None, run_after=None
[2024-08-26T12:39:25.953+0000] {processor.py:179} INFO - Processing /home/airflow/.local/lib/python3.8/site-packages/airflow/example_dags/example_time_delta_sensor_async.py took 0.171 seconds
[2024-08-26T12:39:56.162+0000] {processor.py:157} INFO - Started process (PID=542) to work on /home/airflow/.local/lib/python3.8/site-packages/airflow/example_dags/example_time_delta_sensor_async.py
[2024-08-26T12:39:56.164+0000] {processor.py:829} INFO - Processing file /home/airflow/.local/lib/python3.8/site-packages/airflow/example_dags/example_time_delta_sensor_async.py for tasks to queue
[2024-08-26T12:39:56.169+0000] {logging_mixin.py:154} INFO - [2024-08-26T12:39:56.168+0000] {dagbag.py:536} INFO - Filling up the DagBag from /home/airflow/.local/lib/python3.8/site-packages/airflow/example_dags/example_time_delta_sensor_async.py
[2024-08-26T12:39:56.177+0000] {processor.py:839} INFO - DAG(s) dict_keys(['example_time_delta_sensor_async']) retrieved from /home/airflow/.local/lib/python3.8/site-packages/airflow/example_dags/example_time_delta_sensor_async.py
[2024-08-26T12:39:56.218+0000] {logging_mixin.py:154} INFO - [2024-08-26T12:39:56.217+0000] {dag.py:2941} INFO - Sync 1 DAGs
[2024-08-26T12:39:56.248+0000] {logging_mixin.py:154} INFO - [2024-08-26T12:39:56.247+0000] {dag.py:3722} INFO - Setting next_dagrun for example_time_delta_sensor_async to None, run_after=None
[2024-08-26T12:39:56.287+0000] {processor.py:179} INFO - Processing /home/airflow/.local/lib/python3.8/site-packages/airflow/example_dags/example_time_delta_sensor_async.py took 0.132 seconds
[2024-08-26T12:40:26.872+0000] {processor.py:157} INFO - Started process (PID=600) to work on /home/airflow/.local/lib/python3.8/site-packages/airflow/example_dags/example_time_delta_sensor_async.py
[2024-08-26T12:40:26.874+0000] {processor.py:829} INFO - Processing file /home/airflow/.local/lib/python3.8/site-packages/airflow/example_dags/example_time_delta_sensor_async.py for tasks to queue
[2024-08-26T12:40:26.879+0000] {logging_mixin.py:154} INFO - [2024-08-26T12:40:26.878+0000] {dagbag.py:536} INFO - Filling up the DagBag from /home/airflow/.local/lib/python3.8/site-packages/airflow/example_dags/example_time_delta_sensor_async.py
[2024-08-26T12:40:26.889+0000] {processor.py:839} INFO - DAG(s) dict_keys(['example_time_delta_sensor_async']) retrieved from /home/airflow/.local/lib/python3.8/site-packages/airflow/example_dags/example_time_delta_sensor_async.py
[2024-08-26T12:40:26.936+0000] {logging_mixin.py:154} INFO - [2024-08-26T12:40:26.935+0000] {dag.py:2941} INFO - Sync 1 DAGs
[2024-08-26T12:40:26.961+0000] {logging_mixin.py:154} INFO - [2024-08-26T12:40:26.961+0000] {dag.py:3722} INFO - Setting next_dagrun for example_time_delta_sensor_async to None, run_after=None
[2024-08-26T12:40:26.996+0000] {processor.py:179} INFO - Processing /home/airflow/.local/lib/python3.8/site-packages/airflow/example_dags/example_time_delta_sensor_async.py took 0.131 seconds
[2024-08-26T12:40:57.837+0000] {processor.py:157} INFO - Started process (PID=665) to work on /home/airflow/.local/lib/python3.8/site-packages/airflow/example_dags/example_time_delta_sensor_async.py
[2024-08-26T12:40:57.838+0000] {processor.py:829} INFO - Processing file /home/airflow/.local/lib/python3.8/site-packages/airflow/example_dags/example_time_delta_sensor_async.py for tasks to queue
[2024-08-26T12:40:57.843+0000] {logging_mixin.py:154} INFO - [2024-08-26T12:40:57.842+0000] {dagbag.py:536} INFO - Filling up the DagBag from /home/airflow/.local/lib/python3.8/site-packages/airflow/example_dags/example_time_delta_sensor_async.py
[2024-08-26T12:40:57.850+0000] {processor.py:839} INFO - DAG(s) dict_keys(['example_time_delta_sensor_async']) retrieved from /home/airflow/.local/lib/python3.8/site-packages/airflow/example_dags/example_time_delta_sensor_async.py
[2024-08-26T12:40:57.887+0000] {logging_mixin.py:154} INFO - [2024-08-26T12:40:57.886+0000] {dag.py:2941} INFO - Sync 1 DAGs
[2024-08-26T12:40:57.910+0000] {logging_mixin.py:154} INFO - [2024-08-26T12:40:57.910+0000] {dag.py:3722} INFO - Setting next_dagrun for example_time_delta_sensor_async to None, run_after=None
[2024-08-26T12:40:57.982+0000] {processor.py:179} INFO - Processing /home/airflow/.local/lib/python3.8/site-packages/airflow/example_dags/example_time_delta_sensor_async.py took 0.151 seconds
[2024-08-26T12:41:28.086+0000] {processor.py:157} INFO - Started process (PID=731) to work on /home/airflow/.local/lib/python3.8/site-packages/airflow/example_dags/example_time_delta_sensor_async.py
[2024-08-26T12:41:28.088+0000] {processor.py:829} INFO - Processing file /home/airflow/.local/lib/python3.8/site-packages/airflow/example_dags/example_time_delta_sensor_async.py for tasks to queue
[2024-08-26T12:41:28.093+0000] {logging_mixin.py:154} INFO - [2024-08-26T12:41:28.093+0000] {dagbag.py:536} INFO - Filling up the DagBag from /home/airflow/.local/lib/python3.8/site-packages/airflow/example_dags/example_time_delta_sensor_async.py
[2024-08-26T12:41:28.101+0000] {processor.py:839} INFO - DAG(s) dict_keys(['example_time_delta_sensor_async']) retrieved from /home/airflow/.local/lib/python3.8/site-packages/airflow/example_dags/example_time_delta_sensor_async.py
[2024-08-26T12:41:28.138+0000] {logging_mixin.py:154} INFO - [2024-08-26T12:41:28.138+0000] {dag.py:2941} INFO - Sync 1 DAGs
[2024-08-26T12:41:28.162+0000] {logging_mixin.py:154} INFO - [2024-08-26T12:41:28.162+0000] {dag.py:3722} INFO - Setting next_dagrun for example_time_delta_sensor_async to None, run_after=None
[2024-08-26T12:41:28.200+0000] {processor.py:179} INFO - Processing /home/airflow/.local/lib/python3.8/site-packages/airflow/example_dags/example_time_delta_sensor_async.py took 0.119 seconds
[2024-08-26T12:41:58.648+0000] {processor.py:157} INFO - Started process (PID=797) to work on /home/airflow/.local/lib/python3.8/site-packages/airflow/example_dags/example_time_delta_sensor_async.py
[2024-08-26T12:41:58.650+0000] {processor.py:829} INFO - Processing file /home/airflow/.local/lib/python3.8/site-packages/airflow/example_dags/example_time_delta_sensor_async.py for tasks to queue
[2024-08-26T12:41:58.653+0000] {logging_mixin.py:154} INFO - [2024-08-26T12:41:58.653+0000] {dagbag.py:536} INFO - Filling up the DagBag from /home/airflow/.local/lib/python3.8/site-packages/airflow/example_dags/example_time_delta_sensor_async.py
[2024-08-26T12:41:58.661+0000] {processor.py:839} INFO - DAG(s) dict_keys(['example_time_delta_sensor_async']) retrieved from /home/airflow/.local/lib/python3.8/site-packages/airflow/example_dags/example_time_delta_sensor_async.py
[2024-08-26T12:41:58.695+0000] {logging_mixin.py:154} INFO - [2024-08-26T12:41:58.695+0000] {dag.py:2941} INFO - Sync 1 DAGs
[2024-08-26T12:41:58.721+0000] {logging_mixin.py:154} INFO - [2024-08-26T12:41:58.720+0000] {dag.py:3722} INFO - Setting next_dagrun for example_time_delta_sensor_async to None, run_after=None
[2024-08-26T12:41:58.805+0000] {processor.py:179} INFO - Processing /home/airflow/.local/lib/python3.8/site-packages/airflow/example_dags/example_time_delta_sensor_async.py took 0.162 seconds
[2024-08-26T12:42:29.106+0000] {processor.py:157} INFO - Started process (PID=870) to work on /home/airflow/.local/lib/python3.8/site-packages/airflow/example_dags/example_time_delta_sensor_async.py
[2024-08-26T12:42:29.108+0000] {processor.py:829} INFO - Processing file /home/airflow/.local/lib/python3.8/site-packages/airflow/example_dags/example_time_delta_sensor_async.py for tasks to queue
[2024-08-26T12:42:29.112+0000] {logging_mixin.py:154} INFO - [2024-08-26T12:42:29.111+0000] {dagbag.py:536} INFO - Filling up the DagBag from /home/airflow/.local/lib/python3.8/site-packages/airflow/example_dags/example_time_delta_sensor_async.py
[2024-08-26T12:42:29.119+0000] {processor.py:839} INFO - DAG(s) dict_keys(['example_time_delta_sensor_async']) retrieved from /home/airflow/.local/lib/python3.8/site-packages/airflow/example_dags/example_time_delta_sensor_async.py
[2024-08-26T12:42:29.157+0000] {logging_mixin.py:154} INFO - [2024-08-26T12:42:29.156+0000] {dag.py:2941} INFO - Sync 1 DAGs
[2024-08-26T12:42:29.180+0000] {logging_mixin.py:154} INFO - [2024-08-26T12:42:29.179+0000] {dag.py:3722} INFO - Setting next_dagrun for example_time_delta_sensor_async to None, run_after=None
[2024-08-26T12:42:29.251+0000] {processor.py:179} INFO - Processing /home/airflow/.local/lib/python3.8/site-packages/airflow/example_dags/example_time_delta_sensor_async.py took 0.150 seconds
[2024-08-26T12:43:00.292+0000] {processor.py:157} INFO - Started process (PID=937) to work on /home/airflow/.local/lib/python3.8/site-packages/airflow/example_dags/example_time_delta_sensor_async.py
[2024-08-26T12:43:00.300+0000] {processor.py:829} INFO - Processing file /home/airflow/.local/lib/python3.8/site-packages/airflow/example_dags/example_time_delta_sensor_async.py for tasks to queue
[2024-08-26T12:43:00.305+0000] {logging_mixin.py:154} INFO - [2024-08-26T12:43:00.305+0000] {dagbag.py:536} INFO - Filling up the DagBag from /home/airflow/.local/lib/python3.8/site-packages/airflow/example_dags/example_time_delta_sensor_async.py
[2024-08-26T12:43:00.314+0000] {processor.py:839} INFO - DAG(s) dict_keys(['example_time_delta_sensor_async']) retrieved from /home/airflow/.local/lib/python3.8/site-packages/airflow/example_dags/example_time_delta_sensor_async.py
[2024-08-26T12:43:00.353+0000] {logging_mixin.py:154} INFO - [2024-08-26T12:43:00.352+0000] {dag.py:2941} INFO - Sync 1 DAGs
[2024-08-26T12:43:00.380+0000] {logging_mixin.py:154} INFO - [2024-08-26T12:43:00.379+0000] {dag.py:3722} INFO - Setting next_dagrun for example_time_delta_sensor_async to None, run_after=None
[2024-08-26T12:43:00.447+0000] {processor.py:179} INFO - Processing /home/airflow/.local/lib/python3.8/site-packages/airflow/example_dags/example_time_delta_sensor_async.py took 0.162 seconds
[2024-08-26T12:43:31.347+0000] {processor.py:157} INFO - Started process (PID=1015) to work on /home/airflow/.local/lib/python3.8/site-packages/airflow/example_dags/example_time_delta_sensor_async.py
[2024-08-26T12:43:31.349+0000] {processor.py:829} INFO - Processing file /home/airflow/.local/lib/python3.8/site-packages/airflow/example_dags/example_time_delta_sensor_async.py for tasks to queue
[2024-08-26T12:43:31.356+0000] {logging_mixin.py:154} INFO - [2024-08-26T12:43:31.355+0000] {dagbag.py:536} INFO - Filling up the DagBag from /home/airflow/.local/lib/python3.8/site-packages/airflow/example_dags/example_time_delta_sensor_async.py
[2024-08-26T12:43:31.367+0000] {processor.py:839} INFO - DAG(s) dict_keys(['example_time_delta_sensor_async']) retrieved from /home/airflow/.local/lib/python3.8/site-packages/airflow/example_dags/example_time_delta_sensor_async.py
[2024-08-26T12:43:31.410+0000] {logging_mixin.py:154} INFO - [2024-08-26T12:43:31.410+0000] {dag.py:2941} INFO - Sync 1 DAGs
[2024-08-26T12:43:31.440+0000] {logging_mixin.py:154} INFO - [2024-08-26T12:43:31.439+0000] {dag.py:3722} INFO - Setting next_dagrun for example_time_delta_sensor_async to None, run_after=None
[2024-08-26T12:43:31.488+0000] {processor.py:179} INFO - Processing /home/airflow/.local/lib/python3.8/site-packages/airflow/example_dags/example_time_delta_sensor_async.py took 0.149 seconds
[2024-08-26T12:44:02.056+0000] {processor.py:157} INFO - Started process (PID=1081) to work on /home/airflow/.local/lib/python3.8/site-packages/airflow/example_dags/example_time_delta_sensor_async.py
[2024-08-26T12:44:02.058+0000] {processor.py:829} INFO - Processing file /home/airflow/.local/lib/python3.8/site-packages/airflow/example_dags/example_time_delta_sensor_async.py for tasks to queue
[2024-08-26T12:44:02.062+0000] {logging_mixin.py:154} INFO - [2024-08-26T12:44:02.062+0000] {dagbag.py:536} INFO - Filling up the DagBag from /home/airflow/.local/lib/python3.8/site-packages/airflow/example_dags/example_time_delta_sensor_async.py
[2024-08-26T12:44:02.069+0000] {processor.py:839} INFO - DAG(s) dict_keys(['example_time_delta_sensor_async']) retrieved from /home/airflow/.local/lib/python3.8/site-packages/airflow/example_dags/example_time_delta_sensor_async.py
[2024-08-26T12:44:02.108+0000] {logging_mixin.py:154} INFO - [2024-08-26T12:44:02.108+0000] {dag.py:2941} INFO - Sync 1 DAGs
[2024-08-26T12:44:02.133+0000] {logging_mixin.py:154} INFO - [2024-08-26T12:44:02.133+0000] {dag.py:3722} INFO - Setting next_dagrun for example_time_delta_sensor_async to None, run_after=None
[2024-08-26T12:44:02.207+0000] {processor.py:179} INFO - Processing /home/airflow/.local/lib/python3.8/site-packages/airflow/example_dags/example_time_delta_sensor_async.py took 0.155 seconds
[2024-08-26T12:44:32.795+0000] {processor.py:157} INFO - Started process (PID=1148) to work on /home/airflow/.local/lib/python3.8/site-packages/airflow/example_dags/example_time_delta_sensor_async.py
[2024-08-26T12:44:32.797+0000] {processor.py:829} INFO - Processing file /home/airflow/.local/lib/python3.8/site-packages/airflow/example_dags/example_time_delta_sensor_async.py for tasks to queue
[2024-08-26T12:44:32.802+0000] {logging_mixin.py:154} INFO - [2024-08-26T12:44:32.801+0000] {dagbag.py:536} INFO - Filling up the DagBag from /home/airflow/.local/lib/python3.8/site-packages/airflow/example_dags/example_time_delta_sensor_async.py
[2024-08-26T12:44:32.810+0000] {processor.py:839} INFO - DAG(s) dict_keys(['example_time_delta_sensor_async']) retrieved from /home/airflow/.local/lib/python3.8/site-packages/airflow/example_dags/example_time_delta_sensor_async.py
[2024-08-26T12:44:32.854+0000] {logging_mixin.py:154} INFO - [2024-08-26T12:44:32.853+0000] {dag.py:2941} INFO - Sync 1 DAGs
[2024-08-26T12:44:32.877+0000] {logging_mixin.py:154} INFO - [2024-08-26T12:44:32.876+0000] {dag.py:3722} INFO - Setting next_dagrun for example_time_delta_sensor_async to None, run_after=None
[2024-08-26T12:44:32.920+0000] {processor.py:179} INFO - Processing /home/airflow/.local/lib/python3.8/site-packages/airflow/example_dags/example_time_delta_sensor_async.py took 0.131 seconds
[2024-08-26T12:45:03.755+0000] {processor.py:157} INFO - Started process (PID=1214) to work on /home/airflow/.local/lib/python3.8/site-packages/airflow/example_dags/example_time_delta_sensor_async.py
[2024-08-26T12:45:03.756+0000] {processor.py:829} INFO - Processing file /home/airflow/.local/lib/python3.8/site-packages/airflow/example_dags/example_time_delta_sensor_async.py for tasks to queue
[2024-08-26T12:45:03.761+0000] {logging_mixin.py:154} INFO - [2024-08-26T12:45:03.760+0000] {dagbag.py:536} INFO - Filling up the DagBag from /home/airflow/.local/lib/python3.8/site-packages/airflow/example_dags/example_time_delta_sensor_async.py
[2024-08-26T12:45:03.770+0000] {processor.py:839} INFO - DAG(s) dict_keys(['example_time_delta_sensor_async']) retrieved from /home/airflow/.local/lib/python3.8/site-packages/airflow/example_dags/example_time_delta_sensor_async.py
[2024-08-26T12:45:03.810+0000] {logging_mixin.py:154} INFO - [2024-08-26T12:45:03.809+0000] {dag.py:2941} INFO - Sync 1 DAGs
[2024-08-26T12:45:03.836+0000] {logging_mixin.py:154} INFO - [2024-08-26T12:45:03.835+0000] {dag.py:3722} INFO - Setting next_dagrun for example_time_delta_sensor_async to None, run_after=None
[2024-08-26T12:45:03.912+0000] {processor.py:179} INFO - Processing /home/airflow/.local/lib/python3.8/site-packages/airflow/example_dags/example_time_delta_sensor_async.py took 0.162 seconds
[2024-08-26T12:45:34.202+0000] {processor.py:157} INFO - Started process (PID=1280) to work on /home/airflow/.local/lib/python3.8/site-packages/airflow/example_dags/example_time_delta_sensor_async.py
[2024-08-26T12:45:34.204+0000] {processor.py:829} INFO - Processing file /home/airflow/.local/lib/python3.8/site-packages/airflow/example_dags/example_time_delta_sensor_async.py for tasks to queue
[2024-08-26T12:45:34.208+0000] {logging_mixin.py:154} INFO - [2024-08-26T12:45:34.207+0000] {dagbag.py:536} INFO - Filling up the DagBag from /home/airflow/.local/lib/python3.8/site-packages/airflow/example_dags/example_time_delta_sensor_async.py
[2024-08-26T12:45:34.215+0000] {processor.py:839} INFO - DAG(s) dict_keys(['example_time_delta_sensor_async']) retrieved from /home/airflow/.local/lib/python3.8/site-packages/airflow/example_dags/example_time_delta_sensor_async.py
[2024-08-26T12:45:34.256+0000] {logging_mixin.py:154} INFO - [2024-08-26T12:45:34.255+0000] {dag.py:2941} INFO - Sync 1 DAGs
[2024-08-26T12:45:34.285+0000] {logging_mixin.py:154} INFO - [2024-08-26T12:45:34.285+0000] {dag.py:3722} INFO - Setting next_dagrun for example_time_delta_sensor_async to None, run_after=None
[2024-08-26T12:45:34.336+0000] {processor.py:179} INFO - Processing /home/airflow/.local/lib/python3.8/site-packages/airflow/example_dags/example_time_delta_sensor_async.py took 0.142 seconds
[2024-08-26T12:46:04.626+0000] {processor.py:157} INFO - Started process (PID=1346) to work on /home/airflow/.local/lib/python3.8/site-packages/airflow/example_dags/example_time_delta_sensor_async.py
[2024-08-26T12:46:04.628+0000] {processor.py:829} INFO - Processing file /home/airflow/.local/lib/python3.8/site-packages/airflow/example_dags/example_time_delta_sensor_async.py for tasks to queue
[2024-08-26T12:46:04.633+0000] {logging_mixin.py:154} INFO - [2024-08-26T12:46:04.632+0000] {dagbag.py:536} INFO - Filling up the DagBag from /home/airflow/.local/lib/python3.8/site-packages/airflow/example_dags/example_time_delta_sensor_async.py
[2024-08-26T12:46:04.642+0000] {processor.py:839} INFO - DAG(s) dict_keys(['example_time_delta_sensor_async']) retrieved from /home/airflow/.local/lib/python3.8/site-packages/airflow/example_dags/example_time_delta_sensor_async.py
[2024-08-26T12:46:04.682+0000] {logging_mixin.py:154} INFO - [2024-08-26T12:46:04.682+0000] {dag.py:2941} INFO - Sync 1 DAGs
[2024-08-26T12:46:04.707+0000] {logging_mixin.py:154} INFO - [2024-08-26T12:46:04.707+0000] {dag.py:3722} INFO - Setting next_dagrun for example_time_delta_sensor_async to None, run_after=None
[2024-08-26T12:46:04.780+0000] {processor.py:179} INFO - Processing /home/airflow/.local/lib/python3.8/site-packages/airflow/example_dags/example_time_delta_sensor_async.py took 0.159 seconds
[2024-08-26T12:46:34.968+0000] {processor.py:157} INFO - Started process (PID=1412) to work on /home/airflow/.local/lib/python3.8/site-packages/airflow/example_dags/example_time_delta_sensor_async.py
[2024-08-26T12:46:34.970+0000] {processor.py:829} INFO - Processing file /home/airflow/.local/lib/python3.8/site-packages/airflow/example_dags/example_time_delta_sensor_async.py for tasks to queue
[2024-08-26T12:46:34.975+0000] {logging_mixin.py:154} INFO - [2024-08-26T12:46:34.974+0000] {dagbag.py:536} INFO - Filling up the DagBag from /home/airflow/.local/lib/python3.8/site-packages/airflow/example_dags/example_time_delta_sensor_async.py
[2024-08-26T12:46:34.983+0000] {processor.py:839} INFO - DAG(s) dict_keys(['example_time_delta_sensor_async']) retrieved from /home/airflow/.local/lib/python3.8/site-packages/airflow/example_dags/example_time_delta_sensor_async.py
[2024-08-26T12:46:35.022+0000] {logging_mixin.py:154} INFO - [2024-08-26T12:46:35.021+0000] {dag.py:2941} INFO - Sync 1 DAGs
[2024-08-26T12:46:35.052+0000] {logging_mixin.py:154} INFO - [2024-08-26T12:46:35.051+0000] {dag.py:3722} INFO - Setting next_dagrun for example_time_delta_sensor_async to None, run_after=None
[2024-08-26T12:46:35.130+0000] {processor.py:179} INFO - Processing /home/airflow/.local/lib/python3.8/site-packages/airflow/example_dags/example_time_delta_sensor_async.py took 0.167 seconds
[2024-08-26T12:47:05.409+0000] {processor.py:157} INFO - Started process (PID=1478) to work on /home/airflow/.local/lib/python3.8/site-packages/airflow/example_dags/example_time_delta_sensor_async.py
[2024-08-26T12:47:05.411+0000] {processor.py:829} INFO - Processing file /home/airflow/.local/lib/python3.8/site-packages/airflow/example_dags/example_time_delta_sensor_async.py for tasks to queue
[2024-08-26T12:47:05.415+0000] {logging_mixin.py:154} INFO - [2024-08-26T12:47:05.415+0000] {dagbag.py:536} INFO - Filling up the DagBag from /home/airflow/.local/lib/python3.8/site-packages/airflow/example_dags/example_time_delta_sensor_async.py
[2024-08-26T12:47:05.424+0000] {processor.py:839} INFO - DAG(s) dict_keys(['example_time_delta_sensor_async']) retrieved from /home/airflow/.local/lib/python3.8/site-packages/airflow/example_dags/example_time_delta_sensor_async.py
[2024-08-26T12:47:05.466+0000] {logging_mixin.py:154} INFO - [2024-08-26T12:47:05.465+0000] {dag.py:2941} INFO - Sync 1 DAGs
[2024-08-26T12:47:05.492+0000] {logging_mixin.py:154} INFO - [2024-08-26T12:47:05.492+0000] {dag.py:3722} INFO - Setting next_dagrun for example_time_delta_sensor_async to None, run_after=None
[2024-08-26T12:47:05.566+0000] {processor.py:179} INFO - Processing /home/airflow/.local/lib/python3.8/site-packages/airflow/example_dags/example_time_delta_sensor_async.py took 0.164 seconds
[2024-08-26T12:47:36.548+0000] {processor.py:157} INFO - Started process (PID=1545) to work on /home/airflow/.local/lib/python3.8/site-packages/airflow/example_dags/example_time_delta_sensor_async.py
[2024-08-26T12:47:36.550+0000] {processor.py:829} INFO - Processing file /home/airflow/.local/lib/python3.8/site-packages/airflow/example_dags/example_time_delta_sensor_async.py for tasks to queue
[2024-08-26T12:47:36.556+0000] {logging_mixin.py:154} INFO - [2024-08-26T12:47:36.555+0000] {dagbag.py:536} INFO - Filling up the DagBag from /home/airflow/.local/lib/python3.8/site-packages/airflow/example_dags/example_time_delta_sensor_async.py
[2024-08-26T12:47:36.564+0000] {processor.py:839} INFO - DAG(s) dict_keys(['example_time_delta_sensor_async']) retrieved from /home/airflow/.local/lib/python3.8/site-packages/airflow/example_dags/example_time_delta_sensor_async.py
[2024-08-26T12:47:36.603+0000] {logging_mixin.py:154} INFO - [2024-08-26T12:47:36.603+0000] {dag.py:2941} INFO - Sync 1 DAGs
[2024-08-26T12:47:36.629+0000] {logging_mixin.py:154} INFO - [2024-08-26T12:47:36.628+0000] {dag.py:3722} INFO - Setting next_dagrun for example_time_delta_sensor_async to None, run_after=None
[2024-08-26T12:47:36.662+0000] {processor.py:179} INFO - Processing /home/airflow/.local/lib/python3.8/site-packages/airflow/example_dags/example_time_delta_sensor_async.py took 0.120 seconds
[2024-08-26T12:48:07.549+0000] {processor.py:157} INFO - Started process (PID=1611) to work on /home/airflow/.local/lib/python3.8/site-packages/airflow/example_dags/example_time_delta_sensor_async.py
[2024-08-26T12:48:07.551+0000] {processor.py:829} INFO - Processing file /home/airflow/.local/lib/python3.8/site-packages/airflow/example_dags/example_time_delta_sensor_async.py for tasks to queue
[2024-08-26T12:48:07.557+0000] {logging_mixin.py:154} INFO - [2024-08-26T12:48:07.556+0000] {dagbag.py:536} INFO - Filling up the DagBag from /home/airflow/.local/lib/python3.8/site-packages/airflow/example_dags/example_time_delta_sensor_async.py
[2024-08-26T12:48:07.566+0000] {processor.py:839} INFO - DAG(s) dict_keys(['example_time_delta_sensor_async']) retrieved from /home/airflow/.local/lib/python3.8/site-packages/airflow/example_dags/example_time_delta_sensor_async.py
[2024-08-26T12:48:07.605+0000] {logging_mixin.py:154} INFO - [2024-08-26T12:48:07.605+0000] {dag.py:2941} INFO - Sync 1 DAGs
[2024-08-26T12:48:07.630+0000] {logging_mixin.py:154} INFO - [2024-08-26T12:48:07.629+0000] {dag.py:3722} INFO - Setting next_dagrun for example_time_delta_sensor_async to None, run_after=None
[2024-08-26T12:48:07.661+0000] {processor.py:179} INFO - Processing /home/airflow/.local/lib/python3.8/site-packages/airflow/example_dags/example_time_delta_sensor_async.py took 0.119 seconds
[2024-08-26T12:49:35.848+0000] {processor.py:157} INFO - Started process (PID=1671) to work on /home/airflow/.local/lib/python3.8/site-packages/airflow/example_dags/example_time_delta_sensor_async.py
[2024-08-26T12:49:35.850+0000] {processor.py:829} INFO - Processing file /home/airflow/.local/lib/python3.8/site-packages/airflow/example_dags/example_time_delta_sensor_async.py for tasks to queue
[2024-08-26T12:49:35.855+0000] {logging_mixin.py:154} INFO - [2024-08-26T12:49:35.854+0000] {dagbag.py:536} INFO - Filling up the DagBag from /home/airflow/.local/lib/python3.8/site-packages/airflow/example_dags/example_time_delta_sensor_async.py
[2024-08-26T12:49:35.863+0000] {processor.py:839} INFO - DAG(s) dict_keys(['example_time_delta_sensor_async']) retrieved from /home/airflow/.local/lib/python3.8/site-packages/airflow/example_dags/example_time_delta_sensor_async.py
[2024-08-26T12:49:35.909+0000] {logging_mixin.py:154} INFO - [2024-08-26T12:49:35.908+0000] {dag.py:2941} INFO - Sync 1 DAGs
[2024-08-26T12:49:35.936+0000] {logging_mixin.py:154} INFO - [2024-08-26T12:49:35.936+0000] {dag.py:3722} INFO - Setting next_dagrun for example_time_delta_sensor_async to None, run_after=None
[2024-08-26T12:49:35.975+0000] {processor.py:179} INFO - Processing /home/airflow/.local/lib/python3.8/site-packages/airflow/example_dags/example_time_delta_sensor_async.py took 0.133 seconds
[2024-08-26T12:50:07.603+0000] {processor.py:157} INFO - Started process (PID=1737) to work on /home/airflow/.local/lib/python3.8/site-packages/airflow/example_dags/example_time_delta_sensor_async.py
[2024-08-26T12:50:07.605+0000] {processor.py:829} INFO - Processing file /home/airflow/.local/lib/python3.8/site-packages/airflow/example_dags/example_time_delta_sensor_async.py for tasks to queue
[2024-08-26T12:50:07.609+0000] {logging_mixin.py:154} INFO - [2024-08-26T12:50:07.609+0000] {dagbag.py:536} INFO - Filling up the DagBag from /home/airflow/.local/lib/python3.8/site-packages/airflow/example_dags/example_time_delta_sensor_async.py
[2024-08-26T12:50:07.617+0000] {processor.py:839} INFO - DAG(s) dict_keys(['example_time_delta_sensor_async']) retrieved from /home/airflow/.local/lib/python3.8/site-packages/airflow/example_dags/example_time_delta_sensor_async.py
[2024-08-26T12:50:07.657+0000] {logging_mixin.py:154} INFO - [2024-08-26T12:50:07.656+0000] {dag.py:2941} INFO - Sync 1 DAGs
[2024-08-26T12:50:07.686+0000] {logging_mixin.py:154} INFO - [2024-08-26T12:50:07.686+0000] {dag.py:3722} INFO - Setting next_dagrun for example_time_delta_sensor_async to None, run_after=None
[2024-08-26T12:50:07.722+0000] {processor.py:179} INFO - Processing /home/airflow/.local/lib/python3.8/site-packages/airflow/example_dags/example_time_delta_sensor_async.py took 0.125 seconds
[2024-08-26T12:50:39.098+0000] {processor.py:157} INFO - Started process (PID=1810) to work on /home/airflow/.local/lib/python3.8/site-packages/airflow/example_dags/example_time_delta_sensor_async.py
[2024-08-26T12:50:39.100+0000] {processor.py:829} INFO - Processing file /home/airflow/.local/lib/python3.8/site-packages/airflow/example_dags/example_time_delta_sensor_async.py for tasks to queue
[2024-08-26T12:50:39.106+0000] {logging_mixin.py:154} INFO - [2024-08-26T12:50:39.105+0000] {dagbag.py:536} INFO - Filling up the DagBag from /home/airflow/.local/lib/python3.8/site-packages/airflow/example_dags/example_time_delta_sensor_async.py
[2024-08-26T12:50:39.115+0000] {processor.py:839} INFO - DAG(s) dict_keys(['example_time_delta_sensor_async']) retrieved from /home/airflow/.local/lib/python3.8/site-packages/airflow/example_dags/example_time_delta_sensor_async.py
[2024-08-26T12:50:39.155+0000] {logging_mixin.py:154} INFO - [2024-08-26T12:50:39.154+0000] {dag.py:2941} INFO - Sync 1 DAGs
[2024-08-26T12:50:39.180+0000] {logging_mixin.py:154} INFO - [2024-08-26T12:50:39.180+0000] {dag.py:3722} INFO - Setting next_dagrun for example_time_delta_sensor_async to None, run_after=None
[2024-08-26T12:50:39.218+0000] {processor.py:179} INFO - Processing /home/airflow/.local/lib/python3.8/site-packages/airflow/example_dags/example_time_delta_sensor_async.py took 0.127 seconds
[2024-08-26T12:51:09.593+0000] {processor.py:157} INFO - Started process (PID=1877) to work on /home/airflow/.local/lib/python3.8/site-packages/airflow/example_dags/example_time_delta_sensor_async.py
[2024-08-26T12:51:09.595+0000] {processor.py:829} INFO - Processing file /home/airflow/.local/lib/python3.8/site-packages/airflow/example_dags/example_time_delta_sensor_async.py for tasks to queue
[2024-08-26T12:51:09.599+0000] {logging_mixin.py:154} INFO - [2024-08-26T12:51:09.598+0000] {dagbag.py:536} INFO - Filling up the DagBag from /home/airflow/.local/lib/python3.8/site-packages/airflow/example_dags/example_time_delta_sensor_async.py
[2024-08-26T12:51:09.606+0000] {processor.py:839} INFO - DAG(s) dict_keys(['example_time_delta_sensor_async']) retrieved from /home/airflow/.local/lib/python3.8/site-packages/airflow/example_dags/example_time_delta_sensor_async.py
[2024-08-26T12:51:09.643+0000] {logging_mixin.py:154} INFO - [2024-08-26T12:51:09.643+0000] {dag.py:2941} INFO - Sync 1 DAGs
[2024-08-26T12:51:09.673+0000] {logging_mixin.py:154} INFO - [2024-08-26T12:51:09.672+0000] {dag.py:3722} INFO - Setting next_dagrun for example_time_delta_sensor_async to None, run_after=None
[2024-08-26T12:51:09.751+0000] {processor.py:179} INFO - Processing /home/airflow/.local/lib/python3.8/site-packages/airflow/example_dags/example_time_delta_sensor_async.py took 0.164 seconds
[2024-08-26T12:51:40.243+0000] {processor.py:157} INFO - Started process (PID=1944) to work on /home/airflow/.local/lib/python3.8/site-packages/airflow/example_dags/example_time_delta_sensor_async.py
[2024-08-26T12:51:40.244+0000] {processor.py:829} INFO - Processing file /home/airflow/.local/lib/python3.8/site-packages/airflow/example_dags/example_time_delta_sensor_async.py for tasks to queue
[2024-08-26T12:51:40.248+0000] {logging_mixin.py:154} INFO - [2024-08-26T12:51:40.247+0000] {dagbag.py:536} INFO - Filling up the DagBag from /home/airflow/.local/lib/python3.8/site-packages/airflow/example_dags/example_time_delta_sensor_async.py
[2024-08-26T12:51:40.256+0000] {processor.py:839} INFO - DAG(s) dict_keys(['example_time_delta_sensor_async']) retrieved from /home/airflow/.local/lib/python3.8/site-packages/airflow/example_dags/example_time_delta_sensor_async.py
[2024-08-26T12:51:40.298+0000] {logging_mixin.py:154} INFO - [2024-08-26T12:51:40.298+0000] {dag.py:2941} INFO - Sync 1 DAGs
[2024-08-26T12:51:40.328+0000] {logging_mixin.py:154} INFO - [2024-08-26T12:51:40.327+0000] {dag.py:3722} INFO - Setting next_dagrun for example_time_delta_sensor_async to None, run_after=None
[2024-08-26T12:51:40.407+0000] {processor.py:179} INFO - Processing /home/airflow/.local/lib/python3.8/site-packages/airflow/example_dags/example_time_delta_sensor_async.py took 0.170 seconds
[2024-08-26T12:52:11.075+0000] {processor.py:157} INFO - Started process (PID=2010) to work on /home/airflow/.local/lib/python3.8/site-packages/airflow/example_dags/example_time_delta_sensor_async.py
[2024-08-26T12:52:11.077+0000] {processor.py:829} INFO - Processing file /home/airflow/.local/lib/python3.8/site-packages/airflow/example_dags/example_time_delta_sensor_async.py for tasks to queue
[2024-08-26T12:52:11.082+0000] {logging_mixin.py:154} INFO - [2024-08-26T12:52:11.081+0000] {dagbag.py:536} INFO - Filling up the DagBag from /home/airflow/.local/lib/python3.8/site-packages/airflow/example_dags/example_time_delta_sensor_async.py
[2024-08-26T12:52:11.092+0000] {processor.py:839} INFO - DAG(s) dict_keys(['example_time_delta_sensor_async']) retrieved from /home/airflow/.local/lib/python3.8/site-packages/airflow/example_dags/example_time_delta_sensor_async.py
[2024-08-26T12:52:11.133+0000] {logging_mixin.py:154} INFO - [2024-08-26T12:52:11.133+0000] {dag.py:2941} INFO - Sync 1 DAGs
[2024-08-26T12:52:11.160+0000] {logging_mixin.py:154} INFO - [2024-08-26T12:52:11.160+0000] {dag.py:3722} INFO - Setting next_dagrun for example_time_delta_sensor_async to None, run_after=None
[2024-08-26T12:52:11.199+0000] {processor.py:179} INFO - Processing /home/airflow/.local/lib/python3.8/site-packages/airflow/example_dags/example_time_delta_sensor_async.py took 0.131 seconds
[2024-08-26T12:52:42.034+0000] {processor.py:157} INFO - Started process (PID=2076) to work on /home/airflow/.local/lib/python3.8/site-packages/airflow/example_dags/example_time_delta_sensor_async.py
[2024-08-26T12:52:42.036+0000] {processor.py:829} INFO - Processing file /home/airflow/.local/lib/python3.8/site-packages/airflow/example_dags/example_time_delta_sensor_async.py for tasks to queue
[2024-08-26T12:52:42.040+0000] {logging_mixin.py:154} INFO - [2024-08-26T12:52:42.039+0000] {dagbag.py:536} INFO - Filling up the DagBag from /home/airflow/.local/lib/python3.8/site-packages/airflow/example_dags/example_time_delta_sensor_async.py
[2024-08-26T12:52:42.047+0000] {processor.py:839} INFO - DAG(s) dict_keys(['example_time_delta_sensor_async']) retrieved from /home/airflow/.local/lib/python3.8/site-packages/airflow/example_dags/example_time_delta_sensor_async.py
[2024-08-26T12:52:42.086+0000] {logging_mixin.py:154} INFO - [2024-08-26T12:52:42.085+0000] {dag.py:2941} INFO - Sync 1 DAGs
[2024-08-26T12:52:42.116+0000] {logging_mixin.py:154} INFO - [2024-08-26T12:52:42.115+0000] {dag.py:3722} INFO - Setting next_dagrun for example_time_delta_sensor_async to None, run_after=None
[2024-08-26T12:52:42.196+0000] {processor.py:179} INFO - Processing /home/airflow/.local/lib/python3.8/site-packages/airflow/example_dags/example_time_delta_sensor_async.py took 0.170 seconds
[2024-08-26T12:53:12.353+0000] {processor.py:157} INFO - Started process (PID=2140) to work on /home/airflow/.local/lib/python3.8/site-packages/airflow/example_dags/example_time_delta_sensor_async.py
[2024-08-26T12:53:12.354+0000] {processor.py:829} INFO - Processing file /home/airflow/.local/lib/python3.8/site-packages/airflow/example_dags/example_time_delta_sensor_async.py for tasks to queue
[2024-08-26T12:53:12.359+0000] {logging_mixin.py:154} INFO - [2024-08-26T12:53:12.359+0000] {dagbag.py:536} INFO - Filling up the DagBag from /home/airflow/.local/lib/python3.8/site-packages/airflow/example_dags/example_time_delta_sensor_async.py
[2024-08-26T12:53:12.367+0000] {processor.py:839} INFO - DAG(s) dict_keys(['example_time_delta_sensor_async']) retrieved from /home/airflow/.local/lib/python3.8/site-packages/airflow/example_dags/example_time_delta_sensor_async.py
[2024-08-26T12:53:12.412+0000] {logging_mixin.py:154} INFO - [2024-08-26T12:53:12.411+0000] {dag.py:2941} INFO - Sync 1 DAGs
[2024-08-26T12:53:12.447+0000] {logging_mixin.py:154} INFO - [2024-08-26T12:53:12.446+0000] {dag.py:3722} INFO - Setting next_dagrun for example_time_delta_sensor_async to None, run_after=None
[2024-08-26T12:53:12.527+0000] {processor.py:179} INFO - Processing /home/airflow/.local/lib/python3.8/site-packages/airflow/example_dags/example_time_delta_sensor_async.py took 0.181 seconds
[2024-08-26T12:54:00.006+0000] {processor.py:157} INFO - Started process (PID=2200) to work on /home/airflow/.local/lib/python3.8/site-packages/airflow/example_dags/example_time_delta_sensor_async.py
[2024-08-26T12:54:00.008+0000] {processor.py:829} INFO - Processing file /home/airflow/.local/lib/python3.8/site-packages/airflow/example_dags/example_time_delta_sensor_async.py for tasks to queue
[2024-08-26T12:54:00.018+0000] {logging_mixin.py:154} INFO - [2024-08-26T12:54:00.015+0000] {dagbag.py:536} INFO - Filling up the DagBag from /home/airflow/.local/lib/python3.8/site-packages/airflow/example_dags/example_time_delta_sensor_async.py
[2024-08-26T12:54:00.026+0000] {processor.py:839} INFO - DAG(s) dict_keys(['example_time_delta_sensor_async']) retrieved from /home/airflow/.local/lib/python3.8/site-packages/airflow/example_dags/example_time_delta_sensor_async.py
[2024-08-26T12:54:00.066+0000] {logging_mixin.py:154} INFO - [2024-08-26T12:54:00.065+0000] {dag.py:2941} INFO - Sync 1 DAGs
[2024-08-26T12:54:00.090+0000] {logging_mixin.py:154} INFO - [2024-08-26T12:54:00.090+0000] {dag.py:3722} INFO - Setting next_dagrun for example_time_delta_sensor_async to None, run_after=None
[2024-08-26T12:54:00.126+0000] {processor.py:179} INFO - Processing /home/airflow/.local/lib/python3.8/site-packages/airflow/example_dags/example_time_delta_sensor_async.py took 0.125 seconds
[2024-08-26T12:54:32.137+0000] {processor.py:157} INFO - Started process (PID=2265) to work on /home/airflow/.local/lib/python3.8/site-packages/airflow/example_dags/example_time_delta_sensor_async.py
[2024-08-26T12:54:32.139+0000] {processor.py:829} INFO - Processing file /home/airflow/.local/lib/python3.8/site-packages/airflow/example_dags/example_time_delta_sensor_async.py for tasks to queue
[2024-08-26T12:54:32.144+0000] {logging_mixin.py:154} INFO - [2024-08-26T12:54:32.143+0000] {dagbag.py:536} INFO - Filling up the DagBag from /home/airflow/.local/lib/python3.8/site-packages/airflow/example_dags/example_time_delta_sensor_async.py
[2024-08-26T12:54:32.151+0000] {processor.py:839} INFO - DAG(s) dict_keys(['example_time_delta_sensor_async']) retrieved from /home/airflow/.local/lib/python3.8/site-packages/airflow/example_dags/example_time_delta_sensor_async.py
[2024-08-26T12:54:32.189+0000] {logging_mixin.py:154} INFO - [2024-08-26T12:54:32.189+0000] {dag.py:2941} INFO - Sync 1 DAGs
[2024-08-26T12:54:32.215+0000] {logging_mixin.py:154} INFO - [2024-08-26T12:54:32.215+0000] {dag.py:3722} INFO - Setting next_dagrun for example_time_delta_sensor_async to None, run_after=None
[2024-08-26T12:54:32.467+0000] {processor.py:179} INFO - Processing /home/airflow/.local/lib/python3.8/site-packages/airflow/example_dags/example_time_delta_sensor_async.py took 0.334 seconds
[2024-08-26T12:55:02.546+0000] {processor.py:157} INFO - Started process (PID=2331) to work on /home/airflow/.local/lib/python3.8/site-packages/airflow/example_dags/example_time_delta_sensor_async.py
[2024-08-26T12:55:02.549+0000] {processor.py:829} INFO - Processing file /home/airflow/.local/lib/python3.8/site-packages/airflow/example_dags/example_time_delta_sensor_async.py for tasks to queue
[2024-08-26T12:55:02.553+0000] {logging_mixin.py:154} INFO - [2024-08-26T12:55:02.552+0000] {dagbag.py:536} INFO - Filling up the DagBag from /home/airflow/.local/lib/python3.8/site-packages/airflow/example_dags/example_time_delta_sensor_async.py
[2024-08-26T12:55:02.561+0000] {processor.py:839} INFO - DAG(s) dict_keys(['example_time_delta_sensor_async']) retrieved from /home/airflow/.local/lib/python3.8/site-packages/airflow/example_dags/example_time_delta_sensor_async.py
[2024-08-26T12:55:02.597+0000] {logging_mixin.py:154} INFO - [2024-08-26T12:55:02.596+0000] {dag.py:2941} INFO - Sync 1 DAGs
[2024-08-26T12:55:02.625+0000] {logging_mixin.py:154} INFO - [2024-08-26T12:55:02.624+0000] {dag.py:3722} INFO - Setting next_dagrun for example_time_delta_sensor_async to None, run_after=None
[2024-08-26T12:55:02.679+0000] {processor.py:179} INFO - Processing /home/airflow/.local/lib/python3.8/site-packages/airflow/example_dags/example_time_delta_sensor_async.py took 0.140 seconds
[2024-08-26T12:55:33.231+0000] {processor.py:157} INFO - Started process (PID=2397) to work on /home/airflow/.local/lib/python3.8/site-packages/airflow/example_dags/example_time_delta_sensor_async.py
[2024-08-26T12:55:33.232+0000] {processor.py:829} INFO - Processing file /home/airflow/.local/lib/python3.8/site-packages/airflow/example_dags/example_time_delta_sensor_async.py for tasks to queue
[2024-08-26T12:55:33.236+0000] {logging_mixin.py:154} INFO - [2024-08-26T12:55:33.236+0000] {dagbag.py:536} INFO - Filling up the DagBag from /home/airflow/.local/lib/python3.8/site-packages/airflow/example_dags/example_time_delta_sensor_async.py
[2024-08-26T12:55:33.243+0000] {processor.py:839} INFO - DAG(s) dict_keys(['example_time_delta_sensor_async']) retrieved from /home/airflow/.local/lib/python3.8/site-packages/airflow/example_dags/example_time_delta_sensor_async.py
[2024-08-26T12:55:33.279+0000] {logging_mixin.py:154} INFO - [2024-08-26T12:55:33.279+0000] {dag.py:2941} INFO - Sync 1 DAGs
[2024-08-26T12:55:33.302+0000] {logging_mixin.py:154} INFO - [2024-08-26T12:55:33.301+0000] {dag.py:3722} INFO - Setting next_dagrun for example_time_delta_sensor_async to None, run_after=None
[2024-08-26T12:55:33.372+0000] {processor.py:179} INFO - Processing /home/airflow/.local/lib/python3.8/site-packages/airflow/example_dags/example_time_delta_sensor_async.py took 0.147 seconds
[2024-08-26T12:56:05.309+0000] {processor.py:157} INFO - Started process (PID=2471) to work on /home/airflow/.local/lib/python3.8/site-packages/airflow/example_dags/example_time_delta_sensor_async.py
[2024-08-26T12:56:05.310+0000] {processor.py:829} INFO - Processing file /home/airflow/.local/lib/python3.8/site-packages/airflow/example_dags/example_time_delta_sensor_async.py for tasks to queue
[2024-08-26T12:56:05.314+0000] {logging_mixin.py:154} INFO - [2024-08-26T12:56:05.313+0000] {dagbag.py:536} INFO - Filling up the DagBag from /home/airflow/.local/lib/python3.8/site-packages/airflow/example_dags/example_time_delta_sensor_async.py
[2024-08-26T12:56:05.322+0000] {processor.py:839} INFO - DAG(s) dict_keys(['example_time_delta_sensor_async']) retrieved from /home/airflow/.local/lib/python3.8/site-packages/airflow/example_dags/example_time_delta_sensor_async.py
[2024-08-26T12:56:05.365+0000] {logging_mixin.py:154} INFO - [2024-08-26T12:56:05.364+0000] {dag.py:2941} INFO - Sync 1 DAGs
[2024-08-26T12:56:05.634+0000] {logging_mixin.py:154} INFO - [2024-08-26T12:56:05.634+0000] {dag.py:3722} INFO - Setting next_dagrun for example_time_delta_sensor_async to None, run_after=None
[2024-08-26T12:56:05.710+0000] {processor.py:179} INFO - Processing /home/airflow/.local/lib/python3.8/site-packages/airflow/example_dags/example_time_delta_sensor_async.py took 0.406 seconds
