[2024-08-26T08:44:55.446+0000] {processor.py:157} INFO - Started process (PID=91) to work on /home/airflow/.local/lib/python3.8/site-packages/airflow/example_dags/example_kubernetes_executor.py
[2024-08-26T08:44:55.447+0000] {processor.py:829} INFO - Processing file /home/airflow/.local/lib/python3.8/site-packages/airflow/example_dags/example_kubernetes_executor.py for tasks to queue
[2024-08-26T08:44:55.449+0000] {logging_mixin.py:154} INFO - [2024-08-26T08:44:55.449+0000] {dagbag.py:536} INFO - Filling up the DagBag from /home/airflow/.local/lib/python3.8/site-packages/airflow/example_dags/example_kubernetes_executor.py
[2024-08-26T08:44:55.462+0000] {processor.py:839} INFO - DAG(s) dict_keys(['example_kubernetes_executor']) retrieved from /home/airflow/.local/lib/python3.8/site-packages/airflow/example_dags/example_kubernetes_executor.py
[2024-08-26T08:44:55.493+0000] {logging_mixin.py:154} INFO - [2024-08-26T08:44:55.492+0000] {dag.py:2941} INFO - Sync 1 DAGs
[2024-08-26T08:44:55.505+0000] {logging_mixin.py:154} INFO - [2024-08-26T08:44:55.505+0000] {dag.py:3722} INFO - Setting next_dagrun for example_kubernetes_executor to None, run_after=None
[2024-08-26T08:44:55.525+0000] {processor.py:179} INFO - Processing /home/airflow/.local/lib/python3.8/site-packages/airflow/example_dags/example_kubernetes_executor.py took 0.082 seconds
[2024-08-26T12:36:21.579+0000] {processor.py:157} INFO - Started process (PID=100) to work on /home/airflow/.local/lib/python3.8/site-packages/airflow/example_dags/example_kubernetes_executor.py
[2024-08-26T12:36:21.581+0000] {processor.py:829} INFO - Processing file /home/airflow/.local/lib/python3.8/site-packages/airflow/example_dags/example_kubernetes_executor.py for tasks to queue
[2024-08-26T12:36:21.584+0000] {logging_mixin.py:154} INFO - [2024-08-26T12:36:21.583+0000] {dagbag.py:536} INFO - Filling up the DagBag from /home/airflow/.local/lib/python3.8/site-packages/airflow/example_dags/example_kubernetes_executor.py
[2024-08-26T12:36:21.601+0000] {processor.py:839} INFO - DAG(s) dict_keys(['example_kubernetes_executor']) retrieved from /home/airflow/.local/lib/python3.8/site-packages/airflow/example_dags/example_kubernetes_executor.py
[2024-08-26T12:36:21.638+0000] {logging_mixin.py:154} INFO - [2024-08-26T12:36:21.637+0000] {dag.py:2941} INFO - Sync 1 DAGs
[2024-08-26T12:36:21.653+0000] {logging_mixin.py:154} INFO - [2024-08-26T12:36:21.653+0000] {dag.py:3722} INFO - Setting next_dagrun for example_kubernetes_executor to None, run_after=None
[2024-08-26T12:36:21.680+0000] {processor.py:179} INFO - Processing /home/airflow/.local/lib/python3.8/site-packages/airflow/example_dags/example_kubernetes_executor.py took 0.105 seconds
[2024-08-26T12:36:54.585+0000] {processor.py:157} INFO - Started process (PID=174) to work on /home/airflow/.local/lib/python3.8/site-packages/airflow/example_dags/example_kubernetes_executor.py
[2024-08-26T12:36:54.587+0000] {processor.py:829} INFO - Processing file /home/airflow/.local/lib/python3.8/site-packages/airflow/example_dags/example_kubernetes_executor.py for tasks to queue
[2024-08-26T12:36:54.593+0000] {logging_mixin.py:154} INFO - [2024-08-26T12:36:54.592+0000] {dagbag.py:536} INFO - Filling up the DagBag from /home/airflow/.local/lib/python3.8/site-packages/airflow/example_dags/example_kubernetes_executor.py
[2024-08-26T12:36:54.620+0000] {processor.py:839} INFO - DAG(s) dict_keys(['example_kubernetes_executor']) retrieved from /home/airflow/.local/lib/python3.8/site-packages/airflow/example_dags/example_kubernetes_executor.py
[2024-08-26T12:36:54.690+0000] {logging_mixin.py:154} INFO - [2024-08-26T12:36:54.689+0000] {dag.py:2941} INFO - Sync 1 DAGs
[2024-08-26T12:36:54.717+0000] {logging_mixin.py:154} INFO - [2024-08-26T12:36:54.717+0000] {dag.py:3722} INFO - Setting next_dagrun for example_kubernetes_executor to None, run_after=None
[2024-08-26T12:36:54.763+0000] {processor.py:179} INFO - Processing /home/airflow/.local/lib/python3.8/site-packages/airflow/example_dags/example_kubernetes_executor.py took 0.183 seconds
[2024-08-26T12:37:26.429+0000] {processor.py:157} INFO - Started process (PID=240) to work on /home/airflow/.local/lib/python3.8/site-packages/airflow/example_dags/example_kubernetes_executor.py
[2024-08-26T12:37:26.431+0000] {processor.py:829} INFO - Processing file /home/airflow/.local/lib/python3.8/site-packages/airflow/example_dags/example_kubernetes_executor.py for tasks to queue
[2024-08-26T12:37:26.435+0000] {logging_mixin.py:154} INFO - [2024-08-26T12:37:26.434+0000] {dagbag.py:536} INFO - Filling up the DagBag from /home/airflow/.local/lib/python3.8/site-packages/airflow/example_dags/example_kubernetes_executor.py
[2024-08-26T12:37:26.462+0000] {processor.py:839} INFO - DAG(s) dict_keys(['example_kubernetes_executor']) retrieved from /home/airflow/.local/lib/python3.8/site-packages/airflow/example_dags/example_kubernetes_executor.py
[2024-08-26T12:37:26.527+0000] {logging_mixin.py:154} INFO - [2024-08-26T12:37:26.527+0000] {dag.py:2941} INFO - Sync 1 DAGs
[2024-08-26T12:37:26.556+0000] {logging_mixin.py:154} INFO - [2024-08-26T12:37:26.555+0000] {dag.py:3722} INFO - Setting next_dagrun for example_kubernetes_executor to None, run_after=None
[2024-08-26T12:37:26.595+0000] {processor.py:179} INFO - Processing /home/airflow/.local/lib/python3.8/site-packages/airflow/example_dags/example_kubernetes_executor.py took 0.173 seconds
[2024-08-26T12:37:56.748+0000] {processor.py:157} INFO - Started process (PID=306) to work on /home/airflow/.local/lib/python3.8/site-packages/airflow/example_dags/example_kubernetes_executor.py
[2024-08-26T12:37:56.750+0000] {processor.py:829} INFO - Processing file /home/airflow/.local/lib/python3.8/site-packages/airflow/example_dags/example_kubernetes_executor.py for tasks to queue
[2024-08-26T12:37:56.753+0000] {logging_mixin.py:154} INFO - [2024-08-26T12:37:56.753+0000] {dagbag.py:536} INFO - Filling up the DagBag from /home/airflow/.local/lib/python3.8/site-packages/airflow/example_dags/example_kubernetes_executor.py
[2024-08-26T12:37:56.787+0000] {processor.py:839} INFO - DAG(s) dict_keys(['example_kubernetes_executor']) retrieved from /home/airflow/.local/lib/python3.8/site-packages/airflow/example_dags/example_kubernetes_executor.py
[2024-08-26T12:37:56.857+0000] {logging_mixin.py:154} INFO - [2024-08-26T12:37:56.857+0000] {dag.py:2941} INFO - Sync 1 DAGs
[2024-08-26T12:37:56.879+0000] {logging_mixin.py:154} INFO - [2024-08-26T12:37:56.879+0000] {dag.py:3722} INFO - Setting next_dagrun for example_kubernetes_executor to None, run_after=None
[2024-08-26T12:37:56.920+0000] {processor.py:179} INFO - Processing /home/airflow/.local/lib/python3.8/site-packages/airflow/example_dags/example_kubernetes_executor.py took 0.176 seconds
[2024-08-26T12:38:27.823+0000] {processor.py:157} INFO - Started process (PID=373) to work on /home/airflow/.local/lib/python3.8/site-packages/airflow/example_dags/example_kubernetes_executor.py
[2024-08-26T12:38:27.825+0000] {processor.py:829} INFO - Processing file /home/airflow/.local/lib/python3.8/site-packages/airflow/example_dags/example_kubernetes_executor.py for tasks to queue
[2024-08-26T12:38:27.828+0000] {logging_mixin.py:154} INFO - [2024-08-26T12:38:27.828+0000] {dagbag.py:536} INFO - Filling up the DagBag from /home/airflow/.local/lib/python3.8/site-packages/airflow/example_dags/example_kubernetes_executor.py
[2024-08-26T12:38:27.854+0000] {processor.py:839} INFO - DAG(s) dict_keys(['example_kubernetes_executor']) retrieved from /home/airflow/.local/lib/python3.8/site-packages/airflow/example_dags/example_kubernetes_executor.py
[2024-08-26T12:38:27.924+0000] {logging_mixin.py:154} INFO - [2024-08-26T12:38:27.923+0000] {dag.py:2941} INFO - Sync 1 DAGs
[2024-08-26T12:38:27.949+0000] {logging_mixin.py:154} INFO - [2024-08-26T12:38:27.949+0000] {dag.py:3722} INFO - Setting next_dagrun for example_kubernetes_executor to None, run_after=None
[2024-08-26T12:38:27.988+0000] {processor.py:179} INFO - Processing /home/airflow/.local/lib/python3.8/site-packages/airflow/example_dags/example_kubernetes_executor.py took 0.169 seconds
[2024-08-26T12:38:58.941+0000] {processor.py:157} INFO - Started process (PID=439) to work on /home/airflow/.local/lib/python3.8/site-packages/airflow/example_dags/example_kubernetes_executor.py
[2024-08-26T12:38:58.943+0000] {processor.py:829} INFO - Processing file /home/airflow/.local/lib/python3.8/site-packages/airflow/example_dags/example_kubernetes_executor.py for tasks to queue
[2024-08-26T12:38:58.948+0000] {logging_mixin.py:154} INFO - [2024-08-26T12:38:58.947+0000] {dagbag.py:536} INFO - Filling up the DagBag from /home/airflow/.local/lib/python3.8/site-packages/airflow/example_dags/example_kubernetes_executor.py
[2024-08-26T12:38:58.973+0000] {processor.py:839} INFO - DAG(s) dict_keys(['example_kubernetes_executor']) retrieved from /home/airflow/.local/lib/python3.8/site-packages/airflow/example_dags/example_kubernetes_executor.py
[2024-08-26T12:38:59.034+0000] {logging_mixin.py:154} INFO - [2024-08-26T12:38:59.033+0000] {dag.py:2941} INFO - Sync 1 DAGs
[2024-08-26T12:38:59.055+0000] {logging_mixin.py:154} INFO - [2024-08-26T12:38:59.054+0000] {dag.py:3722} INFO - Setting next_dagrun for example_kubernetes_executor to None, run_after=None
[2024-08-26T12:38:59.090+0000] {processor.py:179} INFO - Processing /home/airflow/.local/lib/python3.8/site-packages/airflow/example_dags/example_kubernetes_executor.py took 0.154 seconds
[2024-08-26T12:39:30.132+0000] {processor.py:157} INFO - Started process (PID=505) to work on /home/airflow/.local/lib/python3.8/site-packages/airflow/example_dags/example_kubernetes_executor.py
[2024-08-26T12:39:30.133+0000] {processor.py:829} INFO - Processing file /home/airflow/.local/lib/python3.8/site-packages/airflow/example_dags/example_kubernetes_executor.py for tasks to queue
[2024-08-26T12:39:30.137+0000] {logging_mixin.py:154} INFO - [2024-08-26T12:39:30.137+0000] {dagbag.py:536} INFO - Filling up the DagBag from /home/airflow/.local/lib/python3.8/site-packages/airflow/example_dags/example_kubernetes_executor.py
[2024-08-26T12:39:30.168+0000] {processor.py:839} INFO - DAG(s) dict_keys(['example_kubernetes_executor']) retrieved from /home/airflow/.local/lib/python3.8/site-packages/airflow/example_dags/example_kubernetes_executor.py
[2024-08-26T12:39:30.226+0000] {logging_mixin.py:154} INFO - [2024-08-26T12:39:30.225+0000] {dag.py:2941} INFO - Sync 1 DAGs
[2024-08-26T12:39:30.251+0000] {logging_mixin.py:154} INFO - [2024-08-26T12:39:30.251+0000] {dag.py:3722} INFO - Setting next_dagrun for example_kubernetes_executor to None, run_after=None
[2024-08-26T12:39:30.287+0000] {processor.py:179} INFO - Processing /home/airflow/.local/lib/python3.8/site-packages/airflow/example_dags/example_kubernetes_executor.py took 0.161 seconds
[2024-08-26T12:40:01.706+0000] {processor.py:157} INFO - Started process (PID=571) to work on /home/airflow/.local/lib/python3.8/site-packages/airflow/example_dags/example_kubernetes_executor.py
[2024-08-26T12:40:01.708+0000] {processor.py:829} INFO - Processing file /home/airflow/.local/lib/python3.8/site-packages/airflow/example_dags/example_kubernetes_executor.py for tasks to queue
[2024-08-26T12:40:01.713+0000] {logging_mixin.py:154} INFO - [2024-08-26T12:40:01.713+0000] {dagbag.py:536} INFO - Filling up the DagBag from /home/airflow/.local/lib/python3.8/site-packages/airflow/example_dags/example_kubernetes_executor.py
[2024-08-26T12:40:01.750+0000] {processor.py:839} INFO - DAG(s) dict_keys(['example_kubernetes_executor']) retrieved from /home/airflow/.local/lib/python3.8/site-packages/airflow/example_dags/example_kubernetes_executor.py
[2024-08-26T12:40:01.826+0000] {logging_mixin.py:154} INFO - [2024-08-26T12:40:01.825+0000] {dag.py:2941} INFO - Sync 1 DAGs
[2024-08-26T12:40:01.857+0000] {logging_mixin.py:154} INFO - [2024-08-26T12:40:01.856+0000] {dag.py:3722} INFO - Setting next_dagrun for example_kubernetes_executor to None, run_after=None
[2024-08-26T12:40:01.898+0000] {processor.py:179} INFO - Processing /home/airflow/.local/lib/python3.8/site-packages/airflow/example_dags/example_kubernetes_executor.py took 0.199 seconds
[2024-08-26T12:40:32.421+0000] {processor.py:157} INFO - Started process (PID=636) to work on /home/airflow/.local/lib/python3.8/site-packages/airflow/example_dags/example_kubernetes_executor.py
[2024-08-26T12:40:32.423+0000] {processor.py:829} INFO - Processing file /home/airflow/.local/lib/python3.8/site-packages/airflow/example_dags/example_kubernetes_executor.py for tasks to queue
[2024-08-26T12:40:32.427+0000] {logging_mixin.py:154} INFO - [2024-08-26T12:40:32.426+0000] {dagbag.py:536} INFO - Filling up the DagBag from /home/airflow/.local/lib/python3.8/site-packages/airflow/example_dags/example_kubernetes_executor.py
[2024-08-26T12:40:32.461+0000] {processor.py:839} INFO - DAG(s) dict_keys(['example_kubernetes_executor']) retrieved from /home/airflow/.local/lib/python3.8/site-packages/airflow/example_dags/example_kubernetes_executor.py
[2024-08-26T12:40:32.531+0000] {logging_mixin.py:154} INFO - [2024-08-26T12:40:32.531+0000] {dag.py:2941} INFO - Sync 1 DAGs
[2024-08-26T12:40:32.559+0000] {logging_mixin.py:154} INFO - [2024-08-26T12:40:32.559+0000] {dag.py:3722} INFO - Setting next_dagrun for example_kubernetes_executor to None, run_after=None
[2024-08-26T12:40:32.593+0000] {processor.py:179} INFO - Processing /home/airflow/.local/lib/python3.8/site-packages/airflow/example_dags/example_kubernetes_executor.py took 0.179 seconds
[2024-08-26T12:41:03.632+0000] {processor.py:157} INFO - Started process (PID=702) to work on /home/airflow/.local/lib/python3.8/site-packages/airflow/example_dags/example_kubernetes_executor.py
[2024-08-26T12:41:03.634+0000] {processor.py:829} INFO - Processing file /home/airflow/.local/lib/python3.8/site-packages/airflow/example_dags/example_kubernetes_executor.py for tasks to queue
[2024-08-26T12:41:03.638+0000] {logging_mixin.py:154} INFO - [2024-08-26T12:41:03.637+0000] {dagbag.py:536} INFO - Filling up the DagBag from /home/airflow/.local/lib/python3.8/site-packages/airflow/example_dags/example_kubernetes_executor.py
[2024-08-26T12:41:03.668+0000] {processor.py:839} INFO - DAG(s) dict_keys(['example_kubernetes_executor']) retrieved from /home/airflow/.local/lib/python3.8/site-packages/airflow/example_dags/example_kubernetes_executor.py
[2024-08-26T12:41:03.747+0000] {logging_mixin.py:154} INFO - [2024-08-26T12:41:03.747+0000] {dag.py:2941} INFO - Sync 1 DAGs
[2024-08-26T12:41:03.773+0000] {logging_mixin.py:154} INFO - [2024-08-26T12:41:03.772+0000] {dag.py:3722} INFO - Setting next_dagrun for example_kubernetes_executor to None, run_after=None
[2024-08-26T12:41:03.812+0000] {processor.py:179} INFO - Processing /home/airflow/.local/lib/python3.8/site-packages/airflow/example_dags/example_kubernetes_executor.py took 0.187 seconds
[2024-08-26T12:41:34.001+0000] {processor.py:157} INFO - Started process (PID=768) to work on /home/airflow/.local/lib/python3.8/site-packages/airflow/example_dags/example_kubernetes_executor.py
[2024-08-26T12:41:34.003+0000] {processor.py:829} INFO - Processing file /home/airflow/.local/lib/python3.8/site-packages/airflow/example_dags/example_kubernetes_executor.py for tasks to queue
[2024-08-26T12:41:34.007+0000] {logging_mixin.py:154} INFO - [2024-08-26T12:41:34.006+0000] {dagbag.py:536} INFO - Filling up the DagBag from /home/airflow/.local/lib/python3.8/site-packages/airflow/example_dags/example_kubernetes_executor.py
[2024-08-26T12:41:34.038+0000] {processor.py:839} INFO - DAG(s) dict_keys(['example_kubernetes_executor']) retrieved from /home/airflow/.local/lib/python3.8/site-packages/airflow/example_dags/example_kubernetes_executor.py
[2024-08-26T12:41:34.106+0000] {logging_mixin.py:154} INFO - [2024-08-26T12:41:34.106+0000] {dag.py:2941} INFO - Sync 1 DAGs
[2024-08-26T12:41:34.131+0000] {logging_mixin.py:154} INFO - [2024-08-26T12:41:34.131+0000] {dag.py:3722} INFO - Setting next_dagrun for example_kubernetes_executor to None, run_after=None
[2024-08-26T12:41:34.179+0000] {processor.py:179} INFO - Processing /home/airflow/.local/lib/python3.8/site-packages/airflow/example_dags/example_kubernetes_executor.py took 0.186 seconds
[2024-08-26T12:42:04.658+0000] {processor.py:157} INFO - Started process (PID=834) to work on /home/airflow/.local/lib/python3.8/site-packages/airflow/example_dags/example_kubernetes_executor.py
[2024-08-26T12:42:04.659+0000] {processor.py:829} INFO - Processing file /home/airflow/.local/lib/python3.8/site-packages/airflow/example_dags/example_kubernetes_executor.py for tasks to queue
[2024-08-26T12:42:04.663+0000] {logging_mixin.py:154} INFO - [2024-08-26T12:42:04.663+0000] {dagbag.py:536} INFO - Filling up the DagBag from /home/airflow/.local/lib/python3.8/site-packages/airflow/example_dags/example_kubernetes_executor.py
[2024-08-26T12:42:04.692+0000] {processor.py:839} INFO - DAG(s) dict_keys(['example_kubernetes_executor']) retrieved from /home/airflow/.local/lib/python3.8/site-packages/airflow/example_dags/example_kubernetes_executor.py
[2024-08-26T12:42:04.754+0000] {logging_mixin.py:154} INFO - [2024-08-26T12:42:04.753+0000] {dag.py:2941} INFO - Sync 1 DAGs
[2024-08-26T12:42:04.776+0000] {logging_mixin.py:154} INFO - [2024-08-26T12:42:04.776+0000] {dag.py:3722} INFO - Setting next_dagrun for example_kubernetes_executor to None, run_after=None
[2024-08-26T12:42:04.811+0000] {processor.py:179} INFO - Processing /home/airflow/.local/lib/python3.8/site-packages/airflow/example_dags/example_kubernetes_executor.py took 0.159 seconds
[2024-08-26T12:42:35.582+0000] {processor.py:157} INFO - Started process (PID=900) to work on /home/airflow/.local/lib/python3.8/site-packages/airflow/example_dags/example_kubernetes_executor.py
[2024-08-26T12:42:35.584+0000] {processor.py:829} INFO - Processing file /home/airflow/.local/lib/python3.8/site-packages/airflow/example_dags/example_kubernetes_executor.py for tasks to queue
[2024-08-26T12:42:35.587+0000] {logging_mixin.py:154} INFO - [2024-08-26T12:42:35.587+0000] {dagbag.py:536} INFO - Filling up the DagBag from /home/airflow/.local/lib/python3.8/site-packages/airflow/example_dags/example_kubernetes_executor.py
[2024-08-26T12:42:35.614+0000] {processor.py:839} INFO - DAG(s) dict_keys(['example_kubernetes_executor']) retrieved from /home/airflow/.local/lib/python3.8/site-packages/airflow/example_dags/example_kubernetes_executor.py
[2024-08-26T12:42:35.680+0000] {logging_mixin.py:154} INFO - [2024-08-26T12:42:35.680+0000] {dag.py:2941} INFO - Sync 1 DAGs
[2024-08-26T12:42:35.707+0000] {logging_mixin.py:154} INFO - [2024-08-26T12:42:35.706+0000] {dag.py:3722} INFO - Setting next_dagrun for example_kubernetes_executor to None, run_after=None
[2024-08-26T12:42:35.743+0000] {processor.py:179} INFO - Processing /home/airflow/.local/lib/python3.8/site-packages/airflow/example_dags/example_kubernetes_executor.py took 0.167 seconds
[2024-08-26T12:43:06.309+0000] {processor.py:157} INFO - Started process (PID=966) to work on /home/airflow/.local/lib/python3.8/site-packages/airflow/example_dags/example_kubernetes_executor.py
[2024-08-26T12:43:06.310+0000] {processor.py:829} INFO - Processing file /home/airflow/.local/lib/python3.8/site-packages/airflow/example_dags/example_kubernetes_executor.py for tasks to queue
[2024-08-26T12:43:06.314+0000] {logging_mixin.py:154} INFO - [2024-08-26T12:43:06.313+0000] {dagbag.py:536} INFO - Filling up the DagBag from /home/airflow/.local/lib/python3.8/site-packages/airflow/example_dags/example_kubernetes_executor.py
[2024-08-26T12:43:06.337+0000] {processor.py:839} INFO - DAG(s) dict_keys(['example_kubernetes_executor']) retrieved from /home/airflow/.local/lib/python3.8/site-packages/airflow/example_dags/example_kubernetes_executor.py
[2024-08-26T12:43:06.396+0000] {logging_mixin.py:154} INFO - [2024-08-26T12:43:06.396+0000] {dag.py:2941} INFO - Sync 1 DAGs
[2024-08-26T12:43:06.425+0000] {logging_mixin.py:154} INFO - [2024-08-26T12:43:06.425+0000] {dag.py:3722} INFO - Setting next_dagrun for example_kubernetes_executor to None, run_after=None
[2024-08-26T12:43:06.499+0000] {processor.py:179} INFO - Processing /home/airflow/.local/lib/python3.8/site-packages/airflow/example_dags/example_kubernetes_executor.py took 0.196 seconds
[2024-08-26T12:43:37.553+0000] {processor.py:157} INFO - Started process (PID=1044) to work on /home/airflow/.local/lib/python3.8/site-packages/airflow/example_dags/example_kubernetes_executor.py
[2024-08-26T12:43:37.554+0000] {processor.py:829} INFO - Processing file /home/airflow/.local/lib/python3.8/site-packages/airflow/example_dags/example_kubernetes_executor.py for tasks to queue
[2024-08-26T12:43:37.558+0000] {logging_mixin.py:154} INFO - [2024-08-26T12:43:37.557+0000] {dagbag.py:536} INFO - Filling up the DagBag from /home/airflow/.local/lib/python3.8/site-packages/airflow/example_dags/example_kubernetes_executor.py
[2024-08-26T12:43:37.581+0000] {processor.py:839} INFO - DAG(s) dict_keys(['example_kubernetes_executor']) retrieved from /home/airflow/.local/lib/python3.8/site-packages/airflow/example_dags/example_kubernetes_executor.py
[2024-08-26T12:43:37.639+0000] {logging_mixin.py:154} INFO - [2024-08-26T12:43:37.638+0000] {dag.py:2941} INFO - Sync 1 DAGs
[2024-08-26T12:43:37.662+0000] {logging_mixin.py:154} INFO - [2024-08-26T12:43:37.661+0000] {dag.py:3722} INFO - Setting next_dagrun for example_kubernetes_executor to None, run_after=None
[2024-08-26T12:43:37.734+0000] {processor.py:179} INFO - Processing /home/airflow/.local/lib/python3.8/site-packages/airflow/example_dags/example_kubernetes_executor.py took 0.186 seconds
[2024-08-26T12:44:08.268+0000] {processor.py:157} INFO - Started process (PID=1110) to work on /home/airflow/.local/lib/python3.8/site-packages/airflow/example_dags/example_kubernetes_executor.py
[2024-08-26T12:44:08.270+0000] {processor.py:829} INFO - Processing file /home/airflow/.local/lib/python3.8/site-packages/airflow/example_dags/example_kubernetes_executor.py for tasks to queue
[2024-08-26T12:44:08.273+0000] {logging_mixin.py:154} INFO - [2024-08-26T12:44:08.273+0000] {dagbag.py:536} INFO - Filling up the DagBag from /home/airflow/.local/lib/python3.8/site-packages/airflow/example_dags/example_kubernetes_executor.py
[2024-08-26T12:44:08.296+0000] {processor.py:839} INFO - DAG(s) dict_keys(['example_kubernetes_executor']) retrieved from /home/airflow/.local/lib/python3.8/site-packages/airflow/example_dags/example_kubernetes_executor.py
[2024-08-26T12:44:08.359+0000] {logging_mixin.py:154} INFO - [2024-08-26T12:44:08.358+0000] {dag.py:2941} INFO - Sync 1 DAGs
[2024-08-26T12:44:08.383+0000] {logging_mixin.py:154} INFO - [2024-08-26T12:44:08.383+0000] {dag.py:3722} INFO - Setting next_dagrun for example_kubernetes_executor to None, run_after=None
[2024-08-26T12:44:08.419+0000] {processor.py:179} INFO - Processing /home/airflow/.local/lib/python3.8/site-packages/airflow/example_dags/example_kubernetes_executor.py took 0.156 seconds
[2024-08-26T12:44:39.359+0000] {processor.py:157} INFO - Started process (PID=1177) to work on /home/airflow/.local/lib/python3.8/site-packages/airflow/example_dags/example_kubernetes_executor.py
[2024-08-26T12:44:39.360+0000] {processor.py:829} INFO - Processing file /home/airflow/.local/lib/python3.8/site-packages/airflow/example_dags/example_kubernetes_executor.py for tasks to queue
[2024-08-26T12:44:39.364+0000] {logging_mixin.py:154} INFO - [2024-08-26T12:44:39.364+0000] {dagbag.py:536} INFO - Filling up the DagBag from /home/airflow/.local/lib/python3.8/site-packages/airflow/example_dags/example_kubernetes_executor.py
[2024-08-26T12:44:39.393+0000] {processor.py:839} INFO - DAG(s) dict_keys(['example_kubernetes_executor']) retrieved from /home/airflow/.local/lib/python3.8/site-packages/airflow/example_dags/example_kubernetes_executor.py
[2024-08-26T12:44:39.450+0000] {logging_mixin.py:154} INFO - [2024-08-26T12:44:39.449+0000] {dag.py:2941} INFO - Sync 1 DAGs
[2024-08-26T12:44:39.477+0000] {logging_mixin.py:154} INFO - [2024-08-26T12:44:39.477+0000] {dag.py:3722} INFO - Setting next_dagrun for example_kubernetes_executor to None, run_after=None
[2024-08-26T12:44:39.511+0000] {processor.py:179} INFO - Processing /home/airflow/.local/lib/python3.8/site-packages/airflow/example_dags/example_kubernetes_executor.py took 0.158 seconds
[2024-08-26T12:45:10.479+0000] {processor.py:157} INFO - Started process (PID=1243) to work on /home/airflow/.local/lib/python3.8/site-packages/airflow/example_dags/example_kubernetes_executor.py
[2024-08-26T12:45:10.480+0000] {processor.py:829} INFO - Processing file /home/airflow/.local/lib/python3.8/site-packages/airflow/example_dags/example_kubernetes_executor.py for tasks to queue
[2024-08-26T12:45:10.483+0000] {logging_mixin.py:154} INFO - [2024-08-26T12:45:10.483+0000] {dagbag.py:536} INFO - Filling up the DagBag from /home/airflow/.local/lib/python3.8/site-packages/airflow/example_dags/example_kubernetes_executor.py
[2024-08-26T12:45:10.505+0000] {processor.py:839} INFO - DAG(s) dict_keys(['example_kubernetes_executor']) retrieved from /home/airflow/.local/lib/python3.8/site-packages/airflow/example_dags/example_kubernetes_executor.py
[2024-08-26T12:45:10.564+0000] {logging_mixin.py:154} INFO - [2024-08-26T12:45:10.563+0000] {dag.py:2941} INFO - Sync 1 DAGs
[2024-08-26T12:45:10.593+0000] {logging_mixin.py:154} INFO - [2024-08-26T12:45:10.593+0000] {dag.py:3722} INFO - Setting next_dagrun for example_kubernetes_executor to None, run_after=None
[2024-08-26T12:45:10.669+0000] {processor.py:179} INFO - Processing /home/airflow/.local/lib/python3.8/site-packages/airflow/example_dags/example_kubernetes_executor.py took 0.196 seconds
[2024-08-26T12:45:40.878+0000] {processor.py:157} INFO - Started process (PID=1307) to work on /home/airflow/.local/lib/python3.8/site-packages/airflow/example_dags/example_kubernetes_executor.py
[2024-08-26T12:45:40.880+0000] {processor.py:829} INFO - Processing file /home/airflow/.local/lib/python3.8/site-packages/airflow/example_dags/example_kubernetes_executor.py for tasks to queue
[2024-08-26T12:45:40.884+0000] {logging_mixin.py:154} INFO - [2024-08-26T12:45:40.883+0000] {dagbag.py:536} INFO - Filling up the DagBag from /home/airflow/.local/lib/python3.8/site-packages/airflow/example_dags/example_kubernetes_executor.py
[2024-08-26T12:45:40.914+0000] {processor.py:839} INFO - DAG(s) dict_keys(['example_kubernetes_executor']) retrieved from /home/airflow/.local/lib/python3.8/site-packages/airflow/example_dags/example_kubernetes_executor.py
[2024-08-26T12:45:40.978+0000] {logging_mixin.py:154} INFO - [2024-08-26T12:45:40.978+0000] {dag.py:2941} INFO - Sync 1 DAGs
[2024-08-26T12:45:41.004+0000] {logging_mixin.py:154} INFO - [2024-08-26T12:45:41.004+0000] {dag.py:3722} INFO - Setting next_dagrun for example_kubernetes_executor to None, run_after=None
[2024-08-26T12:45:41.042+0000] {processor.py:179} INFO - Processing /home/airflow/.local/lib/python3.8/site-packages/airflow/example_dags/example_kubernetes_executor.py took 0.171 seconds
[2024-08-26T12:46:11.390+0000] {processor.py:157} INFO - Started process (PID=1373) to work on /home/airflow/.local/lib/python3.8/site-packages/airflow/example_dags/example_kubernetes_executor.py
[2024-08-26T12:46:11.391+0000] {processor.py:829} INFO - Processing file /home/airflow/.local/lib/python3.8/site-packages/airflow/example_dags/example_kubernetes_executor.py for tasks to queue
[2024-08-26T12:46:11.395+0000] {logging_mixin.py:154} INFO - [2024-08-26T12:46:11.394+0000] {dagbag.py:536} INFO - Filling up the DagBag from /home/airflow/.local/lib/python3.8/site-packages/airflow/example_dags/example_kubernetes_executor.py
[2024-08-26T12:46:11.420+0000] {processor.py:839} INFO - DAG(s) dict_keys(['example_kubernetes_executor']) retrieved from /home/airflow/.local/lib/python3.8/site-packages/airflow/example_dags/example_kubernetes_executor.py
[2024-08-26T12:46:11.483+0000] {logging_mixin.py:154} INFO - [2024-08-26T12:46:11.483+0000] {dag.py:2941} INFO - Sync 1 DAGs
[2024-08-26T12:46:11.509+0000] {logging_mixin.py:154} INFO - [2024-08-26T12:46:11.509+0000] {dag.py:3722} INFO - Setting next_dagrun for example_kubernetes_executor to None, run_after=None
[2024-08-26T12:46:11.584+0000] {processor.py:179} INFO - Processing /home/airflow/.local/lib/python3.8/site-packages/airflow/example_dags/example_kubernetes_executor.py took 0.200 seconds
[2024-08-26T12:46:42.027+0000] {processor.py:157} INFO - Started process (PID=1439) to work on /home/airflow/.local/lib/python3.8/site-packages/airflow/example_dags/example_kubernetes_executor.py
[2024-08-26T12:46:42.029+0000] {processor.py:829} INFO - Processing file /home/airflow/.local/lib/python3.8/site-packages/airflow/example_dags/example_kubernetes_executor.py for tasks to queue
[2024-08-26T12:46:42.033+0000] {logging_mixin.py:154} INFO - [2024-08-26T12:46:42.033+0000] {dagbag.py:536} INFO - Filling up the DagBag from /home/airflow/.local/lib/python3.8/site-packages/airflow/example_dags/example_kubernetes_executor.py
[2024-08-26T12:46:42.058+0000] {processor.py:839} INFO - DAG(s) dict_keys(['example_kubernetes_executor']) retrieved from /home/airflow/.local/lib/python3.8/site-packages/airflow/example_dags/example_kubernetes_executor.py
[2024-08-26T12:46:42.119+0000] {logging_mixin.py:154} INFO - [2024-08-26T12:46:42.119+0000] {dag.py:2941} INFO - Sync 1 DAGs
[2024-08-26T12:46:42.142+0000] {logging_mixin.py:154} INFO - [2024-08-26T12:46:42.142+0000] {dag.py:3722} INFO - Setting next_dagrun for example_kubernetes_executor to None, run_after=None
[2024-08-26T12:46:42.214+0000] {processor.py:179} INFO - Processing /home/airflow/.local/lib/python3.8/site-packages/airflow/example_dags/example_kubernetes_executor.py took 0.192 seconds
[2024-08-26T12:47:12.471+0000] {processor.py:157} INFO - Started process (PID=1506) to work on /home/airflow/.local/lib/python3.8/site-packages/airflow/example_dags/example_kubernetes_executor.py
[2024-08-26T12:47:12.473+0000] {processor.py:829} INFO - Processing file /home/airflow/.local/lib/python3.8/site-packages/airflow/example_dags/example_kubernetes_executor.py for tasks to queue
[2024-08-26T12:47:12.478+0000] {logging_mixin.py:154} INFO - [2024-08-26T12:47:12.478+0000] {dagbag.py:536} INFO - Filling up the DagBag from /home/airflow/.local/lib/python3.8/site-packages/airflow/example_dags/example_kubernetes_executor.py
[2024-08-26T12:47:12.506+0000] {processor.py:839} INFO - DAG(s) dict_keys(['example_kubernetes_executor']) retrieved from /home/airflow/.local/lib/python3.8/site-packages/airflow/example_dags/example_kubernetes_executor.py
[2024-08-26T12:47:12.574+0000] {logging_mixin.py:154} INFO - [2024-08-26T12:47:12.574+0000] {dag.py:2941} INFO - Sync 1 DAGs
[2024-08-26T12:47:12.600+0000] {logging_mixin.py:154} INFO - [2024-08-26T12:47:12.599+0000] {dag.py:3722} INFO - Setting next_dagrun for example_kubernetes_executor to None, run_after=None
[2024-08-26T12:47:12.674+0000] {processor.py:179} INFO - Processing /home/airflow/.local/lib/python3.8/site-packages/airflow/example_dags/example_kubernetes_executor.py took 0.211 seconds
[2024-08-26T12:47:43.295+0000] {processor.py:157} INFO - Started process (PID=1572) to work on /home/airflow/.local/lib/python3.8/site-packages/airflow/example_dags/example_kubernetes_executor.py
[2024-08-26T12:47:43.297+0000] {processor.py:829} INFO - Processing file /home/airflow/.local/lib/python3.8/site-packages/airflow/example_dags/example_kubernetes_executor.py for tasks to queue
[2024-08-26T12:47:43.301+0000] {logging_mixin.py:154} INFO - [2024-08-26T12:47:43.300+0000] {dagbag.py:536} INFO - Filling up the DagBag from /home/airflow/.local/lib/python3.8/site-packages/airflow/example_dags/example_kubernetes_executor.py
[2024-08-26T12:47:43.329+0000] {processor.py:839} INFO - DAG(s) dict_keys(['example_kubernetes_executor']) retrieved from /home/airflow/.local/lib/python3.8/site-packages/airflow/example_dags/example_kubernetes_executor.py
[2024-08-26T12:47:43.396+0000] {logging_mixin.py:154} INFO - [2024-08-26T12:47:43.395+0000] {dag.py:2941} INFO - Sync 1 DAGs
[2024-08-26T12:47:43.422+0000] {logging_mixin.py:154} INFO - [2024-08-26T12:47:43.421+0000] {dag.py:3722} INFO - Setting next_dagrun for example_kubernetes_executor to None, run_after=None
[2024-08-26T12:47:43.499+0000] {processor.py:179} INFO - Processing /home/airflow/.local/lib/python3.8/site-packages/airflow/example_dags/example_kubernetes_executor.py took 0.210 seconds
[2024-08-26T12:48:14.102+0000] {processor.py:157} INFO - Started process (PID=1638) to work on /home/airflow/.local/lib/python3.8/site-packages/airflow/example_dags/example_kubernetes_executor.py
[2024-08-26T12:48:14.104+0000] {processor.py:829} INFO - Processing file /home/airflow/.local/lib/python3.8/site-packages/airflow/example_dags/example_kubernetes_executor.py for tasks to queue
[2024-08-26T12:48:14.107+0000] {logging_mixin.py:154} INFO - [2024-08-26T12:48:14.107+0000] {dagbag.py:536} INFO - Filling up the DagBag from /home/airflow/.local/lib/python3.8/site-packages/airflow/example_dags/example_kubernetes_executor.py
[2024-08-26T12:48:14.139+0000] {processor.py:839} INFO - DAG(s) dict_keys(['example_kubernetes_executor']) retrieved from /home/airflow/.local/lib/python3.8/site-packages/airflow/example_dags/example_kubernetes_executor.py
[2024-08-26T12:48:14.196+0000] {logging_mixin.py:154} INFO - [2024-08-26T12:48:14.196+0000] {dag.py:2941} INFO - Sync 1 DAGs
[2024-08-26T12:48:14.225+0000] {logging_mixin.py:154} INFO - [2024-08-26T12:48:14.224+0000] {dag.py:3722} INFO - Setting next_dagrun for example_kubernetes_executor to None, run_after=None
[2024-08-26T12:48:14.303+0000] {processor.py:179} INFO - Processing /home/airflow/.local/lib/python3.8/site-packages/airflow/example_dags/example_kubernetes_executor.py took 0.207 seconds
[2024-08-26T12:49:39.405+0000] {processor.py:157} INFO - Started process (PID=1706) to work on /home/airflow/.local/lib/python3.8/site-packages/airflow/example_dags/example_kubernetes_executor.py
[2024-08-26T12:49:39.407+0000] {processor.py:829} INFO - Processing file /home/airflow/.local/lib/python3.8/site-packages/airflow/example_dags/example_kubernetes_executor.py for tasks to queue
[2024-08-26T12:49:39.413+0000] {logging_mixin.py:154} INFO - [2024-08-26T12:49:39.412+0000] {dagbag.py:536} INFO - Filling up the DagBag from /home/airflow/.local/lib/python3.8/site-packages/airflow/example_dags/example_kubernetes_executor.py
[2024-08-26T12:49:39.446+0000] {processor.py:839} INFO - DAG(s) dict_keys(['example_kubernetes_executor']) retrieved from /home/airflow/.local/lib/python3.8/site-packages/airflow/example_dags/example_kubernetes_executor.py
[2024-08-26T12:49:39.512+0000] {logging_mixin.py:154} INFO - [2024-08-26T12:49:39.511+0000] {dag.py:2941} INFO - Sync 1 DAGs
[2024-08-26T12:49:39.552+0000] {logging_mixin.py:154} INFO - [2024-08-26T12:49:39.552+0000] {dag.py:3722} INFO - Setting next_dagrun for example_kubernetes_executor to None, run_after=None
[2024-08-26T12:49:39.612+0000] {processor.py:179} INFO - Processing /home/airflow/.local/lib/python3.8/site-packages/airflow/example_dags/example_kubernetes_executor.py took 0.213 seconds
[2024-08-26T12:50:10.887+0000] {processor.py:157} INFO - Started process (PID=1772) to work on /home/airflow/.local/lib/python3.8/site-packages/airflow/example_dags/example_kubernetes_executor.py
[2024-08-26T12:50:10.889+0000] {processor.py:829} INFO - Processing file /home/airflow/.local/lib/python3.8/site-packages/airflow/example_dags/example_kubernetes_executor.py for tasks to queue
[2024-08-26T12:50:10.892+0000] {logging_mixin.py:154} INFO - [2024-08-26T12:50:10.891+0000] {dagbag.py:536} INFO - Filling up the DagBag from /home/airflow/.local/lib/python3.8/site-packages/airflow/example_dags/example_kubernetes_executor.py
[2024-08-26T12:50:10.921+0000] {processor.py:839} INFO - DAG(s) dict_keys(['example_kubernetes_executor']) retrieved from /home/airflow/.local/lib/python3.8/site-packages/airflow/example_dags/example_kubernetes_executor.py
[2024-08-26T12:50:10.990+0000] {logging_mixin.py:154} INFO - [2024-08-26T12:50:10.989+0000] {dag.py:2941} INFO - Sync 1 DAGs
[2024-08-26T12:50:11.019+0000] {logging_mixin.py:154} INFO - [2024-08-26T12:50:11.019+0000] {dag.py:3722} INFO - Setting next_dagrun for example_kubernetes_executor to None, run_after=None
[2024-08-26T12:50:11.100+0000] {processor.py:179} INFO - Processing /home/airflow/.local/lib/python3.8/site-packages/airflow/example_dags/example_kubernetes_executor.py took 0.219 seconds
[2024-08-26T12:50:42.391+0000] {processor.py:157} INFO - Started process (PID=1840) to work on /home/airflow/.local/lib/python3.8/site-packages/airflow/example_dags/example_kubernetes_executor.py
[2024-08-26T12:50:42.393+0000] {processor.py:829} INFO - Processing file /home/airflow/.local/lib/python3.8/site-packages/airflow/example_dags/example_kubernetes_executor.py for tasks to queue
[2024-08-26T12:50:42.396+0000] {logging_mixin.py:154} INFO - [2024-08-26T12:50:42.396+0000] {dagbag.py:536} INFO - Filling up the DagBag from /home/airflow/.local/lib/python3.8/site-packages/airflow/example_dags/example_kubernetes_executor.py
[2024-08-26T12:50:42.425+0000] {processor.py:839} INFO - DAG(s) dict_keys(['example_kubernetes_executor']) retrieved from /home/airflow/.local/lib/python3.8/site-packages/airflow/example_dags/example_kubernetes_executor.py
[2024-08-26T12:50:42.491+0000] {logging_mixin.py:154} INFO - [2024-08-26T12:50:42.491+0000] {dag.py:2941} INFO - Sync 1 DAGs
[2024-08-26T12:50:42.519+0000] {logging_mixin.py:154} INFO - [2024-08-26T12:50:42.519+0000] {dag.py:3722} INFO - Setting next_dagrun for example_kubernetes_executor to None, run_after=None
[2024-08-26T12:50:42.598+0000] {processor.py:179} INFO - Processing /home/airflow/.local/lib/python3.8/site-packages/airflow/example_dags/example_kubernetes_executor.py took 0.213 seconds
[2024-08-26T12:51:13.825+0000] {processor.py:157} INFO - Started process (PID=1904) to work on /home/airflow/.local/lib/python3.8/site-packages/airflow/example_dags/example_kubernetes_executor.py
[2024-08-26T12:51:13.826+0000] {processor.py:829} INFO - Processing file /home/airflow/.local/lib/python3.8/site-packages/airflow/example_dags/example_kubernetes_executor.py for tasks to queue
[2024-08-26T12:51:13.830+0000] {logging_mixin.py:154} INFO - [2024-08-26T12:51:13.829+0000] {dagbag.py:536} INFO - Filling up the DagBag from /home/airflow/.local/lib/python3.8/site-packages/airflow/example_dags/example_kubernetes_executor.py
[2024-08-26T12:51:13.854+0000] {processor.py:839} INFO - DAG(s) dict_keys(['example_kubernetes_executor']) retrieved from /home/airflow/.local/lib/python3.8/site-packages/airflow/example_dags/example_kubernetes_executor.py
[2024-08-26T12:51:13.922+0000] {logging_mixin.py:154} INFO - [2024-08-26T12:51:13.922+0000] {dag.py:2941} INFO - Sync 1 DAGs
[2024-08-26T12:51:13.950+0000] {logging_mixin.py:154} INFO - [2024-08-26T12:51:13.949+0000] {dag.py:3722} INFO - Setting next_dagrun for example_kubernetes_executor to None, run_after=None
[2024-08-26T12:51:14.025+0000] {processor.py:179} INFO - Processing /home/airflow/.local/lib/python3.8/site-packages/airflow/example_dags/example_kubernetes_executor.py took 0.205 seconds
[2024-08-26T12:51:45.303+0000] {processor.py:157} INFO - Started process (PID=1971) to work on /home/airflow/.local/lib/python3.8/site-packages/airflow/example_dags/example_kubernetes_executor.py
[2024-08-26T12:51:45.304+0000] {processor.py:829} INFO - Processing file /home/airflow/.local/lib/python3.8/site-packages/airflow/example_dags/example_kubernetes_executor.py for tasks to queue
[2024-08-26T12:51:45.308+0000] {logging_mixin.py:154} INFO - [2024-08-26T12:51:45.307+0000] {dagbag.py:536} INFO - Filling up the DagBag from /home/airflow/.local/lib/python3.8/site-packages/airflow/example_dags/example_kubernetes_executor.py
[2024-08-26T12:51:45.332+0000] {processor.py:839} INFO - DAG(s) dict_keys(['example_kubernetes_executor']) retrieved from /home/airflow/.local/lib/python3.8/site-packages/airflow/example_dags/example_kubernetes_executor.py
[2024-08-26T12:51:45.389+0000] {logging_mixin.py:154} INFO - [2024-08-26T12:51:45.389+0000] {dag.py:2941} INFO - Sync 1 DAGs
[2024-08-26T12:51:45.412+0000] {logging_mixin.py:154} INFO - [2024-08-26T12:51:45.412+0000] {dag.py:3722} INFO - Setting next_dagrun for example_kubernetes_executor to None, run_after=None
[2024-08-26T12:51:45.465+0000] {processor.py:179} INFO - Processing /home/airflow/.local/lib/python3.8/site-packages/airflow/example_dags/example_kubernetes_executor.py took 0.167 seconds
[2024-08-26T12:52:16.182+0000] {processor.py:157} INFO - Started process (PID=2037) to work on /home/airflow/.local/lib/python3.8/site-packages/airflow/example_dags/example_kubernetes_executor.py
[2024-08-26T12:52:16.184+0000] {processor.py:829} INFO - Processing file /home/airflow/.local/lib/python3.8/site-packages/airflow/example_dags/example_kubernetes_executor.py for tasks to queue
[2024-08-26T12:52:16.188+0000] {logging_mixin.py:154} INFO - [2024-08-26T12:52:16.187+0000] {dagbag.py:536} INFO - Filling up the DagBag from /home/airflow/.local/lib/python3.8/site-packages/airflow/example_dags/example_kubernetes_executor.py
[2024-08-26T12:52:16.220+0000] {processor.py:839} INFO - DAG(s) dict_keys(['example_kubernetes_executor']) retrieved from /home/airflow/.local/lib/python3.8/site-packages/airflow/example_dags/example_kubernetes_executor.py
[2024-08-26T12:52:16.294+0000] {logging_mixin.py:154} INFO - [2024-08-26T12:52:16.294+0000] {dag.py:2941} INFO - Sync 1 DAGs
[2024-08-26T12:52:16.317+0000] {logging_mixin.py:154} INFO - [2024-08-26T12:52:16.316+0000] {dag.py:3722} INFO - Setting next_dagrun for example_kubernetes_executor to None, run_after=None
[2024-08-26T12:52:16.351+0000] {processor.py:179} INFO - Processing /home/airflow/.local/lib/python3.8/site-packages/airflow/example_dags/example_kubernetes_executor.py took 0.176 seconds
[2024-08-26T12:52:46.657+0000] {processor.py:157} INFO - Started process (PID=2103) to work on /home/airflow/.local/lib/python3.8/site-packages/airflow/example_dags/example_kubernetes_executor.py
[2024-08-26T12:52:46.659+0000] {processor.py:829} INFO - Processing file /home/airflow/.local/lib/python3.8/site-packages/airflow/example_dags/example_kubernetes_executor.py for tasks to queue
[2024-08-26T12:52:46.662+0000] {logging_mixin.py:154} INFO - [2024-08-26T12:52:46.662+0000] {dagbag.py:536} INFO - Filling up the DagBag from /home/airflow/.local/lib/python3.8/site-packages/airflow/example_dags/example_kubernetes_executor.py
[2024-08-26T12:52:46.684+0000] {processor.py:839} INFO - DAG(s) dict_keys(['example_kubernetes_executor']) retrieved from /home/airflow/.local/lib/python3.8/site-packages/airflow/example_dags/example_kubernetes_executor.py
[2024-08-26T12:52:46.742+0000] {logging_mixin.py:154} INFO - [2024-08-26T12:52:46.742+0000] {dag.py:2941} INFO - Sync 1 DAGs
[2024-08-26T12:52:46.763+0000] {logging_mixin.py:154} INFO - [2024-08-26T12:52:46.763+0000] {dag.py:3722} INFO - Setting next_dagrun for example_kubernetes_executor to None, run_after=None
[2024-08-26T12:52:46.834+0000] {processor.py:179} INFO - Processing /home/airflow/.local/lib/python3.8/site-packages/airflow/example_dags/example_kubernetes_executor.py took 0.182 seconds
[2024-08-26T12:53:18.540+0000] {processor.py:157} INFO - Started process (PID=2169) to work on /home/airflow/.local/lib/python3.8/site-packages/airflow/example_dags/example_kubernetes_executor.py
[2024-08-26T12:53:18.542+0000] {processor.py:829} INFO - Processing file /home/airflow/.local/lib/python3.8/site-packages/airflow/example_dags/example_kubernetes_executor.py for tasks to queue
[2024-08-26T12:53:18.545+0000] {logging_mixin.py:154} INFO - [2024-08-26T12:53:18.545+0000] {dagbag.py:536} INFO - Filling up the DagBag from /home/airflow/.local/lib/python3.8/site-packages/airflow/example_dags/example_kubernetes_executor.py
[2024-08-26T12:53:18.576+0000] {processor.py:839} INFO - DAG(s) dict_keys(['example_kubernetes_executor']) retrieved from /home/airflow/.local/lib/python3.8/site-packages/airflow/example_dags/example_kubernetes_executor.py
[2024-08-26T12:53:18.852+0000] {logging_mixin.py:154} INFO - [2024-08-26T12:53:18.852+0000] {dag.py:2941} INFO - Sync 1 DAGs
[2024-08-26T12:53:18.877+0000] {logging_mixin.py:154} INFO - [2024-08-26T12:53:18.877+0000] {dag.py:3722} INFO - Setting next_dagrun for example_kubernetes_executor to None, run_after=None
[2024-08-26T12:53:18.955+0000] {processor.py:179} INFO - Processing /home/airflow/.local/lib/python3.8/site-packages/airflow/example_dags/example_kubernetes_executor.py took 0.423 seconds
[2024-08-26T12:54:03.551+0000] {processor.py:157} INFO - Started process (PID=2233) to work on /home/airflow/.local/lib/python3.8/site-packages/airflow/example_dags/example_kubernetes_executor.py
[2024-08-26T12:54:03.553+0000] {processor.py:829} INFO - Processing file /home/airflow/.local/lib/python3.8/site-packages/airflow/example_dags/example_kubernetes_executor.py for tasks to queue
[2024-08-26T12:54:03.558+0000] {logging_mixin.py:154} INFO - [2024-08-26T12:54:03.557+0000] {dagbag.py:536} INFO - Filling up the DagBag from /home/airflow/.local/lib/python3.8/site-packages/airflow/example_dags/example_kubernetes_executor.py
[2024-08-26T12:54:03.588+0000] {processor.py:839} INFO - DAG(s) dict_keys(['example_kubernetes_executor']) retrieved from /home/airflow/.local/lib/python3.8/site-packages/airflow/example_dags/example_kubernetes_executor.py
[2024-08-26T12:54:03.657+0000] {logging_mixin.py:154} INFO - [2024-08-26T12:54:03.656+0000] {dag.py:2941} INFO - Sync 1 DAGs
[2024-08-26T12:54:03.680+0000] {logging_mixin.py:154} INFO - [2024-08-26T12:54:03.680+0000] {dag.py:3722} INFO - Setting next_dagrun for example_kubernetes_executor to None, run_after=None
[2024-08-26T12:54:03.972+0000] {processor.py:179} INFO - Processing /home/airflow/.local/lib/python3.8/site-packages/airflow/example_dags/example_kubernetes_executor.py took 0.428 seconds
[2024-08-26T12:54:36.919+0000] {processor.py:157} INFO - Started process (PID=2300) to work on /home/airflow/.local/lib/python3.8/site-packages/airflow/example_dags/example_kubernetes_executor.py
[2024-08-26T12:54:36.921+0000] {processor.py:829} INFO - Processing file /home/airflow/.local/lib/python3.8/site-packages/airflow/example_dags/example_kubernetes_executor.py for tasks to queue
[2024-08-26T12:54:36.925+0000] {logging_mixin.py:154} INFO - [2024-08-26T12:54:36.924+0000] {dagbag.py:536} INFO - Filling up the DagBag from /home/airflow/.local/lib/python3.8/site-packages/airflow/example_dags/example_kubernetes_executor.py
[2024-08-26T12:54:36.951+0000] {processor.py:839} INFO - DAG(s) dict_keys(['example_kubernetes_executor']) retrieved from /home/airflow/.local/lib/python3.8/site-packages/airflow/example_dags/example_kubernetes_executor.py
[2024-08-26T12:54:37.019+0000] {logging_mixin.py:154} INFO - [2024-08-26T12:54:37.019+0000] {dag.py:2941} INFO - Sync 1 DAGs
[2024-08-26T12:54:37.046+0000] {logging_mixin.py:154} INFO - [2024-08-26T12:54:37.045+0000] {dag.py:3722} INFO - Setting next_dagrun for example_kubernetes_executor to None, run_after=None
[2024-08-26T12:54:37.120+0000] {processor.py:179} INFO - Processing /home/airflow/.local/lib/python3.8/site-packages/airflow/example_dags/example_kubernetes_executor.py took 0.207 seconds
[2024-08-26T12:55:10.608+0000] {processor.py:157} INFO - Started process (PID=2366) to work on /home/airflow/.local/lib/python3.8/site-packages/airflow/example_dags/example_kubernetes_executor.py
[2024-08-26T12:55:10.610+0000] {processor.py:829} INFO - Processing file /home/airflow/.local/lib/python3.8/site-packages/airflow/example_dags/example_kubernetes_executor.py for tasks to queue
[2024-08-26T12:55:10.613+0000] {logging_mixin.py:154} INFO - [2024-08-26T12:55:10.613+0000] {dagbag.py:536} INFO - Filling up the DagBag from /home/airflow/.local/lib/python3.8/site-packages/airflow/example_dags/example_kubernetes_executor.py
[2024-08-26T12:55:10.644+0000] {processor.py:839} INFO - DAG(s) dict_keys(['example_kubernetes_executor']) retrieved from /home/airflow/.local/lib/python3.8/site-packages/airflow/example_dags/example_kubernetes_executor.py
[2024-08-26T12:55:10.914+0000] {logging_mixin.py:154} INFO - [2024-08-26T12:55:10.913+0000] {dag.py:2941} INFO - Sync 1 DAGs
[2024-08-26T12:55:10.935+0000] {logging_mixin.py:154} INFO - [2024-08-26T12:55:10.935+0000] {dag.py:3722} INFO - Setting next_dagrun for example_kubernetes_executor to None, run_after=None
[2024-08-26T12:55:10.969+0000] {processor.py:179} INFO - Processing /home/airflow/.local/lib/python3.8/site-packages/airflow/example_dags/example_kubernetes_executor.py took 0.366 seconds
[2024-08-26T12:55:42.013+0000] {processor.py:157} INFO - Started process (PID=2432) to work on /home/airflow/.local/lib/python3.8/site-packages/airflow/example_dags/example_kubernetes_executor.py
[2024-08-26T12:55:42.015+0000] {processor.py:829} INFO - Processing file /home/airflow/.local/lib/python3.8/site-packages/airflow/example_dags/example_kubernetes_executor.py for tasks to queue
[2024-08-26T12:55:42.019+0000] {logging_mixin.py:154} INFO - [2024-08-26T12:55:42.018+0000] {dagbag.py:536} INFO - Filling up the DagBag from /home/airflow/.local/lib/python3.8/site-packages/airflow/example_dags/example_kubernetes_executor.py
[2024-08-26T12:55:42.049+0000] {processor.py:839} INFO - DAG(s) dict_keys(['example_kubernetes_executor']) retrieved from /home/airflow/.local/lib/python3.8/site-packages/airflow/example_dags/example_kubernetes_executor.py
[2024-08-26T12:55:42.333+0000] {logging_mixin.py:154} INFO - [2024-08-26T12:55:42.332+0000] {dag.py:2941} INFO - Sync 1 DAGs
[2024-08-26T12:55:42.354+0000] {logging_mixin.py:154} INFO - [2024-08-26T12:55:42.354+0000] {dag.py:3722} INFO - Setting next_dagrun for example_kubernetes_executor to None, run_after=None
[2024-08-26T12:55:42.432+0000] {processor.py:179} INFO - Processing /home/airflow/.local/lib/python3.8/site-packages/airflow/example_dags/example_kubernetes_executor.py took 0.426 seconds
[2024-08-26T12:56:12.954+0000] {processor.py:157} INFO - Started process (PID=2498) to work on /home/airflow/.local/lib/python3.8/site-packages/airflow/example_dags/example_kubernetes_executor.py
[2024-08-26T12:56:12.956+0000] {processor.py:829} INFO - Processing file /home/airflow/.local/lib/python3.8/site-packages/airflow/example_dags/example_kubernetes_executor.py for tasks to queue
[2024-08-26T12:56:12.959+0000] {logging_mixin.py:154} INFO - [2024-08-26T12:56:12.959+0000] {dagbag.py:536} INFO - Filling up the DagBag from /home/airflow/.local/lib/python3.8/site-packages/airflow/example_dags/example_kubernetes_executor.py
[2024-08-26T12:56:12.981+0000] {processor.py:839} INFO - DAG(s) dict_keys(['example_kubernetes_executor']) retrieved from /home/airflow/.local/lib/python3.8/site-packages/airflow/example_dags/example_kubernetes_executor.py
[2024-08-26T12:56:13.045+0000] {logging_mixin.py:154} INFO - [2024-08-26T12:56:13.044+0000] {dag.py:2941} INFO - Sync 1 DAGs
[2024-08-26T12:56:13.074+0000] {logging_mixin.py:154} INFO - [2024-08-26T12:56:13.074+0000] {dag.py:3722} INFO - Setting next_dagrun for example_kubernetes_executor to None, run_after=None
[2024-08-26T12:56:13.110+0000] {processor.py:179} INFO - Processing /home/airflow/.local/lib/python3.8/site-packages/airflow/example_dags/example_kubernetes_executor.py took 0.161 seconds
