[2024-08-26T08:44:55.050+0000] {processor.py:157} INFO - Started process (PID=84) to work on /home/airflow/.local/lib/python3.8/site-packages/airflow/example_dags/example_branch_day_of_week_operator.py
[2024-08-26T08:44:55.051+0000] {processor.py:829} INFO - Processing file /home/airflow/.local/lib/python3.8/site-packages/airflow/example_dags/example_branch_day_of_week_operator.py for tasks to queue
[2024-08-26T08:44:55.053+0000] {logging_mixin.py:154} INFO - [2024-08-26T08:44:55.053+0000] {dagbag.py:536} INFO - Filling up the DagBag from /home/airflow/.local/lib/python3.8/site-packages/airflow/example_dags/example_branch_day_of_week_operator.py
[2024-08-26T08:44:55.062+0000] {processor.py:839} INFO - DAG(s) dict_keys(['example_weekday_branch_operator']) retrieved from /home/airflow/.local/lib/python3.8/site-packages/airflow/example_dags/example_branch_day_of_week_operator.py
[2024-08-26T08:44:55.084+0000] {logging_mixin.py:154} INFO - [2024-08-26T08:44:55.083+0000] {dag.py:2941} INFO - Sync 1 DAGs
[2024-08-26T08:44:55.110+0000] {logging_mixin.py:154} INFO - [2024-08-26T08:44:55.109+0000] {dag.py:3722} INFO - Setting next_dagrun for example_weekday_branch_operator to 2024-08-25T00:00:00+00:00, run_after=2024-08-26T00:00:00+00:00
[2024-08-26T08:44:55.131+0000] {processor.py:179} INFO - Processing /home/airflow/.local/lib/python3.8/site-packages/airflow/example_dags/example_branch_day_of_week_operator.py took 0.085 seconds
[2024-08-26T12:36:21.028+0000] {processor.py:157} INFO - Started process (PID=93) to work on /home/airflow/.local/lib/python3.8/site-packages/airflow/example_dags/example_branch_day_of_week_operator.py
[2024-08-26T12:36:21.029+0000] {processor.py:829} INFO - Processing file /home/airflow/.local/lib/python3.8/site-packages/airflow/example_dags/example_branch_day_of_week_operator.py for tasks to queue
[2024-08-26T12:36:21.031+0000] {logging_mixin.py:154} INFO - [2024-08-26T12:36:21.031+0000] {dagbag.py:536} INFO - Filling up the DagBag from /home/airflow/.local/lib/python3.8/site-packages/airflow/example_dags/example_branch_day_of_week_operator.py
[2024-08-26T12:36:21.040+0000] {processor.py:839} INFO - DAG(s) dict_keys(['example_weekday_branch_operator']) retrieved from /home/airflow/.local/lib/python3.8/site-packages/airflow/example_dags/example_branch_day_of_week_operator.py
[2024-08-26T12:36:21.071+0000] {logging_mixin.py:154} INFO - [2024-08-26T12:36:21.071+0000] {dag.py:2941} INFO - Sync 1 DAGs
[2024-08-26T12:36:21.131+0000] {logging_mixin.py:154} INFO - [2024-08-26T12:36:21.131+0000] {dag.py:3722} INFO - Setting next_dagrun for example_weekday_branch_operator to 2024-08-25T00:00:00+00:00, run_after=2024-08-26T00:00:00+00:00
[2024-08-26T12:36:21.177+0000] {processor.py:179} INFO - Processing /home/airflow/.local/lib/python3.8/site-packages/airflow/example_dags/example_branch_day_of_week_operator.py took 0.153 seconds
[2024-08-26T12:36:53.609+0000] {processor.py:157} INFO - Started process (PID=167) to work on /home/airflow/.local/lib/python3.8/site-packages/airflow/example_dags/example_branch_day_of_week_operator.py
[2024-08-26T12:36:53.610+0000] {processor.py:829} INFO - Processing file /home/airflow/.local/lib/python3.8/site-packages/airflow/example_dags/example_branch_day_of_week_operator.py for tasks to queue
[2024-08-26T12:36:53.614+0000] {logging_mixin.py:154} INFO - [2024-08-26T12:36:53.613+0000] {dagbag.py:536} INFO - Filling up the DagBag from /home/airflow/.local/lib/python3.8/site-packages/airflow/example_dags/example_branch_day_of_week_operator.py
[2024-08-26T12:36:53.628+0000] {processor.py:839} INFO - DAG(s) dict_keys(['example_weekday_branch_operator']) retrieved from /home/airflow/.local/lib/python3.8/site-packages/airflow/example_dags/example_branch_day_of_week_operator.py
[2024-08-26T12:36:53.665+0000] {logging_mixin.py:154} INFO - [2024-08-26T12:36:53.664+0000] {dag.py:2941} INFO - Sync 1 DAGs
[2024-08-26T12:36:53.708+0000] {logging_mixin.py:154} INFO - [2024-08-26T12:36:53.708+0000] {dag.py:3722} INFO - Setting next_dagrun for example_weekday_branch_operator to 2024-08-25T00:00:00+00:00, run_after=2024-08-26T00:00:00+00:00
[2024-08-26T12:36:53.789+0000] {processor.py:179} INFO - Processing /home/airflow/.local/lib/python3.8/site-packages/airflow/example_dags/example_branch_day_of_week_operator.py took 0.187 seconds
[2024-08-26T12:37:24.963+0000] {processor.py:157} INFO - Started process (PID=233) to work on /home/airflow/.local/lib/python3.8/site-packages/airflow/example_dags/example_branch_day_of_week_operator.py
[2024-08-26T12:37:24.965+0000] {processor.py:829} INFO - Processing file /home/airflow/.local/lib/python3.8/site-packages/airflow/example_dags/example_branch_day_of_week_operator.py for tasks to queue
[2024-08-26T12:37:24.969+0000] {logging_mixin.py:154} INFO - [2024-08-26T12:37:24.969+0000] {dagbag.py:536} INFO - Filling up the DagBag from /home/airflow/.local/lib/python3.8/site-packages/airflow/example_dags/example_branch_day_of_week_operator.py
[2024-08-26T12:37:24.986+0000] {processor.py:839} INFO - DAG(s) dict_keys(['example_weekday_branch_operator']) retrieved from /home/airflow/.local/lib/python3.8/site-packages/airflow/example_dags/example_branch_day_of_week_operator.py
[2024-08-26T12:37:25.030+0000] {logging_mixin.py:154} INFO - [2024-08-26T12:37:25.030+0000] {dag.py:2941} INFO - Sync 1 DAGs
[2024-08-26T12:37:25.075+0000] {logging_mixin.py:154} INFO - [2024-08-26T12:37:25.075+0000] {dag.py:3722} INFO - Setting next_dagrun for example_weekday_branch_operator to 2024-08-25T00:00:00+00:00, run_after=2024-08-26T00:00:00+00:00
[2024-08-26T12:37:25.243+0000] {processor.py:179} INFO - Processing /home/airflow/.local/lib/python3.8/site-packages/airflow/example_dags/example_branch_day_of_week_operator.py took 0.286 seconds
[2024-08-26T12:37:55.866+0000] {processor.py:157} INFO - Started process (PID=299) to work on /home/airflow/.local/lib/python3.8/site-packages/airflow/example_dags/example_branch_day_of_week_operator.py
[2024-08-26T12:37:55.868+0000] {processor.py:829} INFO - Processing file /home/airflow/.local/lib/python3.8/site-packages/airflow/example_dags/example_branch_day_of_week_operator.py for tasks to queue
[2024-08-26T12:37:55.872+0000] {logging_mixin.py:154} INFO - [2024-08-26T12:37:55.872+0000] {dagbag.py:536} INFO - Filling up the DagBag from /home/airflow/.local/lib/python3.8/site-packages/airflow/example_dags/example_branch_day_of_week_operator.py
[2024-08-26T12:37:55.889+0000] {processor.py:839} INFO - DAG(s) dict_keys(['example_weekday_branch_operator']) retrieved from /home/airflow/.local/lib/python3.8/site-packages/airflow/example_dags/example_branch_day_of_week_operator.py
[2024-08-26T12:37:55.932+0000] {logging_mixin.py:154} INFO - [2024-08-26T12:37:55.931+0000] {dag.py:2941} INFO - Sync 1 DAGs
[2024-08-26T12:37:55.974+0000] {logging_mixin.py:154} INFO - [2024-08-26T12:37:55.974+0000] {dag.py:3722} INFO - Setting next_dagrun for example_weekday_branch_operator to 2024-08-25T00:00:00+00:00, run_after=2024-08-26T00:00:00+00:00
[2024-08-26T12:37:56.041+0000] {processor.py:179} INFO - Processing /home/airflow/.local/lib/python3.8/site-packages/airflow/example_dags/example_branch_day_of_week_operator.py took 0.180 seconds
[2024-08-26T12:38:26.898+0000] {processor.py:157} INFO - Started process (PID=366) to work on /home/airflow/.local/lib/python3.8/site-packages/airflow/example_dags/example_branch_day_of_week_operator.py
[2024-08-26T12:38:26.899+0000] {processor.py:829} INFO - Processing file /home/airflow/.local/lib/python3.8/site-packages/airflow/example_dags/example_branch_day_of_week_operator.py for tasks to queue
[2024-08-26T12:38:26.904+0000] {logging_mixin.py:154} INFO - [2024-08-26T12:38:26.903+0000] {dagbag.py:536} INFO - Filling up the DagBag from /home/airflow/.local/lib/python3.8/site-packages/airflow/example_dags/example_branch_day_of_week_operator.py
[2024-08-26T12:38:26.920+0000] {processor.py:839} INFO - DAG(s) dict_keys(['example_weekday_branch_operator']) retrieved from /home/airflow/.local/lib/python3.8/site-packages/airflow/example_dags/example_branch_day_of_week_operator.py
[2024-08-26T12:38:26.958+0000] {logging_mixin.py:154} INFO - [2024-08-26T12:38:26.958+0000] {dag.py:2941} INFO - Sync 1 DAGs
[2024-08-26T12:38:27.009+0000] {logging_mixin.py:154} INFO - [2024-08-26T12:38:27.009+0000] {dag.py:3722} INFO - Setting next_dagrun for example_weekday_branch_operator to 2024-08-25T00:00:00+00:00, run_after=2024-08-26T00:00:00+00:00
[2024-08-26T12:38:27.086+0000] {processor.py:179} INFO - Processing /home/airflow/.local/lib/python3.8/site-packages/airflow/example_dags/example_branch_day_of_week_operator.py took 0.193 seconds
[2024-08-26T12:38:57.959+0000] {processor.py:157} INFO - Started process (PID=432) to work on /home/airflow/.local/lib/python3.8/site-packages/airflow/example_dags/example_branch_day_of_week_operator.py
[2024-08-26T12:38:57.961+0000] {processor.py:829} INFO - Processing file /home/airflow/.local/lib/python3.8/site-packages/airflow/example_dags/example_branch_day_of_week_operator.py for tasks to queue
[2024-08-26T12:38:57.966+0000] {logging_mixin.py:154} INFO - [2024-08-26T12:38:57.965+0000] {dagbag.py:536} INFO - Filling up the DagBag from /home/airflow/.local/lib/python3.8/site-packages/airflow/example_dags/example_branch_day_of_week_operator.py
[2024-08-26T12:38:57.982+0000] {processor.py:839} INFO - DAG(s) dict_keys(['example_weekday_branch_operator']) retrieved from /home/airflow/.local/lib/python3.8/site-packages/airflow/example_dags/example_branch_day_of_week_operator.py
[2024-08-26T12:38:58.028+0000] {logging_mixin.py:154} INFO - [2024-08-26T12:38:58.027+0000] {dag.py:2941} INFO - Sync 1 DAGs
[2024-08-26T12:38:58.081+0000] {logging_mixin.py:154} INFO - [2024-08-26T12:38:58.080+0000] {dag.py:3722} INFO - Setting next_dagrun for example_weekday_branch_operator to 2024-08-25T00:00:00+00:00, run_after=2024-08-26T00:00:00+00:00
[2024-08-26T12:38:58.158+0000] {processor.py:179} INFO - Processing /home/airflow/.local/lib/python3.8/site-packages/airflow/example_dags/example_branch_day_of_week_operator.py took 0.205 seconds
[2024-08-26T12:39:29.032+0000] {processor.py:157} INFO - Started process (PID=498) to work on /home/airflow/.local/lib/python3.8/site-packages/airflow/example_dags/example_branch_day_of_week_operator.py
[2024-08-26T12:39:29.034+0000] {processor.py:829} INFO - Processing file /home/airflow/.local/lib/python3.8/site-packages/airflow/example_dags/example_branch_day_of_week_operator.py for tasks to queue
[2024-08-26T12:39:29.037+0000] {logging_mixin.py:154} INFO - [2024-08-26T12:39:29.037+0000] {dagbag.py:536} INFO - Filling up the DagBag from /home/airflow/.local/lib/python3.8/site-packages/airflow/example_dags/example_branch_day_of_week_operator.py
[2024-08-26T12:39:29.053+0000] {processor.py:839} INFO - DAG(s) dict_keys(['example_weekday_branch_operator']) retrieved from /home/airflow/.local/lib/python3.8/site-packages/airflow/example_dags/example_branch_day_of_week_operator.py
[2024-08-26T12:39:29.089+0000] {logging_mixin.py:154} INFO - [2024-08-26T12:39:29.088+0000] {dag.py:2941} INFO - Sync 1 DAGs
[2024-08-26T12:39:29.129+0000] {logging_mixin.py:154} INFO - [2024-08-26T12:39:29.128+0000] {dag.py:3722} INFO - Setting next_dagrun for example_weekday_branch_operator to 2024-08-25T00:00:00+00:00, run_after=2024-08-26T00:00:00+00:00
[2024-08-26T12:39:29.199+0000] {processor.py:179} INFO - Processing /home/airflow/.local/lib/python3.8/site-packages/airflow/example_dags/example_branch_day_of_week_operator.py took 0.172 seconds
[2024-08-26T12:40:00.644+0000] {processor.py:157} INFO - Started process (PID=564) to work on /home/airflow/.local/lib/python3.8/site-packages/airflow/example_dags/example_branch_day_of_week_operator.py
[2024-08-26T12:40:00.647+0000] {processor.py:829} INFO - Processing file /home/airflow/.local/lib/python3.8/site-packages/airflow/example_dags/example_branch_day_of_week_operator.py for tasks to queue
[2024-08-26T12:40:00.652+0000] {logging_mixin.py:154} INFO - [2024-08-26T12:40:00.652+0000] {dagbag.py:536} INFO - Filling up the DagBag from /home/airflow/.local/lib/python3.8/site-packages/airflow/example_dags/example_branch_day_of_week_operator.py
[2024-08-26T12:40:00.672+0000] {processor.py:839} INFO - DAG(s) dict_keys(['example_weekday_branch_operator']) retrieved from /home/airflow/.local/lib/python3.8/site-packages/airflow/example_dags/example_branch_day_of_week_operator.py
[2024-08-26T12:40:00.735+0000] {logging_mixin.py:154} INFO - [2024-08-26T12:40:00.735+0000] {dag.py:2941} INFO - Sync 1 DAGs
[2024-08-26T12:40:00.802+0000] {logging_mixin.py:154} INFO - [2024-08-26T12:40:00.802+0000] {dag.py:3722} INFO - Setting next_dagrun for example_weekday_branch_operator to 2024-08-25T00:00:00+00:00, run_after=2024-08-26T00:00:00+00:00
[2024-08-26T12:40:00.858+0000] {processor.py:179} INFO - Processing /home/airflow/.local/lib/python3.8/site-packages/airflow/example_dags/example_branch_day_of_week_operator.py took 0.223 seconds
[2024-08-26T12:40:31.489+0000] {processor.py:157} INFO - Started process (PID=629) to work on /home/airflow/.local/lib/python3.8/site-packages/airflow/example_dags/example_branch_day_of_week_operator.py
[2024-08-26T12:40:31.491+0000] {processor.py:829} INFO - Processing file /home/airflow/.local/lib/python3.8/site-packages/airflow/example_dags/example_branch_day_of_week_operator.py for tasks to queue
[2024-08-26T12:40:31.495+0000] {logging_mixin.py:154} INFO - [2024-08-26T12:40:31.494+0000] {dagbag.py:536} INFO - Filling up the DagBag from /home/airflow/.local/lib/python3.8/site-packages/airflow/example_dags/example_branch_day_of_week_operator.py
[2024-08-26T12:40:31.513+0000] {processor.py:839} INFO - DAG(s) dict_keys(['example_weekday_branch_operator']) retrieved from /home/airflow/.local/lib/python3.8/site-packages/airflow/example_dags/example_branch_day_of_week_operator.py
[2024-08-26T12:40:31.557+0000] {logging_mixin.py:154} INFO - [2024-08-26T12:40:31.557+0000] {dag.py:2941} INFO - Sync 1 DAGs
[2024-08-26T12:40:31.605+0000] {logging_mixin.py:154} INFO - [2024-08-26T12:40:31.604+0000] {dag.py:3722} INFO - Setting next_dagrun for example_weekday_branch_operator to 2024-08-25T00:00:00+00:00, run_after=2024-08-26T00:00:00+00:00
[2024-08-26T12:40:31.639+0000] {processor.py:179} INFO - Processing /home/airflow/.local/lib/python3.8/site-packages/airflow/example_dags/example_branch_day_of_week_operator.py took 0.157 seconds
[2024-08-26T12:41:02.687+0000] {processor.py:157} INFO - Started process (PID=695) to work on /home/airflow/.local/lib/python3.8/site-packages/airflow/example_dags/example_branch_day_of_week_operator.py
[2024-08-26T12:41:02.688+0000] {processor.py:829} INFO - Processing file /home/airflow/.local/lib/python3.8/site-packages/airflow/example_dags/example_branch_day_of_week_operator.py for tasks to queue
[2024-08-26T12:41:02.692+0000] {logging_mixin.py:154} INFO - [2024-08-26T12:41:02.691+0000] {dagbag.py:536} INFO - Filling up the DagBag from /home/airflow/.local/lib/python3.8/site-packages/airflow/example_dags/example_branch_day_of_week_operator.py
[2024-08-26T12:41:02.704+0000] {processor.py:839} INFO - DAG(s) dict_keys(['example_weekday_branch_operator']) retrieved from /home/airflow/.local/lib/python3.8/site-packages/airflow/example_dags/example_branch_day_of_week_operator.py
[2024-08-26T12:41:02.747+0000] {logging_mixin.py:154} INFO - [2024-08-26T12:41:02.746+0000] {dag.py:2941} INFO - Sync 1 DAGs
[2024-08-26T12:41:02.797+0000] {logging_mixin.py:154} INFO - [2024-08-26T12:41:02.797+0000] {dag.py:3722} INFO - Setting next_dagrun for example_weekday_branch_operator to 2024-08-25T00:00:00+00:00, run_after=2024-08-26T00:00:00+00:00
[2024-08-26T12:41:02.869+0000] {processor.py:179} INFO - Processing /home/airflow/.local/lib/python3.8/site-packages/airflow/example_dags/example_branch_day_of_week_operator.py took 0.188 seconds
[2024-08-26T12:41:33.074+0000] {processor.py:157} INFO - Started process (PID=761) to work on /home/airflow/.local/lib/python3.8/site-packages/airflow/example_dags/example_branch_day_of_week_operator.py
[2024-08-26T12:41:33.076+0000] {processor.py:829} INFO - Processing file /home/airflow/.local/lib/python3.8/site-packages/airflow/example_dags/example_branch_day_of_week_operator.py for tasks to queue
[2024-08-26T12:41:33.080+0000] {logging_mixin.py:154} INFO - [2024-08-26T12:41:33.080+0000] {dagbag.py:536} INFO - Filling up the DagBag from /home/airflow/.local/lib/python3.8/site-packages/airflow/example_dags/example_branch_day_of_week_operator.py
[2024-08-26T12:41:33.092+0000] {processor.py:839} INFO - DAG(s) dict_keys(['example_weekday_branch_operator']) retrieved from /home/airflow/.local/lib/python3.8/site-packages/airflow/example_dags/example_branch_day_of_week_operator.py
[2024-08-26T12:41:33.134+0000] {logging_mixin.py:154} INFO - [2024-08-26T12:41:33.133+0000] {dag.py:2941} INFO - Sync 1 DAGs
[2024-08-26T12:41:33.183+0000] {logging_mixin.py:154} INFO - [2024-08-26T12:41:33.183+0000] {dag.py:3722} INFO - Setting next_dagrun for example_weekday_branch_operator to 2024-08-25T00:00:00+00:00, run_after=2024-08-26T00:00:00+00:00
[2024-08-26T12:41:33.262+0000] {processor.py:179} INFO - Processing /home/airflow/.local/lib/python3.8/site-packages/airflow/example_dags/example_branch_day_of_week_operator.py took 0.192 seconds
[2024-08-26T12:42:03.975+0000] {processor.py:157} INFO - Started process (PID=827) to work on /home/airflow/.local/lib/python3.8/site-packages/airflow/example_dags/example_branch_day_of_week_operator.py
[2024-08-26T12:42:03.977+0000] {processor.py:829} INFO - Processing file /home/airflow/.local/lib/python3.8/site-packages/airflow/example_dags/example_branch_day_of_week_operator.py for tasks to queue
[2024-08-26T12:42:03.982+0000] {logging_mixin.py:154} INFO - [2024-08-26T12:42:03.981+0000] {dagbag.py:536} INFO - Filling up the DagBag from /home/airflow/.local/lib/python3.8/site-packages/airflow/example_dags/example_branch_day_of_week_operator.py
[2024-08-26T12:42:04.000+0000] {processor.py:839} INFO - DAG(s) dict_keys(['example_weekday_branch_operator']) retrieved from /home/airflow/.local/lib/python3.8/site-packages/airflow/example_dags/example_branch_day_of_week_operator.py
[2024-08-26T12:42:04.048+0000] {logging_mixin.py:154} INFO - [2024-08-26T12:42:04.047+0000] {dag.py:2941} INFO - Sync 1 DAGs
[2024-08-26T12:42:04.104+0000] {logging_mixin.py:154} INFO - [2024-08-26T12:42:04.103+0000] {dag.py:3722} INFO - Setting next_dagrun for example_weekday_branch_operator to 2024-08-25T00:00:00+00:00, run_after=2024-08-26T00:00:00+00:00
[2024-08-26T12:42:04.142+0000] {processor.py:179} INFO - Processing /home/airflow/.local/lib/python3.8/site-packages/airflow/example_dags/example_branch_day_of_week_operator.py took 0.173 seconds
[2024-08-26T12:42:34.721+0000] {processor.py:157} INFO - Started process (PID=893) to work on /home/airflow/.local/lib/python3.8/site-packages/airflow/example_dags/example_branch_day_of_week_operator.py
[2024-08-26T12:42:34.723+0000] {processor.py:829} INFO - Processing file /home/airflow/.local/lib/python3.8/site-packages/airflow/example_dags/example_branch_day_of_week_operator.py for tasks to queue
[2024-08-26T12:42:34.729+0000] {logging_mixin.py:154} INFO - [2024-08-26T12:42:34.728+0000] {dagbag.py:536} INFO - Filling up the DagBag from /home/airflow/.local/lib/python3.8/site-packages/airflow/example_dags/example_branch_day_of_week_operator.py
[2024-08-26T12:42:34.751+0000] {processor.py:839} INFO - DAG(s) dict_keys(['example_weekday_branch_operator']) retrieved from /home/airflow/.local/lib/python3.8/site-packages/airflow/example_dags/example_branch_day_of_week_operator.py
[2024-08-26T12:42:34.790+0000] {logging_mixin.py:154} INFO - [2024-08-26T12:42:34.790+0000] {dag.py:2941} INFO - Sync 1 DAGs
[2024-08-26T12:42:34.835+0000] {logging_mixin.py:154} INFO - [2024-08-26T12:42:34.835+0000] {dag.py:3722} INFO - Setting next_dagrun for example_weekday_branch_operator to 2024-08-25T00:00:00+00:00, run_after=2024-08-26T00:00:00+00:00
[2024-08-26T12:42:34.873+0000] {processor.py:179} INFO - Processing /home/airflow/.local/lib/python3.8/site-packages/airflow/example_dags/example_branch_day_of_week_operator.py took 0.162 seconds
[2024-08-26T12:43:05.226+0000] {processor.py:157} INFO - Started process (PID=959) to work on /home/airflow/.local/lib/python3.8/site-packages/airflow/example_dags/example_branch_day_of_week_operator.py
[2024-08-26T12:43:05.228+0000] {processor.py:829} INFO - Processing file /home/airflow/.local/lib/python3.8/site-packages/airflow/example_dags/example_branch_day_of_week_operator.py for tasks to queue
[2024-08-26T12:43:05.232+0000] {logging_mixin.py:154} INFO - [2024-08-26T12:43:05.231+0000] {dagbag.py:536} INFO - Filling up the DagBag from /home/airflow/.local/lib/python3.8/site-packages/airflow/example_dags/example_branch_day_of_week_operator.py
[2024-08-26T12:43:05.249+0000] {processor.py:839} INFO - DAG(s) dict_keys(['example_weekday_branch_operator']) retrieved from /home/airflow/.local/lib/python3.8/site-packages/airflow/example_dags/example_branch_day_of_week_operator.py
[2024-08-26T12:43:05.295+0000] {logging_mixin.py:154} INFO - [2024-08-26T12:43:05.295+0000] {dag.py:2941} INFO - Sync 1 DAGs
[2024-08-26T12:43:05.345+0000] {logging_mixin.py:154} INFO - [2024-08-26T12:43:05.344+0000] {dag.py:3722} INFO - Setting next_dagrun for example_weekday_branch_operator to 2024-08-25T00:00:00+00:00, run_after=2024-08-26T00:00:00+00:00
[2024-08-26T12:43:05.379+0000] {processor.py:179} INFO - Processing /home/airflow/.local/lib/python3.8/site-packages/airflow/example_dags/example_branch_day_of_week_operator.py took 0.160 seconds
[2024-08-26T12:43:36.395+0000] {processor.py:157} INFO - Started process (PID=1037) to work on /home/airflow/.local/lib/python3.8/site-packages/airflow/example_dags/example_branch_day_of_week_operator.py
[2024-08-26T12:43:36.396+0000] {processor.py:829} INFO - Processing file /home/airflow/.local/lib/python3.8/site-packages/airflow/example_dags/example_branch_day_of_week_operator.py for tasks to queue
[2024-08-26T12:43:36.400+0000] {logging_mixin.py:154} INFO - [2024-08-26T12:43:36.400+0000] {dagbag.py:536} INFO - Filling up the DagBag from /home/airflow/.local/lib/python3.8/site-packages/airflow/example_dags/example_branch_day_of_week_operator.py
[2024-08-26T12:43:36.417+0000] {processor.py:839} INFO - DAG(s) dict_keys(['example_weekday_branch_operator']) retrieved from /home/airflow/.local/lib/python3.8/site-packages/airflow/example_dags/example_branch_day_of_week_operator.py
[2024-08-26T12:43:36.458+0000] {logging_mixin.py:154} INFO - [2024-08-26T12:43:36.458+0000] {dag.py:2941} INFO - Sync 1 DAGs
[2024-08-26T12:43:36.508+0000] {logging_mixin.py:154} INFO - [2024-08-26T12:43:36.508+0000] {dag.py:3722} INFO - Setting next_dagrun for example_weekday_branch_operator to 2024-08-25T00:00:00+00:00, run_after=2024-08-26T00:00:00+00:00
[2024-08-26T12:43:36.582+0000] {processor.py:179} INFO - Processing /home/airflow/.local/lib/python3.8/site-packages/airflow/example_dags/example_branch_day_of_week_operator.py took 0.193 seconds
[2024-08-26T12:44:06.761+0000] {processor.py:157} INFO - Started process (PID=1101) to work on /home/airflow/.local/lib/python3.8/site-packages/airflow/example_dags/example_branch_day_of_week_operator.py
[2024-08-26T12:44:06.762+0000] {processor.py:829} INFO - Processing file /home/airflow/.local/lib/python3.8/site-packages/airflow/example_dags/example_branch_day_of_week_operator.py for tasks to queue
[2024-08-26T12:44:06.765+0000] {logging_mixin.py:154} INFO - [2024-08-26T12:44:06.765+0000] {dagbag.py:536} INFO - Filling up the DagBag from /home/airflow/.local/lib/python3.8/site-packages/airflow/example_dags/example_branch_day_of_week_operator.py
[2024-08-26T12:44:06.780+0000] {processor.py:839} INFO - DAG(s) dict_keys(['example_weekday_branch_operator']) retrieved from /home/airflow/.local/lib/python3.8/site-packages/airflow/example_dags/example_branch_day_of_week_operator.py
[2024-08-26T12:44:06.827+0000] {logging_mixin.py:154} INFO - [2024-08-26T12:44:06.827+0000] {dag.py:2941} INFO - Sync 1 DAGs
[2024-08-26T12:44:06.880+0000] {logging_mixin.py:154} INFO - [2024-08-26T12:44:06.880+0000] {dag.py:3722} INFO - Setting next_dagrun for example_weekday_branch_operator to 2024-08-25T00:00:00+00:00, run_after=2024-08-26T00:00:00+00:00
[2024-08-26T12:44:06.955+0000] {processor.py:179} INFO - Processing /home/airflow/.local/lib/python3.8/site-packages/airflow/example_dags/example_branch_day_of_week_operator.py took 0.200 seconds
[2024-08-26T12:44:37.620+0000] {processor.py:157} INFO - Started process (PID=1168) to work on /home/airflow/.local/lib/python3.8/site-packages/airflow/example_dags/example_branch_day_of_week_operator.py
[2024-08-26T12:44:37.622+0000] {processor.py:829} INFO - Processing file /home/airflow/.local/lib/python3.8/site-packages/airflow/example_dags/example_branch_day_of_week_operator.py for tasks to queue
[2024-08-26T12:44:37.627+0000] {logging_mixin.py:154} INFO - [2024-08-26T12:44:37.626+0000] {dagbag.py:536} INFO - Filling up the DagBag from /home/airflow/.local/lib/python3.8/site-packages/airflow/example_dags/example_branch_day_of_week_operator.py
[2024-08-26T12:44:37.646+0000] {processor.py:839} INFO - DAG(s) dict_keys(['example_weekday_branch_operator']) retrieved from /home/airflow/.local/lib/python3.8/site-packages/airflow/example_dags/example_branch_day_of_week_operator.py
[2024-08-26T12:44:37.694+0000] {logging_mixin.py:154} INFO - [2024-08-26T12:44:37.694+0000] {dag.py:2941} INFO - Sync 1 DAGs
[2024-08-26T12:44:37.739+0000] {logging_mixin.py:154} INFO - [2024-08-26T12:44:37.739+0000] {dag.py:3722} INFO - Setting next_dagrun for example_weekday_branch_operator to 2024-08-25T00:00:00+00:00, run_after=2024-08-26T00:00:00+00:00
[2024-08-26T12:44:37.784+0000] {processor.py:179} INFO - Processing /home/airflow/.local/lib/python3.8/site-packages/airflow/example_dags/example_branch_day_of_week_operator.py took 0.170 seconds
[2024-08-26T12:45:08.453+0000] {processor.py:157} INFO - Started process (PID=1234) to work on /home/airflow/.local/lib/python3.8/site-packages/airflow/example_dags/example_branch_day_of_week_operator.py
[2024-08-26T12:45:08.455+0000] {processor.py:829} INFO - Processing file /home/airflow/.local/lib/python3.8/site-packages/airflow/example_dags/example_branch_day_of_week_operator.py for tasks to queue
[2024-08-26T12:45:08.459+0000] {logging_mixin.py:154} INFO - [2024-08-26T12:45:08.458+0000] {dagbag.py:536} INFO - Filling up the DagBag from /home/airflow/.local/lib/python3.8/site-packages/airflow/example_dags/example_branch_day_of_week_operator.py
[2024-08-26T12:45:08.476+0000] {processor.py:839} INFO - DAG(s) dict_keys(['example_weekday_branch_operator']) retrieved from /home/airflow/.local/lib/python3.8/site-packages/airflow/example_dags/example_branch_day_of_week_operator.py
[2024-08-26T12:45:08.520+0000] {logging_mixin.py:154} INFO - [2024-08-26T12:45:08.519+0000] {dag.py:2941} INFO - Sync 1 DAGs
[2024-08-26T12:45:08.568+0000] {logging_mixin.py:154} INFO - [2024-08-26T12:45:08.567+0000] {dag.py:3722} INFO - Setting next_dagrun for example_weekday_branch_operator to 2024-08-25T00:00:00+00:00, run_after=2024-08-26T00:00:00+00:00
[2024-08-26T12:45:08.643+0000] {processor.py:179} INFO - Processing /home/airflow/.local/lib/python3.8/site-packages/airflow/example_dags/example_branch_day_of_week_operator.py took 0.196 seconds
[2024-08-26T12:45:39.017+0000] {processor.py:157} INFO - Started process (PID=1300) to work on /home/airflow/.local/lib/python3.8/site-packages/airflow/example_dags/example_branch_day_of_week_operator.py
[2024-08-26T12:45:39.019+0000] {processor.py:829} INFO - Processing file /home/airflow/.local/lib/python3.8/site-packages/airflow/example_dags/example_branch_day_of_week_operator.py for tasks to queue
[2024-08-26T12:45:39.023+0000] {logging_mixin.py:154} INFO - [2024-08-26T12:45:39.022+0000] {dagbag.py:536} INFO - Filling up the DagBag from /home/airflow/.local/lib/python3.8/site-packages/airflow/example_dags/example_branch_day_of_week_operator.py
[2024-08-26T12:45:39.040+0000] {processor.py:839} INFO - DAG(s) dict_keys(['example_weekday_branch_operator']) retrieved from /home/airflow/.local/lib/python3.8/site-packages/airflow/example_dags/example_branch_day_of_week_operator.py
[2024-08-26T12:45:39.084+0000] {logging_mixin.py:154} INFO - [2024-08-26T12:45:39.084+0000] {dag.py:2941} INFO - Sync 1 DAGs
[2024-08-26T12:45:39.131+0000] {logging_mixin.py:154} INFO - [2024-08-26T12:45:39.130+0000] {dag.py:3722} INFO - Setting next_dagrun for example_weekday_branch_operator to 2024-08-25T00:00:00+00:00, run_after=2024-08-26T00:00:00+00:00
[2024-08-26T12:45:39.208+0000] {processor.py:179} INFO - Processing /home/airflow/.local/lib/python3.8/site-packages/airflow/example_dags/example_branch_day_of_week_operator.py took 0.197 seconds
[2024-08-26T12:46:09.541+0000] {processor.py:157} INFO - Started process (PID=1366) to work on /home/airflow/.local/lib/python3.8/site-packages/airflow/example_dags/example_branch_day_of_week_operator.py
[2024-08-26T12:46:09.543+0000] {processor.py:829} INFO - Processing file /home/airflow/.local/lib/python3.8/site-packages/airflow/example_dags/example_branch_day_of_week_operator.py for tasks to queue
[2024-08-26T12:46:09.547+0000] {logging_mixin.py:154} INFO - [2024-08-26T12:46:09.547+0000] {dagbag.py:536} INFO - Filling up the DagBag from /home/airflow/.local/lib/python3.8/site-packages/airflow/example_dags/example_branch_day_of_week_operator.py
[2024-08-26T12:46:09.564+0000] {processor.py:839} INFO - DAG(s) dict_keys(['example_weekday_branch_operator']) retrieved from /home/airflow/.local/lib/python3.8/site-packages/airflow/example_dags/example_branch_day_of_week_operator.py
[2024-08-26T12:46:09.615+0000] {logging_mixin.py:154} INFO - [2024-08-26T12:46:09.615+0000] {dag.py:2941} INFO - Sync 1 DAGs
[2024-08-26T12:46:09.670+0000] {logging_mixin.py:154} INFO - [2024-08-26T12:46:09.670+0000] {dag.py:3722} INFO - Setting next_dagrun for example_weekday_branch_operator to 2024-08-25T00:00:00+00:00, run_after=2024-08-26T00:00:00+00:00
[2024-08-26T12:46:09.708+0000] {processor.py:179} INFO - Processing /home/airflow/.local/lib/python3.8/site-packages/airflow/example_dags/example_branch_day_of_week_operator.py took 0.174 seconds
[2024-08-26T12:46:39.811+0000] {processor.py:157} INFO - Started process (PID=1431) to work on /home/airflow/.local/lib/python3.8/site-packages/airflow/example_dags/example_branch_day_of_week_operator.py
[2024-08-26T12:46:39.813+0000] {processor.py:829} INFO - Processing file /home/airflow/.local/lib/python3.8/site-packages/airflow/example_dags/example_branch_day_of_week_operator.py for tasks to queue
[2024-08-26T12:46:39.817+0000] {logging_mixin.py:154} INFO - [2024-08-26T12:46:39.817+0000] {dagbag.py:536} INFO - Filling up the DagBag from /home/airflow/.local/lib/python3.8/site-packages/airflow/example_dags/example_branch_day_of_week_operator.py
[2024-08-26T12:46:39.835+0000] {processor.py:839} INFO - DAG(s) dict_keys(['example_weekday_branch_operator']) retrieved from /home/airflow/.local/lib/python3.8/site-packages/airflow/example_dags/example_branch_day_of_week_operator.py
[2024-08-26T12:46:39.874+0000] {logging_mixin.py:154} INFO - [2024-08-26T12:46:39.874+0000] {dag.py:2941} INFO - Sync 1 DAGs
[2024-08-26T12:46:39.918+0000] {logging_mixin.py:154} INFO - [2024-08-26T12:46:39.918+0000] {dag.py:3722} INFO - Setting next_dagrun for example_weekday_branch_operator to 2024-08-25T00:00:00+00:00, run_after=2024-08-26T00:00:00+00:00
[2024-08-26T12:46:39.994+0000] {processor.py:179} INFO - Processing /home/airflow/.local/lib/python3.8/site-packages/airflow/example_dags/example_branch_day_of_week_operator.py took 0.190 seconds
[2024-08-26T12:47:10.166+0000] {processor.py:157} INFO - Started process (PID=1496) to work on /home/airflow/.local/lib/python3.8/site-packages/airflow/example_dags/example_branch_day_of_week_operator.py
[2024-08-26T12:47:10.168+0000] {processor.py:829} INFO - Processing file /home/airflow/.local/lib/python3.8/site-packages/airflow/example_dags/example_branch_day_of_week_operator.py for tasks to queue
[2024-08-26T12:47:10.173+0000] {logging_mixin.py:154} INFO - [2024-08-26T12:47:10.172+0000] {dagbag.py:536} INFO - Filling up the DagBag from /home/airflow/.local/lib/python3.8/site-packages/airflow/example_dags/example_branch_day_of_week_operator.py
[2024-08-26T12:47:10.187+0000] {processor.py:839} INFO - DAG(s) dict_keys(['example_weekday_branch_operator']) retrieved from /home/airflow/.local/lib/python3.8/site-packages/airflow/example_dags/example_branch_day_of_week_operator.py
[2024-08-26T12:47:10.232+0000] {logging_mixin.py:154} INFO - [2024-08-26T12:47:10.231+0000] {dag.py:2941} INFO - Sync 1 DAGs
[2024-08-26T12:47:10.276+0000] {logging_mixin.py:154} INFO - [2024-08-26T12:47:10.276+0000] {dag.py:3722} INFO - Setting next_dagrun for example_weekday_branch_operator to 2024-08-25T00:00:00+00:00, run_after=2024-08-26T00:00:00+00:00
[2024-08-26T12:47:10.308+0000] {processor.py:179} INFO - Processing /home/airflow/.local/lib/python3.8/site-packages/airflow/example_dags/example_branch_day_of_week_operator.py took 0.147 seconds
[2024-08-26T12:47:40.678+0000] {processor.py:157} INFO - Started process (PID=1563) to work on /home/airflow/.local/lib/python3.8/site-packages/airflow/example_dags/example_branch_day_of_week_operator.py
[2024-08-26T12:47:40.681+0000] {processor.py:829} INFO - Processing file /home/airflow/.local/lib/python3.8/site-packages/airflow/example_dags/example_branch_day_of_week_operator.py for tasks to queue
[2024-08-26T12:47:40.686+0000] {logging_mixin.py:154} INFO - [2024-08-26T12:47:40.686+0000] {dagbag.py:536} INFO - Filling up the DagBag from /home/airflow/.local/lib/python3.8/site-packages/airflow/example_dags/example_branch_day_of_week_operator.py
[2024-08-26T12:47:40.702+0000] {processor.py:839} INFO - DAG(s) dict_keys(['example_weekday_branch_operator']) retrieved from /home/airflow/.local/lib/python3.8/site-packages/airflow/example_dags/example_branch_day_of_week_operator.py
[2024-08-26T12:47:40.744+0000] {logging_mixin.py:154} INFO - [2024-08-26T12:47:40.743+0000] {dag.py:2941} INFO - Sync 1 DAGs
[2024-08-26T12:47:40.789+0000] {logging_mixin.py:154} INFO - [2024-08-26T12:47:40.789+0000] {dag.py:3722} INFO - Setting next_dagrun for example_weekday_branch_operator to 2024-08-25T00:00:00+00:00, run_after=2024-08-26T00:00:00+00:00
[2024-08-26T12:47:40.866+0000] {processor.py:179} INFO - Processing /home/airflow/.local/lib/python3.8/site-packages/airflow/example_dags/example_branch_day_of_week_operator.py took 0.195 seconds
[2024-08-26T12:48:10.984+0000] {processor.py:157} INFO - Started process (PID=1629) to work on /home/airflow/.local/lib/python3.8/site-packages/airflow/example_dags/example_branch_day_of_week_operator.py
[2024-08-26T12:48:10.986+0000] {processor.py:829} INFO - Processing file /home/airflow/.local/lib/python3.8/site-packages/airflow/example_dags/example_branch_day_of_week_operator.py for tasks to queue
[2024-08-26T12:48:10.990+0000] {logging_mixin.py:154} INFO - [2024-08-26T12:48:10.990+0000] {dagbag.py:536} INFO - Filling up the DagBag from /home/airflow/.local/lib/python3.8/site-packages/airflow/example_dags/example_branch_day_of_week_operator.py
[2024-08-26T12:48:11.006+0000] {processor.py:839} INFO - DAG(s) dict_keys(['example_weekday_branch_operator']) retrieved from /home/airflow/.local/lib/python3.8/site-packages/airflow/example_dags/example_branch_day_of_week_operator.py
[2024-08-26T12:48:11.048+0000] {logging_mixin.py:154} INFO - [2024-08-26T12:48:11.047+0000] {dag.py:2941} INFO - Sync 1 DAGs
[2024-08-26T12:48:11.103+0000] {logging_mixin.py:154} INFO - [2024-08-26T12:48:11.103+0000] {dag.py:3722} INFO - Setting next_dagrun for example_weekday_branch_operator to 2024-08-25T00:00:00+00:00, run_after=2024-08-26T00:00:00+00:00
[2024-08-26T12:48:11.181+0000] {processor.py:179} INFO - Processing /home/airflow/.local/lib/python3.8/site-packages/airflow/example_dags/example_branch_day_of_week_operator.py took 0.205 seconds
[2024-08-26T12:49:38.696+0000] {processor.py:157} INFO - Started process (PID=1698) to work on /home/airflow/.local/lib/python3.8/site-packages/airflow/example_dags/example_branch_day_of_week_operator.py
[2024-08-26T12:49:38.698+0000] {processor.py:829} INFO - Processing file /home/airflow/.local/lib/python3.8/site-packages/airflow/example_dags/example_branch_day_of_week_operator.py for tasks to queue
[2024-08-26T12:49:38.703+0000] {logging_mixin.py:154} INFO - [2024-08-26T12:49:38.702+0000] {dagbag.py:536} INFO - Filling up the DagBag from /home/airflow/.local/lib/python3.8/site-packages/airflow/example_dags/example_branch_day_of_week_operator.py
[2024-08-26T12:49:38.719+0000] {processor.py:839} INFO - DAG(s) dict_keys(['example_weekday_branch_operator']) retrieved from /home/airflow/.local/lib/python3.8/site-packages/airflow/example_dags/example_branch_day_of_week_operator.py
[2024-08-26T12:49:38.763+0000] {logging_mixin.py:154} INFO - [2024-08-26T12:49:38.762+0000] {dag.py:2941} INFO - Sync 1 DAGs
[2024-08-26T12:49:38.815+0000] {logging_mixin.py:154} INFO - [2024-08-26T12:49:38.815+0000] {dag.py:3722} INFO - Setting next_dagrun for example_weekday_branch_operator to 2024-08-25T00:00:00+00:00, run_after=2024-08-26T00:00:00+00:00
[2024-08-26T12:49:38.860+0000] {processor.py:179} INFO - Processing /home/airflow/.local/lib/python3.8/site-packages/airflow/example_dags/example_branch_day_of_week_operator.py took 0.171 seconds
[2024-08-26T12:50:10.028+0000] {processor.py:157} INFO - Started process (PID=1765) to work on /home/airflow/.local/lib/python3.8/site-packages/airflow/example_dags/example_branch_day_of_week_operator.py
[2024-08-26T12:50:10.029+0000] {processor.py:829} INFO - Processing file /home/airflow/.local/lib/python3.8/site-packages/airflow/example_dags/example_branch_day_of_week_operator.py for tasks to queue
[2024-08-26T12:50:10.033+0000] {logging_mixin.py:154} INFO - [2024-08-26T12:50:10.033+0000] {dagbag.py:536} INFO - Filling up the DagBag from /home/airflow/.local/lib/python3.8/site-packages/airflow/example_dags/example_branch_day_of_week_operator.py
[2024-08-26T12:50:10.050+0000] {processor.py:839} INFO - DAG(s) dict_keys(['example_weekday_branch_operator']) retrieved from /home/airflow/.local/lib/python3.8/site-packages/airflow/example_dags/example_branch_day_of_week_operator.py
[2024-08-26T12:50:10.092+0000] {logging_mixin.py:154} INFO - [2024-08-26T12:50:10.091+0000] {dag.py:2941} INFO - Sync 1 DAGs
[2024-08-26T12:50:10.145+0000] {logging_mixin.py:154} INFO - [2024-08-26T12:50:10.144+0000] {dag.py:3722} INFO - Setting next_dagrun for example_weekday_branch_operator to 2024-08-25T00:00:00+00:00, run_after=2024-08-26T00:00:00+00:00
[2024-08-26T12:50:10.176+0000] {processor.py:179} INFO - Processing /home/airflow/.local/lib/python3.8/site-packages/airflow/example_dags/example_branch_day_of_week_operator.py took 0.154 seconds
[2024-08-26T12:50:41.312+0000] {processor.py:157} INFO - Started process (PID=1831) to work on /home/airflow/.local/lib/python3.8/site-packages/airflow/example_dags/example_branch_day_of_week_operator.py
[2024-08-26T12:50:41.314+0000] {processor.py:829} INFO - Processing file /home/airflow/.local/lib/python3.8/site-packages/airflow/example_dags/example_branch_day_of_week_operator.py for tasks to queue
[2024-08-26T12:50:41.319+0000] {logging_mixin.py:154} INFO - [2024-08-26T12:50:41.318+0000] {dagbag.py:536} INFO - Filling up the DagBag from /home/airflow/.local/lib/python3.8/site-packages/airflow/example_dags/example_branch_day_of_week_operator.py
[2024-08-26T12:50:41.347+0000] {processor.py:839} INFO - DAG(s) dict_keys(['example_weekday_branch_operator']) retrieved from /home/airflow/.local/lib/python3.8/site-packages/airflow/example_dags/example_branch_day_of_week_operator.py
[2024-08-26T12:50:41.396+0000] {logging_mixin.py:154} INFO - [2024-08-26T12:50:41.395+0000] {dag.py:2941} INFO - Sync 1 DAGs
[2024-08-26T12:50:41.451+0000] {logging_mixin.py:154} INFO - [2024-08-26T12:50:41.450+0000] {dag.py:3722} INFO - Setting next_dagrun for example_weekday_branch_operator to 2024-08-25T00:00:00+00:00, run_after=2024-08-26T00:00:00+00:00
[2024-08-26T12:50:41.492+0000] {processor.py:179} INFO - Processing /home/airflow/.local/lib/python3.8/site-packages/airflow/example_dags/example_branch_day_of_week_operator.py took 0.189 seconds
[2024-08-26T12:51:12.948+0000] {processor.py:157} INFO - Started process (PID=1897) to work on /home/airflow/.local/lib/python3.8/site-packages/airflow/example_dags/example_branch_day_of_week_operator.py
[2024-08-26T12:51:12.950+0000] {processor.py:829} INFO - Processing file /home/airflow/.local/lib/python3.8/site-packages/airflow/example_dags/example_branch_day_of_week_operator.py for tasks to queue
[2024-08-26T12:51:12.954+0000] {logging_mixin.py:154} INFO - [2024-08-26T12:51:12.953+0000] {dagbag.py:536} INFO - Filling up the DagBag from /home/airflow/.local/lib/python3.8/site-packages/airflow/example_dags/example_branch_day_of_week_operator.py
[2024-08-26T12:51:12.972+0000] {processor.py:839} INFO - DAG(s) dict_keys(['example_weekday_branch_operator']) retrieved from /home/airflow/.local/lib/python3.8/site-packages/airflow/example_dags/example_branch_day_of_week_operator.py
[2024-08-26T12:51:13.017+0000] {logging_mixin.py:154} INFO - [2024-08-26T12:51:13.016+0000] {dag.py:2941} INFO - Sync 1 DAGs
[2024-08-26T12:51:13.084+0000] {logging_mixin.py:154} INFO - [2024-08-26T12:51:13.083+0000] {dag.py:3722} INFO - Setting next_dagrun for example_weekday_branch_operator to 2024-08-25T00:00:00+00:00, run_after=2024-08-26T00:00:00+00:00
[2024-08-26T12:51:13.121+0000] {processor.py:179} INFO - Processing /home/airflow/.local/lib/python3.8/site-packages/airflow/example_dags/example_branch_day_of_week_operator.py took 0.181 seconds
[2024-08-26T12:51:44.133+0000] {processor.py:157} INFO - Started process (PID=1964) to work on /home/airflow/.local/lib/python3.8/site-packages/airflow/example_dags/example_branch_day_of_week_operator.py
[2024-08-26T12:51:44.134+0000] {processor.py:829} INFO - Processing file /home/airflow/.local/lib/python3.8/site-packages/airflow/example_dags/example_branch_day_of_week_operator.py for tasks to queue
[2024-08-26T12:51:44.138+0000] {logging_mixin.py:154} INFO - [2024-08-26T12:51:44.137+0000] {dagbag.py:536} INFO - Filling up the DagBag from /home/airflow/.local/lib/python3.8/site-packages/airflow/example_dags/example_branch_day_of_week_operator.py
[2024-08-26T12:51:44.155+0000] {processor.py:839} INFO - DAG(s) dict_keys(['example_weekday_branch_operator']) retrieved from /home/airflow/.local/lib/python3.8/site-packages/airflow/example_dags/example_branch_day_of_week_operator.py
[2024-08-26T12:51:44.194+0000] {logging_mixin.py:154} INFO - [2024-08-26T12:51:44.194+0000] {dag.py:2941} INFO - Sync 1 DAGs
[2024-08-26T12:51:44.252+0000] {logging_mixin.py:154} INFO - [2024-08-26T12:51:44.252+0000] {dag.py:3722} INFO - Setting next_dagrun for example_weekday_branch_operator to 2024-08-25T00:00:00+00:00, run_after=2024-08-26T00:00:00+00:00
[2024-08-26T12:51:44.328+0000] {processor.py:179} INFO - Processing /home/airflow/.local/lib/python3.8/site-packages/airflow/example_dags/example_branch_day_of_week_operator.py took 0.201 seconds
[2024-08-26T12:52:15.217+0000] {processor.py:157} INFO - Started process (PID=2030) to work on /home/airflow/.local/lib/python3.8/site-packages/airflow/example_dags/example_branch_day_of_week_operator.py
[2024-08-26T12:52:15.229+0000] {processor.py:829} INFO - Processing file /home/airflow/.local/lib/python3.8/site-packages/airflow/example_dags/example_branch_day_of_week_operator.py for tasks to queue
[2024-08-26T12:52:15.234+0000] {logging_mixin.py:154} INFO - [2024-08-26T12:52:15.233+0000] {dagbag.py:536} INFO - Filling up the DagBag from /home/airflow/.local/lib/python3.8/site-packages/airflow/example_dags/example_branch_day_of_week_operator.py
[2024-08-26T12:52:15.257+0000] {processor.py:839} INFO - DAG(s) dict_keys(['example_weekday_branch_operator']) retrieved from /home/airflow/.local/lib/python3.8/site-packages/airflow/example_dags/example_branch_day_of_week_operator.py
[2024-08-26T12:52:15.293+0000] {logging_mixin.py:154} INFO - [2024-08-26T12:52:15.293+0000] {dag.py:2941} INFO - Sync 1 DAGs
[2024-08-26T12:52:15.335+0000] {logging_mixin.py:154} INFO - [2024-08-26T12:52:15.334+0000] {dag.py:3722} INFO - Setting next_dagrun for example_weekday_branch_operator to 2024-08-25T00:00:00+00:00, run_after=2024-08-26T00:00:00+00:00
[2024-08-26T12:52:15.405+0000] {processor.py:179} INFO - Processing /home/airflow/.local/lib/python3.8/site-packages/airflow/example_dags/example_branch_day_of_week_operator.py took 0.197 seconds
[2024-08-26T12:52:45.727+0000] {processor.py:157} INFO - Started process (PID=2096) to work on /home/airflow/.local/lib/python3.8/site-packages/airflow/example_dags/example_branch_day_of_week_operator.py
[2024-08-26T12:52:45.729+0000] {processor.py:829} INFO - Processing file /home/airflow/.local/lib/python3.8/site-packages/airflow/example_dags/example_branch_day_of_week_operator.py for tasks to queue
[2024-08-26T12:52:45.733+0000] {logging_mixin.py:154} INFO - [2024-08-26T12:52:45.732+0000] {dagbag.py:536} INFO - Filling up the DagBag from /home/airflow/.local/lib/python3.8/site-packages/airflow/example_dags/example_branch_day_of_week_operator.py
[2024-08-26T12:52:45.751+0000] {processor.py:839} INFO - DAG(s) dict_keys(['example_weekday_branch_operator']) retrieved from /home/airflow/.local/lib/python3.8/site-packages/airflow/example_dags/example_branch_day_of_week_operator.py
[2024-08-26T12:52:45.799+0000] {logging_mixin.py:154} INFO - [2024-08-26T12:52:45.799+0000] {dag.py:2941} INFO - Sync 1 DAGs
[2024-08-26T12:52:45.844+0000] {logging_mixin.py:154} INFO - [2024-08-26T12:52:45.844+0000] {dag.py:3722} INFO - Setting next_dagrun for example_weekday_branch_operator to 2024-08-25T00:00:00+00:00, run_after=2024-08-26T00:00:00+00:00
[2024-08-26T12:52:45.884+0000] {processor.py:179} INFO - Processing /home/airflow/.local/lib/python3.8/site-packages/airflow/example_dags/example_branch_day_of_week_operator.py took 0.163 seconds
[2024-08-26T12:53:16.947+0000] {processor.py:157} INFO - Started process (PID=2162) to work on /home/airflow/.local/lib/python3.8/site-packages/airflow/example_dags/example_branch_day_of_week_operator.py
[2024-08-26T12:53:16.949+0000] {processor.py:829} INFO - Processing file /home/airflow/.local/lib/python3.8/site-packages/airflow/example_dags/example_branch_day_of_week_operator.py for tasks to queue
[2024-08-26T12:53:16.954+0000] {logging_mixin.py:154} INFO - [2024-08-26T12:53:16.954+0000] {dagbag.py:536} INFO - Filling up the DagBag from /home/airflow/.local/lib/python3.8/site-packages/airflow/example_dags/example_branch_day_of_week_operator.py
[2024-08-26T12:53:16.972+0000] {processor.py:839} INFO - DAG(s) dict_keys(['example_weekday_branch_operator']) retrieved from /home/airflow/.local/lib/python3.8/site-packages/airflow/example_dags/example_branch_day_of_week_operator.py
[2024-08-26T12:53:17.019+0000] {logging_mixin.py:154} INFO - [2024-08-26T12:53:17.019+0000] {dag.py:2941} INFO - Sync 1 DAGs
[2024-08-26T12:53:17.074+0000] {logging_mixin.py:154} INFO - [2024-08-26T12:53:17.073+0000] {dag.py:3722} INFO - Setting next_dagrun for example_weekday_branch_operator to 2024-08-25T00:00:00+00:00, run_after=2024-08-26T00:00:00+00:00
[2024-08-26T12:53:17.357+0000] {processor.py:179} INFO - Processing /home/airflow/.local/lib/python3.8/site-packages/airflow/example_dags/example_branch_day_of_week_operator.py took 0.415 seconds
[2024-08-26T12:54:02.636+0000] {processor.py:157} INFO - Started process (PID=2220) to work on /home/airflow/.local/lib/python3.8/site-packages/airflow/example_dags/example_branch_day_of_week_operator.py
[2024-08-26T12:54:02.638+0000] {processor.py:829} INFO - Processing file /home/airflow/.local/lib/python3.8/site-packages/airflow/example_dags/example_branch_day_of_week_operator.py for tasks to queue
[2024-08-26T12:54:02.642+0000] {logging_mixin.py:154} INFO - [2024-08-26T12:54:02.641+0000] {dagbag.py:536} INFO - Filling up the DagBag from /home/airflow/.local/lib/python3.8/site-packages/airflow/example_dags/example_branch_day_of_week_operator.py
[2024-08-26T12:54:02.656+0000] {processor.py:839} INFO - DAG(s) dict_keys(['example_weekday_branch_operator']) retrieved from /home/airflow/.local/lib/python3.8/site-packages/airflow/example_dags/example_branch_day_of_week_operator.py
[2024-08-26T12:54:02.708+0000] {logging_mixin.py:154} INFO - [2024-08-26T12:54:02.707+0000] {dag.py:2941} INFO - Sync 1 DAGs
[2024-08-26T12:54:02.754+0000] {logging_mixin.py:154} INFO - [2024-08-26T12:54:02.753+0000] {dag.py:3722} INFO - Setting next_dagrun for example_weekday_branch_operator to 2024-08-25T00:00:00+00:00, run_after=2024-08-26T00:00:00+00:00
[2024-08-26T12:54:02.787+0000] {processor.py:179} INFO - Processing /home/airflow/.local/lib/python3.8/site-packages/airflow/example_dags/example_branch_day_of_week_operator.py took 0.157 seconds
[2024-08-26T12:54:36.004+0000] {processor.py:157} INFO - Started process (PID=2293) to work on /home/airflow/.local/lib/python3.8/site-packages/airflow/example_dags/example_branch_day_of_week_operator.py
[2024-08-26T12:54:36.006+0000] {processor.py:829} INFO - Processing file /home/airflow/.local/lib/python3.8/site-packages/airflow/example_dags/example_branch_day_of_week_operator.py for tasks to queue
[2024-08-26T12:54:36.010+0000] {logging_mixin.py:154} INFO - [2024-08-26T12:54:36.010+0000] {dagbag.py:536} INFO - Filling up the DagBag from /home/airflow/.local/lib/python3.8/site-packages/airflow/example_dags/example_branch_day_of_week_operator.py
[2024-08-26T12:54:36.028+0000] {processor.py:839} INFO - DAG(s) dict_keys(['example_weekday_branch_operator']) retrieved from /home/airflow/.local/lib/python3.8/site-packages/airflow/example_dags/example_branch_day_of_week_operator.py
[2024-08-26T12:54:36.075+0000] {logging_mixin.py:154} INFO - [2024-08-26T12:54:36.074+0000] {dag.py:2941} INFO - Sync 1 DAGs
[2024-08-26T12:54:36.125+0000] {logging_mixin.py:154} INFO - [2024-08-26T12:54:36.125+0000] {dag.py:3722} INFO - Setting next_dagrun for example_weekday_branch_operator to 2024-08-25T00:00:00+00:00, run_after=2024-08-26T00:00:00+00:00
[2024-08-26T12:54:36.199+0000] {processor.py:179} INFO - Processing /home/airflow/.local/lib/python3.8/site-packages/airflow/example_dags/example_branch_day_of_week_operator.py took 0.202 seconds
[2024-08-26T12:55:08.838+0000] {processor.py:157} INFO - Started process (PID=2359) to work on /home/airflow/.local/lib/python3.8/site-packages/airflow/example_dags/example_branch_day_of_week_operator.py
[2024-08-26T12:55:08.840+0000] {processor.py:829} INFO - Processing file /home/airflow/.local/lib/python3.8/site-packages/airflow/example_dags/example_branch_day_of_week_operator.py for tasks to queue
[2024-08-26T12:55:08.844+0000] {logging_mixin.py:154} INFO - [2024-08-26T12:55:08.843+0000] {dagbag.py:536} INFO - Filling up the DagBag from /home/airflow/.local/lib/python3.8/site-packages/airflow/example_dags/example_branch_day_of_week_operator.py
[2024-08-26T12:55:08.857+0000] {processor.py:839} INFO - DAG(s) dict_keys(['example_weekday_branch_operator']) retrieved from /home/airflow/.local/lib/python3.8/site-packages/airflow/example_dags/example_branch_day_of_week_operator.py
[2024-08-26T12:55:08.898+0000] {logging_mixin.py:154} INFO - [2024-08-26T12:55:08.898+0000] {dag.py:2941} INFO - Sync 1 DAGs
[2024-08-26T12:55:09.149+0000] {logging_mixin.py:154} INFO - [2024-08-26T12:55:09.148+0000] {dag.py:3722} INFO - Setting next_dagrun for example_weekday_branch_operator to 2024-08-25T00:00:00+00:00, run_after=2024-08-26T00:00:00+00:00
[2024-08-26T12:55:09.220+0000] {processor.py:179} INFO - Processing /home/airflow/.local/lib/python3.8/site-packages/airflow/example_dags/example_branch_day_of_week_operator.py took 0.389 seconds
[2024-08-26T12:55:40.230+0000] {processor.py:157} INFO - Started process (PID=2425) to work on /home/airflow/.local/lib/python3.8/site-packages/airflow/example_dags/example_branch_day_of_week_operator.py
[2024-08-26T12:55:40.232+0000] {processor.py:829} INFO - Processing file /home/airflow/.local/lib/python3.8/site-packages/airflow/example_dags/example_branch_day_of_week_operator.py for tasks to queue
[2024-08-26T12:55:40.236+0000] {logging_mixin.py:154} INFO - [2024-08-26T12:55:40.236+0000] {dagbag.py:536} INFO - Filling up the DagBag from /home/airflow/.local/lib/python3.8/site-packages/airflow/example_dags/example_branch_day_of_week_operator.py
[2024-08-26T12:55:40.253+0000] {processor.py:839} INFO - DAG(s) dict_keys(['example_weekday_branch_operator']) retrieved from /home/airflow/.local/lib/python3.8/site-packages/airflow/example_dags/example_branch_day_of_week_operator.py
[2024-08-26T12:55:40.294+0000] {logging_mixin.py:154} INFO - [2024-08-26T12:55:40.293+0000] {dag.py:2941} INFO - Sync 1 DAGs
[2024-08-26T12:55:40.347+0000] {logging_mixin.py:154} INFO - [2024-08-26T12:55:40.346+0000] {dag.py:3722} INFO - Setting next_dagrun for example_weekday_branch_operator to 2024-08-25T00:00:00+00:00, run_after=2024-08-26T00:00:00+00:00
[2024-08-26T12:55:40.608+0000] {processor.py:179} INFO - Processing /home/airflow/.local/lib/python3.8/site-packages/airflow/example_dags/example_branch_day_of_week_operator.py took 0.384 seconds
[2024-08-26T12:56:11.272+0000] {processor.py:157} INFO - Started process (PID=2491) to work on /home/airflow/.local/lib/python3.8/site-packages/airflow/example_dags/example_branch_day_of_week_operator.py
[2024-08-26T12:56:11.273+0000] {processor.py:829} INFO - Processing file /home/airflow/.local/lib/python3.8/site-packages/airflow/example_dags/example_branch_day_of_week_operator.py for tasks to queue
[2024-08-26T12:56:11.275+0000] {logging_mixin.py:154} INFO - [2024-08-26T12:56:11.275+0000] {dagbag.py:536} INFO - Filling up the DagBag from /home/airflow/.local/lib/python3.8/site-packages/airflow/example_dags/example_branch_day_of_week_operator.py
[2024-08-26T12:56:11.283+0000] {processor.py:839} INFO - DAG(s) dict_keys(['example_weekday_branch_operator']) retrieved from /home/airflow/.local/lib/python3.8/site-packages/airflow/example_dags/example_branch_day_of_week_operator.py
[2024-08-26T12:56:11.306+0000] {logging_mixin.py:154} INFO - [2024-08-26T12:56:11.305+0000] {dag.py:2941} INFO - Sync 1 DAGs
[2024-08-26T12:56:11.331+0000] {logging_mixin.py:154} INFO - [2024-08-26T12:56:11.331+0000] {dag.py:3722} INFO - Setting next_dagrun for example_weekday_branch_operator to 2024-08-25T00:00:00+00:00, run_after=2024-08-26T00:00:00+00:00
[2024-08-26T12:56:11.391+0000] {processor.py:179} INFO - Processing /home/airflow/.local/lib/python3.8/site-packages/airflow/example_dags/example_branch_day_of_week_operator.py took 0.123 seconds
