[2024-08-26T08:44:52.759+0000] {processor.py:157} INFO - Started process (PID=52) to work on /home/airflow/.local/lib/python3.8/site-packages/airflow/example_dags/example_local_kubernetes_executor.py
[2024-08-26T08:44:52.760+0000] {processor.py:829} INFO - Processing file /home/airflow/.local/lib/python3.8/site-packages/airflow/example_dags/example_local_kubernetes_executor.py for tasks to queue
[2024-08-26T08:44:52.762+0000] {logging_mixin.py:154} INFO - [2024-08-26T08:44:52.762+0000] {dagbag.py:536} INFO - Filling up the DagBag from /home/airflow/.local/lib/python3.8/site-packages/airflow/example_dags/example_local_kubernetes_executor.py
[2024-08-26T08:44:52.770+0000] {processor.py:839} INFO - DAG(s) dict_keys(['example_local_kubernetes_executor']) retrieved from /home/airflow/.local/lib/python3.8/site-packages/airflow/example_dags/example_local_kubernetes_executor.py
[2024-08-26T08:44:52.809+0000] {logging_mixin.py:154} INFO - [2024-08-26T08:44:52.809+0000] {dag.py:2941} INFO - Sync 1 DAGs
[2024-08-26T08:44:52.823+0000] {logging_mixin.py:154} INFO - [2024-08-26T08:44:52.823+0000] {dag.py:3722} INFO - Setting next_dagrun for example_local_kubernetes_executor to None, run_after=None
[2024-08-26T08:44:52.839+0000] {processor.py:179} INFO - Processing /home/airflow/.local/lib/python3.8/site-packages/airflow/example_dags/example_local_kubernetes_executor.py took 0.083 seconds
[2024-08-26T12:36:18.696+0000] {processor.py:157} INFO - Started process (PID=61) to work on /home/airflow/.local/lib/python3.8/site-packages/airflow/example_dags/example_local_kubernetes_executor.py
[2024-08-26T12:36:18.698+0000] {processor.py:829} INFO - Processing file /home/airflow/.local/lib/python3.8/site-packages/airflow/example_dags/example_local_kubernetes_executor.py for tasks to queue
[2024-08-26T12:36:18.700+0000] {logging_mixin.py:154} INFO - [2024-08-26T12:36:18.700+0000] {dagbag.py:536} INFO - Filling up the DagBag from /home/airflow/.local/lib/python3.8/site-packages/airflow/example_dags/example_local_kubernetes_executor.py
[2024-08-26T12:36:18.711+0000] {processor.py:839} INFO - DAG(s) dict_keys(['example_local_kubernetes_executor']) retrieved from /home/airflow/.local/lib/python3.8/site-packages/airflow/example_dags/example_local_kubernetes_executor.py
[2024-08-26T12:36:18.762+0000] {logging_mixin.py:154} INFO - [2024-08-26T12:36:18.762+0000] {dag.py:2941} INFO - Sync 1 DAGs
[2024-08-26T12:36:18.780+0000] {logging_mixin.py:154} INFO - [2024-08-26T12:36:18.780+0000] {dag.py:3722} INFO - Setting next_dagrun for example_local_kubernetes_executor to None, run_after=None
[2024-08-26T12:36:18.805+0000] {processor.py:179} INFO - Processing /home/airflow/.local/lib/python3.8/site-packages/airflow/example_dags/example_local_kubernetes_executor.py took 0.112 seconds
[2024-08-26T12:36:49.781+0000] {processor.py:157} INFO - Started process (PID=127) to work on /home/airflow/.local/lib/python3.8/site-packages/airflow/example_dags/example_local_kubernetes_executor.py
[2024-08-26T12:36:49.782+0000] {processor.py:829} INFO - Processing file /home/airflow/.local/lib/python3.8/site-packages/airflow/example_dags/example_local_kubernetes_executor.py for tasks to queue
[2024-08-26T12:36:49.784+0000] {logging_mixin.py:154} INFO - [2024-08-26T12:36:49.783+0000] {dagbag.py:536} INFO - Filling up the DagBag from /home/airflow/.local/lib/python3.8/site-packages/airflow/example_dags/example_local_kubernetes_executor.py
[2024-08-26T12:36:49.790+0000] {processor.py:839} INFO - DAG(s) dict_keys(['example_local_kubernetes_executor']) retrieved from /home/airflow/.local/lib/python3.8/site-packages/airflow/example_dags/example_local_kubernetes_executor.py
[2024-08-26T12:36:49.823+0000] {logging_mixin.py:154} INFO - [2024-08-26T12:36:49.822+0000] {dag.py:2941} INFO - Sync 1 DAGs
[2024-08-26T12:36:49.836+0000] {logging_mixin.py:154} INFO - [2024-08-26T12:36:49.836+0000] {dag.py:3722} INFO - Setting next_dagrun for example_local_kubernetes_executor to None, run_after=None
[2024-08-26T12:36:49.855+0000] {processor.py:179} INFO - Processing /home/airflow/.local/lib/python3.8/site-packages/airflow/example_dags/example_local_kubernetes_executor.py took 0.077 seconds
[2024-08-26T12:37:20.594+0000] {processor.py:157} INFO - Started process (PID=193) to work on /home/airflow/.local/lib/python3.8/site-packages/airflow/example_dags/example_local_kubernetes_executor.py
[2024-08-26T12:37:20.595+0000] {processor.py:829} INFO - Processing file /home/airflow/.local/lib/python3.8/site-packages/airflow/example_dags/example_local_kubernetes_executor.py for tasks to queue
[2024-08-26T12:37:20.599+0000] {logging_mixin.py:154} INFO - [2024-08-26T12:37:20.599+0000] {dagbag.py:536} INFO - Filling up the DagBag from /home/airflow/.local/lib/python3.8/site-packages/airflow/example_dags/example_local_kubernetes_executor.py
[2024-08-26T12:37:20.614+0000] {processor.py:839} INFO - DAG(s) dict_keys(['example_local_kubernetes_executor']) retrieved from /home/airflow/.local/lib/python3.8/site-packages/airflow/example_dags/example_local_kubernetes_executor.py
[2024-08-26T12:37:20.670+0000] {logging_mixin.py:154} INFO - [2024-08-26T12:37:20.670+0000] {dag.py:2941} INFO - Sync 1 DAGs
[2024-08-26T12:37:20.695+0000] {logging_mixin.py:154} INFO - [2024-08-26T12:37:20.695+0000] {dag.py:3722} INFO - Setting next_dagrun for example_local_kubernetes_executor to None, run_after=None
[2024-08-26T12:37:20.733+0000] {processor.py:179} INFO - Processing /home/airflow/.local/lib/python3.8/site-packages/airflow/example_dags/example_local_kubernetes_executor.py took 0.145 seconds
[2024-08-26T12:37:51.166+0000] {processor.py:157} INFO - Started process (PID=257) to work on /home/airflow/.local/lib/python3.8/site-packages/airflow/example_dags/example_local_kubernetes_executor.py
[2024-08-26T12:37:51.168+0000] {processor.py:829} INFO - Processing file /home/airflow/.local/lib/python3.8/site-packages/airflow/example_dags/example_local_kubernetes_executor.py for tasks to queue
[2024-08-26T12:37:51.171+0000] {logging_mixin.py:154} INFO - [2024-08-26T12:37:51.171+0000] {dagbag.py:536} INFO - Filling up the DagBag from /home/airflow/.local/lib/python3.8/site-packages/airflow/example_dags/example_local_kubernetes_executor.py
[2024-08-26T12:37:51.185+0000] {processor.py:839} INFO - DAG(s) dict_keys(['example_local_kubernetes_executor']) retrieved from /home/airflow/.local/lib/python3.8/site-packages/airflow/example_dags/example_local_kubernetes_executor.py
[2024-08-26T12:37:51.240+0000] {logging_mixin.py:154} INFO - [2024-08-26T12:37:51.240+0000] {dag.py:2941} INFO - Sync 1 DAGs
[2024-08-26T12:37:51.269+0000] {logging_mixin.py:154} INFO - [2024-08-26T12:37:51.268+0000] {dag.py:3722} INFO - Setting next_dagrun for example_local_kubernetes_executor to None, run_after=None
[2024-08-26T12:37:51.337+0000] {processor.py:179} INFO - Processing /home/airflow/.local/lib/python3.8/site-packages/airflow/example_dags/example_local_kubernetes_executor.py took 0.176 seconds
[2024-08-26T12:38:21.652+0000] {processor.py:157} INFO - Started process (PID=323) to work on /home/airflow/.local/lib/python3.8/site-packages/airflow/example_dags/example_local_kubernetes_executor.py
[2024-08-26T12:38:21.654+0000] {processor.py:829} INFO - Processing file /home/airflow/.local/lib/python3.8/site-packages/airflow/example_dags/example_local_kubernetes_executor.py for tasks to queue
[2024-08-26T12:38:21.658+0000] {logging_mixin.py:154} INFO - [2024-08-26T12:38:21.658+0000] {dagbag.py:536} INFO - Filling up the DagBag from /home/airflow/.local/lib/python3.8/site-packages/airflow/example_dags/example_local_kubernetes_executor.py
[2024-08-26T12:38:21.677+0000] {processor.py:839} INFO - DAG(s) dict_keys(['example_local_kubernetes_executor']) retrieved from /home/airflow/.local/lib/python3.8/site-packages/airflow/example_dags/example_local_kubernetes_executor.py
[2024-08-26T12:38:21.746+0000] {logging_mixin.py:154} INFO - [2024-08-26T12:38:21.745+0000] {dag.py:2941} INFO - Sync 1 DAGs
[2024-08-26T12:38:21.776+0000] {logging_mixin.py:154} INFO - [2024-08-26T12:38:21.775+0000] {dag.py:3722} INFO - Setting next_dagrun for example_local_kubernetes_executor to None, run_after=None
[2024-08-26T12:38:21.847+0000] {processor.py:179} INFO - Processing /home/airflow/.local/lib/python3.8/site-packages/airflow/example_dags/example_local_kubernetes_executor.py took 0.199 seconds
[2024-08-26T12:38:52.497+0000] {processor.py:157} INFO - Started process (PID=390) to work on /home/airflow/.local/lib/python3.8/site-packages/airflow/example_dags/example_local_kubernetes_executor.py
[2024-08-26T12:38:52.499+0000] {processor.py:829} INFO - Processing file /home/airflow/.local/lib/python3.8/site-packages/airflow/example_dags/example_local_kubernetes_executor.py for tasks to queue
[2024-08-26T12:38:52.506+0000] {logging_mixin.py:154} INFO - [2024-08-26T12:38:52.505+0000] {dagbag.py:536} INFO - Filling up the DagBag from /home/airflow/.local/lib/python3.8/site-packages/airflow/example_dags/example_local_kubernetes_executor.py
[2024-08-26T12:38:52.519+0000] {processor.py:839} INFO - DAG(s) dict_keys(['example_local_kubernetes_executor']) retrieved from /home/airflow/.local/lib/python3.8/site-packages/airflow/example_dags/example_local_kubernetes_executor.py
[2024-08-26T12:38:52.574+0000] {logging_mixin.py:154} INFO - [2024-08-26T12:38:52.574+0000] {dag.py:2941} INFO - Sync 1 DAGs
[2024-08-26T12:38:52.597+0000] {logging_mixin.py:154} INFO - [2024-08-26T12:38:52.597+0000] {dag.py:3722} INFO - Setting next_dagrun for example_local_kubernetes_executor to None, run_after=None
[2024-08-26T12:38:52.670+0000] {processor.py:179} INFO - Processing /home/airflow/.local/lib/python3.8/site-packages/airflow/example_dags/example_local_kubernetes_executor.py took 0.180 seconds
[2024-08-26T12:39:22.838+0000] {processor.py:157} INFO - Started process (PID=456) to work on /home/airflow/.local/lib/python3.8/site-packages/airflow/example_dags/example_local_kubernetes_executor.py
[2024-08-26T12:39:22.840+0000] {processor.py:829} INFO - Processing file /home/airflow/.local/lib/python3.8/site-packages/airflow/example_dags/example_local_kubernetes_executor.py for tasks to queue
[2024-08-26T12:39:22.844+0000] {logging_mixin.py:154} INFO - [2024-08-26T12:39:22.844+0000] {dagbag.py:536} INFO - Filling up the DagBag from /home/airflow/.local/lib/python3.8/site-packages/airflow/example_dags/example_local_kubernetes_executor.py
[2024-08-26T12:39:22.859+0000] {processor.py:839} INFO - DAG(s) dict_keys(['example_local_kubernetes_executor']) retrieved from /home/airflow/.local/lib/python3.8/site-packages/airflow/example_dags/example_local_kubernetes_executor.py
[2024-08-26T12:39:22.917+0000] {logging_mixin.py:154} INFO - [2024-08-26T12:39:22.916+0000] {dag.py:2941} INFO - Sync 1 DAGs
[2024-08-26T12:39:22.942+0000] {logging_mixin.py:154} INFO - [2024-08-26T12:39:22.942+0000] {dag.py:3722} INFO - Setting next_dagrun for example_local_kubernetes_executor to None, run_after=None
[2024-08-26T12:39:23.016+0000] {processor.py:179} INFO - Processing /home/airflow/.local/lib/python3.8/site-packages/airflow/example_dags/example_local_kubernetes_executor.py took 0.184 seconds
[2024-08-26T12:39:53.667+0000] {processor.py:157} INFO - Started process (PID=528) to work on /home/airflow/.local/lib/python3.8/site-packages/airflow/example_dags/example_local_kubernetes_executor.py
[2024-08-26T12:39:53.669+0000] {processor.py:829} INFO - Processing file /home/airflow/.local/lib/python3.8/site-packages/airflow/example_dags/example_local_kubernetes_executor.py for tasks to queue
[2024-08-26T12:39:53.673+0000] {logging_mixin.py:154} INFO - [2024-08-26T12:39:53.672+0000] {dagbag.py:536} INFO - Filling up the DagBag from /home/airflow/.local/lib/python3.8/site-packages/airflow/example_dags/example_local_kubernetes_executor.py
[2024-08-26T12:39:53.688+0000] {processor.py:839} INFO - DAG(s) dict_keys(['example_local_kubernetes_executor']) retrieved from /home/airflow/.local/lib/python3.8/site-packages/airflow/example_dags/example_local_kubernetes_executor.py
[2024-08-26T12:39:53.763+0000] {logging_mixin.py:154} INFO - [2024-08-26T12:39:53.763+0000] {dag.py:2941} INFO - Sync 1 DAGs
[2024-08-26T12:39:53.800+0000] {logging_mixin.py:154} INFO - [2024-08-26T12:39:53.799+0000] {dag.py:3722} INFO - Setting next_dagrun for example_local_kubernetes_executor to None, run_after=None
[2024-08-26T12:39:53.847+0000] {processor.py:179} INFO - Processing /home/airflow/.local/lib/python3.8/site-packages/airflow/example_dags/example_local_kubernetes_executor.py took 0.186 seconds
[2024-08-26T12:40:24.786+0000] {processor.py:157} INFO - Started process (PID=588) to work on /home/airflow/.local/lib/python3.8/site-packages/airflow/example_dags/example_local_kubernetes_executor.py
[2024-08-26T12:40:24.792+0000] {processor.py:829} INFO - Processing file /home/airflow/.local/lib/python3.8/site-packages/airflow/example_dags/example_local_kubernetes_executor.py for tasks to queue
[2024-08-26T12:40:24.802+0000] {logging_mixin.py:154} INFO - [2024-08-26T12:40:24.801+0000] {dagbag.py:536} INFO - Filling up the DagBag from /home/airflow/.local/lib/python3.8/site-packages/airflow/example_dags/example_local_kubernetes_executor.py
[2024-08-26T12:40:24.851+0000] {processor.py:839} INFO - DAG(s) dict_keys(['example_local_kubernetes_executor']) retrieved from /home/airflow/.local/lib/python3.8/site-packages/airflow/example_dags/example_local_kubernetes_executor.py
[2024-08-26T12:40:24.975+0000] {logging_mixin.py:154} INFO - [2024-08-26T12:40:24.974+0000] {dag.py:2941} INFO - Sync 1 DAGs
[2024-08-26T12:40:25.066+0000] {logging_mixin.py:154} INFO - [2024-08-26T12:40:25.065+0000] {dag.py:3722} INFO - Setting next_dagrun for example_local_kubernetes_executor to None, run_after=None
[2024-08-26T12:40:25.141+0000] {processor.py:179} INFO - Processing /home/airflow/.local/lib/python3.8/site-packages/airflow/example_dags/example_local_kubernetes_executor.py took 0.363 seconds
[2024-08-26T12:40:56.140+0000] {processor.py:157} INFO - Started process (PID=653) to work on /home/airflow/.local/lib/python3.8/site-packages/airflow/example_dags/example_local_kubernetes_executor.py
[2024-08-26T12:40:56.142+0000] {processor.py:829} INFO - Processing file /home/airflow/.local/lib/python3.8/site-packages/airflow/example_dags/example_local_kubernetes_executor.py for tasks to queue
[2024-08-26T12:40:56.145+0000] {logging_mixin.py:154} INFO - [2024-08-26T12:40:56.145+0000] {dagbag.py:536} INFO - Filling up the DagBag from /home/airflow/.local/lib/python3.8/site-packages/airflow/example_dags/example_local_kubernetes_executor.py
[2024-08-26T12:40:56.159+0000] {processor.py:839} INFO - DAG(s) dict_keys(['example_local_kubernetes_executor']) retrieved from /home/airflow/.local/lib/python3.8/site-packages/airflow/example_dags/example_local_kubernetes_executor.py
[2024-08-26T12:40:56.213+0000] {logging_mixin.py:154} INFO - [2024-08-26T12:40:56.212+0000] {dag.py:2941} INFO - Sync 1 DAGs
[2024-08-26T12:40:56.241+0000] {logging_mixin.py:154} INFO - [2024-08-26T12:40:56.241+0000] {dag.py:3722} INFO - Setting next_dagrun for example_local_kubernetes_executor to None, run_after=None
[2024-08-26T12:40:56.277+0000] {processor.py:179} INFO - Processing /home/airflow/.local/lib/python3.8/site-packages/airflow/example_dags/example_local_kubernetes_executor.py took 0.142 seconds
[2024-08-26T12:41:26.546+0000] {processor.py:157} INFO - Started process (PID=719) to work on /home/airflow/.local/lib/python3.8/site-packages/airflow/example_dags/example_local_kubernetes_executor.py
[2024-08-26T12:41:26.547+0000] {processor.py:829} INFO - Processing file /home/airflow/.local/lib/python3.8/site-packages/airflow/example_dags/example_local_kubernetes_executor.py for tasks to queue
[2024-08-26T12:41:26.551+0000] {logging_mixin.py:154} INFO - [2024-08-26T12:41:26.551+0000] {dagbag.py:536} INFO - Filling up the DagBag from /home/airflow/.local/lib/python3.8/site-packages/airflow/example_dags/example_local_kubernetes_executor.py
[2024-08-26T12:41:26.562+0000] {processor.py:839} INFO - DAG(s) dict_keys(['example_local_kubernetes_executor']) retrieved from /home/airflow/.local/lib/python3.8/site-packages/airflow/example_dags/example_local_kubernetes_executor.py
[2024-08-26T12:41:26.612+0000] {logging_mixin.py:154} INFO - [2024-08-26T12:41:26.612+0000] {dag.py:2941} INFO - Sync 1 DAGs
[2024-08-26T12:41:26.634+0000] {logging_mixin.py:154} INFO - [2024-08-26T12:41:26.634+0000] {dag.py:3722} INFO - Setting next_dagrun for example_local_kubernetes_executor to None, run_after=None
[2024-08-26T12:41:26.704+0000] {processor.py:179} INFO - Processing /home/airflow/.local/lib/python3.8/site-packages/airflow/example_dags/example_local_kubernetes_executor.py took 0.164 seconds
[2024-08-26T12:41:56.834+0000] {processor.py:157} INFO - Started process (PID=785) to work on /home/airflow/.local/lib/python3.8/site-packages/airflow/example_dags/example_local_kubernetes_executor.py
[2024-08-26T12:41:56.836+0000] {processor.py:829} INFO - Processing file /home/airflow/.local/lib/python3.8/site-packages/airflow/example_dags/example_local_kubernetes_executor.py for tasks to queue
[2024-08-26T12:41:56.840+0000] {logging_mixin.py:154} INFO - [2024-08-26T12:41:56.840+0000] {dagbag.py:536} INFO - Filling up the DagBag from /home/airflow/.local/lib/python3.8/site-packages/airflow/example_dags/example_local_kubernetes_executor.py
[2024-08-26T12:41:56.855+0000] {processor.py:839} INFO - DAG(s) dict_keys(['example_local_kubernetes_executor']) retrieved from /home/airflow/.local/lib/python3.8/site-packages/airflow/example_dags/example_local_kubernetes_executor.py
[2024-08-26T12:41:56.915+0000] {logging_mixin.py:154} INFO - [2024-08-26T12:41:56.915+0000] {dag.py:2941} INFO - Sync 1 DAGs
[2024-08-26T12:41:56.943+0000] {logging_mixin.py:154} INFO - [2024-08-26T12:41:56.943+0000] {dag.py:3722} INFO - Setting next_dagrun for example_local_kubernetes_executor to None, run_after=None
[2024-08-26T12:41:56.980+0000] {processor.py:179} INFO - Processing /home/airflow/.local/lib/python3.8/site-packages/airflow/example_dags/example_local_kubernetes_executor.py took 0.152 seconds
[2024-08-26T12:42:27.287+0000] {processor.py:157} INFO - Started process (PID=851) to work on /home/airflow/.local/lib/python3.8/site-packages/airflow/example_dags/example_local_kubernetes_executor.py
[2024-08-26T12:42:27.289+0000] {processor.py:829} INFO - Processing file /home/airflow/.local/lib/python3.8/site-packages/airflow/example_dags/example_local_kubernetes_executor.py for tasks to queue
[2024-08-26T12:42:27.293+0000] {logging_mixin.py:154} INFO - [2024-08-26T12:42:27.292+0000] {dagbag.py:536} INFO - Filling up the DagBag from /home/airflow/.local/lib/python3.8/site-packages/airflow/example_dags/example_local_kubernetes_executor.py
[2024-08-26T12:42:27.307+0000] {processor.py:839} INFO - DAG(s) dict_keys(['example_local_kubernetes_executor']) retrieved from /home/airflow/.local/lib/python3.8/site-packages/airflow/example_dags/example_local_kubernetes_executor.py
[2024-08-26T12:42:27.364+0000] {logging_mixin.py:154} INFO - [2024-08-26T12:42:27.364+0000] {dag.py:2941} INFO - Sync 1 DAGs
[2024-08-26T12:42:27.391+0000] {logging_mixin.py:154} INFO - [2024-08-26T12:42:27.390+0000] {dag.py:3722} INFO - Setting next_dagrun for example_local_kubernetes_executor to None, run_after=None
[2024-08-26T12:42:27.462+0000] {processor.py:179} INFO - Processing /home/airflow/.local/lib/python3.8/site-packages/airflow/example_dags/example_local_kubernetes_executor.py took 0.182 seconds
[2024-08-26T12:42:58.366+0000] {processor.py:157} INFO - Started process (PID=917) to work on /home/airflow/.local/lib/python3.8/site-packages/airflow/example_dags/example_local_kubernetes_executor.py
[2024-08-26T12:42:58.368+0000] {processor.py:829} INFO - Processing file /home/airflow/.local/lib/python3.8/site-packages/airflow/example_dags/example_local_kubernetes_executor.py for tasks to queue
[2024-08-26T12:42:58.372+0000] {logging_mixin.py:154} INFO - [2024-08-26T12:42:58.371+0000] {dagbag.py:536} INFO - Filling up the DagBag from /home/airflow/.local/lib/python3.8/site-packages/airflow/example_dags/example_local_kubernetes_executor.py
[2024-08-26T12:42:58.389+0000] {processor.py:839} INFO - DAG(s) dict_keys(['example_local_kubernetes_executor']) retrieved from /home/airflow/.local/lib/python3.8/site-packages/airflow/example_dags/example_local_kubernetes_executor.py
[2024-08-26T12:42:58.448+0000] {logging_mixin.py:154} INFO - [2024-08-26T12:42:58.447+0000] {dag.py:2941} INFO - Sync 1 DAGs
[2024-08-26T12:42:58.472+0000] {logging_mixin.py:154} INFO - [2024-08-26T12:42:58.471+0000] {dag.py:3722} INFO - Setting next_dagrun for example_local_kubernetes_executor to None, run_after=None
[2024-08-26T12:42:58.538+0000] {processor.py:179} INFO - Processing /home/airflow/.local/lib/python3.8/site-packages/airflow/example_dags/example_local_kubernetes_executor.py took 0.177 seconds
[2024-08-26T12:43:28.976+0000] {processor.py:157} INFO - Started process (PID=995) to work on /home/airflow/.local/lib/python3.8/site-packages/airflow/example_dags/example_local_kubernetes_executor.py
[2024-08-26T12:43:28.978+0000] {processor.py:829} INFO - Processing file /home/airflow/.local/lib/python3.8/site-packages/airflow/example_dags/example_local_kubernetes_executor.py for tasks to queue
[2024-08-26T12:43:28.982+0000] {logging_mixin.py:154} INFO - [2024-08-26T12:43:28.982+0000] {dagbag.py:536} INFO - Filling up the DagBag from /home/airflow/.local/lib/python3.8/site-packages/airflow/example_dags/example_local_kubernetes_executor.py
[2024-08-26T12:43:28.996+0000] {processor.py:839} INFO - DAG(s) dict_keys(['example_local_kubernetes_executor']) retrieved from /home/airflow/.local/lib/python3.8/site-packages/airflow/example_dags/example_local_kubernetes_executor.py
[2024-08-26T12:43:29.061+0000] {logging_mixin.py:154} INFO - [2024-08-26T12:43:29.060+0000] {dag.py:2941} INFO - Sync 1 DAGs
[2024-08-26T12:43:29.094+0000] {logging_mixin.py:154} INFO - [2024-08-26T12:43:29.093+0000] {dag.py:3722} INFO - Setting next_dagrun for example_local_kubernetes_executor to None, run_after=None
[2024-08-26T12:43:29.138+0000] {processor.py:179} INFO - Processing /home/airflow/.local/lib/python3.8/site-packages/airflow/example_dags/example_local_kubernetes_executor.py took 0.168 seconds
[2024-08-26T12:43:59.446+0000] {processor.py:157} INFO - Started process (PID=1061) to work on /home/airflow/.local/lib/python3.8/site-packages/airflow/example_dags/example_local_kubernetes_executor.py
[2024-08-26T12:43:59.447+0000] {processor.py:829} INFO - Processing file /home/airflow/.local/lib/python3.8/site-packages/airflow/example_dags/example_local_kubernetes_executor.py for tasks to queue
[2024-08-26T12:43:59.451+0000] {logging_mixin.py:154} INFO - [2024-08-26T12:43:59.450+0000] {dagbag.py:536} INFO - Filling up the DagBag from /home/airflow/.local/lib/python3.8/site-packages/airflow/example_dags/example_local_kubernetes_executor.py
[2024-08-26T12:43:59.465+0000] {processor.py:839} INFO - DAG(s) dict_keys(['example_local_kubernetes_executor']) retrieved from /home/airflow/.local/lib/python3.8/site-packages/airflow/example_dags/example_local_kubernetes_executor.py
[2024-08-26T12:43:59.524+0000] {logging_mixin.py:154} INFO - [2024-08-26T12:43:59.523+0000] {dag.py:2941} INFO - Sync 1 DAGs
[2024-08-26T12:43:59.550+0000] {logging_mixin.py:154} INFO - [2024-08-26T12:43:59.550+0000] {dag.py:3722} INFO - Setting next_dagrun for example_local_kubernetes_executor to None, run_after=None
[2024-08-26T12:43:59.585+0000] {processor.py:179} INFO - Processing /home/airflow/.local/lib/python3.8/site-packages/airflow/example_dags/example_local_kubernetes_executor.py took 0.146 seconds
[2024-08-26T12:44:30.112+0000] {processor.py:157} INFO - Started process (PID=1127) to work on /home/airflow/.local/lib/python3.8/site-packages/airflow/example_dags/example_local_kubernetes_executor.py
[2024-08-26T12:44:30.114+0000] {processor.py:829} INFO - Processing file /home/airflow/.local/lib/python3.8/site-packages/airflow/example_dags/example_local_kubernetes_executor.py for tasks to queue
[2024-08-26T12:44:30.118+0000] {logging_mixin.py:154} INFO - [2024-08-26T12:44:30.118+0000] {dagbag.py:536} INFO - Filling up the DagBag from /home/airflow/.local/lib/python3.8/site-packages/airflow/example_dags/example_local_kubernetes_executor.py
[2024-08-26T12:44:30.134+0000] {processor.py:839} INFO - DAG(s) dict_keys(['example_local_kubernetes_executor']) retrieved from /home/airflow/.local/lib/python3.8/site-packages/airflow/example_dags/example_local_kubernetes_executor.py
[2024-08-26T12:44:30.225+0000] {logging_mixin.py:154} INFO - [2024-08-26T12:44:30.224+0000] {dag.py:2941} INFO - Sync 1 DAGs
[2024-08-26T12:44:30.254+0000] {logging_mixin.py:154} INFO - [2024-08-26T12:44:30.254+0000] {dag.py:3722} INFO - Setting next_dagrun for example_local_kubernetes_executor to None, run_after=None
[2024-08-26T12:44:30.291+0000] {processor.py:179} INFO - Processing /home/airflow/.local/lib/python3.8/site-packages/airflow/example_dags/example_local_kubernetes_executor.py took 0.184 seconds
[2024-08-26T12:45:01.063+0000] {processor.py:157} INFO - Started process (PID=1194) to work on /home/airflow/.local/lib/python3.8/site-packages/airflow/example_dags/example_local_kubernetes_executor.py
[2024-08-26T12:45:01.065+0000] {processor.py:829} INFO - Processing file /home/airflow/.local/lib/python3.8/site-packages/airflow/example_dags/example_local_kubernetes_executor.py for tasks to queue
[2024-08-26T12:45:01.070+0000] {logging_mixin.py:154} INFO - [2024-08-26T12:45:01.069+0000] {dagbag.py:536} INFO - Filling up the DagBag from /home/airflow/.local/lib/python3.8/site-packages/airflow/example_dags/example_local_kubernetes_executor.py
[2024-08-26T12:45:01.085+0000] {processor.py:839} INFO - DAG(s) dict_keys(['example_local_kubernetes_executor']) retrieved from /home/airflow/.local/lib/python3.8/site-packages/airflow/example_dags/example_local_kubernetes_executor.py
[2024-08-26T12:45:01.158+0000] {logging_mixin.py:154} INFO - [2024-08-26T12:45:01.157+0000] {dag.py:2941} INFO - Sync 1 DAGs
[2024-08-26T12:45:01.190+0000] {logging_mixin.py:154} INFO - [2024-08-26T12:45:01.190+0000] {dag.py:3722} INFO - Setting next_dagrun for example_local_kubernetes_executor to None, run_after=None
[2024-08-26T12:45:01.239+0000] {processor.py:179} INFO - Processing /home/airflow/.local/lib/python3.8/site-packages/airflow/example_dags/example_local_kubernetes_executor.py took 0.182 seconds
[2024-08-26T12:45:31.494+0000] {processor.py:157} INFO - Started process (PID=1267) to work on /home/airflow/.local/lib/python3.8/site-packages/airflow/example_dags/example_local_kubernetes_executor.py
[2024-08-26T12:45:31.495+0000] {processor.py:829} INFO - Processing file /home/airflow/.local/lib/python3.8/site-packages/airflow/example_dags/example_local_kubernetes_executor.py for tasks to queue
[2024-08-26T12:45:31.499+0000] {logging_mixin.py:154} INFO - [2024-08-26T12:45:31.499+0000] {dagbag.py:536} INFO - Filling up the DagBag from /home/airflow/.local/lib/python3.8/site-packages/airflow/example_dags/example_local_kubernetes_executor.py
[2024-08-26T12:45:31.513+0000] {processor.py:839} INFO - DAG(s) dict_keys(['example_local_kubernetes_executor']) retrieved from /home/airflow/.local/lib/python3.8/site-packages/airflow/example_dags/example_local_kubernetes_executor.py
[2024-08-26T12:45:31.569+0000] {logging_mixin.py:154} INFO - [2024-08-26T12:45:31.568+0000] {dag.py:2941} INFO - Sync 1 DAGs
[2024-08-26T12:45:31.596+0000] {logging_mixin.py:154} INFO - [2024-08-26T12:45:31.596+0000] {dag.py:3722} INFO - Setting next_dagrun for example_local_kubernetes_executor to None, run_after=None
[2024-08-26T12:45:31.669+0000] {processor.py:179} INFO - Processing /home/airflow/.local/lib/python3.8/site-packages/airflow/example_dags/example_local_kubernetes_executor.py took 0.182 seconds
[2024-08-26T12:46:01.796+0000] {processor.py:157} INFO - Started process (PID=1333) to work on /home/airflow/.local/lib/python3.8/site-packages/airflow/example_dags/example_local_kubernetes_executor.py
[2024-08-26T12:46:01.798+0000] {processor.py:829} INFO - Processing file /home/airflow/.local/lib/python3.8/site-packages/airflow/example_dags/example_local_kubernetes_executor.py for tasks to queue
[2024-08-26T12:46:01.802+0000] {logging_mixin.py:154} INFO - [2024-08-26T12:46:01.802+0000] {dagbag.py:536} INFO - Filling up the DagBag from /home/airflow/.local/lib/python3.8/site-packages/airflow/example_dags/example_local_kubernetes_executor.py
[2024-08-26T12:46:01.818+0000] {processor.py:839} INFO - DAG(s) dict_keys(['example_local_kubernetes_executor']) retrieved from /home/airflow/.local/lib/python3.8/site-packages/airflow/example_dags/example_local_kubernetes_executor.py
[2024-08-26T12:46:01.880+0000] {logging_mixin.py:154} INFO - [2024-08-26T12:46:01.880+0000] {dag.py:2941} INFO - Sync 1 DAGs
[2024-08-26T12:46:01.910+0000] {logging_mixin.py:154} INFO - [2024-08-26T12:46:01.910+0000] {dag.py:3722} INFO - Setting next_dagrun for example_local_kubernetes_executor to None, run_after=None
[2024-08-26T12:46:01.977+0000] {processor.py:179} INFO - Processing /home/airflow/.local/lib/python3.8/site-packages/airflow/example_dags/example_local_kubernetes_executor.py took 0.188 seconds
[2024-08-26T12:46:32.192+0000] {processor.py:157} INFO - Started process (PID=1399) to work on /home/airflow/.local/lib/python3.8/site-packages/airflow/example_dags/example_local_kubernetes_executor.py
[2024-08-26T12:46:32.194+0000] {processor.py:829} INFO - Processing file /home/airflow/.local/lib/python3.8/site-packages/airflow/example_dags/example_local_kubernetes_executor.py for tasks to queue
[2024-08-26T12:46:32.201+0000] {logging_mixin.py:154} INFO - [2024-08-26T12:46:32.201+0000] {dagbag.py:536} INFO - Filling up the DagBag from /home/airflow/.local/lib/python3.8/site-packages/airflow/example_dags/example_local_kubernetes_executor.py
[2024-08-26T12:46:32.215+0000] {processor.py:839} INFO - DAG(s) dict_keys(['example_local_kubernetes_executor']) retrieved from /home/airflow/.local/lib/python3.8/site-packages/airflow/example_dags/example_local_kubernetes_executor.py
[2024-08-26T12:46:32.284+0000] {logging_mixin.py:154} INFO - [2024-08-26T12:46:32.284+0000] {dag.py:2941} INFO - Sync 1 DAGs
[2024-08-26T12:46:32.315+0000] {logging_mixin.py:154} INFO - [2024-08-26T12:46:32.314+0000] {dag.py:3722} INFO - Setting next_dagrun for example_local_kubernetes_executor to None, run_after=None
[2024-08-26T12:46:32.386+0000] {processor.py:179} INFO - Processing /home/airflow/.local/lib/python3.8/site-packages/airflow/example_dags/example_local_kubernetes_executor.py took 0.200 seconds
[2024-08-26T12:47:02.549+0000] {processor.py:157} INFO - Started process (PID=1465) to work on /home/airflow/.local/lib/python3.8/site-packages/airflow/example_dags/example_local_kubernetes_executor.py
[2024-08-26T12:47:02.551+0000] {processor.py:829} INFO - Processing file /home/airflow/.local/lib/python3.8/site-packages/airflow/example_dags/example_local_kubernetes_executor.py for tasks to queue
[2024-08-26T12:47:02.557+0000] {logging_mixin.py:154} INFO - [2024-08-26T12:47:02.556+0000] {dagbag.py:536} INFO - Filling up the DagBag from /home/airflow/.local/lib/python3.8/site-packages/airflow/example_dags/example_local_kubernetes_executor.py
[2024-08-26T12:47:02.571+0000] {processor.py:839} INFO - DAG(s) dict_keys(['example_local_kubernetes_executor']) retrieved from /home/airflow/.local/lib/python3.8/site-packages/airflow/example_dags/example_local_kubernetes_executor.py
[2024-08-26T12:47:02.638+0000] {logging_mixin.py:154} INFO - [2024-08-26T12:47:02.638+0000] {dag.py:2941} INFO - Sync 1 DAGs
[2024-08-26T12:47:02.666+0000] {logging_mixin.py:154} INFO - [2024-08-26T12:47:02.666+0000] {dag.py:3722} INFO - Setting next_dagrun for example_local_kubernetes_executor to None, run_after=None
[2024-08-26T12:47:02.739+0000] {processor.py:179} INFO - Processing /home/airflow/.local/lib/python3.8/site-packages/airflow/example_dags/example_local_kubernetes_executor.py took 0.195 seconds
[2024-08-26T12:47:32.985+0000] {processor.py:157} INFO - Started process (PID=1532) to work on /home/airflow/.local/lib/python3.8/site-packages/airflow/example_dags/example_local_kubernetes_executor.py
[2024-08-26T12:47:32.987+0000] {processor.py:829} INFO - Processing file /home/airflow/.local/lib/python3.8/site-packages/airflow/example_dags/example_local_kubernetes_executor.py for tasks to queue
[2024-08-26T12:47:32.992+0000] {logging_mixin.py:154} INFO - [2024-08-26T12:47:32.991+0000] {dagbag.py:536} INFO - Filling up the DagBag from /home/airflow/.local/lib/python3.8/site-packages/airflow/example_dags/example_local_kubernetes_executor.py
[2024-08-26T12:47:33.008+0000] {processor.py:839} INFO - DAG(s) dict_keys(['example_local_kubernetes_executor']) retrieved from /home/airflow/.local/lib/python3.8/site-packages/airflow/example_dags/example_local_kubernetes_executor.py
[2024-08-26T12:47:33.066+0000] {logging_mixin.py:154} INFO - [2024-08-26T12:47:33.065+0000] {dag.py:2941} INFO - Sync 1 DAGs
[2024-08-26T12:47:33.092+0000] {logging_mixin.py:154} INFO - [2024-08-26T12:47:33.092+0000] {dag.py:3722} INFO - Setting next_dagrun for example_local_kubernetes_executor to None, run_after=None
[2024-08-26T12:47:33.161+0000] {processor.py:179} INFO - Processing /home/airflow/.local/lib/python3.8/site-packages/airflow/example_dags/example_local_kubernetes_executor.py took 0.183 seconds
[2024-08-26T12:48:03.963+0000] {processor.py:157} INFO - Started process (PID=1599) to work on /home/airflow/.local/lib/python3.8/site-packages/airflow/example_dags/example_local_kubernetes_executor.py
[2024-08-26T12:48:03.965+0000] {processor.py:829} INFO - Processing file /home/airflow/.local/lib/python3.8/site-packages/airflow/example_dags/example_local_kubernetes_executor.py for tasks to queue
[2024-08-26T12:48:03.970+0000] {logging_mixin.py:154} INFO - [2024-08-26T12:48:03.969+0000] {dagbag.py:536} INFO - Filling up the DagBag from /home/airflow/.local/lib/python3.8/site-packages/airflow/example_dags/example_local_kubernetes_executor.py
[2024-08-26T12:48:03.984+0000] {processor.py:839} INFO - DAG(s) dict_keys(['example_local_kubernetes_executor']) retrieved from /home/airflow/.local/lib/python3.8/site-packages/airflow/example_dags/example_local_kubernetes_executor.py
[2024-08-26T12:48:04.044+0000] {logging_mixin.py:154} INFO - [2024-08-26T12:48:04.043+0000] {dag.py:2941} INFO - Sync 1 DAGs
[2024-08-26T12:48:04.069+0000] {logging_mixin.py:154} INFO - [2024-08-26T12:48:04.068+0000] {dag.py:3722} INFO - Setting next_dagrun for example_local_kubernetes_executor to None, run_after=None
[2024-08-26T12:48:04.104+0000] {processor.py:179} INFO - Processing /home/airflow/.local/lib/python3.8/site-packages/airflow/example_dags/example_local_kubernetes_executor.py took 0.148 seconds
[2024-08-26T12:49:34.441+0000] {processor.py:157} INFO - Started process (PID=1659) to work on /home/airflow/.local/lib/python3.8/site-packages/airflow/example_dags/example_local_kubernetes_executor.py
[2024-08-26T12:49:34.443+0000] {processor.py:829} INFO - Processing file /home/airflow/.local/lib/python3.8/site-packages/airflow/example_dags/example_local_kubernetes_executor.py for tasks to queue
[2024-08-26T12:49:34.447+0000] {logging_mixin.py:154} INFO - [2024-08-26T12:49:34.446+0000] {dagbag.py:536} INFO - Filling up the DagBag from /home/airflow/.local/lib/python3.8/site-packages/airflow/example_dags/example_local_kubernetes_executor.py
[2024-08-26T12:49:34.459+0000] {processor.py:839} INFO - DAG(s) dict_keys(['example_local_kubernetes_executor']) retrieved from /home/airflow/.local/lib/python3.8/site-packages/airflow/example_dags/example_local_kubernetes_executor.py
[2024-08-26T12:49:34.517+0000] {logging_mixin.py:154} INFO - [2024-08-26T12:49:34.517+0000] {dag.py:2941} INFO - Sync 1 DAGs
[2024-08-26T12:49:34.545+0000] {logging_mixin.py:154} INFO - [2024-08-26T12:49:34.545+0000] {dag.py:3722} INFO - Setting next_dagrun for example_local_kubernetes_executor to None, run_after=None
[2024-08-26T12:49:34.580+0000] {processor.py:179} INFO - Processing /home/airflow/.local/lib/python3.8/site-packages/airflow/example_dags/example_local_kubernetes_executor.py took 0.144 seconds
[2024-08-26T12:50:04.687+0000] {processor.py:157} INFO - Started process (PID=1723) to work on /home/airflow/.local/lib/python3.8/site-packages/airflow/example_dags/example_local_kubernetes_executor.py
[2024-08-26T12:50:04.688+0000] {processor.py:829} INFO - Processing file /home/airflow/.local/lib/python3.8/site-packages/airflow/example_dags/example_local_kubernetes_executor.py for tasks to queue
[2024-08-26T12:50:04.693+0000] {logging_mixin.py:154} INFO - [2024-08-26T12:50:04.692+0000] {dagbag.py:536} INFO - Filling up the DagBag from /home/airflow/.local/lib/python3.8/site-packages/airflow/example_dags/example_local_kubernetes_executor.py
[2024-08-26T12:50:04.707+0000] {processor.py:839} INFO - DAG(s) dict_keys(['example_local_kubernetes_executor']) retrieved from /home/airflow/.local/lib/python3.8/site-packages/airflow/example_dags/example_local_kubernetes_executor.py
[2024-08-26T12:50:04.768+0000] {logging_mixin.py:154} INFO - [2024-08-26T12:50:04.767+0000] {dag.py:2941} INFO - Sync 1 DAGs
[2024-08-26T12:50:04.797+0000] {logging_mixin.py:154} INFO - [2024-08-26T12:50:04.797+0000] {dag.py:3722} INFO - Setting next_dagrun for example_local_kubernetes_executor to None, run_after=None
[2024-08-26T12:50:04.859+0000] {processor.py:179} INFO - Processing /home/airflow/.local/lib/python3.8/site-packages/airflow/example_dags/example_local_kubernetes_executor.py took 0.177 seconds
[2024-08-26T12:50:35.634+0000] {processor.py:157} INFO - Started process (PID=1789) to work on /home/airflow/.local/lib/python3.8/site-packages/airflow/example_dags/example_local_kubernetes_executor.py
[2024-08-26T12:50:35.635+0000] {processor.py:829} INFO - Processing file /home/airflow/.local/lib/python3.8/site-packages/airflow/example_dags/example_local_kubernetes_executor.py for tasks to queue
[2024-08-26T12:50:35.640+0000] {logging_mixin.py:154} INFO - [2024-08-26T12:50:35.639+0000] {dagbag.py:536} INFO - Filling up the DagBag from /home/airflow/.local/lib/python3.8/site-packages/airflow/example_dags/example_local_kubernetes_executor.py
[2024-08-26T12:50:35.653+0000] {processor.py:839} INFO - DAG(s) dict_keys(['example_local_kubernetes_executor']) retrieved from /home/airflow/.local/lib/python3.8/site-packages/airflow/example_dags/example_local_kubernetes_executor.py
[2024-08-26T12:50:35.713+0000] {logging_mixin.py:154} INFO - [2024-08-26T12:50:35.713+0000] {dag.py:2941} INFO - Sync 1 DAGs
[2024-08-26T12:50:35.743+0000] {logging_mixin.py:154} INFO - [2024-08-26T12:50:35.742+0000] {dag.py:3722} INFO - Setting next_dagrun for example_local_kubernetes_executor to None, run_after=None
[2024-08-26T12:50:35.816+0000] {processor.py:179} INFO - Processing /home/airflow/.local/lib/python3.8/site-packages/airflow/example_dags/example_local_kubernetes_executor.py took 0.188 seconds
[2024-08-26T12:51:06.223+0000] {processor.py:157} INFO - Started process (PID=1855) to work on /home/airflow/.local/lib/python3.8/site-packages/airflow/example_dags/example_local_kubernetes_executor.py
[2024-08-26T12:51:06.224+0000] {processor.py:829} INFO - Processing file /home/airflow/.local/lib/python3.8/site-packages/airflow/example_dags/example_local_kubernetes_executor.py for tasks to queue
[2024-08-26T12:51:06.229+0000] {logging_mixin.py:154} INFO - [2024-08-26T12:51:06.228+0000] {dagbag.py:536} INFO - Filling up the DagBag from /home/airflow/.local/lib/python3.8/site-packages/airflow/example_dags/example_local_kubernetes_executor.py
[2024-08-26T12:51:06.242+0000] {processor.py:839} INFO - DAG(s) dict_keys(['example_local_kubernetes_executor']) retrieved from /home/airflow/.local/lib/python3.8/site-packages/airflow/example_dags/example_local_kubernetes_executor.py
[2024-08-26T12:51:06.296+0000] {logging_mixin.py:154} INFO - [2024-08-26T12:51:06.295+0000] {dag.py:2941} INFO - Sync 1 DAGs
[2024-08-26T12:51:06.321+0000] {logging_mixin.py:154} INFO - [2024-08-26T12:51:06.321+0000] {dag.py:3722} INFO - Setting next_dagrun for example_local_kubernetes_executor to None, run_after=None
[2024-08-26T12:51:06.392+0000] {processor.py:179} INFO - Processing /home/airflow/.local/lib/python3.8/site-packages/airflow/example_dags/example_local_kubernetes_executor.py took 0.175 seconds
[2024-08-26T12:51:36.534+0000] {processor.py:157} INFO - Started process (PID=1922) to work on /home/airflow/.local/lib/python3.8/site-packages/airflow/example_dags/example_local_kubernetes_executor.py
[2024-08-26T12:51:36.536+0000] {processor.py:829} INFO - Processing file /home/airflow/.local/lib/python3.8/site-packages/airflow/example_dags/example_local_kubernetes_executor.py for tasks to queue
[2024-08-26T12:51:36.540+0000] {logging_mixin.py:154} INFO - [2024-08-26T12:51:36.540+0000] {dagbag.py:536} INFO - Filling up the DagBag from /home/airflow/.local/lib/python3.8/site-packages/airflow/example_dags/example_local_kubernetes_executor.py
[2024-08-26T12:51:36.554+0000] {processor.py:839} INFO - DAG(s) dict_keys(['example_local_kubernetes_executor']) retrieved from /home/airflow/.local/lib/python3.8/site-packages/airflow/example_dags/example_local_kubernetes_executor.py
[2024-08-26T12:51:36.612+0000] {logging_mixin.py:154} INFO - [2024-08-26T12:51:36.611+0000] {dag.py:2941} INFO - Sync 1 DAGs
[2024-08-26T12:51:36.634+0000] {logging_mixin.py:154} INFO - [2024-08-26T12:51:36.633+0000] {dag.py:3722} INFO - Setting next_dagrun for example_local_kubernetes_executor to None, run_after=None
[2024-08-26T12:51:36.665+0000] {processor.py:179} INFO - Processing /home/airflow/.local/lib/python3.8/site-packages/airflow/example_dags/example_local_kubernetes_executor.py took 0.137 seconds
[2024-08-26T12:52:06.958+0000] {processor.py:157} INFO - Started process (PID=1988) to work on /home/airflow/.local/lib/python3.8/site-packages/airflow/example_dags/example_local_kubernetes_executor.py
[2024-08-26T12:52:06.960+0000] {processor.py:829} INFO - Processing file /home/airflow/.local/lib/python3.8/site-packages/airflow/example_dags/example_local_kubernetes_executor.py for tasks to queue
[2024-08-26T12:52:06.964+0000] {logging_mixin.py:154} INFO - [2024-08-26T12:52:06.964+0000] {dagbag.py:536} INFO - Filling up the DagBag from /home/airflow/.local/lib/python3.8/site-packages/airflow/example_dags/example_local_kubernetes_executor.py
[2024-08-26T12:52:06.979+0000] {processor.py:839} INFO - DAG(s) dict_keys(['example_local_kubernetes_executor']) retrieved from /home/airflow/.local/lib/python3.8/site-packages/airflow/example_dags/example_local_kubernetes_executor.py
[2024-08-26T12:52:07.033+0000] {logging_mixin.py:154} INFO - [2024-08-26T12:52:07.033+0000] {dag.py:2941} INFO - Sync 1 DAGs
[2024-08-26T12:52:07.057+0000] {logging_mixin.py:154} INFO - [2024-08-26T12:52:07.056+0000] {dag.py:3722} INFO - Setting next_dagrun for example_local_kubernetes_executor to None, run_after=None
[2024-08-26T12:52:07.093+0000] {processor.py:179} INFO - Processing /home/airflow/.local/lib/python3.8/site-packages/airflow/example_dags/example_local_kubernetes_executor.py took 0.142 seconds
[2024-08-26T12:52:37.951+0000] {processor.py:157} INFO - Started process (PID=2054) to work on /home/airflow/.local/lib/python3.8/site-packages/airflow/example_dags/example_local_kubernetes_executor.py
[2024-08-26T12:52:37.953+0000] {processor.py:829} INFO - Processing file /home/airflow/.local/lib/python3.8/site-packages/airflow/example_dags/example_local_kubernetes_executor.py for tasks to queue
[2024-08-26T12:52:37.957+0000] {logging_mixin.py:154} INFO - [2024-08-26T12:52:37.956+0000] {dagbag.py:536} INFO - Filling up the DagBag from /home/airflow/.local/lib/python3.8/site-packages/airflow/example_dags/example_local_kubernetes_executor.py
[2024-08-26T12:52:37.969+0000] {processor.py:839} INFO - DAG(s) dict_keys(['example_local_kubernetes_executor']) retrieved from /home/airflow/.local/lib/python3.8/site-packages/airflow/example_dags/example_local_kubernetes_executor.py
[2024-08-26T12:52:38.023+0000] {logging_mixin.py:154} INFO - [2024-08-26T12:52:38.022+0000] {dag.py:2941} INFO - Sync 1 DAGs
[2024-08-26T12:52:38.052+0000] {logging_mixin.py:154} INFO - [2024-08-26T12:52:38.051+0000] {dag.py:3722} INFO - Setting next_dagrun for example_local_kubernetes_executor to None, run_after=None
[2024-08-26T12:52:38.125+0000] {processor.py:179} INFO - Processing /home/airflow/.local/lib/python3.8/site-packages/airflow/example_dags/example_local_kubernetes_executor.py took 0.181 seconds
[2024-08-26T12:53:08.508+0000] {processor.py:157} INFO - Started process (PID=2120) to work on /home/airflow/.local/lib/python3.8/site-packages/airflow/example_dags/example_local_kubernetes_executor.py
[2024-08-26T12:53:08.510+0000] {processor.py:829} INFO - Processing file /home/airflow/.local/lib/python3.8/site-packages/airflow/example_dags/example_local_kubernetes_executor.py for tasks to queue
[2024-08-26T12:53:08.514+0000] {logging_mixin.py:154} INFO - [2024-08-26T12:53:08.513+0000] {dagbag.py:536} INFO - Filling up the DagBag from /home/airflow/.local/lib/python3.8/site-packages/airflow/example_dags/example_local_kubernetes_executor.py
[2024-08-26T12:53:08.527+0000] {processor.py:839} INFO - DAG(s) dict_keys(['example_local_kubernetes_executor']) retrieved from /home/airflow/.local/lib/python3.8/site-packages/airflow/example_dags/example_local_kubernetes_executor.py
[2024-08-26T12:53:08.577+0000] {logging_mixin.py:154} INFO - [2024-08-26T12:53:08.577+0000] {dag.py:2941} INFO - Sync 1 DAGs
[2024-08-26T12:53:08.601+0000] {logging_mixin.py:154} INFO - [2024-08-26T12:53:08.600+0000] {dag.py:3722} INFO - Setting next_dagrun for example_local_kubernetes_executor to None, run_after=None
[2024-08-26T12:53:08.670+0000] {processor.py:179} INFO - Processing /home/airflow/.local/lib/python3.8/site-packages/airflow/example_dags/example_local_kubernetes_executor.py took 0.167 seconds
[2024-08-26T12:53:58.247+0000] {processor.py:157} INFO - Started process (PID=2188) to work on /home/airflow/.local/lib/python3.8/site-packages/airflow/example_dags/example_local_kubernetes_executor.py
[2024-08-26T12:53:58.249+0000] {processor.py:829} INFO - Processing file /home/airflow/.local/lib/python3.8/site-packages/airflow/example_dags/example_local_kubernetes_executor.py for tasks to queue
[2024-08-26T12:53:58.252+0000] {logging_mixin.py:154} INFO - [2024-08-26T12:53:58.252+0000] {dagbag.py:536} INFO - Filling up the DagBag from /home/airflow/.local/lib/python3.8/site-packages/airflow/example_dags/example_local_kubernetes_executor.py
[2024-08-26T12:53:58.264+0000] {processor.py:839} INFO - DAG(s) dict_keys(['example_local_kubernetes_executor']) retrieved from /home/airflow/.local/lib/python3.8/site-packages/airflow/example_dags/example_local_kubernetes_executor.py
[2024-08-26T12:53:58.319+0000] {logging_mixin.py:154} INFO - [2024-08-26T12:53:58.318+0000] {dag.py:2941} INFO - Sync 1 DAGs
[2024-08-26T12:53:58.343+0000] {logging_mixin.py:154} INFO - [2024-08-26T12:53:58.343+0000] {dag.py:3722} INFO - Setting next_dagrun for example_local_kubernetes_executor to None, run_after=None
[2024-08-26T12:53:58.416+0000] {processor.py:179} INFO - Processing /home/airflow/.local/lib/python3.8/site-packages/airflow/example_dags/example_local_kubernetes_executor.py took 0.174 seconds
[2024-08-26T12:54:29.078+0000] {processor.py:157} INFO - Started process (PID=2252) to work on /home/airflow/.local/lib/python3.8/site-packages/airflow/example_dags/example_local_kubernetes_executor.py
[2024-08-26T12:54:29.080+0000] {processor.py:829} INFO - Processing file /home/airflow/.local/lib/python3.8/site-packages/airflow/example_dags/example_local_kubernetes_executor.py for tasks to queue
[2024-08-26T12:54:29.084+0000] {logging_mixin.py:154} INFO - [2024-08-26T12:54:29.083+0000] {dagbag.py:536} INFO - Filling up the DagBag from /home/airflow/.local/lib/python3.8/site-packages/airflow/example_dags/example_local_kubernetes_executor.py
[2024-08-26T12:54:29.095+0000] {processor.py:839} INFO - DAG(s) dict_keys(['example_local_kubernetes_executor']) retrieved from /home/airflow/.local/lib/python3.8/site-packages/airflow/example_dags/example_local_kubernetes_executor.py
[2024-08-26T12:54:29.161+0000] {logging_mixin.py:154} INFO - [2024-08-26T12:54:29.161+0000] {dag.py:2941} INFO - Sync 1 DAGs
[2024-08-26T12:54:29.387+0000] {logging_mixin.py:154} INFO - [2024-08-26T12:54:29.387+0000] {dag.py:3722} INFO - Setting next_dagrun for example_local_kubernetes_executor to None, run_after=None
[2024-08-26T12:54:29.458+0000] {processor.py:179} INFO - Processing /home/airflow/.local/lib/python3.8/site-packages/airflow/example_dags/example_local_kubernetes_executor.py took 0.388 seconds
[2024-08-26T12:54:59.689+0000] {processor.py:157} INFO - Started process (PID=2317) to work on /home/airflow/.local/lib/python3.8/site-packages/airflow/example_dags/example_local_kubernetes_executor.py
[2024-08-26T12:54:59.691+0000] {processor.py:829} INFO - Processing file /home/airflow/.local/lib/python3.8/site-packages/airflow/example_dags/example_local_kubernetes_executor.py for tasks to queue
[2024-08-26T12:54:59.696+0000] {logging_mixin.py:154} INFO - [2024-08-26T12:54:59.695+0000] {dagbag.py:536} INFO - Filling up the DagBag from /home/airflow/.local/lib/python3.8/site-packages/airflow/example_dags/example_local_kubernetes_executor.py
[2024-08-26T12:54:59.711+0000] {processor.py:839} INFO - DAG(s) dict_keys(['example_local_kubernetes_executor']) retrieved from /home/airflow/.local/lib/python3.8/site-packages/airflow/example_dags/example_local_kubernetes_executor.py
[2024-08-26T12:54:59.765+0000] {logging_mixin.py:154} INFO - [2024-08-26T12:54:59.765+0000] {dag.py:2941} INFO - Sync 1 DAGs
[2024-08-26T12:54:59.790+0000] {logging_mixin.py:154} INFO - [2024-08-26T12:54:59.789+0000] {dag.py:3722} INFO - Setting next_dagrun for example_local_kubernetes_executor to None, run_after=None
[2024-08-26T12:54:59.864+0000] {processor.py:179} INFO - Processing /home/airflow/.local/lib/python3.8/site-packages/airflow/example_dags/example_local_kubernetes_executor.py took 0.183 seconds
[2024-08-26T12:55:30.225+0000] {processor.py:157} INFO - Started process (PID=2383) to work on /home/airflow/.local/lib/python3.8/site-packages/airflow/example_dags/example_local_kubernetes_executor.py
[2024-08-26T12:55:30.227+0000] {processor.py:829} INFO - Processing file /home/airflow/.local/lib/python3.8/site-packages/airflow/example_dags/example_local_kubernetes_executor.py for tasks to queue
[2024-08-26T12:55:30.231+0000] {logging_mixin.py:154} INFO - [2024-08-26T12:55:30.231+0000] {dagbag.py:536} INFO - Filling up the DagBag from /home/airflow/.local/lib/python3.8/site-packages/airflow/example_dags/example_local_kubernetes_executor.py
[2024-08-26T12:55:30.243+0000] {processor.py:839} INFO - DAG(s) dict_keys(['example_local_kubernetes_executor']) retrieved from /home/airflow/.local/lib/python3.8/site-packages/airflow/example_dags/example_local_kubernetes_executor.py
[2024-08-26T12:55:30.302+0000] {logging_mixin.py:154} INFO - [2024-08-26T12:55:30.302+0000] {dag.py:2941} INFO - Sync 1 DAGs
[2024-08-26T12:55:30.332+0000] {logging_mixin.py:154} INFO - [2024-08-26T12:55:30.331+0000] {dag.py:3722} INFO - Setting next_dagrun for example_local_kubernetes_executor to None, run_after=None
[2024-08-26T12:55:30.406+0000] {processor.py:179} INFO - Processing /home/airflow/.local/lib/python3.8/site-packages/airflow/example_dags/example_local_kubernetes_executor.py took 0.188 seconds
[2024-08-26T12:56:00.525+0000] {processor.py:157} INFO - Started process (PID=2449) to work on /home/airflow/.local/lib/python3.8/site-packages/airflow/example_dags/example_local_kubernetes_executor.py
[2024-08-26T12:56:00.527+0000] {processor.py:829} INFO - Processing file /home/airflow/.local/lib/python3.8/site-packages/airflow/example_dags/example_local_kubernetes_executor.py for tasks to queue
[2024-08-26T12:56:00.532+0000] {logging_mixin.py:154} INFO - [2024-08-26T12:56:00.531+0000] {dagbag.py:536} INFO - Filling up the DagBag from /home/airflow/.local/lib/python3.8/site-packages/airflow/example_dags/example_local_kubernetes_executor.py
[2024-08-26T12:56:00.546+0000] {processor.py:839} INFO - DAG(s) dict_keys(['example_local_kubernetes_executor']) retrieved from /home/airflow/.local/lib/python3.8/site-packages/airflow/example_dags/example_local_kubernetes_executor.py
[2024-08-26T12:56:00.806+0000] {logging_mixin.py:154} INFO - [2024-08-26T12:56:00.805+0000] {dag.py:2941} INFO - Sync 1 DAGs
[2024-08-26T12:56:00.830+0000] {logging_mixin.py:154} INFO - [2024-08-26T12:56:00.830+0000] {dag.py:3722} INFO - Setting next_dagrun for example_local_kubernetes_executor to None, run_after=None
[2024-08-26T12:56:00.907+0000] {processor.py:179} INFO - Processing /home/airflow/.local/lib/python3.8/site-packages/airflow/example_dags/example_local_kubernetes_executor.py took 0.388 seconds
