[2024-08-26T08:44:54.469+0000] {processor.py:157} INFO - Started process (PID=75) to work on /home/airflow/.local/lib/python3.8/site-packages/airflow/example_dags/example_sensors.py
[2024-08-26T08:44:54.470+0000] {processor.py:829} INFO - Processing file /home/airflow/.local/lib/python3.8/site-packages/airflow/example_dags/example_sensors.py for tasks to queue
[2024-08-26T08:44:54.472+0000] {logging_mixin.py:154} INFO - [2024-08-26T08:44:54.471+0000] {dagbag.py:536} INFO - Filling up the DagBag from /home/airflow/.local/lib/python3.8/site-packages/airflow/example_dags/example_sensors.py
[2024-08-26T08:44:54.479+0000] {processor.py:839} INFO - DAG(s) dict_keys(['example_sensors']) retrieved from /home/airflow/.local/lib/python3.8/site-packages/airflow/example_dags/example_sensors.py
[2024-08-26T08:44:54.507+0000] {logging_mixin.py:154} INFO - [2024-08-26T08:44:54.507+0000] {dag.py:2941} INFO - Sync 1 DAGs
[2024-08-26T08:44:54.521+0000] {logging_mixin.py:154} INFO - [2024-08-26T08:44:54.521+0000] {dag.py:3722} INFO - Setting next_dagrun for example_sensors to None, run_after=None
[2024-08-26T08:44:54.551+0000] {processor.py:179} INFO - Processing /home/airflow/.local/lib/python3.8/site-packages/airflow/example_dags/example_sensors.py took 0.086 seconds
[2024-08-26T12:36:20.543+0000] {processor.py:157} INFO - Started process (PID=84) to work on /home/airflow/.local/lib/python3.8/site-packages/airflow/example_dags/example_sensors.py
[2024-08-26T12:36:20.544+0000] {processor.py:829} INFO - Processing file /home/airflow/.local/lib/python3.8/site-packages/airflow/example_dags/example_sensors.py for tasks to queue
[2024-08-26T12:36:20.546+0000] {logging_mixin.py:154} INFO - [2024-08-26T12:36:20.546+0000] {dagbag.py:536} INFO - Filling up the DagBag from /home/airflow/.local/lib/python3.8/site-packages/airflow/example_dags/example_sensors.py
[2024-08-26T12:36:20.555+0000] {processor.py:839} INFO - DAG(s) dict_keys(['example_sensors']) retrieved from /home/airflow/.local/lib/python3.8/site-packages/airflow/example_dags/example_sensors.py
[2024-08-26T12:36:20.585+0000] {logging_mixin.py:154} INFO - [2024-08-26T12:36:20.585+0000] {dag.py:2941} INFO - Sync 1 DAGs
[2024-08-26T12:36:20.600+0000] {logging_mixin.py:154} INFO - [2024-08-26T12:36:20.599+0000] {dag.py:3722} INFO - Setting next_dagrun for example_sensors to None, run_after=None
[2024-08-26T12:36:20.623+0000] {processor.py:179} INFO - Processing /home/airflow/.local/lib/python3.8/site-packages/airflow/example_dags/example_sensors.py took 0.083 seconds
[2024-08-26T12:36:52.521+0000] {processor.py:157} INFO - Started process (PID=150) to work on /home/airflow/.local/lib/python3.8/site-packages/airflow/example_dags/example_sensors.py
[2024-08-26T12:36:52.522+0000] {processor.py:829} INFO - Processing file /home/airflow/.local/lib/python3.8/site-packages/airflow/example_dags/example_sensors.py for tasks to queue
[2024-08-26T12:36:52.525+0000] {logging_mixin.py:154} INFO - [2024-08-26T12:36:52.525+0000] {dagbag.py:536} INFO - Filling up the DagBag from /home/airflow/.local/lib/python3.8/site-packages/airflow/example_dags/example_sensors.py
[2024-08-26T12:36:52.542+0000] {processor.py:839} INFO - DAG(s) dict_keys(['example_sensors']) retrieved from /home/airflow/.local/lib/python3.8/site-packages/airflow/example_dags/example_sensors.py
[2024-08-26T12:36:52.586+0000] {logging_mixin.py:154} INFO - [2024-08-26T12:36:52.586+0000] {dag.py:2941} INFO - Sync 1 DAGs
[2024-08-26T12:36:52.608+0000] {logging_mixin.py:154} INFO - [2024-08-26T12:36:52.608+0000] {dag.py:3722} INFO - Setting next_dagrun for example_sensors to None, run_after=None
[2024-08-26T12:36:52.684+0000] {processor.py:179} INFO - Processing /home/airflow/.local/lib/python3.8/site-packages/airflow/example_dags/example_sensors.py took 0.169 seconds
[2024-08-26T12:37:23.693+0000] {processor.py:157} INFO - Started process (PID=224) to work on /home/airflow/.local/lib/python3.8/site-packages/airflow/example_dags/example_sensors.py
[2024-08-26T12:37:23.695+0000] {processor.py:829} INFO - Processing file /home/airflow/.local/lib/python3.8/site-packages/airflow/example_dags/example_sensors.py for tasks to queue
[2024-08-26T12:37:23.698+0000] {logging_mixin.py:154} INFO - [2024-08-26T12:37:23.698+0000] {dagbag.py:536} INFO - Filling up the DagBag from /home/airflow/.local/lib/python3.8/site-packages/airflow/example_dags/example_sensors.py
[2024-08-26T12:37:23.714+0000] {processor.py:839} INFO - DAG(s) dict_keys(['example_sensors']) retrieved from /home/airflow/.local/lib/python3.8/site-packages/airflow/example_dags/example_sensors.py
[2024-08-26T12:37:23.769+0000] {logging_mixin.py:154} INFO - [2024-08-26T12:37:23.768+0000] {dag.py:2941} INFO - Sync 1 DAGs
[2024-08-26T12:37:23.798+0000] {logging_mixin.py:154} INFO - [2024-08-26T12:37:23.798+0000] {dag.py:3722} INFO - Setting next_dagrun for example_sensors to None, run_after=None
[2024-08-26T12:37:23.870+0000] {processor.py:179} INFO - Processing /home/airflow/.local/lib/python3.8/site-packages/airflow/example_dags/example_sensors.py took 0.182 seconds
[2024-08-26T12:37:54.539+0000] {processor.py:157} INFO - Started process (PID=290) to work on /home/airflow/.local/lib/python3.8/site-packages/airflow/example_dags/example_sensors.py
[2024-08-26T12:37:54.541+0000] {processor.py:829} INFO - Processing file /home/airflow/.local/lib/python3.8/site-packages/airflow/example_dags/example_sensors.py for tasks to queue
[2024-08-26T12:37:54.544+0000] {logging_mixin.py:154} INFO - [2024-08-26T12:37:54.543+0000] {dagbag.py:536} INFO - Filling up the DagBag from /home/airflow/.local/lib/python3.8/site-packages/airflow/example_dags/example_sensors.py
[2024-08-26T12:37:54.559+0000] {processor.py:839} INFO - DAG(s) dict_keys(['example_sensors']) retrieved from /home/airflow/.local/lib/python3.8/site-packages/airflow/example_dags/example_sensors.py
[2024-08-26T12:37:54.612+0000] {logging_mixin.py:154} INFO - [2024-08-26T12:37:54.611+0000] {dag.py:2941} INFO - Sync 1 DAGs
[2024-08-26T12:37:54.637+0000] {logging_mixin.py:154} INFO - [2024-08-26T12:37:54.637+0000] {dag.py:3722} INFO - Setting next_dagrun for example_sensors to None, run_after=None
[2024-08-26T12:37:54.708+0000] {processor.py:179} INFO - Processing /home/airflow/.local/lib/python3.8/site-packages/airflow/example_dags/example_sensors.py took 0.174 seconds
[2024-08-26T12:38:25.620+0000] {processor.py:157} INFO - Started process (PID=357) to work on /home/airflow/.local/lib/python3.8/site-packages/airflow/example_dags/example_sensors.py
[2024-08-26T12:38:25.622+0000] {processor.py:829} INFO - Processing file /home/airflow/.local/lib/python3.8/site-packages/airflow/example_dags/example_sensors.py for tasks to queue
[2024-08-26T12:38:25.626+0000] {logging_mixin.py:154} INFO - [2024-08-26T12:38:25.625+0000] {dagbag.py:536} INFO - Filling up the DagBag from /home/airflow/.local/lib/python3.8/site-packages/airflow/example_dags/example_sensors.py
[2024-08-26T12:38:25.641+0000] {processor.py:839} INFO - DAG(s) dict_keys(['example_sensors']) retrieved from /home/airflow/.local/lib/python3.8/site-packages/airflow/example_dags/example_sensors.py
[2024-08-26T12:38:25.696+0000] {logging_mixin.py:154} INFO - [2024-08-26T12:38:25.696+0000] {dag.py:2941} INFO - Sync 1 DAGs
[2024-08-26T12:38:25.722+0000] {logging_mixin.py:154} INFO - [2024-08-26T12:38:25.721+0000] {dag.py:3722} INFO - Setting next_dagrun for example_sensors to None, run_after=None
[2024-08-26T12:38:25.778+0000] {processor.py:179} INFO - Processing /home/airflow/.local/lib/python3.8/site-packages/airflow/example_dags/example_sensors.py took 0.165 seconds
[2024-08-26T12:38:56.612+0000] {processor.py:157} INFO - Started process (PID=423) to work on /home/airflow/.local/lib/python3.8/site-packages/airflow/example_dags/example_sensors.py
[2024-08-26T12:38:56.614+0000] {processor.py:829} INFO - Processing file /home/airflow/.local/lib/python3.8/site-packages/airflow/example_dags/example_sensors.py for tasks to queue
[2024-08-26T12:38:56.618+0000] {logging_mixin.py:154} INFO - [2024-08-26T12:38:56.617+0000] {dagbag.py:536} INFO - Filling up the DagBag from /home/airflow/.local/lib/python3.8/site-packages/airflow/example_dags/example_sensors.py
[2024-08-26T12:38:56.638+0000] {processor.py:839} INFO - DAG(s) dict_keys(['example_sensors']) retrieved from /home/airflow/.local/lib/python3.8/site-packages/airflow/example_dags/example_sensors.py
[2024-08-26T12:38:56.692+0000] {logging_mixin.py:154} INFO - [2024-08-26T12:38:56.692+0000] {dag.py:2941} INFO - Sync 1 DAGs
[2024-08-26T12:38:56.721+0000] {logging_mixin.py:154} INFO - [2024-08-26T12:38:56.720+0000] {dag.py:3722} INFO - Setting next_dagrun for example_sensors to None, run_after=None
[2024-08-26T12:38:56.759+0000] {processor.py:179} INFO - Processing /home/airflow/.local/lib/python3.8/site-packages/airflow/example_dags/example_sensors.py took 0.153 seconds
[2024-08-26T12:39:27.748+0000] {processor.py:157} INFO - Started process (PID=489) to work on /home/airflow/.local/lib/python3.8/site-packages/airflow/example_dags/example_sensors.py
[2024-08-26T12:39:27.749+0000] {processor.py:829} INFO - Processing file /home/airflow/.local/lib/python3.8/site-packages/airflow/example_dags/example_sensors.py for tasks to queue
[2024-08-26T12:39:27.753+0000] {logging_mixin.py:154} INFO - [2024-08-26T12:39:27.752+0000] {dagbag.py:536} INFO - Filling up the DagBag from /home/airflow/.local/lib/python3.8/site-packages/airflow/example_dags/example_sensors.py
[2024-08-26T12:39:27.771+0000] {processor.py:839} INFO - DAG(s) dict_keys(['example_sensors']) retrieved from /home/airflow/.local/lib/python3.8/site-packages/airflow/example_dags/example_sensors.py
[2024-08-26T12:39:27.821+0000] {logging_mixin.py:154} INFO - [2024-08-26T12:39:27.821+0000] {dag.py:2941} INFO - Sync 1 DAGs
[2024-08-26T12:39:27.850+0000] {logging_mixin.py:154} INFO - [2024-08-26T12:39:27.849+0000] {dag.py:3722} INFO - Setting next_dagrun for example_sensors to None, run_after=None
[2024-08-26T12:39:27.905+0000] {processor.py:179} INFO - Processing /home/airflow/.local/lib/python3.8/site-packages/airflow/example_dags/example_sensors.py took 0.162 seconds
[2024-08-26T12:39:58.568+0000] {processor.py:157} INFO - Started process (PID=555) to work on /home/airflow/.local/lib/python3.8/site-packages/airflow/example_dags/example_sensors.py
[2024-08-26T12:39:58.570+0000] {processor.py:829} INFO - Processing file /home/airflow/.local/lib/python3.8/site-packages/airflow/example_dags/example_sensors.py for tasks to queue
[2024-08-26T12:39:58.574+0000] {logging_mixin.py:154} INFO - [2024-08-26T12:39:58.574+0000] {dagbag.py:536} INFO - Filling up the DagBag from /home/airflow/.local/lib/python3.8/site-packages/airflow/example_dags/example_sensors.py
[2024-08-26T12:39:58.596+0000] {processor.py:839} INFO - DAG(s) dict_keys(['example_sensors']) retrieved from /home/airflow/.local/lib/python3.8/site-packages/airflow/example_dags/example_sensors.py
[2024-08-26T12:39:58.659+0000] {logging_mixin.py:154} INFO - [2024-08-26T12:39:58.659+0000] {dag.py:2941} INFO - Sync 1 DAGs
[2024-08-26T12:39:58.688+0000] {logging_mixin.py:154} INFO - [2024-08-26T12:39:58.687+0000] {dag.py:3722} INFO - Setting next_dagrun for example_sensors to None, run_after=None
[2024-08-26T12:39:58.736+0000] {processor.py:179} INFO - Processing /home/airflow/.local/lib/python3.8/site-packages/airflow/example_dags/example_sensors.py took 0.176 seconds
[2024-08-26T12:40:30.072+0000] {processor.py:157} INFO - Started process (PID=620) to work on /home/airflow/.local/lib/python3.8/site-packages/airflow/example_dags/example_sensors.py
[2024-08-26T12:40:30.084+0000] {processor.py:829} INFO - Processing file /home/airflow/.local/lib/python3.8/site-packages/airflow/example_dags/example_sensors.py for tasks to queue
[2024-08-26T12:40:30.092+0000] {logging_mixin.py:154} INFO - [2024-08-26T12:40:30.092+0000] {dagbag.py:536} INFO - Filling up the DagBag from /home/airflow/.local/lib/python3.8/site-packages/airflow/example_dags/example_sensors.py
[2024-08-26T12:40:30.129+0000] {processor.py:839} INFO - DAG(s) dict_keys(['example_sensors']) retrieved from /home/airflow/.local/lib/python3.8/site-packages/airflow/example_dags/example_sensors.py
[2024-08-26T12:40:30.209+0000] {logging_mixin.py:154} INFO - [2024-08-26T12:40:30.209+0000] {dag.py:2941} INFO - Sync 1 DAGs
[2024-08-26T12:40:30.253+0000] {logging_mixin.py:154} INFO - [2024-08-26T12:40:30.252+0000] {dag.py:3722} INFO - Setting next_dagrun for example_sensors to None, run_after=None
[2024-08-26T12:40:30.344+0000] {processor.py:179} INFO - Processing /home/airflow/.local/lib/python3.8/site-packages/airflow/example_dags/example_sensors.py took 0.291 seconds
[2024-08-26T12:41:01.190+0000] {processor.py:157} INFO - Started process (PID=686) to work on /home/airflow/.local/lib/python3.8/site-packages/airflow/example_dags/example_sensors.py
[2024-08-26T12:41:01.192+0000] {processor.py:829} INFO - Processing file /home/airflow/.local/lib/python3.8/site-packages/airflow/example_dags/example_sensors.py for tasks to queue
[2024-08-26T12:41:01.196+0000] {logging_mixin.py:154} INFO - [2024-08-26T12:41:01.196+0000] {dagbag.py:536} INFO - Filling up the DagBag from /home/airflow/.local/lib/python3.8/site-packages/airflow/example_dags/example_sensors.py
[2024-08-26T12:41:01.214+0000] {processor.py:839} INFO - DAG(s) dict_keys(['example_sensors']) retrieved from /home/airflow/.local/lib/python3.8/site-packages/airflow/example_dags/example_sensors.py
[2024-08-26T12:41:01.271+0000] {logging_mixin.py:154} INFO - [2024-08-26T12:41:01.271+0000] {dag.py:2941} INFO - Sync 1 DAGs
[2024-08-26T12:41:01.302+0000] {logging_mixin.py:154} INFO - [2024-08-26T12:41:01.302+0000] {dag.py:3722} INFO - Setting next_dagrun for example_sensors to None, run_after=None
[2024-08-26T12:41:01.369+0000] {processor.py:179} INFO - Processing /home/airflow/.local/lib/python3.8/site-packages/airflow/example_dags/example_sensors.py took 0.184 seconds
[2024-08-26T12:41:32.021+0000] {processor.py:157} INFO - Started process (PID=752) to work on /home/airflow/.local/lib/python3.8/site-packages/airflow/example_dags/example_sensors.py
[2024-08-26T12:41:32.023+0000] {processor.py:829} INFO - Processing file /home/airflow/.local/lib/python3.8/site-packages/airflow/example_dags/example_sensors.py for tasks to queue
[2024-08-26T12:41:32.027+0000] {logging_mixin.py:154} INFO - [2024-08-26T12:41:32.027+0000] {dagbag.py:536} INFO - Filling up the DagBag from /home/airflow/.local/lib/python3.8/site-packages/airflow/example_dags/example_sensors.py
[2024-08-26T12:41:32.045+0000] {processor.py:839} INFO - DAG(s) dict_keys(['example_sensors']) retrieved from /home/airflow/.local/lib/python3.8/site-packages/airflow/example_dags/example_sensors.py
[2024-08-26T12:41:32.099+0000] {logging_mixin.py:154} INFO - [2024-08-26T12:41:32.098+0000] {dag.py:2941} INFO - Sync 1 DAGs
[2024-08-26T12:41:32.126+0000] {logging_mixin.py:154} INFO - [2024-08-26T12:41:32.126+0000] {dag.py:3722} INFO - Setting next_dagrun for example_sensors to None, run_after=None
[2024-08-26T12:41:32.200+0000] {processor.py:179} INFO - Processing /home/airflow/.local/lib/python3.8/site-packages/airflow/example_dags/example_sensors.py took 0.185 seconds
[2024-08-26T12:42:02.483+0000] {processor.py:157} INFO - Started process (PID=817) to work on /home/airflow/.local/lib/python3.8/site-packages/airflow/example_dags/example_sensors.py
[2024-08-26T12:42:02.485+0000] {processor.py:829} INFO - Processing file /home/airflow/.local/lib/python3.8/site-packages/airflow/example_dags/example_sensors.py for tasks to queue
[2024-08-26T12:42:02.490+0000] {logging_mixin.py:154} INFO - [2024-08-26T12:42:02.489+0000] {dagbag.py:536} INFO - Filling up the DagBag from /home/airflow/.local/lib/python3.8/site-packages/airflow/example_dags/example_sensors.py
[2024-08-26T12:42:02.509+0000] {processor.py:839} INFO - DAG(s) dict_keys(['example_sensors']) retrieved from /home/airflow/.local/lib/python3.8/site-packages/airflow/example_dags/example_sensors.py
[2024-08-26T12:42:02.556+0000] {logging_mixin.py:154} INFO - [2024-08-26T12:42:02.556+0000] {dag.py:2941} INFO - Sync 1 DAGs
[2024-08-26T12:42:02.583+0000] {logging_mixin.py:154} INFO - [2024-08-26T12:42:02.583+0000] {dag.py:3722} INFO - Setting next_dagrun for example_sensors to None, run_after=None
[2024-08-26T12:42:02.657+0000] {processor.py:179} INFO - Processing /home/airflow/.local/lib/python3.8/site-packages/airflow/example_dags/example_sensors.py took 0.181 seconds
[2024-08-26T12:42:32.847+0000] {processor.py:157} INFO - Started process (PID=882) to work on /home/airflow/.local/lib/python3.8/site-packages/airflow/example_dags/example_sensors.py
[2024-08-26T12:42:32.849+0000] {processor.py:829} INFO - Processing file /home/airflow/.local/lib/python3.8/site-packages/airflow/example_dags/example_sensors.py for tasks to queue
[2024-08-26T12:42:32.853+0000] {logging_mixin.py:154} INFO - [2024-08-26T12:42:32.852+0000] {dagbag.py:536} INFO - Filling up the DagBag from /home/airflow/.local/lib/python3.8/site-packages/airflow/example_dags/example_sensors.py
[2024-08-26T12:42:32.869+0000] {processor.py:839} INFO - DAG(s) dict_keys(['example_sensors']) retrieved from /home/airflow/.local/lib/python3.8/site-packages/airflow/example_dags/example_sensors.py
[2024-08-26T12:42:32.918+0000] {logging_mixin.py:154} INFO - [2024-08-26T12:42:32.918+0000] {dag.py:2941} INFO - Sync 1 DAGs
[2024-08-26T12:42:32.946+0000] {logging_mixin.py:154} INFO - [2024-08-26T12:42:32.946+0000] {dag.py:3722} INFO - Setting next_dagrun for example_sensors to None, run_after=None
[2024-08-26T12:42:32.978+0000] {processor.py:179} INFO - Processing /home/airflow/.local/lib/python3.8/site-packages/airflow/example_dags/example_sensors.py took 0.137 seconds
[2024-08-26T12:43:03.110+0000] {processor.py:157} INFO - Started process (PID=948) to work on /home/airflow/.local/lib/python3.8/site-packages/airflow/example_dags/example_sensors.py
[2024-08-26T12:43:03.112+0000] {processor.py:829} INFO - Processing file /home/airflow/.local/lib/python3.8/site-packages/airflow/example_dags/example_sensors.py for tasks to queue
[2024-08-26T12:43:03.116+0000] {logging_mixin.py:154} INFO - [2024-08-26T12:43:03.115+0000] {dagbag.py:536} INFO - Filling up the DagBag from /home/airflow/.local/lib/python3.8/site-packages/airflow/example_dags/example_sensors.py
[2024-08-26T12:43:03.133+0000] {processor.py:839} INFO - DAG(s) dict_keys(['example_sensors']) retrieved from /home/airflow/.local/lib/python3.8/site-packages/airflow/example_dags/example_sensors.py
[2024-08-26T12:43:03.179+0000] {logging_mixin.py:154} INFO - [2024-08-26T12:43:03.179+0000] {dag.py:2941} INFO - Sync 1 DAGs
[2024-08-26T12:43:03.203+0000] {logging_mixin.py:154} INFO - [2024-08-26T12:43:03.203+0000] {dag.py:3722} INFO - Setting next_dagrun for example_sensors to None, run_after=None
[2024-08-26T12:43:03.279+0000] {processor.py:179} INFO - Processing /home/airflow/.local/lib/python3.8/site-packages/airflow/example_dags/example_sensors.py took 0.174 seconds
[2024-08-26T12:43:33.904+0000] {processor.py:157} INFO - Started process (PID=1026) to work on /home/airflow/.local/lib/python3.8/site-packages/airflow/example_dags/example_sensors.py
[2024-08-26T12:43:33.905+0000] {processor.py:829} INFO - Processing file /home/airflow/.local/lib/python3.8/site-packages/airflow/example_dags/example_sensors.py for tasks to queue
[2024-08-26T12:43:33.910+0000] {logging_mixin.py:154} INFO - [2024-08-26T12:43:33.909+0000] {dagbag.py:536} INFO - Filling up the DagBag from /home/airflow/.local/lib/python3.8/site-packages/airflow/example_dags/example_sensors.py
[2024-08-26T12:43:33.930+0000] {processor.py:839} INFO - DAG(s) dict_keys(['example_sensors']) retrieved from /home/airflow/.local/lib/python3.8/site-packages/airflow/example_dags/example_sensors.py
[2024-08-26T12:43:33.984+0000] {logging_mixin.py:154} INFO - [2024-08-26T12:43:33.984+0000] {dag.py:2941} INFO - Sync 1 DAGs
[2024-08-26T12:43:34.010+0000] {logging_mixin.py:154} INFO - [2024-08-26T12:43:34.010+0000] {dag.py:3722} INFO - Setting next_dagrun for example_sensors to None, run_after=None
[2024-08-26T12:43:34.088+0000] {processor.py:179} INFO - Processing /home/airflow/.local/lib/python3.8/site-packages/airflow/example_dags/example_sensors.py took 0.189 seconds
[2024-08-26T12:44:04.706+0000] {processor.py:157} INFO - Started process (PID=1092) to work on /home/airflow/.local/lib/python3.8/site-packages/airflow/example_dags/example_sensors.py
[2024-08-26T12:44:04.708+0000] {processor.py:829} INFO - Processing file /home/airflow/.local/lib/python3.8/site-packages/airflow/example_dags/example_sensors.py for tasks to queue
[2024-08-26T12:44:04.712+0000] {logging_mixin.py:154} INFO - [2024-08-26T12:44:04.711+0000] {dagbag.py:536} INFO - Filling up the DagBag from /home/airflow/.local/lib/python3.8/site-packages/airflow/example_dags/example_sensors.py
[2024-08-26T12:44:04.733+0000] {processor.py:839} INFO - DAG(s) dict_keys(['example_sensors']) retrieved from /home/airflow/.local/lib/python3.8/site-packages/airflow/example_dags/example_sensors.py
[2024-08-26T12:44:04.789+0000] {logging_mixin.py:154} INFO - [2024-08-26T12:44:04.789+0000] {dag.py:2941} INFO - Sync 1 DAGs
[2024-08-26T12:44:04.816+0000] {logging_mixin.py:154} INFO - [2024-08-26T12:44:04.816+0000] {dag.py:3722} INFO - Setting next_dagrun for example_sensors to None, run_after=None
[2024-08-26T12:44:04.855+0000] {processor.py:179} INFO - Processing /home/airflow/.local/lib/python3.8/site-packages/airflow/example_dags/example_sensors.py took 0.154 seconds
[2024-08-26T12:44:35.489+0000] {processor.py:157} INFO - Started process (PID=1159) to work on /home/airflow/.local/lib/python3.8/site-packages/airflow/example_dags/example_sensors.py
[2024-08-26T12:44:35.491+0000] {processor.py:829} INFO - Processing file /home/airflow/.local/lib/python3.8/site-packages/airflow/example_dags/example_sensors.py for tasks to queue
[2024-08-26T12:44:35.494+0000] {logging_mixin.py:154} INFO - [2024-08-26T12:44:35.494+0000] {dagbag.py:536} INFO - Filling up the DagBag from /home/airflow/.local/lib/python3.8/site-packages/airflow/example_dags/example_sensors.py
[2024-08-26T12:44:35.510+0000] {processor.py:839} INFO - DAG(s) dict_keys(['example_sensors']) retrieved from /home/airflow/.local/lib/python3.8/site-packages/airflow/example_dags/example_sensors.py
[2024-08-26T12:44:35.559+0000] {logging_mixin.py:154} INFO - [2024-08-26T12:44:35.559+0000] {dag.py:2941} INFO - Sync 1 DAGs
[2024-08-26T12:44:35.584+0000] {logging_mixin.py:154} INFO - [2024-08-26T12:44:35.584+0000] {dag.py:3722} INFO - Setting next_dagrun for example_sensors to None, run_after=None
[2024-08-26T12:44:35.641+0000] {processor.py:179} INFO - Processing /home/airflow/.local/lib/python3.8/site-packages/airflow/example_dags/example_sensors.py took 0.159 seconds
[2024-08-26T12:45:06.169+0000] {processor.py:157} INFO - Started process (PID=1224) to work on /home/airflow/.local/lib/python3.8/site-packages/airflow/example_dags/example_sensors.py
[2024-08-26T12:45:06.171+0000] {processor.py:829} INFO - Processing file /home/airflow/.local/lib/python3.8/site-packages/airflow/example_dags/example_sensors.py for tasks to queue
[2024-08-26T12:45:06.174+0000] {logging_mixin.py:154} INFO - [2024-08-26T12:45:06.174+0000] {dagbag.py:536} INFO - Filling up the DagBag from /home/airflow/.local/lib/python3.8/site-packages/airflow/example_dags/example_sensors.py
[2024-08-26T12:45:06.189+0000] {processor.py:839} INFO - DAG(s) dict_keys(['example_sensors']) retrieved from /home/airflow/.local/lib/python3.8/site-packages/airflow/example_dags/example_sensors.py
[2024-08-26T12:45:06.238+0000] {logging_mixin.py:154} INFO - [2024-08-26T12:45:06.238+0000] {dag.py:2941} INFO - Sync 1 DAGs
[2024-08-26T12:45:06.263+0000] {logging_mixin.py:154} INFO - [2024-08-26T12:45:06.262+0000] {dag.py:3722} INFO - Setting next_dagrun for example_sensors to None, run_after=None
[2024-08-26T12:45:06.340+0000] {processor.py:179} INFO - Processing /home/airflow/.local/lib/python3.8/site-packages/airflow/example_dags/example_sensors.py took 0.177 seconds
[2024-08-26T12:45:36.653+0000] {processor.py:157} INFO - Started process (PID=1290) to work on /home/airflow/.local/lib/python3.8/site-packages/airflow/example_dags/example_sensors.py
[2024-08-26T12:45:36.655+0000] {processor.py:829} INFO - Processing file /home/airflow/.local/lib/python3.8/site-packages/airflow/example_dags/example_sensors.py for tasks to queue
[2024-08-26T12:45:36.659+0000] {logging_mixin.py:154} INFO - [2024-08-26T12:45:36.658+0000] {dagbag.py:536} INFO - Filling up the DagBag from /home/airflow/.local/lib/python3.8/site-packages/airflow/example_dags/example_sensors.py
[2024-08-26T12:45:36.675+0000] {processor.py:839} INFO - DAG(s) dict_keys(['example_sensors']) retrieved from /home/airflow/.local/lib/python3.8/site-packages/airflow/example_dags/example_sensors.py
[2024-08-26T12:45:36.722+0000] {logging_mixin.py:154} INFO - [2024-08-26T12:45:36.722+0000] {dag.py:2941} INFO - Sync 1 DAGs
[2024-08-26T12:45:36.746+0000] {logging_mixin.py:154} INFO - [2024-08-26T12:45:36.745+0000] {dag.py:3722} INFO - Setting next_dagrun for example_sensors to None, run_after=None
[2024-08-26T12:45:36.819+0000] {processor.py:179} INFO - Processing /home/airflow/.local/lib/python3.8/site-packages/airflow/example_dags/example_sensors.py took 0.171 seconds
[2024-08-26T12:46:06.971+0000] {processor.py:157} INFO - Started process (PID=1356) to work on /home/airflow/.local/lib/python3.8/site-packages/airflow/example_dags/example_sensors.py
[2024-08-26T12:46:06.973+0000] {processor.py:829} INFO - Processing file /home/airflow/.local/lib/python3.8/site-packages/airflow/example_dags/example_sensors.py for tasks to queue
[2024-08-26T12:46:06.976+0000] {logging_mixin.py:154} INFO - [2024-08-26T12:46:06.975+0000] {dagbag.py:536} INFO - Filling up the DagBag from /home/airflow/.local/lib/python3.8/site-packages/airflow/example_dags/example_sensors.py
[2024-08-26T12:46:06.993+0000] {processor.py:839} INFO - DAG(s) dict_keys(['example_sensors']) retrieved from /home/airflow/.local/lib/python3.8/site-packages/airflow/example_dags/example_sensors.py
[2024-08-26T12:46:07.044+0000] {logging_mixin.py:154} INFO - [2024-08-26T12:46:07.044+0000] {dag.py:2941} INFO - Sync 1 DAGs
[2024-08-26T12:46:07.066+0000] {logging_mixin.py:154} INFO - [2024-08-26T12:46:07.065+0000] {dag.py:3722} INFO - Setting next_dagrun for example_sensors to None, run_after=None
[2024-08-26T12:46:07.131+0000] {processor.py:179} INFO - Processing /home/airflow/.local/lib/python3.8/site-packages/airflow/example_dags/example_sensors.py took 0.166 seconds
[2024-08-26T12:46:37.562+0000] {processor.py:157} INFO - Started process (PID=1422) to work on /home/airflow/.local/lib/python3.8/site-packages/airflow/example_dags/example_sensors.py
[2024-08-26T12:46:37.564+0000] {processor.py:829} INFO - Processing file /home/airflow/.local/lib/python3.8/site-packages/airflow/example_dags/example_sensors.py for tasks to queue
[2024-08-26T12:46:37.570+0000] {logging_mixin.py:154} INFO - [2024-08-26T12:46:37.569+0000] {dagbag.py:536} INFO - Filling up the DagBag from /home/airflow/.local/lib/python3.8/site-packages/airflow/example_dags/example_sensors.py
[2024-08-26T12:46:37.591+0000] {processor.py:839} INFO - DAG(s) dict_keys(['example_sensors']) retrieved from /home/airflow/.local/lib/python3.8/site-packages/airflow/example_dags/example_sensors.py
[2024-08-26T12:46:37.651+0000] {logging_mixin.py:154} INFO - [2024-08-26T12:46:37.651+0000] {dag.py:2941} INFO - Sync 1 DAGs
[2024-08-26T12:46:37.679+0000] {logging_mixin.py:154} INFO - [2024-08-26T12:46:37.678+0000] {dag.py:3722} INFO - Setting next_dagrun for example_sensors to None, run_after=None
[2024-08-26T12:46:37.735+0000] {processor.py:179} INFO - Processing /home/airflow/.local/lib/python3.8/site-packages/airflow/example_dags/example_sensors.py took 0.179 seconds
[2024-08-26T12:47:07.924+0000] {processor.py:157} INFO - Started process (PID=1488) to work on /home/airflow/.local/lib/python3.8/site-packages/airflow/example_dags/example_sensors.py
[2024-08-26T12:47:07.926+0000] {processor.py:829} INFO - Processing file /home/airflow/.local/lib/python3.8/site-packages/airflow/example_dags/example_sensors.py for tasks to queue
[2024-08-26T12:47:07.931+0000] {logging_mixin.py:154} INFO - [2024-08-26T12:47:07.930+0000] {dagbag.py:536} INFO - Filling up the DagBag from /home/airflow/.local/lib/python3.8/site-packages/airflow/example_dags/example_sensors.py
[2024-08-26T12:47:07.952+0000] {processor.py:839} INFO - DAG(s) dict_keys(['example_sensors']) retrieved from /home/airflow/.local/lib/python3.8/site-packages/airflow/example_dags/example_sensors.py
[2024-08-26T12:47:08.005+0000] {logging_mixin.py:154} INFO - [2024-08-26T12:47:08.005+0000] {dag.py:2941} INFO - Sync 1 DAGs
[2024-08-26T12:47:08.034+0000] {logging_mixin.py:154} INFO - [2024-08-26T12:47:08.033+0000] {dag.py:3722} INFO - Setting next_dagrun for example_sensors to None, run_after=None
[2024-08-26T12:47:08.098+0000] {processor.py:179} INFO - Processing /home/airflow/.local/lib/python3.8/site-packages/airflow/example_dags/example_sensors.py took 0.182 seconds
[2024-08-26T12:47:38.520+0000] {processor.py:157} INFO - Started process (PID=1555) to work on /home/airflow/.local/lib/python3.8/site-packages/airflow/example_dags/example_sensors.py
[2024-08-26T12:47:38.521+0000] {processor.py:829} INFO - Processing file /home/airflow/.local/lib/python3.8/site-packages/airflow/example_dags/example_sensors.py for tasks to queue
[2024-08-26T12:47:38.525+0000] {logging_mixin.py:154} INFO - [2024-08-26T12:47:38.524+0000] {dagbag.py:536} INFO - Filling up the DagBag from /home/airflow/.local/lib/python3.8/site-packages/airflow/example_dags/example_sensors.py
[2024-08-26T12:47:38.541+0000] {processor.py:839} INFO - DAG(s) dict_keys(['example_sensors']) retrieved from /home/airflow/.local/lib/python3.8/site-packages/airflow/example_dags/example_sensors.py
[2024-08-26T12:47:38.594+0000] {logging_mixin.py:154} INFO - [2024-08-26T12:47:38.594+0000] {dag.py:2941} INFO - Sync 1 DAGs
[2024-08-26T12:47:38.622+0000] {logging_mixin.py:154} INFO - [2024-08-26T12:47:38.621+0000] {dag.py:3722} INFO - Setting next_dagrun for example_sensors to None, run_after=None
[2024-08-26T12:47:38.681+0000] {processor.py:179} INFO - Processing /home/airflow/.local/lib/python3.8/site-packages/airflow/example_dags/example_sensors.py took 0.166 seconds
[2024-08-26T12:48:08.805+0000] {processor.py:157} INFO - Started process (PID=1621) to work on /home/airflow/.local/lib/python3.8/site-packages/airflow/example_dags/example_sensors.py
[2024-08-26T12:48:08.807+0000] {processor.py:829} INFO - Processing file /home/airflow/.local/lib/python3.8/site-packages/airflow/example_dags/example_sensors.py for tasks to queue
[2024-08-26T12:48:08.811+0000] {logging_mixin.py:154} INFO - [2024-08-26T12:48:08.810+0000] {dagbag.py:536} INFO - Filling up the DagBag from /home/airflow/.local/lib/python3.8/site-packages/airflow/example_dags/example_sensors.py
[2024-08-26T12:48:08.833+0000] {processor.py:839} INFO - DAG(s) dict_keys(['example_sensors']) retrieved from /home/airflow/.local/lib/python3.8/site-packages/airflow/example_dags/example_sensors.py
[2024-08-26T12:48:08.883+0000] {logging_mixin.py:154} INFO - [2024-08-26T12:48:08.883+0000] {dag.py:2941} INFO - Sync 1 DAGs
[2024-08-26T12:48:08.912+0000] {logging_mixin.py:154} INFO - [2024-08-26T12:48:08.912+0000] {dag.py:3722} INFO - Setting next_dagrun for example_sensors to None, run_after=None
[2024-08-26T12:48:08.955+0000] {processor.py:179} INFO - Processing /home/airflow/.local/lib/python3.8/site-packages/airflow/example_dags/example_sensors.py took 0.155 seconds
[2024-08-26T12:49:37.341+0000] {processor.py:157} INFO - Started process (PID=1682) to work on /home/airflow/.local/lib/python3.8/site-packages/airflow/example_dags/example_sensors.py
[2024-08-26T12:49:37.343+0000] {processor.py:829} INFO - Processing file /home/airflow/.local/lib/python3.8/site-packages/airflow/example_dags/example_sensors.py for tasks to queue
[2024-08-26T12:49:37.347+0000] {logging_mixin.py:154} INFO - [2024-08-26T12:49:37.347+0000] {dagbag.py:536} INFO - Filling up the DagBag from /home/airflow/.local/lib/python3.8/site-packages/airflow/example_dags/example_sensors.py
[2024-08-26T12:49:37.362+0000] {processor.py:839} INFO - DAG(s) dict_keys(['example_sensors']) retrieved from /home/airflow/.local/lib/python3.8/site-packages/airflow/example_dags/example_sensors.py
[2024-08-26T12:49:37.411+0000] {logging_mixin.py:154} INFO - [2024-08-26T12:49:37.410+0000] {dag.py:2941} INFO - Sync 1 DAGs
[2024-08-26T12:49:37.435+0000] {logging_mixin.py:154} INFO - [2024-08-26T12:49:37.435+0000] {dag.py:3722} INFO - Setting next_dagrun for example_sensors to None, run_after=None
[2024-08-26T12:49:37.511+0000] {processor.py:179} INFO - Processing /home/airflow/.local/lib/python3.8/site-packages/airflow/example_dags/example_sensors.py took 0.175 seconds
[2024-08-26T12:50:09.178+0000] {processor.py:157} INFO - Started process (PID=1755) to work on /home/airflow/.local/lib/python3.8/site-packages/airflow/example_dags/example_sensors.py
[2024-08-26T12:50:09.180+0000] {processor.py:829} INFO - Processing file /home/airflow/.local/lib/python3.8/site-packages/airflow/example_dags/example_sensors.py for tasks to queue
[2024-08-26T12:50:09.184+0000] {logging_mixin.py:154} INFO - [2024-08-26T12:50:09.184+0000] {dagbag.py:536} INFO - Filling up the DagBag from /home/airflow/.local/lib/python3.8/site-packages/airflow/example_dags/example_sensors.py
[2024-08-26T12:50:09.204+0000] {processor.py:839} INFO - DAG(s) dict_keys(['example_sensors']) retrieved from /home/airflow/.local/lib/python3.8/site-packages/airflow/example_dags/example_sensors.py
[2024-08-26T12:50:09.264+0000] {logging_mixin.py:154} INFO - [2024-08-26T12:50:09.264+0000] {dag.py:2941} INFO - Sync 1 DAGs
[2024-08-26T12:50:09.290+0000] {logging_mixin.py:154} INFO - [2024-08-26T12:50:09.290+0000] {dag.py:3722} INFO - Setting next_dagrun for example_sensors to None, run_after=None
[2024-08-26T12:50:09.333+0000] {processor.py:179} INFO - Processing /home/airflow/.local/lib/python3.8/site-packages/airflow/example_dags/example_sensors.py took 0.162 seconds
[2024-08-26T12:50:40.489+0000] {processor.py:157} INFO - Started process (PID=1822) to work on /home/airflow/.local/lib/python3.8/site-packages/airflow/example_dags/example_sensors.py
[2024-08-26T12:50:40.490+0000] {processor.py:829} INFO - Processing file /home/airflow/.local/lib/python3.8/site-packages/airflow/example_dags/example_sensors.py for tasks to queue
[2024-08-26T12:50:40.494+0000] {logging_mixin.py:154} INFO - [2024-08-26T12:50:40.494+0000] {dagbag.py:536} INFO - Filling up the DagBag from /home/airflow/.local/lib/python3.8/site-packages/airflow/example_dags/example_sensors.py
[2024-08-26T12:50:40.514+0000] {processor.py:839} INFO - DAG(s) dict_keys(['example_sensors']) retrieved from /home/airflow/.local/lib/python3.8/site-packages/airflow/example_dags/example_sensors.py
[2024-08-26T12:50:40.566+0000] {logging_mixin.py:154} INFO - [2024-08-26T12:50:40.565+0000] {dag.py:2941} INFO - Sync 1 DAGs
[2024-08-26T12:50:40.594+0000] {logging_mixin.py:154} INFO - [2024-08-26T12:50:40.594+0000] {dag.py:3722} INFO - Setting next_dagrun for example_sensors to None, run_after=None
[2024-08-26T12:50:40.634+0000] {processor.py:179} INFO - Processing /home/airflow/.local/lib/python3.8/site-packages/airflow/example_dags/example_sensors.py took 0.151 seconds
[2024-08-26T12:51:11.634+0000] {processor.py:157} INFO - Started process (PID=1888) to work on /home/airflow/.local/lib/python3.8/site-packages/airflow/example_dags/example_sensors.py
[2024-08-26T12:51:11.636+0000] {processor.py:829} INFO - Processing file /home/airflow/.local/lib/python3.8/site-packages/airflow/example_dags/example_sensors.py for tasks to queue
[2024-08-26T12:51:11.641+0000] {logging_mixin.py:154} INFO - [2024-08-26T12:51:11.640+0000] {dagbag.py:536} INFO - Filling up the DagBag from /home/airflow/.local/lib/python3.8/site-packages/airflow/example_dags/example_sensors.py
[2024-08-26T12:51:11.658+0000] {processor.py:839} INFO - DAG(s) dict_keys(['example_sensors']) retrieved from /home/airflow/.local/lib/python3.8/site-packages/airflow/example_dags/example_sensors.py
[2024-08-26T12:51:11.711+0000] {logging_mixin.py:154} INFO - [2024-08-26T12:51:11.710+0000] {dag.py:2941} INFO - Sync 1 DAGs
[2024-08-26T12:51:11.736+0000] {logging_mixin.py:154} INFO - [2024-08-26T12:51:11.735+0000] {dag.py:3722} INFO - Setting next_dagrun for example_sensors to None, run_after=None
[2024-08-26T12:51:11.811+0000] {processor.py:179} INFO - Processing /home/airflow/.local/lib/python3.8/site-packages/airflow/example_dags/example_sensors.py took 0.182 seconds
[2024-08-26T12:51:42.818+0000] {processor.py:157} INFO - Started process (PID=1955) to work on /home/airflow/.local/lib/python3.8/site-packages/airflow/example_dags/example_sensors.py
[2024-08-26T12:51:42.820+0000] {processor.py:829} INFO - Processing file /home/airflow/.local/lib/python3.8/site-packages/airflow/example_dags/example_sensors.py for tasks to queue
[2024-08-26T12:51:42.824+0000] {logging_mixin.py:154} INFO - [2024-08-26T12:51:42.823+0000] {dagbag.py:536} INFO - Filling up the DagBag from /home/airflow/.local/lib/python3.8/site-packages/airflow/example_dags/example_sensors.py
[2024-08-26T12:51:42.844+0000] {processor.py:839} INFO - DAG(s) dict_keys(['example_sensors']) retrieved from /home/airflow/.local/lib/python3.8/site-packages/airflow/example_dags/example_sensors.py
[2024-08-26T12:51:42.901+0000] {logging_mixin.py:154} INFO - [2024-08-26T12:51:42.900+0000] {dag.py:2941} INFO - Sync 1 DAGs
[2024-08-26T12:51:42.925+0000] {logging_mixin.py:154} INFO - [2024-08-26T12:51:42.924+0000] {dag.py:3722} INFO - Setting next_dagrun for example_sensors to None, run_after=None
[2024-08-26T12:51:42.963+0000] {processor.py:179} INFO - Processing /home/airflow/.local/lib/python3.8/site-packages/airflow/example_dags/example_sensors.py took 0.150 seconds
[2024-08-26T12:52:13.792+0000] {processor.py:157} INFO - Started process (PID=2021) to work on /home/airflow/.local/lib/python3.8/site-packages/airflow/example_dags/example_sensors.py
[2024-08-26T12:52:13.794+0000] {processor.py:829} INFO - Processing file /home/airflow/.local/lib/python3.8/site-packages/airflow/example_dags/example_sensors.py for tasks to queue
[2024-08-26T12:52:13.798+0000] {logging_mixin.py:154} INFO - [2024-08-26T12:52:13.797+0000] {dagbag.py:536} INFO - Filling up the DagBag from /home/airflow/.local/lib/python3.8/site-packages/airflow/example_dags/example_sensors.py
[2024-08-26T12:52:13.818+0000] {processor.py:839} INFO - DAG(s) dict_keys(['example_sensors']) retrieved from /home/airflow/.local/lib/python3.8/site-packages/airflow/example_dags/example_sensors.py
[2024-08-26T12:52:13.871+0000] {logging_mixin.py:154} INFO - [2024-08-26T12:52:13.870+0000] {dag.py:2941} INFO - Sync 1 DAGs
[2024-08-26T12:52:13.894+0000] {logging_mixin.py:154} INFO - [2024-08-26T12:52:13.894+0000] {dag.py:3722} INFO - Setting next_dagrun for example_sensors to None, run_after=None
[2024-08-26T12:52:13.970+0000] {processor.py:179} INFO - Processing /home/airflow/.local/lib/python3.8/site-packages/airflow/example_dags/example_sensors.py took 0.184 seconds
[2024-08-26T12:52:44.538+0000] {processor.py:157} INFO - Started process (PID=2087) to work on /home/airflow/.local/lib/python3.8/site-packages/airflow/example_dags/example_sensors.py
[2024-08-26T12:52:44.541+0000] {processor.py:829} INFO - Processing file /home/airflow/.local/lib/python3.8/site-packages/airflow/example_dags/example_sensors.py for tasks to queue
[2024-08-26T12:52:44.545+0000] {logging_mixin.py:154} INFO - [2024-08-26T12:52:44.545+0000] {dagbag.py:536} INFO - Filling up the DagBag from /home/airflow/.local/lib/python3.8/site-packages/airflow/example_dags/example_sensors.py
[2024-08-26T12:52:44.563+0000] {processor.py:839} INFO - DAG(s) dict_keys(['example_sensors']) retrieved from /home/airflow/.local/lib/python3.8/site-packages/airflow/example_dags/example_sensors.py
[2024-08-26T12:52:44.616+0000] {logging_mixin.py:154} INFO - [2024-08-26T12:52:44.616+0000] {dag.py:2941} INFO - Sync 1 DAGs
[2024-08-26T12:52:44.648+0000] {logging_mixin.py:154} INFO - [2024-08-26T12:52:44.648+0000] {dag.py:3722} INFO - Setting next_dagrun for example_sensors to None, run_after=None
[2024-08-26T12:52:44.688+0000] {processor.py:179} INFO - Processing /home/airflow/.local/lib/python3.8/site-packages/airflow/example_dags/example_sensors.py took 0.156 seconds
[2024-08-26T12:53:15.595+0000] {processor.py:157} INFO - Started process (PID=2153) to work on /home/airflow/.local/lib/python3.8/site-packages/airflow/example_dags/example_sensors.py
[2024-08-26T12:53:15.597+0000] {processor.py:829} INFO - Processing file /home/airflow/.local/lib/python3.8/site-packages/airflow/example_dags/example_sensors.py for tasks to queue
[2024-08-26T12:53:15.601+0000] {logging_mixin.py:154} INFO - [2024-08-26T12:53:15.601+0000] {dagbag.py:536} INFO - Filling up the DagBag from /home/airflow/.local/lib/python3.8/site-packages/airflow/example_dags/example_sensors.py
[2024-08-26T12:53:15.618+0000] {processor.py:839} INFO - DAG(s) dict_keys(['example_sensors']) retrieved from /home/airflow/.local/lib/python3.8/site-packages/airflow/example_dags/example_sensors.py
[2024-08-26T12:53:15.675+0000] {logging_mixin.py:154} INFO - [2024-08-26T12:53:15.675+0000] {dag.py:2941} INFO - Sync 1 DAGs
[2024-08-26T12:53:15.703+0000] {logging_mixin.py:154} INFO - [2024-08-26T12:53:15.703+0000] {dag.py:3722} INFO - Setting next_dagrun for example_sensors to None, run_after=None
[2024-08-26T12:53:15.739+0000] {processor.py:179} INFO - Processing /home/airflow/.local/lib/python3.8/site-packages/airflow/example_dags/example_sensors.py took 0.149 seconds
[2024-08-26T12:54:01.534+0000] {processor.py:157} INFO - Started process (PID=2211) to work on /home/airflow/.local/lib/python3.8/site-packages/airflow/example_dags/example_sensors.py
[2024-08-26T12:54:01.535+0000] {processor.py:829} INFO - Processing file /home/airflow/.local/lib/python3.8/site-packages/airflow/example_dags/example_sensors.py for tasks to queue
[2024-08-26T12:54:01.539+0000] {logging_mixin.py:154} INFO - [2024-08-26T12:54:01.539+0000] {dagbag.py:536} INFO - Filling up the DagBag from /home/airflow/.local/lib/python3.8/site-packages/airflow/example_dags/example_sensors.py
[2024-08-26T12:54:01.557+0000] {processor.py:839} INFO - DAG(s) dict_keys(['example_sensors']) retrieved from /home/airflow/.local/lib/python3.8/site-packages/airflow/example_dags/example_sensors.py
[2024-08-26T12:54:01.620+0000] {logging_mixin.py:154} INFO - [2024-08-26T12:54:01.619+0000] {dag.py:2941} INFO - Sync 1 DAGs
[2024-08-26T12:54:01.645+0000] {logging_mixin.py:154} INFO - [2024-08-26T12:54:01.645+0000] {dag.py:3722} INFO - Setting next_dagrun for example_sensors to None, run_after=None
[2024-08-26T12:54:01.689+0000] {processor.py:179} INFO - Processing /home/airflow/.local/lib/python3.8/site-packages/airflow/example_dags/example_sensors.py took 0.163 seconds
[2024-08-26T12:54:34.626+0000] {processor.py:157} INFO - Started process (PID=2284) to work on /home/airflow/.local/lib/python3.8/site-packages/airflow/example_dags/example_sensors.py
[2024-08-26T12:54:34.628+0000] {processor.py:829} INFO - Processing file /home/airflow/.local/lib/python3.8/site-packages/airflow/example_dags/example_sensors.py for tasks to queue
[2024-08-26T12:54:34.631+0000] {logging_mixin.py:154} INFO - [2024-08-26T12:54:34.631+0000] {dagbag.py:536} INFO - Filling up the DagBag from /home/airflow/.local/lib/python3.8/site-packages/airflow/example_dags/example_sensors.py
[2024-08-26T12:54:34.650+0000] {processor.py:839} INFO - DAG(s) dict_keys(['example_sensors']) retrieved from /home/airflow/.local/lib/python3.8/site-packages/airflow/example_dags/example_sensors.py
[2024-08-26T12:54:34.702+0000] {logging_mixin.py:154} INFO - [2024-08-26T12:54:34.701+0000] {dag.py:2941} INFO - Sync 1 DAGs
[2024-08-26T12:54:34.728+0000] {logging_mixin.py:154} INFO - [2024-08-26T12:54:34.728+0000] {dag.py:3722} INFO - Setting next_dagrun for example_sensors to None, run_after=None
[2024-08-26T12:54:34.788+0000] {processor.py:179} INFO - Processing /home/airflow/.local/lib/python3.8/site-packages/airflow/example_dags/example_sensors.py took 0.168 seconds
[2024-08-26T12:55:06.136+0000] {processor.py:157} INFO - Started process (PID=2350) to work on /home/airflow/.local/lib/python3.8/site-packages/airflow/example_dags/example_sensors.py
[2024-08-26T12:55:06.137+0000] {processor.py:829} INFO - Processing file /home/airflow/.local/lib/python3.8/site-packages/airflow/example_dags/example_sensors.py for tasks to queue
[2024-08-26T12:55:06.142+0000] {logging_mixin.py:154} INFO - [2024-08-26T12:55:06.141+0000] {dagbag.py:536} INFO - Filling up the DagBag from /home/airflow/.local/lib/python3.8/site-packages/airflow/example_dags/example_sensors.py
[2024-08-26T12:55:06.159+0000] {processor.py:839} INFO - DAG(s) dict_keys(['example_sensors']) retrieved from /home/airflow/.local/lib/python3.8/site-packages/airflow/example_dags/example_sensors.py
[2024-08-26T12:55:06.220+0000] {logging_mixin.py:154} INFO - [2024-08-26T12:55:06.219+0000] {dag.py:2941} INFO - Sync 1 DAGs
[2024-08-26T12:55:06.467+0000] {logging_mixin.py:154} INFO - [2024-08-26T12:55:06.466+0000] {dag.py:3722} INFO - Setting next_dagrun for example_sensors to None, run_after=None
[2024-08-26T12:55:06.541+0000] {processor.py:179} INFO - Processing /home/airflow/.local/lib/python3.8/site-packages/airflow/example_dags/example_sensors.py took 0.411 seconds
[2024-08-26T12:55:36.874+0000] {processor.py:157} INFO - Started process (PID=2416) to work on /home/airflow/.local/lib/python3.8/site-packages/airflow/example_dags/example_sensors.py
[2024-08-26T12:55:36.876+0000] {processor.py:829} INFO - Processing file /home/airflow/.local/lib/python3.8/site-packages/airflow/example_dags/example_sensors.py for tasks to queue
[2024-08-26T12:55:36.881+0000] {logging_mixin.py:154} INFO - [2024-08-26T12:55:36.880+0000] {dagbag.py:536} INFO - Filling up the DagBag from /home/airflow/.local/lib/python3.8/site-packages/airflow/example_dags/example_sensors.py
[2024-08-26T12:55:36.903+0000] {processor.py:839} INFO - DAG(s) dict_keys(['example_sensors']) retrieved from /home/airflow/.local/lib/python3.8/site-packages/airflow/example_dags/example_sensors.py
[2024-08-26T12:55:36.960+0000] {logging_mixin.py:154} INFO - [2024-08-26T12:55:36.959+0000] {dag.py:2941} INFO - Sync 1 DAGs
[2024-08-26T12:55:36.995+0000] {logging_mixin.py:154} INFO - [2024-08-26T12:55:36.994+0000] {dag.py:3722} INFO - Setting next_dagrun for example_sensors to None, run_after=None
[2024-08-26T12:55:37.034+0000] {processor.py:179} INFO - Processing /home/airflow/.local/lib/python3.8/site-packages/airflow/example_dags/example_sensors.py took 0.165 seconds
[2024-08-26T12:56:09.126+0000] {processor.py:157} INFO - Started process (PID=2482) to work on /home/airflow/.local/lib/python3.8/site-packages/airflow/example_dags/example_sensors.py
[2024-08-26T12:56:09.127+0000] {processor.py:829} INFO - Processing file /home/airflow/.local/lib/python3.8/site-packages/airflow/example_dags/example_sensors.py for tasks to queue
[2024-08-26T12:56:09.131+0000] {logging_mixin.py:154} INFO - [2024-08-26T12:56:09.131+0000] {dagbag.py:536} INFO - Filling up the DagBag from /home/airflow/.local/lib/python3.8/site-packages/airflow/example_dags/example_sensors.py
[2024-08-26T12:56:09.149+0000] {processor.py:839} INFO - DAG(s) dict_keys(['example_sensors']) retrieved from /home/airflow/.local/lib/python3.8/site-packages/airflow/example_dags/example_sensors.py
[2024-08-26T12:56:09.195+0000] {logging_mixin.py:154} INFO - [2024-08-26T12:56:09.194+0000] {dag.py:2941} INFO - Sync 1 DAGs
[2024-08-26T12:56:09.226+0000] {logging_mixin.py:154} INFO - [2024-08-26T12:56:09.225+0000] {dag.py:3722} INFO - Setting next_dagrun for example_sensors to None, run_after=None
[2024-08-26T12:56:09.302+0000] {processor.py:179} INFO - Processing /home/airflow/.local/lib/python3.8/site-packages/airflow/example_dags/example_sensors.py took 0.182 seconds
