[2024-08-26T08:44:53.341+0000] {processor.py:157} INFO - Started process (PID=59) to work on /home/airflow/.local/lib/python3.8/site-packages/airflow/example_dags/example_short_circuit_decorator.py
[2024-08-26T08:44:53.342+0000] {processor.py:829} INFO - Processing file /home/airflow/.local/lib/python3.8/site-packages/airflow/example_dags/example_short_circuit_decorator.py for tasks to queue
[2024-08-26T08:44:53.345+0000] {logging_mixin.py:154} INFO - [2024-08-26T08:44:53.344+0000] {dagbag.py:536} INFO - Filling up the DagBag from /home/airflow/.local/lib/python3.8/site-packages/airflow/example_dags/example_short_circuit_decorator.py
[2024-08-26T08:44:53.357+0000] {processor.py:839} INFO - DAG(s) dict_keys(['example_short_circuit_decorator']) retrieved from /home/airflow/.local/lib/python3.8/site-packages/airflow/example_dags/example_short_circuit_decorator.py
[2024-08-26T08:44:53.386+0000] {logging_mixin.py:154} INFO - [2024-08-26T08:44:53.386+0000] {dag.py:2941} INFO - Sync 1 DAGs
[2024-08-26T08:44:53.406+0000] {logging_mixin.py:154} INFO - [2024-08-26T08:44:53.405+0000] {dag.py:3722} INFO - Setting next_dagrun for example_short_circuit_decorator to 2024-08-25T08:44:53.405708+00:00, run_after=2024-08-26T08:44:53.405708+00:00
[2024-08-26T08:44:53.422+0000] {processor.py:179} INFO - Processing /home/airflow/.local/lib/python3.8/site-packages/airflow/example_dags/example_short_circuit_decorator.py took 0.084 seconds
[2024-08-26T12:36:19.356+0000] {processor.py:157} INFO - Started process (PID=68) to work on /home/airflow/.local/lib/python3.8/site-packages/airflow/example_dags/example_short_circuit_decorator.py
[2024-08-26T12:36:19.358+0000] {processor.py:829} INFO - Processing file /home/airflow/.local/lib/python3.8/site-packages/airflow/example_dags/example_short_circuit_decorator.py for tasks to queue
[2024-08-26T12:36:19.361+0000] {logging_mixin.py:154} INFO - [2024-08-26T12:36:19.360+0000] {dagbag.py:536} INFO - Filling up the DagBag from /home/airflow/.local/lib/python3.8/site-packages/airflow/example_dags/example_short_circuit_decorator.py
[2024-08-26T12:36:19.376+0000] {processor.py:839} INFO - DAG(s) dict_keys(['example_short_circuit_decorator']) retrieved from /home/airflow/.local/lib/python3.8/site-packages/airflow/example_dags/example_short_circuit_decorator.py
[2024-08-26T12:36:19.409+0000] {logging_mixin.py:154} INFO - [2024-08-26T12:36:19.409+0000] {dag.py:2941} INFO - Sync 1 DAGs
[2024-08-26T12:36:19.435+0000] {logging_mixin.py:154} INFO - [2024-08-26T12:36:19.434+0000] {dag.py:3722} INFO - Setting next_dagrun for example_short_circuit_decorator to 2024-08-25T12:36:19.434574+00:00, run_after=2024-08-26T12:36:19.434574+00:00
[2024-08-26T12:36:19.458+0000] {processor.py:179} INFO - Processing /home/airflow/.local/lib/python3.8/site-packages/airflow/example_dags/example_short_circuit_decorator.py took 0.106 seconds
[2024-08-26T12:36:50.423+0000] {processor.py:157} INFO - Started process (PID=134) to work on /home/airflow/.local/lib/python3.8/site-packages/airflow/example_dags/example_short_circuit_decorator.py
[2024-08-26T12:36:50.424+0000] {processor.py:829} INFO - Processing file /home/airflow/.local/lib/python3.8/site-packages/airflow/example_dags/example_short_circuit_decorator.py for tasks to queue
[2024-08-26T12:36:50.426+0000] {logging_mixin.py:154} INFO - [2024-08-26T12:36:50.426+0000] {dagbag.py:536} INFO - Filling up the DagBag from /home/airflow/.local/lib/python3.8/site-packages/airflow/example_dags/example_short_circuit_decorator.py
[2024-08-26T12:36:50.437+0000] {processor.py:839} INFO - DAG(s) dict_keys(['example_short_circuit_decorator']) retrieved from /home/airflow/.local/lib/python3.8/site-packages/airflow/example_dags/example_short_circuit_decorator.py
[2024-08-26T12:36:50.463+0000] {logging_mixin.py:154} INFO - [2024-08-26T12:36:50.463+0000] {dag.py:2941} INFO - Sync 1 DAGs
[2024-08-26T12:36:50.486+0000] {logging_mixin.py:154} INFO - [2024-08-26T12:36:50.486+0000] {dag.py:3722} INFO - Setting next_dagrun for example_short_circuit_decorator to 2024-08-25T12:36:50.486519+00:00, run_after=2024-08-26T12:36:50.486519+00:00
[2024-08-26T12:36:50.506+0000] {processor.py:179} INFO - Processing /home/airflow/.local/lib/python3.8/site-packages/airflow/example_dags/example_short_circuit_decorator.py took 0.087 seconds
[2024-08-26T12:37:21.580+0000] {processor.py:157} INFO - Started process (PID=200) to work on /home/airflow/.local/lib/python3.8/site-packages/airflow/example_dags/example_short_circuit_decorator.py
[2024-08-26T12:37:21.581+0000] {processor.py:829} INFO - Processing file /home/airflow/.local/lib/python3.8/site-packages/airflow/example_dags/example_short_circuit_decorator.py for tasks to queue
[2024-08-26T12:37:21.585+0000] {logging_mixin.py:154} INFO - [2024-08-26T12:37:21.585+0000] {dagbag.py:536} INFO - Filling up the DagBag from /home/airflow/.local/lib/python3.8/site-packages/airflow/example_dags/example_short_circuit_decorator.py
[2024-08-26T12:37:21.601+0000] {processor.py:839} INFO - DAG(s) dict_keys(['example_short_circuit_decorator']) retrieved from /home/airflow/.local/lib/python3.8/site-packages/airflow/example_dags/example_short_circuit_decorator.py
[2024-08-26T12:37:21.651+0000] {logging_mixin.py:154} INFO - [2024-08-26T12:37:21.650+0000] {dag.py:2941} INFO - Sync 1 DAGs
[2024-08-26T12:37:21.701+0000] {logging_mixin.py:154} INFO - [2024-08-26T12:37:21.700+0000] {dag.py:3722} INFO - Setting next_dagrun for example_short_circuit_decorator to 2024-08-25T12:37:21.700228+00:00, run_after=2024-08-26T12:37:21.700228+00:00
[2024-08-26T12:37:21.736+0000] {processor.py:179} INFO - Processing /home/airflow/.local/lib/python3.8/site-packages/airflow/example_dags/example_short_circuit_decorator.py took 0.161 seconds
[2024-08-26T12:37:52.588+0000] {processor.py:157} INFO - Started process (PID=266) to work on /home/airflow/.local/lib/python3.8/site-packages/airflow/example_dags/example_short_circuit_decorator.py
[2024-08-26T12:37:52.590+0000] {processor.py:829} INFO - Processing file /home/airflow/.local/lib/python3.8/site-packages/airflow/example_dags/example_short_circuit_decorator.py for tasks to queue
[2024-08-26T12:37:52.595+0000] {logging_mixin.py:154} INFO - [2024-08-26T12:37:52.594+0000] {dagbag.py:536} INFO - Filling up the DagBag from /home/airflow/.local/lib/python3.8/site-packages/airflow/example_dags/example_short_circuit_decorator.py
[2024-08-26T12:37:52.613+0000] {processor.py:839} INFO - DAG(s) dict_keys(['example_short_circuit_decorator']) retrieved from /home/airflow/.local/lib/python3.8/site-packages/airflow/example_dags/example_short_circuit_decorator.py
[2024-08-26T12:37:52.664+0000] {logging_mixin.py:154} INFO - [2024-08-26T12:37:52.664+0000] {dag.py:2941} INFO - Sync 1 DAGs
[2024-08-26T12:37:52.704+0000] {logging_mixin.py:154} INFO - [2024-08-26T12:37:52.704+0000] {dag.py:3722} INFO - Setting next_dagrun for example_short_circuit_decorator to 2024-08-25T12:37:52.703949+00:00, run_after=2024-08-26T12:37:52.703949+00:00
[2024-08-26T12:37:52.738+0000] {processor.py:179} INFO - Processing /home/airflow/.local/lib/python3.8/site-packages/airflow/example_dags/example_short_circuit_decorator.py took 0.157 seconds
[2024-08-26T12:38:23.017+0000] {processor.py:157} INFO - Started process (PID=332) to work on /home/airflow/.local/lib/python3.8/site-packages/airflow/example_dags/example_short_circuit_decorator.py
[2024-08-26T12:38:23.019+0000] {processor.py:829} INFO - Processing file /home/airflow/.local/lib/python3.8/site-packages/airflow/example_dags/example_short_circuit_decorator.py for tasks to queue
[2024-08-26T12:38:23.024+0000] {logging_mixin.py:154} INFO - [2024-08-26T12:38:23.023+0000] {dagbag.py:536} INFO - Filling up the DagBag from /home/airflow/.local/lib/python3.8/site-packages/airflow/example_dags/example_short_circuit_decorator.py
[2024-08-26T12:38:23.039+0000] {processor.py:839} INFO - DAG(s) dict_keys(['example_short_circuit_decorator']) retrieved from /home/airflow/.local/lib/python3.8/site-packages/airflow/example_dags/example_short_circuit_decorator.py
[2024-08-26T12:38:23.085+0000] {logging_mixin.py:154} INFO - [2024-08-26T12:38:23.085+0000] {dag.py:2941} INFO - Sync 1 DAGs
[2024-08-26T12:38:23.131+0000] {logging_mixin.py:154} INFO - [2024-08-26T12:38:23.130+0000] {dag.py:3722} INFO - Setting next_dagrun for example_short_circuit_decorator to 2024-08-25T12:38:23.130423+00:00, run_after=2024-08-26T12:38:23.130423+00:00
[2024-08-26T12:38:23.204+0000] {processor.py:179} INFO - Processing /home/airflow/.local/lib/python3.8/site-packages/airflow/example_dags/example_short_circuit_decorator.py took 0.192 seconds
[2024-08-26T12:38:53.673+0000] {processor.py:157} INFO - Started process (PID=404) to work on /home/airflow/.local/lib/python3.8/site-packages/airflow/example_dags/example_short_circuit_decorator.py
[2024-08-26T12:38:53.675+0000] {processor.py:829} INFO - Processing file /home/airflow/.local/lib/python3.8/site-packages/airflow/example_dags/example_short_circuit_decorator.py for tasks to queue
[2024-08-26T12:38:53.679+0000] {logging_mixin.py:154} INFO - [2024-08-26T12:38:53.678+0000] {dagbag.py:536} INFO - Filling up the DagBag from /home/airflow/.local/lib/python3.8/site-packages/airflow/example_dags/example_short_circuit_decorator.py
[2024-08-26T12:38:53.696+0000] {processor.py:839} INFO - DAG(s) dict_keys(['example_short_circuit_decorator']) retrieved from /home/airflow/.local/lib/python3.8/site-packages/airflow/example_dags/example_short_circuit_decorator.py
[2024-08-26T12:38:53.740+0000] {logging_mixin.py:154} INFO - [2024-08-26T12:38:53.740+0000] {dag.py:2941} INFO - Sync 1 DAGs
[2024-08-26T12:38:53.790+0000] {logging_mixin.py:154} INFO - [2024-08-26T12:38:53.790+0000] {dag.py:3722} INFO - Setting next_dagrun for example_short_circuit_decorator to 2024-08-25T12:38:53.789930+00:00, run_after=2024-08-26T12:38:53.789930+00:00
[2024-08-26T12:38:53.849+0000] {processor.py:179} INFO - Processing /home/airflow/.local/lib/python3.8/site-packages/airflow/example_dags/example_short_circuit_decorator.py took 0.183 seconds
[2024-08-26T12:39:24.791+0000] {processor.py:157} INFO - Started process (PID=471) to work on /home/airflow/.local/lib/python3.8/site-packages/airflow/example_dags/example_short_circuit_decorator.py
[2024-08-26T12:39:24.793+0000] {processor.py:829} INFO - Processing file /home/airflow/.local/lib/python3.8/site-packages/airflow/example_dags/example_short_circuit_decorator.py for tasks to queue
[2024-08-26T12:39:24.798+0000] {logging_mixin.py:154} INFO - [2024-08-26T12:39:24.797+0000] {dagbag.py:536} INFO - Filling up the DagBag from /home/airflow/.local/lib/python3.8/site-packages/airflow/example_dags/example_short_circuit_decorator.py
[2024-08-26T12:39:24.817+0000] {processor.py:839} INFO - DAG(s) dict_keys(['example_short_circuit_decorator']) retrieved from /home/airflow/.local/lib/python3.8/site-packages/airflow/example_dags/example_short_circuit_decorator.py
[2024-08-26T12:39:24.870+0000] {logging_mixin.py:154} INFO - [2024-08-26T12:39:24.870+0000] {dag.py:2941} INFO - Sync 1 DAGs
[2024-08-26T12:39:24.918+0000] {logging_mixin.py:154} INFO - [2024-08-26T12:39:24.917+0000] {dag.py:3722} INFO - Setting next_dagrun for example_short_circuit_decorator to 2024-08-25T12:39:24.917150+00:00, run_after=2024-08-26T12:39:24.917150+00:00
[2024-08-26T12:39:24.986+0000] {processor.py:179} INFO - Processing /home/airflow/.local/lib/python3.8/site-packages/airflow/example_dags/example_short_circuit_decorator.py took 0.200 seconds
[2024-08-26T12:39:55.645+0000] {processor.py:157} INFO - Started process (PID=537) to work on /home/airflow/.local/lib/python3.8/site-packages/airflow/example_dags/example_short_circuit_decorator.py
[2024-08-26T12:39:55.646+0000] {processor.py:829} INFO - Processing file /home/airflow/.local/lib/python3.8/site-packages/airflow/example_dags/example_short_circuit_decorator.py for tasks to queue
[2024-08-26T12:39:55.651+0000] {logging_mixin.py:154} INFO - [2024-08-26T12:39:55.651+0000] {dagbag.py:536} INFO - Filling up the DagBag from /home/airflow/.local/lib/python3.8/site-packages/airflow/example_dags/example_short_circuit_decorator.py
[2024-08-26T12:39:55.673+0000] {processor.py:839} INFO - DAG(s) dict_keys(['example_short_circuit_decorator']) retrieved from /home/airflow/.local/lib/python3.8/site-packages/airflow/example_dags/example_short_circuit_decorator.py
[2024-08-26T12:39:55.728+0000] {logging_mixin.py:154} INFO - [2024-08-26T12:39:55.728+0000] {dag.py:2941} INFO - Sync 1 DAGs
[2024-08-26T12:39:55.783+0000] {logging_mixin.py:154} INFO - [2024-08-26T12:39:55.782+0000] {dag.py:3722} INFO - Setting next_dagrun for example_short_circuit_decorator to 2024-08-25T12:39:55.782420+00:00, run_after=2024-08-26T12:39:55.782420+00:00
[2024-08-26T12:39:55.826+0000] {processor.py:179} INFO - Processing /home/airflow/.local/lib/python3.8/site-packages/airflow/example_dags/example_short_circuit_decorator.py took 0.186 seconds
[2024-08-26T12:40:26.155+0000] {processor.py:157} INFO - Started process (PID=595) to work on /home/airflow/.local/lib/python3.8/site-packages/airflow/example_dags/example_short_circuit_decorator.py
[2024-08-26T12:40:26.157+0000] {processor.py:829} INFO - Processing file /home/airflow/.local/lib/python3.8/site-packages/airflow/example_dags/example_short_circuit_decorator.py for tasks to queue
[2024-08-26T12:40:26.163+0000] {logging_mixin.py:154} INFO - [2024-08-26T12:40:26.162+0000] {dagbag.py:536} INFO - Filling up the DagBag from /home/airflow/.local/lib/python3.8/site-packages/airflow/example_dags/example_short_circuit_decorator.py
[2024-08-26T12:40:26.189+0000] {processor.py:839} INFO - DAG(s) dict_keys(['example_short_circuit_decorator']) retrieved from /home/airflow/.local/lib/python3.8/site-packages/airflow/example_dags/example_short_circuit_decorator.py
[2024-08-26T12:40:26.253+0000] {logging_mixin.py:154} INFO - [2024-08-26T12:40:26.253+0000] {dag.py:2941} INFO - Sync 1 DAGs
[2024-08-26T12:40:26.309+0000] {logging_mixin.py:154} INFO - [2024-08-26T12:40:26.308+0000] {dag.py:3722} INFO - Setting next_dagrun for example_short_circuit_decorator to 2024-08-25T12:40:26.308391+00:00, run_after=2024-08-26T12:40:26.308391+00:00
[2024-08-26T12:40:26.354+0000] {processor.py:179} INFO - Processing /home/airflow/.local/lib/python3.8/site-packages/airflow/example_dags/example_short_circuit_decorator.py took 0.208 seconds
[2024-08-26T12:40:57.126+0000] {processor.py:157} INFO - Started process (PID=660) to work on /home/airflow/.local/lib/python3.8/site-packages/airflow/example_dags/example_short_circuit_decorator.py
[2024-08-26T12:40:57.127+0000] {processor.py:829} INFO - Processing file /home/airflow/.local/lib/python3.8/site-packages/airflow/example_dags/example_short_circuit_decorator.py for tasks to queue
[2024-08-26T12:40:57.130+0000] {logging_mixin.py:154} INFO - [2024-08-26T12:40:57.130+0000] {dagbag.py:536} INFO - Filling up the DagBag from /home/airflow/.local/lib/python3.8/site-packages/airflow/example_dags/example_short_circuit_decorator.py
[2024-08-26T12:40:57.146+0000] {processor.py:839} INFO - DAG(s) dict_keys(['example_short_circuit_decorator']) retrieved from /home/airflow/.local/lib/python3.8/site-packages/airflow/example_dags/example_short_circuit_decorator.py
[2024-08-26T12:40:57.192+0000] {logging_mixin.py:154} INFO - [2024-08-26T12:40:57.192+0000] {dag.py:2941} INFO - Sync 1 DAGs
[2024-08-26T12:40:57.237+0000] {logging_mixin.py:154} INFO - [2024-08-26T12:40:57.237+0000] {dag.py:3722} INFO - Setting next_dagrun for example_short_circuit_decorator to 2024-08-25T12:40:57.236676+00:00, run_after=2024-08-26T12:40:57.236676+00:00
[2024-08-26T12:40:57.305+0000] {processor.py:179} INFO - Processing /home/airflow/.local/lib/python3.8/site-packages/airflow/example_dags/example_short_circuit_decorator.py took 0.185 seconds
[2024-08-26T12:41:27.607+0000] {processor.py:157} INFO - Started process (PID=726) to work on /home/airflow/.local/lib/python3.8/site-packages/airflow/example_dags/example_short_circuit_decorator.py
[2024-08-26T12:41:27.608+0000] {processor.py:829} INFO - Processing file /home/airflow/.local/lib/python3.8/site-packages/airflow/example_dags/example_short_circuit_decorator.py for tasks to queue
[2024-08-26T12:41:27.612+0000] {logging_mixin.py:154} INFO - [2024-08-26T12:41:27.612+0000] {dagbag.py:536} INFO - Filling up the DagBag from /home/airflow/.local/lib/python3.8/site-packages/airflow/example_dags/example_short_circuit_decorator.py
[2024-08-26T12:41:27.628+0000] {processor.py:839} INFO - DAG(s) dict_keys(['example_short_circuit_decorator']) retrieved from /home/airflow/.local/lib/python3.8/site-packages/airflow/example_dags/example_short_circuit_decorator.py
[2024-08-26T12:41:27.673+0000] {logging_mixin.py:154} INFO - [2024-08-26T12:41:27.672+0000] {dag.py:2941} INFO - Sync 1 DAGs
[2024-08-26T12:41:27.723+0000] {logging_mixin.py:154} INFO - [2024-08-26T12:41:27.723+0000] {dag.py:3722} INFO - Setting next_dagrun for example_short_circuit_decorator to 2024-08-25T12:41:27.723161+00:00, run_after=2024-08-26T12:41:27.723161+00:00
[2024-08-26T12:41:27.759+0000] {processor.py:179} INFO - Processing /home/airflow/.local/lib/python3.8/site-packages/airflow/example_dags/example_short_circuit_decorator.py took 0.158 seconds
[2024-08-26T12:41:57.955+0000] {processor.py:157} INFO - Started process (PID=792) to work on /home/airflow/.local/lib/python3.8/site-packages/airflow/example_dags/example_short_circuit_decorator.py
[2024-08-26T12:41:57.956+0000] {processor.py:829} INFO - Processing file /home/airflow/.local/lib/python3.8/site-packages/airflow/example_dags/example_short_circuit_decorator.py for tasks to queue
[2024-08-26T12:41:57.960+0000] {logging_mixin.py:154} INFO - [2024-08-26T12:41:57.960+0000] {dagbag.py:536} INFO - Filling up the DagBag from /home/airflow/.local/lib/python3.8/site-packages/airflow/example_dags/example_short_circuit_decorator.py
[2024-08-26T12:41:57.976+0000] {processor.py:839} INFO - DAG(s) dict_keys(['example_short_circuit_decorator']) retrieved from /home/airflow/.local/lib/python3.8/site-packages/airflow/example_dags/example_short_circuit_decorator.py
[2024-08-26T12:41:58.019+0000] {logging_mixin.py:154} INFO - [2024-08-26T12:41:58.019+0000] {dag.py:2941} INFO - Sync 1 DAGs
[2024-08-26T12:41:58.063+0000] {logging_mixin.py:154} INFO - [2024-08-26T12:41:58.063+0000] {dag.py:3722} INFO - Setting next_dagrun for example_short_circuit_decorator to 2024-08-25T12:41:58.062797+00:00, run_after=2024-08-26T12:41:58.062797+00:00
[2024-08-26T12:41:58.135+0000] {processor.py:179} INFO - Processing /home/airflow/.local/lib/python3.8/site-packages/airflow/example_dags/example_short_circuit_decorator.py took 0.185 seconds
[2024-08-26T12:42:28.370+0000] {processor.py:157} INFO - Started process (PID=858) to work on /home/airflow/.local/lib/python3.8/site-packages/airflow/example_dags/example_short_circuit_decorator.py
[2024-08-26T12:42:28.372+0000] {processor.py:829} INFO - Processing file /home/airflow/.local/lib/python3.8/site-packages/airflow/example_dags/example_short_circuit_decorator.py for tasks to queue
[2024-08-26T12:42:28.376+0000] {logging_mixin.py:154} INFO - [2024-08-26T12:42:28.375+0000] {dagbag.py:536} INFO - Filling up the DagBag from /home/airflow/.local/lib/python3.8/site-packages/airflow/example_dags/example_short_circuit_decorator.py
[2024-08-26T12:42:28.394+0000] {processor.py:839} INFO - DAG(s) dict_keys(['example_short_circuit_decorator']) retrieved from /home/airflow/.local/lib/python3.8/site-packages/airflow/example_dags/example_short_circuit_decorator.py
[2024-08-26T12:42:28.440+0000] {logging_mixin.py:154} INFO - [2024-08-26T12:42:28.440+0000] {dag.py:2941} INFO - Sync 1 DAGs
[2024-08-26T12:42:28.480+0000] {logging_mixin.py:154} INFO - [2024-08-26T12:42:28.480+0000] {dag.py:3722} INFO - Setting next_dagrun for example_short_circuit_decorator to 2024-08-25T12:42:28.479918+00:00, run_after=2024-08-26T12:42:28.479918+00:00
[2024-08-26T12:42:28.553+0000] {processor.py:179} INFO - Processing /home/airflow/.local/lib/python3.8/site-packages/airflow/example_dags/example_short_circuit_decorator.py took 0.188 seconds
[2024-08-26T12:42:59.534+0000] {processor.py:157} INFO - Started process (PID=931) to work on /home/airflow/.local/lib/python3.8/site-packages/airflow/example_dags/example_short_circuit_decorator.py
[2024-08-26T12:42:59.535+0000] {processor.py:829} INFO - Processing file /home/airflow/.local/lib/python3.8/site-packages/airflow/example_dags/example_short_circuit_decorator.py for tasks to queue
[2024-08-26T12:42:59.539+0000] {logging_mixin.py:154} INFO - [2024-08-26T12:42:59.539+0000] {dagbag.py:536} INFO - Filling up the DagBag from /home/airflow/.local/lib/python3.8/site-packages/airflow/example_dags/example_short_circuit_decorator.py
[2024-08-26T12:42:59.558+0000] {processor.py:839} INFO - DAG(s) dict_keys(['example_short_circuit_decorator']) retrieved from /home/airflow/.local/lib/python3.8/site-packages/airflow/example_dags/example_short_circuit_decorator.py
[2024-08-26T12:42:59.601+0000] {logging_mixin.py:154} INFO - [2024-08-26T12:42:59.601+0000] {dag.py:2941} INFO - Sync 1 DAGs
[2024-08-26T12:42:59.652+0000] {logging_mixin.py:154} INFO - [2024-08-26T12:42:59.651+0000] {dag.py:3722} INFO - Setting next_dagrun for example_short_circuit_decorator to 2024-08-25T12:42:59.651225+00:00, run_after=2024-08-26T12:42:59.651225+00:00
[2024-08-26T12:42:59.728+0000] {processor.py:179} INFO - Processing /home/airflow/.local/lib/python3.8/site-packages/airflow/example_dags/example_short_circuit_decorator.py took 0.200 seconds
[2024-08-26T12:43:29.773+0000] {processor.py:157} INFO - Started process (PID=1001) to work on /home/airflow/.local/lib/python3.8/site-packages/airflow/example_dags/example_short_circuit_decorator.py
[2024-08-26T12:43:29.775+0000] {processor.py:829} INFO - Processing file /home/airflow/.local/lib/python3.8/site-packages/airflow/example_dags/example_short_circuit_decorator.py for tasks to queue
[2024-08-26T12:43:29.779+0000] {logging_mixin.py:154} INFO - [2024-08-26T12:43:29.778+0000] {dagbag.py:536} INFO - Filling up the DagBag from /home/airflow/.local/lib/python3.8/site-packages/airflow/example_dags/example_short_circuit_decorator.py
[2024-08-26T12:43:29.796+0000] {processor.py:839} INFO - DAG(s) dict_keys(['example_short_circuit_decorator']) retrieved from /home/airflow/.local/lib/python3.8/site-packages/airflow/example_dags/example_short_circuit_decorator.py
[2024-08-26T12:43:29.838+0000] {logging_mixin.py:154} INFO - [2024-08-26T12:43:29.837+0000] {dag.py:2941} INFO - Sync 1 DAGs
[2024-08-26T12:43:29.880+0000] {logging_mixin.py:154} INFO - [2024-08-26T12:43:29.879+0000] {dag.py:3722} INFO - Setting next_dagrun for example_short_circuit_decorator to 2024-08-25T12:43:29.879547+00:00, run_after=2024-08-26T12:43:29.879547+00:00
[2024-08-26T12:43:29.952+0000] {processor.py:179} INFO - Processing /home/airflow/.local/lib/python3.8/site-packages/airflow/example_dags/example_short_circuit_decorator.py took 0.185 seconds
[2024-08-26T12:44:00.517+0000] {processor.py:157} INFO - Started process (PID=1075) to work on /home/airflow/.local/lib/python3.8/site-packages/airflow/example_dags/example_short_circuit_decorator.py
[2024-08-26T12:44:00.519+0000] {processor.py:829} INFO - Processing file /home/airflow/.local/lib/python3.8/site-packages/airflow/example_dags/example_short_circuit_decorator.py for tasks to queue
[2024-08-26T12:44:00.522+0000] {logging_mixin.py:154} INFO - [2024-08-26T12:44:00.522+0000] {dagbag.py:536} INFO - Filling up the DagBag from /home/airflow/.local/lib/python3.8/site-packages/airflow/example_dags/example_short_circuit_decorator.py
[2024-08-26T12:44:00.542+0000] {processor.py:839} INFO - DAG(s) dict_keys(['example_short_circuit_decorator']) retrieved from /home/airflow/.local/lib/python3.8/site-packages/airflow/example_dags/example_short_circuit_decorator.py
[2024-08-26T12:44:00.585+0000] {logging_mixin.py:154} INFO - [2024-08-26T12:44:00.585+0000] {dag.py:2941} INFO - Sync 1 DAGs
[2024-08-26T12:44:00.630+0000] {logging_mixin.py:154} INFO - [2024-08-26T12:44:00.630+0000] {dag.py:3722} INFO - Setting next_dagrun for example_short_circuit_decorator to 2024-08-25T12:44:00.629835+00:00, run_after=2024-08-26T12:44:00.629835+00:00
[2024-08-26T12:44:00.660+0000] {processor.py:179} INFO - Processing /home/airflow/.local/lib/python3.8/site-packages/airflow/example_dags/example_short_circuit_decorator.py took 0.148 seconds
[2024-08-26T12:44:31.199+0000] {processor.py:157} INFO - Started process (PID=1142) to work on /home/airflow/.local/lib/python3.8/site-packages/airflow/example_dags/example_short_circuit_decorator.py
[2024-08-26T12:44:31.201+0000] {processor.py:829} INFO - Processing file /home/airflow/.local/lib/python3.8/site-packages/airflow/example_dags/example_short_circuit_decorator.py for tasks to queue
[2024-08-26T12:44:31.206+0000] {logging_mixin.py:154} INFO - [2024-08-26T12:44:31.205+0000] {dagbag.py:536} INFO - Filling up the DagBag from /home/airflow/.local/lib/python3.8/site-packages/airflow/example_dags/example_short_circuit_decorator.py
[2024-08-26T12:44:31.225+0000] {processor.py:839} INFO - DAG(s) dict_keys(['example_short_circuit_decorator']) retrieved from /home/airflow/.local/lib/python3.8/site-packages/airflow/example_dags/example_short_circuit_decorator.py
[2024-08-26T12:44:31.267+0000] {logging_mixin.py:154} INFO - [2024-08-26T12:44:31.267+0000] {dag.py:2941} INFO - Sync 1 DAGs
[2024-08-26T12:44:31.312+0000] {logging_mixin.py:154} INFO - [2024-08-26T12:44:31.312+0000] {dag.py:3722} INFO - Setting next_dagrun for example_short_circuit_decorator to 2024-08-25T12:44:31.311549+00:00, run_after=2024-08-26T12:44:31.311549+00:00
[2024-08-26T12:44:31.385+0000] {processor.py:179} INFO - Processing /home/airflow/.local/lib/python3.8/site-packages/airflow/example_dags/example_short_circuit_decorator.py took 0.193 seconds
[2024-08-26T12:45:02.174+0000] {processor.py:157} INFO - Started process (PID=1209) to work on /home/airflow/.local/lib/python3.8/site-packages/airflow/example_dags/example_short_circuit_decorator.py
[2024-08-26T12:45:02.176+0000] {processor.py:829} INFO - Processing file /home/airflow/.local/lib/python3.8/site-packages/airflow/example_dags/example_short_circuit_decorator.py for tasks to queue
[2024-08-26T12:45:02.180+0000] {logging_mixin.py:154} INFO - [2024-08-26T12:45:02.180+0000] {dagbag.py:536} INFO - Filling up the DagBag from /home/airflow/.local/lib/python3.8/site-packages/airflow/example_dags/example_short_circuit_decorator.py
[2024-08-26T12:45:02.199+0000] {processor.py:839} INFO - DAG(s) dict_keys(['example_short_circuit_decorator']) retrieved from /home/airflow/.local/lib/python3.8/site-packages/airflow/example_dags/example_short_circuit_decorator.py
[2024-08-26T12:45:02.244+0000] {logging_mixin.py:154} INFO - [2024-08-26T12:45:02.244+0000] {dag.py:2941} INFO - Sync 1 DAGs
[2024-08-26T12:45:02.288+0000] {logging_mixin.py:154} INFO - [2024-08-26T12:45:02.287+0000] {dag.py:3722} INFO - Setting next_dagrun for example_short_circuit_decorator to 2024-08-25T12:45:02.287497+00:00, run_after=2024-08-26T12:45:02.287497+00:00
[2024-08-26T12:45:02.322+0000] {processor.py:179} INFO - Processing /home/airflow/.local/lib/python3.8/site-packages/airflow/example_dags/example_short_circuit_decorator.py took 0.154 seconds
[2024-08-26T12:45:32.604+0000] {processor.py:157} INFO - Started process (PID=1275) to work on /home/airflow/.local/lib/python3.8/site-packages/airflow/example_dags/example_short_circuit_decorator.py
[2024-08-26T12:45:32.605+0000] {processor.py:829} INFO - Processing file /home/airflow/.local/lib/python3.8/site-packages/airflow/example_dags/example_short_circuit_decorator.py for tasks to queue
[2024-08-26T12:45:32.610+0000] {logging_mixin.py:154} INFO - [2024-08-26T12:45:32.610+0000] {dagbag.py:536} INFO - Filling up the DagBag from /home/airflow/.local/lib/python3.8/site-packages/airflow/example_dags/example_short_circuit_decorator.py
[2024-08-26T12:45:32.625+0000] {processor.py:839} INFO - DAG(s) dict_keys(['example_short_circuit_decorator']) retrieved from /home/airflow/.local/lib/python3.8/site-packages/airflow/example_dags/example_short_circuit_decorator.py
[2024-08-26T12:45:32.667+0000] {logging_mixin.py:154} INFO - [2024-08-26T12:45:32.667+0000] {dag.py:2941} INFO - Sync 1 DAGs
[2024-08-26T12:45:32.709+0000] {logging_mixin.py:154} INFO - [2024-08-26T12:45:32.709+0000] {dag.py:3722} INFO - Setting next_dagrun for example_short_circuit_decorator to 2024-08-25T12:45:32.709153+00:00, run_after=2024-08-26T12:45:32.709153+00:00
[2024-08-26T12:45:32.739+0000] {processor.py:179} INFO - Processing /home/airflow/.local/lib/python3.8/site-packages/airflow/example_dags/example_short_circuit_decorator.py took 0.140 seconds
[2024-08-26T12:46:02.971+0000] {processor.py:157} INFO - Started process (PID=1341) to work on /home/airflow/.local/lib/python3.8/site-packages/airflow/example_dags/example_short_circuit_decorator.py
[2024-08-26T12:46:02.973+0000] {processor.py:829} INFO - Processing file /home/airflow/.local/lib/python3.8/site-packages/airflow/example_dags/example_short_circuit_decorator.py for tasks to queue
[2024-08-26T12:46:02.978+0000] {logging_mixin.py:154} INFO - [2024-08-26T12:46:02.977+0000] {dagbag.py:536} INFO - Filling up the DagBag from /home/airflow/.local/lib/python3.8/site-packages/airflow/example_dags/example_short_circuit_decorator.py
[2024-08-26T12:46:02.999+0000] {processor.py:839} INFO - DAG(s) dict_keys(['example_short_circuit_decorator']) retrieved from /home/airflow/.local/lib/python3.8/site-packages/airflow/example_dags/example_short_circuit_decorator.py
[2024-08-26T12:46:03.043+0000] {logging_mixin.py:154} INFO - [2024-08-26T12:46:03.043+0000] {dag.py:2941} INFO - Sync 1 DAGs
[2024-08-26T12:46:03.091+0000] {logging_mixin.py:154} INFO - [2024-08-26T12:46:03.091+0000] {dag.py:3722} INFO - Setting next_dagrun for example_short_circuit_decorator to 2024-08-25T12:46:03.090591+00:00, run_after=2024-08-26T12:46:03.090591+00:00
[2024-08-26T12:46:03.132+0000] {processor.py:179} INFO - Processing /home/airflow/.local/lib/python3.8/site-packages/airflow/example_dags/example_short_circuit_decorator.py took 0.169 seconds
[2024-08-26T12:46:33.414+0000] {processor.py:157} INFO - Started process (PID=1407) to work on /home/airflow/.local/lib/python3.8/site-packages/airflow/example_dags/example_short_circuit_decorator.py
[2024-08-26T12:46:33.416+0000] {processor.py:829} INFO - Processing file /home/airflow/.local/lib/python3.8/site-packages/airflow/example_dags/example_short_circuit_decorator.py for tasks to queue
[2024-08-26T12:46:33.420+0000] {logging_mixin.py:154} INFO - [2024-08-26T12:46:33.419+0000] {dagbag.py:536} INFO - Filling up the DagBag from /home/airflow/.local/lib/python3.8/site-packages/airflow/example_dags/example_short_circuit_decorator.py
[2024-08-26T12:46:33.438+0000] {processor.py:839} INFO - DAG(s) dict_keys(['example_short_circuit_decorator']) retrieved from /home/airflow/.local/lib/python3.8/site-packages/airflow/example_dags/example_short_circuit_decorator.py
[2024-08-26T12:46:33.480+0000] {logging_mixin.py:154} INFO - [2024-08-26T12:46:33.479+0000] {dag.py:2941} INFO - Sync 1 DAGs
[2024-08-26T12:46:33.519+0000] {logging_mixin.py:154} INFO - [2024-08-26T12:46:33.518+0000] {dag.py:3722} INFO - Setting next_dagrun for example_short_circuit_decorator to 2024-08-25T12:46:33.518408+00:00, run_after=2024-08-26T12:46:33.518408+00:00
[2024-08-26T12:46:33.592+0000] {processor.py:179} INFO - Processing /home/airflow/.local/lib/python3.8/site-packages/airflow/example_dags/example_short_circuit_decorator.py took 0.184 seconds
[2024-08-26T12:47:03.658+0000] {processor.py:157} INFO - Started process (PID=1473) to work on /home/airflow/.local/lib/python3.8/site-packages/airflow/example_dags/example_short_circuit_decorator.py
[2024-08-26T12:47:03.659+0000] {processor.py:829} INFO - Processing file /home/airflow/.local/lib/python3.8/site-packages/airflow/example_dags/example_short_circuit_decorator.py for tasks to queue
[2024-08-26T12:47:03.663+0000] {logging_mixin.py:154} INFO - [2024-08-26T12:47:03.663+0000] {dagbag.py:536} INFO - Filling up the DagBag from /home/airflow/.local/lib/python3.8/site-packages/airflow/example_dags/example_short_circuit_decorator.py
[2024-08-26T12:47:03.678+0000] {processor.py:839} INFO - DAG(s) dict_keys(['example_short_circuit_decorator']) retrieved from /home/airflow/.local/lib/python3.8/site-packages/airflow/example_dags/example_short_circuit_decorator.py
[2024-08-26T12:47:03.722+0000] {logging_mixin.py:154} INFO - [2024-08-26T12:47:03.722+0000] {dag.py:2941} INFO - Sync 1 DAGs
[2024-08-26T12:47:03.773+0000] {logging_mixin.py:154} INFO - [2024-08-26T12:47:03.773+0000] {dag.py:3722} INFO - Setting next_dagrun for example_short_circuit_decorator to 2024-08-25T12:47:03.772686+00:00, run_after=2024-08-26T12:47:03.772686+00:00
[2024-08-26T12:47:03.847+0000] {processor.py:179} INFO - Processing /home/airflow/.local/lib/python3.8/site-packages/airflow/example_dags/example_short_circuit_decorator.py took 0.195 seconds
[2024-08-26T12:47:34.106+0000] {processor.py:157} INFO - Started process (PID=1540) to work on /home/airflow/.local/lib/python3.8/site-packages/airflow/example_dags/example_short_circuit_decorator.py
[2024-08-26T12:47:34.108+0000] {processor.py:829} INFO - Processing file /home/airflow/.local/lib/python3.8/site-packages/airflow/example_dags/example_short_circuit_decorator.py for tasks to queue
[2024-08-26T12:47:34.112+0000] {logging_mixin.py:154} INFO - [2024-08-26T12:47:34.111+0000] {dagbag.py:536} INFO - Filling up the DagBag from /home/airflow/.local/lib/python3.8/site-packages/airflow/example_dags/example_short_circuit_decorator.py
[2024-08-26T12:47:34.134+0000] {processor.py:839} INFO - DAG(s) dict_keys(['example_short_circuit_decorator']) retrieved from /home/airflow/.local/lib/python3.8/site-packages/airflow/example_dags/example_short_circuit_decorator.py
[2024-08-26T12:47:34.179+0000] {logging_mixin.py:154} INFO - [2024-08-26T12:47:34.179+0000] {dag.py:2941} INFO - Sync 1 DAGs
[2024-08-26T12:47:34.221+0000] {logging_mixin.py:154} INFO - [2024-08-26T12:47:34.220+0000] {dag.py:3722} INFO - Setting next_dagrun for example_short_circuit_decorator to 2024-08-25T12:47:34.220289+00:00, run_after=2024-08-26T12:47:34.220289+00:00
[2024-08-26T12:47:34.255+0000] {processor.py:179} INFO - Processing /home/airflow/.local/lib/python3.8/site-packages/airflow/example_dags/example_short_circuit_decorator.py took 0.155 seconds
[2024-08-26T12:48:05.101+0000] {processor.py:157} INFO - Started process (PID=1606) to work on /home/airflow/.local/lib/python3.8/site-packages/airflow/example_dags/example_short_circuit_decorator.py
[2024-08-26T12:48:05.102+0000] {processor.py:829} INFO - Processing file /home/airflow/.local/lib/python3.8/site-packages/airflow/example_dags/example_short_circuit_decorator.py for tasks to queue
[2024-08-26T12:48:05.106+0000] {logging_mixin.py:154} INFO - [2024-08-26T12:48:05.106+0000] {dagbag.py:536} INFO - Filling up the DagBag from /home/airflow/.local/lib/python3.8/site-packages/airflow/example_dags/example_short_circuit_decorator.py
[2024-08-26T12:48:05.123+0000] {processor.py:839} INFO - DAG(s) dict_keys(['example_short_circuit_decorator']) retrieved from /home/airflow/.local/lib/python3.8/site-packages/airflow/example_dags/example_short_circuit_decorator.py
[2024-08-26T12:48:05.163+0000] {logging_mixin.py:154} INFO - [2024-08-26T12:48:05.163+0000] {dag.py:2941} INFO - Sync 1 DAGs
[2024-08-26T12:48:05.205+0000] {logging_mixin.py:154} INFO - [2024-08-26T12:48:05.205+0000] {dag.py:3722} INFO - Setting next_dagrun for example_short_circuit_decorator to 2024-08-25T12:48:05.204725+00:00, run_after=2024-08-26T12:48:05.204725+00:00
[2024-08-26T12:48:05.249+0000] {processor.py:179} INFO - Processing /home/airflow/.local/lib/python3.8/site-packages/airflow/example_dags/example_short_circuit_decorator.py took 0.153 seconds
[2024-08-26T12:49:35.215+0000] {processor.py:157} INFO - Started process (PID=1666) to work on /home/airflow/.local/lib/python3.8/site-packages/airflow/example_dags/example_short_circuit_decorator.py
[2024-08-26T12:49:35.216+0000] {processor.py:829} INFO - Processing file /home/airflow/.local/lib/python3.8/site-packages/airflow/example_dags/example_short_circuit_decorator.py for tasks to queue
[2024-08-26T12:49:35.220+0000] {logging_mixin.py:154} INFO - [2024-08-26T12:49:35.219+0000] {dagbag.py:536} INFO - Filling up the DagBag from /home/airflow/.local/lib/python3.8/site-packages/airflow/example_dags/example_short_circuit_decorator.py
[2024-08-26T12:49:35.236+0000] {processor.py:839} INFO - DAG(s) dict_keys(['example_short_circuit_decorator']) retrieved from /home/airflow/.local/lib/python3.8/site-packages/airflow/example_dags/example_short_circuit_decorator.py
[2024-08-26T12:49:35.280+0000] {logging_mixin.py:154} INFO - [2024-08-26T12:49:35.280+0000] {dag.py:2941} INFO - Sync 1 DAGs
[2024-08-26T12:49:35.320+0000] {logging_mixin.py:154} INFO - [2024-08-26T12:49:35.319+0000] {dag.py:3722} INFO - Setting next_dagrun for example_short_circuit_decorator to 2024-08-25T12:49:35.319400+00:00, run_after=2024-08-26T12:49:35.319400+00:00
[2024-08-26T12:49:35.393+0000] {processor.py:179} INFO - Processing /home/airflow/.local/lib/python3.8/site-packages/airflow/example_dags/example_short_circuit_decorator.py took 0.184 seconds
[2024-08-26T12:50:06.605+0000] {processor.py:157} INFO - Started process (PID=1732) to work on /home/airflow/.local/lib/python3.8/site-packages/airflow/example_dags/example_short_circuit_decorator.py
[2024-08-26T12:50:06.611+0000] {processor.py:829} INFO - Processing file /home/airflow/.local/lib/python3.8/site-packages/airflow/example_dags/example_short_circuit_decorator.py for tasks to queue
[2024-08-26T12:50:06.617+0000] {logging_mixin.py:154} INFO - [2024-08-26T12:50:06.616+0000] {dagbag.py:536} INFO - Filling up the DagBag from /home/airflow/.local/lib/python3.8/site-packages/airflow/example_dags/example_short_circuit_decorator.py
[2024-08-26T12:50:06.638+0000] {processor.py:839} INFO - DAG(s) dict_keys(['example_short_circuit_decorator']) retrieved from /home/airflow/.local/lib/python3.8/site-packages/airflow/example_dags/example_short_circuit_decorator.py
[2024-08-26T12:50:06.688+0000] {logging_mixin.py:154} INFO - [2024-08-26T12:50:06.688+0000] {dag.py:2941} INFO - Sync 1 DAGs
[2024-08-26T12:50:06.728+0000] {logging_mixin.py:154} INFO - [2024-08-26T12:50:06.728+0000] {dag.py:3722} INFO - Setting next_dagrun for example_short_circuit_decorator to 2024-08-25T12:50:06.727680+00:00, run_after=2024-08-26T12:50:06.727680+00:00
[2024-08-26T12:50:06.764+0000] {processor.py:179} INFO - Processing /home/airflow/.local/lib/python3.8/site-packages/airflow/example_dags/example_short_circuit_decorator.py took 0.172 seconds
[2024-08-26T12:50:37.936+0000] {processor.py:157} INFO - Started process (PID=1798) to work on /home/airflow/.local/lib/python3.8/site-packages/airflow/example_dags/example_short_circuit_decorator.py
[2024-08-26T12:50:37.937+0000] {processor.py:829} INFO - Processing file /home/airflow/.local/lib/python3.8/site-packages/airflow/example_dags/example_short_circuit_decorator.py for tasks to queue
[2024-08-26T12:50:37.941+0000] {logging_mixin.py:154} INFO - [2024-08-26T12:50:37.941+0000] {dagbag.py:536} INFO - Filling up the DagBag from /home/airflow/.local/lib/python3.8/site-packages/airflow/example_dags/example_short_circuit_decorator.py
[2024-08-26T12:50:37.957+0000] {processor.py:839} INFO - DAG(s) dict_keys(['example_short_circuit_decorator']) retrieved from /home/airflow/.local/lib/python3.8/site-packages/airflow/example_dags/example_short_circuit_decorator.py
[2024-08-26T12:50:38.005+0000] {logging_mixin.py:154} INFO - [2024-08-26T12:50:38.005+0000] {dag.py:2941} INFO - Sync 1 DAGs
[2024-08-26T12:50:38.047+0000] {logging_mixin.py:154} INFO - [2024-08-26T12:50:38.046+0000] {dag.py:3722} INFO - Setting next_dagrun for example_short_circuit_decorator to 2024-08-25T12:50:38.046588+00:00, run_after=2024-08-26T12:50:38.046588+00:00
[2024-08-26T12:50:38.305+0000] {processor.py:179} INFO - Processing /home/airflow/.local/lib/python3.8/site-packages/airflow/example_dags/example_short_circuit_decorator.py took 0.375 seconds
[2024-08-26T12:51:08.484+0000] {processor.py:157} INFO - Started process (PID=1864) to work on /home/airflow/.local/lib/python3.8/site-packages/airflow/example_dags/example_short_circuit_decorator.py
[2024-08-26T12:51:08.486+0000] {processor.py:829} INFO - Processing file /home/airflow/.local/lib/python3.8/site-packages/airflow/example_dags/example_short_circuit_decorator.py for tasks to queue
[2024-08-26T12:51:08.491+0000] {logging_mixin.py:154} INFO - [2024-08-26T12:51:08.490+0000] {dagbag.py:536} INFO - Filling up the DagBag from /home/airflow/.local/lib/python3.8/site-packages/airflow/example_dags/example_short_circuit_decorator.py
[2024-08-26T12:51:08.510+0000] {processor.py:839} INFO - DAG(s) dict_keys(['example_short_circuit_decorator']) retrieved from /home/airflow/.local/lib/python3.8/site-packages/airflow/example_dags/example_short_circuit_decorator.py
[2024-08-26T12:51:08.563+0000] {logging_mixin.py:154} INFO - [2024-08-26T12:51:08.563+0000] {dag.py:2941} INFO - Sync 1 DAGs
[2024-08-26T12:51:08.608+0000] {logging_mixin.py:154} INFO - [2024-08-26T12:51:08.607+0000] {dag.py:3722} INFO - Setting next_dagrun for example_short_circuit_decorator to 2024-08-25T12:51:08.607517+00:00, run_after=2024-08-26T12:51:08.607517+00:00
[2024-08-26T12:51:08.681+0000] {processor.py:179} INFO - Processing /home/airflow/.local/lib/python3.8/site-packages/airflow/example_dags/example_short_circuit_decorator.py took 0.203 seconds
[2024-08-26T12:51:38.961+0000] {processor.py:157} INFO - Started process (PID=1931) to work on /home/airflow/.local/lib/python3.8/site-packages/airflow/example_dags/example_short_circuit_decorator.py
[2024-08-26T12:51:38.962+0000] {processor.py:829} INFO - Processing file /home/airflow/.local/lib/python3.8/site-packages/airflow/example_dags/example_short_circuit_decorator.py for tasks to queue
[2024-08-26T12:51:38.966+0000] {logging_mixin.py:154} INFO - [2024-08-26T12:51:38.965+0000] {dagbag.py:536} INFO - Filling up the DagBag from /home/airflow/.local/lib/python3.8/site-packages/airflow/example_dags/example_short_circuit_decorator.py
[2024-08-26T12:51:38.985+0000] {processor.py:839} INFO - DAG(s) dict_keys(['example_short_circuit_decorator']) retrieved from /home/airflow/.local/lib/python3.8/site-packages/airflow/example_dags/example_short_circuit_decorator.py
[2024-08-26T12:51:39.040+0000] {logging_mixin.py:154} INFO - [2024-08-26T12:51:39.039+0000] {dag.py:2941} INFO - Sync 1 DAGs
[2024-08-26T12:51:39.095+0000] {logging_mixin.py:154} INFO - [2024-08-26T12:51:39.094+0000] {dag.py:3722} INFO - Setting next_dagrun for example_short_circuit_decorator to 2024-08-25T12:51:39.094149+00:00, run_after=2024-08-26T12:51:39.094149+00:00
[2024-08-26T12:51:39.134+0000] {processor.py:179} INFO - Processing /home/airflow/.local/lib/python3.8/site-packages/airflow/example_dags/example_short_circuit_decorator.py took 0.180 seconds
[2024-08-26T12:52:09.845+0000] {processor.py:157} INFO - Started process (PID=2002) to work on /home/airflow/.local/lib/python3.8/site-packages/airflow/example_dags/example_short_circuit_decorator.py
[2024-08-26T12:52:09.846+0000] {processor.py:829} INFO - Processing file /home/airflow/.local/lib/python3.8/site-packages/airflow/example_dags/example_short_circuit_decorator.py for tasks to queue
[2024-08-26T12:52:09.851+0000] {logging_mixin.py:154} INFO - [2024-08-26T12:52:09.850+0000] {dagbag.py:536} INFO - Filling up the DagBag from /home/airflow/.local/lib/python3.8/site-packages/airflow/example_dags/example_short_circuit_decorator.py
[2024-08-26T12:52:09.866+0000] {processor.py:839} INFO - DAG(s) dict_keys(['example_short_circuit_decorator']) retrieved from /home/airflow/.local/lib/python3.8/site-packages/airflow/example_dags/example_short_circuit_decorator.py
[2024-08-26T12:52:09.913+0000] {logging_mixin.py:154} INFO - [2024-08-26T12:52:09.913+0000] {dag.py:2941} INFO - Sync 1 DAGs
[2024-08-26T12:52:09.955+0000] {logging_mixin.py:154} INFO - [2024-08-26T12:52:09.955+0000] {dag.py:3722} INFO - Setting next_dagrun for example_short_circuit_decorator to 2024-08-25T12:52:09.954624+00:00, run_after=2024-08-26T12:52:09.954624+00:00
[2024-08-26T12:52:10.033+0000] {processor.py:179} INFO - Processing /home/airflow/.local/lib/python3.8/site-packages/airflow/example_dags/example_short_circuit_decorator.py took 0.196 seconds
[2024-08-26T12:52:40.371+0000] {processor.py:157} INFO - Started process (PID=2068) to work on /home/airflow/.local/lib/python3.8/site-packages/airflow/example_dags/example_short_circuit_decorator.py
[2024-08-26T12:52:40.373+0000] {processor.py:829} INFO - Processing file /home/airflow/.local/lib/python3.8/site-packages/airflow/example_dags/example_short_circuit_decorator.py for tasks to queue
[2024-08-26T12:52:40.377+0000] {logging_mixin.py:154} INFO - [2024-08-26T12:52:40.377+0000] {dagbag.py:536} INFO - Filling up the DagBag from /home/airflow/.local/lib/python3.8/site-packages/airflow/example_dags/example_short_circuit_decorator.py
[2024-08-26T12:52:40.392+0000] {processor.py:839} INFO - DAG(s) dict_keys(['example_short_circuit_decorator']) retrieved from /home/airflow/.local/lib/python3.8/site-packages/airflow/example_dags/example_short_circuit_decorator.py
[2024-08-26T12:52:40.442+0000] {logging_mixin.py:154} INFO - [2024-08-26T12:52:40.442+0000] {dag.py:2941} INFO - Sync 1 DAGs
[2024-08-26T12:52:40.489+0000] {logging_mixin.py:154} INFO - [2024-08-26T12:52:40.489+0000] {dag.py:3722} INFO - Setting next_dagrun for example_short_circuit_decorator to 2024-08-25T12:52:40.488700+00:00, run_after=2024-08-26T12:52:40.488700+00:00
[2024-08-26T12:52:40.775+0000] {processor.py:179} INFO - Processing /home/airflow/.local/lib/python3.8/site-packages/airflow/example_dags/example_short_circuit_decorator.py took 0.409 seconds
[2024-08-26T12:53:11.663+0000] {processor.py:157} INFO - Started process (PID=2135) to work on /home/airflow/.local/lib/python3.8/site-packages/airflow/example_dags/example_short_circuit_decorator.py
[2024-08-26T12:53:11.665+0000] {processor.py:829} INFO - Processing file /home/airflow/.local/lib/python3.8/site-packages/airflow/example_dags/example_short_circuit_decorator.py for tasks to queue
[2024-08-26T12:53:11.670+0000] {logging_mixin.py:154} INFO - [2024-08-26T12:53:11.669+0000] {dagbag.py:536} INFO - Filling up the DagBag from /home/airflow/.local/lib/python3.8/site-packages/airflow/example_dags/example_short_circuit_decorator.py
[2024-08-26T12:53:11.690+0000] {processor.py:839} INFO - DAG(s) dict_keys(['example_short_circuit_decorator']) retrieved from /home/airflow/.local/lib/python3.8/site-packages/airflow/example_dags/example_short_circuit_decorator.py
[2024-08-26T12:53:11.738+0000] {logging_mixin.py:154} INFO - [2024-08-26T12:53:11.737+0000] {dag.py:2941} INFO - Sync 1 DAGs
[2024-08-26T12:53:11.783+0000] {logging_mixin.py:154} INFO - [2024-08-26T12:53:11.782+0000] {dag.py:3722} INFO - Setting next_dagrun for example_short_circuit_decorator to 2024-08-25T12:53:11.782199+00:00, run_after=2024-08-26T12:53:11.782199+00:00
[2024-08-26T12:53:11.846+0000] {processor.py:179} INFO - Processing /home/airflow/.local/lib/python3.8/site-packages/airflow/example_dags/example_short_circuit_decorator.py took 0.189 seconds
[2024-08-26T12:53:59.115+0000] {processor.py:157} INFO - Started process (PID=2195) to work on /home/airflow/.local/lib/python3.8/site-packages/airflow/example_dags/example_short_circuit_decorator.py
[2024-08-26T12:53:59.117+0000] {processor.py:829} INFO - Processing file /home/airflow/.local/lib/python3.8/site-packages/airflow/example_dags/example_short_circuit_decorator.py for tasks to queue
[2024-08-26T12:53:59.120+0000] {logging_mixin.py:154} INFO - [2024-08-26T12:53:59.120+0000] {dagbag.py:536} INFO - Filling up the DagBag from /home/airflow/.local/lib/python3.8/site-packages/airflow/example_dags/example_short_circuit_decorator.py
[2024-08-26T12:53:59.141+0000] {processor.py:839} INFO - DAG(s) dict_keys(['example_short_circuit_decorator']) retrieved from /home/airflow/.local/lib/python3.8/site-packages/airflow/example_dags/example_short_circuit_decorator.py
[2024-08-26T12:53:59.184+0000] {logging_mixin.py:154} INFO - [2024-08-26T12:53:59.184+0000] {dag.py:2941} INFO - Sync 1 DAGs
[2024-08-26T12:53:59.229+0000] {logging_mixin.py:154} INFO - [2024-08-26T12:53:59.228+0000] {dag.py:3722} INFO - Setting next_dagrun for example_short_circuit_decorator to 2024-08-25T12:53:59.228235+00:00, run_after=2024-08-26T12:53:59.228235+00:00
[2024-08-26T12:53:59.273+0000] {processor.py:179} INFO - Processing /home/airflow/.local/lib/python3.8/site-packages/airflow/example_dags/example_short_circuit_decorator.py took 0.162 seconds
[2024-08-26T12:54:30.945+0000] {processor.py:157} INFO - Started process (PID=2260) to work on /home/airflow/.local/lib/python3.8/site-packages/airflow/example_dags/example_short_circuit_decorator.py
[2024-08-26T12:54:30.947+0000] {processor.py:829} INFO - Processing file /home/airflow/.local/lib/python3.8/site-packages/airflow/example_dags/example_short_circuit_decorator.py for tasks to queue
[2024-08-26T12:54:30.952+0000] {logging_mixin.py:154} INFO - [2024-08-26T12:54:30.951+0000] {dagbag.py:536} INFO - Filling up the DagBag from /home/airflow/.local/lib/python3.8/site-packages/airflow/example_dags/example_short_circuit_decorator.py
[2024-08-26T12:54:30.969+0000] {processor.py:839} INFO - DAG(s) dict_keys(['example_short_circuit_decorator']) retrieved from /home/airflow/.local/lib/python3.8/site-packages/airflow/example_dags/example_short_circuit_decorator.py
[2024-08-26T12:54:31.018+0000] {logging_mixin.py:154} INFO - [2024-08-26T12:54:31.018+0000] {dag.py:2941} INFO - Sync 1 DAGs
[2024-08-26T12:54:31.272+0000] {logging_mixin.py:154} INFO - [2024-08-26T12:54:31.272+0000] {dag.py:3722} INFO - Setting next_dagrun for example_short_circuit_decorator to 2024-08-25T12:54:31.271880+00:00, run_after=2024-08-26T12:54:31.271880+00:00
[2024-08-26T12:54:31.343+0000] {processor.py:179} INFO - Processing /home/airflow/.local/lib/python3.8/site-packages/airflow/example_dags/example_short_circuit_decorator.py took 0.404 seconds
[2024-08-26T12:55:01.641+0000] {processor.py:157} INFO - Started process (PID=2326) to work on /home/airflow/.local/lib/python3.8/site-packages/airflow/example_dags/example_short_circuit_decorator.py
[2024-08-26T12:55:01.643+0000] {processor.py:829} INFO - Processing file /home/airflow/.local/lib/python3.8/site-packages/airflow/example_dags/example_short_circuit_decorator.py for tasks to queue
[2024-08-26T12:55:01.648+0000] {logging_mixin.py:154} INFO - [2024-08-26T12:55:01.648+0000] {dagbag.py:536} INFO - Filling up the DagBag from /home/airflow/.local/lib/python3.8/site-packages/airflow/example_dags/example_short_circuit_decorator.py
[2024-08-26T12:55:01.666+0000] {processor.py:839} INFO - DAG(s) dict_keys(['example_short_circuit_decorator']) retrieved from /home/airflow/.local/lib/python3.8/site-packages/airflow/example_dags/example_short_circuit_decorator.py
[2024-08-26T12:55:01.708+0000] {logging_mixin.py:154} INFO - [2024-08-26T12:55:01.708+0000] {dag.py:2941} INFO - Sync 1 DAGs
[2024-08-26T12:55:01.747+0000] {logging_mixin.py:154} INFO - [2024-08-26T12:55:01.747+0000] {dag.py:3722} INFO - Setting next_dagrun for example_short_circuit_decorator to 2024-08-25T12:55:01.746577+00:00, run_after=2024-08-26T12:55:01.746577+00:00
[2024-08-26T12:55:01.821+0000] {processor.py:179} INFO - Processing /home/airflow/.local/lib/python3.8/site-packages/airflow/example_dags/example_short_circuit_decorator.py took 0.187 seconds
[2024-08-26T12:55:32.338+0000] {processor.py:157} INFO - Started process (PID=2392) to work on /home/airflow/.local/lib/python3.8/site-packages/airflow/example_dags/example_short_circuit_decorator.py
[2024-08-26T12:55:32.340+0000] {processor.py:829} INFO - Processing file /home/airflow/.local/lib/python3.8/site-packages/airflow/example_dags/example_short_circuit_decorator.py for tasks to queue
[2024-08-26T12:55:32.344+0000] {logging_mixin.py:154} INFO - [2024-08-26T12:55:32.343+0000] {dagbag.py:536} INFO - Filling up the DagBag from /home/airflow/.local/lib/python3.8/site-packages/airflow/example_dags/example_short_circuit_decorator.py
[2024-08-26T12:55:32.362+0000] {processor.py:839} INFO - DAG(s) dict_keys(['example_short_circuit_decorator']) retrieved from /home/airflow/.local/lib/python3.8/site-packages/airflow/example_dags/example_short_circuit_decorator.py
[2024-08-26T12:55:32.403+0000] {logging_mixin.py:154} INFO - [2024-08-26T12:55:32.402+0000] {dag.py:2941} INFO - Sync 1 DAGs
[2024-08-26T12:55:32.443+0000] {logging_mixin.py:154} INFO - [2024-08-26T12:55:32.443+0000] {dag.py:3722} INFO - Setting next_dagrun for example_short_circuit_decorator to 2024-08-25T12:55:32.442891+00:00, run_after=2024-08-26T12:55:32.442891+00:00
[2024-08-26T12:55:32.477+0000] {processor.py:179} INFO - Processing /home/airflow/.local/lib/python3.8/site-packages/airflow/example_dags/example_short_circuit_decorator.py took 0.145 seconds
[2024-08-26T12:56:03.895+0000] {processor.py:157} INFO - Started process (PID=2458) to work on /home/airflow/.local/lib/python3.8/site-packages/airflow/example_dags/example_short_circuit_decorator.py
[2024-08-26T12:56:03.897+0000] {processor.py:829} INFO - Processing file /home/airflow/.local/lib/python3.8/site-packages/airflow/example_dags/example_short_circuit_decorator.py for tasks to queue
[2024-08-26T12:56:03.905+0000] {logging_mixin.py:154} INFO - [2024-08-26T12:56:03.904+0000] {dagbag.py:536} INFO - Filling up the DagBag from /home/airflow/.local/lib/python3.8/site-packages/airflow/example_dags/example_short_circuit_decorator.py
[2024-08-26T12:56:03.930+0000] {processor.py:839} INFO - DAG(s) dict_keys(['example_short_circuit_decorator']) retrieved from /home/airflow/.local/lib/python3.8/site-packages/airflow/example_dags/example_short_circuit_decorator.py
[2024-08-26T12:56:04.206+0000] {logging_mixin.py:154} INFO - [2024-08-26T12:56:04.206+0000] {dag.py:2941} INFO - Sync 1 DAGs
[2024-08-26T12:56:04.251+0000] {logging_mixin.py:154} INFO - [2024-08-26T12:56:04.251+0000] {dag.py:3722} INFO - Setting next_dagrun for example_short_circuit_decorator to 2024-08-25T12:56:04.250537+00:00, run_after=2024-08-26T12:56:04.250537+00:00
[2024-08-26T12:56:04.288+0000] {processor.py:179} INFO - Processing /home/airflow/.local/lib/python3.8/site-packages/airflow/example_dags/example_short_circuit_decorator.py took 0.403 seconds
