[2024-08-26T08:44:52.354+0000] {processor.py:157} INFO - Started process (PID=49) to work on /home/airflow/.local/lib/python3.8/site-packages/airflow/example_dags/example_datasets.py
[2024-08-26T08:44:52.354+0000] {processor.py:829} INFO - Processing file /home/airflow/.local/lib/python3.8/site-packages/airflow/example_dags/example_datasets.py for tasks to queue
[2024-08-26T08:44:52.356+0000] {logging_mixin.py:154} INFO - [2024-08-26T08:44:52.356+0000] {dagbag.py:536} INFO - Filling up the DagBag from /home/airflow/.local/lib/python3.8/site-packages/airflow/example_dags/example_datasets.py
[2024-08-26T08:44:52.369+0000] {processor.py:839} INFO - DAG(s) dict_keys(['dataset_produces_2', 'dataset_consumes_1_and_2', 'dataset_consumes_1', 'dataset_produces_1', 'dataset_consumes_unknown_never_scheduled', 'dataset_consumes_1_never_scheduled']) retrieved from /home/airflow/.local/lib/python3.8/site-packages/airflow/example_dags/example_datasets.py
[2024-08-26T08:44:52.409+0000] {logging_mixin.py:154} INFO - [2024-08-26T08:44:52.408+0000] {dag.py:2941} INFO - Sync 6 DAGs
[2024-08-26T08:44:52.431+0000] {logging_mixin.py:154} INFO - [2024-08-26T08:44:52.431+0000] {dag.py:3722} INFO - Setting next_dagrun for dataset_consumes_1 to None, run_after=None
[2024-08-26T08:44:52.435+0000] {logging_mixin.py:154} INFO - [2024-08-26T08:44:52.434+0000] {dag.py:3722} INFO - Setting next_dagrun for dataset_consumes_1_and_2 to None, run_after=None
[2024-08-26T08:44:52.436+0000] {logging_mixin.py:154} INFO - [2024-08-26T08:44:52.436+0000] {dag.py:3722} INFO - Setting next_dagrun for dataset_consumes_1_never_scheduled to None, run_after=None
[2024-08-26T08:44:52.437+0000] {logging_mixin.py:154} INFO - [2024-08-26T08:44:52.437+0000] {dag.py:3722} INFO - Setting next_dagrun for dataset_consumes_unknown_never_scheduled to None, run_after=None
[2024-08-26T08:44:52.440+0000] {logging_mixin.py:154} INFO - [2024-08-26T08:44:52.440+0000] {dag.py:3722} INFO - Setting next_dagrun for dataset_produces_1 to 2024-08-25T00:00:00+00:00, run_after=2024-08-26T00:00:00+00:00
[2024-08-26T08:44:52.442+0000] {logging_mixin.py:154} INFO - [2024-08-26T08:44:52.442+0000] {dag.py:3722} INFO - Setting next_dagrun for dataset_produces_2 to None, run_after=None
[2024-08-26T08:44:52.474+0000] {processor.py:179} INFO - Processing /home/airflow/.local/lib/python3.8/site-packages/airflow/example_dags/example_datasets.py took 0.124 seconds
[2024-08-26T12:36:18.224+0000] {processor.py:157} INFO - Started process (PID=58) to work on /home/airflow/.local/lib/python3.8/site-packages/airflow/example_dags/example_datasets.py
[2024-08-26T12:36:18.225+0000] {processor.py:829} INFO - Processing file /home/airflow/.local/lib/python3.8/site-packages/airflow/example_dags/example_datasets.py for tasks to queue
[2024-08-26T12:36:18.228+0000] {logging_mixin.py:154} INFO - [2024-08-26T12:36:18.227+0000] {dagbag.py:536} INFO - Filling up the DagBag from /home/airflow/.local/lib/python3.8/site-packages/airflow/example_dags/example_datasets.py
[2024-08-26T12:36:18.244+0000] {processor.py:839} INFO - DAG(s) dict_keys(['dataset_produces_2', 'dataset_consumes_1_and_2', 'dataset_consumes_1', 'dataset_consumes_1_never_scheduled', 'dataset_produces_1', 'dataset_consumes_unknown_never_scheduled']) retrieved from /home/airflow/.local/lib/python3.8/site-packages/airflow/example_dags/example_datasets.py
[2024-08-26T12:36:18.296+0000] {logging_mixin.py:154} INFO - [2024-08-26T12:36:18.296+0000] {dag.py:2941} INFO - Sync 6 DAGs
[2024-08-26T12:36:18.325+0000] {logging_mixin.py:154} INFO - [2024-08-26T12:36:18.325+0000] {dag.py:3722} INFO - Setting next_dagrun for dataset_consumes_1 to None, run_after=None
[2024-08-26T12:36:18.329+0000] {logging_mixin.py:154} INFO - [2024-08-26T12:36:18.329+0000] {dag.py:3722} INFO - Setting next_dagrun for dataset_consumes_1_and_2 to None, run_after=None
[2024-08-26T12:36:18.331+0000] {logging_mixin.py:154} INFO - [2024-08-26T12:36:18.331+0000] {dag.py:3722} INFO - Setting next_dagrun for dataset_consumes_1_never_scheduled to None, run_after=None
[2024-08-26T12:36:18.332+0000] {logging_mixin.py:154} INFO - [2024-08-26T12:36:18.332+0000] {dag.py:3722} INFO - Setting next_dagrun for dataset_consumes_unknown_never_scheduled to None, run_after=None
[2024-08-26T12:36:18.336+0000] {logging_mixin.py:154} INFO - [2024-08-26T12:36:18.336+0000] {dag.py:3722} INFO - Setting next_dagrun for dataset_produces_1 to 2024-08-25T00:00:00+00:00, run_after=2024-08-26T00:00:00+00:00
[2024-08-26T12:36:18.338+0000] {logging_mixin.py:154} INFO - [2024-08-26T12:36:18.338+0000] {dag.py:3722} INFO - Setting next_dagrun for dataset_produces_2 to None, run_after=None
[2024-08-26T12:36:18.380+0000] {processor.py:179} INFO - Processing /home/airflow/.local/lib/python3.8/site-packages/airflow/example_dags/example_datasets.py took 0.160 seconds
[2024-08-26T12:36:48.472+0000] {processor.py:157} INFO - Started process (PID=123) to work on /home/airflow/.local/lib/python3.8/site-packages/airflow/example_dags/example_datasets.py
[2024-08-26T12:36:48.473+0000] {processor.py:829} INFO - Processing file /home/airflow/.local/lib/python3.8/site-packages/airflow/example_dags/example_datasets.py for tasks to queue
[2024-08-26T12:36:48.475+0000] {logging_mixin.py:154} INFO - [2024-08-26T12:36:48.475+0000] {dagbag.py:536} INFO - Filling up the DagBag from /home/airflow/.local/lib/python3.8/site-packages/airflow/example_dags/example_datasets.py
[2024-08-26T12:36:48.485+0000] {processor.py:839} INFO - DAG(s) dict_keys(['dataset_consumes_unknown_never_scheduled', 'dataset_consumes_1_and_2', 'dataset_produces_2', 'dataset_consumes_1', 'dataset_consumes_1_never_scheduled', 'dataset_produces_1']) retrieved from /home/airflow/.local/lib/python3.8/site-packages/airflow/example_dags/example_datasets.py
[2024-08-26T12:36:48.523+0000] {logging_mixin.py:154} INFO - [2024-08-26T12:36:48.523+0000] {dag.py:2941} INFO - Sync 6 DAGs
[2024-08-26T12:36:48.549+0000] {logging_mixin.py:154} INFO - [2024-08-26T12:36:48.549+0000] {dag.py:3722} INFO - Setting next_dagrun for dataset_consumes_1 to None, run_after=None
[2024-08-26T12:36:48.553+0000] {logging_mixin.py:154} INFO - [2024-08-26T12:36:48.553+0000] {dag.py:3722} INFO - Setting next_dagrun for dataset_consumes_1_and_2 to None, run_after=None
[2024-08-26T12:36:48.555+0000] {logging_mixin.py:154} INFO - [2024-08-26T12:36:48.555+0000] {dag.py:3722} INFO - Setting next_dagrun for dataset_consumes_1_never_scheduled to None, run_after=None
[2024-08-26T12:36:48.557+0000] {logging_mixin.py:154} INFO - [2024-08-26T12:36:48.557+0000] {dag.py:3722} INFO - Setting next_dagrun for dataset_consumes_unknown_never_scheduled to None, run_after=None
[2024-08-26T12:36:48.560+0000] {logging_mixin.py:154} INFO - [2024-08-26T12:36:48.560+0000] {dag.py:3722} INFO - Setting next_dagrun for dataset_produces_1 to 2024-08-25T00:00:00+00:00, run_after=2024-08-26T00:00:00+00:00
[2024-08-26T12:36:48.562+0000] {logging_mixin.py:154} INFO - [2024-08-26T12:36:48.562+0000] {dag.py:3722} INFO - Setting next_dagrun for dataset_produces_2 to None, run_after=None
[2024-08-26T12:36:48.597+0000] {processor.py:179} INFO - Processing /home/airflow/.local/lib/python3.8/site-packages/airflow/example_dags/example_datasets.py took 0.128 seconds
[2024-08-26T12:37:19.098+0000] {processor.py:157} INFO - Started process (PID=189) to work on /home/airflow/.local/lib/python3.8/site-packages/airflow/example_dags/example_datasets.py
[2024-08-26T12:37:19.100+0000] {processor.py:829} INFO - Processing file /home/airflow/.local/lib/python3.8/site-packages/airflow/example_dags/example_datasets.py for tasks to queue
[2024-08-26T12:37:19.105+0000] {logging_mixin.py:154} INFO - [2024-08-26T12:37:19.104+0000] {dagbag.py:536} INFO - Filling up the DagBag from /home/airflow/.local/lib/python3.8/site-packages/airflow/example_dags/example_datasets.py
[2024-08-26T12:37:19.124+0000] {processor.py:839} INFO - DAG(s) dict_keys(['dataset_consumes_unknown_never_scheduled', 'dataset_produces_2', 'dataset_consumes_1_and_2', 'dataset_consumes_1_never_scheduled', 'dataset_consumes_1', 'dataset_produces_1']) retrieved from /home/airflow/.local/lib/python3.8/site-packages/airflow/example_dags/example_datasets.py
[2024-08-26T12:37:19.195+0000] {logging_mixin.py:154} INFO - [2024-08-26T12:37:19.194+0000] {dag.py:2941} INFO - Sync 6 DAGs
[2024-08-26T12:37:19.241+0000] {logging_mixin.py:154} INFO - [2024-08-26T12:37:19.241+0000] {dag.py:3722} INFO - Setting next_dagrun for dataset_consumes_1 to None, run_after=None
[2024-08-26T12:37:19.247+0000] {logging_mixin.py:154} INFO - [2024-08-26T12:37:19.247+0000] {dag.py:3722} INFO - Setting next_dagrun for dataset_consumes_1_and_2 to None, run_after=None
[2024-08-26T12:37:19.250+0000] {logging_mixin.py:154} INFO - [2024-08-26T12:37:19.250+0000] {dag.py:3722} INFO - Setting next_dagrun for dataset_consumes_1_never_scheduled to None, run_after=None
[2024-08-26T12:37:19.253+0000] {logging_mixin.py:154} INFO - [2024-08-26T12:37:19.253+0000] {dag.py:3722} INFO - Setting next_dagrun for dataset_consumes_unknown_never_scheduled to None, run_after=None
[2024-08-26T12:37:19.258+0000] {logging_mixin.py:154} INFO - [2024-08-26T12:37:19.258+0000] {dag.py:3722} INFO - Setting next_dagrun for dataset_produces_1 to 2024-08-25T00:00:00+00:00, run_after=2024-08-26T00:00:00+00:00
[2024-08-26T12:37:19.261+0000] {logging_mixin.py:154} INFO - [2024-08-26T12:37:19.261+0000] {dag.py:3722} INFO - Setting next_dagrun for dataset_produces_2 to None, run_after=None
[2024-08-26T12:37:19.325+0000] {processor.py:179} INFO - Processing /home/airflow/.local/lib/python3.8/site-packages/airflow/example_dags/example_datasets.py took 0.233 seconds
[2024-08-26T12:37:49.916+0000] {processor.py:157} INFO - Started process (PID=255) to work on /home/airflow/.local/lib/python3.8/site-packages/airflow/example_dags/example_datasets.py
[2024-08-26T12:37:49.918+0000] {processor.py:829} INFO - Processing file /home/airflow/.local/lib/python3.8/site-packages/airflow/example_dags/example_datasets.py for tasks to queue
[2024-08-26T12:37:49.922+0000] {logging_mixin.py:154} INFO - [2024-08-26T12:37:49.921+0000] {dagbag.py:536} INFO - Filling up the DagBag from /home/airflow/.local/lib/python3.8/site-packages/airflow/example_dags/example_datasets.py
[2024-08-26T12:37:49.943+0000] {processor.py:839} INFO - DAG(s) dict_keys(['dataset_consumes_1_and_2', 'dataset_produces_1', 'dataset_consumes_unknown_never_scheduled', 'dataset_consumes_1_never_scheduled', 'dataset_consumes_1', 'dataset_produces_2']) retrieved from /home/airflow/.local/lib/python3.8/site-packages/airflow/example_dags/example_datasets.py
[2024-08-26T12:37:50.009+0000] {logging_mixin.py:154} INFO - [2024-08-26T12:37:50.009+0000] {dag.py:2941} INFO - Sync 6 DAGs
[2024-08-26T12:37:50.062+0000] {logging_mixin.py:154} INFO - [2024-08-26T12:37:50.061+0000] {dag.py:3722} INFO - Setting next_dagrun for dataset_consumes_1 to None, run_after=None
[2024-08-26T12:37:50.069+0000] {logging_mixin.py:154} INFO - [2024-08-26T12:37:50.068+0000] {dag.py:3722} INFO - Setting next_dagrun for dataset_consumes_1_and_2 to None, run_after=None
[2024-08-26T12:37:50.071+0000] {logging_mixin.py:154} INFO - [2024-08-26T12:37:50.071+0000] {dag.py:3722} INFO - Setting next_dagrun for dataset_consumes_1_never_scheduled to None, run_after=None
[2024-08-26T12:37:50.074+0000] {logging_mixin.py:154} INFO - [2024-08-26T12:37:50.074+0000] {dag.py:3722} INFO - Setting next_dagrun for dataset_consumes_unknown_never_scheduled to None, run_after=None
[2024-08-26T12:37:50.081+0000] {logging_mixin.py:154} INFO - [2024-08-26T12:37:50.081+0000] {dag.py:3722} INFO - Setting next_dagrun for dataset_produces_1 to 2024-08-25T00:00:00+00:00, run_after=2024-08-26T00:00:00+00:00
[2024-08-26T12:37:50.084+0000] {logging_mixin.py:154} INFO - [2024-08-26T12:37:50.084+0000] {dag.py:3722} INFO - Setting next_dagrun for dataset_produces_2 to None, run_after=None
[2024-08-26T12:37:50.164+0000] {processor.py:179} INFO - Processing /home/airflow/.local/lib/python3.8/site-packages/airflow/example_dags/example_datasets.py took 0.255 seconds
[2024-08-26T12:38:20.364+0000] {processor.py:157} INFO - Started process (PID=321) to work on /home/airflow/.local/lib/python3.8/site-packages/airflow/example_dags/example_datasets.py
[2024-08-26T12:38:20.372+0000] {processor.py:829} INFO - Processing file /home/airflow/.local/lib/python3.8/site-packages/airflow/example_dags/example_datasets.py for tasks to queue
[2024-08-26T12:38:20.379+0000] {logging_mixin.py:154} INFO - [2024-08-26T12:38:20.379+0000] {dagbag.py:536} INFO - Filling up the DagBag from /home/airflow/.local/lib/python3.8/site-packages/airflow/example_dags/example_datasets.py
[2024-08-26T12:38:20.400+0000] {processor.py:839} INFO - DAG(s) dict_keys(['dataset_produces_2', 'dataset_consumes_1_never_scheduled', 'dataset_produces_1', 'dataset_consumes_1_and_2', 'dataset_consumes_unknown_never_scheduled', 'dataset_consumes_1']) retrieved from /home/airflow/.local/lib/python3.8/site-packages/airflow/example_dags/example_datasets.py
[2024-08-26T12:38:20.493+0000] {logging_mixin.py:154} INFO - [2024-08-26T12:38:20.493+0000] {dag.py:2941} INFO - Sync 6 DAGs
[2024-08-26T12:38:20.538+0000] {logging_mixin.py:154} INFO - [2024-08-26T12:38:20.537+0000] {dag.py:3722} INFO - Setting next_dagrun for dataset_consumes_1 to None, run_after=None
[2024-08-26T12:38:20.544+0000] {logging_mixin.py:154} INFO - [2024-08-26T12:38:20.543+0000] {dag.py:3722} INFO - Setting next_dagrun for dataset_consumes_1_and_2 to None, run_after=None
[2024-08-26T12:38:20.546+0000] {logging_mixin.py:154} INFO - [2024-08-26T12:38:20.546+0000] {dag.py:3722} INFO - Setting next_dagrun for dataset_consumes_1_never_scheduled to None, run_after=None
[2024-08-26T12:38:20.548+0000] {logging_mixin.py:154} INFO - [2024-08-26T12:38:20.548+0000] {dag.py:3722} INFO - Setting next_dagrun for dataset_consumes_unknown_never_scheduled to None, run_after=None
[2024-08-26T12:38:20.554+0000] {logging_mixin.py:154} INFO - [2024-08-26T12:38:20.554+0000] {dag.py:3722} INFO - Setting next_dagrun for dataset_produces_1 to 2024-08-25T00:00:00+00:00, run_after=2024-08-26T00:00:00+00:00
[2024-08-26T12:38:20.556+0000] {logging_mixin.py:154} INFO - [2024-08-26T12:38:20.556+0000] {dag.py:3722} INFO - Setting next_dagrun for dataset_produces_2 to None, run_after=None
[2024-08-26T12:38:20.610+0000] {processor.py:179} INFO - Processing /home/airflow/.local/lib/python3.8/site-packages/airflow/example_dags/example_datasets.py took 0.255 seconds
[2024-08-26T12:38:51.236+0000] {processor.py:157} INFO - Started process (PID=388) to work on /home/airflow/.local/lib/python3.8/site-packages/airflow/example_dags/example_datasets.py
[2024-08-26T12:38:51.238+0000] {processor.py:829} INFO - Processing file /home/airflow/.local/lib/python3.8/site-packages/airflow/example_dags/example_datasets.py for tasks to queue
[2024-08-26T12:38:51.242+0000] {logging_mixin.py:154} INFO - [2024-08-26T12:38:51.242+0000] {dagbag.py:536} INFO - Filling up the DagBag from /home/airflow/.local/lib/python3.8/site-packages/airflow/example_dags/example_datasets.py
[2024-08-26T12:38:51.262+0000] {processor.py:839} INFO - DAG(s) dict_keys(['dataset_produces_1', 'dataset_consumes_1', 'dataset_consumes_unknown_never_scheduled', 'dataset_consumes_1_and_2', 'dataset_consumes_1_never_scheduled', 'dataset_produces_2']) retrieved from /home/airflow/.local/lib/python3.8/site-packages/airflow/example_dags/example_datasets.py
[2024-08-26T12:38:51.337+0000] {logging_mixin.py:154} INFO - [2024-08-26T12:38:51.336+0000] {dag.py:2941} INFO - Sync 6 DAGs
[2024-08-26T12:38:51.388+0000] {logging_mixin.py:154} INFO - [2024-08-26T12:38:51.387+0000] {dag.py:3722} INFO - Setting next_dagrun for dataset_consumes_1 to None, run_after=None
[2024-08-26T12:38:51.395+0000] {logging_mixin.py:154} INFO - [2024-08-26T12:38:51.394+0000] {dag.py:3722} INFO - Setting next_dagrun for dataset_consumes_1_and_2 to None, run_after=None
[2024-08-26T12:38:51.398+0000] {logging_mixin.py:154} INFO - [2024-08-26T12:38:51.397+0000] {dag.py:3722} INFO - Setting next_dagrun for dataset_consumes_1_never_scheduled to None, run_after=None
[2024-08-26T12:38:51.400+0000] {logging_mixin.py:154} INFO - [2024-08-26T12:38:51.400+0000] {dag.py:3722} INFO - Setting next_dagrun for dataset_consumes_unknown_never_scheduled to None, run_after=None
[2024-08-26T12:38:51.408+0000] {logging_mixin.py:154} INFO - [2024-08-26T12:38:51.408+0000] {dag.py:3722} INFO - Setting next_dagrun for dataset_produces_1 to 2024-08-25T00:00:00+00:00, run_after=2024-08-26T00:00:00+00:00
[2024-08-26T12:38:51.411+0000] {logging_mixin.py:154} INFO - [2024-08-26T12:38:51.411+0000] {dag.py:3722} INFO - Setting next_dagrun for dataset_produces_2 to None, run_after=None
[2024-08-26T12:38:51.477+0000] {processor.py:179} INFO - Processing /home/airflow/.local/lib/python3.8/site-packages/airflow/example_dags/example_datasets.py took 0.250 seconds
[2024-08-26T12:39:21.560+0000] {processor.py:157} INFO - Started process (PID=454) to work on /home/airflow/.local/lib/python3.8/site-packages/airflow/example_dags/example_datasets.py
[2024-08-26T12:39:21.562+0000] {processor.py:829} INFO - Processing file /home/airflow/.local/lib/python3.8/site-packages/airflow/example_dags/example_datasets.py for tasks to queue
[2024-08-26T12:39:21.567+0000] {logging_mixin.py:154} INFO - [2024-08-26T12:39:21.566+0000] {dagbag.py:536} INFO - Filling up the DagBag from /home/airflow/.local/lib/python3.8/site-packages/airflow/example_dags/example_datasets.py
[2024-08-26T12:39:21.586+0000] {processor.py:839} INFO - DAG(s) dict_keys(['dataset_consumes_1_never_scheduled', 'dataset_consumes_1', 'dataset_produces_2', 'dataset_consumes_unknown_never_scheduled', 'dataset_consumes_1_and_2', 'dataset_produces_1']) retrieved from /home/airflow/.local/lib/python3.8/site-packages/airflow/example_dags/example_datasets.py
[2024-08-26T12:39:21.661+0000] {logging_mixin.py:154} INFO - [2024-08-26T12:39:21.660+0000] {dag.py:2941} INFO - Sync 6 DAGs
[2024-08-26T12:39:21.716+0000] {logging_mixin.py:154} INFO - [2024-08-26T12:39:21.716+0000] {dag.py:3722} INFO - Setting next_dagrun for dataset_consumes_1 to None, run_after=None
[2024-08-26T12:39:21.724+0000] {logging_mixin.py:154} INFO - [2024-08-26T12:39:21.723+0000] {dag.py:3722} INFO - Setting next_dagrun for dataset_consumes_1_and_2 to None, run_after=None
[2024-08-26T12:39:21.727+0000] {logging_mixin.py:154} INFO - [2024-08-26T12:39:21.727+0000] {dag.py:3722} INFO - Setting next_dagrun for dataset_consumes_1_never_scheduled to None, run_after=None
[2024-08-26T12:39:21.730+0000] {logging_mixin.py:154} INFO - [2024-08-26T12:39:21.729+0000] {dag.py:3722} INFO - Setting next_dagrun for dataset_consumes_unknown_never_scheduled to None, run_after=None
[2024-08-26T12:39:21.737+0000] {logging_mixin.py:154} INFO - [2024-08-26T12:39:21.736+0000] {dag.py:3722} INFO - Setting next_dagrun for dataset_produces_1 to 2024-08-25T00:00:00+00:00, run_after=2024-08-26T00:00:00+00:00
[2024-08-26T12:39:21.739+0000] {logging_mixin.py:154} INFO - [2024-08-26T12:39:21.739+0000] {dag.py:3722} INFO - Setting next_dagrun for dataset_produces_2 to None, run_after=None
[2024-08-26T12:39:21.803+0000] {processor.py:179} INFO - Processing /home/airflow/.local/lib/python3.8/site-packages/airflow/example_dags/example_datasets.py took 0.249 seconds
[2024-08-26T12:39:52.421+0000] {processor.py:157} INFO - Started process (PID=520) to work on /home/airflow/.local/lib/python3.8/site-packages/airflow/example_dags/example_datasets.py
[2024-08-26T12:39:52.424+0000] {processor.py:829} INFO - Processing file /home/airflow/.local/lib/python3.8/site-packages/airflow/example_dags/example_datasets.py for tasks to queue
[2024-08-26T12:39:52.428+0000] {logging_mixin.py:154} INFO - [2024-08-26T12:39:52.428+0000] {dagbag.py:536} INFO - Filling up the DagBag from /home/airflow/.local/lib/python3.8/site-packages/airflow/example_dags/example_datasets.py
[2024-08-26T12:39:52.451+0000] {processor.py:839} INFO - DAG(s) dict_keys(['dataset_produces_2', 'dataset_consumes_1_never_scheduled', 'dataset_consumes_unknown_never_scheduled', 'dataset_consumes_1_and_2', 'dataset_consumes_1', 'dataset_produces_1']) retrieved from /home/airflow/.local/lib/python3.8/site-packages/airflow/example_dags/example_datasets.py
[2024-08-26T12:39:52.527+0000] {logging_mixin.py:154} INFO - [2024-08-26T12:39:52.526+0000] {dag.py:2941} INFO - Sync 6 DAGs
[2024-08-26T12:39:52.582+0000] {logging_mixin.py:154} INFO - [2024-08-26T12:39:52.581+0000] {dag.py:3722} INFO - Setting next_dagrun for dataset_consumes_1 to None, run_after=None
[2024-08-26T12:39:52.592+0000] {logging_mixin.py:154} INFO - [2024-08-26T12:39:52.591+0000] {dag.py:3722} INFO - Setting next_dagrun for dataset_consumes_1_and_2 to None, run_after=None
[2024-08-26T12:39:52.595+0000] {logging_mixin.py:154} INFO - [2024-08-26T12:39:52.595+0000] {dag.py:3722} INFO - Setting next_dagrun for dataset_consumes_1_never_scheduled to None, run_after=None
[2024-08-26T12:39:52.598+0000] {logging_mixin.py:154} INFO - [2024-08-26T12:39:52.598+0000] {dag.py:3722} INFO - Setting next_dagrun for dataset_consumes_unknown_never_scheduled to None, run_after=None
[2024-08-26T12:39:52.606+0000] {logging_mixin.py:154} INFO - [2024-08-26T12:39:52.606+0000] {dag.py:3722} INFO - Setting next_dagrun for dataset_produces_1 to 2024-08-25T00:00:00+00:00, run_after=2024-08-26T00:00:00+00:00
[2024-08-26T12:39:52.610+0000] {logging_mixin.py:154} INFO - [2024-08-26T12:39:52.610+0000] {dag.py:3722} INFO - Setting next_dagrun for dataset_produces_2 to None, run_after=None
[2024-08-26T12:39:52.677+0000] {processor.py:179} INFO - Processing /home/airflow/.local/lib/python3.8/site-packages/airflow/example_dags/example_datasets.py took 0.265 seconds
[2024-08-26T12:40:23.283+0000] {processor.py:157} INFO - Started process (PID=586) to work on /home/airflow/.local/lib/python3.8/site-packages/airflow/example_dags/example_datasets.py
[2024-08-26T12:40:23.285+0000] {processor.py:829} INFO - Processing file /home/airflow/.local/lib/python3.8/site-packages/airflow/example_dags/example_datasets.py for tasks to queue
[2024-08-26T12:40:23.289+0000] {logging_mixin.py:154} INFO - [2024-08-26T12:40:23.288+0000] {dagbag.py:536} INFO - Filling up the DagBag from /home/airflow/.local/lib/python3.8/site-packages/airflow/example_dags/example_datasets.py
[2024-08-26T12:40:23.308+0000] {processor.py:839} INFO - DAG(s) dict_keys(['dataset_consumes_unknown_never_scheduled', 'dataset_consumes_1_and_2', 'dataset_consumes_1_never_scheduled', 'dataset_produces_2', 'dataset_consumes_1', 'dataset_produces_1']) retrieved from /home/airflow/.local/lib/python3.8/site-packages/airflow/example_dags/example_datasets.py
[2024-08-26T12:40:23.380+0000] {logging_mixin.py:154} INFO - [2024-08-26T12:40:23.380+0000] {dag.py:2941} INFO - Sync 6 DAGs
[2024-08-26T12:40:23.426+0000] {logging_mixin.py:154} INFO - [2024-08-26T12:40:23.425+0000] {dag.py:3722} INFO - Setting next_dagrun for dataset_consumes_1 to None, run_after=None
[2024-08-26T12:40:23.433+0000] {logging_mixin.py:154} INFO - [2024-08-26T12:40:23.433+0000] {dag.py:3722} INFO - Setting next_dagrun for dataset_consumes_1_and_2 to None, run_after=None
[2024-08-26T12:40:23.436+0000] {logging_mixin.py:154} INFO - [2024-08-26T12:40:23.436+0000] {dag.py:3722} INFO - Setting next_dagrun for dataset_consumes_1_never_scheduled to None, run_after=None
[2024-08-26T12:40:23.439+0000] {logging_mixin.py:154} INFO - [2024-08-26T12:40:23.439+0000] {dag.py:3722} INFO - Setting next_dagrun for dataset_consumes_unknown_never_scheduled to None, run_after=None
[2024-08-26T12:40:23.447+0000] {logging_mixin.py:154} INFO - [2024-08-26T12:40:23.447+0000] {dag.py:3722} INFO - Setting next_dagrun for dataset_produces_1 to 2024-08-25T00:00:00+00:00, run_after=2024-08-26T00:00:00+00:00
[2024-08-26T12:40:23.450+0000] {logging_mixin.py:154} INFO - [2024-08-26T12:40:23.450+0000] {dag.py:3722} INFO - Setting next_dagrun for dataset_produces_2 to None, run_after=None
[2024-08-26T12:40:23.538+0000] {processor.py:179} INFO - Processing /home/airflow/.local/lib/python3.8/site-packages/airflow/example_dags/example_datasets.py took 0.260 seconds
[2024-08-26T12:40:53.878+0000] {processor.py:157} INFO - Started process (PID=651) to work on /home/airflow/.local/lib/python3.8/site-packages/airflow/example_dags/example_datasets.py
[2024-08-26T12:40:53.880+0000] {processor.py:829} INFO - Processing file /home/airflow/.local/lib/python3.8/site-packages/airflow/example_dags/example_datasets.py for tasks to queue
[2024-08-26T12:40:53.885+0000] {logging_mixin.py:154} INFO - [2024-08-26T12:40:53.885+0000] {dagbag.py:536} INFO - Filling up the DagBag from /home/airflow/.local/lib/python3.8/site-packages/airflow/example_dags/example_datasets.py
[2024-08-26T12:40:53.903+0000] {processor.py:839} INFO - DAG(s) dict_keys(['dataset_consumes_1', 'dataset_produces_1', 'dataset_consumes_1_never_scheduled', 'dataset_produces_2', 'dataset_consumes_unknown_never_scheduled', 'dataset_consumes_1_and_2']) retrieved from /home/airflow/.local/lib/python3.8/site-packages/airflow/example_dags/example_datasets.py
[2024-08-26T12:40:53.970+0000] {logging_mixin.py:154} INFO - [2024-08-26T12:40:53.969+0000] {dag.py:2941} INFO - Sync 6 DAGs
[2024-08-26T12:40:54.017+0000] {logging_mixin.py:154} INFO - [2024-08-26T12:40:54.016+0000] {dag.py:3722} INFO - Setting next_dagrun for dataset_consumes_1 to None, run_after=None
[2024-08-26T12:40:54.025+0000] {logging_mixin.py:154} INFO - [2024-08-26T12:40:54.025+0000] {dag.py:3722} INFO - Setting next_dagrun for dataset_consumes_1_and_2 to None, run_after=None
[2024-08-26T12:40:54.028+0000] {logging_mixin.py:154} INFO - [2024-08-26T12:40:54.028+0000] {dag.py:3722} INFO - Setting next_dagrun for dataset_consumes_1_never_scheduled to None, run_after=None
[2024-08-26T12:40:54.030+0000] {logging_mixin.py:154} INFO - [2024-08-26T12:40:54.030+0000] {dag.py:3722} INFO - Setting next_dagrun for dataset_consumes_unknown_never_scheduled to None, run_after=None
[2024-08-26T12:40:54.036+0000] {logging_mixin.py:154} INFO - [2024-08-26T12:40:54.036+0000] {dag.py:3722} INFO - Setting next_dagrun for dataset_produces_1 to 2024-08-25T00:00:00+00:00, run_after=2024-08-26T00:00:00+00:00
[2024-08-26T12:40:54.039+0000] {logging_mixin.py:154} INFO - [2024-08-26T12:40:54.038+0000] {dag.py:3722} INFO - Setting next_dagrun for dataset_produces_2 to None, run_after=None
[2024-08-26T12:40:54.098+0000] {processor.py:179} INFO - Processing /home/airflow/.local/lib/python3.8/site-packages/airflow/example_dags/example_datasets.py took 0.227 seconds
[2024-08-26T12:41:24.282+0000] {processor.py:157} INFO - Started process (PID=717) to work on /home/airflow/.local/lib/python3.8/site-packages/airflow/example_dags/example_datasets.py
[2024-08-26T12:41:24.284+0000] {processor.py:829} INFO - Processing file /home/airflow/.local/lib/python3.8/site-packages/airflow/example_dags/example_datasets.py for tasks to queue
[2024-08-26T12:41:24.290+0000] {logging_mixin.py:154} INFO - [2024-08-26T12:41:24.289+0000] {dagbag.py:536} INFO - Filling up the DagBag from /home/airflow/.local/lib/python3.8/site-packages/airflow/example_dags/example_datasets.py
[2024-08-26T12:41:24.315+0000] {processor.py:839} INFO - DAG(s) dict_keys(['dataset_consumes_1_and_2', 'dataset_consumes_unknown_never_scheduled', 'dataset_consumes_1_never_scheduled', 'dataset_consumes_1', 'dataset_produces_2', 'dataset_produces_1']) retrieved from /home/airflow/.local/lib/python3.8/site-packages/airflow/example_dags/example_datasets.py
[2024-08-26T12:41:24.386+0000] {logging_mixin.py:154} INFO - [2024-08-26T12:41:24.386+0000] {dag.py:2941} INFO - Sync 6 DAGs
[2024-08-26T12:41:24.441+0000] {logging_mixin.py:154} INFO - [2024-08-26T12:41:24.440+0000] {dag.py:3722} INFO - Setting next_dagrun for dataset_consumes_1 to None, run_after=None
[2024-08-26T12:41:24.449+0000] {logging_mixin.py:154} INFO - [2024-08-26T12:41:24.449+0000] {dag.py:3722} INFO - Setting next_dagrun for dataset_consumes_1_and_2 to None, run_after=None
[2024-08-26T12:41:24.453+0000] {logging_mixin.py:154} INFO - [2024-08-26T12:41:24.452+0000] {dag.py:3722} INFO - Setting next_dagrun for dataset_consumes_1_never_scheduled to None, run_after=None
[2024-08-26T12:41:24.456+0000] {logging_mixin.py:154} INFO - [2024-08-26T12:41:24.455+0000] {dag.py:3722} INFO - Setting next_dagrun for dataset_consumes_unknown_never_scheduled to None, run_after=None
[2024-08-26T12:41:24.466+0000] {logging_mixin.py:154} INFO - [2024-08-26T12:41:24.465+0000] {dag.py:3722} INFO - Setting next_dagrun for dataset_produces_1 to 2024-08-25T00:00:00+00:00, run_after=2024-08-26T00:00:00+00:00
[2024-08-26T12:41:24.469+0000] {logging_mixin.py:154} INFO - [2024-08-26T12:41:24.469+0000] {dag.py:3722} INFO - Setting next_dagrun for dataset_produces_2 to None, run_after=None
[2024-08-26T12:41:24.537+0000] {processor.py:179} INFO - Processing /home/airflow/.local/lib/python3.8/site-packages/airflow/example_dags/example_datasets.py took 0.264 seconds
[2024-08-26T12:41:54.612+0000] {processor.py:157} INFO - Started process (PID=783) to work on /home/airflow/.local/lib/python3.8/site-packages/airflow/example_dags/example_datasets.py
[2024-08-26T12:41:54.614+0000] {processor.py:829} INFO - Processing file /home/airflow/.local/lib/python3.8/site-packages/airflow/example_dags/example_datasets.py for tasks to queue
[2024-08-26T12:41:54.618+0000] {logging_mixin.py:154} INFO - [2024-08-26T12:41:54.618+0000] {dagbag.py:536} INFO - Filling up the DagBag from /home/airflow/.local/lib/python3.8/site-packages/airflow/example_dags/example_datasets.py
[2024-08-26T12:41:54.636+0000] {processor.py:839} INFO - DAG(s) dict_keys(['dataset_consumes_unknown_never_scheduled', 'dataset_produces_1', 'dataset_consumes_1', 'dataset_consumes_1_and_2', 'dataset_produces_2', 'dataset_consumes_1_never_scheduled']) retrieved from /home/airflow/.local/lib/python3.8/site-packages/airflow/example_dags/example_datasets.py
[2024-08-26T12:41:54.716+0000] {logging_mixin.py:154} INFO - [2024-08-26T12:41:54.716+0000] {dag.py:2941} INFO - Sync 6 DAGs
[2024-08-26T12:41:54.765+0000] {logging_mixin.py:154} INFO - [2024-08-26T12:41:54.765+0000] {dag.py:3722} INFO - Setting next_dagrun for dataset_consumes_1 to None, run_after=None
[2024-08-26T12:41:54.773+0000] {logging_mixin.py:154} INFO - [2024-08-26T12:41:54.773+0000] {dag.py:3722} INFO - Setting next_dagrun for dataset_consumes_1_and_2 to None, run_after=None
[2024-08-26T12:41:54.776+0000] {logging_mixin.py:154} INFO - [2024-08-26T12:41:54.776+0000] {dag.py:3722} INFO - Setting next_dagrun for dataset_consumes_1_never_scheduled to None, run_after=None
[2024-08-26T12:41:54.779+0000] {logging_mixin.py:154} INFO - [2024-08-26T12:41:54.779+0000] {dag.py:3722} INFO - Setting next_dagrun for dataset_consumes_unknown_never_scheduled to None, run_after=None
[2024-08-26T12:41:54.785+0000] {logging_mixin.py:154} INFO - [2024-08-26T12:41:54.785+0000] {dag.py:3722} INFO - Setting next_dagrun for dataset_produces_1 to 2024-08-25T00:00:00+00:00, run_after=2024-08-26T00:00:00+00:00
[2024-08-26T12:41:54.788+0000] {logging_mixin.py:154} INFO - [2024-08-26T12:41:54.788+0000] {dag.py:3722} INFO - Setting next_dagrun for dataset_produces_2 to None, run_after=None
[2024-08-26T12:41:54.847+0000] {processor.py:179} INFO - Processing /home/airflow/.local/lib/python3.8/site-packages/airflow/example_dags/example_datasets.py took 0.241 seconds
[2024-08-26T12:42:25.024+0000] {processor.py:157} INFO - Started process (PID=849) to work on /home/airflow/.local/lib/python3.8/site-packages/airflow/example_dags/example_datasets.py
[2024-08-26T12:42:25.026+0000] {processor.py:829} INFO - Processing file /home/airflow/.local/lib/python3.8/site-packages/airflow/example_dags/example_datasets.py for tasks to queue
[2024-08-26T12:42:25.030+0000] {logging_mixin.py:154} INFO - [2024-08-26T12:42:25.030+0000] {dagbag.py:536} INFO - Filling up the DagBag from /home/airflow/.local/lib/python3.8/site-packages/airflow/example_dags/example_datasets.py
[2024-08-26T12:42:25.049+0000] {processor.py:839} INFO - DAG(s) dict_keys(['dataset_consumes_1_and_2', 'dataset_consumes_1_never_scheduled', 'dataset_consumes_unknown_never_scheduled', 'dataset_consumes_1', 'dataset_produces_2', 'dataset_produces_1']) retrieved from /home/airflow/.local/lib/python3.8/site-packages/airflow/example_dags/example_datasets.py
[2024-08-26T12:42:25.120+0000] {logging_mixin.py:154} INFO - [2024-08-26T12:42:25.119+0000] {dag.py:2941} INFO - Sync 6 DAGs
[2024-08-26T12:42:25.165+0000] {logging_mixin.py:154} INFO - [2024-08-26T12:42:25.165+0000] {dag.py:3722} INFO - Setting next_dagrun for dataset_consumes_1 to None, run_after=None
[2024-08-26T12:42:25.172+0000] {logging_mixin.py:154} INFO - [2024-08-26T12:42:25.172+0000] {dag.py:3722} INFO - Setting next_dagrun for dataset_consumes_1_and_2 to None, run_after=None
[2024-08-26T12:42:25.175+0000] {logging_mixin.py:154} INFO - [2024-08-26T12:42:25.175+0000] {dag.py:3722} INFO - Setting next_dagrun for dataset_consumes_1_never_scheduled to None, run_after=None
[2024-08-26T12:42:25.178+0000] {logging_mixin.py:154} INFO - [2024-08-26T12:42:25.178+0000] {dag.py:3722} INFO - Setting next_dagrun for dataset_consumes_unknown_never_scheduled to None, run_after=None
[2024-08-26T12:42:25.184+0000] {logging_mixin.py:154} INFO - [2024-08-26T12:42:25.184+0000] {dag.py:3722} INFO - Setting next_dagrun for dataset_produces_1 to 2024-08-25T00:00:00+00:00, run_after=2024-08-26T00:00:00+00:00
[2024-08-26T12:42:25.186+0000] {logging_mixin.py:154} INFO - [2024-08-26T12:42:25.186+0000] {dag.py:3722} INFO - Setting next_dagrun for dataset_produces_2 to None, run_after=None
[2024-08-26T12:42:25.252+0000] {processor.py:179} INFO - Processing /home/airflow/.local/lib/python3.8/site-packages/airflow/example_dags/example_datasets.py took 0.233 seconds
[2024-08-26T12:42:56.066+0000] {processor.py:157} INFO - Started process (PID=915) to work on /home/airflow/.local/lib/python3.8/site-packages/airflow/example_dags/example_datasets.py
[2024-08-26T12:42:56.068+0000] {processor.py:829} INFO - Processing file /home/airflow/.local/lib/python3.8/site-packages/airflow/example_dags/example_datasets.py for tasks to queue
[2024-08-26T12:42:56.108+0000] {logging_mixin.py:154} INFO - [2024-08-26T12:42:56.108+0000] {dagbag.py:536} INFO - Filling up the DagBag from /home/airflow/.local/lib/python3.8/site-packages/airflow/example_dags/example_datasets.py
[2024-08-26T12:42:56.128+0000] {processor.py:839} INFO - DAG(s) dict_keys(['dataset_consumes_1', 'dataset_consumes_1_and_2', 'dataset_produces_2', 'dataset_consumes_unknown_never_scheduled', 'dataset_produces_1', 'dataset_consumes_1_never_scheduled']) retrieved from /home/airflow/.local/lib/python3.8/site-packages/airflow/example_dags/example_datasets.py
[2024-08-26T12:42:56.195+0000] {logging_mixin.py:154} INFO - [2024-08-26T12:42:56.194+0000] {dag.py:2941} INFO - Sync 6 DAGs
[2024-08-26T12:42:56.245+0000] {logging_mixin.py:154} INFO - [2024-08-26T12:42:56.245+0000] {dag.py:3722} INFO - Setting next_dagrun for dataset_consumes_1 to None, run_after=None
[2024-08-26T12:42:56.253+0000] {logging_mixin.py:154} INFO - [2024-08-26T12:42:56.253+0000] {dag.py:3722} INFO - Setting next_dagrun for dataset_consumes_1_and_2 to None, run_after=None
[2024-08-26T12:42:56.256+0000] {logging_mixin.py:154} INFO - [2024-08-26T12:42:56.256+0000] {dag.py:3722} INFO - Setting next_dagrun for dataset_consumes_1_never_scheduled to None, run_after=None
[2024-08-26T12:42:56.258+0000] {logging_mixin.py:154} INFO - [2024-08-26T12:42:56.258+0000] {dag.py:3722} INFO - Setting next_dagrun for dataset_consumes_unknown_never_scheduled to None, run_after=None
[2024-08-26T12:42:56.264+0000] {logging_mixin.py:154} INFO - [2024-08-26T12:42:56.264+0000] {dag.py:3722} INFO - Setting next_dagrun for dataset_produces_1 to 2024-08-25T00:00:00+00:00, run_after=2024-08-26T00:00:00+00:00
[2024-08-26T12:42:56.266+0000] {logging_mixin.py:154} INFO - [2024-08-26T12:42:56.266+0000] {dag.py:3722} INFO - Setting next_dagrun for dataset_produces_2 to None, run_after=None
[2024-08-26T12:42:56.328+0000] {processor.py:179} INFO - Processing /home/airflow/.local/lib/python3.8/site-packages/airflow/example_dags/example_datasets.py took 0.269 seconds
[2024-08-26T12:43:26.796+0000] {processor.py:157} INFO - Started process (PID=993) to work on /home/airflow/.local/lib/python3.8/site-packages/airflow/example_dags/example_datasets.py
[2024-08-26T12:43:26.798+0000] {processor.py:829} INFO - Processing file /home/airflow/.local/lib/python3.8/site-packages/airflow/example_dags/example_datasets.py for tasks to queue
[2024-08-26T12:43:26.802+0000] {logging_mixin.py:154} INFO - [2024-08-26T12:43:26.802+0000] {dagbag.py:536} INFO - Filling up the DagBag from /home/airflow/.local/lib/python3.8/site-packages/airflow/example_dags/example_datasets.py
[2024-08-26T12:43:26.822+0000] {processor.py:839} INFO - DAG(s) dict_keys(['dataset_consumes_unknown_never_scheduled', 'dataset_consumes_1', 'dataset_produces_1', 'dataset_consumes_1_and_2', 'dataset_produces_2', 'dataset_consumes_1_never_scheduled']) retrieved from /home/airflow/.local/lib/python3.8/site-packages/airflow/example_dags/example_datasets.py
[2024-08-26T12:43:26.899+0000] {logging_mixin.py:154} INFO - [2024-08-26T12:43:26.899+0000] {dag.py:2941} INFO - Sync 6 DAGs
[2024-08-26T12:43:26.947+0000] {logging_mixin.py:154} INFO - [2024-08-26T12:43:26.947+0000] {dag.py:3722} INFO - Setting next_dagrun for dataset_consumes_1 to None, run_after=None
[2024-08-26T12:43:26.953+0000] {logging_mixin.py:154} INFO - [2024-08-26T12:43:26.953+0000] {dag.py:3722} INFO - Setting next_dagrun for dataset_consumes_1_and_2 to None, run_after=None
[2024-08-26T12:43:26.956+0000] {logging_mixin.py:154} INFO - [2024-08-26T12:43:26.955+0000] {dag.py:3722} INFO - Setting next_dagrun for dataset_consumes_1_never_scheduled to None, run_after=None
[2024-08-26T12:43:26.958+0000] {logging_mixin.py:154} INFO - [2024-08-26T12:43:26.958+0000] {dag.py:3722} INFO - Setting next_dagrun for dataset_consumes_unknown_never_scheduled to None, run_after=None
[2024-08-26T12:43:26.964+0000] {logging_mixin.py:154} INFO - [2024-08-26T12:43:26.963+0000] {dag.py:3722} INFO - Setting next_dagrun for dataset_produces_1 to 2024-08-25T00:00:00+00:00, run_after=2024-08-26T00:00:00+00:00
[2024-08-26T12:43:26.966+0000] {logging_mixin.py:154} INFO - [2024-08-26T12:43:26.966+0000] {dag.py:3722} INFO - Setting next_dagrun for dataset_produces_2 to None, run_after=None
[2024-08-26T12:43:27.025+0000] {processor.py:179} INFO - Processing /home/airflow/.local/lib/python3.8/site-packages/airflow/example_dags/example_datasets.py took 0.236 seconds
[2024-08-26T12:43:57.176+0000] {processor.py:157} INFO - Started process (PID=1059) to work on /home/airflow/.local/lib/python3.8/site-packages/airflow/example_dags/example_datasets.py
[2024-08-26T12:43:57.178+0000] {processor.py:829} INFO - Processing file /home/airflow/.local/lib/python3.8/site-packages/airflow/example_dags/example_datasets.py for tasks to queue
[2024-08-26T12:43:57.182+0000] {logging_mixin.py:154} INFO - [2024-08-26T12:43:57.181+0000] {dagbag.py:536} INFO - Filling up the DagBag from /home/airflow/.local/lib/python3.8/site-packages/airflow/example_dags/example_datasets.py
[2024-08-26T12:43:57.203+0000] {processor.py:839} INFO - DAG(s) dict_keys(['dataset_consumes_1_never_scheduled', 'dataset_produces_2', 'dataset_consumes_unknown_never_scheduled', 'dataset_consumes_1_and_2', 'dataset_consumes_1', 'dataset_produces_1']) retrieved from /home/airflow/.local/lib/python3.8/site-packages/airflow/example_dags/example_datasets.py
[2024-08-26T12:43:57.272+0000] {logging_mixin.py:154} INFO - [2024-08-26T12:43:57.272+0000] {dag.py:2941} INFO - Sync 6 DAGs
[2024-08-26T12:43:57.320+0000] {logging_mixin.py:154} INFO - [2024-08-26T12:43:57.320+0000] {dag.py:3722} INFO - Setting next_dagrun for dataset_consumes_1 to None, run_after=None
[2024-08-26T12:43:57.326+0000] {logging_mixin.py:154} INFO - [2024-08-26T12:43:57.326+0000] {dag.py:3722} INFO - Setting next_dagrun for dataset_consumes_1_and_2 to None, run_after=None
[2024-08-26T12:43:57.329+0000] {logging_mixin.py:154} INFO - [2024-08-26T12:43:57.328+0000] {dag.py:3722} INFO - Setting next_dagrun for dataset_consumes_1_never_scheduled to None, run_after=None
[2024-08-26T12:43:57.331+0000] {logging_mixin.py:154} INFO - [2024-08-26T12:43:57.331+0000] {dag.py:3722} INFO - Setting next_dagrun for dataset_consumes_unknown_never_scheduled to None, run_after=None
[2024-08-26T12:43:57.337+0000] {logging_mixin.py:154} INFO - [2024-08-26T12:43:57.336+0000] {dag.py:3722} INFO - Setting next_dagrun for dataset_produces_1 to 2024-08-25T00:00:00+00:00, run_after=2024-08-26T00:00:00+00:00
[2024-08-26T12:43:57.339+0000] {logging_mixin.py:154} INFO - [2024-08-26T12:43:57.339+0000] {dag.py:3722} INFO - Setting next_dagrun for dataset_produces_2 to None, run_after=None
[2024-08-26T12:43:57.399+0000] {processor.py:179} INFO - Processing /home/airflow/.local/lib/python3.8/site-packages/airflow/example_dags/example_datasets.py took 0.229 seconds
[2024-08-26T12:44:27.851+0000] {processor.py:157} INFO - Started process (PID=1125) to work on /home/airflow/.local/lib/python3.8/site-packages/airflow/example_dags/example_datasets.py
[2024-08-26T12:44:27.853+0000] {processor.py:829} INFO - Processing file /home/airflow/.local/lib/python3.8/site-packages/airflow/example_dags/example_datasets.py for tasks to queue
[2024-08-26T12:44:27.858+0000] {logging_mixin.py:154} INFO - [2024-08-26T12:44:27.858+0000] {dagbag.py:536} INFO - Filling up the DagBag from /home/airflow/.local/lib/python3.8/site-packages/airflow/example_dags/example_datasets.py
[2024-08-26T12:44:27.879+0000] {processor.py:839} INFO - DAG(s) dict_keys(['dataset_consumes_1_never_scheduled', 'dataset_consumes_1', 'dataset_consumes_unknown_never_scheduled', 'dataset_produces_2', 'dataset_consumes_1_and_2', 'dataset_produces_1']) retrieved from /home/airflow/.local/lib/python3.8/site-packages/airflow/example_dags/example_datasets.py
[2024-08-26T12:44:27.951+0000] {logging_mixin.py:154} INFO - [2024-08-26T12:44:27.950+0000] {dag.py:2941} INFO - Sync 6 DAGs
[2024-08-26T12:44:27.999+0000] {logging_mixin.py:154} INFO - [2024-08-26T12:44:27.999+0000] {dag.py:3722} INFO - Setting next_dagrun for dataset_consumes_1 to None, run_after=None
[2024-08-26T12:44:28.006+0000] {logging_mixin.py:154} INFO - [2024-08-26T12:44:28.006+0000] {dag.py:3722} INFO - Setting next_dagrun for dataset_consumes_1_and_2 to None, run_after=None
[2024-08-26T12:44:28.008+0000] {logging_mixin.py:154} INFO - [2024-08-26T12:44:28.008+0000] {dag.py:3722} INFO - Setting next_dagrun for dataset_consumes_1_never_scheduled to None, run_after=None
[2024-08-26T12:44:28.011+0000] {logging_mixin.py:154} INFO - [2024-08-26T12:44:28.011+0000] {dag.py:3722} INFO - Setting next_dagrun for dataset_consumes_unknown_never_scheduled to None, run_after=None
[2024-08-26T12:44:28.018+0000] {logging_mixin.py:154} INFO - [2024-08-26T12:44:28.018+0000] {dag.py:3722} INFO - Setting next_dagrun for dataset_produces_1 to 2024-08-25T00:00:00+00:00, run_after=2024-08-26T00:00:00+00:00
[2024-08-26T12:44:28.021+0000] {logging_mixin.py:154} INFO - [2024-08-26T12:44:28.020+0000] {dag.py:3722} INFO - Setting next_dagrun for dataset_produces_2 to None, run_after=None
[2024-08-26T12:44:28.083+0000] {processor.py:179} INFO - Processing /home/airflow/.local/lib/python3.8/site-packages/airflow/example_dags/example_datasets.py took 0.238 seconds
[2024-08-26T12:44:58.801+0000] {processor.py:157} INFO - Started process (PID=1192) to work on /home/airflow/.local/lib/python3.8/site-packages/airflow/example_dags/example_datasets.py
[2024-08-26T12:44:58.803+0000] {processor.py:829} INFO - Processing file /home/airflow/.local/lib/python3.8/site-packages/airflow/example_dags/example_datasets.py for tasks to queue
[2024-08-26T12:44:58.808+0000] {logging_mixin.py:154} INFO - [2024-08-26T12:44:58.807+0000] {dagbag.py:536} INFO - Filling up the DagBag from /home/airflow/.local/lib/python3.8/site-packages/airflow/example_dags/example_datasets.py
[2024-08-26T12:44:58.826+0000] {processor.py:839} INFO - DAG(s) dict_keys(['dataset_consumes_1_never_scheduled', 'dataset_consumes_1_and_2', 'dataset_produces_1', 'dataset_consumes_1', 'dataset_consumes_unknown_never_scheduled', 'dataset_produces_2']) retrieved from /home/airflow/.local/lib/python3.8/site-packages/airflow/example_dags/example_datasets.py
[2024-08-26T12:44:58.908+0000] {logging_mixin.py:154} INFO - [2024-08-26T12:44:58.908+0000] {dag.py:2941} INFO - Sync 6 DAGs
[2024-08-26T12:44:58.971+0000] {logging_mixin.py:154} INFO - [2024-08-26T12:44:58.970+0000] {dag.py:3722} INFO - Setting next_dagrun for dataset_consumes_1 to None, run_after=None
[2024-08-26T12:44:58.982+0000] {logging_mixin.py:154} INFO - [2024-08-26T12:44:58.981+0000] {dag.py:3722} INFO - Setting next_dagrun for dataset_consumes_1_and_2 to None, run_after=None
[2024-08-26T12:44:58.986+0000] {logging_mixin.py:154} INFO - [2024-08-26T12:44:58.986+0000] {dag.py:3722} INFO - Setting next_dagrun for dataset_consumes_1_never_scheduled to None, run_after=None
[2024-08-26T12:44:58.990+0000] {logging_mixin.py:154} INFO - [2024-08-26T12:44:58.989+0000] {dag.py:3722} INFO - Setting next_dagrun for dataset_consumes_unknown_never_scheduled to None, run_after=None
[2024-08-26T12:44:58.998+0000] {logging_mixin.py:154} INFO - [2024-08-26T12:44:58.998+0000] {dag.py:3722} INFO - Setting next_dagrun for dataset_produces_1 to 2024-08-25T00:00:00+00:00, run_after=2024-08-26T00:00:00+00:00
[2024-08-26T12:44:59.001+0000] {logging_mixin.py:154} INFO - [2024-08-26T12:44:59.001+0000] {dag.py:3722} INFO - Setting next_dagrun for dataset_produces_2 to None, run_after=None
[2024-08-26T12:44:59.060+0000] {processor.py:179} INFO - Processing /home/airflow/.local/lib/python3.8/site-packages/airflow/example_dags/example_datasets.py took 0.264 seconds
[2024-08-26T12:45:29.172+0000] {processor.py:157} INFO - Started process (PID=1258) to work on /home/airflow/.local/lib/python3.8/site-packages/airflow/example_dags/example_datasets.py
[2024-08-26T12:45:29.174+0000] {processor.py:829} INFO - Processing file /home/airflow/.local/lib/python3.8/site-packages/airflow/example_dags/example_datasets.py for tasks to queue
[2024-08-26T12:45:29.179+0000] {logging_mixin.py:154} INFO - [2024-08-26T12:45:29.178+0000] {dagbag.py:536} INFO - Filling up the DagBag from /home/airflow/.local/lib/python3.8/site-packages/airflow/example_dags/example_datasets.py
[2024-08-26T12:45:29.200+0000] {processor.py:839} INFO - DAG(s) dict_keys(['dataset_consumes_1', 'dataset_produces_2', 'dataset_consumes_unknown_never_scheduled', 'dataset_produces_1', 'dataset_consumes_1_never_scheduled', 'dataset_consumes_1_and_2']) retrieved from /home/airflow/.local/lib/python3.8/site-packages/airflow/example_dags/example_datasets.py
[2024-08-26T12:45:29.277+0000] {logging_mixin.py:154} INFO - [2024-08-26T12:45:29.276+0000] {dag.py:2941} INFO - Sync 6 DAGs
[2024-08-26T12:45:29.329+0000] {logging_mixin.py:154} INFO - [2024-08-26T12:45:29.329+0000] {dag.py:3722} INFO - Setting next_dagrun for dataset_consumes_1 to None, run_after=None
[2024-08-26T12:45:29.347+0000] {logging_mixin.py:154} INFO - [2024-08-26T12:45:29.347+0000] {dag.py:3722} INFO - Setting next_dagrun for dataset_consumes_1_and_2 to None, run_after=None
[2024-08-26T12:45:29.351+0000] {logging_mixin.py:154} INFO - [2024-08-26T12:45:29.350+0000] {dag.py:3722} INFO - Setting next_dagrun for dataset_consumes_1_never_scheduled to None, run_after=None
[2024-08-26T12:45:29.354+0000] {logging_mixin.py:154} INFO - [2024-08-26T12:45:29.354+0000] {dag.py:3722} INFO - Setting next_dagrun for dataset_consumes_unknown_never_scheduled to None, run_after=None
[2024-08-26T12:45:29.363+0000] {logging_mixin.py:154} INFO - [2024-08-26T12:45:29.362+0000] {dag.py:3722} INFO - Setting next_dagrun for dataset_produces_1 to 2024-08-25T00:00:00+00:00, run_after=2024-08-26T00:00:00+00:00
[2024-08-26T12:45:29.365+0000] {logging_mixin.py:154} INFO - [2024-08-26T12:45:29.365+0000] {dag.py:3722} INFO - Setting next_dagrun for dataset_produces_2 to None, run_after=None
[2024-08-26T12:45:29.421+0000] {processor.py:179} INFO - Processing /home/airflow/.local/lib/python3.8/site-packages/airflow/example_dags/example_datasets.py took 0.256 seconds
[2024-08-26T12:45:59.526+0000] {processor.py:157} INFO - Started process (PID=1324) to work on /home/airflow/.local/lib/python3.8/site-packages/airflow/example_dags/example_datasets.py
[2024-08-26T12:45:59.528+0000] {processor.py:829} INFO - Processing file /home/airflow/.local/lib/python3.8/site-packages/airflow/example_dags/example_datasets.py for tasks to queue
[2024-08-26T12:45:59.533+0000] {logging_mixin.py:154} INFO - [2024-08-26T12:45:59.532+0000] {dagbag.py:536} INFO - Filling up the DagBag from /home/airflow/.local/lib/python3.8/site-packages/airflow/example_dags/example_datasets.py
[2024-08-26T12:45:59.553+0000] {processor.py:839} INFO - DAG(s) dict_keys(['dataset_consumes_1', 'dataset_consumes_1_never_scheduled', 'dataset_consumes_unknown_never_scheduled', 'dataset_consumes_1_and_2', 'dataset_produces_2', 'dataset_produces_1']) retrieved from /home/airflow/.local/lib/python3.8/site-packages/airflow/example_dags/example_datasets.py
[2024-08-26T12:45:59.619+0000] {logging_mixin.py:154} INFO - [2024-08-26T12:45:59.619+0000] {dag.py:2941} INFO - Sync 6 DAGs
[2024-08-26T12:45:59.664+0000] {logging_mixin.py:154} INFO - [2024-08-26T12:45:59.664+0000] {dag.py:3722} INFO - Setting next_dagrun for dataset_consumes_1 to None, run_after=None
[2024-08-26T12:45:59.670+0000] {logging_mixin.py:154} INFO - [2024-08-26T12:45:59.670+0000] {dag.py:3722} INFO - Setting next_dagrun for dataset_consumes_1_and_2 to None, run_after=None
[2024-08-26T12:45:59.672+0000] {logging_mixin.py:154} INFO - [2024-08-26T12:45:59.672+0000] {dag.py:3722} INFO - Setting next_dagrun for dataset_consumes_1_never_scheduled to None, run_after=None
[2024-08-26T12:45:59.675+0000] {logging_mixin.py:154} INFO - [2024-08-26T12:45:59.675+0000] {dag.py:3722} INFO - Setting next_dagrun for dataset_consumes_unknown_never_scheduled to None, run_after=None
[2024-08-26T12:45:59.681+0000] {logging_mixin.py:154} INFO - [2024-08-26T12:45:59.680+0000] {dag.py:3722} INFO - Setting next_dagrun for dataset_produces_1 to 2024-08-25T00:00:00+00:00, run_after=2024-08-26T00:00:00+00:00
[2024-08-26T12:45:59.683+0000] {logging_mixin.py:154} INFO - [2024-08-26T12:45:59.683+0000] {dag.py:3722} INFO - Setting next_dagrun for dataset_produces_2 to None, run_after=None
[2024-08-26T12:45:59.744+0000] {processor.py:179} INFO - Processing /home/airflow/.local/lib/python3.8/site-packages/airflow/example_dags/example_datasets.py took 0.227 seconds
[2024-08-26T12:46:29.944+0000] {processor.py:157} INFO - Started process (PID=1390) to work on /home/airflow/.local/lib/python3.8/site-packages/airflow/example_dags/example_datasets.py
[2024-08-26T12:46:29.946+0000] {processor.py:829} INFO - Processing file /home/airflow/.local/lib/python3.8/site-packages/airflow/example_dags/example_datasets.py for tasks to queue
[2024-08-26T12:46:29.951+0000] {logging_mixin.py:154} INFO - [2024-08-26T12:46:29.950+0000] {dagbag.py:536} INFO - Filling up the DagBag from /home/airflow/.local/lib/python3.8/site-packages/airflow/example_dags/example_datasets.py
[2024-08-26T12:46:29.974+0000] {processor.py:839} INFO - DAG(s) dict_keys(['dataset_consumes_1', 'dataset_produces_2', 'dataset_consumes_1_never_scheduled', 'dataset_produces_1', 'dataset_consumes_unknown_never_scheduled', 'dataset_consumes_1_and_2']) retrieved from /home/airflow/.local/lib/python3.8/site-packages/airflow/example_dags/example_datasets.py
[2024-08-26T12:46:30.046+0000] {logging_mixin.py:154} INFO - [2024-08-26T12:46:30.046+0000] {dag.py:2941} INFO - Sync 6 DAGs
[2024-08-26T12:46:30.094+0000] {logging_mixin.py:154} INFO - [2024-08-26T12:46:30.094+0000] {dag.py:3722} INFO - Setting next_dagrun for dataset_consumes_1 to None, run_after=None
[2024-08-26T12:46:30.104+0000] {logging_mixin.py:154} INFO - [2024-08-26T12:46:30.104+0000] {dag.py:3722} INFO - Setting next_dagrun for dataset_consumes_1_and_2 to None, run_after=None
[2024-08-26T12:46:30.108+0000] {logging_mixin.py:154} INFO - [2024-08-26T12:46:30.107+0000] {dag.py:3722} INFO - Setting next_dagrun for dataset_consumes_1_never_scheduled to None, run_after=None
[2024-08-26T12:46:30.111+0000] {logging_mixin.py:154} INFO - [2024-08-26T12:46:30.110+0000] {dag.py:3722} INFO - Setting next_dagrun for dataset_consumes_unknown_never_scheduled to None, run_after=None
[2024-08-26T12:46:30.119+0000] {logging_mixin.py:154} INFO - [2024-08-26T12:46:30.119+0000] {dag.py:3722} INFO - Setting next_dagrun for dataset_produces_1 to 2024-08-25T00:00:00+00:00, run_after=2024-08-26T00:00:00+00:00
[2024-08-26T12:46:30.122+0000] {logging_mixin.py:154} INFO - [2024-08-26T12:46:30.122+0000] {dag.py:3722} INFO - Setting next_dagrun for dataset_produces_2 to None, run_after=None
[2024-08-26T12:46:30.181+0000] {processor.py:179} INFO - Processing /home/airflow/.local/lib/python3.8/site-packages/airflow/example_dags/example_datasets.py took 0.245 seconds
[2024-08-26T12:47:00.318+0000] {processor.py:157} INFO - Started process (PID=1456) to work on /home/airflow/.local/lib/python3.8/site-packages/airflow/example_dags/example_datasets.py
[2024-08-26T12:47:00.320+0000] {processor.py:829} INFO - Processing file /home/airflow/.local/lib/python3.8/site-packages/airflow/example_dags/example_datasets.py for tasks to queue
[2024-08-26T12:47:00.324+0000] {logging_mixin.py:154} INFO - [2024-08-26T12:47:00.323+0000] {dagbag.py:536} INFO - Filling up the DagBag from /home/airflow/.local/lib/python3.8/site-packages/airflow/example_dags/example_datasets.py
[2024-08-26T12:47:00.342+0000] {processor.py:839} INFO - DAG(s) dict_keys(['dataset_consumes_1_and_2', 'dataset_consumes_unknown_never_scheduled', 'dataset_produces_1', 'dataset_produces_2', 'dataset_consumes_1', 'dataset_consumes_1_never_scheduled']) retrieved from /home/airflow/.local/lib/python3.8/site-packages/airflow/example_dags/example_datasets.py
[2024-08-26T12:47:00.410+0000] {logging_mixin.py:154} INFO - [2024-08-26T12:47:00.409+0000] {dag.py:2941} INFO - Sync 6 DAGs
[2024-08-26T12:47:00.460+0000] {logging_mixin.py:154} INFO - [2024-08-26T12:47:00.460+0000] {dag.py:3722} INFO - Setting next_dagrun for dataset_consumes_1 to None, run_after=None
[2024-08-26T12:47:00.468+0000] {logging_mixin.py:154} INFO - [2024-08-26T12:47:00.468+0000] {dag.py:3722} INFO - Setting next_dagrun for dataset_consumes_1_and_2 to None, run_after=None
[2024-08-26T12:47:00.471+0000] {logging_mixin.py:154} INFO - [2024-08-26T12:47:00.471+0000] {dag.py:3722} INFO - Setting next_dagrun for dataset_consumes_1_never_scheduled to None, run_after=None
[2024-08-26T12:47:00.475+0000] {logging_mixin.py:154} INFO - [2024-08-26T12:47:00.474+0000] {dag.py:3722} INFO - Setting next_dagrun for dataset_consumes_unknown_never_scheduled to None, run_after=None
[2024-08-26T12:47:00.482+0000] {logging_mixin.py:154} INFO - [2024-08-26T12:47:00.482+0000] {dag.py:3722} INFO - Setting next_dagrun for dataset_produces_1 to 2024-08-25T00:00:00+00:00, run_after=2024-08-26T00:00:00+00:00
[2024-08-26T12:47:00.486+0000] {logging_mixin.py:154} INFO - [2024-08-26T12:47:00.485+0000] {dag.py:3722} INFO - Setting next_dagrun for dataset_produces_2 to None, run_after=None
[2024-08-26T12:47:00.555+0000] {processor.py:179} INFO - Processing /home/airflow/.local/lib/python3.8/site-packages/airflow/example_dags/example_datasets.py took 0.244 seconds
[2024-08-26T12:47:30.725+0000] {processor.py:157} INFO - Started process (PID=1522) to work on /home/airflow/.local/lib/python3.8/site-packages/airflow/example_dags/example_datasets.py
[2024-08-26T12:47:30.727+0000] {processor.py:829} INFO - Processing file /home/airflow/.local/lib/python3.8/site-packages/airflow/example_dags/example_datasets.py for tasks to queue
[2024-08-26T12:47:30.731+0000] {logging_mixin.py:154} INFO - [2024-08-26T12:47:30.731+0000] {dagbag.py:536} INFO - Filling up the DagBag from /home/airflow/.local/lib/python3.8/site-packages/airflow/example_dags/example_datasets.py
[2024-08-26T12:47:30.747+0000] {processor.py:839} INFO - DAG(s) dict_keys(['dataset_produces_1', 'dataset_produces_2', 'dataset_consumes_1_never_scheduled', 'dataset_consumes_unknown_never_scheduled', 'dataset_consumes_1', 'dataset_consumes_1_and_2']) retrieved from /home/airflow/.local/lib/python3.8/site-packages/airflow/example_dags/example_datasets.py
[2024-08-26T12:47:30.816+0000] {logging_mixin.py:154} INFO - [2024-08-26T12:47:30.816+0000] {dag.py:2941} INFO - Sync 6 DAGs
[2024-08-26T12:47:30.863+0000] {logging_mixin.py:154} INFO - [2024-08-26T12:47:30.863+0000] {dag.py:3722} INFO - Setting next_dagrun for dataset_consumes_1 to None, run_after=None
[2024-08-26T12:47:30.872+0000] {logging_mixin.py:154} INFO - [2024-08-26T12:47:30.871+0000] {dag.py:3722} INFO - Setting next_dagrun for dataset_consumes_1_and_2 to None, run_after=None
[2024-08-26T12:47:30.875+0000] {logging_mixin.py:154} INFO - [2024-08-26T12:47:30.874+0000] {dag.py:3722} INFO - Setting next_dagrun for dataset_consumes_1_never_scheduled to None, run_after=None
[2024-08-26T12:47:30.878+0000] {logging_mixin.py:154} INFO - [2024-08-26T12:47:30.877+0000] {dag.py:3722} INFO - Setting next_dagrun for dataset_consumes_unknown_never_scheduled to None, run_after=None
[2024-08-26T12:47:30.886+0000] {logging_mixin.py:154} INFO - [2024-08-26T12:47:30.885+0000] {dag.py:3722} INFO - Setting next_dagrun for dataset_produces_1 to 2024-08-25T00:00:00+00:00, run_after=2024-08-26T00:00:00+00:00
[2024-08-26T12:47:30.889+0000] {logging_mixin.py:154} INFO - [2024-08-26T12:47:30.889+0000] {dag.py:3722} INFO - Setting next_dagrun for dataset_produces_2 to None, run_after=None
[2024-08-26T12:47:30.953+0000] {processor.py:179} INFO - Processing /home/airflow/.local/lib/python3.8/site-packages/airflow/example_dags/example_datasets.py took 0.235 seconds
[2024-08-26T12:48:01.699+0000] {processor.py:157} INFO - Started process (PID=1589) to work on /home/airflow/.local/lib/python3.8/site-packages/airflow/example_dags/example_datasets.py
[2024-08-26T12:48:01.701+0000] {processor.py:829} INFO - Processing file /home/airflow/.local/lib/python3.8/site-packages/airflow/example_dags/example_datasets.py for tasks to queue
[2024-08-26T12:48:01.707+0000] {logging_mixin.py:154} INFO - [2024-08-26T12:48:01.706+0000] {dagbag.py:536} INFO - Filling up the DagBag from /home/airflow/.local/lib/python3.8/site-packages/airflow/example_dags/example_datasets.py
[2024-08-26T12:48:01.726+0000] {processor.py:839} INFO - DAG(s) dict_keys(['dataset_produces_1', 'dataset_consumes_unknown_never_scheduled', 'dataset_produces_2', 'dataset_consumes_1', 'dataset_consumes_1_never_scheduled', 'dataset_consumes_1_and_2']) retrieved from /home/airflow/.local/lib/python3.8/site-packages/airflow/example_dags/example_datasets.py
[2024-08-26T12:48:01.805+0000] {logging_mixin.py:154} INFO - [2024-08-26T12:48:01.804+0000] {dag.py:2941} INFO - Sync 6 DAGs
[2024-08-26T12:48:01.847+0000] {logging_mixin.py:154} INFO - [2024-08-26T12:48:01.847+0000] {dag.py:3722} INFO - Setting next_dagrun for dataset_consumes_1 to None, run_after=None
[2024-08-26T12:48:01.853+0000] {logging_mixin.py:154} INFO - [2024-08-26T12:48:01.853+0000] {dag.py:3722} INFO - Setting next_dagrun for dataset_consumes_1_and_2 to None, run_after=None
[2024-08-26T12:48:01.856+0000] {logging_mixin.py:154} INFO - [2024-08-26T12:48:01.856+0000] {dag.py:3722} INFO - Setting next_dagrun for dataset_consumes_1_never_scheduled to None, run_after=None
[2024-08-26T12:48:01.858+0000] {logging_mixin.py:154} INFO - [2024-08-26T12:48:01.858+0000] {dag.py:3722} INFO - Setting next_dagrun for dataset_consumes_unknown_never_scheduled to None, run_after=None
[2024-08-26T12:48:01.864+0000] {logging_mixin.py:154} INFO - [2024-08-26T12:48:01.864+0000] {dag.py:3722} INFO - Setting next_dagrun for dataset_produces_1 to 2024-08-25T00:00:00+00:00, run_after=2024-08-26T00:00:00+00:00
[2024-08-26T12:48:01.867+0000] {logging_mixin.py:154} INFO - [2024-08-26T12:48:01.866+0000] {dag.py:3722} INFO - Setting next_dagrun for dataset_produces_2 to None, run_after=None
[2024-08-26T12:48:01.927+0000] {processor.py:179} INFO - Processing /home/airflow/.local/lib/python3.8/site-packages/airflow/example_dags/example_datasets.py took 0.238 seconds
[2024-08-26T12:49:33.933+0000] {processor.py:157} INFO - Started process (PID=1657) to work on /home/airflow/.local/lib/python3.8/site-packages/airflow/example_dags/example_datasets.py
[2024-08-26T12:49:33.935+0000] {processor.py:829} INFO - Processing file /home/airflow/.local/lib/python3.8/site-packages/airflow/example_dags/example_datasets.py for tasks to queue
[2024-08-26T12:49:33.939+0000] {logging_mixin.py:154} INFO - [2024-08-26T12:49:33.938+0000] {dagbag.py:536} INFO - Filling up the DagBag from /home/airflow/.local/lib/python3.8/site-packages/airflow/example_dags/example_datasets.py
[2024-08-26T12:49:33.958+0000] {processor.py:839} INFO - DAG(s) dict_keys(['dataset_consumes_1_and_2', 'dataset_consumes_1', 'dataset_consumes_1_never_scheduled', 'dataset_produces_2', 'dataset_produces_1', 'dataset_consumes_unknown_never_scheduled']) retrieved from /home/airflow/.local/lib/python3.8/site-packages/airflow/example_dags/example_datasets.py
[2024-08-26T12:49:34.033+0000] {logging_mixin.py:154} INFO - [2024-08-26T12:49:34.033+0000] {dag.py:2941} INFO - Sync 6 DAGs
[2024-08-26T12:49:34.080+0000] {logging_mixin.py:154} INFO - [2024-08-26T12:49:34.079+0000] {dag.py:3722} INFO - Setting next_dagrun for dataset_consumes_1 to None, run_after=None
[2024-08-26T12:49:34.088+0000] {logging_mixin.py:154} INFO - [2024-08-26T12:49:34.088+0000] {dag.py:3722} INFO - Setting next_dagrun for dataset_consumes_1_and_2 to None, run_after=None
[2024-08-26T12:49:34.092+0000] {logging_mixin.py:154} INFO - [2024-08-26T12:49:34.091+0000] {dag.py:3722} INFO - Setting next_dagrun for dataset_consumes_1_never_scheduled to None, run_after=None
[2024-08-26T12:49:34.095+0000] {logging_mixin.py:154} INFO - [2024-08-26T12:49:34.094+0000] {dag.py:3722} INFO - Setting next_dagrun for dataset_consumes_unknown_never_scheduled to None, run_after=None
[2024-08-26T12:49:34.102+0000] {logging_mixin.py:154} INFO - [2024-08-26T12:49:34.102+0000] {dag.py:3722} INFO - Setting next_dagrun for dataset_produces_1 to 2024-08-25T00:00:00+00:00, run_after=2024-08-26T00:00:00+00:00
[2024-08-26T12:49:34.105+0000] {logging_mixin.py:154} INFO - [2024-08-26T12:49:34.105+0000] {dag.py:3722} INFO - Setting next_dagrun for dataset_produces_2 to None, run_after=None
[2024-08-26T12:49:34.210+0000] {processor.py:179} INFO - Processing /home/airflow/.local/lib/python3.8/site-packages/airflow/example_dags/example_datasets.py took 0.283 seconds
[2024-08-26T12:50:04.357+0000] {processor.py:157} INFO - Started process (PID=1721) to work on /home/airflow/.local/lib/python3.8/site-packages/airflow/example_dags/example_datasets.py
[2024-08-26T12:50:04.359+0000] {processor.py:829} INFO - Processing file /home/airflow/.local/lib/python3.8/site-packages/airflow/example_dags/example_datasets.py for tasks to queue
[2024-08-26T12:50:04.364+0000] {logging_mixin.py:154} INFO - [2024-08-26T12:50:04.363+0000] {dagbag.py:536} INFO - Filling up the DagBag from /home/airflow/.local/lib/python3.8/site-packages/airflow/example_dags/example_datasets.py
[2024-08-26T12:50:04.380+0000] {processor.py:839} INFO - DAG(s) dict_keys(['dataset_produces_2', 'dataset_consumes_1_never_scheduled', 'dataset_consumes_unknown_never_scheduled', 'dataset_consumes_1_and_2', 'dataset_produces_1', 'dataset_consumes_1']) retrieved from /home/airflow/.local/lib/python3.8/site-packages/airflow/example_dags/example_datasets.py
[2024-08-26T12:50:04.446+0000] {logging_mixin.py:154} INFO - [2024-08-26T12:50:04.445+0000] {dag.py:2941} INFO - Sync 6 DAGs
[2024-08-26T12:50:04.508+0000] {logging_mixin.py:154} INFO - [2024-08-26T12:50:04.507+0000] {dag.py:3722} INFO - Setting next_dagrun for dataset_consumes_1 to None, run_after=None
[2024-08-26T12:50:04.516+0000] {logging_mixin.py:154} INFO - [2024-08-26T12:50:04.515+0000] {dag.py:3722} INFO - Setting next_dagrun for dataset_consumes_1_and_2 to None, run_after=None
[2024-08-26T12:50:04.518+0000] {logging_mixin.py:154} INFO - [2024-08-26T12:50:04.518+0000] {dag.py:3722} INFO - Setting next_dagrun for dataset_consumes_1_never_scheduled to None, run_after=None
[2024-08-26T12:50:04.521+0000] {logging_mixin.py:154} INFO - [2024-08-26T12:50:04.521+0000] {dag.py:3722} INFO - Setting next_dagrun for dataset_consumes_unknown_never_scheduled to None, run_after=None
[2024-08-26T12:50:04.528+0000] {logging_mixin.py:154} INFO - [2024-08-26T12:50:04.528+0000] {dag.py:3722} INFO - Setting next_dagrun for dataset_produces_1 to 2024-08-25T00:00:00+00:00, run_after=2024-08-26T00:00:00+00:00
[2024-08-26T12:50:04.532+0000] {logging_mixin.py:154} INFO - [2024-08-26T12:50:04.532+0000] {dag.py:3722} INFO - Setting next_dagrun for dataset_produces_2 to None, run_after=None
[2024-08-26T12:50:04.628+0000] {processor.py:179} INFO - Processing /home/airflow/.local/lib/python3.8/site-packages/airflow/example_dags/example_datasets.py took 0.276 seconds
[2024-08-26T12:50:35.410+0000] {processor.py:157} INFO - Started process (PID=1787) to work on /home/airflow/.local/lib/python3.8/site-packages/airflow/example_dags/example_datasets.py
[2024-08-26T12:50:35.412+0000] {processor.py:829} INFO - Processing file /home/airflow/.local/lib/python3.8/site-packages/airflow/example_dags/example_datasets.py for tasks to queue
[2024-08-26T12:50:35.417+0000] {logging_mixin.py:154} INFO - [2024-08-26T12:50:35.416+0000] {dagbag.py:536} INFO - Filling up the DagBag from /home/airflow/.local/lib/python3.8/site-packages/airflow/example_dags/example_datasets.py
[2024-08-26T12:50:35.435+0000] {processor.py:839} INFO - DAG(s) dict_keys(['dataset_produces_1', 'dataset_consumes_1', 'dataset_produces_2', 'dataset_consumes_1_never_scheduled', 'dataset_consumes_1_and_2', 'dataset_consumes_unknown_never_scheduled']) retrieved from /home/airflow/.local/lib/python3.8/site-packages/airflow/example_dags/example_datasets.py
[2024-08-26T12:50:35.513+0000] {logging_mixin.py:154} INFO - [2024-08-26T12:50:35.512+0000] {dag.py:2941} INFO - Sync 6 DAGs
[2024-08-26T12:50:35.558+0000] {logging_mixin.py:154} INFO - [2024-08-26T12:50:35.558+0000] {dag.py:3722} INFO - Setting next_dagrun for dataset_consumes_1 to None, run_after=None
[2024-08-26T12:50:35.567+0000] {logging_mixin.py:154} INFO - [2024-08-26T12:50:35.567+0000] {dag.py:3722} INFO - Setting next_dagrun for dataset_consumes_1_and_2 to None, run_after=None
[2024-08-26T12:50:35.571+0000] {logging_mixin.py:154} INFO - [2024-08-26T12:50:35.570+0000] {dag.py:3722} INFO - Setting next_dagrun for dataset_consumes_1_never_scheduled to None, run_after=None
[2024-08-26T12:50:35.573+0000] {logging_mixin.py:154} INFO - [2024-08-26T12:50:35.573+0000] {dag.py:3722} INFO - Setting next_dagrun for dataset_consumes_unknown_never_scheduled to None, run_after=None
[2024-08-26T12:50:35.582+0000] {logging_mixin.py:154} INFO - [2024-08-26T12:50:35.581+0000] {dag.py:3722} INFO - Setting next_dagrun for dataset_produces_1 to 2024-08-25T00:00:00+00:00, run_after=2024-08-26T00:00:00+00:00
[2024-08-26T12:50:35.585+0000] {logging_mixin.py:154} INFO - [2024-08-26T12:50:35.585+0000] {dag.py:3722} INFO - Setting next_dagrun for dataset_produces_2 to None, run_after=None
[2024-08-26T12:50:35.877+0000] {processor.py:179} INFO - Processing /home/airflow/.local/lib/python3.8/site-packages/airflow/example_dags/example_datasets.py took 0.474 seconds
[2024-08-26T12:51:05.987+0000] {processor.py:157} INFO - Started process (PID=1853) to work on /home/airflow/.local/lib/python3.8/site-packages/airflow/example_dags/example_datasets.py
[2024-08-26T12:51:05.988+0000] {processor.py:829} INFO - Processing file /home/airflow/.local/lib/python3.8/site-packages/airflow/example_dags/example_datasets.py for tasks to queue
[2024-08-26T12:51:05.992+0000] {logging_mixin.py:154} INFO - [2024-08-26T12:51:05.991+0000] {dagbag.py:536} INFO - Filling up the DagBag from /home/airflow/.local/lib/python3.8/site-packages/airflow/example_dags/example_datasets.py
[2024-08-26T12:51:06.007+0000] {processor.py:839} INFO - DAG(s) dict_keys(['dataset_consumes_unknown_never_scheduled', 'dataset_consumes_1_and_2', 'dataset_produces_1', 'dataset_produces_2', 'dataset_consumes_1', 'dataset_consumes_1_never_scheduled']) retrieved from /home/airflow/.local/lib/python3.8/site-packages/airflow/example_dags/example_datasets.py
[2024-08-26T12:51:06.083+0000] {logging_mixin.py:154} INFO - [2024-08-26T12:51:06.083+0000] {dag.py:2941} INFO - Sync 6 DAGs
[2024-08-26T12:51:06.135+0000] {logging_mixin.py:154} INFO - [2024-08-26T12:51:06.134+0000] {dag.py:3722} INFO - Setting next_dagrun for dataset_consumes_1 to None, run_after=None
[2024-08-26T12:51:06.143+0000] {logging_mixin.py:154} INFO - [2024-08-26T12:51:06.143+0000] {dag.py:3722} INFO - Setting next_dagrun for dataset_consumes_1_and_2 to None, run_after=None
[2024-08-26T12:51:06.146+0000] {logging_mixin.py:154} INFO - [2024-08-26T12:51:06.146+0000] {dag.py:3722} INFO - Setting next_dagrun for dataset_consumes_1_never_scheduled to None, run_after=None
[2024-08-26T12:51:06.149+0000] {logging_mixin.py:154} INFO - [2024-08-26T12:51:06.148+0000] {dag.py:3722} INFO - Setting next_dagrun for dataset_consumes_unknown_never_scheduled to None, run_after=None
[2024-08-26T12:51:06.158+0000] {logging_mixin.py:154} INFO - [2024-08-26T12:51:06.157+0000] {dag.py:3722} INFO - Setting next_dagrun for dataset_produces_1 to 2024-08-25T00:00:00+00:00, run_after=2024-08-26T00:00:00+00:00
[2024-08-26T12:51:06.161+0000] {logging_mixin.py:154} INFO - [2024-08-26T12:51:06.160+0000] {dag.py:3722} INFO - Setting next_dagrun for dataset_produces_2 to None, run_after=None
[2024-08-26T12:51:06.232+0000] {processor.py:179} INFO - Processing /home/airflow/.local/lib/python3.8/site-packages/airflow/example_dags/example_datasets.py took 0.251 seconds
[2024-08-26T12:51:36.348+0000] {processor.py:157} INFO - Started process (PID=1920) to work on /home/airflow/.local/lib/python3.8/site-packages/airflow/example_dags/example_datasets.py
[2024-08-26T12:51:36.350+0000] {processor.py:829} INFO - Processing file /home/airflow/.local/lib/python3.8/site-packages/airflow/example_dags/example_datasets.py for tasks to queue
[2024-08-26T12:51:36.354+0000] {logging_mixin.py:154} INFO - [2024-08-26T12:51:36.353+0000] {dagbag.py:536} INFO - Filling up the DagBag from /home/airflow/.local/lib/python3.8/site-packages/airflow/example_dags/example_datasets.py
[2024-08-26T12:51:36.372+0000] {processor.py:839} INFO - DAG(s) dict_keys(['dataset_produces_2', 'dataset_consumes_1_never_scheduled', 'dataset_consumes_1', 'dataset_consumes_unknown_never_scheduled', 'dataset_consumes_1_and_2', 'dataset_produces_1']) retrieved from /home/airflow/.local/lib/python3.8/site-packages/airflow/example_dags/example_datasets.py
[2024-08-26T12:51:36.437+0000] {logging_mixin.py:154} INFO - [2024-08-26T12:51:36.437+0000] {dag.py:2941} INFO - Sync 6 DAGs
[2024-08-26T12:51:36.488+0000] {logging_mixin.py:154} INFO - [2024-08-26T12:51:36.487+0000] {dag.py:3722} INFO - Setting next_dagrun for dataset_consumes_1 to None, run_after=None
[2024-08-26T12:51:36.496+0000] {logging_mixin.py:154} INFO - [2024-08-26T12:51:36.496+0000] {dag.py:3722} INFO - Setting next_dagrun for dataset_consumes_1_and_2 to None, run_after=None
[2024-08-26T12:51:36.499+0000] {logging_mixin.py:154} INFO - [2024-08-26T12:51:36.499+0000] {dag.py:3722} INFO - Setting next_dagrun for dataset_consumes_1_never_scheduled to None, run_after=None
[2024-08-26T12:51:36.502+0000] {logging_mixin.py:154} INFO - [2024-08-26T12:51:36.502+0000] {dag.py:3722} INFO - Setting next_dagrun for dataset_consumes_unknown_never_scheduled to None, run_after=None
[2024-08-26T12:51:36.510+0000] {logging_mixin.py:154} INFO - [2024-08-26T12:51:36.510+0000] {dag.py:3722} INFO - Setting next_dagrun for dataset_produces_1 to 2024-08-25T00:00:00+00:00, run_after=2024-08-26T00:00:00+00:00
[2024-08-26T12:51:36.514+0000] {logging_mixin.py:154} INFO - [2024-08-26T12:51:36.513+0000] {dag.py:3722} INFO - Setting next_dagrun for dataset_produces_2 to None, run_after=None
[2024-08-26T12:51:36.582+0000] {processor.py:179} INFO - Processing /home/airflow/.local/lib/python3.8/site-packages/airflow/example_dags/example_datasets.py took 0.240 seconds
[2024-08-26T12:52:06.727+0000] {processor.py:157} INFO - Started process (PID=1986) to work on /home/airflow/.local/lib/python3.8/site-packages/airflow/example_dags/example_datasets.py
[2024-08-26T12:52:06.729+0000] {processor.py:829} INFO - Processing file /home/airflow/.local/lib/python3.8/site-packages/airflow/example_dags/example_datasets.py for tasks to queue
[2024-08-26T12:52:06.733+0000] {logging_mixin.py:154} INFO - [2024-08-26T12:52:06.733+0000] {dagbag.py:536} INFO - Filling up the DagBag from /home/airflow/.local/lib/python3.8/site-packages/airflow/example_dags/example_datasets.py
[2024-08-26T12:52:06.753+0000] {processor.py:839} INFO - DAG(s) dict_keys(['dataset_produces_2', 'dataset_consumes_1_never_scheduled', 'dataset_produces_1', 'dataset_consumes_1_and_2', 'dataset_consumes_unknown_never_scheduled', 'dataset_consumes_1']) retrieved from /home/airflow/.local/lib/python3.8/site-packages/airflow/example_dags/example_datasets.py
[2024-08-26T12:52:06.822+0000] {logging_mixin.py:154} INFO - [2024-08-26T12:52:06.822+0000] {dag.py:2941} INFO - Sync 6 DAGs
[2024-08-26T12:52:06.875+0000] {logging_mixin.py:154} INFO - [2024-08-26T12:52:06.875+0000] {dag.py:3722} INFO - Setting next_dagrun for dataset_consumes_1 to None, run_after=None
[2024-08-26T12:52:06.882+0000] {logging_mixin.py:154} INFO - [2024-08-26T12:52:06.882+0000] {dag.py:3722} INFO - Setting next_dagrun for dataset_consumes_1_and_2 to None, run_after=None
[2024-08-26T12:52:06.885+0000] {logging_mixin.py:154} INFO - [2024-08-26T12:52:06.885+0000] {dag.py:3722} INFO - Setting next_dagrun for dataset_consumes_1_never_scheduled to None, run_after=None
[2024-08-26T12:52:06.888+0000] {logging_mixin.py:154} INFO - [2024-08-26T12:52:06.887+0000] {dag.py:3722} INFO - Setting next_dagrun for dataset_consumes_unknown_never_scheduled to None, run_after=None
[2024-08-26T12:52:06.895+0000] {logging_mixin.py:154} INFO - [2024-08-26T12:52:06.894+0000] {dag.py:3722} INFO - Setting next_dagrun for dataset_produces_1 to 2024-08-25T00:00:00+00:00, run_after=2024-08-26T00:00:00+00:00
[2024-08-26T12:52:06.898+0000] {logging_mixin.py:154} INFO - [2024-08-26T12:52:06.898+0000] {dag.py:3722} INFO - Setting next_dagrun for dataset_produces_2 to None, run_after=None
[2024-08-26T12:52:06.964+0000] {processor.py:179} INFO - Processing /home/airflow/.local/lib/python3.8/site-packages/airflow/example_dags/example_datasets.py took 0.244 seconds
[2024-08-26T12:52:37.748+0000] {processor.py:157} INFO - Started process (PID=2052) to work on /home/airflow/.local/lib/python3.8/site-packages/airflow/example_dags/example_datasets.py
[2024-08-26T12:52:37.749+0000] {processor.py:829} INFO - Processing file /home/airflow/.local/lib/python3.8/site-packages/airflow/example_dags/example_datasets.py for tasks to queue
[2024-08-26T12:52:37.753+0000] {logging_mixin.py:154} INFO - [2024-08-26T12:52:37.752+0000] {dagbag.py:536} INFO - Filling up the DagBag from /home/airflow/.local/lib/python3.8/site-packages/airflow/example_dags/example_datasets.py
[2024-08-26T12:52:37.774+0000] {processor.py:839} INFO - DAG(s) dict_keys(['dataset_produces_2', 'dataset_consumes_1_and_2', 'dataset_consumes_1_never_scheduled', 'dataset_produces_1', 'dataset_consumes_unknown_never_scheduled', 'dataset_consumes_1']) retrieved from /home/airflow/.local/lib/python3.8/site-packages/airflow/example_dags/example_datasets.py
[2024-08-26T12:52:37.843+0000] {logging_mixin.py:154} INFO - [2024-08-26T12:52:37.842+0000] {dag.py:2941} INFO - Sync 6 DAGs
[2024-08-26T12:52:37.896+0000] {logging_mixin.py:154} INFO - [2024-08-26T12:52:37.896+0000] {dag.py:3722} INFO - Setting next_dagrun for dataset_consumes_1 to None, run_after=None
[2024-08-26T12:52:38.110+0000] {logging_mixin.py:154} INFO - [2024-08-26T12:52:38.110+0000] {dag.py:3722} INFO - Setting next_dagrun for dataset_consumes_1_and_2 to None, run_after=None
[2024-08-26T12:52:38.113+0000] {logging_mixin.py:154} INFO - [2024-08-26T12:52:38.113+0000] {dag.py:3722} INFO - Setting next_dagrun for dataset_consumes_1_never_scheduled to None, run_after=None
[2024-08-26T12:52:38.116+0000] {logging_mixin.py:154} INFO - [2024-08-26T12:52:38.116+0000] {dag.py:3722} INFO - Setting next_dagrun for dataset_consumes_unknown_never_scheduled to None, run_after=None
[2024-08-26T12:52:38.125+0000] {logging_mixin.py:154} INFO - [2024-08-26T12:52:38.124+0000] {dag.py:3722} INFO - Setting next_dagrun for dataset_produces_1 to 2024-08-25T00:00:00+00:00, run_after=2024-08-26T00:00:00+00:00
[2024-08-26T12:52:38.128+0000] {logging_mixin.py:154} INFO - [2024-08-26T12:52:38.127+0000] {dag.py:3722} INFO - Setting next_dagrun for dataset_produces_2 to None, run_after=None
[2024-08-26T12:52:38.199+0000] {processor.py:179} INFO - Processing /home/airflow/.local/lib/python3.8/site-packages/airflow/example_dags/example_datasets.py took 0.459 seconds
[2024-08-26T12:53:08.283+0000] {processor.py:157} INFO - Started process (PID=2118) to work on /home/airflow/.local/lib/python3.8/site-packages/airflow/example_dags/example_datasets.py
[2024-08-26T12:53:08.285+0000] {processor.py:829} INFO - Processing file /home/airflow/.local/lib/python3.8/site-packages/airflow/example_dags/example_datasets.py for tasks to queue
[2024-08-26T12:53:08.289+0000] {logging_mixin.py:154} INFO - [2024-08-26T12:53:08.289+0000] {dagbag.py:536} INFO - Filling up the DagBag from /home/airflow/.local/lib/python3.8/site-packages/airflow/example_dags/example_datasets.py
[2024-08-26T12:53:08.306+0000] {processor.py:839} INFO - DAG(s) dict_keys(['dataset_consumes_unknown_never_scheduled', 'dataset_produces_1', 'dataset_consumes_1_and_2', 'dataset_consumes_1_never_scheduled', 'dataset_produces_2', 'dataset_consumes_1']) retrieved from /home/airflow/.local/lib/python3.8/site-packages/airflow/example_dags/example_datasets.py
[2024-08-26T12:53:08.375+0000] {logging_mixin.py:154} INFO - [2024-08-26T12:53:08.374+0000] {dag.py:2941} INFO - Sync 6 DAGs
[2024-08-26T12:53:08.418+0000] {logging_mixin.py:154} INFO - [2024-08-26T12:53:08.417+0000] {dag.py:3722} INFO - Setting next_dagrun for dataset_consumes_1 to None, run_after=None
[2024-08-26T12:53:08.424+0000] {logging_mixin.py:154} INFO - [2024-08-26T12:53:08.424+0000] {dag.py:3722} INFO - Setting next_dagrun for dataset_consumes_1_and_2 to None, run_after=None
[2024-08-26T12:53:08.427+0000] {logging_mixin.py:154} INFO - [2024-08-26T12:53:08.426+0000] {dag.py:3722} INFO - Setting next_dagrun for dataset_consumes_1_never_scheduled to None, run_after=None
[2024-08-26T12:53:08.429+0000] {logging_mixin.py:154} INFO - [2024-08-26T12:53:08.429+0000] {dag.py:3722} INFO - Setting next_dagrun for dataset_consumes_unknown_never_scheduled to None, run_after=None
[2024-08-26T12:53:08.435+0000] {logging_mixin.py:154} INFO - [2024-08-26T12:53:08.435+0000] {dag.py:3722} INFO - Setting next_dagrun for dataset_produces_1 to 2024-08-25T00:00:00+00:00, run_after=2024-08-26T00:00:00+00:00
[2024-08-26T12:53:08.437+0000] {logging_mixin.py:154} INFO - [2024-08-26T12:53:08.437+0000] {dag.py:3722} INFO - Setting next_dagrun for dataset_produces_2 to None, run_after=None
[2024-08-26T12:53:08.500+0000] {processor.py:179} INFO - Processing /home/airflow/.local/lib/python3.8/site-packages/airflow/example_dags/example_datasets.py took 0.223 seconds
[2024-08-26T12:53:57.696+0000] {processor.py:157} INFO - Started process (PID=2186) to work on /home/airflow/.local/lib/python3.8/site-packages/airflow/example_dags/example_datasets.py
[2024-08-26T12:53:57.698+0000] {processor.py:829} INFO - Processing file /home/airflow/.local/lib/python3.8/site-packages/airflow/example_dags/example_datasets.py for tasks to queue
[2024-08-26T12:53:57.701+0000] {logging_mixin.py:154} INFO - [2024-08-26T12:53:57.701+0000] {dagbag.py:536} INFO - Filling up the DagBag from /home/airflow/.local/lib/python3.8/site-packages/airflow/example_dags/example_datasets.py
[2024-08-26T12:53:57.719+0000] {processor.py:839} INFO - DAG(s) dict_keys(['dataset_consumes_1_never_scheduled', 'dataset_consumes_1', 'dataset_consumes_1_and_2', 'dataset_consumes_unknown_never_scheduled', 'dataset_produces_1', 'dataset_produces_2']) retrieved from /home/airflow/.local/lib/python3.8/site-packages/airflow/example_dags/example_datasets.py
[2024-08-26T12:53:57.787+0000] {logging_mixin.py:154} INFO - [2024-08-26T12:53:57.787+0000] {dag.py:2941} INFO - Sync 6 DAGs
[2024-08-26T12:53:57.828+0000] {logging_mixin.py:154} INFO - [2024-08-26T12:53:57.828+0000] {dag.py:3722} INFO - Setting next_dagrun for dataset_consumes_1 to None, run_after=None
[2024-08-26T12:53:57.835+0000] {logging_mixin.py:154} INFO - [2024-08-26T12:53:57.835+0000] {dag.py:3722} INFO - Setting next_dagrun for dataset_consumes_1_and_2 to None, run_after=None
[2024-08-26T12:53:57.838+0000] {logging_mixin.py:154} INFO - [2024-08-26T12:53:57.838+0000] {dag.py:3722} INFO - Setting next_dagrun for dataset_consumes_1_never_scheduled to None, run_after=None
[2024-08-26T12:53:57.840+0000] {logging_mixin.py:154} INFO - [2024-08-26T12:53:57.840+0000] {dag.py:3722} INFO - Setting next_dagrun for dataset_consumes_unknown_never_scheduled to None, run_after=None
[2024-08-26T12:53:57.846+0000] {logging_mixin.py:154} INFO - [2024-08-26T12:53:57.846+0000] {dag.py:3722} INFO - Setting next_dagrun for dataset_produces_1 to 2024-08-25T00:00:00+00:00, run_after=2024-08-26T00:00:00+00:00
[2024-08-26T12:53:57.849+0000] {logging_mixin.py:154} INFO - [2024-08-26T12:53:57.849+0000] {dag.py:3722} INFO - Setting next_dagrun for dataset_produces_2 to None, run_after=None
[2024-08-26T12:53:57.951+0000] {processor.py:179} INFO - Processing /home/airflow/.local/lib/python3.8/site-packages/airflow/example_dags/example_datasets.py took 0.260 seconds
[2024-08-26T12:54:28.277+0000] {processor.py:157} INFO - Started process (PID=2249) to work on /home/airflow/.local/lib/python3.8/site-packages/airflow/example_dags/example_datasets.py
[2024-08-26T12:54:28.279+0000] {processor.py:829} INFO - Processing file /home/airflow/.local/lib/python3.8/site-packages/airflow/example_dags/example_datasets.py for tasks to queue
[2024-08-26T12:54:28.284+0000] {logging_mixin.py:154} INFO - [2024-08-26T12:54:28.283+0000] {dagbag.py:536} INFO - Filling up the DagBag from /home/airflow/.local/lib/python3.8/site-packages/airflow/example_dags/example_datasets.py
[2024-08-26T12:54:28.306+0000] {processor.py:839} INFO - DAG(s) dict_keys(['dataset_consumes_unknown_never_scheduled', 'dataset_produces_2', 'dataset_produces_1', 'dataset_consumes_1_never_scheduled', 'dataset_consumes_1_and_2', 'dataset_consumes_1']) retrieved from /home/airflow/.local/lib/python3.8/site-packages/airflow/example_dags/example_datasets.py
[2024-08-26T12:54:28.374+0000] {logging_mixin.py:154} INFO - [2024-08-26T12:54:28.373+0000] {dag.py:2941} INFO - Sync 6 DAGs
[2024-08-26T12:54:28.604+0000] {logging_mixin.py:154} INFO - [2024-08-26T12:54:28.603+0000] {dag.py:3722} INFO - Setting next_dagrun for dataset_consumes_1 to None, run_after=None
[2024-08-26T12:54:28.611+0000] {logging_mixin.py:154} INFO - [2024-08-26T12:54:28.611+0000] {dag.py:3722} INFO - Setting next_dagrun for dataset_consumes_1_and_2 to None, run_after=None
[2024-08-26T12:54:28.615+0000] {logging_mixin.py:154} INFO - [2024-08-26T12:54:28.614+0000] {dag.py:3722} INFO - Setting next_dagrun for dataset_consumes_1_never_scheduled to None, run_after=None
[2024-08-26T12:54:28.617+0000] {logging_mixin.py:154} INFO - [2024-08-26T12:54:28.617+0000] {dag.py:3722} INFO - Setting next_dagrun for dataset_consumes_unknown_never_scheduled to None, run_after=None
[2024-08-26T12:54:28.624+0000] {logging_mixin.py:154} INFO - [2024-08-26T12:54:28.624+0000] {dag.py:3722} INFO - Setting next_dagrun for dataset_produces_1 to 2024-08-25T00:00:00+00:00, run_after=2024-08-26T00:00:00+00:00
[2024-08-26T12:54:28.627+0000] {logging_mixin.py:154} INFO - [2024-08-26T12:54:28.627+0000] {dag.py:3722} INFO - Setting next_dagrun for dataset_produces_2 to None, run_after=None
[2024-08-26T12:54:28.691+0000] {processor.py:179} INFO - Processing /home/airflow/.local/lib/python3.8/site-packages/airflow/example_dags/example_datasets.py took 0.421 seconds
[2024-08-26T12:54:59.090+0000] {processor.py:157} INFO - Started process (PID=2315) to work on /home/airflow/.local/lib/python3.8/site-packages/airflow/example_dags/example_datasets.py
[2024-08-26T12:54:59.092+0000] {processor.py:829} INFO - Processing file /home/airflow/.local/lib/python3.8/site-packages/airflow/example_dags/example_datasets.py for tasks to queue
[2024-08-26T12:54:59.096+0000] {logging_mixin.py:154} INFO - [2024-08-26T12:54:59.096+0000] {dagbag.py:536} INFO - Filling up the DagBag from /home/airflow/.local/lib/python3.8/site-packages/airflow/example_dags/example_datasets.py
[2024-08-26T12:54:59.117+0000] {processor.py:839} INFO - DAG(s) dict_keys(['dataset_consumes_1_and_2', 'dataset_consumes_1', 'dataset_consumes_1_never_scheduled', 'dataset_produces_2', 'dataset_consumes_unknown_never_scheduled', 'dataset_produces_1']) retrieved from /home/airflow/.local/lib/python3.8/site-packages/airflow/example_dags/example_datasets.py
[2024-08-26T12:54:59.193+0000] {logging_mixin.py:154} INFO - [2024-08-26T12:54:59.193+0000] {dag.py:2941} INFO - Sync 6 DAGs
[2024-08-26T12:54:59.242+0000] {logging_mixin.py:154} INFO - [2024-08-26T12:54:59.241+0000] {dag.py:3722} INFO - Setting next_dagrun for dataset_consumes_1 to None, run_after=None
[2024-08-26T12:54:59.250+0000] {logging_mixin.py:154} INFO - [2024-08-26T12:54:59.249+0000] {dag.py:3722} INFO - Setting next_dagrun for dataset_consumes_1_and_2 to None, run_after=None
[2024-08-26T12:54:59.252+0000] {logging_mixin.py:154} INFO - [2024-08-26T12:54:59.252+0000] {dag.py:3722} INFO - Setting next_dagrun for dataset_consumes_1_never_scheduled to None, run_after=None
[2024-08-26T12:54:59.255+0000] {logging_mixin.py:154} INFO - [2024-08-26T12:54:59.255+0000] {dag.py:3722} INFO - Setting next_dagrun for dataset_consumes_unknown_never_scheduled to None, run_after=None
[2024-08-26T12:54:59.263+0000] {logging_mixin.py:154} INFO - [2024-08-26T12:54:59.262+0000] {dag.py:3722} INFO - Setting next_dagrun for dataset_produces_1 to 2024-08-25T00:00:00+00:00, run_after=2024-08-26T00:00:00+00:00
[2024-08-26T12:54:59.265+0000] {logging_mixin.py:154} INFO - [2024-08-26T12:54:59.265+0000] {dag.py:3722} INFO - Setting next_dagrun for dataset_produces_2 to None, run_after=None
[2024-08-26T12:54:59.616+0000] {processor.py:179} INFO - Processing /home/airflow/.local/lib/python3.8/site-packages/airflow/example_dags/example_datasets.py took 0.533 seconds
[2024-08-26T12:55:29.916+0000] {processor.py:157} INFO - Started process (PID=2382) to work on /home/airflow/.local/lib/python3.8/site-packages/airflow/example_dags/example_datasets.py
[2024-08-26T12:55:29.918+0000] {processor.py:829} INFO - Processing file /home/airflow/.local/lib/python3.8/site-packages/airflow/example_dags/example_datasets.py for tasks to queue
[2024-08-26T12:55:29.923+0000] {logging_mixin.py:154} INFO - [2024-08-26T12:55:29.923+0000] {dagbag.py:536} INFO - Filling up the DagBag from /home/airflow/.local/lib/python3.8/site-packages/airflow/example_dags/example_datasets.py
[2024-08-26T12:55:29.939+0000] {processor.py:839} INFO - DAG(s) dict_keys(['dataset_consumes_1_and_2', 'dataset_produces_1', 'dataset_consumes_unknown_never_scheduled', 'dataset_consumes_1_never_scheduled', 'dataset_consumes_1', 'dataset_produces_2']) retrieved from /home/airflow/.local/lib/python3.8/site-packages/airflow/example_dags/example_datasets.py
[2024-08-26T12:55:30.019+0000] {logging_mixin.py:154} INFO - [2024-08-26T12:55:30.019+0000] {dag.py:2941} INFO - Sync 6 DAGs
[2024-08-26T12:55:30.074+0000] {logging_mixin.py:154} INFO - [2024-08-26T12:55:30.073+0000] {dag.py:3722} INFO - Setting next_dagrun for dataset_consumes_1 to None, run_after=None
[2024-08-26T12:55:30.080+0000] {logging_mixin.py:154} INFO - [2024-08-26T12:55:30.080+0000] {dag.py:3722} INFO - Setting next_dagrun for dataset_consumes_1_and_2 to None, run_after=None
[2024-08-26T12:55:30.083+0000] {logging_mixin.py:154} INFO - [2024-08-26T12:55:30.083+0000] {dag.py:3722} INFO - Setting next_dagrun for dataset_consumes_1_never_scheduled to None, run_after=None
[2024-08-26T12:55:30.086+0000] {logging_mixin.py:154} INFO - [2024-08-26T12:55:30.086+0000] {dag.py:3722} INFO - Setting next_dagrun for dataset_consumes_unknown_never_scheduled to None, run_after=None
[2024-08-26T12:55:30.094+0000] {logging_mixin.py:154} INFO - [2024-08-26T12:55:30.094+0000] {dag.py:3722} INFO - Setting next_dagrun for dataset_produces_1 to 2024-08-25T00:00:00+00:00, run_after=2024-08-26T00:00:00+00:00
[2024-08-26T12:55:30.098+0000] {logging_mixin.py:154} INFO - [2024-08-26T12:55:30.098+0000] {dag.py:3722} INFO - Setting next_dagrun for dataset_produces_2 to None, run_after=None
[2024-08-26T12:55:30.162+0000] {processor.py:179} INFO - Processing /home/airflow/.local/lib/python3.8/site-packages/airflow/example_dags/example_datasets.py took 0.251 seconds
[2024-08-26T12:56:00.523+0000] {processor.py:157} INFO - Started process (PID=2448) to work on /home/airflow/.local/lib/python3.8/site-packages/airflow/example_dags/example_datasets.py
[2024-08-26T12:56:00.525+0000] {processor.py:829} INFO - Processing file /home/airflow/.local/lib/python3.8/site-packages/airflow/example_dags/example_datasets.py for tasks to queue
[2024-08-26T12:56:00.529+0000] {logging_mixin.py:154} INFO - [2024-08-26T12:56:00.529+0000] {dagbag.py:536} INFO - Filling up the DagBag from /home/airflow/.local/lib/python3.8/site-packages/airflow/example_dags/example_datasets.py
[2024-08-26T12:56:00.548+0000] {processor.py:839} INFO - DAG(s) dict_keys(['dataset_consumes_1_and_2', 'dataset_consumes_1', 'dataset_produces_2', 'dataset_produces_1', 'dataset_consumes_1_never_scheduled', 'dataset_consumes_unknown_never_scheduled']) retrieved from /home/airflow/.local/lib/python3.8/site-packages/airflow/example_dags/example_datasets.py
[2024-08-26T12:56:00.625+0000] {logging_mixin.py:154} INFO - [2024-08-26T12:56:00.625+0000] {dag.py:2941} INFO - Sync 6 DAGs
[2024-08-26T12:56:00.877+0000] {logging_mixin.py:154} INFO - [2024-08-26T12:56:00.877+0000] {dag.py:3722} INFO - Setting next_dagrun for dataset_consumes_1 to None, run_after=None
[2024-08-26T12:56:00.886+0000] {logging_mixin.py:154} INFO - [2024-08-26T12:56:00.885+0000] {dag.py:3722} INFO - Setting next_dagrun for dataset_consumes_1_and_2 to None, run_after=None
[2024-08-26T12:56:00.889+0000] {logging_mixin.py:154} INFO - [2024-08-26T12:56:00.889+0000] {dag.py:3722} INFO - Setting next_dagrun for dataset_consumes_1_never_scheduled to None, run_after=None
[2024-08-26T12:56:00.892+0000] {logging_mixin.py:154} INFO - [2024-08-26T12:56:00.892+0000] {dag.py:3722} INFO - Setting next_dagrun for dataset_consumes_unknown_never_scheduled to None, run_after=None
[2024-08-26T12:56:00.902+0000] {logging_mixin.py:154} INFO - [2024-08-26T12:56:00.901+0000] {dag.py:3722} INFO - Setting next_dagrun for dataset_produces_1 to 2024-08-25T00:00:00+00:00, run_after=2024-08-26T00:00:00+00:00
[2024-08-26T12:56:00.905+0000] {logging_mixin.py:154} INFO - [2024-08-26T12:56:00.905+0000] {dag.py:3722} INFO - Setting next_dagrun for dataset_produces_2 to None, run_after=None
[2024-08-26T12:56:00.968+0000] {processor.py:179} INFO - Processing /home/airflow/.local/lib/python3.8/site-packages/airflow/example_dags/example_datasets.py took 0.452 seconds
