[2024-08-26T08:44:55.267+0000] {processor.py:157} INFO - Started process (PID=88) to work on /home/airflow/.local/lib/python3.8/site-packages/airflow/example_dags/example_complex.py
[2024-08-26T08:44:55.268+0000] {processor.py:829} INFO - Processing file /home/airflow/.local/lib/python3.8/site-packages/airflow/example_dags/example_complex.py for tasks to queue
[2024-08-26T08:44:55.270+0000] {logging_mixin.py:154} INFO - [2024-08-26T08:44:55.270+0000] {dagbag.py:536} INFO - Filling up the DagBag from /home/airflow/.local/lib/python3.8/site-packages/airflow/example_dags/example_complex.py
[2024-08-26T08:44:55.280+0000] {processor.py:839} INFO - DAG(s) dict_keys(['example_complex']) retrieved from /home/airflow/.local/lib/python3.8/site-packages/airflow/example_dags/example_complex.py
[2024-08-26T08:44:55.315+0000] {logging_mixin.py:154} INFO - [2024-08-26T08:44:55.315+0000] {dag.py:2941} INFO - Sync 1 DAGs
[2024-08-26T08:44:55.332+0000] {logging_mixin.py:154} INFO - [2024-08-26T08:44:55.331+0000] {dag.py:3722} INFO - Setting next_dagrun for example_complex to None, run_after=None
[2024-08-26T08:44:55.352+0000] {processor.py:179} INFO - Processing /home/airflow/.local/lib/python3.8/site-packages/airflow/example_dags/example_complex.py took 0.089 seconds
[2024-08-26T12:36:21.349+0000] {processor.py:157} INFO - Started process (PID=97) to work on /home/airflow/.local/lib/python3.8/site-packages/airflow/example_dags/example_complex.py
[2024-08-26T12:36:21.352+0000] {processor.py:829} INFO - Processing file /home/airflow/.local/lib/python3.8/site-packages/airflow/example_dags/example_complex.py for tasks to queue
[2024-08-26T12:36:21.355+0000] {logging_mixin.py:154} INFO - [2024-08-26T12:36:21.354+0000] {dagbag.py:536} INFO - Filling up the DagBag from /home/airflow/.local/lib/python3.8/site-packages/airflow/example_dags/example_complex.py
[2024-08-26T12:36:21.367+0000] {processor.py:839} INFO - DAG(s) dict_keys(['example_complex']) retrieved from /home/airflow/.local/lib/python3.8/site-packages/airflow/example_dags/example_complex.py
[2024-08-26T12:36:21.408+0000] {logging_mixin.py:154} INFO - [2024-08-26T12:36:21.408+0000] {dag.py:2941} INFO - Sync 1 DAGs
[2024-08-26T12:36:21.423+0000] {logging_mixin.py:154} INFO - [2024-08-26T12:36:21.422+0000] {dag.py:3722} INFO - Setting next_dagrun for example_complex to None, run_after=None
[2024-08-26T12:36:21.445+0000] {processor.py:179} INFO - Processing /home/airflow/.local/lib/python3.8/site-packages/airflow/example_dags/example_complex.py took 0.100 seconds
[2024-08-26T12:36:54.064+0000] {processor.py:157} INFO - Started process (PID=171) to work on /home/airflow/.local/lib/python3.8/site-packages/airflow/example_dags/example_complex.py
[2024-08-26T12:36:54.066+0000] {processor.py:829} INFO - Processing file /home/airflow/.local/lib/python3.8/site-packages/airflow/example_dags/example_complex.py for tasks to queue
[2024-08-26T12:36:54.070+0000] {logging_mixin.py:154} INFO - [2024-08-26T12:36:54.070+0000] {dagbag.py:536} INFO - Filling up the DagBag from /home/airflow/.local/lib/python3.8/site-packages/airflow/example_dags/example_complex.py
[2024-08-26T12:36:54.092+0000] {processor.py:839} INFO - DAG(s) dict_keys(['example_complex']) retrieved from /home/airflow/.local/lib/python3.8/site-packages/airflow/example_dags/example_complex.py
[2024-08-26T12:36:54.156+0000] {logging_mixin.py:154} INFO - [2024-08-26T12:36:54.156+0000] {dag.py:2941} INFO - Sync 1 DAGs
[2024-08-26T12:36:54.186+0000] {logging_mixin.py:154} INFO - [2024-08-26T12:36:54.186+0000] {dag.py:3722} INFO - Setting next_dagrun for example_complex to None, run_after=None
[2024-08-26T12:36:54.254+0000] {processor.py:179} INFO - Processing /home/airflow/.local/lib/python3.8/site-packages/airflow/example_dags/example_complex.py took 0.195 seconds
[2024-08-26T12:37:25.816+0000] {processor.py:157} INFO - Started process (PID=237) to work on /home/airflow/.local/lib/python3.8/site-packages/airflow/example_dags/example_complex.py
[2024-08-26T12:37:25.819+0000] {processor.py:829} INFO - Processing file /home/airflow/.local/lib/python3.8/site-packages/airflow/example_dags/example_complex.py for tasks to queue
[2024-08-26T12:37:25.827+0000] {logging_mixin.py:154} INFO - [2024-08-26T12:37:25.826+0000] {dagbag.py:536} INFO - Filling up the DagBag from /home/airflow/.local/lib/python3.8/site-packages/airflow/example_dags/example_complex.py
[2024-08-26T12:37:25.861+0000] {processor.py:839} INFO - DAG(s) dict_keys(['example_complex']) retrieved from /home/airflow/.local/lib/python3.8/site-packages/airflow/example_dags/example_complex.py
[2024-08-26T12:37:25.979+0000] {logging_mixin.py:154} INFO - [2024-08-26T12:37:25.978+0000] {dag.py:2941} INFO - Sync 1 DAGs
[2024-08-26T12:37:26.028+0000] {logging_mixin.py:154} INFO - [2024-08-26T12:37:26.028+0000] {dag.py:3722} INFO - Setting next_dagrun for example_complex to None, run_after=None
[2024-08-26T12:37:26.085+0000] {processor.py:179} INFO - Processing /home/airflow/.local/lib/python3.8/site-packages/airflow/example_dags/example_complex.py took 0.282 seconds
[2024-08-26T12:37:56.354+0000] {processor.py:157} INFO - Started process (PID=303) to work on /home/airflow/.local/lib/python3.8/site-packages/airflow/example_dags/example_complex.py
[2024-08-26T12:37:56.355+0000] {processor.py:829} INFO - Processing file /home/airflow/.local/lib/python3.8/site-packages/airflow/example_dags/example_complex.py for tasks to queue
[2024-08-26T12:37:56.359+0000] {logging_mixin.py:154} INFO - [2024-08-26T12:37:56.358+0000] {dagbag.py:536} INFO - Filling up the DagBag from /home/airflow/.local/lib/python3.8/site-packages/airflow/example_dags/example_complex.py
[2024-08-26T12:37:56.378+0000] {processor.py:839} INFO - DAG(s) dict_keys(['example_complex']) retrieved from /home/airflow/.local/lib/python3.8/site-packages/airflow/example_dags/example_complex.py
[2024-08-26T12:37:56.439+0000] {logging_mixin.py:154} INFO - [2024-08-26T12:37:56.439+0000] {dag.py:2941} INFO - Sync 1 DAGs
[2024-08-26T12:37:56.462+0000] {logging_mixin.py:154} INFO - [2024-08-26T12:37:56.461+0000] {dag.py:3722} INFO - Setting next_dagrun for example_complex to None, run_after=None
[2024-08-26T12:37:56.497+0000] {processor.py:179} INFO - Processing /home/airflow/.local/lib/python3.8/site-packages/airflow/example_dags/example_complex.py took 0.149 seconds
[2024-08-26T12:38:27.385+0000] {processor.py:157} INFO - Started process (PID=370) to work on /home/airflow/.local/lib/python3.8/site-packages/airflow/example_dags/example_complex.py
[2024-08-26T12:38:27.386+0000] {processor.py:829} INFO - Processing file /home/airflow/.local/lib/python3.8/site-packages/airflow/example_dags/example_complex.py for tasks to queue
[2024-08-26T12:38:27.390+0000] {logging_mixin.py:154} INFO - [2024-08-26T12:38:27.389+0000] {dagbag.py:536} INFO - Filling up the DagBag from /home/airflow/.local/lib/python3.8/site-packages/airflow/example_dags/example_complex.py
[2024-08-26T12:38:27.411+0000] {processor.py:839} INFO - DAG(s) dict_keys(['example_complex']) retrieved from /home/airflow/.local/lib/python3.8/site-packages/airflow/example_dags/example_complex.py
[2024-08-26T12:38:27.486+0000] {logging_mixin.py:154} INFO - [2024-08-26T12:38:27.486+0000] {dag.py:2941} INFO - Sync 1 DAGs
[2024-08-26T12:38:27.514+0000] {logging_mixin.py:154} INFO - [2024-08-26T12:38:27.514+0000] {dag.py:3722} INFO - Setting next_dagrun for example_complex to None, run_after=None
[2024-08-26T12:38:27.555+0000] {processor.py:179} INFO - Processing /home/airflow/.local/lib/python3.8/site-packages/airflow/example_dags/example_complex.py took 0.178 seconds
[2024-08-26T12:38:58.459+0000] {processor.py:157} INFO - Started process (PID=436) to work on /home/airflow/.local/lib/python3.8/site-packages/airflow/example_dags/example_complex.py
[2024-08-26T12:38:58.461+0000] {processor.py:829} INFO - Processing file /home/airflow/.local/lib/python3.8/site-packages/airflow/example_dags/example_complex.py for tasks to queue
[2024-08-26T12:38:58.466+0000] {logging_mixin.py:154} INFO - [2024-08-26T12:38:58.465+0000] {dagbag.py:536} INFO - Filling up the DagBag from /home/airflow/.local/lib/python3.8/site-packages/airflow/example_dags/example_complex.py
[2024-08-26T12:38:58.491+0000] {processor.py:839} INFO - DAG(s) dict_keys(['example_complex']) retrieved from /home/airflow/.local/lib/python3.8/site-packages/airflow/example_dags/example_complex.py
[2024-08-26T12:38:58.568+0000] {logging_mixin.py:154} INFO - [2024-08-26T12:38:58.568+0000] {dag.py:2941} INFO - Sync 1 DAGs
[2024-08-26T12:38:58.596+0000] {logging_mixin.py:154} INFO - [2024-08-26T12:38:58.596+0000] {dag.py:3722} INFO - Setting next_dagrun for example_complex to None, run_after=None
[2024-08-26T12:38:58.672+0000] {processor.py:179} INFO - Processing /home/airflow/.local/lib/python3.8/site-packages/airflow/example_dags/example_complex.py took 0.220 seconds
[2024-08-26T12:39:29.688+0000] {processor.py:157} INFO - Started process (PID=502) to work on /home/airflow/.local/lib/python3.8/site-packages/airflow/example_dags/example_complex.py
[2024-08-26T12:39:29.690+0000] {processor.py:829} INFO - Processing file /home/airflow/.local/lib/python3.8/site-packages/airflow/example_dags/example_complex.py for tasks to queue
[2024-08-26T12:39:29.693+0000] {logging_mixin.py:154} INFO - [2024-08-26T12:39:29.693+0000] {dagbag.py:536} INFO - Filling up the DagBag from /home/airflow/.local/lib/python3.8/site-packages/airflow/example_dags/example_complex.py
[2024-08-26T12:39:29.715+0000] {processor.py:839} INFO - DAG(s) dict_keys(['example_complex']) retrieved from /home/airflow/.local/lib/python3.8/site-packages/airflow/example_dags/example_complex.py
[2024-08-26T12:39:29.780+0000] {logging_mixin.py:154} INFO - [2024-08-26T12:39:29.780+0000] {dag.py:2941} INFO - Sync 1 DAGs
[2024-08-26T12:39:29.809+0000] {logging_mixin.py:154} INFO - [2024-08-26T12:39:29.808+0000] {dag.py:3722} INFO - Setting next_dagrun for example_complex to None, run_after=None
[2024-08-26T12:39:29.888+0000] {processor.py:179} INFO - Processing /home/airflow/.local/lib/python3.8/site-packages/airflow/example_dags/example_complex.py took 0.205 seconds
[2024-08-26T12:40:01.207+0000] {processor.py:157} INFO - Started process (PID=568) to work on /home/airflow/.local/lib/python3.8/site-packages/airflow/example_dags/example_complex.py
[2024-08-26T12:40:01.211+0000] {processor.py:829} INFO - Processing file /home/airflow/.local/lib/python3.8/site-packages/airflow/example_dags/example_complex.py for tasks to queue
[2024-08-26T12:40:01.217+0000] {logging_mixin.py:154} INFO - [2024-08-26T12:40:01.215+0000] {dagbag.py:536} INFO - Filling up the DagBag from /home/airflow/.local/lib/python3.8/site-packages/airflow/example_dags/example_complex.py
[2024-08-26T12:40:01.251+0000] {processor.py:839} INFO - DAG(s) dict_keys(['example_complex']) retrieved from /home/airflow/.local/lib/python3.8/site-packages/airflow/example_dags/example_complex.py
[2024-08-26T12:40:01.353+0000] {logging_mixin.py:154} INFO - [2024-08-26T12:40:01.352+0000] {dag.py:2941} INFO - Sync 1 DAGs
[2024-08-26T12:40:01.393+0000] {logging_mixin.py:154} INFO - [2024-08-26T12:40:01.392+0000] {dag.py:3722} INFO - Setting next_dagrun for example_complex to None, run_after=None
[2024-08-26T12:40:01.438+0000] {processor.py:179} INFO - Processing /home/airflow/.local/lib/python3.8/site-packages/airflow/example_dags/example_complex.py took 0.239 seconds
[2024-08-26T12:40:31.982+0000] {processor.py:157} INFO - Started process (PID=633) to work on /home/airflow/.local/lib/python3.8/site-packages/airflow/example_dags/example_complex.py
[2024-08-26T12:40:31.984+0000] {processor.py:829} INFO - Processing file /home/airflow/.local/lib/python3.8/site-packages/airflow/example_dags/example_complex.py for tasks to queue
[2024-08-26T12:40:31.988+0000] {logging_mixin.py:154} INFO - [2024-08-26T12:40:31.987+0000] {dagbag.py:536} INFO - Filling up the DagBag from /home/airflow/.local/lib/python3.8/site-packages/airflow/example_dags/example_complex.py
[2024-08-26T12:40:32.010+0000] {processor.py:839} INFO - DAG(s) dict_keys(['example_complex']) retrieved from /home/airflow/.local/lib/python3.8/site-packages/airflow/example_dags/example_complex.py
[2024-08-26T12:40:32.070+0000] {logging_mixin.py:154} INFO - [2024-08-26T12:40:32.069+0000] {dag.py:2941} INFO - Sync 1 DAGs
[2024-08-26T12:40:32.101+0000] {logging_mixin.py:154} INFO - [2024-08-26T12:40:32.101+0000] {dag.py:3722} INFO - Setting next_dagrun for example_complex to None, run_after=None
[2024-08-26T12:40:32.138+0000] {processor.py:179} INFO - Processing /home/airflow/.local/lib/python3.8/site-packages/airflow/example_dags/example_complex.py took 0.162 seconds
[2024-08-26T12:41:03.110+0000] {processor.py:157} INFO - Started process (PID=699) to work on /home/airflow/.local/lib/python3.8/site-packages/airflow/example_dags/example_complex.py
[2024-08-26T12:41:03.111+0000] {processor.py:829} INFO - Processing file /home/airflow/.local/lib/python3.8/site-packages/airflow/example_dags/example_complex.py for tasks to queue
[2024-08-26T12:41:03.114+0000] {logging_mixin.py:154} INFO - [2024-08-26T12:41:03.114+0000] {dagbag.py:536} INFO - Filling up the DagBag from /home/airflow/.local/lib/python3.8/site-packages/airflow/example_dags/example_complex.py
[2024-08-26T12:41:03.139+0000] {processor.py:839} INFO - DAG(s) dict_keys(['example_complex']) retrieved from /home/airflow/.local/lib/python3.8/site-packages/airflow/example_dags/example_complex.py
[2024-08-26T12:41:03.217+0000] {logging_mixin.py:154} INFO - [2024-08-26T12:41:03.216+0000] {dag.py:2941} INFO - Sync 1 DAGs
[2024-08-26T12:41:03.245+0000] {logging_mixin.py:154} INFO - [2024-08-26T12:41:03.244+0000] {dag.py:3722} INFO - Setting next_dagrun for example_complex to None, run_after=None
[2024-08-26T12:41:03.302+0000] {processor.py:179} INFO - Processing /home/airflow/.local/lib/python3.8/site-packages/airflow/example_dags/example_complex.py took 0.198 seconds
[2024-08-26T12:41:33.573+0000] {processor.py:157} INFO - Started process (PID=765) to work on /home/airflow/.local/lib/python3.8/site-packages/airflow/example_dags/example_complex.py
[2024-08-26T12:41:33.575+0000] {processor.py:829} INFO - Processing file /home/airflow/.local/lib/python3.8/site-packages/airflow/example_dags/example_complex.py for tasks to queue
[2024-08-26T12:41:33.580+0000] {logging_mixin.py:154} INFO - [2024-08-26T12:41:33.580+0000] {dagbag.py:536} INFO - Filling up the DagBag from /home/airflow/.local/lib/python3.8/site-packages/airflow/example_dags/example_complex.py
[2024-08-26T12:41:33.608+0000] {processor.py:839} INFO - DAG(s) dict_keys(['example_complex']) retrieved from /home/airflow/.local/lib/python3.8/site-packages/airflow/example_dags/example_complex.py
[2024-08-26T12:41:33.673+0000] {logging_mixin.py:154} INFO - [2024-08-26T12:41:33.672+0000] {dag.py:2941} INFO - Sync 1 DAGs
[2024-08-26T12:41:33.703+0000] {logging_mixin.py:154} INFO - [2024-08-26T12:41:33.703+0000] {dag.py:3722} INFO - Setting next_dagrun for example_complex to None, run_after=None
[2024-08-26T12:41:33.744+0000] {processor.py:179} INFO - Processing /home/airflow/.local/lib/python3.8/site-packages/airflow/example_dags/example_complex.py took 0.177 seconds
[2024-08-26T12:42:04.389+0000] {processor.py:157} INFO - Started process (PID=831) to work on /home/airflow/.local/lib/python3.8/site-packages/airflow/example_dags/example_complex.py
[2024-08-26T12:42:04.390+0000] {processor.py:829} INFO - Processing file /home/airflow/.local/lib/python3.8/site-packages/airflow/example_dags/example_complex.py for tasks to queue
[2024-08-26T12:42:04.394+0000] {logging_mixin.py:154} INFO - [2024-08-26T12:42:04.394+0000] {dagbag.py:536} INFO - Filling up the DagBag from /home/airflow/.local/lib/python3.8/site-packages/airflow/example_dags/example_complex.py
[2024-08-26T12:42:04.415+0000] {processor.py:839} INFO - DAG(s) dict_keys(['example_complex']) retrieved from /home/airflow/.local/lib/python3.8/site-packages/airflow/example_dags/example_complex.py
[2024-08-26T12:42:04.476+0000] {logging_mixin.py:154} INFO - [2024-08-26T12:42:04.475+0000] {dag.py:2941} INFO - Sync 1 DAGs
[2024-08-26T12:42:04.504+0000] {logging_mixin.py:154} INFO - [2024-08-26T12:42:04.503+0000] {dag.py:3722} INFO - Setting next_dagrun for example_complex to None, run_after=None
[2024-08-26T12:42:04.578+0000] {processor.py:179} INFO - Processing /home/airflow/.local/lib/python3.8/site-packages/airflow/example_dags/example_complex.py took 0.195 seconds
[2024-08-26T12:42:35.124+0000] {processor.py:157} INFO - Started process (PID=897) to work on /home/airflow/.local/lib/python3.8/site-packages/airflow/example_dags/example_complex.py
[2024-08-26T12:42:35.126+0000] {processor.py:829} INFO - Processing file /home/airflow/.local/lib/python3.8/site-packages/airflow/example_dags/example_complex.py for tasks to queue
[2024-08-26T12:42:35.130+0000] {logging_mixin.py:154} INFO - [2024-08-26T12:42:35.129+0000] {dagbag.py:536} INFO - Filling up the DagBag from /home/airflow/.local/lib/python3.8/site-packages/airflow/example_dags/example_complex.py
[2024-08-26T12:42:35.157+0000] {processor.py:839} INFO - DAG(s) dict_keys(['example_complex']) retrieved from /home/airflow/.local/lib/python3.8/site-packages/airflow/example_dags/example_complex.py
[2024-08-26T12:42:35.220+0000] {logging_mixin.py:154} INFO - [2024-08-26T12:42:35.219+0000] {dag.py:2941} INFO - Sync 1 DAGs
[2024-08-26T12:42:35.245+0000] {logging_mixin.py:154} INFO - [2024-08-26T12:42:35.245+0000] {dag.py:3722} INFO - Setting next_dagrun for example_complex to None, run_after=None
[2024-08-26T12:42:35.281+0000] {processor.py:179} INFO - Processing /home/airflow/.local/lib/python3.8/site-packages/airflow/example_dags/example_complex.py took 0.163 seconds
[2024-08-26T12:43:05.865+0000] {processor.py:157} INFO - Started process (PID=963) to work on /home/airflow/.local/lib/python3.8/site-packages/airflow/example_dags/example_complex.py
[2024-08-26T12:43:05.867+0000] {processor.py:829} INFO - Processing file /home/airflow/.local/lib/python3.8/site-packages/airflow/example_dags/example_complex.py for tasks to queue
[2024-08-26T12:43:05.870+0000] {logging_mixin.py:154} INFO - [2024-08-26T12:43:05.870+0000] {dagbag.py:536} INFO - Filling up the DagBag from /home/airflow/.local/lib/python3.8/site-packages/airflow/example_dags/example_complex.py
[2024-08-26T12:43:05.890+0000] {processor.py:839} INFO - DAG(s) dict_keys(['example_complex']) retrieved from /home/airflow/.local/lib/python3.8/site-packages/airflow/example_dags/example_complex.py
[2024-08-26T12:43:05.958+0000] {logging_mixin.py:154} INFO - [2024-08-26T12:43:05.958+0000] {dag.py:2941} INFO - Sync 1 DAGs
[2024-08-26T12:43:05.983+0000] {logging_mixin.py:154} INFO - [2024-08-26T12:43:05.982+0000] {dag.py:3722} INFO - Setting next_dagrun for example_complex to None, run_after=None
[2024-08-26T12:43:06.023+0000] {processor.py:179} INFO - Processing /home/airflow/.local/lib/python3.8/site-packages/airflow/example_dags/example_complex.py took 0.165 seconds
[2024-08-26T12:43:37.143+0000] {processor.py:157} INFO - Started process (PID=1041) to work on /home/airflow/.local/lib/python3.8/site-packages/airflow/example_dags/example_complex.py
[2024-08-26T12:43:37.144+0000] {processor.py:829} INFO - Processing file /home/airflow/.local/lib/python3.8/site-packages/airflow/example_dags/example_complex.py for tasks to queue
[2024-08-26T12:43:37.149+0000] {logging_mixin.py:154} INFO - [2024-08-26T12:43:37.148+0000] {dagbag.py:536} INFO - Filling up the DagBag from /home/airflow/.local/lib/python3.8/site-packages/airflow/example_dags/example_complex.py
[2024-08-26T12:43:37.176+0000] {processor.py:839} INFO - DAG(s) dict_keys(['example_complex']) retrieved from /home/airflow/.local/lib/python3.8/site-packages/airflow/example_dags/example_complex.py
[2024-08-26T12:43:37.245+0000] {logging_mixin.py:154} INFO - [2024-08-26T12:43:37.245+0000] {dag.py:2941} INFO - Sync 1 DAGs
[2024-08-26T12:43:37.270+0000] {logging_mixin.py:154} INFO - [2024-08-26T12:43:37.269+0000] {dag.py:3722} INFO - Setting next_dagrun for example_complex to None, run_after=None
[2024-08-26T12:43:37.308+0000] {processor.py:179} INFO - Processing /home/airflow/.local/lib/python3.8/site-packages/airflow/example_dags/example_complex.py took 0.171 seconds
[2024-08-26T12:44:07.699+0000] {processor.py:157} INFO - Started process (PID=1107) to work on /home/airflow/.local/lib/python3.8/site-packages/airflow/example_dags/example_complex.py
[2024-08-26T12:44:07.701+0000] {processor.py:829} INFO - Processing file /home/airflow/.local/lib/python3.8/site-packages/airflow/example_dags/example_complex.py for tasks to queue
[2024-08-26T12:44:07.705+0000] {logging_mixin.py:154} INFO - [2024-08-26T12:44:07.705+0000] {dagbag.py:536} INFO - Filling up the DagBag from /home/airflow/.local/lib/python3.8/site-packages/airflow/example_dags/example_complex.py
[2024-08-26T12:44:07.730+0000] {processor.py:839} INFO - DAG(s) dict_keys(['example_complex']) retrieved from /home/airflow/.local/lib/python3.8/site-packages/airflow/example_dags/example_complex.py
[2024-08-26T12:44:07.808+0000] {logging_mixin.py:154} INFO - [2024-08-26T12:44:07.808+0000] {dag.py:2941} INFO - Sync 1 DAGs
[2024-08-26T12:44:07.836+0000] {logging_mixin.py:154} INFO - [2024-08-26T12:44:07.836+0000] {dag.py:3722} INFO - Setting next_dagrun for example_complex to None, run_after=None
[2024-08-26T12:44:07.910+0000] {processor.py:179} INFO - Processing /home/airflow/.local/lib/python3.8/site-packages/airflow/example_dags/example_complex.py took 0.216 seconds
[2024-08-26T12:44:38.096+0000] {processor.py:157} INFO - Started process (PID=1172) to work on /home/airflow/.local/lib/python3.8/site-packages/airflow/example_dags/example_complex.py
[2024-08-26T12:44:38.098+0000] {processor.py:829} INFO - Processing file /home/airflow/.local/lib/python3.8/site-packages/airflow/example_dags/example_complex.py for tasks to queue
[2024-08-26T12:44:38.102+0000] {logging_mixin.py:154} INFO - [2024-08-26T12:44:38.101+0000] {dagbag.py:536} INFO - Filling up the DagBag from /home/airflow/.local/lib/python3.8/site-packages/airflow/example_dags/example_complex.py
[2024-08-26T12:44:38.130+0000] {processor.py:839} INFO - DAG(s) dict_keys(['example_complex']) retrieved from /home/airflow/.local/lib/python3.8/site-packages/airflow/example_dags/example_complex.py
[2024-08-26T12:44:38.193+0000] {logging_mixin.py:154} INFO - [2024-08-26T12:44:38.192+0000] {dag.py:2941} INFO - Sync 1 DAGs
[2024-08-26T12:44:38.220+0000] {logging_mixin.py:154} INFO - [2024-08-26T12:44:38.220+0000] {dag.py:3722} INFO - Setting next_dagrun for example_complex to None, run_after=None
[2024-08-26T12:44:38.263+0000] {processor.py:179} INFO - Processing /home/airflow/.local/lib/python3.8/site-packages/airflow/example_dags/example_complex.py took 0.173 seconds
[2024-08-26T12:45:08.952+0000] {processor.py:157} INFO - Started process (PID=1238) to work on /home/airflow/.local/lib/python3.8/site-packages/airflow/example_dags/example_complex.py
[2024-08-26T12:45:08.954+0000] {processor.py:829} INFO - Processing file /home/airflow/.local/lib/python3.8/site-packages/airflow/example_dags/example_complex.py for tasks to queue
[2024-08-26T12:45:08.958+0000] {logging_mixin.py:154} INFO - [2024-08-26T12:45:08.957+0000] {dagbag.py:536} INFO - Filling up the DagBag from /home/airflow/.local/lib/python3.8/site-packages/airflow/example_dags/example_complex.py
[2024-08-26T12:45:08.978+0000] {processor.py:839} INFO - DAG(s) dict_keys(['example_complex']) retrieved from /home/airflow/.local/lib/python3.8/site-packages/airflow/example_dags/example_complex.py
[2024-08-26T12:45:09.044+0000] {logging_mixin.py:154} INFO - [2024-08-26T12:45:09.044+0000] {dag.py:2941} INFO - Sync 1 DAGs
[2024-08-26T12:45:09.067+0000] {logging_mixin.py:154} INFO - [2024-08-26T12:45:09.067+0000] {dag.py:3722} INFO - Setting next_dagrun for example_complex to None, run_after=None
[2024-08-26T12:45:09.112+0000] {processor.py:179} INFO - Processing /home/airflow/.local/lib/python3.8/site-packages/airflow/example_dags/example_complex.py took 0.164 seconds
[2024-08-26T12:45:39.495+0000] {processor.py:157} INFO - Started process (PID=1304) to work on /home/airflow/.local/lib/python3.8/site-packages/airflow/example_dags/example_complex.py
[2024-08-26T12:45:39.497+0000] {processor.py:829} INFO - Processing file /home/airflow/.local/lib/python3.8/site-packages/airflow/example_dags/example_complex.py for tasks to queue
[2024-08-26T12:45:39.500+0000] {logging_mixin.py:154} INFO - [2024-08-26T12:45:39.499+0000] {dagbag.py:536} INFO - Filling up the DagBag from /home/airflow/.local/lib/python3.8/site-packages/airflow/example_dags/example_complex.py
[2024-08-26T12:45:39.521+0000] {processor.py:839} INFO - DAG(s) dict_keys(['example_complex']) retrieved from /home/airflow/.local/lib/python3.8/site-packages/airflow/example_dags/example_complex.py
[2024-08-26T12:45:39.581+0000] {logging_mixin.py:154} INFO - [2024-08-26T12:45:39.580+0000] {dag.py:2941} INFO - Sync 1 DAGs
[2024-08-26T12:45:39.604+0000] {logging_mixin.py:154} INFO - [2024-08-26T12:45:39.604+0000] {dag.py:3722} INFO - Setting next_dagrun for example_complex to None, run_after=None
[2024-08-26T12:45:39.640+0000] {processor.py:179} INFO - Processing /home/airflow/.local/lib/python3.8/site-packages/airflow/example_dags/example_complex.py took 0.151 seconds
[2024-08-26T12:46:10.038+0000] {processor.py:157} INFO - Started process (PID=1370) to work on /home/airflow/.local/lib/python3.8/site-packages/airflow/example_dags/example_complex.py
[2024-08-26T12:46:10.040+0000] {processor.py:829} INFO - Processing file /home/airflow/.local/lib/python3.8/site-packages/airflow/example_dags/example_complex.py for tasks to queue
[2024-08-26T12:46:10.044+0000] {logging_mixin.py:154} INFO - [2024-08-26T12:46:10.043+0000] {dagbag.py:536} INFO - Filling up the DagBag from /home/airflow/.local/lib/python3.8/site-packages/airflow/example_dags/example_complex.py
[2024-08-26T12:46:10.074+0000] {processor.py:839} INFO - DAG(s) dict_keys(['example_complex']) retrieved from /home/airflow/.local/lib/python3.8/site-packages/airflow/example_dags/example_complex.py
[2024-08-26T12:46:10.142+0000] {logging_mixin.py:154} INFO - [2024-08-26T12:46:10.141+0000] {dag.py:2941} INFO - Sync 1 DAGs
[2024-08-26T12:46:10.169+0000] {logging_mixin.py:154} INFO - [2024-08-26T12:46:10.168+0000] {dag.py:3722} INFO - Setting next_dagrun for example_complex to None, run_after=None
[2024-08-26T12:46:10.200+0000] {processor.py:179} INFO - Processing /home/airflow/.local/lib/python3.8/site-packages/airflow/example_dags/example_complex.py took 0.168 seconds
[2024-08-26T12:46:40.785+0000] {processor.py:157} INFO - Started process (PID=1436) to work on /home/airflow/.local/lib/python3.8/site-packages/airflow/example_dags/example_complex.py
[2024-08-26T12:46:40.787+0000] {processor.py:829} INFO - Processing file /home/airflow/.local/lib/python3.8/site-packages/airflow/example_dags/example_complex.py for tasks to queue
[2024-08-26T12:46:40.791+0000] {logging_mixin.py:154} INFO - [2024-08-26T12:46:40.790+0000] {dagbag.py:536} INFO - Filling up the DagBag from /home/airflow/.local/lib/python3.8/site-packages/airflow/example_dags/example_complex.py
[2024-08-26T12:46:40.813+0000] {processor.py:839} INFO - DAG(s) dict_keys(['example_complex']) retrieved from /home/airflow/.local/lib/python3.8/site-packages/airflow/example_dags/example_complex.py
[2024-08-26T12:46:40.881+0000] {logging_mixin.py:154} INFO - [2024-08-26T12:46:40.880+0000] {dag.py:2941} INFO - Sync 1 DAGs
[2024-08-26T12:46:40.905+0000] {logging_mixin.py:154} INFO - [2024-08-26T12:46:40.905+0000] {dag.py:3722} INFO - Setting next_dagrun for example_complex to None, run_after=None
[2024-08-26T12:46:40.940+0000] {processor.py:179} INFO - Processing /home/airflow/.local/lib/python3.8/site-packages/airflow/example_dags/example_complex.py took 0.161 seconds
[2024-08-26T12:47:11.128+0000] {processor.py:157} INFO - Started process (PID=1502) to work on /home/airflow/.local/lib/python3.8/site-packages/airflow/example_dags/example_complex.py
[2024-08-26T12:47:11.130+0000] {processor.py:829} INFO - Processing file /home/airflow/.local/lib/python3.8/site-packages/airflow/example_dags/example_complex.py for tasks to queue
[2024-08-26T12:47:11.134+0000] {logging_mixin.py:154} INFO - [2024-08-26T12:47:11.134+0000] {dagbag.py:536} INFO - Filling up the DagBag from /home/airflow/.local/lib/python3.8/site-packages/airflow/example_dags/example_complex.py
[2024-08-26T12:47:11.155+0000] {processor.py:839} INFO - DAG(s) dict_keys(['example_complex']) retrieved from /home/airflow/.local/lib/python3.8/site-packages/airflow/example_dags/example_complex.py
[2024-08-26T12:47:11.224+0000] {logging_mixin.py:154} INFO - [2024-08-26T12:47:11.224+0000] {dag.py:2941} INFO - Sync 1 DAGs
[2024-08-26T12:47:11.252+0000] {logging_mixin.py:154} INFO - [2024-08-26T12:47:11.251+0000] {dag.py:3722} INFO - Setting next_dagrun for example_complex to None, run_after=None
[2024-08-26T12:47:11.291+0000] {processor.py:179} INFO - Processing /home/airflow/.local/lib/python3.8/site-packages/airflow/example_dags/example_complex.py took 0.168 seconds
[2024-08-26T12:47:42.093+0000] {processor.py:157} INFO - Started process (PID=1569) to work on /home/airflow/.local/lib/python3.8/site-packages/airflow/example_dags/example_complex.py
[2024-08-26T12:47:42.095+0000] {processor.py:829} INFO - Processing file /home/airflow/.local/lib/python3.8/site-packages/airflow/example_dags/example_complex.py for tasks to queue
[2024-08-26T12:47:42.101+0000] {logging_mixin.py:154} INFO - [2024-08-26T12:47:42.100+0000] {dagbag.py:536} INFO - Filling up the DagBag from /home/airflow/.local/lib/python3.8/site-packages/airflow/example_dags/example_complex.py
[2024-08-26T12:47:42.129+0000] {processor.py:839} INFO - DAG(s) dict_keys(['example_complex']) retrieved from /home/airflow/.local/lib/python3.8/site-packages/airflow/example_dags/example_complex.py
[2024-08-26T12:47:42.193+0000] {logging_mixin.py:154} INFO - [2024-08-26T12:47:42.193+0000] {dag.py:2941} INFO - Sync 1 DAGs
[2024-08-26T12:47:42.225+0000] {logging_mixin.py:154} INFO - [2024-08-26T12:47:42.224+0000] {dag.py:3722} INFO - Setting next_dagrun for example_complex to None, run_after=None
[2024-08-26T12:47:42.265+0000] {processor.py:179} INFO - Processing /home/airflow/.local/lib/python3.8/site-packages/airflow/example_dags/example_complex.py took 0.179 seconds
[2024-08-26T12:48:12.670+0000] {processor.py:157} INFO - Started process (PID=1635) to work on /home/airflow/.local/lib/python3.8/site-packages/airflow/example_dags/example_complex.py
[2024-08-26T12:48:12.672+0000] {processor.py:829} INFO - Processing file /home/airflow/.local/lib/python3.8/site-packages/airflow/example_dags/example_complex.py for tasks to queue
[2024-08-26T12:48:12.676+0000] {logging_mixin.py:154} INFO - [2024-08-26T12:48:12.676+0000] {dagbag.py:536} INFO - Filling up the DagBag from /home/airflow/.local/lib/python3.8/site-packages/airflow/example_dags/example_complex.py
[2024-08-26T12:48:12.701+0000] {processor.py:839} INFO - DAG(s) dict_keys(['example_complex']) retrieved from /home/airflow/.local/lib/python3.8/site-packages/airflow/example_dags/example_complex.py
[2024-08-26T12:48:12.768+0000] {logging_mixin.py:154} INFO - [2024-08-26T12:48:12.768+0000] {dag.py:2941} INFO - Sync 1 DAGs
[2024-08-26T12:48:12.798+0000] {logging_mixin.py:154} INFO - [2024-08-26T12:48:12.798+0000] {dag.py:3722} INFO - Setting next_dagrun for example_complex to None, run_after=None
[2024-08-26T12:48:12.843+0000] {processor.py:179} INFO - Processing /home/airflow/.local/lib/python3.8/site-packages/airflow/example_dags/example_complex.py took 0.178 seconds
[2024-08-26T12:49:39.101+0000] {processor.py:157} INFO - Started process (PID=1703) to work on /home/airflow/.local/lib/python3.8/site-packages/airflow/example_dags/example_complex.py
[2024-08-26T12:49:39.103+0000] {processor.py:829} INFO - Processing file /home/airflow/.local/lib/python3.8/site-packages/airflow/example_dags/example_complex.py for tasks to queue
[2024-08-26T12:49:39.106+0000] {logging_mixin.py:154} INFO - [2024-08-26T12:49:39.106+0000] {dagbag.py:536} INFO - Filling up the DagBag from /home/airflow/.local/lib/python3.8/site-packages/airflow/example_dags/example_complex.py
[2024-08-26T12:49:39.127+0000] {processor.py:839} INFO - DAG(s) dict_keys(['example_complex']) retrieved from /home/airflow/.local/lib/python3.8/site-packages/airflow/example_dags/example_complex.py
[2024-08-26T12:49:39.204+0000] {logging_mixin.py:154} INFO - [2024-08-26T12:49:39.203+0000] {dag.py:2941} INFO - Sync 1 DAGs
[2024-08-26T12:49:39.230+0000] {logging_mixin.py:154} INFO - [2024-08-26T12:49:39.230+0000] {dag.py:3722} INFO - Setting next_dagrun for example_complex to None, run_after=None
[2024-08-26T12:49:39.296+0000] {processor.py:179} INFO - Processing /home/airflow/.local/lib/python3.8/site-packages/airflow/example_dags/example_complex.py took 0.200 seconds
[2024-08-26T12:50:10.493+0000] {processor.py:157} INFO - Started process (PID=1769) to work on /home/airflow/.local/lib/python3.8/site-packages/airflow/example_dags/example_complex.py
[2024-08-26T12:50:10.494+0000] {processor.py:829} INFO - Processing file /home/airflow/.local/lib/python3.8/site-packages/airflow/example_dags/example_complex.py for tasks to queue
[2024-08-26T12:50:10.498+0000] {logging_mixin.py:154} INFO - [2024-08-26T12:50:10.498+0000] {dagbag.py:536} INFO - Filling up the DagBag from /home/airflow/.local/lib/python3.8/site-packages/airflow/example_dags/example_complex.py
[2024-08-26T12:50:10.530+0000] {processor.py:839} INFO - DAG(s) dict_keys(['example_complex']) retrieved from /home/airflow/.local/lib/python3.8/site-packages/airflow/example_dags/example_complex.py
[2024-08-26T12:50:10.598+0000] {logging_mixin.py:154} INFO - [2024-08-26T12:50:10.598+0000] {dag.py:2941} INFO - Sync 1 DAGs
[2024-08-26T12:50:10.631+0000] {logging_mixin.py:154} INFO - [2024-08-26T12:50:10.631+0000] {dag.py:3722} INFO - Setting next_dagrun for example_complex to None, run_after=None
[2024-08-26T12:50:10.672+0000] {processor.py:179} INFO - Processing /home/airflow/.local/lib/python3.8/site-packages/airflow/example_dags/example_complex.py took 0.185 seconds
[2024-08-26T12:50:41.781+0000] {processor.py:157} INFO - Started process (PID=1835) to work on /home/airflow/.local/lib/python3.8/site-packages/airflow/example_dags/example_complex.py
[2024-08-26T12:50:41.783+0000] {processor.py:829} INFO - Processing file /home/airflow/.local/lib/python3.8/site-packages/airflow/example_dags/example_complex.py for tasks to queue
[2024-08-26T12:50:41.788+0000] {logging_mixin.py:154} INFO - [2024-08-26T12:50:41.788+0000] {dagbag.py:536} INFO - Filling up the DagBag from /home/airflow/.local/lib/python3.8/site-packages/airflow/example_dags/example_complex.py
[2024-08-26T12:50:41.819+0000] {processor.py:839} INFO - DAG(s) dict_keys(['example_complex']) retrieved from /home/airflow/.local/lib/python3.8/site-packages/airflow/example_dags/example_complex.py
[2024-08-26T12:50:41.892+0000] {logging_mixin.py:154} INFO - [2024-08-26T12:50:41.892+0000] {dag.py:2941} INFO - Sync 1 DAGs
[2024-08-26T12:50:41.921+0000] {logging_mixin.py:154} INFO - [2024-08-26T12:50:41.921+0000] {dag.py:3722} INFO - Setting next_dagrun for example_complex to None, run_after=None
[2024-08-26T12:50:41.955+0000] {processor.py:179} INFO - Processing /home/airflow/.local/lib/python3.8/site-packages/airflow/example_dags/example_complex.py took 0.181 seconds
[2024-08-26T12:51:13.456+0000] {processor.py:157} INFO - Started process (PID=1901) to work on /home/airflow/.local/lib/python3.8/site-packages/airflow/example_dags/example_complex.py
[2024-08-26T12:51:13.458+0000] {processor.py:829} INFO - Processing file /home/airflow/.local/lib/python3.8/site-packages/airflow/example_dags/example_complex.py for tasks to queue
[2024-08-26T12:51:13.463+0000] {logging_mixin.py:154} INFO - [2024-08-26T12:51:13.462+0000] {dagbag.py:536} INFO - Filling up the DagBag from /home/airflow/.local/lib/python3.8/site-packages/airflow/example_dags/example_complex.py
[2024-08-26T12:51:13.496+0000] {processor.py:839} INFO - DAG(s) dict_keys(['example_complex']) retrieved from /home/airflow/.local/lib/python3.8/site-packages/airflow/example_dags/example_complex.py
[2024-08-26T12:51:13.573+0000] {logging_mixin.py:154} INFO - [2024-08-26T12:51:13.573+0000] {dag.py:2941} INFO - Sync 1 DAGs
[2024-08-26T12:51:13.603+0000] {logging_mixin.py:154} INFO - [2024-08-26T12:51:13.602+0000] {dag.py:3722} INFO - Setting next_dagrun for example_complex to None, run_after=None
[2024-08-26T12:51:13.657+0000] {processor.py:179} INFO - Processing /home/airflow/.local/lib/python3.8/site-packages/airflow/example_dags/example_complex.py took 0.209 seconds
[2024-08-26T12:51:44.635+0000] {processor.py:157} INFO - Started process (PID=1968) to work on /home/airflow/.local/lib/python3.8/site-packages/airflow/example_dags/example_complex.py
[2024-08-26T12:51:44.637+0000] {processor.py:829} INFO - Processing file /home/airflow/.local/lib/python3.8/site-packages/airflow/example_dags/example_complex.py for tasks to queue
[2024-08-26T12:51:44.641+0000] {logging_mixin.py:154} INFO - [2024-08-26T12:51:44.641+0000] {dagbag.py:536} INFO - Filling up the DagBag from /home/airflow/.local/lib/python3.8/site-packages/airflow/example_dags/example_complex.py
[2024-08-26T12:51:44.669+0000] {processor.py:839} INFO - DAG(s) dict_keys(['example_complex']) retrieved from /home/airflow/.local/lib/python3.8/site-packages/airflow/example_dags/example_complex.py
[2024-08-26T12:51:44.735+0000] {logging_mixin.py:154} INFO - [2024-08-26T12:51:44.734+0000] {dag.py:2941} INFO - Sync 1 DAGs
[2024-08-26T12:51:44.764+0000] {logging_mixin.py:154} INFO - [2024-08-26T12:51:44.763+0000] {dag.py:3722} INFO - Setting next_dagrun for example_complex to None, run_after=None
[2024-08-26T12:51:44.806+0000] {processor.py:179} INFO - Processing /home/airflow/.local/lib/python3.8/site-packages/airflow/example_dags/example_complex.py took 0.176 seconds
[2024-08-26T12:52:15.707+0000] {processor.py:157} INFO - Started process (PID=2034) to work on /home/airflow/.local/lib/python3.8/site-packages/airflow/example_dags/example_complex.py
[2024-08-26T12:52:15.709+0000] {processor.py:829} INFO - Processing file /home/airflow/.local/lib/python3.8/site-packages/airflow/example_dags/example_complex.py for tasks to queue
[2024-08-26T12:52:15.713+0000] {logging_mixin.py:154} INFO - [2024-08-26T12:52:15.712+0000] {dagbag.py:536} INFO - Filling up the DagBag from /home/airflow/.local/lib/python3.8/site-packages/airflow/example_dags/example_complex.py
[2024-08-26T12:52:15.736+0000] {processor.py:839} INFO - DAG(s) dict_keys(['example_complex']) retrieved from /home/airflow/.local/lib/python3.8/site-packages/airflow/example_dags/example_complex.py
[2024-08-26T12:52:15.805+0000] {logging_mixin.py:154} INFO - [2024-08-26T12:52:15.804+0000] {dag.py:2941} INFO - Sync 1 DAGs
[2024-08-26T12:52:15.828+0000] {logging_mixin.py:154} INFO - [2024-08-26T12:52:15.828+0000] {dag.py:3722} INFO - Setting next_dagrun for example_complex to None, run_after=None
[2024-08-26T12:52:15.903+0000] {processor.py:179} INFO - Processing /home/airflow/.local/lib/python3.8/site-packages/airflow/example_dags/example_complex.py took 0.202 seconds
[2024-08-26T12:52:46.205+0000] {processor.py:157} INFO - Started process (PID=2100) to work on /home/airflow/.local/lib/python3.8/site-packages/airflow/example_dags/example_complex.py
[2024-08-26T12:52:46.207+0000] {processor.py:829} INFO - Processing file /home/airflow/.local/lib/python3.8/site-packages/airflow/example_dags/example_complex.py for tasks to queue
[2024-08-26T12:52:46.212+0000] {logging_mixin.py:154} INFO - [2024-08-26T12:52:46.211+0000] {dagbag.py:536} INFO - Filling up the DagBag from /home/airflow/.local/lib/python3.8/site-packages/airflow/example_dags/example_complex.py
[2024-08-26T12:52:46.234+0000] {processor.py:839} INFO - DAG(s) dict_keys(['example_complex']) retrieved from /home/airflow/.local/lib/python3.8/site-packages/airflow/example_dags/example_complex.py
[2024-08-26T12:52:46.298+0000] {logging_mixin.py:154} INFO - [2024-08-26T12:52:46.298+0000] {dag.py:2941} INFO - Sync 1 DAGs
[2024-08-26T12:52:46.329+0000] {logging_mixin.py:154} INFO - [2024-08-26T12:52:46.328+0000] {dag.py:3722} INFO - Setting next_dagrun for example_complex to None, run_after=None
[2024-08-26T12:52:46.370+0000] {processor.py:179} INFO - Processing /home/airflow/.local/lib/python3.8/site-packages/airflow/example_dags/example_complex.py took 0.171 seconds
[2024-08-26T12:53:17.878+0000] {processor.py:157} INFO - Started process (PID=2166) to work on /home/airflow/.local/lib/python3.8/site-packages/airflow/example_dags/example_complex.py
[2024-08-26T12:53:17.879+0000] {processor.py:829} INFO - Processing file /home/airflow/.local/lib/python3.8/site-packages/airflow/example_dags/example_complex.py for tasks to queue
[2024-08-26T12:53:17.883+0000] {logging_mixin.py:154} INFO - [2024-08-26T12:53:17.883+0000] {dagbag.py:536} INFO - Filling up the DagBag from /home/airflow/.local/lib/python3.8/site-packages/airflow/example_dags/example_complex.py
[2024-08-26T12:53:17.906+0000] {processor.py:839} INFO - DAG(s) dict_keys(['example_complex']) retrieved from /home/airflow/.local/lib/python3.8/site-packages/airflow/example_dags/example_complex.py
[2024-08-26T12:53:17.986+0000] {logging_mixin.py:154} INFO - [2024-08-26T12:53:17.985+0000] {dag.py:2941} INFO - Sync 1 DAGs
[2024-08-26T12:53:18.015+0000] {logging_mixin.py:154} INFO - [2024-08-26T12:53:18.014+0000] {dag.py:3722} INFO - Setting next_dagrun for example_complex to None, run_after=None
[2024-08-26T12:53:18.286+0000] {processor.py:179} INFO - Processing /home/airflow/.local/lib/python3.8/site-packages/airflow/example_dags/example_complex.py took 0.414 seconds
[2024-08-26T12:54:03.087+0000] {processor.py:157} INFO - Started process (PID=2224) to work on /home/airflow/.local/lib/python3.8/site-packages/airflow/example_dags/example_complex.py
[2024-08-26T12:54:03.089+0000] {processor.py:829} INFO - Processing file /home/airflow/.local/lib/python3.8/site-packages/airflow/example_dags/example_complex.py for tasks to queue
[2024-08-26T12:54:03.094+0000] {logging_mixin.py:154} INFO - [2024-08-26T12:54:03.093+0000] {dagbag.py:536} INFO - Filling up the DagBag from /home/airflow/.local/lib/python3.8/site-packages/airflow/example_dags/example_complex.py
[2024-08-26T12:54:03.116+0000] {processor.py:839} INFO - DAG(s) dict_keys(['example_complex']) retrieved from /home/airflow/.local/lib/python3.8/site-packages/airflow/example_dags/example_complex.py
[2024-08-26T12:54:03.193+0000] {logging_mixin.py:154} INFO - [2024-08-26T12:54:03.193+0000] {dag.py:2941} INFO - Sync 1 DAGs
[2024-08-26T12:54:03.218+0000] {logging_mixin.py:154} INFO - [2024-08-26T12:54:03.218+0000] {dag.py:3722} INFO - Setting next_dagrun for example_complex to None, run_after=None
[2024-08-26T12:54:03.252+0000] {processor.py:179} INFO - Processing /home/airflow/.local/lib/python3.8/site-packages/airflow/example_dags/example_complex.py took 0.173 seconds
[2024-08-26T12:54:36.495+0000] {processor.py:157} INFO - Started process (PID=2297) to work on /home/airflow/.local/lib/python3.8/site-packages/airflow/example_dags/example_complex.py
[2024-08-26T12:54:36.497+0000] {processor.py:829} INFO - Processing file /home/airflow/.local/lib/python3.8/site-packages/airflow/example_dags/example_complex.py for tasks to queue
[2024-08-26T12:54:36.500+0000] {logging_mixin.py:154} INFO - [2024-08-26T12:54:36.500+0000] {dagbag.py:536} INFO - Filling up the DagBag from /home/airflow/.local/lib/python3.8/site-packages/airflow/example_dags/example_complex.py
[2024-08-26T12:54:36.529+0000] {processor.py:839} INFO - DAG(s) dict_keys(['example_complex']) retrieved from /home/airflow/.local/lib/python3.8/site-packages/airflow/example_dags/example_complex.py
[2024-08-26T12:54:36.591+0000] {logging_mixin.py:154} INFO - [2024-08-26T12:54:36.590+0000] {dag.py:2941} INFO - Sync 1 DAGs
[2024-08-26T12:54:36.620+0000] {logging_mixin.py:154} INFO - [2024-08-26T12:54:36.619+0000] {dag.py:3722} INFO - Setting next_dagrun for example_complex to None, run_after=None
[2024-08-26T12:54:36.664+0000] {processor.py:179} INFO - Processing /home/airflow/.local/lib/python3.8/site-packages/airflow/example_dags/example_complex.py took 0.175 seconds
[2024-08-26T12:55:09.734+0000] {processor.py:157} INFO - Started process (PID=2363) to work on /home/airflow/.local/lib/python3.8/site-packages/airflow/example_dags/example_complex.py
[2024-08-26T12:55:09.736+0000] {processor.py:829} INFO - Processing file /home/airflow/.local/lib/python3.8/site-packages/airflow/example_dags/example_complex.py for tasks to queue
[2024-08-26T12:55:09.740+0000] {logging_mixin.py:154} INFO - [2024-08-26T12:55:09.739+0000] {dagbag.py:536} INFO - Filling up the DagBag from /home/airflow/.local/lib/python3.8/site-packages/airflow/example_dags/example_complex.py
[2024-08-26T12:55:09.760+0000] {processor.py:839} INFO - DAG(s) dict_keys(['example_complex']) retrieved from /home/airflow/.local/lib/python3.8/site-packages/airflow/example_dags/example_complex.py
[2024-08-26T12:55:09.819+0000] {logging_mixin.py:154} INFO - [2024-08-26T12:55:09.819+0000] {dag.py:2941} INFO - Sync 1 DAGs
[2024-08-26T12:55:10.029+0000] {logging_mixin.py:154} INFO - [2024-08-26T12:55:10.029+0000] {dag.py:3722} INFO - Setting next_dagrun for example_complex to None, run_after=None
[2024-08-26T12:55:10.101+0000] {processor.py:179} INFO - Processing /home/airflow/.local/lib/python3.8/site-packages/airflow/example_dags/example_complex.py took 0.372 seconds
[2024-08-26T12:55:41.110+0000] {processor.py:157} INFO - Started process (PID=2429) to work on /home/airflow/.local/lib/python3.8/site-packages/airflow/example_dags/example_complex.py
[2024-08-26T12:55:41.112+0000] {processor.py:829} INFO - Processing file /home/airflow/.local/lib/python3.8/site-packages/airflow/example_dags/example_complex.py for tasks to queue
[2024-08-26T12:55:41.115+0000] {logging_mixin.py:154} INFO - [2024-08-26T12:55:41.115+0000] {dagbag.py:536} INFO - Filling up the DagBag from /home/airflow/.local/lib/python3.8/site-packages/airflow/example_dags/example_complex.py
[2024-08-26T12:55:41.144+0000] {processor.py:839} INFO - DAG(s) dict_keys(['example_complex']) retrieved from /home/airflow/.local/lib/python3.8/site-packages/airflow/example_dags/example_complex.py
[2024-08-26T12:55:41.217+0000] {logging_mixin.py:154} INFO - [2024-08-26T12:55:41.216+0000] {dag.py:2941} INFO - Sync 1 DAGs
[2024-08-26T12:55:41.243+0000] {logging_mixin.py:154} INFO - [2024-08-26T12:55:41.242+0000] {dag.py:3722} INFO - Setting next_dagrun for example_complex to None, run_after=None
[2024-08-26T12:55:41.492+0000] {processor.py:179} INFO - Processing /home/airflow/.local/lib/python3.8/site-packages/airflow/example_dags/example_complex.py took 0.387 seconds
[2024-08-26T12:56:11.684+0000] {processor.py:157} INFO - Started process (PID=2495) to work on /home/airflow/.local/lib/python3.8/site-packages/airflow/example_dags/example_complex.py
[2024-08-26T12:56:11.686+0000] {processor.py:829} INFO - Processing file /home/airflow/.local/lib/python3.8/site-packages/airflow/example_dags/example_complex.py for tasks to queue
[2024-08-26T12:56:11.690+0000] {logging_mixin.py:154} INFO - [2024-08-26T12:56:11.690+0000] {dagbag.py:536} INFO - Filling up the DagBag from /home/airflow/.local/lib/python3.8/site-packages/airflow/example_dags/example_complex.py
[2024-08-26T12:56:11.716+0000] {processor.py:839} INFO - DAG(s) dict_keys(['example_complex']) retrieved from /home/airflow/.local/lib/python3.8/site-packages/airflow/example_dags/example_complex.py
[2024-08-26T12:56:11.781+0000] {logging_mixin.py:154} INFO - [2024-08-26T12:56:11.781+0000] {dag.py:2941} INFO - Sync 1 DAGs
[2024-08-26T12:56:11.808+0000] {logging_mixin.py:154} INFO - [2024-08-26T12:56:11.807+0000] {dag.py:3722} INFO - Setting next_dagrun for example_complex to None, run_after=None
[2024-08-26T12:56:11.869+0000] {processor.py:179} INFO - Processing /home/airflow/.local/lib/python3.8/site-packages/airflow/example_dags/example_complex.py took 0.194 seconds
