[2024-08-26T08:44:53.811+0000] {processor.py:157} INFO - Started process (PID=68) to work on /home/airflow/.local/lib/python3.8/site-packages/airflow/example_dags/example_short_circuit_operator.py
[2024-08-26T08:44:53.813+0000] {processor.py:829} INFO - Processing file /home/airflow/.local/lib/python3.8/site-packages/airflow/example_dags/example_short_circuit_operator.py for tasks to queue
[2024-08-26T08:44:53.815+0000] {logging_mixin.py:154} INFO - [2024-08-26T08:44:53.815+0000] {dagbag.py:536} INFO - Filling up the DagBag from /home/airflow/.local/lib/python3.8/site-packages/airflow/example_dags/example_short_circuit_operator.py
[2024-08-26T08:44:53.824+0000] {processor.py:839} INFO - DAG(s) dict_keys(['example_short_circuit_operator']) retrieved from /home/airflow/.local/lib/python3.8/site-packages/airflow/example_dags/example_short_circuit_operator.py
[2024-08-26T08:44:53.851+0000] {logging_mixin.py:154} INFO - [2024-08-26T08:44:53.851+0000] {dag.py:2941} INFO - Sync 1 DAGs
[2024-08-26T08:44:53.892+0000] {logging_mixin.py:154} INFO - [2024-08-26T08:44:53.891+0000] {dag.py:3722} INFO - Setting next_dagrun for example_short_circuit_operator to 2024-08-25T08:44:53.891291+00:00, run_after=2024-08-26T08:44:53.891291+00:00
[2024-08-26T08:44:53.922+0000] {processor.py:179} INFO - Processing /home/airflow/.local/lib/python3.8/site-packages/airflow/example_dags/example_short_circuit_operator.py took 0.115 seconds
[2024-08-26T12:36:19.966+0000] {processor.py:157} INFO - Started process (PID=77) to work on /home/airflow/.local/lib/python3.8/site-packages/airflow/example_dags/example_short_circuit_operator.py
[2024-08-26T12:36:19.968+0000] {processor.py:829} INFO - Processing file /home/airflow/.local/lib/python3.8/site-packages/airflow/example_dags/example_short_circuit_operator.py for tasks to queue
[2024-08-26T12:36:19.970+0000] {logging_mixin.py:154} INFO - [2024-08-26T12:36:19.970+0000] {dagbag.py:536} INFO - Filling up the DagBag from /home/airflow/.local/lib/python3.8/site-packages/airflow/example_dags/example_short_circuit_operator.py
[2024-08-26T12:36:19.979+0000] {processor.py:839} INFO - DAG(s) dict_keys(['example_short_circuit_operator']) retrieved from /home/airflow/.local/lib/python3.8/site-packages/airflow/example_dags/example_short_circuit_operator.py
[2024-08-26T12:36:20.008+0000] {logging_mixin.py:154} INFO - [2024-08-26T12:36:20.008+0000] {dag.py:2941} INFO - Sync 1 DAGs
[2024-08-26T12:36:20.031+0000] {logging_mixin.py:154} INFO - [2024-08-26T12:36:20.031+0000] {dag.py:3722} INFO - Setting next_dagrun for example_short_circuit_operator to 2024-08-25T12:36:20.031481+00:00, run_after=2024-08-26T12:36:20.031481+00:00
[2024-08-26T12:36:20.053+0000] {processor.py:179} INFO - Processing /home/airflow/.local/lib/python3.8/site-packages/airflow/example_dags/example_short_circuit_operator.py took 0.090 seconds
[2024-08-26T12:36:51.117+0000] {processor.py:157} INFO - Started process (PID=143) to work on /home/airflow/.local/lib/python3.8/site-packages/airflow/example_dags/example_short_circuit_operator.py
[2024-08-26T12:36:51.119+0000] {processor.py:829} INFO - Processing file /home/airflow/.local/lib/python3.8/site-packages/airflow/example_dags/example_short_circuit_operator.py for tasks to queue
[2024-08-26T12:36:51.122+0000] {logging_mixin.py:154} INFO - [2024-08-26T12:36:51.122+0000] {dagbag.py:536} INFO - Filling up the DagBag from /home/airflow/.local/lib/python3.8/site-packages/airflow/example_dags/example_short_circuit_operator.py
[2024-08-26T12:36:51.135+0000] {processor.py:839} INFO - DAG(s) dict_keys(['example_short_circuit_operator']) retrieved from /home/airflow/.local/lib/python3.8/site-packages/airflow/example_dags/example_short_circuit_operator.py
[2024-08-26T12:36:51.180+0000] {logging_mixin.py:154} INFO - [2024-08-26T12:36:51.180+0000] {dag.py:2941} INFO - Sync 1 DAGs
[2024-08-26T12:36:51.219+0000] {logging_mixin.py:154} INFO - [2024-08-26T12:36:51.219+0000] {dag.py:3722} INFO - Setting next_dagrun for example_short_circuit_operator to 2024-08-25T12:36:51.219083+00:00, run_after=2024-08-26T12:36:51.219083+00:00
[2024-08-26T12:36:51.293+0000] {processor.py:179} INFO - Processing /home/airflow/.local/lib/python3.8/site-packages/airflow/example_dags/example_short_circuit_operator.py took 0.181 seconds
[2024-08-26T12:37:22.523+0000] {processor.py:157} INFO - Started process (PID=209) to work on /home/airflow/.local/lib/python3.8/site-packages/airflow/example_dags/example_short_circuit_operator.py
[2024-08-26T12:37:22.525+0000] {processor.py:829} INFO - Processing file /home/airflow/.local/lib/python3.8/site-packages/airflow/example_dags/example_short_circuit_operator.py for tasks to queue
[2024-08-26T12:37:22.528+0000] {logging_mixin.py:154} INFO - [2024-08-26T12:37:22.528+0000] {dagbag.py:536} INFO - Filling up the DagBag from /home/airflow/.local/lib/python3.8/site-packages/airflow/example_dags/example_short_circuit_operator.py
[2024-08-26T12:37:22.540+0000] {processor.py:839} INFO - DAG(s) dict_keys(['example_short_circuit_operator']) retrieved from /home/airflow/.local/lib/python3.8/site-packages/airflow/example_dags/example_short_circuit_operator.py
[2024-08-26T12:37:22.586+0000] {logging_mixin.py:154} INFO - [2024-08-26T12:37:22.586+0000] {dag.py:2941} INFO - Sync 1 DAGs
[2024-08-26T12:37:22.626+0000] {logging_mixin.py:154} INFO - [2024-08-26T12:37:22.626+0000] {dag.py:3722} INFO - Setting next_dagrun for example_short_circuit_operator to 2024-08-25T12:37:22.625723+00:00, run_after=2024-08-26T12:37:22.625723+00:00
[2024-08-26T12:37:22.698+0000] {processor.py:179} INFO - Processing /home/airflow/.local/lib/python3.8/site-packages/airflow/example_dags/example_short_circuit_operator.py took 0.179 seconds
[2024-08-26T12:37:53.462+0000] {processor.py:157} INFO - Started process (PID=282) to work on /home/airflow/.local/lib/python3.8/site-packages/airflow/example_dags/example_short_circuit_operator.py
[2024-08-26T12:37:53.464+0000] {processor.py:829} INFO - Processing file /home/airflow/.local/lib/python3.8/site-packages/airflow/example_dags/example_short_circuit_operator.py for tasks to queue
[2024-08-26T12:37:53.468+0000] {logging_mixin.py:154} INFO - [2024-08-26T12:37:53.468+0000] {dagbag.py:536} INFO - Filling up the DagBag from /home/airflow/.local/lib/python3.8/site-packages/airflow/example_dags/example_short_circuit_operator.py
[2024-08-26T12:37:53.485+0000] {processor.py:839} INFO - DAG(s) dict_keys(['example_short_circuit_operator']) retrieved from /home/airflow/.local/lib/python3.8/site-packages/airflow/example_dags/example_short_circuit_operator.py
[2024-08-26T12:37:53.544+0000] {logging_mixin.py:154} INFO - [2024-08-26T12:37:53.543+0000] {dag.py:2941} INFO - Sync 1 DAGs
[2024-08-26T12:37:53.598+0000] {logging_mixin.py:154} INFO - [2024-08-26T12:37:53.597+0000] {dag.py:3722} INFO - Setting next_dagrun for example_short_circuit_operator to 2024-08-25T12:37:53.597409+00:00, run_after=2024-08-26T12:37:53.597409+00:00
[2024-08-26T12:37:53.639+0000] {processor.py:179} INFO - Processing /home/airflow/.local/lib/python3.8/site-packages/airflow/example_dags/example_short_circuit_operator.py took 0.183 seconds
[2024-08-26T12:38:24.390+0000] {processor.py:157} INFO - Started process (PID=350) to work on /home/airflow/.local/lib/python3.8/site-packages/airflow/example_dags/example_short_circuit_operator.py
[2024-08-26T12:38:24.392+0000] {processor.py:829} INFO - Processing file /home/airflow/.local/lib/python3.8/site-packages/airflow/example_dags/example_short_circuit_operator.py for tasks to queue
[2024-08-26T12:38:24.397+0000] {logging_mixin.py:154} INFO - [2024-08-26T12:38:24.396+0000] {dagbag.py:536} INFO - Filling up the DagBag from /home/airflow/.local/lib/python3.8/site-packages/airflow/example_dags/example_short_circuit_operator.py
[2024-08-26T12:38:24.414+0000] {processor.py:839} INFO - DAG(s) dict_keys(['example_short_circuit_operator']) retrieved from /home/airflow/.local/lib/python3.8/site-packages/airflow/example_dags/example_short_circuit_operator.py
[2024-08-26T12:38:24.460+0000] {logging_mixin.py:154} INFO - [2024-08-26T12:38:24.460+0000] {dag.py:2941} INFO - Sync 1 DAGs
[2024-08-26T12:38:24.505+0000] {logging_mixin.py:154} INFO - [2024-08-26T12:38:24.505+0000] {dag.py:3722} INFO - Setting next_dagrun for example_short_circuit_operator to 2024-08-25T12:38:24.505092+00:00, run_after=2024-08-26T12:38:24.505092+00:00
[2024-08-26T12:38:24.581+0000] {processor.py:179} INFO - Processing /home/airflow/.local/lib/python3.8/site-packages/airflow/example_dags/example_short_circuit_operator.py took 0.198 seconds
[2024-08-26T12:38:55.511+0000] {processor.py:157} INFO - Started process (PID=416) to work on /home/airflow/.local/lib/python3.8/site-packages/airflow/example_dags/example_short_circuit_operator.py
[2024-08-26T12:38:55.513+0000] {processor.py:829} INFO - Processing file /home/airflow/.local/lib/python3.8/site-packages/airflow/example_dags/example_short_circuit_operator.py for tasks to queue
[2024-08-26T12:38:55.516+0000] {logging_mixin.py:154} INFO - [2024-08-26T12:38:55.516+0000] {dagbag.py:536} INFO - Filling up the DagBag from /home/airflow/.local/lib/python3.8/site-packages/airflow/example_dags/example_short_circuit_operator.py
[2024-08-26T12:38:55.530+0000] {processor.py:839} INFO - DAG(s) dict_keys(['example_short_circuit_operator']) retrieved from /home/airflow/.local/lib/python3.8/site-packages/airflow/example_dags/example_short_circuit_operator.py
[2024-08-26T12:38:55.578+0000] {logging_mixin.py:154} INFO - [2024-08-26T12:38:55.578+0000] {dag.py:2941} INFO - Sync 1 DAGs
[2024-08-26T12:38:55.626+0000] {logging_mixin.py:154} INFO - [2024-08-26T12:38:55.625+0000] {dag.py:3722} INFO - Setting next_dagrun for example_short_circuit_operator to 2024-08-25T12:38:55.624950+00:00, run_after=2024-08-26T12:38:55.624950+00:00
[2024-08-26T12:38:55.704+0000] {processor.py:179} INFO - Processing /home/airflow/.local/lib/python3.8/site-packages/airflow/example_dags/example_short_circuit_operator.py took 0.197 seconds
[2024-08-26T12:39:26.355+0000] {processor.py:157} INFO - Started process (PID=481) to work on /home/airflow/.local/lib/python3.8/site-packages/airflow/example_dags/example_short_circuit_operator.py
[2024-08-26T12:39:26.356+0000] {processor.py:829} INFO - Processing file /home/airflow/.local/lib/python3.8/site-packages/airflow/example_dags/example_short_circuit_operator.py for tasks to queue
[2024-08-26T12:39:26.360+0000] {logging_mixin.py:154} INFO - [2024-08-26T12:39:26.359+0000] {dagbag.py:536} INFO - Filling up the DagBag from /home/airflow/.local/lib/python3.8/site-packages/airflow/example_dags/example_short_circuit_operator.py
[2024-08-26T12:39:26.372+0000] {processor.py:839} INFO - DAG(s) dict_keys(['example_short_circuit_operator']) retrieved from /home/airflow/.local/lib/python3.8/site-packages/airflow/example_dags/example_short_circuit_operator.py
[2024-08-26T12:39:26.422+0000] {logging_mixin.py:154} INFO - [2024-08-26T12:39:26.422+0000] {dag.py:2941} INFO - Sync 1 DAGs
[2024-08-26T12:39:26.466+0000] {logging_mixin.py:154} INFO - [2024-08-26T12:39:26.466+0000] {dag.py:3722} INFO - Setting next_dagrun for example_short_circuit_operator to 2024-08-25T12:39:26.465603+00:00, run_after=2024-08-26T12:39:26.465603+00:00
[2024-08-26T12:39:26.540+0000] {processor.py:179} INFO - Processing /home/airflow/.local/lib/python3.8/site-packages/airflow/example_dags/example_short_circuit_operator.py took 0.191 seconds
[2024-08-26T12:39:56.779+0000] {processor.py:157} INFO - Started process (PID=547) to work on /home/airflow/.local/lib/python3.8/site-packages/airflow/example_dags/example_short_circuit_operator.py
[2024-08-26T12:39:56.781+0000] {processor.py:829} INFO - Processing file /home/airflow/.local/lib/python3.8/site-packages/airflow/example_dags/example_short_circuit_operator.py for tasks to queue
[2024-08-26T12:39:56.785+0000] {logging_mixin.py:154} INFO - [2024-08-26T12:39:56.785+0000] {dagbag.py:536} INFO - Filling up the DagBag from /home/airflow/.local/lib/python3.8/site-packages/airflow/example_dags/example_short_circuit_operator.py
[2024-08-26T12:39:56.801+0000] {processor.py:839} INFO - DAG(s) dict_keys(['example_short_circuit_operator']) retrieved from /home/airflow/.local/lib/python3.8/site-packages/airflow/example_dags/example_short_circuit_operator.py
[2024-08-26T12:39:56.851+0000] {logging_mixin.py:154} INFO - [2024-08-26T12:39:56.850+0000] {dag.py:2941} INFO - Sync 1 DAGs
[2024-08-26T12:39:56.899+0000] {logging_mixin.py:154} INFO - [2024-08-26T12:39:56.899+0000] {dag.py:3722} INFO - Setting next_dagrun for example_short_circuit_operator to 2024-08-25T12:39:56.898555+00:00, run_after=2024-08-26T12:39:56.898555+00:00
[2024-08-26T12:39:56.939+0000] {processor.py:179} INFO - Processing /home/airflow/.local/lib/python3.8/site-packages/airflow/example_dags/example_short_circuit_operator.py took 0.167 seconds
[2024-08-26T12:40:27.201+0000] {processor.py:157} INFO - Started process (PID=603) to work on /home/airflow/.local/lib/python3.8/site-packages/airflow/example_dags/example_short_circuit_operator.py
[2024-08-26T12:40:27.211+0000] {processor.py:829} INFO - Processing file /home/airflow/.local/lib/python3.8/site-packages/airflow/example_dags/example_short_circuit_operator.py for tasks to queue
[2024-08-26T12:40:27.216+0000] {logging_mixin.py:154} INFO - [2024-08-26T12:40:27.216+0000] {dagbag.py:536} INFO - Filling up the DagBag from /home/airflow/.local/lib/python3.8/site-packages/airflow/example_dags/example_short_circuit_operator.py
[2024-08-26T12:40:27.242+0000] {processor.py:839} INFO - DAG(s) dict_keys(['example_short_circuit_operator']) retrieved from /home/airflow/.local/lib/python3.8/site-packages/airflow/example_dags/example_short_circuit_operator.py
[2024-08-26T12:40:27.351+0000] {logging_mixin.py:154} INFO - [2024-08-26T12:40:27.350+0000] {dag.py:2941} INFO - Sync 1 DAGs
[2024-08-26T12:40:27.430+0000] {logging_mixin.py:154} INFO - [2024-08-26T12:40:27.430+0000] {dag.py:3722} INFO - Setting next_dagrun for example_short_circuit_operator to 2024-08-25T12:40:27.429986+00:00, run_after=2024-08-26T12:40:27.429986+00:00
[2024-08-26T12:40:27.489+0000] {processor.py:179} INFO - Processing /home/airflow/.local/lib/python3.8/site-packages/airflow/example_dags/example_short_circuit_operator.py took 0.301 seconds
[2024-08-26T12:40:58.248+0000] {processor.py:157} INFO - Started process (PID=668) to work on /home/airflow/.local/lib/python3.8/site-packages/airflow/example_dags/example_short_circuit_operator.py
[2024-08-26T12:40:58.249+0000] {processor.py:829} INFO - Processing file /home/airflow/.local/lib/python3.8/site-packages/airflow/example_dags/example_short_circuit_operator.py for tasks to queue
[2024-08-26T12:40:58.253+0000] {logging_mixin.py:154} INFO - [2024-08-26T12:40:58.252+0000] {dagbag.py:536} INFO - Filling up the DagBag from /home/airflow/.local/lib/python3.8/site-packages/airflow/example_dags/example_short_circuit_operator.py
[2024-08-26T12:40:58.265+0000] {processor.py:839} INFO - DAG(s) dict_keys(['example_short_circuit_operator']) retrieved from /home/airflow/.local/lib/python3.8/site-packages/airflow/example_dags/example_short_circuit_operator.py
[2024-08-26T12:40:58.306+0000] {logging_mixin.py:154} INFO - [2024-08-26T12:40:58.306+0000] {dag.py:2941} INFO - Sync 1 DAGs
[2024-08-26T12:40:58.345+0000] {logging_mixin.py:154} INFO - [2024-08-26T12:40:58.345+0000] {dag.py:3722} INFO - Setting next_dagrun for example_short_circuit_operator to 2024-08-25T12:40:58.344681+00:00, run_after=2024-08-26T12:40:58.344681+00:00
[2024-08-26T12:40:58.666+0000] {processor.py:179} INFO - Processing /home/airflow/.local/lib/python3.8/site-packages/airflow/example_dags/example_short_circuit_operator.py took 0.423 seconds
[2024-08-26T12:41:29.449+0000] {processor.py:157} INFO - Started process (PID=742) to work on /home/airflow/.local/lib/python3.8/site-packages/airflow/example_dags/example_short_circuit_operator.py
[2024-08-26T12:41:29.451+0000] {processor.py:829} INFO - Processing file /home/airflow/.local/lib/python3.8/site-packages/airflow/example_dags/example_short_circuit_operator.py for tasks to queue
[2024-08-26T12:41:29.455+0000] {logging_mixin.py:154} INFO - [2024-08-26T12:41:29.454+0000] {dagbag.py:536} INFO - Filling up the DagBag from /home/airflow/.local/lib/python3.8/site-packages/airflow/example_dags/example_short_circuit_operator.py
[2024-08-26T12:41:29.472+0000] {processor.py:839} INFO - DAG(s) dict_keys(['example_short_circuit_operator']) retrieved from /home/airflow/.local/lib/python3.8/site-packages/airflow/example_dags/example_short_circuit_operator.py
[2024-08-26T12:41:29.518+0000] {logging_mixin.py:154} INFO - [2024-08-26T12:41:29.517+0000] {dag.py:2941} INFO - Sync 1 DAGs
[2024-08-26T12:41:29.560+0000] {logging_mixin.py:154} INFO - [2024-08-26T12:41:29.559+0000] {dag.py:3722} INFO - Setting next_dagrun for example_short_circuit_operator to 2024-08-25T12:41:29.559196+00:00, run_after=2024-08-26T12:41:29.559196+00:00
[2024-08-26T12:41:29.636+0000] {processor.py:179} INFO - Processing /home/airflow/.local/lib/python3.8/site-packages/airflow/example_dags/example_short_circuit_operator.py took 0.194 seconds
[2024-08-26T12:42:00.148+0000] {processor.py:157} INFO - Started process (PID=809) to work on /home/airflow/.local/lib/python3.8/site-packages/airflow/example_dags/example_short_circuit_operator.py
[2024-08-26T12:42:00.151+0000] {processor.py:829} INFO - Processing file /home/airflow/.local/lib/python3.8/site-packages/airflow/example_dags/example_short_circuit_operator.py for tasks to queue
[2024-08-26T12:42:00.155+0000] {logging_mixin.py:154} INFO - [2024-08-26T12:42:00.154+0000] {dagbag.py:536} INFO - Filling up the DagBag from /home/airflow/.local/lib/python3.8/site-packages/airflow/example_dags/example_short_circuit_operator.py
[2024-08-26T12:42:00.169+0000] {processor.py:839} INFO - DAG(s) dict_keys(['example_short_circuit_operator']) retrieved from /home/airflow/.local/lib/python3.8/site-packages/airflow/example_dags/example_short_circuit_operator.py
[2024-08-26T12:42:00.214+0000] {logging_mixin.py:154} INFO - [2024-08-26T12:42:00.214+0000] {dag.py:2941} INFO - Sync 1 DAGs
[2024-08-26T12:42:00.262+0000] {logging_mixin.py:154} INFO - [2024-08-26T12:42:00.262+0000] {dag.py:3722} INFO - Setting next_dagrun for example_short_circuit_operator to 2024-08-25T12:42:00.261840+00:00, run_after=2024-08-26T12:42:00.261840+00:00
[2024-08-26T12:42:00.301+0000] {processor.py:179} INFO - Processing /home/airflow/.local/lib/python3.8/site-packages/airflow/example_dags/example_short_circuit_operator.py took 0.159 seconds
[2024-08-26T12:42:30.612+0000] {processor.py:157} INFO - Started process (PID=875) to work on /home/airflow/.local/lib/python3.8/site-packages/airflow/example_dags/example_short_circuit_operator.py
[2024-08-26T12:42:30.614+0000] {processor.py:829} INFO - Processing file /home/airflow/.local/lib/python3.8/site-packages/airflow/example_dags/example_short_circuit_operator.py for tasks to queue
[2024-08-26T12:42:30.618+0000] {logging_mixin.py:154} INFO - [2024-08-26T12:42:30.617+0000] {dagbag.py:536} INFO - Filling up the DagBag from /home/airflow/.local/lib/python3.8/site-packages/airflow/example_dags/example_short_circuit_operator.py
[2024-08-26T12:42:30.631+0000] {processor.py:839} INFO - DAG(s) dict_keys(['example_short_circuit_operator']) retrieved from /home/airflow/.local/lib/python3.8/site-packages/airflow/example_dags/example_short_circuit_operator.py
[2024-08-26T12:42:30.682+0000] {logging_mixin.py:154} INFO - [2024-08-26T12:42:30.681+0000] {dag.py:2941} INFO - Sync 1 DAGs
[2024-08-26T12:42:30.735+0000] {logging_mixin.py:154} INFO - [2024-08-26T12:42:30.735+0000] {dag.py:3722} INFO - Setting next_dagrun for example_short_circuit_operator to 2024-08-25T12:42:30.734721+00:00, run_after=2024-08-26T12:42:30.734721+00:00
[2024-08-26T12:42:30.810+0000] {processor.py:179} INFO - Processing /home/airflow/.local/lib/python3.8/site-packages/airflow/example_dags/example_short_circuit_operator.py took 0.204 seconds
[2024-08-26T12:43:00.999+0000] {processor.py:157} INFO - Started process (PID=941) to work on /home/airflow/.local/lib/python3.8/site-packages/airflow/example_dags/example_short_circuit_operator.py
[2024-08-26T12:43:01.000+0000] {processor.py:829} INFO - Processing file /home/airflow/.local/lib/python3.8/site-packages/airflow/example_dags/example_short_circuit_operator.py for tasks to queue
[2024-08-26T12:43:01.015+0000] {logging_mixin.py:154} INFO - [2024-08-26T12:43:01.014+0000] {dagbag.py:536} INFO - Filling up the DagBag from /home/airflow/.local/lib/python3.8/site-packages/airflow/example_dags/example_short_circuit_operator.py
[2024-08-26T12:43:01.029+0000] {processor.py:839} INFO - DAG(s) dict_keys(['example_short_circuit_operator']) retrieved from /home/airflow/.local/lib/python3.8/site-packages/airflow/example_dags/example_short_circuit_operator.py
[2024-08-26T12:43:01.078+0000] {logging_mixin.py:154} INFO - [2024-08-26T12:43:01.078+0000] {dag.py:2941} INFO - Sync 1 DAGs
[2024-08-26T12:43:01.127+0000] {logging_mixin.py:154} INFO - [2024-08-26T12:43:01.126+0000] {dag.py:3722} INFO - Setting next_dagrun for example_short_circuit_operator to 2024-08-25T12:43:01.126289+00:00, run_after=2024-08-26T12:43:01.126289+00:00
[2024-08-26T12:43:01.203+0000] {processor.py:179} INFO - Processing /home/airflow/.local/lib/python3.8/site-packages/airflow/example_dags/example_short_circuit_operator.py took 0.211 seconds
[2024-08-26T12:43:32.194+0000] {processor.py:157} INFO - Started process (PID=1019) to work on /home/airflow/.local/lib/python3.8/site-packages/airflow/example_dags/example_short_circuit_operator.py
[2024-08-26T12:43:32.196+0000] {processor.py:829} INFO - Processing file /home/airflow/.local/lib/python3.8/site-packages/airflow/example_dags/example_short_circuit_operator.py for tasks to queue
[2024-08-26T12:43:32.201+0000] {logging_mixin.py:154} INFO - [2024-08-26T12:43:32.200+0000] {dagbag.py:536} INFO - Filling up the DagBag from /home/airflow/.local/lib/python3.8/site-packages/airflow/example_dags/example_short_circuit_operator.py
[2024-08-26T12:43:32.218+0000] {processor.py:839} INFO - DAG(s) dict_keys(['example_short_circuit_operator']) retrieved from /home/airflow/.local/lib/python3.8/site-packages/airflow/example_dags/example_short_circuit_operator.py
[2024-08-26T12:43:32.266+0000] {logging_mixin.py:154} INFO - [2024-08-26T12:43:32.265+0000] {dag.py:2941} INFO - Sync 1 DAGs
[2024-08-26T12:43:32.315+0000] {logging_mixin.py:154} INFO - [2024-08-26T12:43:32.315+0000] {dag.py:3722} INFO - Setting next_dagrun for example_short_circuit_operator to 2024-08-25T12:43:32.314651+00:00, run_after=2024-08-26T12:43:32.314651+00:00
[2024-08-26T12:43:32.381+0000] {processor.py:179} INFO - Processing /home/airflow/.local/lib/python3.8/site-packages/airflow/example_dags/example_short_circuit_operator.py took 0.193 seconds
[2024-08-26T12:44:02.709+0000] {processor.py:157} INFO - Started process (PID=1085) to work on /home/airflow/.local/lib/python3.8/site-packages/airflow/example_dags/example_short_circuit_operator.py
[2024-08-26T12:44:02.711+0000] {processor.py:829} INFO - Processing file /home/airflow/.local/lib/python3.8/site-packages/airflow/example_dags/example_short_circuit_operator.py for tasks to queue
[2024-08-26T12:44:02.715+0000] {logging_mixin.py:154} INFO - [2024-08-26T12:44:02.715+0000] {dagbag.py:536} INFO - Filling up the DagBag from /home/airflow/.local/lib/python3.8/site-packages/airflow/example_dags/example_short_circuit_operator.py
[2024-08-26T12:44:02.733+0000] {processor.py:839} INFO - DAG(s) dict_keys(['example_short_circuit_operator']) retrieved from /home/airflow/.local/lib/python3.8/site-packages/airflow/example_dags/example_short_circuit_operator.py
[2024-08-26T12:44:02.780+0000] {logging_mixin.py:154} INFO - [2024-08-26T12:44:02.779+0000] {dag.py:2941} INFO - Sync 1 DAGs
[2024-08-26T12:44:02.830+0000] {logging_mixin.py:154} INFO - [2024-08-26T12:44:02.830+0000] {dag.py:3722} INFO - Setting next_dagrun for example_short_circuit_operator to 2024-08-25T12:44:02.830102+00:00, run_after=2024-08-26T12:44:02.830102+00:00
[2024-08-26T12:44:02.909+0000] {processor.py:179} INFO - Processing /home/airflow/.local/lib/python3.8/site-packages/airflow/example_dags/example_short_circuit_operator.py took 0.208 seconds
[2024-08-26T12:44:33.592+0000] {processor.py:157} INFO - Started process (PID=1152) to work on /home/airflow/.local/lib/python3.8/site-packages/airflow/example_dags/example_short_circuit_operator.py
[2024-08-26T12:44:33.594+0000] {processor.py:829} INFO - Processing file /home/airflow/.local/lib/python3.8/site-packages/airflow/example_dags/example_short_circuit_operator.py for tasks to queue
[2024-08-26T12:44:33.598+0000] {logging_mixin.py:154} INFO - [2024-08-26T12:44:33.597+0000] {dagbag.py:536} INFO - Filling up the DagBag from /home/airflow/.local/lib/python3.8/site-packages/airflow/example_dags/example_short_circuit_operator.py
[2024-08-26T12:44:33.613+0000] {processor.py:839} INFO - DAG(s) dict_keys(['example_short_circuit_operator']) retrieved from /home/airflow/.local/lib/python3.8/site-packages/airflow/example_dags/example_short_circuit_operator.py
[2024-08-26T12:44:33.660+0000] {logging_mixin.py:154} INFO - [2024-08-26T12:44:33.660+0000] {dag.py:2941} INFO - Sync 1 DAGs
[2024-08-26T12:44:33.702+0000] {logging_mixin.py:154} INFO - [2024-08-26T12:44:33.702+0000] {dag.py:3722} INFO - Setting next_dagrun for example_short_circuit_operator to 2024-08-25T12:44:33.701687+00:00, run_after=2024-08-26T12:44:33.701687+00:00
[2024-08-26T12:44:33.739+0000] {processor.py:179} INFO - Processing /home/airflow/.local/lib/python3.8/site-packages/airflow/example_dags/example_short_circuit_operator.py took 0.154 seconds
[2024-08-26T12:45:04.458+0000] {processor.py:157} INFO - Started process (PID=1218) to work on /home/airflow/.local/lib/python3.8/site-packages/airflow/example_dags/example_short_circuit_operator.py
[2024-08-26T12:45:04.459+0000] {processor.py:829} INFO - Processing file /home/airflow/.local/lib/python3.8/site-packages/airflow/example_dags/example_short_circuit_operator.py for tasks to queue
[2024-08-26T12:45:04.463+0000] {logging_mixin.py:154} INFO - [2024-08-26T12:45:04.463+0000] {dagbag.py:536} INFO - Filling up the DagBag from /home/airflow/.local/lib/python3.8/site-packages/airflow/example_dags/example_short_circuit_operator.py
[2024-08-26T12:45:04.475+0000] {processor.py:839} INFO - DAG(s) dict_keys(['example_short_circuit_operator']) retrieved from /home/airflow/.local/lib/python3.8/site-packages/airflow/example_dags/example_short_circuit_operator.py
[2024-08-26T12:45:04.526+0000] {logging_mixin.py:154} INFO - [2024-08-26T12:45:04.526+0000] {dag.py:2941} INFO - Sync 1 DAGs
[2024-08-26T12:45:04.580+0000] {logging_mixin.py:154} INFO - [2024-08-26T12:45:04.579+0000] {dag.py:3722} INFO - Setting next_dagrun for example_short_circuit_operator to 2024-08-25T12:45:04.579127+00:00, run_after=2024-08-26T12:45:04.579127+00:00
[2024-08-26T12:45:04.656+0000] {processor.py:179} INFO - Processing /home/airflow/.local/lib/python3.8/site-packages/airflow/example_dags/example_short_circuit_operator.py took 0.203 seconds
[2024-08-26T12:45:34.870+0000] {processor.py:157} INFO - Started process (PID=1284) to work on /home/airflow/.local/lib/python3.8/site-packages/airflow/example_dags/example_short_circuit_operator.py
[2024-08-26T12:45:34.872+0000] {processor.py:829} INFO - Processing file /home/airflow/.local/lib/python3.8/site-packages/airflow/example_dags/example_short_circuit_operator.py for tasks to queue
[2024-08-26T12:45:34.877+0000] {logging_mixin.py:154} INFO - [2024-08-26T12:45:34.876+0000] {dagbag.py:536} INFO - Filling up the DagBag from /home/airflow/.local/lib/python3.8/site-packages/airflow/example_dags/example_short_circuit_operator.py
[2024-08-26T12:45:34.898+0000] {processor.py:839} INFO - DAG(s) dict_keys(['example_short_circuit_operator']) retrieved from /home/airflow/.local/lib/python3.8/site-packages/airflow/example_dags/example_short_circuit_operator.py
[2024-08-26T12:45:34.942+0000] {logging_mixin.py:154} INFO - [2024-08-26T12:45:34.942+0000] {dag.py:2941} INFO - Sync 1 DAGs
[2024-08-26T12:45:34.983+0000] {logging_mixin.py:154} INFO - [2024-08-26T12:45:34.983+0000] {dag.py:3722} INFO - Setting next_dagrun for example_short_circuit_operator to 2024-08-25T12:45:34.983011+00:00, run_after=2024-08-26T12:45:34.983011+00:00
[2024-08-26T12:45:35.056+0000] {processor.py:179} INFO - Processing /home/airflow/.local/lib/python3.8/site-packages/airflow/example_dags/example_short_circuit_operator.py took 0.193 seconds
[2024-08-26T12:46:05.345+0000] {processor.py:157} INFO - Started process (PID=1350) to work on /home/airflow/.local/lib/python3.8/site-packages/airflow/example_dags/example_short_circuit_operator.py
[2024-08-26T12:46:05.347+0000] {processor.py:829} INFO - Processing file /home/airflow/.local/lib/python3.8/site-packages/airflow/example_dags/example_short_circuit_operator.py for tasks to queue
[2024-08-26T12:46:05.350+0000] {logging_mixin.py:154} INFO - [2024-08-26T12:46:05.350+0000] {dagbag.py:536} INFO - Filling up the DagBag from /home/airflow/.local/lib/python3.8/site-packages/airflow/example_dags/example_short_circuit_operator.py
[2024-08-26T12:46:05.365+0000] {processor.py:839} INFO - DAG(s) dict_keys(['example_short_circuit_operator']) retrieved from /home/airflow/.local/lib/python3.8/site-packages/airflow/example_dags/example_short_circuit_operator.py
[2024-08-26T12:46:05.415+0000] {logging_mixin.py:154} INFO - [2024-08-26T12:46:05.415+0000] {dag.py:2941} INFO - Sync 1 DAGs
[2024-08-26T12:46:05.462+0000] {logging_mixin.py:154} INFO - [2024-08-26T12:46:05.461+0000] {dag.py:3722} INFO - Setting next_dagrun for example_short_circuit_operator to 2024-08-25T12:46:05.460970+00:00, run_after=2024-08-26T12:46:05.460970+00:00
[2024-08-26T12:46:05.539+0000] {processor.py:179} INFO - Processing /home/airflow/.local/lib/python3.8/site-packages/airflow/example_dags/example_short_circuit_operator.py took 0.199 seconds
[2024-08-26T12:46:35.652+0000] {processor.py:157} INFO - Started process (PID=1416) to work on /home/airflow/.local/lib/python3.8/site-packages/airflow/example_dags/example_short_circuit_operator.py
[2024-08-26T12:46:35.654+0000] {processor.py:829} INFO - Processing file /home/airflow/.local/lib/python3.8/site-packages/airflow/example_dags/example_short_circuit_operator.py for tasks to queue
[2024-08-26T12:46:35.658+0000] {logging_mixin.py:154} INFO - [2024-08-26T12:46:35.657+0000] {dagbag.py:536} INFO - Filling up the DagBag from /home/airflow/.local/lib/python3.8/site-packages/airflow/example_dags/example_short_circuit_operator.py
[2024-08-26T12:46:35.675+0000] {processor.py:839} INFO - DAG(s) dict_keys(['example_short_circuit_operator']) retrieved from /home/airflow/.local/lib/python3.8/site-packages/airflow/example_dags/example_short_circuit_operator.py
[2024-08-26T12:46:35.721+0000] {logging_mixin.py:154} INFO - [2024-08-26T12:46:35.720+0000] {dag.py:2941} INFO - Sync 1 DAGs
[2024-08-26T12:46:35.767+0000] {logging_mixin.py:154} INFO - [2024-08-26T12:46:35.767+0000] {dag.py:3722} INFO - Setting next_dagrun for example_short_circuit_operator to 2024-08-25T12:46:35.767233+00:00, run_after=2024-08-26T12:46:35.767233+00:00
[2024-08-26T12:46:35.801+0000] {processor.py:179} INFO - Processing /home/airflow/.local/lib/python3.8/site-packages/airflow/example_dags/example_short_circuit_operator.py took 0.155 seconds
[2024-08-26T12:47:05.911+0000] {processor.py:157} INFO - Started process (PID=1481) to work on /home/airflow/.local/lib/python3.8/site-packages/airflow/example_dags/example_short_circuit_operator.py
[2024-08-26T12:47:05.913+0000] {processor.py:829} INFO - Processing file /home/airflow/.local/lib/python3.8/site-packages/airflow/example_dags/example_short_circuit_operator.py for tasks to queue
[2024-08-26T12:47:05.917+0000] {logging_mixin.py:154} INFO - [2024-08-26T12:47:05.916+0000] {dagbag.py:536} INFO - Filling up the DagBag from /home/airflow/.local/lib/python3.8/site-packages/airflow/example_dags/example_short_circuit_operator.py
[2024-08-26T12:47:05.934+0000] {processor.py:839} INFO - DAG(s) dict_keys(['example_short_circuit_operator']) retrieved from /home/airflow/.local/lib/python3.8/site-packages/airflow/example_dags/example_short_circuit_operator.py
[2024-08-26T12:47:05.985+0000] {logging_mixin.py:154} INFO - [2024-08-26T12:47:05.985+0000] {dag.py:2941} INFO - Sync 1 DAGs
[2024-08-26T12:47:06.031+0000] {logging_mixin.py:154} INFO - [2024-08-26T12:47:06.030+0000] {dag.py:3722} INFO - Setting next_dagrun for example_short_circuit_operator to 2024-08-25T12:47:06.030427+00:00, run_after=2024-08-26T12:47:06.030427+00:00
[2024-08-26T12:47:06.108+0000] {processor.py:179} INFO - Processing /home/airflow/.local/lib/python3.8/site-packages/airflow/example_dags/example_short_circuit_operator.py took 0.204 seconds
[2024-08-26T12:47:36.795+0000] {processor.py:157} INFO - Started process (PID=1548) to work on /home/airflow/.local/lib/python3.8/site-packages/airflow/example_dags/example_short_circuit_operator.py
[2024-08-26T12:47:36.797+0000] {processor.py:829} INFO - Processing file /home/airflow/.local/lib/python3.8/site-packages/airflow/example_dags/example_short_circuit_operator.py for tasks to queue
[2024-08-26T12:47:36.800+0000] {logging_mixin.py:154} INFO - [2024-08-26T12:47:36.800+0000] {dagbag.py:536} INFO - Filling up the DagBag from /home/airflow/.local/lib/python3.8/site-packages/airflow/example_dags/example_short_circuit_operator.py
[2024-08-26T12:47:36.812+0000] {processor.py:839} INFO - DAG(s) dict_keys(['example_short_circuit_operator']) retrieved from /home/airflow/.local/lib/python3.8/site-packages/airflow/example_dags/example_short_circuit_operator.py
[2024-08-26T12:47:36.861+0000] {logging_mixin.py:154} INFO - [2024-08-26T12:47:36.860+0000] {dag.py:2941} INFO - Sync 1 DAGs
[2024-08-26T12:47:36.909+0000] {logging_mixin.py:154} INFO - [2024-08-26T12:47:36.909+0000] {dag.py:3722} INFO - Setting next_dagrun for example_short_circuit_operator to 2024-08-25T12:47:36.908899+00:00, run_after=2024-08-26T12:47:36.908899+00:00
[2024-08-26T12:47:36.945+0000] {processor.py:179} INFO - Processing /home/airflow/.local/lib/python3.8/site-packages/airflow/example_dags/example_short_circuit_operator.py took 0.155 seconds
[2024-08-26T12:48:07.854+0000] {processor.py:157} INFO - Started process (PID=1615) to work on /home/airflow/.local/lib/python3.8/site-packages/airflow/example_dags/example_short_circuit_operator.py
[2024-08-26T12:48:07.855+0000] {processor.py:829} INFO - Processing file /home/airflow/.local/lib/python3.8/site-packages/airflow/example_dags/example_short_circuit_operator.py for tasks to queue
[2024-08-26T12:48:07.859+0000] {logging_mixin.py:154} INFO - [2024-08-26T12:48:07.858+0000] {dagbag.py:536} INFO - Filling up the DagBag from /home/airflow/.local/lib/python3.8/site-packages/airflow/example_dags/example_short_circuit_operator.py
[2024-08-26T12:48:07.874+0000] {processor.py:839} INFO - DAG(s) dict_keys(['example_short_circuit_operator']) retrieved from /home/airflow/.local/lib/python3.8/site-packages/airflow/example_dags/example_short_circuit_operator.py
[2024-08-26T12:48:07.928+0000] {logging_mixin.py:154} INFO - [2024-08-26T12:48:07.928+0000] {dag.py:2941} INFO - Sync 1 DAGs
[2024-08-26T12:48:07.972+0000] {logging_mixin.py:154} INFO - [2024-08-26T12:48:07.972+0000] {dag.py:3722} INFO - Setting next_dagrun for example_short_circuit_operator to 2024-08-25T12:48:07.971830+00:00, run_after=2024-08-26T12:48:07.971830+00:00
[2024-08-26T12:48:08.047+0000] {processor.py:179} INFO - Processing /home/airflow/.local/lib/python3.8/site-packages/airflow/example_dags/example_short_circuit_operator.py took 0.198 seconds
[2024-08-26T12:49:36.183+0000] {processor.py:157} INFO - Started process (PID=1675) to work on /home/airflow/.local/lib/python3.8/site-packages/airflow/example_dags/example_short_circuit_operator.py
[2024-08-26T12:49:36.185+0000] {processor.py:829} INFO - Processing file /home/airflow/.local/lib/python3.8/site-packages/airflow/example_dags/example_short_circuit_operator.py for tasks to queue
[2024-08-26T12:49:36.189+0000] {logging_mixin.py:154} INFO - [2024-08-26T12:49:36.188+0000] {dagbag.py:536} INFO - Filling up the DagBag from /home/airflow/.local/lib/python3.8/site-packages/airflow/example_dags/example_short_circuit_operator.py
[2024-08-26T12:49:36.201+0000] {processor.py:839} INFO - DAG(s) dict_keys(['example_short_circuit_operator']) retrieved from /home/airflow/.local/lib/python3.8/site-packages/airflow/example_dags/example_short_circuit_operator.py
[2024-08-26T12:49:36.247+0000] {logging_mixin.py:154} INFO - [2024-08-26T12:49:36.247+0000] {dag.py:2941} INFO - Sync 1 DAGs
[2024-08-26T12:49:36.295+0000] {logging_mixin.py:154} INFO - [2024-08-26T12:49:36.294+0000] {dag.py:3722} INFO - Setting next_dagrun for example_short_circuit_operator to 2024-08-25T12:49:36.294072+00:00, run_after=2024-08-26T12:49:36.294072+00:00
[2024-08-26T12:49:36.373+0000] {processor.py:179} INFO - Processing /home/airflow/.local/lib/python3.8/site-packages/airflow/example_dags/example_short_circuit_operator.py took 0.195 seconds
[2024-08-26T12:50:07.936+0000] {processor.py:157} INFO - Started process (PID=1741) to work on /home/airflow/.local/lib/python3.8/site-packages/airflow/example_dags/example_short_circuit_operator.py
[2024-08-26T12:50:07.938+0000] {processor.py:829} INFO - Processing file /home/airflow/.local/lib/python3.8/site-packages/airflow/example_dags/example_short_circuit_operator.py for tasks to queue
[2024-08-26T12:50:07.942+0000] {logging_mixin.py:154} INFO - [2024-08-26T12:50:07.941+0000] {dagbag.py:536} INFO - Filling up the DagBag from /home/airflow/.local/lib/python3.8/site-packages/airflow/example_dags/example_short_circuit_operator.py
[2024-08-26T12:50:07.960+0000] {processor.py:839} INFO - DAG(s) dict_keys(['example_short_circuit_operator']) retrieved from /home/airflow/.local/lib/python3.8/site-packages/airflow/example_dags/example_short_circuit_operator.py
[2024-08-26T12:50:08.007+0000] {logging_mixin.py:154} INFO - [2024-08-26T12:50:08.006+0000] {dag.py:2941} INFO - Sync 1 DAGs
[2024-08-26T12:50:08.052+0000] {logging_mixin.py:154} INFO - [2024-08-26T12:50:08.051+0000] {dag.py:3722} INFO - Setting next_dagrun for example_short_circuit_operator to 2024-08-25T12:50:08.051361+00:00, run_after=2024-08-26T12:50:08.051361+00:00
[2024-08-26T12:50:08.126+0000] {processor.py:179} INFO - Processing /home/airflow/.local/lib/python3.8/site-packages/airflow/example_dags/example_short_circuit_operator.py took 0.196 seconds
[2024-08-26T12:50:39.436+0000] {processor.py:157} INFO - Started process (PID=1815) to work on /home/airflow/.local/lib/python3.8/site-packages/airflow/example_dags/example_short_circuit_operator.py
[2024-08-26T12:50:39.437+0000] {processor.py:829} INFO - Processing file /home/airflow/.local/lib/python3.8/site-packages/airflow/example_dags/example_short_circuit_operator.py for tasks to queue
[2024-08-26T12:50:39.441+0000] {logging_mixin.py:154} INFO - [2024-08-26T12:50:39.441+0000] {dagbag.py:536} INFO - Filling up the DagBag from /home/airflow/.local/lib/python3.8/site-packages/airflow/example_dags/example_short_circuit_operator.py
[2024-08-26T12:50:39.453+0000] {processor.py:839} INFO - DAG(s) dict_keys(['example_short_circuit_operator']) retrieved from /home/airflow/.local/lib/python3.8/site-packages/airflow/example_dags/example_short_circuit_operator.py
[2024-08-26T12:50:39.497+0000] {logging_mixin.py:154} INFO - [2024-08-26T12:50:39.496+0000] {dag.py:2941} INFO - Sync 1 DAGs
[2024-08-26T12:50:39.545+0000] {logging_mixin.py:154} INFO - [2024-08-26T12:50:39.545+0000] {dag.py:3722} INFO - Setting next_dagrun for example_short_circuit_operator to 2024-08-25T12:50:39.544689+00:00, run_after=2024-08-26T12:50:39.544689+00:00
[2024-08-26T12:50:39.621+0000] {processor.py:179} INFO - Processing /home/airflow/.local/lib/python3.8/site-packages/airflow/example_dags/example_short_circuit_operator.py took 0.191 seconds
[2024-08-26T12:51:10.006+0000] {processor.py:157} INFO - Started process (PID=1881) to work on /home/airflow/.local/lib/python3.8/site-packages/airflow/example_dags/example_short_circuit_operator.py
[2024-08-26T12:51:10.007+0000] {processor.py:829} INFO - Processing file /home/airflow/.local/lib/python3.8/site-packages/airflow/example_dags/example_short_circuit_operator.py for tasks to queue
[2024-08-26T12:51:10.011+0000] {logging_mixin.py:154} INFO - [2024-08-26T12:51:10.010+0000] {dagbag.py:536} INFO - Filling up the DagBag from /home/airflow/.local/lib/python3.8/site-packages/airflow/example_dags/example_short_circuit_operator.py
[2024-08-26T12:51:10.029+0000] {processor.py:839} INFO - DAG(s) dict_keys(['example_short_circuit_operator']) retrieved from /home/airflow/.local/lib/python3.8/site-packages/airflow/example_dags/example_short_circuit_operator.py
[2024-08-26T12:51:10.081+0000] {logging_mixin.py:154} INFO - [2024-08-26T12:51:10.081+0000] {dag.py:2941} INFO - Sync 1 DAGs
[2024-08-26T12:51:10.128+0000] {logging_mixin.py:154} INFO - [2024-08-26T12:51:10.128+0000] {dag.py:3722} INFO - Setting next_dagrun for example_short_circuit_operator to 2024-08-25T12:51:10.127529+00:00, run_after=2024-08-26T12:51:10.127529+00:00
[2024-08-26T12:51:10.384+0000] {processor.py:179} INFO - Processing /home/airflow/.local/lib/python3.8/site-packages/airflow/example_dags/example_short_circuit_operator.py took 0.383 seconds
[2024-08-26T12:51:40.676+0000] {processor.py:157} INFO - Started process (PID=1948) to work on /home/airflow/.local/lib/python3.8/site-packages/airflow/example_dags/example_short_circuit_operator.py
[2024-08-26T12:51:40.678+0000] {processor.py:829} INFO - Processing file /home/airflow/.local/lib/python3.8/site-packages/airflow/example_dags/example_short_circuit_operator.py for tasks to queue
[2024-08-26T12:51:40.683+0000] {logging_mixin.py:154} INFO - [2024-08-26T12:51:40.682+0000] {dagbag.py:536} INFO - Filling up the DagBag from /home/airflow/.local/lib/python3.8/site-packages/airflow/example_dags/example_short_circuit_operator.py
[2024-08-26T12:51:40.700+0000] {processor.py:839} INFO - DAG(s) dict_keys(['example_short_circuit_operator']) retrieved from /home/airflow/.local/lib/python3.8/site-packages/airflow/example_dags/example_short_circuit_operator.py
[2024-08-26T12:51:40.759+0000] {logging_mixin.py:154} INFO - [2024-08-26T12:51:40.759+0000] {dag.py:2941} INFO - Sync 1 DAGs
[2024-08-26T12:51:40.814+0000] {logging_mixin.py:154} INFO - [2024-08-26T12:51:40.813+0000] {dag.py:3722} INFO - Setting next_dagrun for example_short_circuit_operator to 2024-08-25T12:51:40.813191+00:00, run_after=2024-08-26T12:51:40.813191+00:00
[2024-08-26T12:51:40.858+0000] {processor.py:179} INFO - Processing /home/airflow/.local/lib/python3.8/site-packages/airflow/example_dags/example_short_circuit_operator.py took 0.188 seconds
[2024-08-26T12:52:11.875+0000] {processor.py:157} INFO - Started process (PID=2014) to work on /home/airflow/.local/lib/python3.8/site-packages/airflow/example_dags/example_short_circuit_operator.py
[2024-08-26T12:52:11.877+0000] {processor.py:829} INFO - Processing file /home/airflow/.local/lib/python3.8/site-packages/airflow/example_dags/example_short_circuit_operator.py for tasks to queue
[2024-08-26T12:52:11.881+0000] {logging_mixin.py:154} INFO - [2024-08-26T12:52:11.881+0000] {dagbag.py:536} INFO - Filling up the DagBag from /home/airflow/.local/lib/python3.8/site-packages/airflow/example_dags/example_short_circuit_operator.py
[2024-08-26T12:52:11.899+0000] {processor.py:839} INFO - DAG(s) dict_keys(['example_short_circuit_operator']) retrieved from /home/airflow/.local/lib/python3.8/site-packages/airflow/example_dags/example_short_circuit_operator.py
[2024-08-26T12:52:11.953+0000] {logging_mixin.py:154} INFO - [2024-08-26T12:52:11.953+0000] {dag.py:2941} INFO - Sync 1 DAGs
[2024-08-26T12:52:12.006+0000] {logging_mixin.py:154} INFO - [2024-08-26T12:52:12.006+0000] {dag.py:3722} INFO - Setting next_dagrun for example_short_circuit_operator to 2024-08-25T12:52:12.005941+00:00, run_after=2024-08-26T12:52:12.005941+00:00
[2024-08-26T12:52:12.048+0000] {processor.py:179} INFO - Processing /home/airflow/.local/lib/python3.8/site-packages/airflow/example_dags/example_short_circuit_operator.py took 0.180 seconds
[2024-08-26T12:52:42.745+0000] {processor.py:157} INFO - Started process (PID=2080) to work on /home/airflow/.local/lib/python3.8/site-packages/airflow/example_dags/example_short_circuit_operator.py
[2024-08-26T12:52:42.747+0000] {processor.py:829} INFO - Processing file /home/airflow/.local/lib/python3.8/site-packages/airflow/example_dags/example_short_circuit_operator.py for tasks to queue
[2024-08-26T12:52:42.752+0000] {logging_mixin.py:154} INFO - [2024-08-26T12:52:42.751+0000] {dagbag.py:536} INFO - Filling up the DagBag from /home/airflow/.local/lib/python3.8/site-packages/airflow/example_dags/example_short_circuit_operator.py
[2024-08-26T12:52:42.769+0000] {processor.py:839} INFO - DAG(s) dict_keys(['example_short_circuit_operator']) retrieved from /home/airflow/.local/lib/python3.8/site-packages/airflow/example_dags/example_short_circuit_operator.py
[2024-08-26T12:52:42.816+0000] {logging_mixin.py:154} INFO - [2024-08-26T12:52:42.816+0000] {dag.py:2941} INFO - Sync 1 DAGs
[2024-08-26T12:52:43.083+0000] {logging_mixin.py:154} INFO - [2024-08-26T12:52:43.083+0000] {dag.py:3722} INFO - Setting next_dagrun for example_short_circuit_operator to 2024-08-25T12:52:43.083057+00:00, run_after=2024-08-26T12:52:43.083057+00:00
[2024-08-26T12:52:43.118+0000] {processor.py:179} INFO - Processing /home/airflow/.local/lib/python3.8/site-packages/airflow/example_dags/example_short_circuit_operator.py took 0.380 seconds
[2024-08-26T12:53:13.848+0000] {processor.py:157} INFO - Started process (PID=2146) to work on /home/airflow/.local/lib/python3.8/site-packages/airflow/example_dags/example_short_circuit_operator.py
[2024-08-26T12:53:13.850+0000] {processor.py:829} INFO - Processing file /home/airflow/.local/lib/python3.8/site-packages/airflow/example_dags/example_short_circuit_operator.py for tasks to queue
[2024-08-26T12:53:13.855+0000] {logging_mixin.py:154} INFO - [2024-08-26T12:53:13.854+0000] {dagbag.py:536} INFO - Filling up the DagBag from /home/airflow/.local/lib/python3.8/site-packages/airflow/example_dags/example_short_circuit_operator.py
[2024-08-26T12:53:13.869+0000] {processor.py:839} INFO - DAG(s) dict_keys(['example_short_circuit_operator']) retrieved from /home/airflow/.local/lib/python3.8/site-packages/airflow/example_dags/example_short_circuit_operator.py
[2024-08-26T12:53:13.920+0000] {logging_mixin.py:154} INFO - [2024-08-26T12:53:13.920+0000] {dag.py:2941} INFO - Sync 1 DAGs
[2024-08-26T12:53:13.974+0000] {logging_mixin.py:154} INFO - [2024-08-26T12:53:13.973+0000] {dag.py:3722} INFO - Setting next_dagrun for example_short_circuit_operator to 2024-08-25T12:53:13.973409+00:00, run_after=2024-08-26T12:53:13.973409+00:00
[2024-08-26T12:53:14.025+0000] {processor.py:179} INFO - Processing /home/airflow/.local/lib/python3.8/site-packages/airflow/example_dags/example_short_circuit_operator.py took 0.183 seconds
[2024-08-26T12:54:00.332+0000] {processor.py:157} INFO - Started process (PID=2204) to work on /home/airflow/.local/lib/python3.8/site-packages/airflow/example_dags/example_short_circuit_operator.py
[2024-08-26T12:54:00.334+0000] {processor.py:829} INFO - Processing file /home/airflow/.local/lib/python3.8/site-packages/airflow/example_dags/example_short_circuit_operator.py for tasks to queue
[2024-08-26T12:54:00.337+0000] {logging_mixin.py:154} INFO - [2024-08-26T12:54:00.337+0000] {dagbag.py:536} INFO - Filling up the DagBag from /home/airflow/.local/lib/python3.8/site-packages/airflow/example_dags/example_short_circuit_operator.py
[2024-08-26T12:54:00.355+0000] {processor.py:839} INFO - DAG(s) dict_keys(['example_short_circuit_operator']) retrieved from /home/airflow/.local/lib/python3.8/site-packages/airflow/example_dags/example_short_circuit_operator.py
[2024-08-26T12:54:00.403+0000] {logging_mixin.py:154} INFO - [2024-08-26T12:54:00.402+0000] {dag.py:2941} INFO - Sync 1 DAGs
[2024-08-26T12:54:00.452+0000] {logging_mixin.py:154} INFO - [2024-08-26T12:54:00.451+0000] {dag.py:3722} INFO - Setting next_dagrun for example_short_circuit_operator to 2024-08-25T12:54:00.451072+00:00, run_after=2024-08-26T12:54:00.451072+00:00
[2024-08-26T12:54:00.531+0000] {processor.py:179} INFO - Processing /home/airflow/.local/lib/python3.8/site-packages/airflow/example_dags/example_short_circuit_operator.py took 0.204 seconds
[2024-08-26T12:54:32.955+0000] {processor.py:157} INFO - Started process (PID=2269) to work on /home/airflow/.local/lib/python3.8/site-packages/airflow/example_dags/example_short_circuit_operator.py
[2024-08-26T12:54:32.957+0000] {processor.py:829} INFO - Processing file /home/airflow/.local/lib/python3.8/site-packages/airflow/example_dags/example_short_circuit_operator.py for tasks to queue
[2024-08-26T12:54:32.960+0000] {logging_mixin.py:154} INFO - [2024-08-26T12:54:32.960+0000] {dagbag.py:536} INFO - Filling up the DagBag from /home/airflow/.local/lib/python3.8/site-packages/airflow/example_dags/example_short_circuit_operator.py
[2024-08-26T12:54:32.974+0000] {processor.py:839} INFO - DAG(s) dict_keys(['example_short_circuit_operator']) retrieved from /home/airflow/.local/lib/python3.8/site-packages/airflow/example_dags/example_short_circuit_operator.py
[2024-08-26T12:54:33.031+0000] {logging_mixin.py:154} INFO - [2024-08-26T12:54:33.030+0000] {dag.py:2941} INFO - Sync 1 DAGs
[2024-08-26T12:54:33.287+0000] {logging_mixin.py:154} INFO - [2024-08-26T12:54:33.287+0000] {dag.py:3722} INFO - Setting next_dagrun for example_short_circuit_operator to 2024-08-25T12:54:33.286633+00:00, run_after=2024-08-26T12:54:33.286633+00:00
[2024-08-26T12:54:33.326+0000] {processor.py:179} INFO - Processing /home/airflow/.local/lib/python3.8/site-packages/airflow/example_dags/example_short_circuit_operator.py took 0.376 seconds
[2024-08-26T12:55:04.237+0000] {processor.py:157} INFO - Started process (PID=2343) to work on /home/airflow/.local/lib/python3.8/site-packages/airflow/example_dags/example_short_circuit_operator.py
[2024-08-26T12:55:04.239+0000] {processor.py:829} INFO - Processing file /home/airflow/.local/lib/python3.8/site-packages/airflow/example_dags/example_short_circuit_operator.py for tasks to queue
[2024-08-26T12:55:04.243+0000] {logging_mixin.py:154} INFO - [2024-08-26T12:55:04.242+0000] {dagbag.py:536} INFO - Filling up the DagBag from /home/airflow/.local/lib/python3.8/site-packages/airflow/example_dags/example_short_circuit_operator.py
[2024-08-26T12:55:04.260+0000] {processor.py:839} INFO - DAG(s) dict_keys(['example_short_circuit_operator']) retrieved from /home/airflow/.local/lib/python3.8/site-packages/airflow/example_dags/example_short_circuit_operator.py
[2024-08-26T12:55:04.312+0000] {logging_mixin.py:154} INFO - [2024-08-26T12:55:04.312+0000] {dag.py:2941} INFO - Sync 1 DAGs
[2024-08-26T12:55:04.362+0000] {logging_mixin.py:154} INFO - [2024-08-26T12:55:04.361+0000] {dag.py:3722} INFO - Setting next_dagrun for example_short_circuit_operator to 2024-08-25T12:55:04.361326+00:00, run_after=2024-08-26T12:55:04.361326+00:00
[2024-08-26T12:55:04.666+0000] {processor.py:179} INFO - Processing /home/airflow/.local/lib/python3.8/site-packages/airflow/example_dags/example_short_circuit_operator.py took 0.436 seconds
[2024-08-26T12:55:34.889+0000] {processor.py:157} INFO - Started process (PID=2409) to work on /home/airflow/.local/lib/python3.8/site-packages/airflow/example_dags/example_short_circuit_operator.py
[2024-08-26T12:55:34.891+0000] {processor.py:829} INFO - Processing file /home/airflow/.local/lib/python3.8/site-packages/airflow/example_dags/example_short_circuit_operator.py for tasks to queue
[2024-08-26T12:55:34.895+0000] {logging_mixin.py:154} INFO - [2024-08-26T12:55:34.895+0000] {dagbag.py:536} INFO - Filling up the DagBag from /home/airflow/.local/lib/python3.8/site-packages/airflow/example_dags/example_short_circuit_operator.py
[2024-08-26T12:55:34.908+0000] {processor.py:839} INFO - DAG(s) dict_keys(['example_short_circuit_operator']) retrieved from /home/airflow/.local/lib/python3.8/site-packages/airflow/example_dags/example_short_circuit_operator.py
[2024-08-26T12:55:34.953+0000] {logging_mixin.py:154} INFO - [2024-08-26T12:55:34.953+0000] {dag.py:2941} INFO - Sync 1 DAGs
[2024-08-26T12:55:34.998+0000] {logging_mixin.py:154} INFO - [2024-08-26T12:55:34.998+0000] {dag.py:3722} INFO - Setting next_dagrun for example_short_circuit_operator to 2024-08-25T12:55:34.997780+00:00, run_after=2024-08-26T12:55:34.997780+00:00
[2024-08-26T12:55:35.073+0000] {processor.py:179} INFO - Processing /home/airflow/.local/lib/python3.8/site-packages/airflow/example_dags/example_short_circuit_operator.py took 0.191 seconds
[2024-08-26T12:56:06.821+0000] {processor.py:157} INFO - Started process (PID=2475) to work on /home/airflow/.local/lib/python3.8/site-packages/airflow/example_dags/example_short_circuit_operator.py
[2024-08-26T12:56:06.823+0000] {processor.py:829} INFO - Processing file /home/airflow/.local/lib/python3.8/site-packages/airflow/example_dags/example_short_circuit_operator.py for tasks to queue
[2024-08-26T12:56:06.827+0000] {logging_mixin.py:154} INFO - [2024-08-26T12:56:06.826+0000] {dagbag.py:536} INFO - Filling up the DagBag from /home/airflow/.local/lib/python3.8/site-packages/airflow/example_dags/example_short_circuit_operator.py
[2024-08-26T12:56:06.842+0000] {processor.py:839} INFO - DAG(s) dict_keys(['example_short_circuit_operator']) retrieved from /home/airflow/.local/lib/python3.8/site-packages/airflow/example_dags/example_short_circuit_operator.py
[2024-08-26T12:56:07.113+0000] {logging_mixin.py:154} INFO - [2024-08-26T12:56:07.113+0000] {dag.py:2941} INFO - Sync 1 DAGs
[2024-08-26T12:56:07.154+0000] {logging_mixin.py:154} INFO - [2024-08-26T12:56:07.154+0000] {dag.py:3722} INFO - Setting next_dagrun for example_short_circuit_operator to 2024-08-25T12:56:07.153658+00:00, run_after=2024-08-26T12:56:07.153658+00:00
[2024-08-26T12:56:07.198+0000] {processor.py:179} INFO - Processing /home/airflow/.local/lib/python3.8/site-packages/airflow/example_dags/example_short_circuit_operator.py took 0.384 seconds
