[2024-08-26T08:44:55.382+0000] {processor.py:157} INFO - Started process (PID=90) to work on /home/airflow/.local/lib/python3.8/site-packages/airflow/example_dags/example_external_task_marker_dag.py
[2024-08-26T08:44:55.383+0000] {processor.py:829} INFO - Processing file /home/airflow/.local/lib/python3.8/site-packages/airflow/example_dags/example_external_task_marker_dag.py for tasks to queue
[2024-08-26T08:44:55.385+0000] {logging_mixin.py:154} INFO - [2024-08-26T08:44:55.385+0000] {dagbag.py:536} INFO - Filling up the DagBag from /home/airflow/.local/lib/python3.8/site-packages/airflow/example_dags/example_external_task_marker_dag.py
[2024-08-26T08:44:55.390+0000] {processor.py:839} INFO - DAG(s) dict_keys(['example_external_task_marker_child', 'example_external_task_marker_parent']) retrieved from /home/airflow/.local/lib/python3.8/site-packages/airflow/example_dags/example_external_task_marker_dag.py
[2024-08-26T08:44:55.417+0000] {logging_mixin.py:154} INFO - [2024-08-26T08:44:55.416+0000] {dag.py:2941} INFO - Sync 2 DAGs
[2024-08-26T08:44:55.431+0000] {logging_mixin.py:154} INFO - [2024-08-26T08:44:55.431+0000] {dag.py:3722} INFO - Setting next_dagrun for example_external_task_marker_child to None, run_after=None
[2024-08-26T08:44:55.435+0000] {logging_mixin.py:154} INFO - [2024-08-26T08:44:55.435+0000] {dag.py:3722} INFO - Setting next_dagrun for example_external_task_marker_parent to None, run_after=None
[2024-08-26T08:44:55.455+0000] {processor.py:179} INFO - Processing /home/airflow/.local/lib/python3.8/site-packages/airflow/example_dags/example_external_task_marker_dag.py took 0.076 seconds
[2024-08-26T12:36:21.475+0000] {processor.py:157} INFO - Started process (PID=99) to work on /home/airflow/.local/lib/python3.8/site-packages/airflow/example_dags/example_external_task_marker_dag.py
[2024-08-26T12:36:21.476+0000] {processor.py:829} INFO - Processing file /home/airflow/.local/lib/python3.8/site-packages/airflow/example_dags/example_external_task_marker_dag.py for tasks to queue
[2024-08-26T12:36:21.478+0000] {logging_mixin.py:154} INFO - [2024-08-26T12:36:21.478+0000] {dagbag.py:536} INFO - Filling up the DagBag from /home/airflow/.local/lib/python3.8/site-packages/airflow/example_dags/example_external_task_marker_dag.py
[2024-08-26T12:36:21.484+0000] {processor.py:839} INFO - DAG(s) dict_keys(['example_external_task_marker_child', 'example_external_task_marker_parent']) retrieved from /home/airflow/.local/lib/python3.8/site-packages/airflow/example_dags/example_external_task_marker_dag.py
[2024-08-26T12:36:21.510+0000] {logging_mixin.py:154} INFO - [2024-08-26T12:36:21.510+0000] {dag.py:2941} INFO - Sync 2 DAGs
[2024-08-26T12:36:21.524+0000] {logging_mixin.py:154} INFO - [2024-08-26T12:36:21.523+0000] {dag.py:3722} INFO - Setting next_dagrun for example_external_task_marker_child to None, run_after=None
[2024-08-26T12:36:21.527+0000] {logging_mixin.py:154} INFO - [2024-08-26T12:36:21.527+0000] {dag.py:3722} INFO - Setting next_dagrun for example_external_task_marker_parent to None, run_after=None
[2024-08-26T12:36:21.547+0000] {processor.py:179} INFO - Processing /home/airflow/.local/lib/python3.8/site-packages/airflow/example_dags/example_external_task_marker_dag.py took 0.075 seconds
[2024-08-26T12:36:54.584+0000] {processor.py:157} INFO - Started process (PID=173) to work on /home/airflow/.local/lib/python3.8/site-packages/airflow/example_dags/example_external_task_marker_dag.py
[2024-08-26T12:36:54.586+0000] {processor.py:829} INFO - Processing file /home/airflow/.local/lib/python3.8/site-packages/airflow/example_dags/example_external_task_marker_dag.py for tasks to queue
[2024-08-26T12:36:54.591+0000] {logging_mixin.py:154} INFO - [2024-08-26T12:36:54.590+0000] {dagbag.py:536} INFO - Filling up the DagBag from /home/airflow/.local/lib/python3.8/site-packages/airflow/example_dags/example_external_task_marker_dag.py
[2024-08-26T12:36:54.604+0000] {processor.py:839} INFO - DAG(s) dict_keys(['example_external_task_marker_child', 'example_external_task_marker_parent']) retrieved from /home/airflow/.local/lib/python3.8/site-packages/airflow/example_dags/example_external_task_marker_dag.py
[2024-08-26T12:36:54.653+0000] {logging_mixin.py:154} INFO - [2024-08-26T12:36:54.652+0000] {dag.py:2941} INFO - Sync 2 DAGs
[2024-08-26T12:36:54.679+0000] {logging_mixin.py:154} INFO - [2024-08-26T12:36:54.679+0000] {dag.py:3722} INFO - Setting next_dagrun for example_external_task_marker_child to None, run_after=None
[2024-08-26T12:36:54.686+0000] {logging_mixin.py:154} INFO - [2024-08-26T12:36:54.686+0000] {dag.py:3722} INFO - Setting next_dagrun for example_external_task_marker_parent to None, run_after=None
[2024-08-26T12:36:54.759+0000] {processor.py:179} INFO - Processing /home/airflow/.local/lib/python3.8/site-packages/airflow/example_dags/example_external_task_marker_dag.py took 0.182 seconds
[2024-08-26T12:37:26.426+0000] {processor.py:157} INFO - Started process (PID=239) to work on /home/airflow/.local/lib/python3.8/site-packages/airflow/example_dags/example_external_task_marker_dag.py
[2024-08-26T12:37:26.428+0000] {processor.py:829} INFO - Processing file /home/airflow/.local/lib/python3.8/site-packages/airflow/example_dags/example_external_task_marker_dag.py for tasks to queue
[2024-08-26T12:37:26.433+0000] {logging_mixin.py:154} INFO - [2024-08-26T12:37:26.432+0000] {dagbag.py:536} INFO - Filling up the DagBag from /home/airflow/.local/lib/python3.8/site-packages/airflow/example_dags/example_external_task_marker_dag.py
[2024-08-26T12:37:26.445+0000] {processor.py:839} INFO - DAG(s) dict_keys(['example_external_task_marker_child', 'example_external_task_marker_parent']) retrieved from /home/airflow/.local/lib/python3.8/site-packages/airflow/example_dags/example_external_task_marker_dag.py
[2024-08-26T12:37:26.494+0000] {logging_mixin.py:154} INFO - [2024-08-26T12:37:26.494+0000] {dag.py:2941} INFO - Sync 2 DAGs
[2024-08-26T12:37:26.522+0000] {logging_mixin.py:154} INFO - [2024-08-26T12:37:26.522+0000] {dag.py:3722} INFO - Setting next_dagrun for example_external_task_marker_child to None, run_after=None
[2024-08-26T12:37:26.529+0000] {logging_mixin.py:154} INFO - [2024-08-26T12:37:26.528+0000] {dag.py:3722} INFO - Setting next_dagrun for example_external_task_marker_parent to None, run_after=None
[2024-08-26T12:37:26.565+0000] {processor.py:179} INFO - Processing /home/airflow/.local/lib/python3.8/site-packages/airflow/example_dags/example_external_task_marker_dag.py took 0.144 seconds
[2024-08-26T12:37:56.748+0000] {processor.py:157} INFO - Started process (PID=305) to work on /home/airflow/.local/lib/python3.8/site-packages/airflow/example_dags/example_external_task_marker_dag.py
[2024-08-26T12:37:56.749+0000] {processor.py:829} INFO - Processing file /home/airflow/.local/lib/python3.8/site-packages/airflow/example_dags/example_external_task_marker_dag.py for tasks to queue
[2024-08-26T12:37:56.753+0000] {logging_mixin.py:154} INFO - [2024-08-26T12:37:56.752+0000] {dagbag.py:536} INFO - Filling up the DagBag from /home/airflow/.local/lib/python3.8/site-packages/airflow/example_dags/example_external_task_marker_dag.py
[2024-08-26T12:37:56.765+0000] {processor.py:839} INFO - DAG(s) dict_keys(['example_external_task_marker_child', 'example_external_task_marker_parent']) retrieved from /home/airflow/.local/lib/python3.8/site-packages/airflow/example_dags/example_external_task_marker_dag.py
[2024-08-26T12:37:56.811+0000] {logging_mixin.py:154} INFO - [2024-08-26T12:37:56.810+0000] {dag.py:2941} INFO - Sync 2 DAGs
[2024-08-26T12:37:56.842+0000] {logging_mixin.py:154} INFO - [2024-08-26T12:37:56.841+0000] {dag.py:3722} INFO - Setting next_dagrun for example_external_task_marker_child to None, run_after=None
[2024-08-26T12:37:56.848+0000] {logging_mixin.py:154} INFO - [2024-08-26T12:37:56.848+0000] {dag.py:3722} INFO - Setting next_dagrun for example_external_task_marker_parent to None, run_after=None
[2024-08-26T12:37:56.919+0000] {processor.py:179} INFO - Processing /home/airflow/.local/lib/python3.8/site-packages/airflow/example_dags/example_external_task_marker_dag.py took 0.177 seconds
[2024-08-26T12:38:27.818+0000] {processor.py:157} INFO - Started process (PID=372) to work on /home/airflow/.local/lib/python3.8/site-packages/airflow/example_dags/example_external_task_marker_dag.py
[2024-08-26T12:38:27.820+0000] {processor.py:829} INFO - Processing file /home/airflow/.local/lib/python3.8/site-packages/airflow/example_dags/example_external_task_marker_dag.py for tasks to queue
[2024-08-26T12:38:27.824+0000] {logging_mixin.py:154} INFO - [2024-08-26T12:38:27.824+0000] {dagbag.py:536} INFO - Filling up the DagBag from /home/airflow/.local/lib/python3.8/site-packages/airflow/example_dags/example_external_task_marker_dag.py
[2024-08-26T12:38:27.835+0000] {processor.py:839} INFO - DAG(s) dict_keys(['example_external_task_marker_child', 'example_external_task_marker_parent']) retrieved from /home/airflow/.local/lib/python3.8/site-packages/airflow/example_dags/example_external_task_marker_dag.py
[2024-08-26T12:38:27.880+0000] {logging_mixin.py:154} INFO - [2024-08-26T12:38:27.879+0000] {dag.py:2941} INFO - Sync 2 DAGs
[2024-08-26T12:38:27.908+0000] {logging_mixin.py:154} INFO - [2024-08-26T12:38:27.907+0000] {dag.py:3722} INFO - Setting next_dagrun for example_external_task_marker_child to None, run_after=None
[2024-08-26T12:38:27.914+0000] {logging_mixin.py:154} INFO - [2024-08-26T12:38:27.914+0000] {dag.py:3722} INFO - Setting next_dagrun for example_external_task_marker_parent to None, run_after=None
[2024-08-26T12:38:27.948+0000] {processor.py:179} INFO - Processing /home/airflow/.local/lib/python3.8/site-packages/airflow/example_dags/example_external_task_marker_dag.py took 0.138 seconds
[2024-08-26T12:38:58.736+0000] {processor.py:157} INFO - Started process (PID=438) to work on /home/airflow/.local/lib/python3.8/site-packages/airflow/example_dags/example_external_task_marker_dag.py
[2024-08-26T12:38:58.738+0000] {processor.py:829} INFO - Processing file /home/airflow/.local/lib/python3.8/site-packages/airflow/example_dags/example_external_task_marker_dag.py for tasks to queue
[2024-08-26T12:38:58.743+0000] {logging_mixin.py:154} INFO - [2024-08-26T12:38:58.742+0000] {dagbag.py:536} INFO - Filling up the DagBag from /home/airflow/.local/lib/python3.8/site-packages/airflow/example_dags/example_external_task_marker_dag.py
[2024-08-26T12:38:58.754+0000] {processor.py:839} INFO - DAG(s) dict_keys(['example_external_task_marker_child', 'example_external_task_marker_parent']) retrieved from /home/airflow/.local/lib/python3.8/site-packages/airflow/example_dags/example_external_task_marker_dag.py
[2024-08-26T12:38:58.797+0000] {logging_mixin.py:154} INFO - [2024-08-26T12:38:58.797+0000] {dag.py:2941} INFO - Sync 2 DAGs
[2024-08-26T12:38:58.820+0000] {logging_mixin.py:154} INFO - [2024-08-26T12:38:58.819+0000] {dag.py:3722} INFO - Setting next_dagrun for example_external_task_marker_child to None, run_after=None
[2024-08-26T12:38:58.826+0000] {logging_mixin.py:154} INFO - [2024-08-26T12:38:58.826+0000] {dag.py:3722} INFO - Setting next_dagrun for example_external_task_marker_parent to None, run_after=None
[2024-08-26T12:38:58.879+0000] {processor.py:179} INFO - Processing /home/airflow/.local/lib/python3.8/site-packages/airflow/example_dags/example_external_task_marker_dag.py took 0.150 seconds
[2024-08-26T12:39:29.950+0000] {processor.py:157} INFO - Started process (PID=504) to work on /home/airflow/.local/lib/python3.8/site-packages/airflow/example_dags/example_external_task_marker_dag.py
[2024-08-26T12:39:29.952+0000] {processor.py:829} INFO - Processing file /home/airflow/.local/lib/python3.8/site-packages/airflow/example_dags/example_external_task_marker_dag.py for tasks to queue
[2024-08-26T12:39:29.956+0000] {logging_mixin.py:154} INFO - [2024-08-26T12:39:29.955+0000] {dagbag.py:536} INFO - Filling up the DagBag from /home/airflow/.local/lib/python3.8/site-packages/airflow/example_dags/example_external_task_marker_dag.py
[2024-08-26T12:39:29.973+0000] {processor.py:839} INFO - DAG(s) dict_keys(['example_external_task_marker_parent', 'example_external_task_marker_child']) retrieved from /home/airflow/.local/lib/python3.8/site-packages/airflow/example_dags/example_external_task_marker_dag.py
[2024-08-26T12:39:30.023+0000] {logging_mixin.py:154} INFO - [2024-08-26T12:39:30.022+0000] {dag.py:2941} INFO - Sync 2 DAGs
[2024-08-26T12:39:30.050+0000] {logging_mixin.py:154} INFO - [2024-08-26T12:39:30.049+0000] {dag.py:3722} INFO - Setting next_dagrun for example_external_task_marker_child to None, run_after=None
[2024-08-26T12:39:30.058+0000] {logging_mixin.py:154} INFO - [2024-08-26T12:39:30.057+0000] {dag.py:3722} INFO - Setting next_dagrun for example_external_task_marker_parent to None, run_after=None
[2024-08-26T12:39:30.088+0000] {processor.py:179} INFO - Processing /home/airflow/.local/lib/python3.8/site-packages/airflow/example_dags/example_external_task_marker_dag.py took 0.145 seconds
[2024-08-26T12:40:01.506+0000] {processor.py:157} INFO - Started process (PID=570) to work on /home/airflow/.local/lib/python3.8/site-packages/airflow/example_dags/example_external_task_marker_dag.py
[2024-08-26T12:40:01.509+0000] {processor.py:829} INFO - Processing file /home/airflow/.local/lib/python3.8/site-packages/airflow/example_dags/example_external_task_marker_dag.py for tasks to queue
[2024-08-26T12:40:01.514+0000] {logging_mixin.py:154} INFO - [2024-08-26T12:40:01.513+0000] {dagbag.py:536} INFO - Filling up the DagBag from /home/airflow/.local/lib/python3.8/site-packages/airflow/example_dags/example_external_task_marker_dag.py
[2024-08-26T12:40:01.528+0000] {processor.py:839} INFO - DAG(s) dict_keys(['example_external_task_marker_child', 'example_external_task_marker_parent']) retrieved from /home/airflow/.local/lib/python3.8/site-packages/airflow/example_dags/example_external_task_marker_dag.py
[2024-08-26T12:40:01.583+0000] {logging_mixin.py:154} INFO - [2024-08-26T12:40:01.583+0000] {dag.py:2941} INFO - Sync 2 DAGs
[2024-08-26T12:40:01.610+0000] {logging_mixin.py:154} INFO - [2024-08-26T12:40:01.610+0000] {dag.py:3722} INFO - Setting next_dagrun for example_external_task_marker_child to None, run_after=None
[2024-08-26T12:40:01.622+0000] {logging_mixin.py:154} INFO - [2024-08-26T12:40:01.621+0000] {dag.py:3722} INFO - Setting next_dagrun for example_external_task_marker_parent to None, run_after=None
[2024-08-26T12:40:01.678+0000] {processor.py:179} INFO - Processing /home/airflow/.local/lib/python3.8/site-packages/airflow/example_dags/example_external_task_marker_dag.py took 0.179 seconds
[2024-08-26T12:40:32.185+0000] {processor.py:157} INFO - Started process (PID=635) to work on /home/airflow/.local/lib/python3.8/site-packages/airflow/example_dags/example_external_task_marker_dag.py
[2024-08-26T12:40:32.187+0000] {processor.py:829} INFO - Processing file /home/airflow/.local/lib/python3.8/site-packages/airflow/example_dags/example_external_task_marker_dag.py for tasks to queue
[2024-08-26T12:40:32.191+0000] {logging_mixin.py:154} INFO - [2024-08-26T12:40:32.191+0000] {dagbag.py:536} INFO - Filling up the DagBag from /home/airflow/.local/lib/python3.8/site-packages/airflow/example_dags/example_external_task_marker_dag.py
[2024-08-26T12:40:32.202+0000] {processor.py:839} INFO - DAG(s) dict_keys(['example_external_task_marker_parent', 'example_external_task_marker_child']) retrieved from /home/airflow/.local/lib/python3.8/site-packages/airflow/example_dags/example_external_task_marker_dag.py
[2024-08-26T12:40:32.253+0000] {logging_mixin.py:154} INFO - [2024-08-26T12:40:32.253+0000] {dag.py:2941} INFO - Sync 2 DAGs
[2024-08-26T12:40:32.283+0000] {logging_mixin.py:154} INFO - [2024-08-26T12:40:32.283+0000] {dag.py:3722} INFO - Setting next_dagrun for example_external_task_marker_child to None, run_after=None
[2024-08-26T12:40:32.290+0000] {logging_mixin.py:154} INFO - [2024-08-26T12:40:32.290+0000] {dag.py:3722} INFO - Setting next_dagrun for example_external_task_marker_parent to None, run_after=None
[2024-08-26T12:40:32.357+0000] {processor.py:179} INFO - Processing /home/airflow/.local/lib/python3.8/site-packages/airflow/example_dags/example_external_task_marker_dag.py took 0.177 seconds
[2024-08-26T12:41:03.628+0000] {processor.py:157} INFO - Started process (PID=701) to work on /home/airflow/.local/lib/python3.8/site-packages/airflow/example_dags/example_external_task_marker_dag.py
[2024-08-26T12:41:03.629+0000] {processor.py:829} INFO - Processing file /home/airflow/.local/lib/python3.8/site-packages/airflow/example_dags/example_external_task_marker_dag.py for tasks to queue
[2024-08-26T12:41:03.633+0000] {logging_mixin.py:154} INFO - [2024-08-26T12:41:03.633+0000] {dagbag.py:536} INFO - Filling up the DagBag from /home/airflow/.local/lib/python3.8/site-packages/airflow/example_dags/example_external_task_marker_dag.py
[2024-08-26T12:41:03.644+0000] {processor.py:839} INFO - DAG(s) dict_keys(['example_external_task_marker_parent', 'example_external_task_marker_child']) retrieved from /home/airflow/.local/lib/python3.8/site-packages/airflow/example_dags/example_external_task_marker_dag.py
[2024-08-26T12:41:03.693+0000] {logging_mixin.py:154} INFO - [2024-08-26T12:41:03.692+0000] {dag.py:2941} INFO - Sync 2 DAGs
[2024-08-26T12:41:03.723+0000] {logging_mixin.py:154} INFO - [2024-08-26T12:41:03.723+0000] {dag.py:3722} INFO - Setting next_dagrun for example_external_task_marker_child to None, run_after=None
[2024-08-26T12:41:03.732+0000] {logging_mixin.py:154} INFO - [2024-08-26T12:41:03.731+0000] {dag.py:3722} INFO - Setting next_dagrun for example_external_task_marker_parent to None, run_after=None
[2024-08-26T12:41:03.802+0000] {processor.py:179} INFO - Processing /home/airflow/.local/lib/python3.8/site-packages/airflow/example_dags/example_external_task_marker_dag.py took 0.180 seconds
[2024-08-26T12:41:34.002+0000] {processor.py:157} INFO - Started process (PID=767) to work on /home/airflow/.local/lib/python3.8/site-packages/airflow/example_dags/example_external_task_marker_dag.py
[2024-08-26T12:41:34.004+0000] {processor.py:829} INFO - Processing file /home/airflow/.local/lib/python3.8/site-packages/airflow/example_dags/example_external_task_marker_dag.py for tasks to queue
[2024-08-26T12:41:34.009+0000] {logging_mixin.py:154} INFO - [2024-08-26T12:41:34.009+0000] {dagbag.py:536} INFO - Filling up the DagBag from /home/airflow/.local/lib/python3.8/site-packages/airflow/example_dags/example_external_task_marker_dag.py
[2024-08-26T12:41:34.023+0000] {processor.py:839} INFO - DAG(s) dict_keys(['example_external_task_marker_parent', 'example_external_task_marker_child']) retrieved from /home/airflow/.local/lib/python3.8/site-packages/airflow/example_dags/example_external_task_marker_dag.py
[2024-08-26T12:41:34.072+0000] {logging_mixin.py:154} INFO - [2024-08-26T12:41:34.071+0000] {dag.py:2941} INFO - Sync 2 DAGs
[2024-08-26T12:41:34.100+0000] {logging_mixin.py:154} INFO - [2024-08-26T12:41:34.100+0000] {dag.py:3722} INFO - Setting next_dagrun for example_external_task_marker_child to None, run_after=None
[2024-08-26T12:41:34.106+0000] {logging_mixin.py:154} INFO - [2024-08-26T12:41:34.106+0000] {dag.py:3722} INFO - Setting next_dagrun for example_external_task_marker_parent to None, run_after=None
[2024-08-26T12:41:34.177+0000] {processor.py:179} INFO - Processing /home/airflow/.local/lib/python3.8/site-packages/airflow/example_dags/example_external_task_marker_dag.py took 0.185 seconds
[2024-08-26T12:42:04.624+0000] {processor.py:157} INFO - Started process (PID=833) to work on /home/airflow/.local/lib/python3.8/site-packages/airflow/example_dags/example_external_task_marker_dag.py
[2024-08-26T12:42:04.625+0000] {processor.py:829} INFO - Processing file /home/airflow/.local/lib/python3.8/site-packages/airflow/example_dags/example_external_task_marker_dag.py for tasks to queue
[2024-08-26T12:42:04.630+0000] {logging_mixin.py:154} INFO - [2024-08-26T12:42:04.629+0000] {dagbag.py:536} INFO - Filling up the DagBag from /home/airflow/.local/lib/python3.8/site-packages/airflow/example_dags/example_external_task_marker_dag.py
[2024-08-26T12:42:04.641+0000] {processor.py:839} INFO - DAG(s) dict_keys(['example_external_task_marker_child', 'example_external_task_marker_parent']) retrieved from /home/airflow/.local/lib/python3.8/site-packages/airflow/example_dags/example_external_task_marker_dag.py
[2024-08-26T12:42:04.688+0000] {logging_mixin.py:154} INFO - [2024-08-26T12:42:04.688+0000] {dag.py:2941} INFO - Sync 2 DAGs
[2024-08-26T12:42:04.712+0000] {logging_mixin.py:154} INFO - [2024-08-26T12:42:04.712+0000] {dag.py:3722} INFO - Setting next_dagrun for example_external_task_marker_child to None, run_after=None
[2024-08-26T12:42:04.719+0000] {logging_mixin.py:154} INFO - [2024-08-26T12:42:04.719+0000] {dag.py:3722} INFO - Setting next_dagrun for example_external_task_marker_parent to None, run_after=None
[2024-08-26T12:42:04.792+0000] {processor.py:179} INFO - Processing /home/airflow/.local/lib/python3.8/site-packages/airflow/example_dags/example_external_task_marker_dag.py took 0.174 seconds
[2024-08-26T12:42:35.582+0000] {processor.py:157} INFO - Started process (PID=899) to work on /home/airflow/.local/lib/python3.8/site-packages/airflow/example_dags/example_external_task_marker_dag.py
[2024-08-26T12:42:35.584+0000] {processor.py:829} INFO - Processing file /home/airflow/.local/lib/python3.8/site-packages/airflow/example_dags/example_external_task_marker_dag.py for tasks to queue
[2024-08-26T12:42:35.587+0000] {logging_mixin.py:154} INFO - [2024-08-26T12:42:35.587+0000] {dagbag.py:536} INFO - Filling up the DagBag from /home/airflow/.local/lib/python3.8/site-packages/airflow/example_dags/example_external_task_marker_dag.py
[2024-08-26T12:42:35.599+0000] {processor.py:839} INFO - DAG(s) dict_keys(['example_external_task_marker_parent', 'example_external_task_marker_child']) retrieved from /home/airflow/.local/lib/python3.8/site-packages/airflow/example_dags/example_external_task_marker_dag.py
[2024-08-26T12:42:35.647+0000] {logging_mixin.py:154} INFO - [2024-08-26T12:42:35.647+0000] {dag.py:2941} INFO - Sync 2 DAGs
[2024-08-26T12:42:35.669+0000] {logging_mixin.py:154} INFO - [2024-08-26T12:42:35.669+0000] {dag.py:3722} INFO - Setting next_dagrun for example_external_task_marker_child to None, run_after=None
[2024-08-26T12:42:35.677+0000] {logging_mixin.py:154} INFO - [2024-08-26T12:42:35.676+0000] {dag.py:3722} INFO - Setting next_dagrun for example_external_task_marker_parent to None, run_after=None
[2024-08-26T12:42:35.710+0000] {processor.py:179} INFO - Processing /home/airflow/.local/lib/python3.8/site-packages/airflow/example_dags/example_external_task_marker_dag.py took 0.135 seconds
[2024-08-26T12:43:06.080+0000] {processor.py:157} INFO - Started process (PID=965) to work on /home/airflow/.local/lib/python3.8/site-packages/airflow/example_dags/example_external_task_marker_dag.py
[2024-08-26T12:43:06.082+0000] {processor.py:829} INFO - Processing file /home/airflow/.local/lib/python3.8/site-packages/airflow/example_dags/example_external_task_marker_dag.py for tasks to queue
[2024-08-26T12:43:06.087+0000] {logging_mixin.py:154} INFO - [2024-08-26T12:43:06.086+0000] {dagbag.py:536} INFO - Filling up the DagBag from /home/airflow/.local/lib/python3.8/site-packages/airflow/example_dags/example_external_task_marker_dag.py
[2024-08-26T12:43:06.098+0000] {processor.py:839} INFO - DAG(s) dict_keys(['example_external_task_marker_child', 'example_external_task_marker_parent']) retrieved from /home/airflow/.local/lib/python3.8/site-packages/airflow/example_dags/example_external_task_marker_dag.py
[2024-08-26T12:43:06.144+0000] {logging_mixin.py:154} INFO - [2024-08-26T12:43:06.143+0000] {dag.py:2941} INFO - Sync 2 DAGs
[2024-08-26T12:43:06.174+0000] {logging_mixin.py:154} INFO - [2024-08-26T12:43:06.174+0000] {dag.py:3722} INFO - Setting next_dagrun for example_external_task_marker_child to None, run_after=None
[2024-08-26T12:43:06.182+0000] {logging_mixin.py:154} INFO - [2024-08-26T12:43:06.182+0000] {dag.py:3722} INFO - Setting next_dagrun for example_external_task_marker_parent to None, run_after=None
[2024-08-26T12:43:06.252+0000] {processor.py:179} INFO - Processing /home/airflow/.local/lib/python3.8/site-packages/airflow/example_dags/example_external_task_marker_dag.py took 0.178 seconds
[2024-08-26T12:43:37.353+0000] {processor.py:157} INFO - Started process (PID=1043) to work on /home/airflow/.local/lib/python3.8/site-packages/airflow/example_dags/example_external_task_marker_dag.py
[2024-08-26T12:43:37.355+0000] {processor.py:829} INFO - Processing file /home/airflow/.local/lib/python3.8/site-packages/airflow/example_dags/example_external_task_marker_dag.py for tasks to queue
[2024-08-26T12:43:37.359+0000] {logging_mixin.py:154} INFO - [2024-08-26T12:43:37.358+0000] {dagbag.py:536} INFO - Filling up the DagBag from /home/airflow/.local/lib/python3.8/site-packages/airflow/example_dags/example_external_task_marker_dag.py
[2024-08-26T12:43:37.371+0000] {processor.py:839} INFO - DAG(s) dict_keys(['example_external_task_marker_child', 'example_external_task_marker_parent']) retrieved from /home/airflow/.local/lib/python3.8/site-packages/airflow/example_dags/example_external_task_marker_dag.py
[2024-08-26T12:43:37.417+0000] {logging_mixin.py:154} INFO - [2024-08-26T12:43:37.417+0000] {dag.py:2941} INFO - Sync 2 DAGs
[2024-08-26T12:43:37.444+0000] {logging_mixin.py:154} INFO - [2024-08-26T12:43:37.444+0000] {dag.py:3722} INFO - Setting next_dagrun for example_external_task_marker_child to None, run_after=None
[2024-08-26T12:43:37.451+0000] {logging_mixin.py:154} INFO - [2024-08-26T12:43:37.451+0000] {dag.py:3722} INFO - Setting next_dagrun for example_external_task_marker_parent to None, run_after=None
[2024-08-26T12:43:37.498+0000] {processor.py:179} INFO - Processing /home/airflow/.local/lib/python3.8/site-packages/airflow/example_dags/example_external_task_marker_dag.py took 0.150 seconds
[2024-08-26T12:44:08.258+0000] {processor.py:157} INFO - Started process (PID=1109) to work on /home/airflow/.local/lib/python3.8/site-packages/airflow/example_dags/example_external_task_marker_dag.py
[2024-08-26T12:44:08.261+0000] {processor.py:829} INFO - Processing file /home/airflow/.local/lib/python3.8/site-packages/airflow/example_dags/example_external_task_marker_dag.py for tasks to queue
[2024-08-26T12:44:08.265+0000] {logging_mixin.py:154} INFO - [2024-08-26T12:44:08.264+0000] {dagbag.py:536} INFO - Filling up the DagBag from /home/airflow/.local/lib/python3.8/site-packages/airflow/example_dags/example_external_task_marker_dag.py
[2024-08-26T12:44:08.276+0000] {processor.py:839} INFO - DAG(s) dict_keys(['example_external_task_marker_child', 'example_external_task_marker_parent']) retrieved from /home/airflow/.local/lib/python3.8/site-packages/airflow/example_dags/example_external_task_marker_dag.py
[2024-08-26T12:44:08.319+0000] {logging_mixin.py:154} INFO - [2024-08-26T12:44:08.319+0000] {dag.py:2941} INFO - Sync 2 DAGs
[2024-08-26T12:44:08.343+0000] {logging_mixin.py:154} INFO - [2024-08-26T12:44:08.343+0000] {dag.py:3722} INFO - Setting next_dagrun for example_external_task_marker_child to None, run_after=None
[2024-08-26T12:44:08.349+0000] {logging_mixin.py:154} INFO - [2024-08-26T12:44:08.349+0000] {dag.py:3722} INFO - Setting next_dagrun for example_external_task_marker_parent to None, run_after=None
[2024-08-26T12:44:08.380+0000] {processor.py:179} INFO - Processing /home/airflow/.local/lib/python3.8/site-packages/airflow/example_dags/example_external_task_marker_dag.py took 0.128 seconds
[2024-08-26T12:44:39.279+0000] {processor.py:157} INFO - Started process (PID=1176) to work on /home/airflow/.local/lib/python3.8/site-packages/airflow/example_dags/example_external_task_marker_dag.py
[2024-08-26T12:44:39.281+0000] {processor.py:829} INFO - Processing file /home/airflow/.local/lib/python3.8/site-packages/airflow/example_dags/example_external_task_marker_dag.py for tasks to queue
[2024-08-26T12:44:39.285+0000] {logging_mixin.py:154} INFO - [2024-08-26T12:44:39.285+0000] {dagbag.py:536} INFO - Filling up the DagBag from /home/airflow/.local/lib/python3.8/site-packages/airflow/example_dags/example_external_task_marker_dag.py
[2024-08-26T12:44:39.297+0000] {processor.py:839} INFO - DAG(s) dict_keys(['example_external_task_marker_child', 'example_external_task_marker_parent']) retrieved from /home/airflow/.local/lib/python3.8/site-packages/airflow/example_dags/example_external_task_marker_dag.py
[2024-08-26T12:44:39.351+0000] {logging_mixin.py:154} INFO - [2024-08-26T12:44:39.351+0000] {dag.py:2941} INFO - Sync 2 DAGs
[2024-08-26T12:44:39.374+0000] {logging_mixin.py:154} INFO - [2024-08-26T12:44:39.374+0000] {dag.py:3722} INFO - Setting next_dagrun for example_external_task_marker_child to None, run_after=None
[2024-08-26T12:44:39.381+0000] {logging_mixin.py:154} INFO - [2024-08-26T12:44:39.380+0000] {dag.py:3722} INFO - Setting next_dagrun for example_external_task_marker_parent to None, run_after=None
[2024-08-26T12:44:39.419+0000] {processor.py:179} INFO - Processing /home/airflow/.local/lib/python3.8/site-packages/airflow/example_dags/example_external_task_marker_dag.py took 0.148 seconds
[2024-08-26T12:45:10.270+0000] {processor.py:157} INFO - Started process (PID=1242) to work on /home/airflow/.local/lib/python3.8/site-packages/airflow/example_dags/example_external_task_marker_dag.py
[2024-08-26T12:45:10.272+0000] {processor.py:829} INFO - Processing file /home/airflow/.local/lib/python3.8/site-packages/airflow/example_dags/example_external_task_marker_dag.py for tasks to queue
[2024-08-26T12:45:10.276+0000] {logging_mixin.py:154} INFO - [2024-08-26T12:45:10.275+0000] {dagbag.py:536} INFO - Filling up the DagBag from /home/airflow/.local/lib/python3.8/site-packages/airflow/example_dags/example_external_task_marker_dag.py
[2024-08-26T12:45:10.285+0000] {processor.py:839} INFO - DAG(s) dict_keys(['example_external_task_marker_parent', 'example_external_task_marker_child']) retrieved from /home/airflow/.local/lib/python3.8/site-packages/airflow/example_dags/example_external_task_marker_dag.py
[2024-08-26T12:45:10.328+0000] {logging_mixin.py:154} INFO - [2024-08-26T12:45:10.327+0000] {dag.py:2941} INFO - Sync 2 DAGs
[2024-08-26T12:45:10.351+0000] {logging_mixin.py:154} INFO - [2024-08-26T12:45:10.351+0000] {dag.py:3722} INFO - Setting next_dagrun for example_external_task_marker_child to None, run_after=None
[2024-08-26T12:45:10.360+0000] {logging_mixin.py:154} INFO - [2024-08-26T12:45:10.359+0000] {dag.py:3722} INFO - Setting next_dagrun for example_external_task_marker_parent to None, run_after=None
[2024-08-26T12:45:10.428+0000] {processor.py:179} INFO - Processing /home/airflow/.local/lib/python3.8/site-packages/airflow/example_dags/example_external_task_marker_dag.py took 0.165 seconds
[2024-08-26T12:45:40.686+0000] {processor.py:157} INFO - Started process (PID=1306) to work on /home/airflow/.local/lib/python3.8/site-packages/airflow/example_dags/example_external_task_marker_dag.py
[2024-08-26T12:45:40.687+0000] {processor.py:829} INFO - Processing file /home/airflow/.local/lib/python3.8/site-packages/airflow/example_dags/example_external_task_marker_dag.py for tasks to queue
[2024-08-26T12:45:40.691+0000] {logging_mixin.py:154} INFO - [2024-08-26T12:45:40.691+0000] {dagbag.py:536} INFO - Filling up the DagBag from /home/airflow/.local/lib/python3.8/site-packages/airflow/example_dags/example_external_task_marker_dag.py
[2024-08-26T12:45:40.703+0000] {processor.py:839} INFO - DAG(s) dict_keys(['example_external_task_marker_child', 'example_external_task_marker_parent']) retrieved from /home/airflow/.local/lib/python3.8/site-packages/airflow/example_dags/example_external_task_marker_dag.py
[2024-08-26T12:45:40.751+0000] {logging_mixin.py:154} INFO - [2024-08-26T12:45:40.751+0000] {dag.py:2941} INFO - Sync 2 DAGs
[2024-08-26T12:45:40.781+0000] {logging_mixin.py:154} INFO - [2024-08-26T12:45:40.781+0000] {dag.py:3722} INFO - Setting next_dagrun for example_external_task_marker_child to None, run_after=None
[2024-08-26T12:45:40.789+0000] {logging_mixin.py:154} INFO - [2024-08-26T12:45:40.789+0000] {dag.py:3722} INFO - Setting next_dagrun for example_external_task_marker_parent to None, run_after=None
[2024-08-26T12:45:40.825+0000] {processor.py:179} INFO - Processing /home/airflow/.local/lib/python3.8/site-packages/airflow/example_dags/example_external_task_marker_dag.py took 0.145 seconds
[2024-08-26T12:46:11.210+0000] {processor.py:157} INFO - Started process (PID=1372) to work on /home/airflow/.local/lib/python3.8/site-packages/airflow/example_dags/example_external_task_marker_dag.py
[2024-08-26T12:46:11.213+0000] {processor.py:829} INFO - Processing file /home/airflow/.local/lib/python3.8/site-packages/airflow/example_dags/example_external_task_marker_dag.py for tasks to queue
[2024-08-26T12:46:11.217+0000] {logging_mixin.py:154} INFO - [2024-08-26T12:46:11.216+0000] {dagbag.py:536} INFO - Filling up the DagBag from /home/airflow/.local/lib/python3.8/site-packages/airflow/example_dags/example_external_task_marker_dag.py
[2024-08-26T12:46:11.228+0000] {processor.py:839} INFO - DAG(s) dict_keys(['example_external_task_marker_child', 'example_external_task_marker_parent']) retrieved from /home/airflow/.local/lib/python3.8/site-packages/airflow/example_dags/example_external_task_marker_dag.py
[2024-08-26T12:46:11.277+0000] {logging_mixin.py:154} INFO - [2024-08-26T12:46:11.277+0000] {dag.py:2941} INFO - Sync 2 DAGs
[2024-08-26T12:46:11.307+0000] {logging_mixin.py:154} INFO - [2024-08-26T12:46:11.306+0000] {dag.py:3722} INFO - Setting next_dagrun for example_external_task_marker_child to None, run_after=None
[2024-08-26T12:46:11.315+0000] {logging_mixin.py:154} INFO - [2024-08-26T12:46:11.315+0000] {dag.py:3722} INFO - Setting next_dagrun for example_external_task_marker_parent to None, run_after=None
[2024-08-26T12:46:11.347+0000] {processor.py:179} INFO - Processing /home/airflow/.local/lib/python3.8/site-packages/airflow/example_dags/example_external_task_marker_dag.py took 0.143 seconds
[2024-08-26T12:46:41.811+0000] {processor.py:157} INFO - Started process (PID=1438) to work on /home/airflow/.local/lib/python3.8/site-packages/airflow/example_dags/example_external_task_marker_dag.py
[2024-08-26T12:46:41.812+0000] {processor.py:829} INFO - Processing file /home/airflow/.local/lib/python3.8/site-packages/airflow/example_dags/example_external_task_marker_dag.py for tasks to queue
[2024-08-26T12:46:41.817+0000] {logging_mixin.py:154} INFO - [2024-08-26T12:46:41.816+0000] {dagbag.py:536} INFO - Filling up the DagBag from /home/airflow/.local/lib/python3.8/site-packages/airflow/example_dags/example_external_task_marker_dag.py
[2024-08-26T12:46:41.826+0000] {processor.py:839} INFO - DAG(s) dict_keys(['example_external_task_marker_child', 'example_external_task_marker_parent']) retrieved from /home/airflow/.local/lib/python3.8/site-packages/airflow/example_dags/example_external_task_marker_dag.py
[2024-08-26T12:46:41.873+0000] {logging_mixin.py:154} INFO - [2024-08-26T12:46:41.873+0000] {dag.py:2941} INFO - Sync 2 DAGs
[2024-08-26T12:46:41.898+0000] {logging_mixin.py:154} INFO - [2024-08-26T12:46:41.897+0000] {dag.py:3722} INFO - Setting next_dagrun for example_external_task_marker_child to None, run_after=None
[2024-08-26T12:46:41.906+0000] {logging_mixin.py:154} INFO - [2024-08-26T12:46:41.906+0000] {dag.py:3722} INFO - Setting next_dagrun for example_external_task_marker_parent to None, run_after=None
[2024-08-26T12:46:41.979+0000] {processor.py:179} INFO - Processing /home/airflow/.local/lib/python3.8/site-packages/airflow/example_dags/example_external_task_marker_dag.py took 0.174 seconds
[2024-08-26T12:47:12.163+0000] {processor.py:157} INFO - Started process (PID=1504) to work on /home/airflow/.local/lib/python3.8/site-packages/airflow/example_dags/example_external_task_marker_dag.py
[2024-08-26T12:47:12.165+0000] {processor.py:829} INFO - Processing file /home/airflow/.local/lib/python3.8/site-packages/airflow/example_dags/example_external_task_marker_dag.py for tasks to queue
[2024-08-26T12:47:12.169+0000] {logging_mixin.py:154} INFO - [2024-08-26T12:47:12.168+0000] {dagbag.py:536} INFO - Filling up the DagBag from /home/airflow/.local/lib/python3.8/site-packages/airflow/example_dags/example_external_task_marker_dag.py
[2024-08-26T12:47:12.178+0000] {processor.py:839} INFO - DAG(s) dict_keys(['example_external_task_marker_parent', 'example_external_task_marker_child']) retrieved from /home/airflow/.local/lib/python3.8/site-packages/airflow/example_dags/example_external_task_marker_dag.py
[2024-08-26T12:47:12.222+0000] {logging_mixin.py:154} INFO - [2024-08-26T12:47:12.222+0000] {dag.py:2941} INFO - Sync 2 DAGs
[2024-08-26T12:47:12.251+0000] {logging_mixin.py:154} INFO - [2024-08-26T12:47:12.250+0000] {dag.py:3722} INFO - Setting next_dagrun for example_external_task_marker_child to None, run_after=None
[2024-08-26T12:47:12.259+0000] {logging_mixin.py:154} INFO - [2024-08-26T12:47:12.258+0000] {dag.py:3722} INFO - Setting next_dagrun for example_external_task_marker_parent to None, run_after=None
[2024-08-26T12:47:12.328+0000] {processor.py:179} INFO - Processing /home/airflow/.local/lib/python3.8/site-packages/airflow/example_dags/example_external_task_marker_dag.py took 0.172 seconds
[2024-08-26T12:47:43.121+0000] {processor.py:157} INFO - Started process (PID=1571) to work on /home/airflow/.local/lib/python3.8/site-packages/airflow/example_dags/example_external_task_marker_dag.py
[2024-08-26T12:47:43.122+0000] {processor.py:829} INFO - Processing file /home/airflow/.local/lib/python3.8/site-packages/airflow/example_dags/example_external_task_marker_dag.py for tasks to queue
[2024-08-26T12:47:43.127+0000] {logging_mixin.py:154} INFO - [2024-08-26T12:47:43.126+0000] {dagbag.py:536} INFO - Filling up the DagBag from /home/airflow/.local/lib/python3.8/site-packages/airflow/example_dags/example_external_task_marker_dag.py
[2024-08-26T12:47:43.137+0000] {processor.py:839} INFO - DAG(s) dict_keys(['example_external_task_marker_parent', 'example_external_task_marker_child']) retrieved from /home/airflow/.local/lib/python3.8/site-packages/airflow/example_dags/example_external_task_marker_dag.py
[2024-08-26T12:47:43.183+0000] {logging_mixin.py:154} INFO - [2024-08-26T12:47:43.183+0000] {dag.py:2941} INFO - Sync 2 DAGs
[2024-08-26T12:47:43.208+0000] {logging_mixin.py:154} INFO - [2024-08-26T12:47:43.207+0000] {dag.py:3722} INFO - Setting next_dagrun for example_external_task_marker_child to None, run_after=None
[2024-08-26T12:47:43.214+0000] {logging_mixin.py:154} INFO - [2024-08-26T12:47:43.214+0000] {dag.py:3722} INFO - Setting next_dagrun for example_external_task_marker_parent to None, run_after=None
[2024-08-26T12:47:43.247+0000] {processor.py:179} INFO - Processing /home/airflow/.local/lib/python3.8/site-packages/airflow/example_dags/example_external_task_marker_dag.py took 0.131 seconds
[2024-08-26T12:48:13.920+0000] {processor.py:157} INFO - Started process (PID=1637) to work on /home/airflow/.local/lib/python3.8/site-packages/airflow/example_dags/example_external_task_marker_dag.py
[2024-08-26T12:48:13.922+0000] {processor.py:829} INFO - Processing file /home/airflow/.local/lib/python3.8/site-packages/airflow/example_dags/example_external_task_marker_dag.py for tasks to queue
[2024-08-26T12:48:13.926+0000] {logging_mixin.py:154} INFO - [2024-08-26T12:48:13.926+0000] {dagbag.py:536} INFO - Filling up the DagBag from /home/airflow/.local/lib/python3.8/site-packages/airflow/example_dags/example_external_task_marker_dag.py
[2024-08-26T12:48:13.938+0000] {processor.py:839} INFO - DAG(s) dict_keys(['example_external_task_marker_parent', 'example_external_task_marker_child']) retrieved from /home/airflow/.local/lib/python3.8/site-packages/airflow/example_dags/example_external_task_marker_dag.py
[2024-08-26T12:48:13.988+0000] {logging_mixin.py:154} INFO - [2024-08-26T12:48:13.988+0000] {dag.py:2941} INFO - Sync 2 DAGs
[2024-08-26T12:48:14.014+0000] {logging_mixin.py:154} INFO - [2024-08-26T12:48:14.014+0000] {dag.py:3722} INFO - Setting next_dagrun for example_external_task_marker_child to None, run_after=None
[2024-08-26T12:48:14.021+0000] {logging_mixin.py:154} INFO - [2024-08-26T12:48:14.021+0000] {dag.py:3722} INFO - Setting next_dagrun for example_external_task_marker_parent to None, run_after=None
[2024-08-26T12:48:14.055+0000] {processor.py:179} INFO - Processing /home/airflow/.local/lib/python3.8/site-packages/airflow/example_dags/example_external_task_marker_dag.py took 0.142 seconds
[2024-08-26T12:49:39.348+0000] {processor.py:157} INFO - Started process (PID=1705) to work on /home/airflow/.local/lib/python3.8/site-packages/airflow/example_dags/example_external_task_marker_dag.py
[2024-08-26T12:49:39.350+0000] {processor.py:829} INFO - Processing file /home/airflow/.local/lib/python3.8/site-packages/airflow/example_dags/example_external_task_marker_dag.py for tasks to queue
[2024-08-26T12:49:39.354+0000] {logging_mixin.py:154} INFO - [2024-08-26T12:49:39.353+0000] {dagbag.py:536} INFO - Filling up the DagBag from /home/airflow/.local/lib/python3.8/site-packages/airflow/example_dags/example_external_task_marker_dag.py
[2024-08-26T12:49:39.363+0000] {processor.py:839} INFO - DAG(s) dict_keys(['example_external_task_marker_child', 'example_external_task_marker_parent']) retrieved from /home/airflow/.local/lib/python3.8/site-packages/airflow/example_dags/example_external_task_marker_dag.py
[2024-08-26T12:49:39.415+0000] {logging_mixin.py:154} INFO - [2024-08-26T12:49:39.415+0000] {dag.py:2941} INFO - Sync 2 DAGs
[2024-08-26T12:49:39.444+0000] {logging_mixin.py:154} INFO - [2024-08-26T12:49:39.443+0000] {dag.py:3722} INFO - Setting next_dagrun for example_external_task_marker_child to None, run_after=None
[2024-08-26T12:49:39.453+0000] {logging_mixin.py:154} INFO - [2024-08-26T12:49:39.452+0000] {dag.py:3722} INFO - Setting next_dagrun for example_external_task_marker_parent to None, run_after=None
[2024-08-26T12:49:39.528+0000] {processor.py:179} INFO - Processing /home/airflow/.local/lib/python3.8/site-packages/airflow/example_dags/example_external_task_marker_dag.py took 0.186 seconds
[2024-08-26T12:50:10.723+0000] {processor.py:157} INFO - Started process (PID=1771) to work on /home/airflow/.local/lib/python3.8/site-packages/airflow/example_dags/example_external_task_marker_dag.py
[2024-08-26T12:50:10.725+0000] {processor.py:829} INFO - Processing file /home/airflow/.local/lib/python3.8/site-packages/airflow/example_dags/example_external_task_marker_dag.py for tasks to queue
[2024-08-26T12:50:10.730+0000] {logging_mixin.py:154} INFO - [2024-08-26T12:50:10.729+0000] {dagbag.py:536} INFO - Filling up the DagBag from /home/airflow/.local/lib/python3.8/site-packages/airflow/example_dags/example_external_task_marker_dag.py
[2024-08-26T12:50:10.743+0000] {processor.py:839} INFO - DAG(s) dict_keys(['example_external_task_marker_parent', 'example_external_task_marker_child']) retrieved from /home/airflow/.local/lib/python3.8/site-packages/airflow/example_dags/example_external_task_marker_dag.py
[2024-08-26T12:50:10.793+0000] {logging_mixin.py:154} INFO - [2024-08-26T12:50:10.792+0000] {dag.py:2941} INFO - Sync 2 DAGs
[2024-08-26T12:50:10.819+0000] {logging_mixin.py:154} INFO - [2024-08-26T12:50:10.819+0000] {dag.py:3722} INFO - Setting next_dagrun for example_external_task_marker_child to None, run_after=None
[2024-08-26T12:50:10.826+0000] {logging_mixin.py:154} INFO - [2024-08-26T12:50:10.825+0000] {dag.py:3722} INFO - Setting next_dagrun for example_external_task_marker_parent to None, run_after=None
[2024-08-26T12:50:10.857+0000] {processor.py:179} INFO - Processing /home/airflow/.local/lib/python3.8/site-packages/airflow/example_dags/example_external_task_marker_dag.py took 0.139 seconds
[2024-08-26T12:50:41.999+0000] {processor.py:157} INFO - Started process (PID=1837) to work on /home/airflow/.local/lib/python3.8/site-packages/airflow/example_dags/example_external_task_marker_dag.py
[2024-08-26T12:50:42.001+0000] {processor.py:829} INFO - Processing file /home/airflow/.local/lib/python3.8/site-packages/airflow/example_dags/example_external_task_marker_dag.py for tasks to queue
[2024-08-26T12:50:42.004+0000] {logging_mixin.py:154} INFO - [2024-08-26T12:50:42.004+0000] {dagbag.py:536} INFO - Filling up the DagBag from /home/airflow/.local/lib/python3.8/site-packages/airflow/example_dags/example_external_task_marker_dag.py
[2024-08-26T12:50:42.014+0000] {processor.py:839} INFO - DAG(s) dict_keys(['example_external_task_marker_child', 'example_external_task_marker_parent']) retrieved from /home/airflow/.local/lib/python3.8/site-packages/airflow/example_dags/example_external_task_marker_dag.py
[2024-08-26T12:50:42.056+0000] {logging_mixin.py:154} INFO - [2024-08-26T12:50:42.056+0000] {dag.py:2941} INFO - Sync 2 DAGs
[2024-08-26T12:50:42.085+0000] {logging_mixin.py:154} INFO - [2024-08-26T12:50:42.085+0000] {dag.py:3722} INFO - Setting next_dagrun for example_external_task_marker_child to None, run_after=None
[2024-08-26T12:50:42.092+0000] {logging_mixin.py:154} INFO - [2024-08-26T12:50:42.091+0000] {dag.py:3722} INFO - Setting next_dagrun for example_external_task_marker_parent to None, run_after=None
[2024-08-26T12:50:42.146+0000] {processor.py:179} INFO - Processing /home/airflow/.local/lib/python3.8/site-packages/airflow/example_dags/example_external_task_marker_dag.py took 0.153 seconds
[2024-08-26T12:51:13.702+0000] {processor.py:157} INFO - Started process (PID=1903) to work on /home/airflow/.local/lib/python3.8/site-packages/airflow/example_dags/example_external_task_marker_dag.py
[2024-08-26T12:51:13.704+0000] {processor.py:829} INFO - Processing file /home/airflow/.local/lib/python3.8/site-packages/airflow/example_dags/example_external_task_marker_dag.py for tasks to queue
[2024-08-26T12:51:13.708+0000] {logging_mixin.py:154} INFO - [2024-08-26T12:51:13.708+0000] {dagbag.py:536} INFO - Filling up the DagBag from /home/airflow/.local/lib/python3.8/site-packages/airflow/example_dags/example_external_task_marker_dag.py
[2024-08-26T12:51:13.718+0000] {processor.py:839} INFO - DAG(s) dict_keys(['example_external_task_marker_child', 'example_external_task_marker_parent']) retrieved from /home/airflow/.local/lib/python3.8/site-packages/airflow/example_dags/example_external_task_marker_dag.py
[2024-08-26T12:51:13.763+0000] {logging_mixin.py:154} INFO - [2024-08-26T12:51:13.763+0000] {dag.py:2941} INFO - Sync 2 DAGs
[2024-08-26T12:51:13.792+0000] {logging_mixin.py:154} INFO - [2024-08-26T12:51:13.792+0000] {dag.py:3722} INFO - Setting next_dagrun for example_external_task_marker_child to None, run_after=None
[2024-08-26T12:51:13.800+0000] {logging_mixin.py:154} INFO - [2024-08-26T12:51:13.800+0000] {dag.py:3722} INFO - Setting next_dagrun for example_external_task_marker_parent to None, run_after=None
[2024-08-26T12:51:13.830+0000] {processor.py:179} INFO - Processing /home/airflow/.local/lib/python3.8/site-packages/airflow/example_dags/example_external_task_marker_dag.py took 0.134 seconds
[2024-08-26T12:51:45.302+0000] {processor.py:157} INFO - Started process (PID=1970) to work on /home/airflow/.local/lib/python3.8/site-packages/airflow/example_dags/example_external_task_marker_dag.py
[2024-08-26T12:51:45.304+0000] {processor.py:829} INFO - Processing file /home/airflow/.local/lib/python3.8/site-packages/airflow/example_dags/example_external_task_marker_dag.py for tasks to queue
[2024-08-26T12:51:45.308+0000] {logging_mixin.py:154} INFO - [2024-08-26T12:51:45.307+0000] {dagbag.py:536} INFO - Filling up the DagBag from /home/airflow/.local/lib/python3.8/site-packages/airflow/example_dags/example_external_task_marker_dag.py
[2024-08-26T12:51:45.317+0000] {processor.py:839} INFO - DAG(s) dict_keys(['example_external_task_marker_child', 'example_external_task_marker_parent']) retrieved from /home/airflow/.local/lib/python3.8/site-packages/airflow/example_dags/example_external_task_marker_dag.py
[2024-08-26T12:51:45.360+0000] {logging_mixin.py:154} INFO - [2024-08-26T12:51:45.359+0000] {dag.py:2941} INFO - Sync 2 DAGs
[2024-08-26T12:51:45.383+0000] {logging_mixin.py:154} INFO - [2024-08-26T12:51:45.383+0000] {dag.py:3722} INFO - Setting next_dagrun for example_external_task_marker_child to None, run_after=None
[2024-08-26T12:51:45.390+0000] {logging_mixin.py:154} INFO - [2024-08-26T12:51:45.389+0000] {dag.py:3722} INFO - Setting next_dagrun for example_external_task_marker_parent to None, run_after=None
[2024-08-26T12:51:45.461+0000] {processor.py:179} INFO - Processing /home/airflow/.local/lib/python3.8/site-packages/airflow/example_dags/example_external_task_marker_dag.py took 0.164 seconds
[2024-08-26T12:52:16.180+0000] {processor.py:157} INFO - Started process (PID=2036) to work on /home/airflow/.local/lib/python3.8/site-packages/airflow/example_dags/example_external_task_marker_dag.py
[2024-08-26T12:52:16.182+0000] {processor.py:829} INFO - Processing file /home/airflow/.local/lib/python3.8/site-packages/airflow/example_dags/example_external_task_marker_dag.py for tasks to queue
[2024-08-26T12:52:16.185+0000] {logging_mixin.py:154} INFO - [2024-08-26T12:52:16.185+0000] {dagbag.py:536} INFO - Filling up the DagBag from /home/airflow/.local/lib/python3.8/site-packages/airflow/example_dags/example_external_task_marker_dag.py
[2024-08-26T12:52:16.196+0000] {processor.py:839} INFO - DAG(s) dict_keys(['example_external_task_marker_parent', 'example_external_task_marker_child']) retrieved from /home/airflow/.local/lib/python3.8/site-packages/airflow/example_dags/example_external_task_marker_dag.py
[2024-08-26T12:52:16.254+0000] {logging_mixin.py:154} INFO - [2024-08-26T12:52:16.253+0000] {dag.py:2941} INFO - Sync 2 DAGs
[2024-08-26T12:52:16.285+0000] {logging_mixin.py:154} INFO - [2024-08-26T12:52:16.285+0000] {dag.py:3722} INFO - Setting next_dagrun for example_external_task_marker_child to None, run_after=None
[2024-08-26T12:52:16.292+0000] {logging_mixin.py:154} INFO - [2024-08-26T12:52:16.291+0000] {dag.py:3722} INFO - Setting next_dagrun for example_external_task_marker_parent to None, run_after=None
[2024-08-26T12:52:16.322+0000] {processor.py:179} INFO - Processing /home/airflow/.local/lib/python3.8/site-packages/airflow/example_dags/example_external_task_marker_dag.py took 0.149 seconds
[2024-08-26T12:52:46.422+0000] {processor.py:157} INFO - Started process (PID=2102) to work on /home/airflow/.local/lib/python3.8/site-packages/airflow/example_dags/example_external_task_marker_dag.py
[2024-08-26T12:52:46.424+0000] {processor.py:829} INFO - Processing file /home/airflow/.local/lib/python3.8/site-packages/airflow/example_dags/example_external_task_marker_dag.py for tasks to queue
[2024-08-26T12:52:46.428+0000] {logging_mixin.py:154} INFO - [2024-08-26T12:52:46.428+0000] {dagbag.py:536} INFO - Filling up the DagBag from /home/airflow/.local/lib/python3.8/site-packages/airflow/example_dags/example_external_task_marker_dag.py
[2024-08-26T12:52:46.440+0000] {processor.py:839} INFO - DAG(s) dict_keys(['example_external_task_marker_child', 'example_external_task_marker_parent']) retrieved from /home/airflow/.local/lib/python3.8/site-packages/airflow/example_dags/example_external_task_marker_dag.py
[2024-08-26T12:52:46.487+0000] {logging_mixin.py:154} INFO - [2024-08-26T12:52:46.486+0000] {dag.py:2941} INFO - Sync 2 DAGs
[2024-08-26T12:52:46.517+0000] {logging_mixin.py:154} INFO - [2024-08-26T12:52:46.516+0000] {dag.py:3722} INFO - Setting next_dagrun for example_external_task_marker_child to None, run_after=None
[2024-08-26T12:52:46.524+0000] {logging_mixin.py:154} INFO - [2024-08-26T12:52:46.523+0000] {dag.py:3722} INFO - Setting next_dagrun for example_external_task_marker_parent to None, run_after=None
[2024-08-26T12:52:46.596+0000] {processor.py:179} INFO - Processing /home/airflow/.local/lib/python3.8/site-packages/airflow/example_dags/example_external_task_marker_dag.py took 0.181 seconds
[2024-08-26T12:53:18.346+0000] {processor.py:157} INFO - Started process (PID=2168) to work on /home/airflow/.local/lib/python3.8/site-packages/airflow/example_dags/example_external_task_marker_dag.py
[2024-08-26T12:53:18.348+0000] {processor.py:829} INFO - Processing file /home/airflow/.local/lib/python3.8/site-packages/airflow/example_dags/example_external_task_marker_dag.py for tasks to queue
[2024-08-26T12:53:18.352+0000] {logging_mixin.py:154} INFO - [2024-08-26T12:53:18.351+0000] {dagbag.py:536} INFO - Filling up the DagBag from /home/airflow/.local/lib/python3.8/site-packages/airflow/example_dags/example_external_task_marker_dag.py
[2024-08-26T12:53:18.365+0000] {processor.py:839} INFO - DAG(s) dict_keys(['example_external_task_marker_parent', 'example_external_task_marker_child']) retrieved from /home/airflow/.local/lib/python3.8/site-packages/airflow/example_dags/example_external_task_marker_dag.py
[2024-08-26T12:53:18.418+0000] {logging_mixin.py:154} INFO - [2024-08-26T12:53:18.418+0000] {dag.py:2941} INFO - Sync 2 DAGs
[2024-08-26T12:53:18.446+0000] {logging_mixin.py:154} INFO - [2024-08-26T12:53:18.446+0000] {dag.py:3722} INFO - Setting next_dagrun for example_external_task_marker_child to None, run_after=None
[2024-08-26T12:53:18.453+0000] {logging_mixin.py:154} INFO - [2024-08-26T12:53:18.453+0000] {dag.py:3722} INFO - Setting next_dagrun for example_external_task_marker_parent to None, run_after=None
[2024-08-26T12:53:18.488+0000] {processor.py:179} INFO - Processing /home/airflow/.local/lib/python3.8/site-packages/airflow/example_dags/example_external_task_marker_dag.py took 0.149 seconds
[2024-08-26T12:54:03.311+0000] {processor.py:157} INFO - Started process (PID=2232) to work on /home/airflow/.local/lib/python3.8/site-packages/airflow/example_dags/example_external_task_marker_dag.py
[2024-08-26T12:54:03.313+0000] {processor.py:829} INFO - Processing file /home/airflow/.local/lib/python3.8/site-packages/airflow/example_dags/example_external_task_marker_dag.py for tasks to queue
[2024-08-26T12:54:03.318+0000] {logging_mixin.py:154} INFO - [2024-08-26T12:54:03.317+0000] {dagbag.py:536} INFO - Filling up the DagBag from /home/airflow/.local/lib/python3.8/site-packages/airflow/example_dags/example_external_task_marker_dag.py
[2024-08-26T12:54:03.331+0000] {processor.py:839} INFO - DAG(s) dict_keys(['example_external_task_marker_parent', 'example_external_task_marker_child']) retrieved from /home/airflow/.local/lib/python3.8/site-packages/airflow/example_dags/example_external_task_marker_dag.py
[2024-08-26T12:54:03.378+0000] {logging_mixin.py:154} INFO - [2024-08-26T12:54:03.378+0000] {dag.py:2941} INFO - Sync 2 DAGs
[2024-08-26T12:54:03.403+0000] {logging_mixin.py:154} INFO - [2024-08-26T12:54:03.402+0000] {dag.py:3722} INFO - Setting next_dagrun for example_external_task_marker_child to None, run_after=None
[2024-08-26T12:54:03.409+0000] {logging_mixin.py:154} INFO - [2024-08-26T12:54:03.409+0000] {dag.py:3722} INFO - Setting next_dagrun for example_external_task_marker_parent to None, run_after=None
[2024-08-26T12:54:03.483+0000] {processor.py:179} INFO - Processing /home/airflow/.local/lib/python3.8/site-packages/airflow/example_dags/example_external_task_marker_dag.py took 0.179 seconds
[2024-08-26T12:54:36.721+0000] {processor.py:157} INFO - Started process (PID=2299) to work on /home/airflow/.local/lib/python3.8/site-packages/airflow/example_dags/example_external_task_marker_dag.py
[2024-08-26T12:54:36.723+0000] {processor.py:829} INFO - Processing file /home/airflow/.local/lib/python3.8/site-packages/airflow/example_dags/example_external_task_marker_dag.py for tasks to queue
[2024-08-26T12:54:36.727+0000] {logging_mixin.py:154} INFO - [2024-08-26T12:54:36.727+0000] {dagbag.py:536} INFO - Filling up the DagBag from /home/airflow/.local/lib/python3.8/site-packages/airflow/example_dags/example_external_task_marker_dag.py
[2024-08-26T12:54:36.740+0000] {processor.py:839} INFO - DAG(s) dict_keys(['example_external_task_marker_child', 'example_external_task_marker_parent']) retrieved from /home/airflow/.local/lib/python3.8/site-packages/airflow/example_dags/example_external_task_marker_dag.py
[2024-08-26T12:54:36.788+0000] {logging_mixin.py:154} INFO - [2024-08-26T12:54:36.787+0000] {dag.py:2941} INFO - Sync 2 DAGs
[2024-08-26T12:54:36.816+0000] {logging_mixin.py:154} INFO - [2024-08-26T12:54:36.815+0000] {dag.py:3722} INFO - Setting next_dagrun for example_external_task_marker_child to None, run_after=None
[2024-08-26T12:54:36.824+0000] {logging_mixin.py:154} INFO - [2024-08-26T12:54:36.824+0000] {dag.py:3722} INFO - Setting next_dagrun for example_external_task_marker_parent to None, run_after=None
[2024-08-26T12:54:36.858+0000] {processor.py:179} INFO - Processing /home/airflow/.local/lib/python3.8/site-packages/airflow/example_dags/example_external_task_marker_dag.py took 0.143 seconds
[2024-08-26T12:55:10.171+0000] {processor.py:157} INFO - Started process (PID=2365) to work on /home/airflow/.local/lib/python3.8/site-packages/airflow/example_dags/example_external_task_marker_dag.py
[2024-08-26T12:55:10.173+0000] {processor.py:829} INFO - Processing file /home/airflow/.local/lib/python3.8/site-packages/airflow/example_dags/example_external_task_marker_dag.py for tasks to queue
[2024-08-26T12:55:10.178+0000] {logging_mixin.py:154} INFO - [2024-08-26T12:55:10.177+0000] {dagbag.py:536} INFO - Filling up the DagBag from /home/airflow/.local/lib/python3.8/site-packages/airflow/example_dags/example_external_task_marker_dag.py
[2024-08-26T12:55:10.187+0000] {processor.py:839} INFO - DAG(s) dict_keys(['example_external_task_marker_parent', 'example_external_task_marker_child']) retrieved from /home/airflow/.local/lib/python3.8/site-packages/airflow/example_dags/example_external_task_marker_dag.py
[2024-08-26T12:55:10.232+0000] {logging_mixin.py:154} INFO - [2024-08-26T12:55:10.231+0000] {dag.py:2941} INFO - Sync 2 DAGs
[2024-08-26T12:55:10.461+0000] {logging_mixin.py:154} INFO - [2024-08-26T12:55:10.460+0000] {dag.py:3722} INFO - Setting next_dagrun for example_external_task_marker_child to None, run_after=None
[2024-08-26T12:55:10.469+0000] {logging_mixin.py:154} INFO - [2024-08-26T12:55:10.469+0000] {dag.py:3722} INFO - Setting next_dagrun for example_external_task_marker_parent to None, run_after=None
[2024-08-26T12:55:10.540+0000] {processor.py:179} INFO - Processing /home/airflow/.local/lib/python3.8/site-packages/airflow/example_dags/example_external_task_marker_dag.py took 0.374 seconds
[2024-08-26T12:55:42.012+0000] {processor.py:157} INFO - Started process (PID=2431) to work on /home/airflow/.local/lib/python3.8/site-packages/airflow/example_dags/example_external_task_marker_dag.py
[2024-08-26T12:55:42.014+0000] {processor.py:829} INFO - Processing file /home/airflow/.local/lib/python3.8/site-packages/airflow/example_dags/example_external_task_marker_dag.py for tasks to queue
[2024-08-26T12:55:42.018+0000] {logging_mixin.py:154} INFO - [2024-08-26T12:55:42.018+0000] {dagbag.py:536} INFO - Filling up the DagBag from /home/airflow/.local/lib/python3.8/site-packages/airflow/example_dags/example_external_task_marker_dag.py
[2024-08-26T12:55:42.031+0000] {processor.py:839} INFO - DAG(s) dict_keys(['example_external_task_marker_child', 'example_external_task_marker_parent']) retrieved from /home/airflow/.local/lib/python3.8/site-packages/airflow/example_dags/example_external_task_marker_dag.py
[2024-08-26T12:55:42.080+0000] {logging_mixin.py:154} INFO - [2024-08-26T12:55:42.080+0000] {dag.py:2941} INFO - Sync 2 DAGs
[2024-08-26T12:55:42.112+0000] {logging_mixin.py:154} INFO - [2024-08-26T12:55:42.112+0000] {dag.py:3722} INFO - Setting next_dagrun for example_external_task_marker_child to None, run_after=None
[2024-08-26T12:55:42.120+0000] {logging_mixin.py:154} INFO - [2024-08-26T12:55:42.119+0000] {dag.py:3722} INFO - Setting next_dagrun for example_external_task_marker_parent to None, run_after=None
[2024-08-26T12:55:42.192+0000] {processor.py:179} INFO - Processing /home/airflow/.local/lib/python3.8/site-packages/airflow/example_dags/example_external_task_marker_dag.py took 0.185 seconds
[2024-08-26T12:56:12.708+0000] {processor.py:157} INFO - Started process (PID=2497) to work on /home/airflow/.local/lib/python3.8/site-packages/airflow/example_dags/example_external_task_marker_dag.py
[2024-08-26T12:56:12.710+0000] {processor.py:829} INFO - Processing file /home/airflow/.local/lib/python3.8/site-packages/airflow/example_dags/example_external_task_marker_dag.py for tasks to queue
[2024-08-26T12:56:12.714+0000] {logging_mixin.py:154} INFO - [2024-08-26T12:56:12.714+0000] {dagbag.py:536} INFO - Filling up the DagBag from /home/airflow/.local/lib/python3.8/site-packages/airflow/example_dags/example_external_task_marker_dag.py
[2024-08-26T12:56:12.725+0000] {processor.py:839} INFO - DAG(s) dict_keys(['example_external_task_marker_parent', 'example_external_task_marker_child']) retrieved from /home/airflow/.local/lib/python3.8/site-packages/airflow/example_dags/example_external_task_marker_dag.py
[2024-08-26T12:56:12.775+0000] {logging_mixin.py:154} INFO - [2024-08-26T12:56:12.774+0000] {dag.py:2941} INFO - Sync 2 DAGs
[2024-08-26T12:56:12.811+0000] {logging_mixin.py:154} INFO - [2024-08-26T12:56:12.811+0000] {dag.py:3722} INFO - Setting next_dagrun for example_external_task_marker_child to None, run_after=None
[2024-08-26T12:56:12.819+0000] {logging_mixin.py:154} INFO - [2024-08-26T12:56:12.818+0000] {dag.py:3722} INFO - Setting next_dagrun for example_external_task_marker_parent to None, run_after=None
[2024-08-26T12:56:12.896+0000] {processor.py:179} INFO - Processing /home/airflow/.local/lib/python3.8/site-packages/airflow/example_dags/example_external_task_marker_dag.py took 0.196 seconds
