[2024-08-26T08:44:53.666+0000] {processor.py:157} INFO - Started process (PID=65) to work on /home/airflow/.local/lib/python3.8/site-packages/airflow/example_dags/example_branch_datetime_operator.py
[2024-08-26T08:44:53.667+0000] {processor.py:829} INFO - Processing file /home/airflow/.local/lib/python3.8/site-packages/airflow/example_dags/example_branch_datetime_operator.py for tasks to queue
[2024-08-26T08:44:53.669+0000] {logging_mixin.py:154} INFO - [2024-08-26T08:44:53.669+0000] {dagbag.py:536} INFO - Filling up the DagBag from /home/airflow/.local/lib/python3.8/site-packages/airflow/example_dags/example_branch_datetime_operator.py
[2024-08-26T08:44:53.678+0000] {processor.py:839} INFO - DAG(s) dict_keys(['example_branch_datetime_operator_2', 'example_branch_datetime_operator', 'example_branch_datetime_operator_3']) retrieved from /home/airflow/.local/lib/python3.8/site-packages/airflow/example_dags/example_branch_datetime_operator.py
[2024-08-26T08:44:53.711+0000] {logging_mixin.py:154} INFO - [2024-08-26T08:44:53.711+0000] {dag.py:2941} INFO - Sync 3 DAGs
[2024-08-26T08:44:53.737+0000] {logging_mixin.py:154} INFO - [2024-08-26T08:44:53.737+0000] {dag.py:3722} INFO - Setting next_dagrun for example_branch_datetime_operator to 2024-08-25T00:00:00+00:00, run_after=2024-08-26T00:00:00+00:00
[2024-08-26T08:44:53.742+0000] {logging_mixin.py:154} INFO - [2024-08-26T08:44:53.742+0000] {dag.py:3722} INFO - Setting next_dagrun for example_branch_datetime_operator_2 to 2024-08-25T00:00:00+00:00, run_after=2024-08-26T00:00:00+00:00
[2024-08-26T08:44:53.746+0000] {logging_mixin.py:154} INFO - [2024-08-26T08:44:53.746+0000] {dag.py:3722} INFO - Setting next_dagrun for example_branch_datetime_operator_3 to 2024-08-25T00:00:00+00:00, run_after=2024-08-26T00:00:00+00:00
[2024-08-26T08:44:53.765+0000] {processor.py:179} INFO - Processing /home/airflow/.local/lib/python3.8/site-packages/airflow/example_dags/example_branch_datetime_operator.py took 0.101 seconds
[2024-08-26T12:36:19.777+0000] {processor.py:157} INFO - Started process (PID=74) to work on /home/airflow/.local/lib/python3.8/site-packages/airflow/example_dags/example_branch_datetime_operator.py
[2024-08-26T12:36:19.778+0000] {processor.py:829} INFO - Processing file /home/airflow/.local/lib/python3.8/site-packages/airflow/example_dags/example_branch_datetime_operator.py for tasks to queue
[2024-08-26T12:36:19.781+0000] {logging_mixin.py:154} INFO - [2024-08-26T12:36:19.780+0000] {dagbag.py:536} INFO - Filling up the DagBag from /home/airflow/.local/lib/python3.8/site-packages/airflow/example_dags/example_branch_datetime_operator.py
[2024-08-26T12:36:19.793+0000] {processor.py:839} INFO - DAG(s) dict_keys(['example_branch_datetime_operator_2', 'example_branch_datetime_operator', 'example_branch_datetime_operator_3']) retrieved from /home/airflow/.local/lib/python3.8/site-packages/airflow/example_dags/example_branch_datetime_operator.py
[2024-08-26T12:36:19.833+0000] {logging_mixin.py:154} INFO - [2024-08-26T12:36:19.833+0000] {dag.py:2941} INFO - Sync 3 DAGs
[2024-08-26T12:36:19.866+0000] {logging_mixin.py:154} INFO - [2024-08-26T12:36:19.865+0000] {dag.py:3722} INFO - Setting next_dagrun for example_branch_datetime_operator to 2024-08-25T00:00:00+00:00, run_after=2024-08-26T00:00:00+00:00
[2024-08-26T12:36:19.872+0000] {logging_mixin.py:154} INFO - [2024-08-26T12:36:19.872+0000] {dag.py:3722} INFO - Setting next_dagrun for example_branch_datetime_operator_2 to 2024-08-25T00:00:00+00:00, run_after=2024-08-26T00:00:00+00:00
[2024-08-26T12:36:19.877+0000] {logging_mixin.py:154} INFO - [2024-08-26T12:36:19.876+0000] {dag.py:3722} INFO - Setting next_dagrun for example_branch_datetime_operator_3 to 2024-08-25T00:00:00+00:00, run_after=2024-08-26T00:00:00+00:00
[2024-08-26T12:36:19.898+0000] {processor.py:179} INFO - Processing /home/airflow/.local/lib/python3.8/site-packages/airflow/example_dags/example_branch_datetime_operator.py took 0.124 seconds
[2024-08-26T12:36:50.750+0000] {processor.py:157} INFO - Started process (PID=140) to work on /home/airflow/.local/lib/python3.8/site-packages/airflow/example_dags/example_branch_datetime_operator.py
[2024-08-26T12:36:50.752+0000] {processor.py:829} INFO - Processing file /home/airflow/.local/lib/python3.8/site-packages/airflow/example_dags/example_branch_datetime_operator.py for tasks to queue
[2024-08-26T12:36:50.754+0000] {logging_mixin.py:154} INFO - [2024-08-26T12:36:50.754+0000] {dagbag.py:536} INFO - Filling up the DagBag from /home/airflow/.local/lib/python3.8/site-packages/airflow/example_dags/example_branch_datetime_operator.py
[2024-08-26T12:36:50.764+0000] {processor.py:839} INFO - DAG(s) dict_keys(['example_branch_datetime_operator_2', 'example_branch_datetime_operator', 'example_branch_datetime_operator_3']) retrieved from /home/airflow/.local/lib/python3.8/site-packages/airflow/example_dags/example_branch_datetime_operator.py
[2024-08-26T12:36:50.795+0000] {logging_mixin.py:154} INFO - [2024-08-26T12:36:50.795+0000] {dag.py:2941} INFO - Sync 3 DAGs
[2024-08-26T12:36:50.820+0000] {logging_mixin.py:154} INFO - [2024-08-26T12:36:50.819+0000] {dag.py:3722} INFO - Setting next_dagrun for example_branch_datetime_operator to 2024-08-25T00:00:00+00:00, run_after=2024-08-26T00:00:00+00:00
[2024-08-26T12:36:50.825+0000] {logging_mixin.py:154} INFO - [2024-08-26T12:36:50.825+0000] {dag.py:3722} INFO - Setting next_dagrun for example_branch_datetime_operator_2 to 2024-08-25T00:00:00+00:00, run_after=2024-08-26T00:00:00+00:00
[2024-08-26T12:36:50.829+0000] {logging_mixin.py:154} INFO - [2024-08-26T12:36:50.829+0000] {dag.py:3722} INFO - Setting next_dagrun for example_branch_datetime_operator_3 to 2024-08-25T00:00:00+00:00, run_after=2024-08-26T00:00:00+00:00
[2024-08-26T12:36:50.848+0000] {processor.py:179} INFO - Processing /home/airflow/.local/lib/python3.8/site-packages/airflow/example_dags/example_branch_datetime_operator.py took 0.101 seconds
[2024-08-26T12:37:22.177+0000] {processor.py:157} INFO - Started process (PID=206) to work on /home/airflow/.local/lib/python3.8/site-packages/airflow/example_dags/example_branch_datetime_operator.py
[2024-08-26T12:37:22.179+0000] {processor.py:829} INFO - Processing file /home/airflow/.local/lib/python3.8/site-packages/airflow/example_dags/example_branch_datetime_operator.py for tasks to queue
[2024-08-26T12:37:22.183+0000] {logging_mixin.py:154} INFO - [2024-08-26T12:37:22.182+0000] {dagbag.py:536} INFO - Filling up the DagBag from /home/airflow/.local/lib/python3.8/site-packages/airflow/example_dags/example_branch_datetime_operator.py
[2024-08-26T12:37:22.199+0000] {processor.py:839} INFO - DAG(s) dict_keys(['example_branch_datetime_operator_2', 'example_branch_datetime_operator', 'example_branch_datetime_operator_3']) retrieved from /home/airflow/.local/lib/python3.8/site-packages/airflow/example_dags/example_branch_datetime_operator.py
[2024-08-26T12:37:22.251+0000] {logging_mixin.py:154} INFO - [2024-08-26T12:37:22.250+0000] {dag.py:2941} INFO - Sync 3 DAGs
[2024-08-26T12:37:22.299+0000] {logging_mixin.py:154} INFO - [2024-08-26T12:37:22.299+0000] {dag.py:3722} INFO - Setting next_dagrun for example_branch_datetime_operator to 2024-08-25T00:00:00+00:00, run_after=2024-08-26T00:00:00+00:00
[2024-08-26T12:37:22.311+0000] {logging_mixin.py:154} INFO - [2024-08-26T12:37:22.311+0000] {dag.py:3722} INFO - Setting next_dagrun for example_branch_datetime_operator_2 to 2024-08-25T00:00:00+00:00, run_after=2024-08-26T00:00:00+00:00
[2024-08-26T12:37:22.319+0000] {logging_mixin.py:154} INFO - [2024-08-26T12:37:22.319+0000] {dag.py:3722} INFO - Setting next_dagrun for example_branch_datetime_operator_3 to 2024-08-25T00:00:00+00:00, run_after=2024-08-26T00:00:00+00:00
[2024-08-26T12:37:22.357+0000] {processor.py:179} INFO - Processing /home/airflow/.local/lib/python3.8/site-packages/airflow/example_dags/example_branch_datetime_operator.py took 0.185 seconds
[2024-08-26T12:37:53.223+0000] {processor.py:157} INFO - Started process (PID=279) to work on /home/airflow/.local/lib/python3.8/site-packages/airflow/example_dags/example_branch_datetime_operator.py
[2024-08-26T12:37:53.224+0000] {processor.py:829} INFO - Processing file /home/airflow/.local/lib/python3.8/site-packages/airflow/example_dags/example_branch_datetime_operator.py for tasks to queue
[2024-08-26T12:37:53.229+0000] {logging_mixin.py:154} INFO - [2024-08-26T12:37:53.228+0000] {dagbag.py:536} INFO - Filling up the DagBag from /home/airflow/.local/lib/python3.8/site-packages/airflow/example_dags/example_branch_datetime_operator.py
[2024-08-26T12:37:53.253+0000] {processor.py:839} INFO - DAG(s) dict_keys(['example_branch_datetime_operator_2', 'example_branch_datetime_operator', 'example_branch_datetime_operator_3']) retrieved from /home/airflow/.local/lib/python3.8/site-packages/airflow/example_dags/example_branch_datetime_operator.py
[2024-08-26T12:37:53.308+0000] {logging_mixin.py:154} INFO - [2024-08-26T12:37:53.308+0000] {dag.py:2941} INFO - Sync 3 DAGs
[2024-08-26T12:37:53.354+0000] {logging_mixin.py:154} INFO - [2024-08-26T12:37:53.354+0000] {dag.py:3722} INFO - Setting next_dagrun for example_branch_datetime_operator to 2024-08-25T00:00:00+00:00, run_after=2024-08-26T00:00:00+00:00
[2024-08-26T12:37:53.369+0000] {logging_mixin.py:154} INFO - [2024-08-26T12:37:53.369+0000] {dag.py:3722} INFO - Setting next_dagrun for example_branch_datetime_operator_2 to 2024-08-25T00:00:00+00:00, run_after=2024-08-26T00:00:00+00:00
[2024-08-26T12:37:53.376+0000] {logging_mixin.py:154} INFO - [2024-08-26T12:37:53.375+0000] {dag.py:3722} INFO - Setting next_dagrun for example_branch_datetime_operator_3 to 2024-08-25T00:00:00+00:00, run_after=2024-08-26T00:00:00+00:00
[2024-08-26T12:37:53.410+0000] {processor.py:179} INFO - Processing /home/airflow/.local/lib/python3.8/site-packages/airflow/example_dags/example_branch_datetime_operator.py took 0.194 seconds
[2024-08-26T12:38:24.064+0000] {processor.py:157} INFO - Started process (PID=347) to work on /home/airflow/.local/lib/python3.8/site-packages/airflow/example_dags/example_branch_datetime_operator.py
[2024-08-26T12:38:24.066+0000] {processor.py:829} INFO - Processing file /home/airflow/.local/lib/python3.8/site-packages/airflow/example_dags/example_branch_datetime_operator.py for tasks to queue
[2024-08-26T12:38:24.070+0000] {logging_mixin.py:154} INFO - [2024-08-26T12:38:24.070+0000] {dagbag.py:536} INFO - Filling up the DagBag from /home/airflow/.local/lib/python3.8/site-packages/airflow/example_dags/example_branch_datetime_operator.py
[2024-08-26T12:38:24.093+0000] {processor.py:839} INFO - DAG(s) dict_keys(['example_branch_datetime_operator', 'example_branch_datetime_operator_2', 'example_branch_datetime_operator_3']) retrieved from /home/airflow/.local/lib/python3.8/site-packages/airflow/example_dags/example_branch_datetime_operator.py
[2024-08-26T12:38:24.148+0000] {logging_mixin.py:154} INFO - [2024-08-26T12:38:24.148+0000] {dag.py:2941} INFO - Sync 3 DAGs
[2024-08-26T12:38:24.197+0000] {logging_mixin.py:154} INFO - [2024-08-26T12:38:24.197+0000] {dag.py:3722} INFO - Setting next_dagrun for example_branch_datetime_operator to 2024-08-25T00:00:00+00:00, run_after=2024-08-26T00:00:00+00:00
[2024-08-26T12:38:24.209+0000] {logging_mixin.py:154} INFO - [2024-08-26T12:38:24.208+0000] {dag.py:3722} INFO - Setting next_dagrun for example_branch_datetime_operator_2 to 2024-08-25T00:00:00+00:00, run_after=2024-08-26T00:00:00+00:00
[2024-08-26T12:38:24.216+0000] {logging_mixin.py:154} INFO - [2024-08-26T12:38:24.215+0000] {dag.py:3722} INFO - Setting next_dagrun for example_branch_datetime_operator_3 to 2024-08-25T00:00:00+00:00, run_after=2024-08-26T00:00:00+00:00
[2024-08-26T12:38:24.247+0000] {processor.py:179} INFO - Processing /home/airflow/.local/lib/python3.8/site-packages/airflow/example_dags/example_branch_datetime_operator.py took 0.190 seconds
[2024-08-26T12:38:55.220+0000] {processor.py:157} INFO - Started process (PID=413) to work on /home/airflow/.local/lib/python3.8/site-packages/airflow/example_dags/example_branch_datetime_operator.py
[2024-08-26T12:38:55.222+0000] {processor.py:829} INFO - Processing file /home/airflow/.local/lib/python3.8/site-packages/airflow/example_dags/example_branch_datetime_operator.py for tasks to queue
[2024-08-26T12:38:55.227+0000] {logging_mixin.py:154} INFO - [2024-08-26T12:38:55.226+0000] {dagbag.py:536} INFO - Filling up the DagBag from /home/airflow/.local/lib/python3.8/site-packages/airflow/example_dags/example_branch_datetime_operator.py
[2024-08-26T12:38:55.247+0000] {processor.py:839} INFO - DAG(s) dict_keys(['example_branch_datetime_operator_3', 'example_branch_datetime_operator_2', 'example_branch_datetime_operator']) retrieved from /home/airflow/.local/lib/python3.8/site-packages/airflow/example_dags/example_branch_datetime_operator.py
[2024-08-26T12:38:55.305+0000] {logging_mixin.py:154} INFO - [2024-08-26T12:38:55.304+0000] {dag.py:2941} INFO - Sync 3 DAGs
[2024-08-26T12:38:55.362+0000] {logging_mixin.py:154} INFO - [2024-08-26T12:38:55.361+0000] {dag.py:3722} INFO - Setting next_dagrun for example_branch_datetime_operator to 2024-08-25T00:00:00+00:00, run_after=2024-08-26T00:00:00+00:00
[2024-08-26T12:38:55.374+0000] {logging_mixin.py:154} INFO - [2024-08-26T12:38:55.373+0000] {dag.py:3722} INFO - Setting next_dagrun for example_branch_datetime_operator_2 to 2024-08-25T00:00:00+00:00, run_after=2024-08-26T00:00:00+00:00
[2024-08-26T12:38:55.380+0000] {logging_mixin.py:154} INFO - [2024-08-26T12:38:55.380+0000] {dag.py:3722} INFO - Setting next_dagrun for example_branch_datetime_operator_3 to 2024-08-25T00:00:00+00:00, run_after=2024-08-26T00:00:00+00:00
[2024-08-26T12:38:55.453+0000] {processor.py:179} INFO - Processing /home/airflow/.local/lib/python3.8/site-packages/airflow/example_dags/example_branch_datetime_operator.py took 0.240 seconds
[2024-08-26T12:39:26.011+0000] {processor.py:157} INFO - Started process (PID=479) to work on /home/airflow/.local/lib/python3.8/site-packages/airflow/example_dags/example_branch_datetime_operator.py
[2024-08-26T12:39:26.014+0000] {processor.py:829} INFO - Processing file /home/airflow/.local/lib/python3.8/site-packages/airflow/example_dags/example_branch_datetime_operator.py for tasks to queue
[2024-08-26T12:39:26.018+0000] {logging_mixin.py:154} INFO - [2024-08-26T12:39:26.017+0000] {dagbag.py:536} INFO - Filling up the DagBag from /home/airflow/.local/lib/python3.8/site-packages/airflow/example_dags/example_branch_datetime_operator.py
[2024-08-26T12:39:26.041+0000] {processor.py:839} INFO - DAG(s) dict_keys(['example_branch_datetime_operator_3', 'example_branch_datetime_operator_2', 'example_branch_datetime_operator']) retrieved from /home/airflow/.local/lib/python3.8/site-packages/airflow/example_dags/example_branch_datetime_operator.py
[2024-08-26T12:39:26.099+0000] {logging_mixin.py:154} INFO - [2024-08-26T12:39:26.099+0000] {dag.py:2941} INFO - Sync 3 DAGs
[2024-08-26T12:39:26.156+0000] {logging_mixin.py:154} INFO - [2024-08-26T12:39:26.155+0000] {dag.py:3722} INFO - Setting next_dagrun for example_branch_datetime_operator to 2024-08-25T00:00:00+00:00, run_after=2024-08-26T00:00:00+00:00
[2024-08-26T12:39:26.170+0000] {logging_mixin.py:154} INFO - [2024-08-26T12:39:26.169+0000] {dag.py:3722} INFO - Setting next_dagrun for example_branch_datetime_operator_2 to 2024-08-25T00:00:00+00:00, run_after=2024-08-26T00:00:00+00:00
[2024-08-26T12:39:26.177+0000] {logging_mixin.py:154} INFO - [2024-08-26T12:39:26.177+0000] {dag.py:3722} INFO - Setting next_dagrun for example_branch_datetime_operator_3 to 2024-08-25T00:00:00+00:00, run_after=2024-08-26T00:00:00+00:00
[2024-08-26T12:39:26.208+0000] {processor.py:179} INFO - Processing /home/airflow/.local/lib/python3.8/site-packages/airflow/example_dags/example_branch_datetime_operator.py took 0.203 seconds
[2024-08-26T12:39:56.295+0000] {processor.py:157} INFO - Started process (PID=543) to work on /home/airflow/.local/lib/python3.8/site-packages/airflow/example_dags/example_branch_datetime_operator.py
[2024-08-26T12:39:56.297+0000] {processor.py:829} INFO - Processing file /home/airflow/.local/lib/python3.8/site-packages/airflow/example_dags/example_branch_datetime_operator.py for tasks to queue
[2024-08-26T12:39:56.301+0000] {logging_mixin.py:154} INFO - [2024-08-26T12:39:56.301+0000] {dagbag.py:536} INFO - Filling up the DagBag from /home/airflow/.local/lib/python3.8/site-packages/airflow/example_dags/example_branch_datetime_operator.py
[2024-08-26T12:39:56.323+0000] {processor.py:839} INFO - DAG(s) dict_keys(['example_branch_datetime_operator_2', 'example_branch_datetime_operator', 'example_branch_datetime_operator_3']) retrieved from /home/airflow/.local/lib/python3.8/site-packages/airflow/example_dags/example_branch_datetime_operator.py
[2024-08-26T12:39:56.381+0000] {logging_mixin.py:154} INFO - [2024-08-26T12:39:56.381+0000] {dag.py:2941} INFO - Sync 3 DAGs
[2024-08-26T12:39:56.431+0000] {logging_mixin.py:154} INFO - [2024-08-26T12:39:56.431+0000] {dag.py:3722} INFO - Setting next_dagrun for example_branch_datetime_operator to 2024-08-25T00:00:00+00:00, run_after=2024-08-26T00:00:00+00:00
[2024-08-26T12:39:56.444+0000] {logging_mixin.py:154} INFO - [2024-08-26T12:39:56.444+0000] {dag.py:3722} INFO - Setting next_dagrun for example_branch_datetime_operator_2 to 2024-08-25T00:00:00+00:00, run_after=2024-08-26T00:00:00+00:00
[2024-08-26T12:39:56.454+0000] {logging_mixin.py:154} INFO - [2024-08-26T12:39:56.453+0000] {dag.py:3722} INFO - Setting next_dagrun for example_branch_datetime_operator_3 to 2024-08-25T00:00:00+00:00, run_after=2024-08-26T00:00:00+00:00
[2024-08-26T12:39:56.493+0000] {processor.py:179} INFO - Processing /home/airflow/.local/lib/python3.8/site-packages/airflow/example_dags/example_branch_datetime_operator.py took 0.204 seconds
[2024-08-26T12:40:26.937+0000] {processor.py:157} INFO - Started process (PID=601) to work on /home/airflow/.local/lib/python3.8/site-packages/airflow/example_dags/example_branch_datetime_operator.py
[2024-08-26T12:40:26.939+0000] {processor.py:829} INFO - Processing file /home/airflow/.local/lib/python3.8/site-packages/airflow/example_dags/example_branch_datetime_operator.py for tasks to queue
[2024-08-26T12:40:26.943+0000] {logging_mixin.py:154} INFO - [2024-08-26T12:40:26.943+0000] {dagbag.py:536} INFO - Filling up the DagBag from /home/airflow/.local/lib/python3.8/site-packages/airflow/example_dags/example_branch_datetime_operator.py
[2024-08-26T12:40:26.963+0000] {processor.py:839} INFO - DAG(s) dict_keys(['example_branch_datetime_operator_2', 'example_branch_datetime_operator', 'example_branch_datetime_operator_3']) retrieved from /home/airflow/.local/lib/python3.8/site-packages/airflow/example_dags/example_branch_datetime_operator.py
[2024-08-26T12:40:27.020+0000] {logging_mixin.py:154} INFO - [2024-08-26T12:40:27.020+0000] {dag.py:2941} INFO - Sync 3 DAGs
[2024-08-26T12:40:27.077+0000] {logging_mixin.py:154} INFO - [2024-08-26T12:40:27.077+0000] {dag.py:3722} INFO - Setting next_dagrun for example_branch_datetime_operator to 2024-08-25T00:00:00+00:00, run_after=2024-08-26T00:00:00+00:00
[2024-08-26T12:40:27.090+0000] {logging_mixin.py:154} INFO - [2024-08-26T12:40:27.090+0000] {dag.py:3722} INFO - Setting next_dagrun for example_branch_datetime_operator_2 to 2024-08-25T00:00:00+00:00, run_after=2024-08-26T00:00:00+00:00
[2024-08-26T12:40:27.099+0000] {logging_mixin.py:154} INFO - [2024-08-26T12:40:27.098+0000] {dag.py:3722} INFO - Setting next_dagrun for example_branch_datetime_operator_3 to 2024-08-25T00:00:00+00:00, run_after=2024-08-26T00:00:00+00:00
[2024-08-26T12:40:27.138+0000] {processor.py:179} INFO - Processing /home/airflow/.local/lib/python3.8/site-packages/airflow/example_dags/example_branch_datetime_operator.py took 0.207 seconds
[2024-08-26T12:40:58.043+0000] {processor.py:157} INFO - Started process (PID=666) to work on /home/airflow/.local/lib/python3.8/site-packages/airflow/example_dags/example_branch_datetime_operator.py
[2024-08-26T12:40:58.044+0000] {processor.py:829} INFO - Processing file /home/airflow/.local/lib/python3.8/site-packages/airflow/example_dags/example_branch_datetime_operator.py for tasks to queue
[2024-08-26T12:40:58.048+0000] {logging_mixin.py:154} INFO - [2024-08-26T12:40:58.048+0000] {dagbag.py:536} INFO - Filling up the DagBag from /home/airflow/.local/lib/python3.8/site-packages/airflow/example_dags/example_branch_datetime_operator.py
[2024-08-26T12:40:58.071+0000] {processor.py:839} INFO - DAG(s) dict_keys(['example_branch_datetime_operator_2', 'example_branch_datetime_operator', 'example_branch_datetime_operator_3']) retrieved from /home/airflow/.local/lib/python3.8/site-packages/airflow/example_dags/example_branch_datetime_operator.py
[2024-08-26T12:40:58.131+0000] {logging_mixin.py:154} INFO - [2024-08-26T12:40:58.131+0000] {dag.py:2941} INFO - Sync 3 DAGs
[2024-08-26T12:40:58.178+0000] {logging_mixin.py:154} INFO - [2024-08-26T12:40:58.178+0000] {dag.py:3722} INFO - Setting next_dagrun for example_branch_datetime_operator to 2024-08-25T00:00:00+00:00, run_after=2024-08-26T00:00:00+00:00
[2024-08-26T12:40:58.188+0000] {logging_mixin.py:154} INFO - [2024-08-26T12:40:58.188+0000] {dag.py:3722} INFO - Setting next_dagrun for example_branch_datetime_operator_2 to 2024-08-25T00:00:00+00:00, run_after=2024-08-26T00:00:00+00:00
[2024-08-26T12:40:58.195+0000] {logging_mixin.py:154} INFO - [2024-08-26T12:40:58.195+0000] {dag.py:3722} INFO - Setting next_dagrun for example_branch_datetime_operator_3 to 2024-08-25T00:00:00+00:00, run_after=2024-08-26T00:00:00+00:00
[2024-08-26T12:40:58.231+0000] {processor.py:179} INFO - Processing /home/airflow/.local/lib/python3.8/site-packages/airflow/example_dags/example_branch_datetime_operator.py took 0.195 seconds
[2024-08-26T12:41:28.443+0000] {processor.py:157} INFO - Started process (PID=733) to work on /home/airflow/.local/lib/python3.8/site-packages/airflow/example_dags/example_branch_datetime_operator.py
[2024-08-26T12:41:28.445+0000] {processor.py:829} INFO - Processing file /home/airflow/.local/lib/python3.8/site-packages/airflow/example_dags/example_branch_datetime_operator.py for tasks to queue
[2024-08-26T12:41:28.448+0000] {logging_mixin.py:154} INFO - [2024-08-26T12:41:28.448+0000] {dagbag.py:536} INFO - Filling up the DagBag from /home/airflow/.local/lib/python3.8/site-packages/airflow/example_dags/example_branch_datetime_operator.py
[2024-08-26T12:41:28.467+0000] {processor.py:839} INFO - DAG(s) dict_keys(['example_branch_datetime_operator_3', 'example_branch_datetime_operator', 'example_branch_datetime_operator_2']) retrieved from /home/airflow/.local/lib/python3.8/site-packages/airflow/example_dags/example_branch_datetime_operator.py
[2024-08-26T12:41:28.514+0000] {logging_mixin.py:154} INFO - [2024-08-26T12:41:28.514+0000] {dag.py:2941} INFO - Sync 3 DAGs
[2024-08-26T12:41:28.554+0000] {logging_mixin.py:154} INFO - [2024-08-26T12:41:28.554+0000] {dag.py:3722} INFO - Setting next_dagrun for example_branch_datetime_operator to 2024-08-25T00:00:00+00:00, run_after=2024-08-26T00:00:00+00:00
[2024-08-26T12:41:28.565+0000] {logging_mixin.py:154} INFO - [2024-08-26T12:41:28.565+0000] {dag.py:3722} INFO - Setting next_dagrun for example_branch_datetime_operator_2 to 2024-08-25T00:00:00+00:00, run_after=2024-08-26T00:00:00+00:00
[2024-08-26T12:41:28.571+0000] {logging_mixin.py:154} INFO - [2024-08-26T12:41:28.570+0000] {dag.py:3722} INFO - Setting next_dagrun for example_branch_datetime_operator_3 to 2024-08-25T00:00:00+00:00, run_after=2024-08-26T00:00:00+00:00
[2024-08-26T12:41:28.638+0000] {processor.py:179} INFO - Processing /home/airflow/.local/lib/python3.8/site-packages/airflow/example_dags/example_branch_datetime_operator.py took 0.200 seconds
[2024-08-26T12:41:58.899+0000] {processor.py:157} INFO - Started process (PID=798) to work on /home/airflow/.local/lib/python3.8/site-packages/airflow/example_dags/example_branch_datetime_operator.py
[2024-08-26T12:41:58.900+0000] {processor.py:829} INFO - Processing file /home/airflow/.local/lib/python3.8/site-packages/airflow/example_dags/example_branch_datetime_operator.py for tasks to queue
[2024-08-26T12:41:58.904+0000] {logging_mixin.py:154} INFO - [2024-08-26T12:41:58.904+0000] {dagbag.py:536} INFO - Filling up the DagBag from /home/airflow/.local/lib/python3.8/site-packages/airflow/example_dags/example_branch_datetime_operator.py
[2024-08-26T12:41:58.921+0000] {processor.py:839} INFO - DAG(s) dict_keys(['example_branch_datetime_operator_3', 'example_branch_datetime_operator_2', 'example_branch_datetime_operator']) retrieved from /home/airflow/.local/lib/python3.8/site-packages/airflow/example_dags/example_branch_datetime_operator.py
[2024-08-26T12:41:58.976+0000] {logging_mixin.py:154} INFO - [2024-08-26T12:41:58.976+0000] {dag.py:2941} INFO - Sync 3 DAGs
[2024-08-26T12:41:59.023+0000] {logging_mixin.py:154} INFO - [2024-08-26T12:41:59.023+0000] {dag.py:3722} INFO - Setting next_dagrun for example_branch_datetime_operator to 2024-08-25T00:00:00+00:00, run_after=2024-08-26T00:00:00+00:00
[2024-08-26T12:41:59.033+0000] {logging_mixin.py:154} INFO - [2024-08-26T12:41:59.033+0000] {dag.py:3722} INFO - Setting next_dagrun for example_branch_datetime_operator_2 to 2024-08-25T00:00:00+00:00, run_after=2024-08-26T00:00:00+00:00
[2024-08-26T12:41:59.039+0000] {logging_mixin.py:154} INFO - [2024-08-26T12:41:59.039+0000] {dag.py:3722} INFO - Setting next_dagrun for example_branch_datetime_operator_3 to 2024-08-25T00:00:00+00:00, run_after=2024-08-26T00:00:00+00:00
[2024-08-26T12:41:59.075+0000] {processor.py:179} INFO - Processing /home/airflow/.local/lib/python3.8/site-packages/airflow/example_dags/example_branch_datetime_operator.py took 0.182 seconds
[2024-08-26T12:42:29.310+0000] {processor.py:157} INFO - Started process (PID=871) to work on /home/airflow/.local/lib/python3.8/site-packages/airflow/example_dags/example_branch_datetime_operator.py
[2024-08-26T12:42:29.312+0000] {processor.py:829} INFO - Processing file /home/airflow/.local/lib/python3.8/site-packages/airflow/example_dags/example_branch_datetime_operator.py for tasks to queue
[2024-08-26T12:42:29.316+0000] {logging_mixin.py:154} INFO - [2024-08-26T12:42:29.316+0000] {dagbag.py:536} INFO - Filling up the DagBag from /home/airflow/.local/lib/python3.8/site-packages/airflow/example_dags/example_branch_datetime_operator.py
[2024-08-26T12:42:29.340+0000] {processor.py:839} INFO - DAG(s) dict_keys(['example_branch_datetime_operator_2', 'example_branch_datetime_operator_3', 'example_branch_datetime_operator']) retrieved from /home/airflow/.local/lib/python3.8/site-packages/airflow/example_dags/example_branch_datetime_operator.py
[2024-08-26T12:42:29.393+0000] {logging_mixin.py:154} INFO - [2024-08-26T12:42:29.392+0000] {dag.py:2941} INFO - Sync 3 DAGs
[2024-08-26T12:42:29.439+0000] {logging_mixin.py:154} INFO - [2024-08-26T12:42:29.439+0000] {dag.py:3722} INFO - Setting next_dagrun for example_branch_datetime_operator to 2024-08-25T00:00:00+00:00, run_after=2024-08-26T00:00:00+00:00
[2024-08-26T12:42:29.450+0000] {logging_mixin.py:154} INFO - [2024-08-26T12:42:29.449+0000] {dag.py:3722} INFO - Setting next_dagrun for example_branch_datetime_operator_2 to 2024-08-25T00:00:00+00:00, run_after=2024-08-26T00:00:00+00:00
[2024-08-26T12:42:29.458+0000] {logging_mixin.py:154} INFO - [2024-08-26T12:42:29.457+0000] {dag.py:3722} INFO - Setting next_dagrun for example_branch_datetime_operator_3 to 2024-08-25T00:00:00+00:00, run_after=2024-08-26T00:00:00+00:00
[2024-08-26T12:42:29.530+0000] {processor.py:179} INFO - Processing /home/airflow/.local/lib/python3.8/site-packages/airflow/example_dags/example_branch_datetime_operator.py took 0.225 seconds
[2024-08-26T12:43:00.514+0000] {processor.py:157} INFO - Started process (PID=938) to work on /home/airflow/.local/lib/python3.8/site-packages/airflow/example_dags/example_branch_datetime_operator.py
[2024-08-26T12:43:00.516+0000] {processor.py:829} INFO - Processing file /home/airflow/.local/lib/python3.8/site-packages/airflow/example_dags/example_branch_datetime_operator.py for tasks to queue
[2024-08-26T12:43:00.519+0000] {logging_mixin.py:154} INFO - [2024-08-26T12:43:00.519+0000] {dagbag.py:536} INFO - Filling up the DagBag from /home/airflow/.local/lib/python3.8/site-packages/airflow/example_dags/example_branch_datetime_operator.py
[2024-08-26T12:43:00.537+0000] {processor.py:839} INFO - DAG(s) dict_keys(['example_branch_datetime_operator_3', 'example_branch_datetime_operator_2', 'example_branch_datetime_operator']) retrieved from /home/airflow/.local/lib/python3.8/site-packages/airflow/example_dags/example_branch_datetime_operator.py
[2024-08-26T12:43:00.585+0000] {logging_mixin.py:154} INFO - [2024-08-26T12:43:00.585+0000] {dag.py:2941} INFO - Sync 3 DAGs
[2024-08-26T12:43:00.630+0000] {logging_mixin.py:154} INFO - [2024-08-26T12:43:00.630+0000] {dag.py:3722} INFO - Setting next_dagrun for example_branch_datetime_operator to 2024-08-25T00:00:00+00:00, run_after=2024-08-26T00:00:00+00:00
[2024-08-26T12:43:00.641+0000] {logging_mixin.py:154} INFO - [2024-08-26T12:43:00.641+0000] {dag.py:3722} INFO - Setting next_dagrun for example_branch_datetime_operator_2 to 2024-08-25T00:00:00+00:00, run_after=2024-08-26T00:00:00+00:00
[2024-08-26T12:43:00.647+0000] {logging_mixin.py:154} INFO - [2024-08-26T12:43:00.647+0000] {dag.py:3722} INFO - Setting next_dagrun for example_branch_datetime_operator_3 to 2024-08-25T00:00:00+00:00, run_after=2024-08-26T00:00:00+00:00
[2024-08-26T12:43:00.718+0000] {processor.py:179} INFO - Processing /home/airflow/.local/lib/python3.8/site-packages/airflow/example_dags/example_branch_datetime_operator.py took 0.209 seconds
[2024-08-26T12:43:31.535+0000] {processor.py:157} INFO - Started process (PID=1016) to work on /home/airflow/.local/lib/python3.8/site-packages/airflow/example_dags/example_branch_datetime_operator.py
[2024-08-26T12:43:31.537+0000] {processor.py:829} INFO - Processing file /home/airflow/.local/lib/python3.8/site-packages/airflow/example_dags/example_branch_datetime_operator.py for tasks to queue
[2024-08-26T12:43:31.541+0000] {logging_mixin.py:154} INFO - [2024-08-26T12:43:31.541+0000] {dagbag.py:536} INFO - Filling up the DagBag from /home/airflow/.local/lib/python3.8/site-packages/airflow/example_dags/example_branch_datetime_operator.py
[2024-08-26T12:43:31.565+0000] {processor.py:839} INFO - DAG(s) dict_keys(['example_branch_datetime_operator', 'example_branch_datetime_operator_3', 'example_branch_datetime_operator_2']) retrieved from /home/airflow/.local/lib/python3.8/site-packages/airflow/example_dags/example_branch_datetime_operator.py
[2024-08-26T12:43:31.618+0000] {logging_mixin.py:154} INFO - [2024-08-26T12:43:31.617+0000] {dag.py:2941} INFO - Sync 3 DAGs
[2024-08-26T12:43:31.668+0000] {logging_mixin.py:154} INFO - [2024-08-26T12:43:31.667+0000] {dag.py:3722} INFO - Setting next_dagrun for example_branch_datetime_operator to 2024-08-25T00:00:00+00:00, run_after=2024-08-26T00:00:00+00:00
[2024-08-26T12:43:31.679+0000] {logging_mixin.py:154} INFO - [2024-08-26T12:43:31.679+0000] {dag.py:3722} INFO - Setting next_dagrun for example_branch_datetime_operator_2 to 2024-08-25T00:00:00+00:00, run_after=2024-08-26T00:00:00+00:00
[2024-08-26T12:43:31.685+0000] {logging_mixin.py:154} INFO - [2024-08-26T12:43:31.685+0000] {dag.py:3722} INFO - Setting next_dagrun for example_branch_datetime_operator_3 to 2024-08-25T00:00:00+00:00, run_after=2024-08-26T00:00:00+00:00
[2024-08-26T12:43:31.724+0000] {processor.py:179} INFO - Processing /home/airflow/.local/lib/python3.8/site-packages/airflow/example_dags/example_branch_datetime_operator.py took 0.194 seconds
[2024-08-26T12:44:02.266+0000] {processor.py:157} INFO - Started process (PID=1082) to work on /home/airflow/.local/lib/python3.8/site-packages/airflow/example_dags/example_branch_datetime_operator.py
[2024-08-26T12:44:02.268+0000] {processor.py:829} INFO - Processing file /home/airflow/.local/lib/python3.8/site-packages/airflow/example_dags/example_branch_datetime_operator.py for tasks to queue
[2024-08-26T12:44:02.273+0000] {logging_mixin.py:154} INFO - [2024-08-26T12:44:02.272+0000] {dagbag.py:536} INFO - Filling up the DagBag from /home/airflow/.local/lib/python3.8/site-packages/airflow/example_dags/example_branch_datetime_operator.py
[2024-08-26T12:44:02.296+0000] {processor.py:839} INFO - DAG(s) dict_keys(['example_branch_datetime_operator_3', 'example_branch_datetime_operator', 'example_branch_datetime_operator_2']) retrieved from /home/airflow/.local/lib/python3.8/site-packages/airflow/example_dags/example_branch_datetime_operator.py
[2024-08-26T12:44:02.355+0000] {logging_mixin.py:154} INFO - [2024-08-26T12:44:02.355+0000] {dag.py:2941} INFO - Sync 3 DAGs
[2024-08-26T12:44:02.408+0000] {logging_mixin.py:154} INFO - [2024-08-26T12:44:02.407+0000] {dag.py:3722} INFO - Setting next_dagrun for example_branch_datetime_operator to 2024-08-25T00:00:00+00:00, run_after=2024-08-26T00:00:00+00:00
[2024-08-26T12:44:02.418+0000] {logging_mixin.py:154} INFO - [2024-08-26T12:44:02.418+0000] {dag.py:3722} INFO - Setting next_dagrun for example_branch_datetime_operator_2 to 2024-08-25T00:00:00+00:00, run_after=2024-08-26T00:00:00+00:00
[2024-08-26T12:44:02.424+0000] {logging_mixin.py:154} INFO - [2024-08-26T12:44:02.424+0000] {dag.py:3722} INFO - Setting next_dagrun for example_branch_datetime_operator_3 to 2024-08-25T00:00:00+00:00, run_after=2024-08-26T00:00:00+00:00
[2024-08-26T12:44:02.454+0000] {processor.py:179} INFO - Processing /home/airflow/.local/lib/python3.8/site-packages/airflow/example_dags/example_branch_datetime_operator.py took 0.193 seconds
[2024-08-26T12:44:32.967+0000] {processor.py:157} INFO - Started process (PID=1149) to work on /home/airflow/.local/lib/python3.8/site-packages/airflow/example_dags/example_branch_datetime_operator.py
[2024-08-26T12:44:32.969+0000] {processor.py:829} INFO - Processing file /home/airflow/.local/lib/python3.8/site-packages/airflow/example_dags/example_branch_datetime_operator.py for tasks to queue
[2024-08-26T12:44:32.973+0000] {logging_mixin.py:154} INFO - [2024-08-26T12:44:32.973+0000] {dagbag.py:536} INFO - Filling up the DagBag from /home/airflow/.local/lib/python3.8/site-packages/airflow/example_dags/example_branch_datetime_operator.py
[2024-08-26T12:44:32.993+0000] {processor.py:839} INFO - DAG(s) dict_keys(['example_branch_datetime_operator', 'example_branch_datetime_operator_2', 'example_branch_datetime_operator_3']) retrieved from /home/airflow/.local/lib/python3.8/site-packages/airflow/example_dags/example_branch_datetime_operator.py
[2024-08-26T12:44:33.049+0000] {logging_mixin.py:154} INFO - [2024-08-26T12:44:33.048+0000] {dag.py:2941} INFO - Sync 3 DAGs
[2024-08-26T12:44:33.098+0000] {logging_mixin.py:154} INFO - [2024-08-26T12:44:33.098+0000] {dag.py:3722} INFO - Setting next_dagrun for example_branch_datetime_operator to 2024-08-25T00:00:00+00:00, run_after=2024-08-26T00:00:00+00:00
[2024-08-26T12:44:33.108+0000] {logging_mixin.py:154} INFO - [2024-08-26T12:44:33.108+0000] {dag.py:3722} INFO - Setting next_dagrun for example_branch_datetime_operator_2 to 2024-08-25T00:00:00+00:00, run_after=2024-08-26T00:00:00+00:00
[2024-08-26T12:44:33.114+0000] {logging_mixin.py:154} INFO - [2024-08-26T12:44:33.114+0000] {dag.py:3722} INFO - Setting next_dagrun for example_branch_datetime_operator_3 to 2024-08-25T00:00:00+00:00, run_after=2024-08-26T00:00:00+00:00
[2024-08-26T12:44:33.170+0000] {processor.py:179} INFO - Processing /home/airflow/.local/lib/python3.8/site-packages/airflow/example_dags/example_branch_datetime_operator.py took 0.210 seconds
[2024-08-26T12:45:04.177+0000] {processor.py:157} INFO - Started process (PID=1216) to work on /home/airflow/.local/lib/python3.8/site-packages/airflow/example_dags/example_branch_datetime_operator.py
[2024-08-26T12:45:04.179+0000] {processor.py:829} INFO - Processing file /home/airflow/.local/lib/python3.8/site-packages/airflow/example_dags/example_branch_datetime_operator.py for tasks to queue
[2024-08-26T12:45:04.183+0000] {logging_mixin.py:154} INFO - [2024-08-26T12:45:04.183+0000] {dagbag.py:536} INFO - Filling up the DagBag from /home/airflow/.local/lib/python3.8/site-packages/airflow/example_dags/example_branch_datetime_operator.py
[2024-08-26T12:45:04.207+0000] {processor.py:839} INFO - DAG(s) dict_keys(['example_branch_datetime_operator', 'example_branch_datetime_operator_2', 'example_branch_datetime_operator_3']) retrieved from /home/airflow/.local/lib/python3.8/site-packages/airflow/example_dags/example_branch_datetime_operator.py
[2024-08-26T12:45:04.274+0000] {logging_mixin.py:154} INFO - [2024-08-26T12:45:04.274+0000] {dag.py:2941} INFO - Sync 3 DAGs
[2024-08-26T12:45:04.326+0000] {logging_mixin.py:154} INFO - [2024-08-26T12:45:04.325+0000] {dag.py:3722} INFO - Setting next_dagrun for example_branch_datetime_operator to 2024-08-25T00:00:00+00:00, run_after=2024-08-26T00:00:00+00:00
[2024-08-26T12:45:04.336+0000] {logging_mixin.py:154} INFO - [2024-08-26T12:45:04.335+0000] {dag.py:3722} INFO - Setting next_dagrun for example_branch_datetime_operator_2 to 2024-08-25T00:00:00+00:00, run_after=2024-08-26T00:00:00+00:00
[2024-08-26T12:45:04.341+0000] {logging_mixin.py:154} INFO - [2024-08-26T12:45:04.341+0000] {dag.py:3722} INFO - Setting next_dagrun for example_branch_datetime_operator_3 to 2024-08-25T00:00:00+00:00, run_after=2024-08-26T00:00:00+00:00
[2024-08-26T12:45:04.412+0000] {processor.py:179} INFO - Processing /home/airflow/.local/lib/python3.8/site-packages/airflow/example_dags/example_branch_datetime_operator.py took 0.240 seconds
[2024-08-26T12:45:34.592+0000] {processor.py:157} INFO - Started process (PID=1282) to work on /home/airflow/.local/lib/python3.8/site-packages/airflow/example_dags/example_branch_datetime_operator.py
[2024-08-26T12:45:34.593+0000] {processor.py:829} INFO - Processing file /home/airflow/.local/lib/python3.8/site-packages/airflow/example_dags/example_branch_datetime_operator.py for tasks to queue
[2024-08-26T12:45:34.597+0000] {logging_mixin.py:154} INFO - [2024-08-26T12:45:34.596+0000] {dagbag.py:536} INFO - Filling up the DagBag from /home/airflow/.local/lib/python3.8/site-packages/airflow/example_dags/example_branch_datetime_operator.py
[2024-08-26T12:45:34.615+0000] {processor.py:839} INFO - DAG(s) dict_keys(['example_branch_datetime_operator', 'example_branch_datetime_operator_2', 'example_branch_datetime_operator_3']) retrieved from /home/airflow/.local/lib/python3.8/site-packages/airflow/example_dags/example_branch_datetime_operator.py
[2024-08-26T12:45:34.666+0000] {logging_mixin.py:154} INFO - [2024-08-26T12:45:34.666+0000] {dag.py:2941} INFO - Sync 3 DAGs
[2024-08-26T12:45:34.714+0000] {logging_mixin.py:154} INFO - [2024-08-26T12:45:34.714+0000] {dag.py:3722} INFO - Setting next_dagrun for example_branch_datetime_operator to 2024-08-25T00:00:00+00:00, run_after=2024-08-26T00:00:00+00:00
[2024-08-26T12:45:34.726+0000] {logging_mixin.py:154} INFO - [2024-08-26T12:45:34.726+0000] {dag.py:3722} INFO - Setting next_dagrun for example_branch_datetime_operator_2 to 2024-08-25T00:00:00+00:00, run_after=2024-08-26T00:00:00+00:00
[2024-08-26T12:45:34.733+0000] {logging_mixin.py:154} INFO - [2024-08-26T12:45:34.733+0000] {dag.py:3722} INFO - Setting next_dagrun for example_branch_datetime_operator_3 to 2024-08-25T00:00:00+00:00, run_after=2024-08-26T00:00:00+00:00
[2024-08-26T12:45:34.804+0000] {processor.py:179} INFO - Processing /home/airflow/.local/lib/python3.8/site-packages/airflow/example_dags/example_branch_datetime_operator.py took 0.218 seconds
[2024-08-26T12:46:05.048+0000] {processor.py:157} INFO - Started process (PID=1348) to work on /home/airflow/.local/lib/python3.8/site-packages/airflow/example_dags/example_branch_datetime_operator.py
[2024-08-26T12:46:05.050+0000] {processor.py:829} INFO - Processing file /home/airflow/.local/lib/python3.8/site-packages/airflow/example_dags/example_branch_datetime_operator.py for tasks to queue
[2024-08-26T12:46:05.055+0000] {logging_mixin.py:154} INFO - [2024-08-26T12:46:05.054+0000] {dagbag.py:536} INFO - Filling up the DagBag from /home/airflow/.local/lib/python3.8/site-packages/airflow/example_dags/example_branch_datetime_operator.py
[2024-08-26T12:46:05.076+0000] {processor.py:839} INFO - DAG(s) dict_keys(['example_branch_datetime_operator', 'example_branch_datetime_operator_3', 'example_branch_datetime_operator_2']) retrieved from /home/airflow/.local/lib/python3.8/site-packages/airflow/example_dags/example_branch_datetime_operator.py
[2024-08-26T12:46:05.144+0000] {logging_mixin.py:154} INFO - [2024-08-26T12:46:05.144+0000] {dag.py:2941} INFO - Sync 3 DAGs
[2024-08-26T12:46:05.210+0000] {logging_mixin.py:154} INFO - [2024-08-26T12:46:05.209+0000] {dag.py:3722} INFO - Setting next_dagrun for example_branch_datetime_operator to 2024-08-25T00:00:00+00:00, run_after=2024-08-26T00:00:00+00:00
[2024-08-26T12:46:05.221+0000] {logging_mixin.py:154} INFO - [2024-08-26T12:46:05.221+0000] {dag.py:3722} INFO - Setting next_dagrun for example_branch_datetime_operator_2 to 2024-08-25T00:00:00+00:00, run_after=2024-08-26T00:00:00+00:00
[2024-08-26T12:46:05.227+0000] {logging_mixin.py:154} INFO - [2024-08-26T12:46:05.227+0000] {dag.py:3722} INFO - Setting next_dagrun for example_branch_datetime_operator_3 to 2024-08-25T00:00:00+00:00, run_after=2024-08-26T00:00:00+00:00
[2024-08-26T12:46:05.297+0000] {processor.py:179} INFO - Processing /home/airflow/.local/lib/python3.8/site-packages/airflow/example_dags/example_branch_datetime_operator.py took 0.255 seconds
[2024-08-26T12:46:35.369+0000] {processor.py:157} INFO - Started process (PID=1414) to work on /home/airflow/.local/lib/python3.8/site-packages/airflow/example_dags/example_branch_datetime_operator.py
[2024-08-26T12:46:35.370+0000] {processor.py:829} INFO - Processing file /home/airflow/.local/lib/python3.8/site-packages/airflow/example_dags/example_branch_datetime_operator.py for tasks to queue
[2024-08-26T12:46:35.374+0000] {logging_mixin.py:154} INFO - [2024-08-26T12:46:35.373+0000] {dagbag.py:536} INFO - Filling up the DagBag from /home/airflow/.local/lib/python3.8/site-packages/airflow/example_dags/example_branch_datetime_operator.py
[2024-08-26T12:46:35.391+0000] {processor.py:839} INFO - DAG(s) dict_keys(['example_branch_datetime_operator_2', 'example_branch_datetime_operator', 'example_branch_datetime_operator_3']) retrieved from /home/airflow/.local/lib/python3.8/site-packages/airflow/example_dags/example_branch_datetime_operator.py
[2024-08-26T12:46:35.445+0000] {logging_mixin.py:154} INFO - [2024-08-26T12:46:35.445+0000] {dag.py:2941} INFO - Sync 3 DAGs
[2024-08-26T12:46:35.504+0000] {logging_mixin.py:154} INFO - [2024-08-26T12:46:35.503+0000] {dag.py:3722} INFO - Setting next_dagrun for example_branch_datetime_operator to 2024-08-25T00:00:00+00:00, run_after=2024-08-26T00:00:00+00:00
[2024-08-26T12:46:35.514+0000] {logging_mixin.py:154} INFO - [2024-08-26T12:46:35.513+0000] {dag.py:3722} INFO - Setting next_dagrun for example_branch_datetime_operator_2 to 2024-08-25T00:00:00+00:00, run_after=2024-08-26T00:00:00+00:00
[2024-08-26T12:46:35.519+0000] {logging_mixin.py:154} INFO - [2024-08-26T12:46:35.519+0000] {dag.py:3722} INFO - Setting next_dagrun for example_branch_datetime_operator_3 to 2024-08-25T00:00:00+00:00, run_after=2024-08-26T00:00:00+00:00
[2024-08-26T12:46:35.586+0000] {processor.py:179} INFO - Processing /home/airflow/.local/lib/python3.8/site-packages/airflow/example_dags/example_branch_datetime_operator.py took 0.223 seconds
[2024-08-26T12:47:05.647+0000] {processor.py:157} INFO - Started process (PID=1480) to work on /home/airflow/.local/lib/python3.8/site-packages/airflow/example_dags/example_branch_datetime_operator.py
[2024-08-26T12:47:05.650+0000] {processor.py:829} INFO - Processing file /home/airflow/.local/lib/python3.8/site-packages/airflow/example_dags/example_branch_datetime_operator.py for tasks to queue
[2024-08-26T12:47:05.654+0000] {logging_mixin.py:154} INFO - [2024-08-26T12:47:05.653+0000] {dagbag.py:536} INFO - Filling up the DagBag from /home/airflow/.local/lib/python3.8/site-packages/airflow/example_dags/example_branch_datetime_operator.py
[2024-08-26T12:47:05.675+0000] {processor.py:839} INFO - DAG(s) dict_keys(['example_branch_datetime_operator', 'example_branch_datetime_operator_2', 'example_branch_datetime_operator_3']) retrieved from /home/airflow/.local/lib/python3.8/site-packages/airflow/example_dags/example_branch_datetime_operator.py
[2024-08-26T12:47:05.732+0000] {logging_mixin.py:154} INFO - [2024-08-26T12:47:05.731+0000] {dag.py:2941} INFO - Sync 3 DAGs
[2024-08-26T12:47:05.784+0000] {logging_mixin.py:154} INFO - [2024-08-26T12:47:05.784+0000] {dag.py:3722} INFO - Setting next_dagrun for example_branch_datetime_operator to 2024-08-25T00:00:00+00:00, run_after=2024-08-26T00:00:00+00:00
[2024-08-26T12:47:05.797+0000] {logging_mixin.py:154} INFO - [2024-08-26T12:47:05.797+0000] {dag.py:3722} INFO - Setting next_dagrun for example_branch_datetime_operator_2 to 2024-08-25T00:00:00+00:00, run_after=2024-08-26T00:00:00+00:00
[2024-08-26T12:47:05.807+0000] {logging_mixin.py:154} INFO - [2024-08-26T12:47:05.806+0000] {dag.py:3722} INFO - Setting next_dagrun for example_branch_datetime_operator_3 to 2024-08-25T00:00:00+00:00, run_after=2024-08-26T00:00:00+00:00
[2024-08-26T12:47:05.851+0000] {processor.py:179} INFO - Processing /home/airflow/.local/lib/python3.8/site-packages/airflow/example_dags/example_branch_datetime_operator.py took 0.211 seconds
[2024-08-26T12:47:36.590+0000] {processor.py:157} INFO - Started process (PID=1546) to work on /home/airflow/.local/lib/python3.8/site-packages/airflow/example_dags/example_branch_datetime_operator.py
[2024-08-26T12:47:36.592+0000] {processor.py:829} INFO - Processing file /home/airflow/.local/lib/python3.8/site-packages/airflow/example_dags/example_branch_datetime_operator.py for tasks to queue
[2024-08-26T12:47:36.595+0000] {logging_mixin.py:154} INFO - [2024-08-26T12:47:36.595+0000] {dagbag.py:536} INFO - Filling up the DagBag from /home/airflow/.local/lib/python3.8/site-packages/airflow/example_dags/example_branch_datetime_operator.py
[2024-08-26T12:47:36.612+0000] {processor.py:839} INFO - DAG(s) dict_keys(['example_branch_datetime_operator', 'example_branch_datetime_operator_2', 'example_branch_datetime_operator_3']) retrieved from /home/airflow/.local/lib/python3.8/site-packages/airflow/example_dags/example_branch_datetime_operator.py
[2024-08-26T12:47:36.659+0000] {logging_mixin.py:154} INFO - [2024-08-26T12:47:36.659+0000] {dag.py:2941} INFO - Sync 3 DAGs
[2024-08-26T12:47:36.706+0000] {logging_mixin.py:154} INFO - [2024-08-26T12:47:36.706+0000] {dag.py:3722} INFO - Setting next_dagrun for example_branch_datetime_operator to 2024-08-25T00:00:00+00:00, run_after=2024-08-26T00:00:00+00:00
[2024-08-26T12:47:36.716+0000] {logging_mixin.py:154} INFO - [2024-08-26T12:47:36.715+0000] {dag.py:3722} INFO - Setting next_dagrun for example_branch_datetime_operator_2 to 2024-08-25T00:00:00+00:00, run_after=2024-08-26T00:00:00+00:00
[2024-08-26T12:47:36.721+0000] {logging_mixin.py:154} INFO - [2024-08-26T12:47:36.721+0000] {dag.py:3722} INFO - Setting next_dagrun for example_branch_datetime_operator_3 to 2024-08-25T00:00:00+00:00, run_after=2024-08-26T00:00:00+00:00
[2024-08-26T12:47:36.752+0000] {processor.py:179} INFO - Processing /home/airflow/.local/lib/python3.8/site-packages/airflow/example_dags/example_branch_datetime_operator.py took 0.168 seconds
[2024-08-26T12:48:07.588+0000] {processor.py:157} INFO - Started process (PID=1612) to work on /home/airflow/.local/lib/python3.8/site-packages/airflow/example_dags/example_branch_datetime_operator.py
[2024-08-26T12:48:07.589+0000] {processor.py:829} INFO - Processing file /home/airflow/.local/lib/python3.8/site-packages/airflow/example_dags/example_branch_datetime_operator.py for tasks to queue
[2024-08-26T12:48:07.593+0000] {logging_mixin.py:154} INFO - [2024-08-26T12:48:07.592+0000] {dagbag.py:536} INFO - Filling up the DagBag from /home/airflow/.local/lib/python3.8/site-packages/airflow/example_dags/example_branch_datetime_operator.py
[2024-08-26T12:48:07.610+0000] {processor.py:839} INFO - DAG(s) dict_keys(['example_branch_datetime_operator_3', 'example_branch_datetime_operator', 'example_branch_datetime_operator_2']) retrieved from /home/airflow/.local/lib/python3.8/site-packages/airflow/example_dags/example_branch_datetime_operator.py
[2024-08-26T12:48:07.659+0000] {logging_mixin.py:154} INFO - [2024-08-26T12:48:07.659+0000] {dag.py:2941} INFO - Sync 3 DAGs
[2024-08-26T12:48:07.704+0000] {logging_mixin.py:154} INFO - [2024-08-26T12:48:07.704+0000] {dag.py:3722} INFO - Setting next_dagrun for example_branch_datetime_operator to 2024-08-25T00:00:00+00:00, run_after=2024-08-26T00:00:00+00:00
[2024-08-26T12:48:07.713+0000] {logging_mixin.py:154} INFO - [2024-08-26T12:48:07.713+0000] {dag.py:3722} INFO - Setting next_dagrun for example_branch_datetime_operator_2 to 2024-08-25T00:00:00+00:00, run_after=2024-08-26T00:00:00+00:00
[2024-08-26T12:48:07.719+0000] {logging_mixin.py:154} INFO - [2024-08-26T12:48:07.719+0000] {dag.py:3722} INFO - Setting next_dagrun for example_branch_datetime_operator_3 to 2024-08-25T00:00:00+00:00, run_after=2024-08-26T00:00:00+00:00
[2024-08-26T12:48:07.749+0000] {processor.py:179} INFO - Processing /home/airflow/.local/lib/python3.8/site-packages/airflow/example_dags/example_branch_datetime_operator.py took 0.167 seconds
[2024-08-26T12:49:35.903+0000] {processor.py:157} INFO - Started process (PID=1672) to work on /home/airflow/.local/lib/python3.8/site-packages/airflow/example_dags/example_branch_datetime_operator.py
[2024-08-26T12:49:35.906+0000] {processor.py:829} INFO - Processing file /home/airflow/.local/lib/python3.8/site-packages/airflow/example_dags/example_branch_datetime_operator.py for tasks to queue
[2024-08-26T12:49:35.911+0000] {logging_mixin.py:154} INFO - [2024-08-26T12:49:35.910+0000] {dagbag.py:536} INFO - Filling up the DagBag from /home/airflow/.local/lib/python3.8/site-packages/airflow/example_dags/example_branch_datetime_operator.py
[2024-08-26T12:49:35.934+0000] {processor.py:839} INFO - DAG(s) dict_keys(['example_branch_datetime_operator_2', 'example_branch_datetime_operator', 'example_branch_datetime_operator_3']) retrieved from /home/airflow/.local/lib/python3.8/site-packages/airflow/example_dags/example_branch_datetime_operator.py
[2024-08-26T12:49:35.988+0000] {logging_mixin.py:154} INFO - [2024-08-26T12:49:35.988+0000] {dag.py:2941} INFO - Sync 3 DAGs
[2024-08-26T12:49:36.036+0000] {logging_mixin.py:154} INFO - [2024-08-26T12:49:36.035+0000] {dag.py:3722} INFO - Setting next_dagrun for example_branch_datetime_operator to 2024-08-25T00:00:00+00:00, run_after=2024-08-26T00:00:00+00:00
[2024-08-26T12:49:36.047+0000] {logging_mixin.py:154} INFO - [2024-08-26T12:49:36.047+0000] {dag.py:3722} INFO - Setting next_dagrun for example_branch_datetime_operator_2 to 2024-08-25T00:00:00+00:00, run_after=2024-08-26T00:00:00+00:00
[2024-08-26T12:49:36.054+0000] {logging_mixin.py:154} INFO - [2024-08-26T12:49:36.054+0000] {dag.py:3722} INFO - Setting next_dagrun for example_branch_datetime_operator_3 to 2024-08-25T00:00:00+00:00, run_after=2024-08-26T00:00:00+00:00
[2024-08-26T12:49:36.089+0000] {processor.py:179} INFO - Processing /home/airflow/.local/lib/python3.8/site-packages/airflow/example_dags/example_branch_datetime_operator.py took 0.194 seconds
[2024-08-26T12:50:07.603+0000] {processor.py:157} INFO - Started process (PID=1738) to work on /home/airflow/.local/lib/python3.8/site-packages/airflow/example_dags/example_branch_datetime_operator.py
[2024-08-26T12:50:07.606+0000] {processor.py:829} INFO - Processing file /home/airflow/.local/lib/python3.8/site-packages/airflow/example_dags/example_branch_datetime_operator.py for tasks to queue
[2024-08-26T12:50:07.609+0000] {logging_mixin.py:154} INFO - [2024-08-26T12:50:07.609+0000] {dagbag.py:536} INFO - Filling up the DagBag from /home/airflow/.local/lib/python3.8/site-packages/airflow/example_dags/example_branch_datetime_operator.py
[2024-08-26T12:50:07.630+0000] {processor.py:839} INFO - DAG(s) dict_keys(['example_branch_datetime_operator', 'example_branch_datetime_operator_3', 'example_branch_datetime_operator_2']) retrieved from /home/airflow/.local/lib/python3.8/site-packages/airflow/example_dags/example_branch_datetime_operator.py
[2024-08-26T12:50:07.687+0000] {logging_mixin.py:154} INFO - [2024-08-26T12:50:07.686+0000] {dag.py:2941} INFO - Sync 3 DAGs
[2024-08-26T12:50:07.740+0000] {logging_mixin.py:154} INFO - [2024-08-26T12:50:07.740+0000] {dag.py:3722} INFO - Setting next_dagrun for example_branch_datetime_operator to 2024-08-25T00:00:00+00:00, run_after=2024-08-26T00:00:00+00:00
[2024-08-26T12:50:07.752+0000] {logging_mixin.py:154} INFO - [2024-08-26T12:50:07.751+0000] {dag.py:3722} INFO - Setting next_dagrun for example_branch_datetime_operator_2 to 2024-08-25T00:00:00+00:00, run_after=2024-08-26T00:00:00+00:00
[2024-08-26T12:50:07.759+0000] {logging_mixin.py:154} INFO - [2024-08-26T12:50:07.758+0000] {dag.py:3722} INFO - Setting next_dagrun for example_branch_datetime_operator_3 to 2024-08-25T00:00:00+00:00, run_after=2024-08-26T00:00:00+00:00
[2024-08-26T12:50:07.797+0000] {processor.py:179} INFO - Processing /home/airflow/.local/lib/python3.8/site-packages/airflow/example_dags/example_branch_datetime_operator.py took 0.200 seconds
[2024-08-26T12:50:39.100+0000] {processor.py:157} INFO - Started process (PID=1811) to work on /home/airflow/.local/lib/python3.8/site-packages/airflow/example_dags/example_branch_datetime_operator.py
[2024-08-26T12:50:39.102+0000] {processor.py:829} INFO - Processing file /home/airflow/.local/lib/python3.8/site-packages/airflow/example_dags/example_branch_datetime_operator.py for tasks to queue
[2024-08-26T12:50:39.107+0000] {logging_mixin.py:154} INFO - [2024-08-26T12:50:39.107+0000] {dagbag.py:536} INFO - Filling up the DagBag from /home/airflow/.local/lib/python3.8/site-packages/airflow/example_dags/example_branch_datetime_operator.py
[2024-08-26T12:50:39.133+0000] {processor.py:839} INFO - DAG(s) dict_keys(['example_branch_datetime_operator_3', 'example_branch_datetime_operator_2', 'example_branch_datetime_operator']) retrieved from /home/airflow/.local/lib/python3.8/site-packages/airflow/example_dags/example_branch_datetime_operator.py
[2024-08-26T12:50:39.192+0000] {logging_mixin.py:154} INFO - [2024-08-26T12:50:39.191+0000] {dag.py:2941} INFO - Sync 3 DAGs
[2024-08-26T12:50:39.244+0000] {logging_mixin.py:154} INFO - [2024-08-26T12:50:39.244+0000] {dag.py:3722} INFO - Setting next_dagrun for example_branch_datetime_operator to 2024-08-25T00:00:00+00:00, run_after=2024-08-26T00:00:00+00:00
[2024-08-26T12:50:39.259+0000] {logging_mixin.py:154} INFO - [2024-08-26T12:50:39.258+0000] {dag.py:3722} INFO - Setting next_dagrun for example_branch_datetime_operator_2 to 2024-08-25T00:00:00+00:00, run_after=2024-08-26T00:00:00+00:00
[2024-08-26T12:50:39.267+0000] {logging_mixin.py:154} INFO - [2024-08-26T12:50:39.267+0000] {dag.py:3722} INFO - Setting next_dagrun for example_branch_datetime_operator_3 to 2024-08-25T00:00:00+00:00, run_after=2024-08-26T00:00:00+00:00
[2024-08-26T12:50:39.301+0000] {processor.py:179} INFO - Processing /home/airflow/.local/lib/python3.8/site-packages/airflow/example_dags/example_branch_datetime_operator.py took 0.208 seconds
[2024-08-26T12:51:09.598+0000] {processor.py:157} INFO - Started process (PID=1878) to work on /home/airflow/.local/lib/python3.8/site-packages/airflow/example_dags/example_branch_datetime_operator.py
[2024-08-26T12:51:09.599+0000] {processor.py:829} INFO - Processing file /home/airflow/.local/lib/python3.8/site-packages/airflow/example_dags/example_branch_datetime_operator.py for tasks to queue
[2024-08-26T12:51:09.604+0000] {logging_mixin.py:154} INFO - [2024-08-26T12:51:09.603+0000] {dagbag.py:536} INFO - Filling up the DagBag from /home/airflow/.local/lib/python3.8/site-packages/airflow/example_dags/example_branch_datetime_operator.py
[2024-08-26T12:51:09.626+0000] {processor.py:839} INFO - DAG(s) dict_keys(['example_branch_datetime_operator', 'example_branch_datetime_operator_2', 'example_branch_datetime_operator_3']) retrieved from /home/airflow/.local/lib/python3.8/site-packages/airflow/example_dags/example_branch_datetime_operator.py
[2024-08-26T12:51:09.689+0000] {logging_mixin.py:154} INFO - [2024-08-26T12:51:09.688+0000] {dag.py:2941} INFO - Sync 3 DAGs
[2024-08-26T12:51:09.737+0000] {logging_mixin.py:154} INFO - [2024-08-26T12:51:09.736+0000] {dag.py:3722} INFO - Setting next_dagrun for example_branch_datetime_operator to 2024-08-25T00:00:00+00:00, run_after=2024-08-26T00:00:00+00:00
[2024-08-26T12:51:09.750+0000] {logging_mixin.py:154} INFO - [2024-08-26T12:51:09.750+0000] {dag.py:3722} INFO - Setting next_dagrun for example_branch_datetime_operator_2 to 2024-08-25T00:00:00+00:00, run_after=2024-08-26T00:00:00+00:00
[2024-08-26T12:51:09.758+0000] {logging_mixin.py:154} INFO - [2024-08-26T12:51:09.758+0000] {dag.py:3722} INFO - Setting next_dagrun for example_branch_datetime_operator_3 to 2024-08-25T00:00:00+00:00, run_after=2024-08-26T00:00:00+00:00
[2024-08-26T12:51:09.796+0000] {processor.py:179} INFO - Processing /home/airflow/.local/lib/python3.8/site-packages/airflow/example_dags/example_branch_datetime_operator.py took 0.205 seconds
[2024-08-26T12:51:40.243+0000] {processor.py:157} INFO - Started process (PID=1945) to work on /home/airflow/.local/lib/python3.8/site-packages/airflow/example_dags/example_branch_datetime_operator.py
[2024-08-26T12:51:40.245+0000] {processor.py:829} INFO - Processing file /home/airflow/.local/lib/python3.8/site-packages/airflow/example_dags/example_branch_datetime_operator.py for tasks to queue
[2024-08-26T12:51:40.248+0000] {logging_mixin.py:154} INFO - [2024-08-26T12:51:40.247+0000] {dagbag.py:536} INFO - Filling up the DagBag from /home/airflow/.local/lib/python3.8/site-packages/airflow/example_dags/example_branch_datetime_operator.py
[2024-08-26T12:51:40.268+0000] {processor.py:839} INFO - DAG(s) dict_keys(['example_branch_datetime_operator_3', 'example_branch_datetime_operator', 'example_branch_datetime_operator_2']) retrieved from /home/airflow/.local/lib/python3.8/site-packages/airflow/example_dags/example_branch_datetime_operator.py
[2024-08-26T12:51:40.329+0000] {logging_mixin.py:154} INFO - [2024-08-26T12:51:40.328+0000] {dag.py:2941} INFO - Sync 3 DAGs
[2024-08-26T12:51:40.387+0000] {logging_mixin.py:154} INFO - [2024-08-26T12:51:40.387+0000] {dag.py:3722} INFO - Setting next_dagrun for example_branch_datetime_operator to 2024-08-25T00:00:00+00:00, run_after=2024-08-26T00:00:00+00:00
[2024-08-26T12:51:40.398+0000] {logging_mixin.py:154} INFO - [2024-08-26T12:51:40.398+0000] {dag.py:3722} INFO - Setting next_dagrun for example_branch_datetime_operator_2 to 2024-08-25T00:00:00+00:00, run_after=2024-08-26T00:00:00+00:00
[2024-08-26T12:51:40.406+0000] {logging_mixin.py:154} INFO - [2024-08-26T12:51:40.406+0000] {dag.py:3722} INFO - Setting next_dagrun for example_branch_datetime_operator_3 to 2024-08-25T00:00:00+00:00, run_after=2024-08-26T00:00:00+00:00
[2024-08-26T12:51:40.444+0000] {processor.py:179} INFO - Processing /home/airflow/.local/lib/python3.8/site-packages/airflow/example_dags/example_branch_datetime_operator.py took 0.206 seconds
[2024-08-26T12:52:11.151+0000] {processor.py:157} INFO - Started process (PID=2011) to work on /home/airflow/.local/lib/python3.8/site-packages/airflow/example_dags/example_branch_datetime_operator.py
[2024-08-26T12:52:11.153+0000] {processor.py:829} INFO - Processing file /home/airflow/.local/lib/python3.8/site-packages/airflow/example_dags/example_branch_datetime_operator.py for tasks to queue
[2024-08-26T12:52:11.157+0000] {logging_mixin.py:154} INFO - [2024-08-26T12:52:11.157+0000] {dagbag.py:536} INFO - Filling up the DagBag from /home/airflow/.local/lib/python3.8/site-packages/airflow/example_dags/example_branch_datetime_operator.py
[2024-08-26T12:52:11.176+0000] {processor.py:839} INFO - DAG(s) dict_keys(['example_branch_datetime_operator_3', 'example_branch_datetime_operator_2', 'example_branch_datetime_operator']) retrieved from /home/airflow/.local/lib/python3.8/site-packages/airflow/example_dags/example_branch_datetime_operator.py
[2024-08-26T12:52:11.231+0000] {logging_mixin.py:154} INFO - [2024-08-26T12:52:11.231+0000] {dag.py:2941} INFO - Sync 3 DAGs
[2024-08-26T12:52:11.290+0000] {logging_mixin.py:154} INFO - [2024-08-26T12:52:11.290+0000] {dag.py:3722} INFO - Setting next_dagrun for example_branch_datetime_operator to 2024-08-25T00:00:00+00:00, run_after=2024-08-26T00:00:00+00:00
[2024-08-26T12:52:11.303+0000] {logging_mixin.py:154} INFO - [2024-08-26T12:52:11.303+0000] {dag.py:3722} INFO - Setting next_dagrun for example_branch_datetime_operator_2 to 2024-08-25T00:00:00+00:00, run_after=2024-08-26T00:00:00+00:00
[2024-08-26T12:52:11.311+0000] {logging_mixin.py:154} INFO - [2024-08-26T12:52:11.311+0000] {dag.py:3722} INFO - Setting next_dagrun for example_branch_datetime_operator_3 to 2024-08-25T00:00:00+00:00, run_after=2024-08-26T00:00:00+00:00
[2024-08-26T12:52:11.382+0000] {processor.py:179} INFO - Processing /home/airflow/.local/lib/python3.8/site-packages/airflow/example_dags/example_branch_datetime_operator.py took 0.237 seconds
[2024-08-26T12:52:42.261+0000] {processor.py:157} INFO - Started process (PID=2077) to work on /home/airflow/.local/lib/python3.8/site-packages/airflow/example_dags/example_branch_datetime_operator.py
[2024-08-26T12:52:42.263+0000] {processor.py:829} INFO - Processing file /home/airflow/.local/lib/python3.8/site-packages/airflow/example_dags/example_branch_datetime_operator.py for tasks to queue
[2024-08-26T12:52:42.267+0000] {logging_mixin.py:154} INFO - [2024-08-26T12:52:42.266+0000] {dagbag.py:536} INFO - Filling up the DagBag from /home/airflow/.local/lib/python3.8/site-packages/airflow/example_dags/example_branch_datetime_operator.py
[2024-08-26T12:52:42.286+0000] {processor.py:839} INFO - DAG(s) dict_keys(['example_branch_datetime_operator_2', 'example_branch_datetime_operator', 'example_branch_datetime_operator_3']) retrieved from /home/airflow/.local/lib/python3.8/site-packages/airflow/example_dags/example_branch_datetime_operator.py
[2024-08-26T12:52:42.344+0000] {logging_mixin.py:154} INFO - [2024-08-26T12:52:42.344+0000] {dag.py:2941} INFO - Sync 3 DAGs
[2024-08-26T12:52:42.393+0000] {logging_mixin.py:154} INFO - [2024-08-26T12:52:42.393+0000] {dag.py:3722} INFO - Setting next_dagrun for example_branch_datetime_operator to 2024-08-25T00:00:00+00:00, run_after=2024-08-26T00:00:00+00:00
[2024-08-26T12:52:42.610+0000] {logging_mixin.py:154} INFO - [2024-08-26T12:52:42.610+0000] {dag.py:3722} INFO - Setting next_dagrun for example_branch_datetime_operator_2 to 2024-08-25T00:00:00+00:00, run_after=2024-08-26T00:00:00+00:00
[2024-08-26T12:52:42.619+0000] {logging_mixin.py:154} INFO - [2024-08-26T12:52:42.618+0000] {dag.py:3722} INFO - Setting next_dagrun for example_branch_datetime_operator_3 to 2024-08-25T00:00:00+00:00, run_after=2024-08-26T00:00:00+00:00
[2024-08-26T12:52:42.688+0000] {processor.py:179} INFO - Processing /home/airflow/.local/lib/python3.8/site-packages/airflow/example_dags/example_branch_datetime_operator.py took 0.435 seconds
[2024-08-26T12:53:13.584+0000] {processor.py:157} INFO - Started process (PID=2144) to work on /home/airflow/.local/lib/python3.8/site-packages/airflow/example_dags/example_branch_datetime_operator.py
[2024-08-26T12:53:13.585+0000] {processor.py:829} INFO - Processing file /home/airflow/.local/lib/python3.8/site-packages/airflow/example_dags/example_branch_datetime_operator.py for tasks to queue
[2024-08-26T12:53:13.589+0000] {logging_mixin.py:154} INFO - [2024-08-26T12:53:13.588+0000] {dagbag.py:536} INFO - Filling up the DagBag from /home/airflow/.local/lib/python3.8/site-packages/airflow/example_dags/example_branch_datetime_operator.py
[2024-08-26T12:53:13.606+0000] {processor.py:839} INFO - DAG(s) dict_keys(['example_branch_datetime_operator_3', 'example_branch_datetime_operator_2', 'example_branch_datetime_operator']) retrieved from /home/airflow/.local/lib/python3.8/site-packages/airflow/example_dags/example_branch_datetime_operator.py
[2024-08-26T12:53:13.659+0000] {logging_mixin.py:154} INFO - [2024-08-26T12:53:13.658+0000] {dag.py:2941} INFO - Sync 3 DAGs
[2024-08-26T12:53:13.713+0000] {logging_mixin.py:154} INFO - [2024-08-26T12:53:13.712+0000] {dag.py:3722} INFO - Setting next_dagrun for example_branch_datetime_operator to 2024-08-25T00:00:00+00:00, run_after=2024-08-26T00:00:00+00:00
[2024-08-26T12:53:13.725+0000] {logging_mixin.py:154} INFO - [2024-08-26T12:53:13.725+0000] {dag.py:3722} INFO - Setting next_dagrun for example_branch_datetime_operator_2 to 2024-08-25T00:00:00+00:00, run_after=2024-08-26T00:00:00+00:00
[2024-08-26T12:53:13.733+0000] {logging_mixin.py:154} INFO - [2024-08-26T12:53:13.733+0000] {dag.py:3722} INFO - Setting next_dagrun for example_branch_datetime_operator_3 to 2024-08-25T00:00:00+00:00, run_after=2024-08-26T00:00:00+00:00
[2024-08-26T12:53:13.802+0000] {processor.py:179} INFO - Processing /home/airflow/.local/lib/python3.8/site-packages/airflow/example_dags/example_branch_datetime_operator.py took 0.224 seconds
[2024-08-26T12:54:00.008+0000] {processor.py:157} INFO - Started process (PID=2201) to work on /home/airflow/.local/lib/python3.8/site-packages/airflow/example_dags/example_branch_datetime_operator.py
[2024-08-26T12:54:00.010+0000] {processor.py:829} INFO - Processing file /home/airflow/.local/lib/python3.8/site-packages/airflow/example_dags/example_branch_datetime_operator.py for tasks to queue
[2024-08-26T12:54:00.014+0000] {logging_mixin.py:154} INFO - [2024-08-26T12:54:00.014+0000] {dagbag.py:536} INFO - Filling up the DagBag from /home/airflow/.local/lib/python3.8/site-packages/airflow/example_dags/example_branch_datetime_operator.py
[2024-08-26T12:54:00.037+0000] {processor.py:839} INFO - DAG(s) dict_keys(['example_branch_datetime_operator', 'example_branch_datetime_operator_3', 'example_branch_datetime_operator_2']) retrieved from /home/airflow/.local/lib/python3.8/site-packages/airflow/example_dags/example_branch_datetime_operator.py
[2024-08-26T12:54:00.089+0000] {logging_mixin.py:154} INFO - [2024-08-26T12:54:00.089+0000] {dag.py:2941} INFO - Sync 3 DAGs
[2024-08-26T12:54:00.137+0000] {logging_mixin.py:154} INFO - [2024-08-26T12:54:00.136+0000] {dag.py:3722} INFO - Setting next_dagrun for example_branch_datetime_operator to 2024-08-25T00:00:00+00:00, run_after=2024-08-26T00:00:00+00:00
[2024-08-26T12:54:00.147+0000] {logging_mixin.py:154} INFO - [2024-08-26T12:54:00.147+0000] {dag.py:3722} INFO - Setting next_dagrun for example_branch_datetime_operator_2 to 2024-08-25T00:00:00+00:00, run_after=2024-08-26T00:00:00+00:00
[2024-08-26T12:54:00.154+0000] {logging_mixin.py:154} INFO - [2024-08-26T12:54:00.153+0000] {dag.py:3722} INFO - Setting next_dagrun for example_branch_datetime_operator_3 to 2024-08-25T00:00:00+00:00, run_after=2024-08-26T00:00:00+00:00
[2024-08-26T12:54:00.186+0000] {processor.py:179} INFO - Processing /home/airflow/.local/lib/python3.8/site-packages/airflow/example_dags/example_branch_datetime_operator.py took 0.185 seconds
[2024-08-26T12:54:32.293+0000] {processor.py:157} INFO - Started process (PID=2266) to work on /home/airflow/.local/lib/python3.8/site-packages/airflow/example_dags/example_branch_datetime_operator.py
[2024-08-26T12:54:32.295+0000] {processor.py:829} INFO - Processing file /home/airflow/.local/lib/python3.8/site-packages/airflow/example_dags/example_branch_datetime_operator.py for tasks to queue
[2024-08-26T12:54:32.298+0000] {logging_mixin.py:154} INFO - [2024-08-26T12:54:32.298+0000] {dagbag.py:536} INFO - Filling up the DagBag from /home/airflow/.local/lib/python3.8/site-packages/airflow/example_dags/example_branch_datetime_operator.py
[2024-08-26T12:54:32.319+0000] {processor.py:839} INFO - DAG(s) dict_keys(['example_branch_datetime_operator_2', 'example_branch_datetime_operator_3', 'example_branch_datetime_operator']) retrieved from /home/airflow/.local/lib/python3.8/site-packages/airflow/example_dags/example_branch_datetime_operator.py
[2024-08-26T12:54:32.382+0000] {logging_mixin.py:154} INFO - [2024-08-26T12:54:32.381+0000] {dag.py:2941} INFO - Sync 3 DAGs
[2024-08-26T12:54:32.654+0000] {logging_mixin.py:154} INFO - [2024-08-26T12:54:32.653+0000] {dag.py:3722} INFO - Setting next_dagrun for example_branch_datetime_operator to 2024-08-25T00:00:00+00:00, run_after=2024-08-26T00:00:00+00:00
[2024-08-26T12:54:32.666+0000] {logging_mixin.py:154} INFO - [2024-08-26T12:54:32.666+0000] {dag.py:3722} INFO - Setting next_dagrun for example_branch_datetime_operator_2 to 2024-08-25T00:00:00+00:00, run_after=2024-08-26T00:00:00+00:00
[2024-08-26T12:54:32.674+0000] {logging_mixin.py:154} INFO - [2024-08-26T12:54:32.673+0000] {dag.py:3722} INFO - Setting next_dagrun for example_branch_datetime_operator_3 to 2024-08-25T00:00:00+00:00, run_after=2024-08-26T00:00:00+00:00
[2024-08-26T12:54:32.707+0000] {processor.py:179} INFO - Processing /home/airflow/.local/lib/python3.8/site-packages/airflow/example_dags/example_branch_datetime_operator.py took 0.420 seconds
[2024-08-26T12:55:03.752+0000] {processor.py:157} INFO - Started process (PID=2339) to work on /home/airflow/.local/lib/python3.8/site-packages/airflow/example_dags/example_branch_datetime_operator.py
[2024-08-26T12:55:03.762+0000] {processor.py:829} INFO - Processing file /home/airflow/.local/lib/python3.8/site-packages/airflow/example_dags/example_branch_datetime_operator.py for tasks to queue
[2024-08-26T12:55:03.766+0000] {logging_mixin.py:154} INFO - [2024-08-26T12:55:03.765+0000] {dagbag.py:536} INFO - Filling up the DagBag from /home/airflow/.local/lib/python3.8/site-packages/airflow/example_dags/example_branch_datetime_operator.py
[2024-08-26T12:55:03.787+0000] {processor.py:839} INFO - DAG(s) dict_keys(['example_branch_datetime_operator', 'example_branch_datetime_operator_2', 'example_branch_datetime_operator_3']) retrieved from /home/airflow/.local/lib/python3.8/site-packages/airflow/example_dags/example_branch_datetime_operator.py
[2024-08-26T12:55:03.844+0000] {logging_mixin.py:154} INFO - [2024-08-26T12:55:03.844+0000] {dag.py:2941} INFO - Sync 3 DAGs
[2024-08-26T12:55:03.894+0000] {logging_mixin.py:154} INFO - [2024-08-26T12:55:03.893+0000] {dag.py:3722} INFO - Setting next_dagrun for example_branch_datetime_operator to 2024-08-25T00:00:00+00:00, run_after=2024-08-26T00:00:00+00:00
[2024-08-26T12:55:03.907+0000] {logging_mixin.py:154} INFO - [2024-08-26T12:55:03.906+0000] {dag.py:3722} INFO - Setting next_dagrun for example_branch_datetime_operator_2 to 2024-08-25T00:00:00+00:00, run_after=2024-08-26T00:00:00+00:00
[2024-08-26T12:55:03.915+0000] {logging_mixin.py:154} INFO - [2024-08-26T12:55:03.914+0000] {dag.py:3722} INFO - Setting next_dagrun for example_branch_datetime_operator_3 to 2024-08-25T00:00:00+00:00, run_after=2024-08-26T00:00:00+00:00
[2024-08-26T12:55:04.175+0000] {processor.py:179} INFO - Processing /home/airflow/.local/lib/python3.8/site-packages/airflow/example_dags/example_branch_datetime_operator.py took 0.429 seconds
[2024-08-26T12:55:34.250+0000] {processor.py:157} INFO - Started process (PID=2405) to work on /home/airflow/.local/lib/python3.8/site-packages/airflow/example_dags/example_branch_datetime_operator.py
[2024-08-26T12:55:34.252+0000] {processor.py:829} INFO - Processing file /home/airflow/.local/lib/python3.8/site-packages/airflow/example_dags/example_branch_datetime_operator.py for tasks to queue
[2024-08-26T12:55:34.255+0000] {logging_mixin.py:154} INFO - [2024-08-26T12:55:34.254+0000] {dagbag.py:536} INFO - Filling up the DagBag from /home/airflow/.local/lib/python3.8/site-packages/airflow/example_dags/example_branch_datetime_operator.py
[2024-08-26T12:55:34.274+0000] {processor.py:839} INFO - DAG(s) dict_keys(['example_branch_datetime_operator_3', 'example_branch_datetime_operator_2', 'example_branch_datetime_operator']) retrieved from /home/airflow/.local/lib/python3.8/site-packages/airflow/example_dags/example_branch_datetime_operator.py
[2024-08-26T12:55:34.325+0000] {logging_mixin.py:154} INFO - [2024-08-26T12:55:34.324+0000] {dag.py:2941} INFO - Sync 3 DAGs
[2024-08-26T12:55:34.381+0000] {logging_mixin.py:154} INFO - [2024-08-26T12:55:34.380+0000] {dag.py:3722} INFO - Setting next_dagrun for example_branch_datetime_operator to 2024-08-25T00:00:00+00:00, run_after=2024-08-26T00:00:00+00:00
[2024-08-26T12:55:34.394+0000] {logging_mixin.py:154} INFO - [2024-08-26T12:55:34.393+0000] {dag.py:3722} INFO - Setting next_dagrun for example_branch_datetime_operator_2 to 2024-08-25T00:00:00+00:00, run_after=2024-08-26T00:00:00+00:00
[2024-08-26T12:55:34.402+0000] {logging_mixin.py:154} INFO - [2024-08-26T12:55:34.401+0000] {dag.py:3722} INFO - Setting next_dagrun for example_branch_datetime_operator_3 to 2024-08-25T00:00:00+00:00, run_after=2024-08-26T00:00:00+00:00
[2024-08-26T12:55:34.437+0000] {processor.py:179} INFO - Processing /home/airflow/.local/lib/python3.8/site-packages/airflow/example_dags/example_branch_datetime_operator.py took 0.193 seconds
[2024-08-26T12:56:06.331+0000] {processor.py:157} INFO - Started process (PID=2472) to work on /home/airflow/.local/lib/python3.8/site-packages/airflow/example_dags/example_branch_datetime_operator.py
[2024-08-26T12:56:06.333+0000] {processor.py:829} INFO - Processing file /home/airflow/.local/lib/python3.8/site-packages/airflow/example_dags/example_branch_datetime_operator.py for tasks to queue
[2024-08-26T12:56:06.337+0000] {logging_mixin.py:154} INFO - [2024-08-26T12:56:06.336+0000] {dagbag.py:536} INFO - Filling up the DagBag from /home/airflow/.local/lib/python3.8/site-packages/airflow/example_dags/example_branch_datetime_operator.py
[2024-08-26T12:56:06.356+0000] {processor.py:839} INFO - DAG(s) dict_keys(['example_branch_datetime_operator', 'example_branch_datetime_operator_2', 'example_branch_datetime_operator_3']) retrieved from /home/airflow/.local/lib/python3.8/site-packages/airflow/example_dags/example_branch_datetime_operator.py
[2024-08-26T12:56:06.415+0000] {logging_mixin.py:154} INFO - [2024-08-26T12:56:06.415+0000] {dag.py:2941} INFO - Sync 3 DAGs
[2024-08-26T12:56:06.696+0000] {logging_mixin.py:154} INFO - [2024-08-26T12:56:06.696+0000] {dag.py:3722} INFO - Setting next_dagrun for example_branch_datetime_operator to 2024-08-25T00:00:00+00:00, run_after=2024-08-26T00:00:00+00:00
[2024-08-26T12:56:06.711+0000] {logging_mixin.py:154} INFO - [2024-08-26T12:56:06.710+0000] {dag.py:3722} INFO - Setting next_dagrun for example_branch_datetime_operator_2 to 2024-08-25T00:00:00+00:00, run_after=2024-08-26T00:00:00+00:00
[2024-08-26T12:56:06.720+0000] {logging_mixin.py:154} INFO - [2024-08-26T12:56:06.720+0000] {dag.py:3722} INFO - Setting next_dagrun for example_branch_datetime_operator_3 to 2024-08-25T00:00:00+00:00, run_after=2024-08-26T00:00:00+00:00
[2024-08-26T12:56:06.755+0000] {processor.py:179} INFO - Processing /home/airflow/.local/lib/python3.8/site-packages/airflow/example_dags/example_branch_datetime_operator.py took 0.431 seconds
