[2024-08-26T08:44:54.361+0000] {processor.py:157} INFO - Started process (PID=73) to work on /home/airflow/.local/lib/python3.8/site-packages/airflow/example_dags/example_dynamic_task_mapping_with_no_taskflow_operators.py
[2024-08-26T08:44:54.362+0000] {processor.py:829} INFO - Processing file /home/airflow/.local/lib/python3.8/site-packages/airflow/example_dags/example_dynamic_task_mapping_with_no_taskflow_operators.py for tasks to queue
[2024-08-26T08:44:54.366+0000] {logging_mixin.py:154} INFO - [2024-08-26T08:44:54.366+0000] {dagbag.py:536} INFO - Filling up the DagBag from /home/airflow/.local/lib/python3.8/site-packages/airflow/example_dags/example_dynamic_task_mapping_with_no_taskflow_operators.py
[2024-08-26T08:44:54.372+0000] {processor.py:839} INFO - DAG(s) dict_keys(['example_dynamic_task_mapping_with_no_taskflow_operators']) retrieved from /home/airflow/.local/lib/python3.8/site-packages/airflow/example_dags/example_dynamic_task_mapping_with_no_taskflow_operators.py
[2024-08-26T08:44:54.394+0000] {logging_mixin.py:154} INFO - [2024-08-26T08:44:54.393+0000] {dag.py:2941} INFO - Sync 1 DAGs
[2024-08-26T08:44:54.414+0000] {logging_mixin.py:154} INFO - [2024-08-26T08:44:54.414+0000] {dag.py:3722} INFO - Setting next_dagrun for example_dynamic_task_mapping_with_no_taskflow_operators to 2024-08-25T08:44:54.413939+00:00, run_after=2024-08-26T08:44:54.413939+00:00
[2024-08-26T08:44:54.431+0000] {processor.py:179} INFO - Processing /home/airflow/.local/lib/python3.8/site-packages/airflow/example_dags/example_dynamic_task_mapping_with_no_taskflow_operators.py took 0.074 seconds
[2024-08-26T12:36:20.420+0000] {processor.py:157} INFO - Started process (PID=82) to work on /home/airflow/.local/lib/python3.8/site-packages/airflow/example_dags/example_dynamic_task_mapping_with_no_taskflow_operators.py
[2024-08-26T12:36:20.421+0000] {processor.py:829} INFO - Processing file /home/airflow/.local/lib/python3.8/site-packages/airflow/example_dags/example_dynamic_task_mapping_with_no_taskflow_operators.py for tasks to queue
[2024-08-26T12:36:20.426+0000] {logging_mixin.py:154} INFO - [2024-08-26T12:36:20.426+0000] {dagbag.py:536} INFO - Filling up the DagBag from /home/airflow/.local/lib/python3.8/site-packages/airflow/example_dags/example_dynamic_task_mapping_with_no_taskflow_operators.py
[2024-08-26T12:36:20.434+0000] {processor.py:839} INFO - DAG(s) dict_keys(['example_dynamic_task_mapping_with_no_taskflow_operators']) retrieved from /home/airflow/.local/lib/python3.8/site-packages/airflow/example_dags/example_dynamic_task_mapping_with_no_taskflow_operators.py
[2024-08-26T12:36:20.459+0000] {logging_mixin.py:154} INFO - [2024-08-26T12:36:20.459+0000] {dag.py:2941} INFO - Sync 1 DAGs
[2024-08-26T12:36:20.484+0000] {logging_mixin.py:154} INFO - [2024-08-26T12:36:20.484+0000] {dag.py:3722} INFO - Setting next_dagrun for example_dynamic_task_mapping_with_no_taskflow_operators to 2024-08-25T12:36:20.484353+00:00, run_after=2024-08-26T12:36:20.484353+00:00
[2024-08-26T12:36:20.506+0000] {processor.py:179} INFO - Processing /home/airflow/.local/lib/python3.8/site-packages/airflow/example_dags/example_dynamic_task_mapping_with_no_taskflow_operators.py took 0.090 seconds
[2024-08-26T12:36:52.082+0000] {processor.py:157} INFO - Started process (PID=148) to work on /home/airflow/.local/lib/python3.8/site-packages/airflow/example_dags/example_dynamic_task_mapping_with_no_taskflow_operators.py
[2024-08-26T12:36:52.084+0000] {processor.py:829} INFO - Processing file /home/airflow/.local/lib/python3.8/site-packages/airflow/example_dags/example_dynamic_task_mapping_with_no_taskflow_operators.py for tasks to queue
[2024-08-26T12:36:52.087+0000] {logging_mixin.py:154} INFO - [2024-08-26T12:36:52.087+0000] {dagbag.py:536} INFO - Filling up the DagBag from /home/airflow/.local/lib/python3.8/site-packages/airflow/example_dags/example_dynamic_task_mapping_with_no_taskflow_operators.py
[2024-08-26T12:36:52.099+0000] {processor.py:839} INFO - DAG(s) dict_keys(['example_dynamic_task_mapping_with_no_taskflow_operators']) retrieved from /home/airflow/.local/lib/python3.8/site-packages/airflow/example_dags/example_dynamic_task_mapping_with_no_taskflow_operators.py
[2024-08-26T12:36:52.137+0000] {logging_mixin.py:154} INFO - [2024-08-26T12:36:52.137+0000] {dag.py:2941} INFO - Sync 1 DAGs
[2024-08-26T12:36:52.180+0000] {logging_mixin.py:154} INFO - [2024-08-26T12:36:52.180+0000] {dag.py:3722} INFO - Setting next_dagrun for example_dynamic_task_mapping_with_no_taskflow_operators to 2024-08-25T12:36:52.179722+00:00, run_after=2024-08-26T12:36:52.179722+00:00
[2024-08-26T12:36:52.251+0000] {processor.py:179} INFO - Processing /home/airflow/.local/lib/python3.8/site-packages/airflow/example_dags/example_dynamic_task_mapping_with_no_taskflow_operators.py took 0.174 seconds
[2024-08-26T12:37:23.466+0000] {processor.py:157} INFO - Started process (PID=221) to work on /home/airflow/.local/lib/python3.8/site-packages/airflow/example_dags/example_dynamic_task_mapping_with_no_taskflow_operators.py
[2024-08-26T12:37:23.468+0000] {processor.py:829} INFO - Processing file /home/airflow/.local/lib/python3.8/site-packages/airflow/example_dags/example_dynamic_task_mapping_with_no_taskflow_operators.py for tasks to queue
[2024-08-26T12:37:23.472+0000] {logging_mixin.py:154} INFO - [2024-08-26T12:37:23.472+0000] {dagbag.py:536} INFO - Filling up the DagBag from /home/airflow/.local/lib/python3.8/site-packages/airflow/example_dags/example_dynamic_task_mapping_with_no_taskflow_operators.py
[2024-08-26T12:37:23.484+0000] {processor.py:839} INFO - DAG(s) dict_keys(['example_dynamic_task_mapping_with_no_taskflow_operators']) retrieved from /home/airflow/.local/lib/python3.8/site-packages/airflow/example_dags/example_dynamic_task_mapping_with_no_taskflow_operators.py
[2024-08-26T12:37:23.522+0000] {logging_mixin.py:154} INFO - [2024-08-26T12:37:23.522+0000] {dag.py:2941} INFO - Sync 1 DAGs
[2024-08-26T12:37:23.568+0000] {logging_mixin.py:154} INFO - [2024-08-26T12:37:23.568+0000] {dag.py:3722} INFO - Setting next_dagrun for example_dynamic_task_mapping_with_no_taskflow_operators to 2024-08-25T12:37:23.567940+00:00, run_after=2024-08-26T12:37:23.567940+00:00
[2024-08-26T12:37:23.639+0000] {processor.py:179} INFO - Processing /home/airflow/.local/lib/python3.8/site-packages/airflow/example_dags/example_dynamic_task_mapping_with_no_taskflow_operators.py took 0.180 seconds
[2024-08-26T12:37:54.300+0000] {processor.py:157} INFO - Started process (PID=288) to work on /home/airflow/.local/lib/python3.8/site-packages/airflow/example_dags/example_dynamic_task_mapping_with_no_taskflow_operators.py
[2024-08-26T12:37:54.302+0000] {processor.py:829} INFO - Processing file /home/airflow/.local/lib/python3.8/site-packages/airflow/example_dags/example_dynamic_task_mapping_with_no_taskflow_operators.py for tasks to queue
[2024-08-26T12:37:54.306+0000] {logging_mixin.py:154} INFO - [2024-08-26T12:37:54.306+0000] {dagbag.py:536} INFO - Filling up the DagBag from /home/airflow/.local/lib/python3.8/site-packages/airflow/example_dags/example_dynamic_task_mapping_with_no_taskflow_operators.py
[2024-08-26T12:37:54.317+0000] {processor.py:839} INFO - DAG(s) dict_keys(['example_dynamic_task_mapping_with_no_taskflow_operators']) retrieved from /home/airflow/.local/lib/python3.8/site-packages/airflow/example_dags/example_dynamic_task_mapping_with_no_taskflow_operators.py
[2024-08-26T12:37:54.360+0000] {logging_mixin.py:154} INFO - [2024-08-26T12:37:54.360+0000] {dag.py:2941} INFO - Sync 1 DAGs
[2024-08-26T12:37:54.404+0000] {logging_mixin.py:154} INFO - [2024-08-26T12:37:54.403+0000] {dag.py:3722} INFO - Setting next_dagrun for example_dynamic_task_mapping_with_no_taskflow_operators to 2024-08-25T12:37:54.403349+00:00, run_after=2024-08-26T12:37:54.403349+00:00
[2024-08-26T12:37:54.480+0000] {processor.py:179} INFO - Processing /home/airflow/.local/lib/python3.8/site-packages/airflow/example_dags/example_dynamic_task_mapping_with_no_taskflow_operators.py took 0.185 seconds
[2024-08-26T12:38:25.375+0000] {processor.py:157} INFO - Started process (PID=355) to work on /home/airflow/.local/lib/python3.8/site-packages/airflow/example_dags/example_dynamic_task_mapping_with_no_taskflow_operators.py
[2024-08-26T12:38:25.377+0000] {processor.py:829} INFO - Processing file /home/airflow/.local/lib/python3.8/site-packages/airflow/example_dags/example_dynamic_task_mapping_with_no_taskflow_operators.py for tasks to queue
[2024-08-26T12:38:25.381+0000] {logging_mixin.py:154} INFO - [2024-08-26T12:38:25.381+0000] {dagbag.py:536} INFO - Filling up the DagBag from /home/airflow/.local/lib/python3.8/site-packages/airflow/example_dags/example_dynamic_task_mapping_with_no_taskflow_operators.py
[2024-08-26T12:38:25.394+0000] {processor.py:839} INFO - DAG(s) dict_keys(['example_dynamic_task_mapping_with_no_taskflow_operators']) retrieved from /home/airflow/.local/lib/python3.8/site-packages/airflow/example_dags/example_dynamic_task_mapping_with_no_taskflow_operators.py
[2024-08-26T12:38:25.436+0000] {logging_mixin.py:154} INFO - [2024-08-26T12:38:25.435+0000] {dag.py:2941} INFO - Sync 1 DAGs
[2024-08-26T12:38:25.488+0000] {logging_mixin.py:154} INFO - [2024-08-26T12:38:25.488+0000] {dag.py:3722} INFO - Setting next_dagrun for example_dynamic_task_mapping_with_no_taskflow_operators to 2024-08-25T12:38:25.487550+00:00, run_after=2024-08-26T12:38:25.487550+00:00
[2024-08-26T12:38:25.542+0000] {processor.py:179} INFO - Processing /home/airflow/.local/lib/python3.8/site-packages/airflow/example_dags/example_dynamic_task_mapping_with_no_taskflow_operators.py took 0.176 seconds
[2024-08-26T12:38:56.375+0000] {processor.py:157} INFO - Started process (PID=421) to work on /home/airflow/.local/lib/python3.8/site-packages/airflow/example_dags/example_dynamic_task_mapping_with_no_taskflow_operators.py
[2024-08-26T12:38:56.377+0000] {processor.py:829} INFO - Processing file /home/airflow/.local/lib/python3.8/site-packages/airflow/example_dags/example_dynamic_task_mapping_with_no_taskflow_operators.py for tasks to queue
[2024-08-26T12:38:56.380+0000] {logging_mixin.py:154} INFO - [2024-08-26T12:38:56.380+0000] {dagbag.py:536} INFO - Filling up the DagBag from /home/airflow/.local/lib/python3.8/site-packages/airflow/example_dags/example_dynamic_task_mapping_with_no_taskflow_operators.py
[2024-08-26T12:38:56.390+0000] {processor.py:839} INFO - DAG(s) dict_keys(['example_dynamic_task_mapping_with_no_taskflow_operators']) retrieved from /home/airflow/.local/lib/python3.8/site-packages/airflow/example_dags/example_dynamic_task_mapping_with_no_taskflow_operators.py
[2024-08-26T12:38:56.429+0000] {logging_mixin.py:154} INFO - [2024-08-26T12:38:56.428+0000] {dag.py:2941} INFO - Sync 1 DAGs
[2024-08-26T12:38:56.469+0000] {logging_mixin.py:154} INFO - [2024-08-26T12:38:56.468+0000] {dag.py:3722} INFO - Setting next_dagrun for example_dynamic_task_mapping_with_no_taskflow_operators to 2024-08-25T12:38:56.468394+00:00, run_after=2024-08-26T12:38:56.468394+00:00
[2024-08-26T12:38:56.544+0000] {processor.py:179} INFO - Processing /home/airflow/.local/lib/python3.8/site-packages/airflow/example_dags/example_dynamic_task_mapping_with_no_taskflow_operators.py took 0.174 seconds
[2024-08-26T12:39:27.568+0000] {processor.py:157} INFO - Started process (PID=487) to work on /home/airflow/.local/lib/python3.8/site-packages/airflow/example_dags/example_dynamic_task_mapping_with_no_taskflow_operators.py
[2024-08-26T12:39:27.570+0000] {processor.py:829} INFO - Processing file /home/airflow/.local/lib/python3.8/site-packages/airflow/example_dags/example_dynamic_task_mapping_with_no_taskflow_operators.py for tasks to queue
[2024-08-26T12:39:27.574+0000] {logging_mixin.py:154} INFO - [2024-08-26T12:39:27.573+0000] {dagbag.py:536} INFO - Filling up the DagBag from /home/airflow/.local/lib/python3.8/site-packages/airflow/example_dags/example_dynamic_task_mapping_with_no_taskflow_operators.py
[2024-08-26T12:39:27.587+0000] {processor.py:839} INFO - DAG(s) dict_keys(['example_dynamic_task_mapping_with_no_taskflow_operators']) retrieved from /home/airflow/.local/lib/python3.8/site-packages/airflow/example_dags/example_dynamic_task_mapping_with_no_taskflow_operators.py
[2024-08-26T12:39:27.619+0000] {logging_mixin.py:154} INFO - [2024-08-26T12:39:27.619+0000] {dag.py:2941} INFO - Sync 1 DAGs
[2024-08-26T12:39:27.660+0000] {logging_mixin.py:154} INFO - [2024-08-26T12:39:27.660+0000] {dag.py:3722} INFO - Setting next_dagrun for example_dynamic_task_mapping_with_no_taskflow_operators to 2024-08-25T12:39:27.660019+00:00, run_after=2024-08-26T12:39:27.660019+00:00
[2024-08-26T12:39:27.693+0000] {processor.py:179} INFO - Processing /home/airflow/.local/lib/python3.8/site-packages/airflow/example_dags/example_dynamic_task_mapping_with_no_taskflow_operators.py took 0.130 seconds
[2024-08-26T12:39:58.295+0000] {processor.py:157} INFO - Started process (PID=553) to work on /home/airflow/.local/lib/python3.8/site-packages/airflow/example_dags/example_dynamic_task_mapping_with_no_taskflow_operators.py
[2024-08-26T12:39:58.297+0000] {processor.py:829} INFO - Processing file /home/airflow/.local/lib/python3.8/site-packages/airflow/example_dags/example_dynamic_task_mapping_with_no_taskflow_operators.py for tasks to queue
[2024-08-26T12:39:58.303+0000] {logging_mixin.py:154} INFO - [2024-08-26T12:39:58.303+0000] {dagbag.py:536} INFO - Filling up the DagBag from /home/airflow/.local/lib/python3.8/site-packages/airflow/example_dags/example_dynamic_task_mapping_with_no_taskflow_operators.py
[2024-08-26T12:39:58.322+0000] {processor.py:839} INFO - DAG(s) dict_keys(['example_dynamic_task_mapping_with_no_taskflow_operators']) retrieved from /home/airflow/.local/lib/python3.8/site-packages/airflow/example_dags/example_dynamic_task_mapping_with_no_taskflow_operators.py
[2024-08-26T12:39:58.374+0000] {logging_mixin.py:154} INFO - [2024-08-26T12:39:58.374+0000] {dag.py:2941} INFO - Sync 1 DAGs
[2024-08-26T12:39:58.436+0000] {logging_mixin.py:154} INFO - [2024-08-26T12:39:58.436+0000] {dag.py:3722} INFO - Setting next_dagrun for example_dynamic_task_mapping_with_no_taskflow_operators to 2024-08-25T12:39:58.435575+00:00, run_after=2024-08-26T12:39:58.435575+00:00
[2024-08-26T12:39:58.495+0000] {processor.py:179} INFO - Processing /home/airflow/.local/lib/python3.8/site-packages/airflow/example_dags/example_dynamic_task_mapping_with_no_taskflow_operators.py took 0.206 seconds
[2024-08-26T12:40:29.702+0000] {processor.py:157} INFO - Started process (PID=618) to work on /home/airflow/.local/lib/python3.8/site-packages/airflow/example_dags/example_dynamic_task_mapping_with_no_taskflow_operators.py
[2024-08-26T12:40:29.706+0000] {processor.py:829} INFO - Processing file /home/airflow/.local/lib/python3.8/site-packages/airflow/example_dags/example_dynamic_task_mapping_with_no_taskflow_operators.py for tasks to queue
[2024-08-26T12:40:29.718+0000] {logging_mixin.py:154} INFO - [2024-08-26T12:40:29.717+0000] {dagbag.py:536} INFO - Filling up the DagBag from /home/airflow/.local/lib/python3.8/site-packages/airflow/example_dags/example_dynamic_task_mapping_with_no_taskflow_operators.py
[2024-08-26T12:40:29.747+0000] {processor.py:839} INFO - DAG(s) dict_keys(['example_dynamic_task_mapping_with_no_taskflow_operators']) retrieved from /home/airflow/.local/lib/python3.8/site-packages/airflow/example_dags/example_dynamic_task_mapping_with_no_taskflow_operators.py
[2024-08-26T12:40:29.804+0000] {logging_mixin.py:154} INFO - [2024-08-26T12:40:29.804+0000] {dag.py:2941} INFO - Sync 1 DAGs
[2024-08-26T12:40:29.875+0000] {logging_mixin.py:154} INFO - [2024-08-26T12:40:29.875+0000] {dag.py:3722} INFO - Setting next_dagrun for example_dynamic_task_mapping_with_no_taskflow_operators to 2024-08-25T12:40:29.874712+00:00, run_after=2024-08-26T12:40:29.874712+00:00
[2024-08-26T12:40:29.947+0000] {processor.py:179} INFO - Processing /home/airflow/.local/lib/python3.8/site-packages/airflow/example_dags/example_dynamic_task_mapping_with_no_taskflow_operators.py took 0.253 seconds
[2024-08-26T12:41:00.821+0000] {processor.py:157} INFO - Started process (PID=684) to work on /home/airflow/.local/lib/python3.8/site-packages/airflow/example_dags/example_dynamic_task_mapping_with_no_taskflow_operators.py
[2024-08-26T12:41:00.822+0000] {processor.py:829} INFO - Processing file /home/airflow/.local/lib/python3.8/site-packages/airflow/example_dags/example_dynamic_task_mapping_with_no_taskflow_operators.py for tasks to queue
[2024-08-26T12:41:00.826+0000] {logging_mixin.py:154} INFO - [2024-08-26T12:41:00.825+0000] {dagbag.py:536} INFO - Filling up the DagBag from /home/airflow/.local/lib/python3.8/site-packages/airflow/example_dags/example_dynamic_task_mapping_with_no_taskflow_operators.py
[2024-08-26T12:41:00.836+0000] {processor.py:839} INFO - DAG(s) dict_keys(['example_dynamic_task_mapping_with_no_taskflow_operators']) retrieved from /home/airflow/.local/lib/python3.8/site-packages/airflow/example_dags/example_dynamic_task_mapping_with_no_taskflow_operators.py
[2024-08-26T12:41:00.875+0000] {logging_mixin.py:154} INFO - [2024-08-26T12:41:00.874+0000] {dag.py:2941} INFO - Sync 1 DAGs
[2024-08-26T12:41:00.913+0000] {logging_mixin.py:154} INFO - [2024-08-26T12:41:00.913+0000] {dag.py:3722} INFO - Setting next_dagrun for example_dynamic_task_mapping_with_no_taskflow_operators to 2024-08-25T12:41:00.912917+00:00, run_after=2024-08-26T12:41:00.912917+00:00
[2024-08-26T12:41:00.959+0000] {processor.py:179} INFO - Processing /home/airflow/.local/lib/python3.8/site-packages/airflow/example_dags/example_dynamic_task_mapping_with_no_taskflow_operators.py took 0.143 seconds
[2024-08-26T12:41:31.576+0000] {processor.py:157} INFO - Started process (PID=750) to work on /home/airflow/.local/lib/python3.8/site-packages/airflow/example_dags/example_dynamic_task_mapping_with_no_taskflow_operators.py
[2024-08-26T12:41:31.577+0000] {processor.py:829} INFO - Processing file /home/airflow/.local/lib/python3.8/site-packages/airflow/example_dags/example_dynamic_task_mapping_with_no_taskflow_operators.py for tasks to queue
[2024-08-26T12:41:31.582+0000] {logging_mixin.py:154} INFO - [2024-08-26T12:41:31.581+0000] {dagbag.py:536} INFO - Filling up the DagBag from /home/airflow/.local/lib/python3.8/site-packages/airflow/example_dags/example_dynamic_task_mapping_with_no_taskflow_operators.py
[2024-08-26T12:41:31.591+0000] {processor.py:839} INFO - DAG(s) dict_keys(['example_dynamic_task_mapping_with_no_taskflow_operators']) retrieved from /home/airflow/.local/lib/python3.8/site-packages/airflow/example_dags/example_dynamic_task_mapping_with_no_taskflow_operators.py
[2024-08-26T12:41:31.631+0000] {logging_mixin.py:154} INFO - [2024-08-26T12:41:31.630+0000] {dag.py:2941} INFO - Sync 1 DAGs
[2024-08-26T12:41:31.671+0000] {logging_mixin.py:154} INFO - [2024-08-26T12:41:31.670+0000] {dag.py:3722} INFO - Setting next_dagrun for example_dynamic_task_mapping_with_no_taskflow_operators to 2024-08-25T12:41:31.670344+00:00, run_after=2024-08-26T12:41:31.670344+00:00
[2024-08-26T12:41:31.740+0000] {processor.py:179} INFO - Processing /home/airflow/.local/lib/python3.8/site-packages/airflow/example_dags/example_dynamic_task_mapping_with_no_taskflow_operators.py took 0.170 seconds
[2024-08-26T12:42:02.056+0000] {processor.py:157} INFO - Started process (PID=814) to work on /home/airflow/.local/lib/python3.8/site-packages/airflow/example_dags/example_dynamic_task_mapping_with_no_taskflow_operators.py
[2024-08-26T12:42:02.057+0000] {processor.py:829} INFO - Processing file /home/airflow/.local/lib/python3.8/site-packages/airflow/example_dags/example_dynamic_task_mapping_with_no_taskflow_operators.py for tasks to queue
[2024-08-26T12:42:02.062+0000] {logging_mixin.py:154} INFO - [2024-08-26T12:42:02.062+0000] {dagbag.py:536} INFO - Filling up the DagBag from /home/airflow/.local/lib/python3.8/site-packages/airflow/example_dags/example_dynamic_task_mapping_with_no_taskflow_operators.py
[2024-08-26T12:42:02.076+0000] {processor.py:839} INFO - DAG(s) dict_keys(['example_dynamic_task_mapping_with_no_taskflow_operators']) retrieved from /home/airflow/.local/lib/python3.8/site-packages/airflow/example_dags/example_dynamic_task_mapping_with_no_taskflow_operators.py
[2024-08-26T12:42:02.116+0000] {logging_mixin.py:154} INFO - [2024-08-26T12:42:02.115+0000] {dag.py:2941} INFO - Sync 1 DAGs
[2024-08-26T12:42:02.155+0000] {logging_mixin.py:154} INFO - [2024-08-26T12:42:02.154+0000] {dag.py:3722} INFO - Setting next_dagrun for example_dynamic_task_mapping_with_no_taskflow_operators to 2024-08-25T12:42:02.154187+00:00, run_after=2024-08-26T12:42:02.154187+00:00
[2024-08-26T12:42:02.196+0000] {processor.py:179} INFO - Processing /home/airflow/.local/lib/python3.8/site-packages/airflow/example_dags/example_dynamic_task_mapping_with_no_taskflow_operators.py took 0.145 seconds
[2024-08-26T12:42:32.451+0000] {processor.py:157} INFO - Started process (PID=880) to work on /home/airflow/.local/lib/python3.8/site-packages/airflow/example_dags/example_dynamic_task_mapping_with_no_taskflow_operators.py
[2024-08-26T12:42:32.453+0000] {processor.py:829} INFO - Processing file /home/airflow/.local/lib/python3.8/site-packages/airflow/example_dags/example_dynamic_task_mapping_with_no_taskflow_operators.py for tasks to queue
[2024-08-26T12:42:32.457+0000] {logging_mixin.py:154} INFO - [2024-08-26T12:42:32.456+0000] {dagbag.py:536} INFO - Filling up the DagBag from /home/airflow/.local/lib/python3.8/site-packages/airflow/example_dags/example_dynamic_task_mapping_with_no_taskflow_operators.py
[2024-08-26T12:42:32.467+0000] {processor.py:839} INFO - DAG(s) dict_keys(['example_dynamic_task_mapping_with_no_taskflow_operators']) retrieved from /home/airflow/.local/lib/python3.8/site-packages/airflow/example_dags/example_dynamic_task_mapping_with_no_taskflow_operators.py
[2024-08-26T12:42:32.506+0000] {logging_mixin.py:154} INFO - [2024-08-26T12:42:32.506+0000] {dag.py:2941} INFO - Sync 1 DAGs
[2024-08-26T12:42:32.558+0000] {logging_mixin.py:154} INFO - [2024-08-26T12:42:32.558+0000] {dag.py:3722} INFO - Setting next_dagrun for example_dynamic_task_mapping_with_no_taskflow_operators to 2024-08-25T12:42:32.557841+00:00, run_after=2024-08-26T12:42:32.557841+00:00
[2024-08-26T12:42:32.633+0000] {processor.py:179} INFO - Processing /home/airflow/.local/lib/python3.8/site-packages/airflow/example_dags/example_dynamic_task_mapping_with_no_taskflow_operators.py took 0.187 seconds
[2024-08-26T12:43:02.690+0000] {processor.py:157} INFO - Started process (PID=945) to work on /home/airflow/.local/lib/python3.8/site-packages/airflow/example_dags/example_dynamic_task_mapping_with_no_taskflow_operators.py
[2024-08-26T12:43:02.692+0000] {processor.py:829} INFO - Processing file /home/airflow/.local/lib/python3.8/site-packages/airflow/example_dags/example_dynamic_task_mapping_with_no_taskflow_operators.py for tasks to queue
[2024-08-26T12:43:02.696+0000] {logging_mixin.py:154} INFO - [2024-08-26T12:43:02.695+0000] {dagbag.py:536} INFO - Filling up the DagBag from /home/airflow/.local/lib/python3.8/site-packages/airflow/example_dags/example_dynamic_task_mapping_with_no_taskflow_operators.py
[2024-08-26T12:43:02.708+0000] {processor.py:839} INFO - DAG(s) dict_keys(['example_dynamic_task_mapping_with_no_taskflow_operators']) retrieved from /home/airflow/.local/lib/python3.8/site-packages/airflow/example_dags/example_dynamic_task_mapping_with_no_taskflow_operators.py
[2024-08-26T12:43:02.751+0000] {logging_mixin.py:154} INFO - [2024-08-26T12:43:02.751+0000] {dag.py:2941} INFO - Sync 1 DAGs
[2024-08-26T12:43:02.798+0000] {logging_mixin.py:154} INFO - [2024-08-26T12:43:02.797+0000] {dag.py:3722} INFO - Setting next_dagrun for example_dynamic_task_mapping_with_no_taskflow_operators to 2024-08-25T12:43:02.797306+00:00, run_after=2024-08-26T12:43:02.797306+00:00
[2024-08-26T12:43:02.869+0000] {processor.py:179} INFO - Processing /home/airflow/.local/lib/python3.8/site-packages/airflow/example_dags/example_dynamic_task_mapping_with_no_taskflow_operators.py took 0.185 seconds
[2024-08-26T12:43:33.488+0000] {processor.py:157} INFO - Started process (PID=1023) to work on /home/airflow/.local/lib/python3.8/site-packages/airflow/example_dags/example_dynamic_task_mapping_with_no_taskflow_operators.py
[2024-08-26T12:43:33.490+0000] {processor.py:829} INFO - Processing file /home/airflow/.local/lib/python3.8/site-packages/airflow/example_dags/example_dynamic_task_mapping_with_no_taskflow_operators.py for tasks to queue
[2024-08-26T12:43:33.493+0000] {logging_mixin.py:154} INFO - [2024-08-26T12:43:33.493+0000] {dagbag.py:536} INFO - Filling up the DagBag from /home/airflow/.local/lib/python3.8/site-packages/airflow/example_dags/example_dynamic_task_mapping_with_no_taskflow_operators.py
[2024-08-26T12:43:33.503+0000] {processor.py:839} INFO - DAG(s) dict_keys(['example_dynamic_task_mapping_with_no_taskflow_operators']) retrieved from /home/airflow/.local/lib/python3.8/site-packages/airflow/example_dags/example_dynamic_task_mapping_with_no_taskflow_operators.py
[2024-08-26T12:43:33.536+0000] {logging_mixin.py:154} INFO - [2024-08-26T12:43:33.536+0000] {dag.py:2941} INFO - Sync 1 DAGs
[2024-08-26T12:43:33.578+0000] {logging_mixin.py:154} INFO - [2024-08-26T12:43:33.577+0000] {dag.py:3722} INFO - Setting next_dagrun for example_dynamic_task_mapping_with_no_taskflow_operators to 2024-08-25T12:43:33.577596+00:00, run_after=2024-08-26T12:43:33.577596+00:00
[2024-08-26T12:43:33.614+0000] {processor.py:179} INFO - Processing /home/airflow/.local/lib/python3.8/site-packages/airflow/example_dags/example_dynamic_task_mapping_with_no_taskflow_operators.py took 0.132 seconds
[2024-08-26T12:44:04.305+0000] {processor.py:157} INFO - Started process (PID=1089) to work on /home/airflow/.local/lib/python3.8/site-packages/airflow/example_dags/example_dynamic_task_mapping_with_no_taskflow_operators.py
[2024-08-26T12:44:04.307+0000] {processor.py:829} INFO - Processing file /home/airflow/.local/lib/python3.8/site-packages/airflow/example_dags/example_dynamic_task_mapping_with_no_taskflow_operators.py for tasks to queue
[2024-08-26T12:44:04.311+0000] {logging_mixin.py:154} INFO - [2024-08-26T12:44:04.311+0000] {dagbag.py:536} INFO - Filling up the DagBag from /home/airflow/.local/lib/python3.8/site-packages/airflow/example_dags/example_dynamic_task_mapping_with_no_taskflow_operators.py
[2024-08-26T12:44:04.325+0000] {processor.py:839} INFO - DAG(s) dict_keys(['example_dynamic_task_mapping_with_no_taskflow_operators']) retrieved from /home/airflow/.local/lib/python3.8/site-packages/airflow/example_dags/example_dynamic_task_mapping_with_no_taskflow_operators.py
[2024-08-26T12:44:04.359+0000] {logging_mixin.py:154} INFO - [2024-08-26T12:44:04.359+0000] {dag.py:2941} INFO - Sync 1 DAGs
[2024-08-26T12:44:04.401+0000] {logging_mixin.py:154} INFO - [2024-08-26T12:44:04.401+0000] {dag.py:3722} INFO - Setting next_dagrun for example_dynamic_task_mapping_with_no_taskflow_operators to 2024-08-25T12:44:04.401005+00:00, run_after=2024-08-26T12:44:04.401005+00:00
[2024-08-26T12:44:04.472+0000] {processor.py:179} INFO - Processing /home/airflow/.local/lib/python3.8/site-packages/airflow/example_dags/example_dynamic_task_mapping_with_no_taskflow_operators.py took 0.172 seconds
[2024-08-26T12:44:35.046+0000] {processor.py:157} INFO - Started process (PID=1156) to work on /home/airflow/.local/lib/python3.8/site-packages/airflow/example_dags/example_dynamic_task_mapping_with_no_taskflow_operators.py
[2024-08-26T12:44:35.048+0000] {processor.py:829} INFO - Processing file /home/airflow/.local/lib/python3.8/site-packages/airflow/example_dags/example_dynamic_task_mapping_with_no_taskflow_operators.py for tasks to queue
[2024-08-26T12:44:35.053+0000] {logging_mixin.py:154} INFO - [2024-08-26T12:44:35.052+0000] {dagbag.py:536} INFO - Filling up the DagBag from /home/airflow/.local/lib/python3.8/site-packages/airflow/example_dags/example_dynamic_task_mapping_with_no_taskflow_operators.py
[2024-08-26T12:44:35.062+0000] {processor.py:839} INFO - DAG(s) dict_keys(['example_dynamic_task_mapping_with_no_taskflow_operators']) retrieved from /home/airflow/.local/lib/python3.8/site-packages/airflow/example_dags/example_dynamic_task_mapping_with_no_taskflow_operators.py
[2024-08-26T12:44:35.096+0000] {logging_mixin.py:154} INFO - [2024-08-26T12:44:35.096+0000] {dag.py:2941} INFO - Sync 1 DAGs
[2024-08-26T12:44:35.140+0000] {logging_mixin.py:154} INFO - [2024-08-26T12:44:35.139+0000] {dag.py:3722} INFO - Setting next_dagrun for example_dynamic_task_mapping_with_no_taskflow_operators to 2024-08-25T12:44:35.139392+00:00, run_after=2024-08-26T12:44:35.139392+00:00
[2024-08-26T12:44:35.215+0000] {processor.py:179} INFO - Processing /home/airflow/.local/lib/python3.8/site-packages/airflow/example_dags/example_dynamic_task_mapping_with_no_taskflow_operators.py took 0.174 seconds
[2024-08-26T12:45:05.955+0000] {processor.py:157} INFO - Started process (PID=1222) to work on /home/airflow/.local/lib/python3.8/site-packages/airflow/example_dags/example_dynamic_task_mapping_with_no_taskflow_operators.py
[2024-08-26T12:45:05.957+0000] {processor.py:829} INFO - Processing file /home/airflow/.local/lib/python3.8/site-packages/airflow/example_dags/example_dynamic_task_mapping_with_no_taskflow_operators.py for tasks to queue
[2024-08-26T12:45:05.960+0000] {logging_mixin.py:154} INFO - [2024-08-26T12:45:05.960+0000] {dagbag.py:536} INFO - Filling up the DagBag from /home/airflow/.local/lib/python3.8/site-packages/airflow/example_dags/example_dynamic_task_mapping_with_no_taskflow_operators.py
[2024-08-26T12:45:05.971+0000] {processor.py:839} INFO - DAG(s) dict_keys(['example_dynamic_task_mapping_with_no_taskflow_operators']) retrieved from /home/airflow/.local/lib/python3.8/site-packages/airflow/example_dags/example_dynamic_task_mapping_with_no_taskflow_operators.py
[2024-08-26T12:45:06.011+0000] {logging_mixin.py:154} INFO - [2024-08-26T12:45:06.010+0000] {dag.py:2941} INFO - Sync 1 DAGs
[2024-08-26T12:45:06.056+0000] {logging_mixin.py:154} INFO - [2024-08-26T12:45:06.056+0000] {dag.py:3722} INFO - Setting next_dagrun for example_dynamic_task_mapping_with_no_taskflow_operators to 2024-08-25T12:45:06.055829+00:00, run_after=2024-08-26T12:45:06.055829+00:00
[2024-08-26T12:45:06.110+0000] {processor.py:179} INFO - Processing /home/airflow/.local/lib/python3.8/site-packages/airflow/example_dags/example_dynamic_task_mapping_with_no_taskflow_operators.py took 0.163 seconds
[2024-08-26T12:45:36.215+0000] {processor.py:157} INFO - Started process (PID=1288) to work on /home/airflow/.local/lib/python3.8/site-packages/airflow/example_dags/example_dynamic_task_mapping_with_no_taskflow_operators.py
[2024-08-26T12:45:36.217+0000] {processor.py:829} INFO - Processing file /home/airflow/.local/lib/python3.8/site-packages/airflow/example_dags/example_dynamic_task_mapping_with_no_taskflow_operators.py for tasks to queue
[2024-08-26T12:45:36.220+0000] {logging_mixin.py:154} INFO - [2024-08-26T12:45:36.220+0000] {dagbag.py:536} INFO - Filling up the DagBag from /home/airflow/.local/lib/python3.8/site-packages/airflow/example_dags/example_dynamic_task_mapping_with_no_taskflow_operators.py
[2024-08-26T12:45:36.232+0000] {processor.py:839} INFO - DAG(s) dict_keys(['example_dynamic_task_mapping_with_no_taskflow_operators']) retrieved from /home/airflow/.local/lib/python3.8/site-packages/airflow/example_dags/example_dynamic_task_mapping_with_no_taskflow_operators.py
[2024-08-26T12:45:36.266+0000] {logging_mixin.py:154} INFO - [2024-08-26T12:45:36.266+0000] {dag.py:2941} INFO - Sync 1 DAGs
[2024-08-26T12:45:36.307+0000] {logging_mixin.py:154} INFO - [2024-08-26T12:45:36.306+0000] {dag.py:3722} INFO - Setting next_dagrun for example_dynamic_task_mapping_with_no_taskflow_operators to 2024-08-25T12:45:36.306182+00:00, run_after=2024-08-26T12:45:36.306182+00:00
[2024-08-26T12:45:36.379+0000] {processor.py:179} INFO - Processing /home/airflow/.local/lib/python3.8/site-packages/airflow/example_dags/example_dynamic_task_mapping_with_no_taskflow_operators.py took 0.169 seconds
[2024-08-26T12:46:06.724+0000] {processor.py:157} INFO - Started process (PID=1354) to work on /home/airflow/.local/lib/python3.8/site-packages/airflow/example_dags/example_dynamic_task_mapping_with_no_taskflow_operators.py
[2024-08-26T12:46:06.725+0000] {processor.py:829} INFO - Processing file /home/airflow/.local/lib/python3.8/site-packages/airflow/example_dags/example_dynamic_task_mapping_with_no_taskflow_operators.py for tasks to queue
[2024-08-26T12:46:06.729+0000] {logging_mixin.py:154} INFO - [2024-08-26T12:46:06.729+0000] {dagbag.py:536} INFO - Filling up the DagBag from /home/airflow/.local/lib/python3.8/site-packages/airflow/example_dags/example_dynamic_task_mapping_with_no_taskflow_operators.py
[2024-08-26T12:46:06.743+0000] {processor.py:839} INFO - DAG(s) dict_keys(['example_dynamic_task_mapping_with_no_taskflow_operators']) retrieved from /home/airflow/.local/lib/python3.8/site-packages/airflow/example_dags/example_dynamic_task_mapping_with_no_taskflow_operators.py
[2024-08-26T12:46:06.780+0000] {logging_mixin.py:154} INFO - [2024-08-26T12:46:06.779+0000] {dag.py:2941} INFO - Sync 1 DAGs
[2024-08-26T12:46:06.823+0000] {logging_mixin.py:154} INFO - [2024-08-26T12:46:06.823+0000] {dag.py:3722} INFO - Setting next_dagrun for example_dynamic_task_mapping_with_no_taskflow_operators to 2024-08-25T12:46:06.823106+00:00, run_after=2024-08-26T12:46:06.823106+00:00
[2024-08-26T12:46:06.896+0000] {processor.py:179} INFO - Processing /home/airflow/.local/lib/python3.8/site-packages/airflow/example_dags/example_dynamic_task_mapping_with_no_taskflow_operators.py took 0.178 seconds
[2024-08-26T12:46:37.336+0000] {processor.py:157} INFO - Started process (PID=1420) to work on /home/airflow/.local/lib/python3.8/site-packages/airflow/example_dags/example_dynamic_task_mapping_with_no_taskflow_operators.py
[2024-08-26T12:46:37.339+0000] {processor.py:829} INFO - Processing file /home/airflow/.local/lib/python3.8/site-packages/airflow/example_dags/example_dynamic_task_mapping_with_no_taskflow_operators.py for tasks to queue
[2024-08-26T12:46:37.344+0000] {logging_mixin.py:154} INFO - [2024-08-26T12:46:37.343+0000] {dagbag.py:536} INFO - Filling up the DagBag from /home/airflow/.local/lib/python3.8/site-packages/airflow/example_dags/example_dynamic_task_mapping_with_no_taskflow_operators.py
[2024-08-26T12:46:37.355+0000] {processor.py:839} INFO - DAG(s) dict_keys(['example_dynamic_task_mapping_with_no_taskflow_operators']) retrieved from /home/airflow/.local/lib/python3.8/site-packages/airflow/example_dags/example_dynamic_task_mapping_with_no_taskflow_operators.py
[2024-08-26T12:46:37.394+0000] {logging_mixin.py:154} INFO - [2024-08-26T12:46:37.394+0000] {dag.py:2941} INFO - Sync 1 DAGs
[2024-08-26T12:46:37.436+0000] {logging_mixin.py:154} INFO - [2024-08-26T12:46:37.436+0000] {dag.py:3722} INFO - Setting next_dagrun for example_dynamic_task_mapping_with_no_taskflow_operators to 2024-08-25T12:46:37.435834+00:00, run_after=2024-08-26T12:46:37.435834+00:00
[2024-08-26T12:46:37.505+0000] {processor.py:179} INFO - Processing /home/airflow/.local/lib/python3.8/site-packages/airflow/example_dags/example_dynamic_task_mapping_with_no_taskflow_operators.py took 0.176 seconds
[2024-08-26T12:47:07.678+0000] {processor.py:157} INFO - Started process (PID=1486) to work on /home/airflow/.local/lib/python3.8/site-packages/airflow/example_dags/example_dynamic_task_mapping_with_no_taskflow_operators.py
[2024-08-26T12:47:07.679+0000] {processor.py:829} INFO - Processing file /home/airflow/.local/lib/python3.8/site-packages/airflow/example_dags/example_dynamic_task_mapping_with_no_taskflow_operators.py for tasks to queue
[2024-08-26T12:47:07.683+0000] {logging_mixin.py:154} INFO - [2024-08-26T12:47:07.682+0000] {dagbag.py:536} INFO - Filling up the DagBag from /home/airflow/.local/lib/python3.8/site-packages/airflow/example_dags/example_dynamic_task_mapping_with_no_taskflow_operators.py
[2024-08-26T12:47:07.692+0000] {processor.py:839} INFO - DAG(s) dict_keys(['example_dynamic_task_mapping_with_no_taskflow_operators']) retrieved from /home/airflow/.local/lib/python3.8/site-packages/airflow/example_dags/example_dynamic_task_mapping_with_no_taskflow_operators.py
[2024-08-26T12:47:07.732+0000] {logging_mixin.py:154} INFO - [2024-08-26T12:47:07.732+0000] {dag.py:2941} INFO - Sync 1 DAGs
[2024-08-26T12:47:07.782+0000] {logging_mixin.py:154} INFO - [2024-08-26T12:47:07.781+0000] {dag.py:3722} INFO - Setting next_dagrun for example_dynamic_task_mapping_with_no_taskflow_operators to 2024-08-25T12:47:07.781377+00:00, run_after=2024-08-26T12:47:07.781377+00:00
[2024-08-26T12:47:07.853+0000] {processor.py:179} INFO - Processing /home/airflow/.local/lib/python3.8/site-packages/airflow/example_dags/example_dynamic_task_mapping_with_no_taskflow_operators.py took 0.181 seconds
[2024-08-26T12:47:38.285+0000] {processor.py:157} INFO - Started process (PID=1553) to work on /home/airflow/.local/lib/python3.8/site-packages/airflow/example_dags/example_dynamic_task_mapping_with_no_taskflow_operators.py
[2024-08-26T12:47:38.287+0000] {processor.py:829} INFO - Processing file /home/airflow/.local/lib/python3.8/site-packages/airflow/example_dags/example_dynamic_task_mapping_with_no_taskflow_operators.py for tasks to queue
[2024-08-26T12:47:38.291+0000] {logging_mixin.py:154} INFO - [2024-08-26T12:47:38.291+0000] {dagbag.py:536} INFO - Filling up the DagBag from /home/airflow/.local/lib/python3.8/site-packages/airflow/example_dags/example_dynamic_task_mapping_with_no_taskflow_operators.py
[2024-08-26T12:47:38.304+0000] {processor.py:839} INFO - DAG(s) dict_keys(['example_dynamic_task_mapping_with_no_taskflow_operators']) retrieved from /home/airflow/.local/lib/python3.8/site-packages/airflow/example_dags/example_dynamic_task_mapping_with_no_taskflow_operators.py
[2024-08-26T12:47:38.340+0000] {logging_mixin.py:154} INFO - [2024-08-26T12:47:38.340+0000] {dag.py:2941} INFO - Sync 1 DAGs
[2024-08-26T12:47:38.382+0000] {logging_mixin.py:154} INFO - [2024-08-26T12:47:38.381+0000] {dag.py:3722} INFO - Setting next_dagrun for example_dynamic_task_mapping_with_no_taskflow_operators to 2024-08-25T12:47:38.381361+00:00, run_after=2024-08-26T12:47:38.381361+00:00
[2024-08-26T12:47:38.455+0000] {processor.py:179} INFO - Processing /home/airflow/.local/lib/python3.8/site-packages/airflow/example_dags/example_dynamic_task_mapping_with_no_taskflow_operators.py took 0.176 seconds
[2024-08-26T12:48:08.573+0000] {processor.py:157} INFO - Started process (PID=1619) to work on /home/airflow/.local/lib/python3.8/site-packages/airflow/example_dags/example_dynamic_task_mapping_with_no_taskflow_operators.py
[2024-08-26T12:48:08.575+0000] {processor.py:829} INFO - Processing file /home/airflow/.local/lib/python3.8/site-packages/airflow/example_dags/example_dynamic_task_mapping_with_no_taskflow_operators.py for tasks to queue
[2024-08-26T12:48:08.579+0000] {logging_mixin.py:154} INFO - [2024-08-26T12:48:08.579+0000] {dagbag.py:536} INFO - Filling up the DagBag from /home/airflow/.local/lib/python3.8/site-packages/airflow/example_dags/example_dynamic_task_mapping_with_no_taskflow_operators.py
[2024-08-26T12:48:08.589+0000] {processor.py:839} INFO - DAG(s) dict_keys(['example_dynamic_task_mapping_with_no_taskflow_operators']) retrieved from /home/airflow/.local/lib/python3.8/site-packages/airflow/example_dags/example_dynamic_task_mapping_with_no_taskflow_operators.py
[2024-08-26T12:48:08.623+0000] {logging_mixin.py:154} INFO - [2024-08-26T12:48:08.623+0000] {dag.py:2941} INFO - Sync 1 DAGs
[2024-08-26T12:48:08.666+0000] {logging_mixin.py:154} INFO - [2024-08-26T12:48:08.666+0000] {dag.py:3722} INFO - Setting next_dagrun for example_dynamic_task_mapping_with_no_taskflow_operators to 2024-08-25T12:48:08.665902+00:00, run_after=2024-08-26T12:48:08.665902+00:00
[2024-08-26T12:48:08.738+0000] {processor.py:179} INFO - Processing /home/airflow/.local/lib/python3.8/site-packages/airflow/example_dags/example_dynamic_task_mapping_with_no_taskflow_operators.py took 0.170 seconds
[2024-08-26T12:49:37.108+0000] {processor.py:157} INFO - Started process (PID=1680) to work on /home/airflow/.local/lib/python3.8/site-packages/airflow/example_dags/example_dynamic_task_mapping_with_no_taskflow_operators.py
[2024-08-26T12:49:37.110+0000] {processor.py:829} INFO - Processing file /home/airflow/.local/lib/python3.8/site-packages/airflow/example_dags/example_dynamic_task_mapping_with_no_taskflow_operators.py for tasks to queue
[2024-08-26T12:49:37.114+0000] {logging_mixin.py:154} INFO - [2024-08-26T12:49:37.113+0000] {dagbag.py:536} INFO - Filling up the DagBag from /home/airflow/.local/lib/python3.8/site-packages/airflow/example_dags/example_dynamic_task_mapping_with_no_taskflow_operators.py
[2024-08-26T12:49:37.126+0000] {processor.py:839} INFO - DAG(s) dict_keys(['example_dynamic_task_mapping_with_no_taskflow_operators']) retrieved from /home/airflow/.local/lib/python3.8/site-packages/airflow/example_dags/example_dynamic_task_mapping_with_no_taskflow_operators.py
[2024-08-26T12:49:37.164+0000] {logging_mixin.py:154} INFO - [2024-08-26T12:49:37.164+0000] {dag.py:2941} INFO - Sync 1 DAGs
[2024-08-26T12:49:37.204+0000] {logging_mixin.py:154} INFO - [2024-08-26T12:49:37.204+0000] {dag.py:3722} INFO - Setting next_dagrun for example_dynamic_task_mapping_with_no_taskflow_operators to 2024-08-25T12:49:37.204126+00:00, run_after=2024-08-26T12:49:37.204126+00:00
[2024-08-26T12:49:37.277+0000] {processor.py:179} INFO - Processing /home/airflow/.local/lib/python3.8/site-packages/airflow/example_dags/example_dynamic_task_mapping_with_no_taskflow_operators.py took 0.177 seconds
[2024-08-26T12:50:08.827+0000] {processor.py:157} INFO - Started process (PID=1753) to work on /home/airflow/.local/lib/python3.8/site-packages/airflow/example_dags/example_dynamic_task_mapping_with_no_taskflow_operators.py
[2024-08-26T12:50:08.829+0000] {processor.py:829} INFO - Processing file /home/airflow/.local/lib/python3.8/site-packages/airflow/example_dags/example_dynamic_task_mapping_with_no_taskflow_operators.py for tasks to queue
[2024-08-26T12:50:08.833+0000] {logging_mixin.py:154} INFO - [2024-08-26T12:50:08.833+0000] {dagbag.py:536} INFO - Filling up the DagBag from /home/airflow/.local/lib/python3.8/site-packages/airflow/example_dags/example_dynamic_task_mapping_with_no_taskflow_operators.py
[2024-08-26T12:50:08.846+0000] {processor.py:839} INFO - DAG(s) dict_keys(['example_dynamic_task_mapping_with_no_taskflow_operators']) retrieved from /home/airflow/.local/lib/python3.8/site-packages/airflow/example_dags/example_dynamic_task_mapping_with_no_taskflow_operators.py
[2024-08-26T12:50:08.882+0000] {logging_mixin.py:154} INFO - [2024-08-26T12:50:08.881+0000] {dag.py:2941} INFO - Sync 1 DAGs
[2024-08-26T12:50:08.928+0000] {logging_mixin.py:154} INFO - [2024-08-26T12:50:08.927+0000] {dag.py:3722} INFO - Setting next_dagrun for example_dynamic_task_mapping_with_no_taskflow_operators to 2024-08-25T12:50:08.927410+00:00, run_after=2024-08-26T12:50:08.927410+00:00
[2024-08-26T12:50:08.973+0000] {processor.py:179} INFO - Processing /home/airflow/.local/lib/python3.8/site-packages/airflow/example_dags/example_dynamic_task_mapping_with_no_taskflow_operators.py took 0.151 seconds
[2024-08-26T12:50:40.299+0000] {processor.py:157} INFO - Started process (PID=1820) to work on /home/airflow/.local/lib/python3.8/site-packages/airflow/example_dags/example_dynamic_task_mapping_with_no_taskflow_operators.py
[2024-08-26T12:50:40.301+0000] {processor.py:829} INFO - Processing file /home/airflow/.local/lib/python3.8/site-packages/airflow/example_dags/example_dynamic_task_mapping_with_no_taskflow_operators.py for tasks to queue
[2024-08-26T12:50:40.305+0000] {logging_mixin.py:154} INFO - [2024-08-26T12:50:40.305+0000] {dagbag.py:536} INFO - Filling up the DagBag from /home/airflow/.local/lib/python3.8/site-packages/airflow/example_dags/example_dynamic_task_mapping_with_no_taskflow_operators.py
[2024-08-26T12:50:40.319+0000] {processor.py:839} INFO - DAG(s) dict_keys(['example_dynamic_task_mapping_with_no_taskflow_operators']) retrieved from /home/airflow/.local/lib/python3.8/site-packages/airflow/example_dags/example_dynamic_task_mapping_with_no_taskflow_operators.py
[2024-08-26T12:50:40.362+0000] {logging_mixin.py:154} INFO - [2024-08-26T12:50:40.362+0000] {dag.py:2941} INFO - Sync 1 DAGs
[2024-08-26T12:50:40.411+0000] {logging_mixin.py:154} INFO - [2024-08-26T12:50:40.410+0000] {dag.py:3722} INFO - Setting next_dagrun for example_dynamic_task_mapping_with_no_taskflow_operators to 2024-08-25T12:50:40.410031+00:00, run_after=2024-08-26T12:50:40.410031+00:00
[2024-08-26T12:50:40.443+0000] {processor.py:179} INFO - Processing /home/airflow/.local/lib/python3.8/site-packages/airflow/example_dags/example_dynamic_task_mapping_with_no_taskflow_operators.py took 0.151 seconds
[2024-08-26T12:51:11.419+0000] {processor.py:157} INFO - Started process (PID=1886) to work on /home/airflow/.local/lib/python3.8/site-packages/airflow/example_dags/example_dynamic_task_mapping_with_no_taskflow_operators.py
[2024-08-26T12:51:11.421+0000] {processor.py:829} INFO - Processing file /home/airflow/.local/lib/python3.8/site-packages/airflow/example_dags/example_dynamic_task_mapping_with_no_taskflow_operators.py for tasks to queue
[2024-08-26T12:51:11.426+0000] {logging_mixin.py:154} INFO - [2024-08-26T12:51:11.425+0000] {dagbag.py:536} INFO - Filling up the DagBag from /home/airflow/.local/lib/python3.8/site-packages/airflow/example_dags/example_dynamic_task_mapping_with_no_taskflow_operators.py
[2024-08-26T12:51:11.438+0000] {processor.py:839} INFO - DAG(s) dict_keys(['example_dynamic_task_mapping_with_no_taskflow_operators']) retrieved from /home/airflow/.local/lib/python3.8/site-packages/airflow/example_dags/example_dynamic_task_mapping_with_no_taskflow_operators.py
[2024-08-26T12:51:11.473+0000] {logging_mixin.py:154} INFO - [2024-08-26T12:51:11.472+0000] {dag.py:2941} INFO - Sync 1 DAGs
[2024-08-26T12:51:11.522+0000] {logging_mixin.py:154} INFO - [2024-08-26T12:51:11.522+0000] {dag.py:3722} INFO - Setting next_dagrun for example_dynamic_task_mapping_with_no_taskflow_operators to 2024-08-25T12:51:11.521492+00:00, run_after=2024-08-26T12:51:11.521492+00:00
[2024-08-26T12:51:11.809+0000] {processor.py:179} INFO - Processing /home/airflow/.local/lib/python3.8/site-packages/airflow/example_dags/example_dynamic_task_mapping_with_no_taskflow_operators.py took 0.396 seconds
[2024-08-26T12:51:42.444+0000] {processor.py:157} INFO - Started process (PID=1953) to work on /home/airflow/.local/lib/python3.8/site-packages/airflow/example_dags/example_dynamic_task_mapping_with_no_taskflow_operators.py
[2024-08-26T12:51:42.446+0000] {processor.py:829} INFO - Processing file /home/airflow/.local/lib/python3.8/site-packages/airflow/example_dags/example_dynamic_task_mapping_with_no_taskflow_operators.py for tasks to queue
[2024-08-26T12:51:42.450+0000] {logging_mixin.py:154} INFO - [2024-08-26T12:51:42.449+0000] {dagbag.py:536} INFO - Filling up the DagBag from /home/airflow/.local/lib/python3.8/site-packages/airflow/example_dags/example_dynamic_task_mapping_with_no_taskflow_operators.py
[2024-08-26T12:51:42.461+0000] {processor.py:839} INFO - DAG(s) dict_keys(['example_dynamic_task_mapping_with_no_taskflow_operators']) retrieved from /home/airflow/.local/lib/python3.8/site-packages/airflow/example_dags/example_dynamic_task_mapping_with_no_taskflow_operators.py
[2024-08-26T12:51:42.498+0000] {logging_mixin.py:154} INFO - [2024-08-26T12:51:42.497+0000] {dag.py:2941} INFO - Sync 1 DAGs
[2024-08-26T12:51:42.545+0000] {logging_mixin.py:154} INFO - [2024-08-26T12:51:42.544+0000] {dag.py:3722} INFO - Setting next_dagrun for example_dynamic_task_mapping_with_no_taskflow_operators to 2024-08-25T12:51:42.544403+00:00, run_after=2024-08-26T12:51:42.544403+00:00
[2024-08-26T12:51:42.584+0000] {processor.py:179} INFO - Processing /home/airflow/.local/lib/python3.8/site-packages/airflow/example_dags/example_dynamic_task_mapping_with_no_taskflow_operators.py took 0.146 seconds
[2024-08-26T12:52:13.382+0000] {processor.py:157} INFO - Started process (PID=2019) to work on /home/airflow/.local/lib/python3.8/site-packages/airflow/example_dags/example_dynamic_task_mapping_with_no_taskflow_operators.py
[2024-08-26T12:52:13.384+0000] {processor.py:829} INFO - Processing file /home/airflow/.local/lib/python3.8/site-packages/airflow/example_dags/example_dynamic_task_mapping_with_no_taskflow_operators.py for tasks to queue
[2024-08-26T12:52:13.389+0000] {logging_mixin.py:154} INFO - [2024-08-26T12:52:13.388+0000] {dagbag.py:536} INFO - Filling up the DagBag from /home/airflow/.local/lib/python3.8/site-packages/airflow/example_dags/example_dynamic_task_mapping_with_no_taskflow_operators.py
[2024-08-26T12:52:13.400+0000] {processor.py:839} INFO - DAG(s) dict_keys(['example_dynamic_task_mapping_with_no_taskflow_operators']) retrieved from /home/airflow/.local/lib/python3.8/site-packages/airflow/example_dags/example_dynamic_task_mapping_with_no_taskflow_operators.py
[2024-08-26T12:52:13.441+0000] {logging_mixin.py:154} INFO - [2024-08-26T12:52:13.441+0000] {dag.py:2941} INFO - Sync 1 DAGs
[2024-08-26T12:52:13.485+0000] {logging_mixin.py:154} INFO - [2024-08-26T12:52:13.484+0000] {dag.py:3722} INFO - Setting next_dagrun for example_dynamic_task_mapping_with_no_taskflow_operators to 2024-08-25T12:52:13.484469+00:00, run_after=2024-08-26T12:52:13.484469+00:00
[2024-08-26T12:52:13.538+0000] {processor.py:179} INFO - Processing /home/airflow/.local/lib/python3.8/site-packages/airflow/example_dags/example_dynamic_task_mapping_with_no_taskflow_operators.py took 0.164 seconds
[2024-08-26T12:52:43.652+0000] {processor.py:157} INFO - Started process (PID=2084) to work on /home/airflow/.local/lib/python3.8/site-packages/airflow/example_dags/example_dynamic_task_mapping_with_no_taskflow_operators.py
[2024-08-26T12:52:43.654+0000] {processor.py:829} INFO - Processing file /home/airflow/.local/lib/python3.8/site-packages/airflow/example_dags/example_dynamic_task_mapping_with_no_taskflow_operators.py for tasks to queue
[2024-08-26T12:52:43.659+0000] {logging_mixin.py:154} INFO - [2024-08-26T12:52:43.658+0000] {dagbag.py:536} INFO - Filling up the DagBag from /home/airflow/.local/lib/python3.8/site-packages/airflow/example_dags/example_dynamic_task_mapping_with_no_taskflow_operators.py
[2024-08-26T12:52:43.670+0000] {processor.py:839} INFO - DAG(s) dict_keys(['example_dynamic_task_mapping_with_no_taskflow_operators']) retrieved from /home/airflow/.local/lib/python3.8/site-packages/airflow/example_dags/example_dynamic_task_mapping_with_no_taskflow_operators.py
[2024-08-26T12:52:43.711+0000] {logging_mixin.py:154} INFO - [2024-08-26T12:52:43.710+0000] {dag.py:2941} INFO - Sync 1 DAGs
[2024-08-26T12:52:43.983+0000] {logging_mixin.py:154} INFO - [2024-08-26T12:52:43.983+0000] {dag.py:3722} INFO - Setting next_dagrun for example_dynamic_task_mapping_with_no_taskflow_operators to 2024-08-25T12:52:43.983103+00:00, run_after=2024-08-26T12:52:43.983103+00:00
[2024-08-26T12:52:44.027+0000] {processor.py:179} INFO - Processing /home/airflow/.local/lib/python3.8/site-packages/airflow/example_dags/example_dynamic_task_mapping_with_no_taskflow_operators.py took 0.382 seconds
[2024-08-26T12:53:14.345+0000] {processor.py:157} INFO - Started process (PID=2150) to work on /home/airflow/.local/lib/python3.8/site-packages/airflow/example_dags/example_dynamic_task_mapping_with_no_taskflow_operators.py
[2024-08-26T12:53:14.347+0000] {processor.py:829} INFO - Processing file /home/airflow/.local/lib/python3.8/site-packages/airflow/example_dags/example_dynamic_task_mapping_with_no_taskflow_operators.py for tasks to queue
[2024-08-26T12:53:14.352+0000] {logging_mixin.py:154} INFO - [2024-08-26T12:53:14.351+0000] {dagbag.py:536} INFO - Filling up the DagBag from /home/airflow/.local/lib/python3.8/site-packages/airflow/example_dags/example_dynamic_task_mapping_with_no_taskflow_operators.py
[2024-08-26T12:53:14.363+0000] {processor.py:839} INFO - DAG(s) dict_keys(['example_dynamic_task_mapping_with_no_taskflow_operators']) retrieved from /home/airflow/.local/lib/python3.8/site-packages/airflow/example_dags/example_dynamic_task_mapping_with_no_taskflow_operators.py
[2024-08-26T12:53:14.400+0000] {logging_mixin.py:154} INFO - [2024-08-26T12:53:14.399+0000] {dag.py:2941} INFO - Sync 1 DAGs
[2024-08-26T12:53:14.446+0000] {logging_mixin.py:154} INFO - [2024-08-26T12:53:14.446+0000] {dag.py:3722} INFO - Setting next_dagrun for example_dynamic_task_mapping_with_no_taskflow_operators to 2024-08-25T12:53:14.446145+00:00, run_after=2024-08-26T12:53:14.446145+00:00
[2024-08-26T12:53:14.483+0000] {processor.py:179} INFO - Processing /home/airflow/.local/lib/python3.8/site-packages/airflow/example_dags/example_dynamic_task_mapping_with_no_taskflow_operators.py took 0.143 seconds
[2024-08-26T12:54:01.261+0000] {processor.py:157} INFO - Started process (PID=2209) to work on /home/airflow/.local/lib/python3.8/site-packages/airflow/example_dags/example_dynamic_task_mapping_with_no_taskflow_operators.py
[2024-08-26T12:54:01.263+0000] {processor.py:829} INFO - Processing file /home/airflow/.local/lib/python3.8/site-packages/airflow/example_dags/example_dynamic_task_mapping_with_no_taskflow_operators.py for tasks to queue
[2024-08-26T12:54:01.268+0000] {logging_mixin.py:154} INFO - [2024-08-26T12:54:01.268+0000] {dagbag.py:536} INFO - Filling up the DagBag from /home/airflow/.local/lib/python3.8/site-packages/airflow/example_dags/example_dynamic_task_mapping_with_no_taskflow_operators.py
[2024-08-26T12:54:01.281+0000] {processor.py:839} INFO - DAG(s) dict_keys(['example_dynamic_task_mapping_with_no_taskflow_operators']) retrieved from /home/airflow/.local/lib/python3.8/site-packages/airflow/example_dags/example_dynamic_task_mapping_with_no_taskflow_operators.py
[2024-08-26T12:54:01.319+0000] {logging_mixin.py:154} INFO - [2024-08-26T12:54:01.319+0000] {dag.py:2941} INFO - Sync 1 DAGs
[2024-08-26T12:54:01.361+0000] {logging_mixin.py:154} INFO - [2024-08-26T12:54:01.361+0000] {dag.py:3722} INFO - Setting next_dagrun for example_dynamic_task_mapping_with_no_taskflow_operators to 2024-08-25T12:54:01.360850+00:00, run_after=2024-08-26T12:54:01.360850+00:00
[2024-08-26T12:54:01.394+0000] {processor.py:179} INFO - Processing /home/airflow/.local/lib/python3.8/site-packages/airflow/example_dags/example_dynamic_task_mapping_with_no_taskflow_operators.py took 0.140 seconds
[2024-08-26T12:54:34.216+0000] {processor.py:157} INFO - Started process (PID=2282) to work on /home/airflow/.local/lib/python3.8/site-packages/airflow/example_dags/example_dynamic_task_mapping_with_no_taskflow_operators.py
[2024-08-26T12:54:34.218+0000] {processor.py:829} INFO - Processing file /home/airflow/.local/lib/python3.8/site-packages/airflow/example_dags/example_dynamic_task_mapping_with_no_taskflow_operators.py for tasks to queue
[2024-08-26T12:54:34.221+0000] {logging_mixin.py:154} INFO - [2024-08-26T12:54:34.221+0000] {dagbag.py:536} INFO - Filling up the DagBag from /home/airflow/.local/lib/python3.8/site-packages/airflow/example_dags/example_dynamic_task_mapping_with_no_taskflow_operators.py
[2024-08-26T12:54:34.233+0000] {processor.py:839} INFO - DAG(s) dict_keys(['example_dynamic_task_mapping_with_no_taskflow_operators']) retrieved from /home/airflow/.local/lib/python3.8/site-packages/airflow/example_dags/example_dynamic_task_mapping_with_no_taskflow_operators.py
[2024-08-26T12:54:34.274+0000] {logging_mixin.py:154} INFO - [2024-08-26T12:54:34.273+0000] {dag.py:2941} INFO - Sync 1 DAGs
[2024-08-26T12:54:34.524+0000] {logging_mixin.py:154} INFO - [2024-08-26T12:54:34.524+0000] {dag.py:3722} INFO - Setting next_dagrun for example_dynamic_task_mapping_with_no_taskflow_operators to 2024-08-25T12:54:34.524199+00:00, run_after=2024-08-26T12:54:34.524199+00:00
[2024-08-26T12:54:34.558+0000] {processor.py:179} INFO - Processing /home/airflow/.local/lib/python3.8/site-packages/airflow/example_dags/example_dynamic_task_mapping_with_no_taskflow_operators.py took 0.347 seconds
[2024-08-26T12:55:05.466+0000] {processor.py:157} INFO - Started process (PID=2348) to work on /home/airflow/.local/lib/python3.8/site-packages/airflow/example_dags/example_dynamic_task_mapping_with_no_taskflow_operators.py
[2024-08-26T12:55:05.468+0000] {processor.py:829} INFO - Processing file /home/airflow/.local/lib/python3.8/site-packages/airflow/example_dags/example_dynamic_task_mapping_with_no_taskflow_operators.py for tasks to queue
[2024-08-26T12:55:05.471+0000] {logging_mixin.py:154} INFO - [2024-08-26T12:55:05.471+0000] {dagbag.py:536} INFO - Filling up the DagBag from /home/airflow/.local/lib/python3.8/site-packages/airflow/example_dags/example_dynamic_task_mapping_with_no_taskflow_operators.py
[2024-08-26T12:55:05.484+0000] {processor.py:839} INFO - DAG(s) dict_keys(['example_dynamic_task_mapping_with_no_taskflow_operators']) retrieved from /home/airflow/.local/lib/python3.8/site-packages/airflow/example_dags/example_dynamic_task_mapping_with_no_taskflow_operators.py
[2024-08-26T12:55:05.523+0000] {logging_mixin.py:154} INFO - [2024-08-26T12:55:05.523+0000] {dag.py:2941} INFO - Sync 1 DAGs
[2024-08-26T12:55:05.770+0000] {logging_mixin.py:154} INFO - [2024-08-26T12:55:05.769+0000] {dag.py:3722} INFO - Setting next_dagrun for example_dynamic_task_mapping_with_no_taskflow_operators to 2024-08-25T12:55:05.769383+00:00, run_after=2024-08-26T12:55:05.769383+00:00
[2024-08-26T12:55:05.845+0000] {processor.py:179} INFO - Processing /home/airflow/.local/lib/python3.8/site-packages/airflow/example_dags/example_dynamic_task_mapping_with_no_taskflow_operators.py took 0.384 seconds
[2024-08-26T12:55:36.623+0000] {processor.py:157} INFO - Started process (PID=2414) to work on /home/airflow/.local/lib/python3.8/site-packages/airflow/example_dags/example_dynamic_task_mapping_with_no_taskflow_operators.py
[2024-08-26T12:55:36.624+0000] {processor.py:829} INFO - Processing file /home/airflow/.local/lib/python3.8/site-packages/airflow/example_dags/example_dynamic_task_mapping_with_no_taskflow_operators.py for tasks to queue
[2024-08-26T12:55:36.628+0000] {logging_mixin.py:154} INFO - [2024-08-26T12:55:36.627+0000] {dagbag.py:536} INFO - Filling up the DagBag from /home/airflow/.local/lib/python3.8/site-packages/airflow/example_dags/example_dynamic_task_mapping_with_no_taskflow_operators.py
[2024-08-26T12:55:36.638+0000] {processor.py:839} INFO - DAG(s) dict_keys(['example_dynamic_task_mapping_with_no_taskflow_operators']) retrieved from /home/airflow/.local/lib/python3.8/site-packages/airflow/example_dags/example_dynamic_task_mapping_with_no_taskflow_operators.py
[2024-08-26T12:55:36.672+0000] {logging_mixin.py:154} INFO - [2024-08-26T12:55:36.672+0000] {dag.py:2941} INFO - Sync 1 DAGs
[2024-08-26T12:55:36.715+0000] {logging_mixin.py:154} INFO - [2024-08-26T12:55:36.715+0000] {dag.py:3722} INFO - Setting next_dagrun for example_dynamic_task_mapping_with_no_taskflow_operators to 2024-08-25T12:55:36.714770+00:00, run_after=2024-08-26T12:55:36.714770+00:00
[2024-08-26T12:55:36.754+0000] {processor.py:179} INFO - Processing /home/airflow/.local/lib/python3.8/site-packages/airflow/example_dags/example_dynamic_task_mapping_with_no_taskflow_operators.py took 0.137 seconds
[2024-08-26T12:56:08.175+0000] {processor.py:157} INFO - Started process (PID=2480) to work on /home/airflow/.local/lib/python3.8/site-packages/airflow/example_dags/example_dynamic_task_mapping_with_no_taskflow_operators.py
[2024-08-26T12:56:08.177+0000] {processor.py:829} INFO - Processing file /home/airflow/.local/lib/python3.8/site-packages/airflow/example_dags/example_dynamic_task_mapping_with_no_taskflow_operators.py for tasks to queue
[2024-08-26T12:56:08.181+0000] {logging_mixin.py:154} INFO - [2024-08-26T12:56:08.181+0000] {dagbag.py:536} INFO - Filling up the DagBag from /home/airflow/.local/lib/python3.8/site-packages/airflow/example_dags/example_dynamic_task_mapping_with_no_taskflow_operators.py
[2024-08-26T12:56:08.191+0000] {processor.py:839} INFO - DAG(s) dict_keys(['example_dynamic_task_mapping_with_no_taskflow_operators']) retrieved from /home/airflow/.local/lib/python3.8/site-packages/airflow/example_dags/example_dynamic_task_mapping_with_no_taskflow_operators.py
[2024-08-26T12:56:08.513+0000] {logging_mixin.py:154} INFO - [2024-08-26T12:56:08.513+0000] {dag.py:2941} INFO - Sync 1 DAGs
[2024-08-26T12:56:08.554+0000] {logging_mixin.py:154} INFO - [2024-08-26T12:56:08.553+0000] {dag.py:3722} INFO - Setting next_dagrun for example_dynamic_task_mapping_with_no_taskflow_operators to 2024-08-25T12:56:08.553530+00:00, run_after=2024-08-26T12:56:08.553530+00:00
[2024-08-26T12:56:08.589+0000] {processor.py:179} INFO - Processing /home/airflow/.local/lib/python3.8/site-packages/airflow/example_dags/example_dynamic_task_mapping_with_no_taskflow_operators.py took 0.419 seconds
