[2024-08-26T08:44:54.232+0000] {processor.py:157} INFO - Started process (PID=72) to work on /home/airflow/.local/lib/python3.8/site-packages/airflow/example_dags/example_branch_operator_decorator.py
[2024-08-26T08:44:54.233+0000] {processor.py:829} INFO - Processing file /home/airflow/.local/lib/python3.8/site-packages/airflow/example_dags/example_branch_operator_decorator.py for tasks to queue
[2024-08-26T08:44:54.237+0000] {logging_mixin.py:154} INFO - [2024-08-26T08:44:54.237+0000] {dagbag.py:536} INFO - Filling up the DagBag from /home/airflow/.local/lib/python3.8/site-packages/airflow/example_dags/example_branch_operator_decorator.py
[2024-08-26T08:44:54.246+0000] {processor.py:839} INFO - DAG(s) dict_keys(['example_branch_python_operator_decorator']) retrieved from /home/airflow/.local/lib/python3.8/site-packages/airflow/example_dags/example_branch_operator_decorator.py
[2024-08-26T08:44:54.274+0000] {logging_mixin.py:154} INFO - [2024-08-26T08:44:54.274+0000] {dag.py:2941} INFO - Sync 1 DAGs
[2024-08-26T08:44:54.300+0000] {logging_mixin.py:154} INFO - [2024-08-26T08:44:54.300+0000] {dag.py:3722} INFO - Setting next_dagrun for example_branch_python_operator_decorator to 2024-08-25T00:00:00+00:00, run_after=2024-08-26T00:00:00+00:00
[2024-08-26T08:44:54.323+0000] {processor.py:179} INFO - Processing /home/airflow/.local/lib/python3.8/site-packages/airflow/example_dags/example_branch_operator_decorator.py took 0.094 seconds
[2024-08-26T12:36:20.328+0000] {processor.py:157} INFO - Started process (PID=81) to work on /home/airflow/.local/lib/python3.8/site-packages/airflow/example_dags/example_branch_operator_decorator.py
[2024-08-26T12:36:20.330+0000] {processor.py:829} INFO - Processing file /home/airflow/.local/lib/python3.8/site-packages/airflow/example_dags/example_branch_operator_decorator.py for tasks to queue
[2024-08-26T12:36:20.333+0000] {logging_mixin.py:154} INFO - [2024-08-26T12:36:20.333+0000] {dagbag.py:536} INFO - Filling up the DagBag from /home/airflow/.local/lib/python3.8/site-packages/airflow/example_dags/example_branch_operator_decorator.py
[2024-08-26T12:36:20.343+0000] {processor.py:839} INFO - DAG(s) dict_keys(['example_branch_python_operator_decorator']) retrieved from /home/airflow/.local/lib/python3.8/site-packages/airflow/example_dags/example_branch_operator_decorator.py
[2024-08-26T12:36:20.369+0000] {logging_mixin.py:154} INFO - [2024-08-26T12:36:20.369+0000] {dag.py:2941} INFO - Sync 1 DAGs
[2024-08-26T12:36:20.395+0000] {logging_mixin.py:154} INFO - [2024-08-26T12:36:20.395+0000] {dag.py:3722} INFO - Setting next_dagrun for example_branch_python_operator_decorator to 2024-08-25T00:00:00+00:00, run_after=2024-08-26T00:00:00+00:00
[2024-08-26T12:36:20.419+0000] {processor.py:179} INFO - Processing /home/airflow/.local/lib/python3.8/site-packages/airflow/example_dags/example_branch_operator_decorator.py took 0.094 seconds
[2024-08-26T12:36:51.846+0000] {processor.py:157} INFO - Started process (PID=147) to work on /home/airflow/.local/lib/python3.8/site-packages/airflow/example_dags/example_branch_operator_decorator.py
[2024-08-26T12:36:51.848+0000] {processor.py:829} INFO - Processing file /home/airflow/.local/lib/python3.8/site-packages/airflow/example_dags/example_branch_operator_decorator.py for tasks to queue
[2024-08-26T12:36:51.852+0000] {logging_mixin.py:154} INFO - [2024-08-26T12:36:51.851+0000] {dagbag.py:536} INFO - Filling up the DagBag from /home/airflow/.local/lib/python3.8/site-packages/airflow/example_dags/example_branch_operator_decorator.py
[2024-08-26T12:36:51.868+0000] {processor.py:839} INFO - DAG(s) dict_keys(['example_branch_python_operator_decorator']) retrieved from /home/airflow/.local/lib/python3.8/site-packages/airflow/example_dags/example_branch_operator_decorator.py
[2024-08-26T12:36:51.911+0000] {logging_mixin.py:154} INFO - [2024-08-26T12:36:51.910+0000] {dag.py:2941} INFO - Sync 1 DAGs
[2024-08-26T12:36:51.957+0000] {logging_mixin.py:154} INFO - [2024-08-26T12:36:51.957+0000] {dag.py:3722} INFO - Setting next_dagrun for example_branch_python_operator_decorator to 2024-08-25T00:00:00+00:00, run_after=2024-08-26T00:00:00+00:00
[2024-08-26T12:36:52.030+0000] {processor.py:179} INFO - Processing /home/airflow/.local/lib/python3.8/site-packages/airflow/example_dags/example_branch_operator_decorator.py took 0.188 seconds
[2024-08-26T12:37:23.242+0000] {processor.py:157} INFO - Started process (PID=220) to work on /home/airflow/.local/lib/python3.8/site-packages/airflow/example_dags/example_branch_operator_decorator.py
[2024-08-26T12:37:23.244+0000] {processor.py:829} INFO - Processing file /home/airflow/.local/lib/python3.8/site-packages/airflow/example_dags/example_branch_operator_decorator.py for tasks to queue
[2024-08-26T12:37:23.247+0000] {logging_mixin.py:154} INFO - [2024-08-26T12:37:23.247+0000] {dagbag.py:536} INFO - Filling up the DagBag from /home/airflow/.local/lib/python3.8/site-packages/airflow/example_dags/example_branch_operator_decorator.py
[2024-08-26T12:37:23.264+0000] {processor.py:839} INFO - DAG(s) dict_keys(['example_branch_python_operator_decorator']) retrieved from /home/airflow/.local/lib/python3.8/site-packages/airflow/example_dags/example_branch_operator_decorator.py
[2024-08-26T12:37:23.302+0000] {logging_mixin.py:154} INFO - [2024-08-26T12:37:23.302+0000] {dag.py:2941} INFO - Sync 1 DAGs
[2024-08-26T12:37:23.346+0000] {logging_mixin.py:154} INFO - [2024-08-26T12:37:23.346+0000] {dag.py:3722} INFO - Setting next_dagrun for example_branch_python_operator_decorator to 2024-08-25T00:00:00+00:00, run_after=2024-08-26T00:00:00+00:00
[2024-08-26T12:37:23.420+0000] {processor.py:179} INFO - Processing /home/airflow/.local/lib/python3.8/site-packages/airflow/example_dags/example_branch_operator_decorator.py took 0.185 seconds
[2024-08-26T12:37:54.132+0000] {processor.py:157} INFO - Started process (PID=287) to work on /home/airflow/.local/lib/python3.8/site-packages/airflow/example_dags/example_branch_operator_decorator.py
[2024-08-26T12:37:54.134+0000] {processor.py:829} INFO - Processing file /home/airflow/.local/lib/python3.8/site-packages/airflow/example_dags/example_branch_operator_decorator.py for tasks to queue
[2024-08-26T12:37:54.139+0000] {logging_mixin.py:154} INFO - [2024-08-26T12:37:54.138+0000] {dagbag.py:536} INFO - Filling up the DagBag from /home/airflow/.local/lib/python3.8/site-packages/airflow/example_dags/example_branch_operator_decorator.py
[2024-08-26T12:37:54.162+0000] {processor.py:839} INFO - DAG(s) dict_keys(['example_branch_python_operator_decorator']) retrieved from /home/airflow/.local/lib/python3.8/site-packages/airflow/example_dags/example_branch_operator_decorator.py
[2024-08-26T12:37:54.214+0000] {logging_mixin.py:154} INFO - [2024-08-26T12:37:54.214+0000] {dag.py:2941} INFO - Sync 1 DAGs
[2024-08-26T12:37:54.261+0000] {logging_mixin.py:154} INFO - [2024-08-26T12:37:54.261+0000] {dag.py:3722} INFO - Setting next_dagrun for example_branch_python_operator_decorator to 2024-08-25T00:00:00+00:00, run_after=2024-08-26T00:00:00+00:00
[2024-08-26T12:37:54.301+0000] {processor.py:179} INFO - Processing /home/airflow/.local/lib/python3.8/site-packages/airflow/example_dags/example_branch_operator_decorator.py took 0.176 seconds
[2024-08-26T12:38:25.114+0000] {processor.py:157} INFO - Started process (PID=354) to work on /home/airflow/.local/lib/python3.8/site-packages/airflow/example_dags/example_branch_operator_decorator.py
[2024-08-26T12:38:25.116+0000] {processor.py:829} INFO - Processing file /home/airflow/.local/lib/python3.8/site-packages/airflow/example_dags/example_branch_operator_decorator.py for tasks to queue
[2024-08-26T12:38:25.120+0000] {logging_mixin.py:154} INFO - [2024-08-26T12:38:25.120+0000] {dagbag.py:536} INFO - Filling up the DagBag from /home/airflow/.local/lib/python3.8/site-packages/airflow/example_dags/example_branch_operator_decorator.py
[2024-08-26T12:38:25.141+0000] {processor.py:839} INFO - DAG(s) dict_keys(['example_branch_python_operator_decorator']) retrieved from /home/airflow/.local/lib/python3.8/site-packages/airflow/example_dags/example_branch_operator_decorator.py
[2024-08-26T12:38:25.187+0000] {logging_mixin.py:154} INFO - [2024-08-26T12:38:25.186+0000] {dag.py:2941} INFO - Sync 1 DAGs
[2024-08-26T12:38:25.242+0000] {logging_mixin.py:154} INFO - [2024-08-26T12:38:25.241+0000] {dag.py:3722} INFO - Setting next_dagrun for example_branch_python_operator_decorator to 2024-08-25T00:00:00+00:00, run_after=2024-08-26T00:00:00+00:00
[2024-08-26T12:38:25.316+0000] {processor.py:179} INFO - Processing /home/airflow/.local/lib/python3.8/site-packages/airflow/example_dags/example_branch_operator_decorator.py took 0.209 seconds
[2024-08-26T12:38:56.179+0000] {processor.py:157} INFO - Started process (PID=420) to work on /home/airflow/.local/lib/python3.8/site-packages/airflow/example_dags/example_branch_operator_decorator.py
[2024-08-26T12:38:56.181+0000] {processor.py:829} INFO - Processing file /home/airflow/.local/lib/python3.8/site-packages/airflow/example_dags/example_branch_operator_decorator.py for tasks to queue
[2024-08-26T12:38:56.184+0000] {logging_mixin.py:154} INFO - [2024-08-26T12:38:56.184+0000] {dagbag.py:536} INFO - Filling up the DagBag from /home/airflow/.local/lib/python3.8/site-packages/airflow/example_dags/example_branch_operator_decorator.py
[2024-08-26T12:38:56.203+0000] {processor.py:839} INFO - DAG(s) dict_keys(['example_branch_python_operator_decorator']) retrieved from /home/airflow/.local/lib/python3.8/site-packages/airflow/example_dags/example_branch_operator_decorator.py
[2024-08-26T12:38:56.246+0000] {logging_mixin.py:154} INFO - [2024-08-26T12:38:56.245+0000] {dag.py:2941} INFO - Sync 1 DAGs
[2024-08-26T12:38:56.289+0000] {logging_mixin.py:154} INFO - [2024-08-26T12:38:56.289+0000] {dag.py:3722} INFO - Setting next_dagrun for example_branch_python_operator_decorator to 2024-08-25T00:00:00+00:00, run_after=2024-08-26T00:00:00+00:00
[2024-08-26T12:38:56.327+0000] {processor.py:179} INFO - Processing /home/airflow/.local/lib/python3.8/site-packages/airflow/example_dags/example_branch_operator_decorator.py took 0.154 seconds
[2024-08-26T12:39:27.308+0000] {processor.py:157} INFO - Started process (PID=486) to work on /home/airflow/.local/lib/python3.8/site-packages/airflow/example_dags/example_branch_operator_decorator.py
[2024-08-26T12:39:27.310+0000] {processor.py:829} INFO - Processing file /home/airflow/.local/lib/python3.8/site-packages/airflow/example_dags/example_branch_operator_decorator.py for tasks to queue
[2024-08-26T12:39:27.315+0000] {logging_mixin.py:154} INFO - [2024-08-26T12:39:27.314+0000] {dagbag.py:536} INFO - Filling up the DagBag from /home/airflow/.local/lib/python3.8/site-packages/airflow/example_dags/example_branch_operator_decorator.py
[2024-08-26T12:39:27.336+0000] {processor.py:839} INFO - DAG(s) dict_keys(['example_branch_python_operator_decorator']) retrieved from /home/airflow/.local/lib/python3.8/site-packages/airflow/example_dags/example_branch_operator_decorator.py
[2024-08-26T12:39:27.383+0000] {logging_mixin.py:154} INFO - [2024-08-26T12:39:27.382+0000] {dag.py:2941} INFO - Sync 1 DAGs
[2024-08-26T12:39:27.430+0000] {logging_mixin.py:154} INFO - [2024-08-26T12:39:27.430+0000] {dag.py:3722} INFO - Setting next_dagrun for example_branch_python_operator_decorator to 2024-08-25T00:00:00+00:00, run_after=2024-08-26T00:00:00+00:00
[2024-08-26T12:39:27.508+0000] {processor.py:179} INFO - Processing /home/airflow/.local/lib/python3.8/site-packages/airflow/example_dags/example_branch_operator_decorator.py took 0.208 seconds
[2024-08-26T12:39:58.026+0000] {processor.py:157} INFO - Started process (PID=552) to work on /home/airflow/.local/lib/python3.8/site-packages/airflow/example_dags/example_branch_operator_decorator.py
[2024-08-26T12:39:58.029+0000] {processor.py:829} INFO - Processing file /home/airflow/.local/lib/python3.8/site-packages/airflow/example_dags/example_branch_operator_decorator.py for tasks to queue
[2024-08-26T12:39:58.034+0000] {logging_mixin.py:154} INFO - [2024-08-26T12:39:58.034+0000] {dagbag.py:536} INFO - Filling up the DagBag from /home/airflow/.local/lib/python3.8/site-packages/airflow/example_dags/example_branch_operator_decorator.py
[2024-08-26T12:39:58.060+0000] {processor.py:839} INFO - DAG(s) dict_keys(['example_branch_python_operator_decorator']) retrieved from /home/airflow/.local/lib/python3.8/site-packages/airflow/example_dags/example_branch_operator_decorator.py
[2024-08-26T12:39:58.121+0000] {logging_mixin.py:154} INFO - [2024-08-26T12:39:58.120+0000] {dag.py:2941} INFO - Sync 1 DAGs
[2024-08-26T12:39:58.183+0000] {logging_mixin.py:154} INFO - [2024-08-26T12:39:58.182+0000] {dag.py:3722} INFO - Setting next_dagrun for example_branch_python_operator_decorator to 2024-08-25T00:00:00+00:00, run_after=2024-08-26T00:00:00+00:00
[2024-08-26T12:39:58.235+0000] {processor.py:179} INFO - Processing /home/airflow/.local/lib/python3.8/site-packages/airflow/example_dags/example_branch_operator_decorator.py took 0.217 seconds
[2024-08-26T12:40:29.588+0000] {processor.py:157} INFO - Started process (PID=617) to work on /home/airflow/.local/lib/python3.8/site-packages/airflow/example_dags/example_branch_operator_decorator.py
[2024-08-26T12:40:29.592+0000] {processor.py:829} INFO - Processing file /home/airflow/.local/lib/python3.8/site-packages/airflow/example_dags/example_branch_operator_decorator.py for tasks to queue
[2024-08-26T12:40:29.597+0000] {logging_mixin.py:154} INFO - [2024-08-26T12:40:29.596+0000] {dagbag.py:536} INFO - Filling up the DagBag from /home/airflow/.local/lib/python3.8/site-packages/airflow/example_dags/example_branch_operator_decorator.py
[2024-08-26T12:40:29.626+0000] {processor.py:839} INFO - DAG(s) dict_keys(['example_branch_python_operator_decorator']) retrieved from /home/airflow/.local/lib/python3.8/site-packages/airflow/example_dags/example_branch_operator_decorator.py
[2024-08-26T12:40:29.697+0000] {logging_mixin.py:154} INFO - [2024-08-26T12:40:29.697+0000] {dag.py:2941} INFO - Sync 1 DAGs
[2024-08-26T12:40:29.783+0000] {logging_mixin.py:154} INFO - [2024-08-26T12:40:29.783+0000] {dag.py:3722} INFO - Setting next_dagrun for example_branch_python_operator_decorator to 2024-08-25T00:00:00+00:00, run_after=2024-08-26T00:00:00+00:00
[2024-08-26T12:40:29.848+0000] {processor.py:179} INFO - Processing /home/airflow/.local/lib/python3.8/site-packages/airflow/example_dags/example_branch_operator_decorator.py took 0.273 seconds
[2024-08-26T12:41:00.764+0000] {processor.py:157} INFO - Started process (PID=683) to work on /home/airflow/.local/lib/python3.8/site-packages/airflow/example_dags/example_branch_operator_decorator.py
[2024-08-26T12:41:00.766+0000] {processor.py:829} INFO - Processing file /home/airflow/.local/lib/python3.8/site-packages/airflow/example_dags/example_branch_operator_decorator.py for tasks to queue
[2024-08-26T12:41:00.770+0000] {logging_mixin.py:154} INFO - [2024-08-26T12:41:00.770+0000] {dagbag.py:536} INFO - Filling up the DagBag from /home/airflow/.local/lib/python3.8/site-packages/airflow/example_dags/example_branch_operator_decorator.py
[2024-08-26T12:41:00.790+0000] {processor.py:839} INFO - DAG(s) dict_keys(['example_branch_python_operator_decorator']) retrieved from /home/airflow/.local/lib/python3.8/site-packages/airflow/example_dags/example_branch_operator_decorator.py
[2024-08-26T12:41:00.836+0000] {logging_mixin.py:154} INFO - [2024-08-26T12:41:00.836+0000] {dag.py:2941} INFO - Sync 1 DAGs
[2024-08-26T12:41:00.882+0000] {logging_mixin.py:154} INFO - [2024-08-26T12:41:00.882+0000] {dag.py:3722} INFO - Setting next_dagrun for example_branch_python_operator_decorator to 2024-08-25T00:00:00+00:00, run_after=2024-08-26T00:00:00+00:00
[2024-08-26T12:41:00.957+0000] {processor.py:179} INFO - Processing /home/airflow/.local/lib/python3.8/site-packages/airflow/example_dags/example_branch_operator_decorator.py took 0.200 seconds
[2024-08-26T12:41:31.331+0000] {processor.py:157} INFO - Started process (PID=749) to work on /home/airflow/.local/lib/python3.8/site-packages/airflow/example_dags/example_branch_operator_decorator.py
[2024-08-26T12:41:31.333+0000] {processor.py:829} INFO - Processing file /home/airflow/.local/lib/python3.8/site-packages/airflow/example_dags/example_branch_operator_decorator.py for tasks to queue
[2024-08-26T12:41:31.337+0000] {logging_mixin.py:154} INFO - [2024-08-26T12:41:31.337+0000] {dagbag.py:536} INFO - Filling up the DagBag from /home/airflow/.local/lib/python3.8/site-packages/airflow/example_dags/example_branch_operator_decorator.py
[2024-08-26T12:41:31.361+0000] {processor.py:839} INFO - DAG(s) dict_keys(['example_branch_python_operator_decorator']) retrieved from /home/airflow/.local/lib/python3.8/site-packages/airflow/example_dags/example_branch_operator_decorator.py
[2024-08-26T12:41:31.411+0000] {logging_mixin.py:154} INFO - [2024-08-26T12:41:31.411+0000] {dag.py:2941} INFO - Sync 1 DAGs
[2024-08-26T12:41:31.471+0000] {logging_mixin.py:154} INFO - [2024-08-26T12:41:31.471+0000] {dag.py:3722} INFO - Setting next_dagrun for example_branch_python_operator_decorator to 2024-08-25T00:00:00+00:00, run_after=2024-08-26T00:00:00+00:00
[2024-08-26T12:41:31.517+0000] {processor.py:179} INFO - Processing /home/airflow/.local/lib/python3.8/site-packages/airflow/example_dags/example_branch_operator_decorator.py took 0.193 seconds
[2024-08-26T12:42:01.801+0000] {processor.py:157} INFO - Started process (PID=813) to work on /home/airflow/.local/lib/python3.8/site-packages/airflow/example_dags/example_branch_operator_decorator.py
[2024-08-26T12:42:01.803+0000] {processor.py:829} INFO - Processing file /home/airflow/.local/lib/python3.8/site-packages/airflow/example_dags/example_branch_operator_decorator.py for tasks to queue
[2024-08-26T12:42:01.806+0000] {logging_mixin.py:154} INFO - [2024-08-26T12:42:01.806+0000] {dagbag.py:536} INFO - Filling up the DagBag from /home/airflow/.local/lib/python3.8/site-packages/airflow/example_dags/example_branch_operator_decorator.py
[2024-08-26T12:42:01.823+0000] {processor.py:839} INFO - DAG(s) dict_keys(['example_branch_python_operator_decorator']) retrieved from /home/airflow/.local/lib/python3.8/site-packages/airflow/example_dags/example_branch_operator_decorator.py
[2024-08-26T12:42:01.870+0000] {logging_mixin.py:154} INFO - [2024-08-26T12:42:01.869+0000] {dag.py:2941} INFO - Sync 1 DAGs
[2024-08-26T12:42:01.912+0000] {logging_mixin.py:154} INFO - [2024-08-26T12:42:01.912+0000] {dag.py:3722} INFO - Setting next_dagrun for example_branch_python_operator_decorator to 2024-08-25T00:00:00+00:00, run_after=2024-08-26T00:00:00+00:00
[2024-08-26T12:42:01.989+0000] {processor.py:179} INFO - Processing /home/airflow/.local/lib/python3.8/site-packages/airflow/example_dags/example_branch_operator_decorator.py took 0.195 seconds
[2024-08-26T12:42:32.219+0000] {processor.py:157} INFO - Started process (PID=879) to work on /home/airflow/.local/lib/python3.8/site-packages/airflow/example_dags/example_branch_operator_decorator.py
[2024-08-26T12:42:32.221+0000] {processor.py:829} INFO - Processing file /home/airflow/.local/lib/python3.8/site-packages/airflow/example_dags/example_branch_operator_decorator.py for tasks to queue
[2024-08-26T12:42:32.224+0000] {logging_mixin.py:154} INFO - [2024-08-26T12:42:32.224+0000] {dagbag.py:536} INFO - Filling up the DagBag from /home/airflow/.local/lib/python3.8/site-packages/airflow/example_dags/example_branch_operator_decorator.py
[2024-08-26T12:42:32.245+0000] {processor.py:839} INFO - DAG(s) dict_keys(['example_branch_python_operator_decorator']) retrieved from /home/airflow/.local/lib/python3.8/site-packages/airflow/example_dags/example_branch_operator_decorator.py
[2024-08-26T12:42:32.284+0000] {logging_mixin.py:154} INFO - [2024-08-26T12:42:32.283+0000] {dag.py:2941} INFO - Sync 1 DAGs
[2024-08-26T12:42:32.326+0000] {logging_mixin.py:154} INFO - [2024-08-26T12:42:32.325+0000] {dag.py:3722} INFO - Setting next_dagrun for example_branch_python_operator_decorator to 2024-08-25T00:00:00+00:00, run_after=2024-08-26T00:00:00+00:00
[2024-08-26T12:42:32.404+0000] {processor.py:179} INFO - Processing /home/airflow/.local/lib/python3.8/site-packages/airflow/example_dags/example_branch_operator_decorator.py took 0.192 seconds
[2024-08-26T12:43:02.464+0000] {processor.py:157} INFO - Started process (PID=944) to work on /home/airflow/.local/lib/python3.8/site-packages/airflow/example_dags/example_branch_operator_decorator.py
[2024-08-26T12:43:02.466+0000] {processor.py:829} INFO - Processing file /home/airflow/.local/lib/python3.8/site-packages/airflow/example_dags/example_branch_operator_decorator.py for tasks to queue
[2024-08-26T12:43:02.470+0000] {logging_mixin.py:154} INFO - [2024-08-26T12:43:02.469+0000] {dagbag.py:536} INFO - Filling up the DagBag from /home/airflow/.local/lib/python3.8/site-packages/airflow/example_dags/example_branch_operator_decorator.py
[2024-08-26T12:43:02.492+0000] {processor.py:839} INFO - DAG(s) dict_keys(['example_branch_python_operator_decorator']) retrieved from /home/airflow/.local/lib/python3.8/site-packages/airflow/example_dags/example_branch_operator_decorator.py
[2024-08-26T12:43:02.542+0000] {logging_mixin.py:154} INFO - [2024-08-26T12:43:02.542+0000] {dag.py:2941} INFO - Sync 1 DAGs
[2024-08-26T12:43:02.597+0000] {logging_mixin.py:154} INFO - [2024-08-26T12:43:02.597+0000] {dag.py:3722} INFO - Setting next_dagrun for example_branch_python_operator_decorator to 2024-08-25T00:00:00+00:00, run_after=2024-08-26T00:00:00+00:00
[2024-08-26T12:43:02.633+0000] {processor.py:179} INFO - Processing /home/airflow/.local/lib/python3.8/site-packages/airflow/example_dags/example_branch_operator_decorator.py took 0.176 seconds
[2024-08-26T12:43:33.227+0000] {processor.py:157} INFO - Started process (PID=1022) to work on /home/airflow/.local/lib/python3.8/site-packages/airflow/example_dags/example_branch_operator_decorator.py
[2024-08-26T12:43:33.229+0000] {processor.py:829} INFO - Processing file /home/airflow/.local/lib/python3.8/site-packages/airflow/example_dags/example_branch_operator_decorator.py for tasks to queue
[2024-08-26T12:43:33.233+0000] {logging_mixin.py:154} INFO - [2024-08-26T12:43:33.233+0000] {dagbag.py:536} INFO - Filling up the DagBag from /home/airflow/.local/lib/python3.8/site-packages/airflow/example_dags/example_branch_operator_decorator.py
[2024-08-26T12:43:33.257+0000] {processor.py:839} INFO - DAG(s) dict_keys(['example_branch_python_operator_decorator']) retrieved from /home/airflow/.local/lib/python3.8/site-packages/airflow/example_dags/example_branch_operator_decorator.py
[2024-08-26T12:43:33.308+0000] {logging_mixin.py:154} INFO - [2024-08-26T12:43:33.308+0000] {dag.py:2941} INFO - Sync 1 DAGs
[2024-08-26T12:43:33.360+0000] {logging_mixin.py:154} INFO - [2024-08-26T12:43:33.360+0000] {dag.py:3722} INFO - Setting next_dagrun for example_branch_python_operator_decorator to 2024-08-25T00:00:00+00:00, run_after=2024-08-26T00:00:00+00:00
[2024-08-26T12:43:33.435+0000] {processor.py:179} INFO - Processing /home/airflow/.local/lib/python3.8/site-packages/airflow/example_dags/example_branch_operator_decorator.py took 0.214 seconds
[2024-08-26T12:44:04.060+0000] {processor.py:157} INFO - Started process (PID=1088) to work on /home/airflow/.local/lib/python3.8/site-packages/airflow/example_dags/example_branch_operator_decorator.py
[2024-08-26T12:44:04.062+0000] {processor.py:829} INFO - Processing file /home/airflow/.local/lib/python3.8/site-packages/airflow/example_dags/example_branch_operator_decorator.py for tasks to queue
[2024-08-26T12:44:04.065+0000] {logging_mixin.py:154} INFO - [2024-08-26T12:44:04.065+0000] {dagbag.py:536} INFO - Filling up the DagBag from /home/airflow/.local/lib/python3.8/site-packages/airflow/example_dags/example_branch_operator_decorator.py
[2024-08-26T12:44:04.086+0000] {processor.py:839} INFO - DAG(s) dict_keys(['example_branch_python_operator_decorator']) retrieved from /home/airflow/.local/lib/python3.8/site-packages/airflow/example_dags/example_branch_operator_decorator.py
[2024-08-26T12:44:04.129+0000] {logging_mixin.py:154} INFO - [2024-08-26T12:44:04.128+0000] {dag.py:2941} INFO - Sync 1 DAGs
[2024-08-26T12:44:04.180+0000] {logging_mixin.py:154} INFO - [2024-08-26T12:44:04.179+0000] {dag.py:3722} INFO - Setting next_dagrun for example_branch_python_operator_decorator to 2024-08-25T00:00:00+00:00, run_after=2024-08-26T00:00:00+00:00
[2024-08-26T12:44:04.250+0000] {processor.py:179} INFO - Processing /home/airflow/.local/lib/python3.8/site-packages/airflow/example_dags/example_branch_operator_decorator.py took 0.197 seconds
[2024-08-26T12:44:34.792+0000] {processor.py:157} INFO - Started process (PID=1155) to work on /home/airflow/.local/lib/python3.8/site-packages/airflow/example_dags/example_branch_operator_decorator.py
[2024-08-26T12:44:34.794+0000] {processor.py:829} INFO - Processing file /home/airflow/.local/lib/python3.8/site-packages/airflow/example_dags/example_branch_operator_decorator.py for tasks to queue
[2024-08-26T12:44:34.799+0000] {logging_mixin.py:154} INFO - [2024-08-26T12:44:34.799+0000] {dagbag.py:536} INFO - Filling up the DagBag from /home/airflow/.local/lib/python3.8/site-packages/airflow/example_dags/example_branch_operator_decorator.py
[2024-08-26T12:44:34.823+0000] {processor.py:839} INFO - DAG(s) dict_keys(['example_branch_python_operator_decorator']) retrieved from /home/airflow/.local/lib/python3.8/site-packages/airflow/example_dags/example_branch_operator_decorator.py
[2024-08-26T12:44:34.866+0000] {logging_mixin.py:154} INFO - [2024-08-26T12:44:34.866+0000] {dag.py:2941} INFO - Sync 1 DAGs
[2024-08-26T12:44:34.918+0000] {logging_mixin.py:154} INFO - [2024-08-26T12:44:34.917+0000] {dag.py:3722} INFO - Setting next_dagrun for example_branch_python_operator_decorator to 2024-08-25T00:00:00+00:00, run_after=2024-08-26T00:00:00+00:00
[2024-08-26T12:44:34.993+0000] {processor.py:179} INFO - Processing /home/airflow/.local/lib/python3.8/site-packages/airflow/example_dags/example_branch_operator_decorator.py took 0.208 seconds
[2024-08-26T12:45:05.727+0000] {processor.py:157} INFO - Started process (PID=1221) to work on /home/airflow/.local/lib/python3.8/site-packages/airflow/example_dags/example_branch_operator_decorator.py
[2024-08-26T12:45:05.729+0000] {processor.py:829} INFO - Processing file /home/airflow/.local/lib/python3.8/site-packages/airflow/example_dags/example_branch_operator_decorator.py for tasks to queue
[2024-08-26T12:45:05.734+0000] {logging_mixin.py:154} INFO - [2024-08-26T12:45:05.734+0000] {dagbag.py:536} INFO - Filling up the DagBag from /home/airflow/.local/lib/python3.8/site-packages/airflow/example_dags/example_branch_operator_decorator.py
[2024-08-26T12:45:05.756+0000] {processor.py:839} INFO - DAG(s) dict_keys(['example_branch_python_operator_decorator']) retrieved from /home/airflow/.local/lib/python3.8/site-packages/airflow/example_dags/example_branch_operator_decorator.py
[2024-08-26T12:45:05.807+0000] {logging_mixin.py:154} INFO - [2024-08-26T12:45:05.806+0000] {dag.py:2941} INFO - Sync 1 DAGs
[2024-08-26T12:45:05.858+0000] {logging_mixin.py:154} INFO - [2024-08-26T12:45:05.858+0000] {dag.py:3722} INFO - Setting next_dagrun for example_branch_python_operator_decorator to 2024-08-25T00:00:00+00:00, run_after=2024-08-26T00:00:00+00:00
[2024-08-26T12:45:05.897+0000] {processor.py:179} INFO - Processing /home/airflow/.local/lib/python3.8/site-packages/airflow/example_dags/example_branch_operator_decorator.py took 0.176 seconds
[2024-08-26T12:45:35.959+0000] {processor.py:157} INFO - Started process (PID=1287) to work on /home/airflow/.local/lib/python3.8/site-packages/airflow/example_dags/example_branch_operator_decorator.py
[2024-08-26T12:45:35.961+0000] {processor.py:829} INFO - Processing file /home/airflow/.local/lib/python3.8/site-packages/airflow/example_dags/example_branch_operator_decorator.py for tasks to queue
[2024-08-26T12:45:35.965+0000] {logging_mixin.py:154} INFO - [2024-08-26T12:45:35.965+0000] {dagbag.py:536} INFO - Filling up the DagBag from /home/airflow/.local/lib/python3.8/site-packages/airflow/example_dags/example_branch_operator_decorator.py
[2024-08-26T12:45:35.982+0000] {processor.py:839} INFO - DAG(s) dict_keys(['example_branch_python_operator_decorator']) retrieved from /home/airflow/.local/lib/python3.8/site-packages/airflow/example_dags/example_branch_operator_decorator.py
[2024-08-26T12:45:36.030+0000] {logging_mixin.py:154} INFO - [2024-08-26T12:45:36.029+0000] {dag.py:2941} INFO - Sync 1 DAGs
[2024-08-26T12:45:36.080+0000] {logging_mixin.py:154} INFO - [2024-08-26T12:45:36.080+0000] {dag.py:3722} INFO - Setting next_dagrun for example_branch_python_operator_decorator to 2024-08-25T00:00:00+00:00, run_after=2024-08-26T00:00:00+00:00
[2024-08-26T12:45:36.155+0000] {processor.py:179} INFO - Processing /home/airflow/.local/lib/python3.8/site-packages/airflow/example_dags/example_branch_operator_decorator.py took 0.203 seconds
[2024-08-26T12:46:06.440+0000] {processor.py:157} INFO - Started process (PID=1353) to work on /home/airflow/.local/lib/python3.8/site-packages/airflow/example_dags/example_branch_operator_decorator.py
[2024-08-26T12:46:06.445+0000] {processor.py:829} INFO - Processing file /home/airflow/.local/lib/python3.8/site-packages/airflow/example_dags/example_branch_operator_decorator.py for tasks to queue
[2024-08-26T12:46:06.450+0000] {logging_mixin.py:154} INFO - [2024-08-26T12:46:06.450+0000] {dagbag.py:536} INFO - Filling up the DagBag from /home/airflow/.local/lib/python3.8/site-packages/airflow/example_dags/example_branch_operator_decorator.py
[2024-08-26T12:46:06.473+0000] {processor.py:839} INFO - DAG(s) dict_keys(['example_branch_python_operator_decorator']) retrieved from /home/airflow/.local/lib/python3.8/site-packages/airflow/example_dags/example_branch_operator_decorator.py
[2024-08-26T12:46:06.530+0000] {logging_mixin.py:154} INFO - [2024-08-26T12:46:06.530+0000] {dag.py:2941} INFO - Sync 1 DAGs
[2024-08-26T12:46:06.589+0000] {logging_mixin.py:154} INFO - [2024-08-26T12:46:06.589+0000] {dag.py:3722} INFO - Setting next_dagrun for example_branch_python_operator_decorator to 2024-08-25T00:00:00+00:00, run_after=2024-08-26T00:00:00+00:00
[2024-08-26T12:46:06.667+0000] {processor.py:179} INFO - Processing /home/airflow/.local/lib/python3.8/site-packages/airflow/example_dags/example_branch_operator_decorator.py took 0.234 seconds
[2024-08-26T12:46:37.062+0000] {processor.py:157} INFO - Started process (PID=1419) to work on /home/airflow/.local/lib/python3.8/site-packages/airflow/example_dags/example_branch_operator_decorator.py
[2024-08-26T12:46:37.064+0000] {processor.py:829} INFO - Processing file /home/airflow/.local/lib/python3.8/site-packages/airflow/example_dags/example_branch_operator_decorator.py for tasks to queue
[2024-08-26T12:46:37.069+0000] {logging_mixin.py:154} INFO - [2024-08-26T12:46:37.068+0000] {dagbag.py:536} INFO - Filling up the DagBag from /home/airflow/.local/lib/python3.8/site-packages/airflow/example_dags/example_branch_operator_decorator.py
[2024-08-26T12:46:37.095+0000] {processor.py:839} INFO - DAG(s) dict_keys(['example_branch_python_operator_decorator']) retrieved from /home/airflow/.local/lib/python3.8/site-packages/airflow/example_dags/example_branch_operator_decorator.py
[2024-08-26T12:46:37.145+0000] {logging_mixin.py:154} INFO - [2024-08-26T12:46:37.144+0000] {dag.py:2941} INFO - Sync 1 DAGs
[2024-08-26T12:46:37.196+0000] {logging_mixin.py:154} INFO - [2024-08-26T12:46:37.196+0000] {dag.py:3722} INFO - Setting next_dagrun for example_branch_python_operator_decorator to 2024-08-25T00:00:00+00:00, run_after=2024-08-26T00:00:00+00:00
[2024-08-26T12:46:37.275+0000] {processor.py:179} INFO - Processing /home/airflow/.local/lib/python3.8/site-packages/airflow/example_dags/example_branch_operator_decorator.py took 0.218 seconds
[2024-08-26T12:47:07.426+0000] {processor.py:157} INFO - Started process (PID=1485) to work on /home/airflow/.local/lib/python3.8/site-packages/airflow/example_dags/example_branch_operator_decorator.py
[2024-08-26T12:47:07.428+0000] {processor.py:829} INFO - Processing file /home/airflow/.local/lib/python3.8/site-packages/airflow/example_dags/example_branch_operator_decorator.py for tasks to queue
[2024-08-26T12:47:07.431+0000] {logging_mixin.py:154} INFO - [2024-08-26T12:47:07.431+0000] {dagbag.py:536} INFO - Filling up the DagBag from /home/airflow/.local/lib/python3.8/site-packages/airflow/example_dags/example_branch_operator_decorator.py
[2024-08-26T12:47:07.451+0000] {processor.py:839} INFO - DAG(s) dict_keys(['example_branch_python_operator_decorator']) retrieved from /home/airflow/.local/lib/python3.8/site-packages/airflow/example_dags/example_branch_operator_decorator.py
[2024-08-26T12:47:07.490+0000] {logging_mixin.py:154} INFO - [2024-08-26T12:47:07.490+0000] {dag.py:2941} INFO - Sync 1 DAGs
[2024-08-26T12:47:07.546+0000] {logging_mixin.py:154} INFO - [2024-08-26T12:47:07.545+0000] {dag.py:3722} INFO - Setting next_dagrun for example_branch_python_operator_decorator to 2024-08-25T00:00:00+00:00, run_after=2024-08-26T00:00:00+00:00
[2024-08-26T12:47:07.620+0000] {processor.py:179} INFO - Processing /home/airflow/.local/lib/python3.8/site-packages/airflow/example_dags/example_branch_operator_decorator.py took 0.201 seconds
[2024-08-26T12:47:38.031+0000] {processor.py:157} INFO - Started process (PID=1552) to work on /home/airflow/.local/lib/python3.8/site-packages/airflow/example_dags/example_branch_operator_decorator.py
[2024-08-26T12:47:38.033+0000] {processor.py:829} INFO - Processing file /home/airflow/.local/lib/python3.8/site-packages/airflow/example_dags/example_branch_operator_decorator.py for tasks to queue
[2024-08-26T12:47:38.037+0000] {logging_mixin.py:154} INFO - [2024-08-26T12:47:38.036+0000] {dagbag.py:536} INFO - Filling up the DagBag from /home/airflow/.local/lib/python3.8/site-packages/airflow/example_dags/example_branch_operator_decorator.py
[2024-08-26T12:47:38.060+0000] {processor.py:839} INFO - DAG(s) dict_keys(['example_branch_python_operator_decorator']) retrieved from /home/airflow/.local/lib/python3.8/site-packages/airflow/example_dags/example_branch_operator_decorator.py
[2024-08-26T12:47:38.110+0000] {logging_mixin.py:154} INFO - [2024-08-26T12:47:38.109+0000] {dag.py:2941} INFO - Sync 1 DAGs
[2024-08-26T12:47:38.165+0000] {logging_mixin.py:154} INFO - [2024-08-26T12:47:38.165+0000] {dag.py:3722} INFO - Setting next_dagrun for example_branch_python_operator_decorator to 2024-08-25T00:00:00+00:00, run_after=2024-08-26T00:00:00+00:00
[2024-08-26T12:47:38.233+0000] {processor.py:179} INFO - Processing /home/airflow/.local/lib/python3.8/site-packages/airflow/example_dags/example_branch_operator_decorator.py took 0.208 seconds
[2024-08-26T12:48:08.309+0000] {processor.py:157} INFO - Started process (PID=1618) to work on /home/airflow/.local/lib/python3.8/site-packages/airflow/example_dags/example_branch_operator_decorator.py
[2024-08-26T12:48:08.310+0000] {processor.py:829} INFO - Processing file /home/airflow/.local/lib/python3.8/site-packages/airflow/example_dags/example_branch_operator_decorator.py for tasks to queue
[2024-08-26T12:48:08.315+0000] {logging_mixin.py:154} INFO - [2024-08-26T12:48:08.314+0000] {dagbag.py:536} INFO - Filling up the DagBag from /home/airflow/.local/lib/python3.8/site-packages/airflow/example_dags/example_branch_operator_decorator.py
[2024-08-26T12:48:08.339+0000] {processor.py:839} INFO - DAG(s) dict_keys(['example_branch_python_operator_decorator']) retrieved from /home/airflow/.local/lib/python3.8/site-packages/airflow/example_dags/example_branch_operator_decorator.py
[2024-08-26T12:48:08.386+0000] {logging_mixin.py:154} INFO - [2024-08-26T12:48:08.386+0000] {dag.py:2941} INFO - Sync 1 DAGs
[2024-08-26T12:48:08.432+0000] {logging_mixin.py:154} INFO - [2024-08-26T12:48:08.431+0000] {dag.py:3722} INFO - Setting next_dagrun for example_branch_python_operator_decorator to 2024-08-25T00:00:00+00:00, run_after=2024-08-26T00:00:00+00:00
[2024-08-26T12:48:08.504+0000] {processor.py:179} INFO - Processing /home/airflow/.local/lib/python3.8/site-packages/airflow/example_dags/example_branch_operator_decorator.py took 0.201 seconds
[2024-08-26T12:49:36.866+0000] {processor.py:157} INFO - Started process (PID=1679) to work on /home/airflow/.local/lib/python3.8/site-packages/airflow/example_dags/example_branch_operator_decorator.py
[2024-08-26T12:49:36.867+0000] {processor.py:829} INFO - Processing file /home/airflow/.local/lib/python3.8/site-packages/airflow/example_dags/example_branch_operator_decorator.py for tasks to queue
[2024-08-26T12:49:36.871+0000] {logging_mixin.py:154} INFO - [2024-08-26T12:49:36.871+0000] {dagbag.py:536} INFO - Filling up the DagBag from /home/airflow/.local/lib/python3.8/site-packages/airflow/example_dags/example_branch_operator_decorator.py
[2024-08-26T12:49:36.888+0000] {processor.py:839} INFO - DAG(s) dict_keys(['example_branch_python_operator_decorator']) retrieved from /home/airflow/.local/lib/python3.8/site-packages/airflow/example_dags/example_branch_operator_decorator.py
[2024-08-26T12:49:36.937+0000] {logging_mixin.py:154} INFO - [2024-08-26T12:49:36.936+0000] {dag.py:2941} INFO - Sync 1 DAGs
[2024-08-26T12:49:36.983+0000] {logging_mixin.py:154} INFO - [2024-08-26T12:49:36.982+0000] {dag.py:3722} INFO - Setting next_dagrun for example_branch_python_operator_decorator to 2024-08-25T00:00:00+00:00, run_after=2024-08-26T00:00:00+00:00
[2024-08-26T12:49:37.055+0000] {processor.py:179} INFO - Processing /home/airflow/.local/lib/python3.8/site-packages/airflow/example_dags/example_branch_operator_decorator.py took 0.195 seconds
[2024-08-26T12:50:08.608+0000] {processor.py:157} INFO - Started process (PID=1752) to work on /home/airflow/.local/lib/python3.8/site-packages/airflow/example_dags/example_branch_operator_decorator.py
[2024-08-26T12:50:08.610+0000] {processor.py:829} INFO - Processing file /home/airflow/.local/lib/python3.8/site-packages/airflow/example_dags/example_branch_operator_decorator.py for tasks to queue
[2024-08-26T12:50:08.614+0000] {logging_mixin.py:154} INFO - [2024-08-26T12:50:08.613+0000] {dagbag.py:536} INFO - Filling up the DagBag from /home/airflow/.local/lib/python3.8/site-packages/airflow/example_dags/example_branch_operator_decorator.py
[2024-08-26T12:50:08.634+0000] {processor.py:839} INFO - DAG(s) dict_keys(['example_branch_python_operator_decorator']) retrieved from /home/airflow/.local/lib/python3.8/site-packages/airflow/example_dags/example_branch_operator_decorator.py
[2024-08-26T12:50:08.680+0000] {logging_mixin.py:154} INFO - [2024-08-26T12:50:08.679+0000] {dag.py:2941} INFO - Sync 1 DAGs
[2024-08-26T12:50:08.735+0000] {logging_mixin.py:154} INFO - [2024-08-26T12:50:08.734+0000] {dag.py:3722} INFO - Setting next_dagrun for example_branch_python_operator_decorator to 2024-08-25T00:00:00+00:00, run_after=2024-08-26T00:00:00+00:00
[2024-08-26T12:50:08.781+0000] {processor.py:179} INFO - Processing /home/airflow/.local/lib/python3.8/site-packages/airflow/example_dags/example_branch_operator_decorator.py took 0.180 seconds
[2024-08-26T12:50:40.156+0000] {processor.py:157} INFO - Started process (PID=1819) to work on /home/airflow/.local/lib/python3.8/site-packages/airflow/example_dags/example_branch_operator_decorator.py
[2024-08-26T12:50:40.158+0000] {processor.py:829} INFO - Processing file /home/airflow/.local/lib/python3.8/site-packages/airflow/example_dags/example_branch_operator_decorator.py for tasks to queue
[2024-08-26T12:50:40.161+0000] {logging_mixin.py:154} INFO - [2024-08-26T12:50:40.161+0000] {dagbag.py:536} INFO - Filling up the DagBag from /home/airflow/.local/lib/python3.8/site-packages/airflow/example_dags/example_branch_operator_decorator.py
[2024-08-26T12:50:40.181+0000] {processor.py:839} INFO - DAG(s) dict_keys(['example_branch_python_operator_decorator']) retrieved from /home/airflow/.local/lib/python3.8/site-packages/airflow/example_dags/example_branch_operator_decorator.py
[2024-08-26T12:50:40.233+0000] {logging_mixin.py:154} INFO - [2024-08-26T12:50:40.232+0000] {dag.py:2941} INFO - Sync 1 DAGs
[2024-08-26T12:50:40.293+0000] {logging_mixin.py:154} INFO - [2024-08-26T12:50:40.292+0000] {dag.py:3722} INFO - Setting next_dagrun for example_branch_python_operator_decorator to 2024-08-25T00:00:00+00:00, run_after=2024-08-26T00:00:00+00:00
[2024-08-26T12:50:40.333+0000] {processor.py:179} INFO - Processing /home/airflow/.local/lib/python3.8/site-packages/airflow/example_dags/example_branch_operator_decorator.py took 0.183 seconds
[2024-08-26T12:51:10.923+0000] {processor.py:157} INFO - Started process (PID=1885) to work on /home/airflow/.local/lib/python3.8/site-packages/airflow/example_dags/example_branch_operator_decorator.py
[2024-08-26T12:51:10.925+0000] {processor.py:829} INFO - Processing file /home/airflow/.local/lib/python3.8/site-packages/airflow/example_dags/example_branch_operator_decorator.py for tasks to queue
[2024-08-26T12:51:10.929+0000] {logging_mixin.py:154} INFO - [2024-08-26T12:51:10.929+0000] {dagbag.py:536} INFO - Filling up the DagBag from /home/airflow/.local/lib/python3.8/site-packages/airflow/example_dags/example_branch_operator_decorator.py
[2024-08-26T12:51:10.947+0000] {processor.py:839} INFO - DAG(s) dict_keys(['example_branch_python_operator_decorator']) retrieved from /home/airflow/.local/lib/python3.8/site-packages/airflow/example_dags/example_branch_operator_decorator.py
[2024-08-26T12:51:10.994+0000] {logging_mixin.py:154} INFO - [2024-08-26T12:51:10.993+0000] {dag.py:2941} INFO - Sync 1 DAGs
[2024-08-26T12:51:11.054+0000] {logging_mixin.py:154} INFO - [2024-08-26T12:51:11.053+0000] {dag.py:3722} INFO - Setting next_dagrun for example_branch_python_operator_decorator to 2024-08-25T00:00:00+00:00, run_after=2024-08-26T00:00:00+00:00
[2024-08-26T12:51:11.364+0000] {processor.py:179} INFO - Processing /home/airflow/.local/lib/python3.8/site-packages/airflow/example_dags/example_branch_operator_decorator.py took 0.447 seconds
[2024-08-26T12:51:42.182+0000] {processor.py:157} INFO - Started process (PID=1952) to work on /home/airflow/.local/lib/python3.8/site-packages/airflow/example_dags/example_branch_operator_decorator.py
[2024-08-26T12:51:42.184+0000] {processor.py:829} INFO - Processing file /home/airflow/.local/lib/python3.8/site-packages/airflow/example_dags/example_branch_operator_decorator.py for tasks to queue
[2024-08-26T12:51:42.189+0000] {logging_mixin.py:154} INFO - [2024-08-26T12:51:42.188+0000] {dagbag.py:536} INFO - Filling up the DagBag from /home/airflow/.local/lib/python3.8/site-packages/airflow/example_dags/example_branch_operator_decorator.py
[2024-08-26T12:51:42.211+0000] {processor.py:839} INFO - DAG(s) dict_keys(['example_branch_python_operator_decorator']) retrieved from /home/airflow/.local/lib/python3.8/site-packages/airflow/example_dags/example_branch_operator_decorator.py
[2024-08-26T12:51:42.266+0000] {logging_mixin.py:154} INFO - [2024-08-26T12:51:42.265+0000] {dag.py:2941} INFO - Sync 1 DAGs
[2024-08-26T12:51:42.322+0000] {logging_mixin.py:154} INFO - [2024-08-26T12:51:42.322+0000] {dag.py:3722} INFO - Setting next_dagrun for example_branch_python_operator_decorator to 2024-08-25T00:00:00+00:00, run_after=2024-08-26T00:00:00+00:00
[2024-08-26T12:51:42.399+0000] {processor.py:179} INFO - Processing /home/airflow/.local/lib/python3.8/site-packages/airflow/example_dags/example_branch_operator_decorator.py took 0.224 seconds
[2024-08-26T12:52:13.119+0000] {processor.py:157} INFO - Started process (PID=2018) to work on /home/airflow/.local/lib/python3.8/site-packages/airflow/example_dags/example_branch_operator_decorator.py
[2024-08-26T12:52:13.121+0000] {processor.py:829} INFO - Processing file /home/airflow/.local/lib/python3.8/site-packages/airflow/example_dags/example_branch_operator_decorator.py for tasks to queue
[2024-08-26T12:52:13.126+0000] {logging_mixin.py:154} INFO - [2024-08-26T12:52:13.125+0000] {dagbag.py:536} INFO - Filling up the DagBag from /home/airflow/.local/lib/python3.8/site-packages/airflow/example_dags/example_branch_operator_decorator.py
[2024-08-26T12:52:13.147+0000] {processor.py:839} INFO - DAG(s) dict_keys(['example_branch_python_operator_decorator']) retrieved from /home/airflow/.local/lib/python3.8/site-packages/airflow/example_dags/example_branch_operator_decorator.py
[2024-08-26T12:52:13.198+0000] {logging_mixin.py:154} INFO - [2024-08-26T12:52:13.198+0000] {dag.py:2941} INFO - Sync 1 DAGs
[2024-08-26T12:52:13.260+0000] {logging_mixin.py:154} INFO - [2024-08-26T12:52:13.259+0000] {dag.py:3722} INFO - Setting next_dagrun for example_branch_python_operator_decorator to 2024-08-25T00:00:00+00:00, run_after=2024-08-26T00:00:00+00:00
[2024-08-26T12:52:13.335+0000] {processor.py:179} INFO - Processing /home/airflow/.local/lib/python3.8/site-packages/airflow/example_dags/example_branch_operator_decorator.py took 0.223 seconds
[2024-08-26T12:52:43.579+0000] {processor.py:157} INFO - Started process (PID=2083) to work on /home/airflow/.local/lib/python3.8/site-packages/airflow/example_dags/example_branch_operator_decorator.py
[2024-08-26T12:52:43.581+0000] {processor.py:829} INFO - Processing file /home/airflow/.local/lib/python3.8/site-packages/airflow/example_dags/example_branch_operator_decorator.py for tasks to queue
[2024-08-26T12:52:43.586+0000] {logging_mixin.py:154} INFO - [2024-08-26T12:52:43.586+0000] {dagbag.py:536} INFO - Filling up the DagBag from /home/airflow/.local/lib/python3.8/site-packages/airflow/example_dags/example_branch_operator_decorator.py
[2024-08-26T12:52:43.611+0000] {processor.py:839} INFO - DAG(s) dict_keys(['example_branch_python_operator_decorator']) retrieved from /home/airflow/.local/lib/python3.8/site-packages/airflow/example_dags/example_branch_operator_decorator.py
[2024-08-26T12:52:43.663+0000] {logging_mixin.py:154} INFO - [2024-08-26T12:52:43.663+0000] {dag.py:2941} INFO - Sync 1 DAGs
[2024-08-26T12:52:43.949+0000] {logging_mixin.py:154} INFO - [2024-08-26T12:52:43.948+0000] {dag.py:3722} INFO - Setting next_dagrun for example_branch_python_operator_decorator to 2024-08-25T00:00:00+00:00, run_after=2024-08-26T00:00:00+00:00
[2024-08-26T12:52:43.982+0000] {processor.py:179} INFO - Processing /home/airflow/.local/lib/python3.8/site-packages/airflow/example_dags/example_branch_operator_decorator.py took 0.411 seconds
[2024-08-26T12:53:14.147+0000] {processor.py:157} INFO - Started process (PID=2149) to work on /home/airflow/.local/lib/python3.8/site-packages/airflow/example_dags/example_branch_operator_decorator.py
[2024-08-26T12:53:14.148+0000] {processor.py:829} INFO - Processing file /home/airflow/.local/lib/python3.8/site-packages/airflow/example_dags/example_branch_operator_decorator.py for tasks to queue
[2024-08-26T12:53:14.152+0000] {logging_mixin.py:154} INFO - [2024-08-26T12:53:14.151+0000] {dagbag.py:536} INFO - Filling up the DagBag from /home/airflow/.local/lib/python3.8/site-packages/airflow/example_dags/example_branch_operator_decorator.py
[2024-08-26T12:53:14.168+0000] {processor.py:839} INFO - DAG(s) dict_keys(['example_branch_python_operator_decorator']) retrieved from /home/airflow/.local/lib/python3.8/site-packages/airflow/example_dags/example_branch_operator_decorator.py
[2024-08-26T12:53:14.212+0000] {logging_mixin.py:154} INFO - [2024-08-26T12:53:14.211+0000] {dag.py:2941} INFO - Sync 1 DAGs
[2024-08-26T12:53:14.258+0000] {logging_mixin.py:154} INFO - [2024-08-26T12:53:14.258+0000] {dag.py:3722} INFO - Setting next_dagrun for example_branch_python_operator_decorator to 2024-08-25T00:00:00+00:00, run_after=2024-08-26T00:00:00+00:00
[2024-08-26T12:53:14.301+0000] {processor.py:179} INFO - Processing /home/airflow/.local/lib/python3.8/site-packages/airflow/example_dags/example_branch_operator_decorator.py took 0.160 seconds
[2024-08-26T12:54:01.056+0000] {processor.py:157} INFO - Started process (PID=2208) to work on /home/airflow/.local/lib/python3.8/site-packages/airflow/example_dags/example_branch_operator_decorator.py
[2024-08-26T12:54:01.058+0000] {processor.py:829} INFO - Processing file /home/airflow/.local/lib/python3.8/site-packages/airflow/example_dags/example_branch_operator_decorator.py for tasks to queue
[2024-08-26T12:54:01.062+0000] {logging_mixin.py:154} INFO - [2024-08-26T12:54:01.062+0000] {dagbag.py:536} INFO - Filling up the DagBag from /home/airflow/.local/lib/python3.8/site-packages/airflow/example_dags/example_branch_operator_decorator.py
[2024-08-26T12:54:01.084+0000] {processor.py:839} INFO - DAG(s) dict_keys(['example_branch_python_operator_decorator']) retrieved from /home/airflow/.local/lib/python3.8/site-packages/airflow/example_dags/example_branch_operator_decorator.py
[2024-08-26T12:54:01.130+0000] {logging_mixin.py:154} INFO - [2024-08-26T12:54:01.129+0000] {dag.py:2941} INFO - Sync 1 DAGs
[2024-08-26T12:54:01.176+0000] {logging_mixin.py:154} INFO - [2024-08-26T12:54:01.176+0000] {dag.py:3722} INFO - Setting next_dagrun for example_branch_python_operator_decorator to 2024-08-25T00:00:00+00:00, run_after=2024-08-26T00:00:00+00:00
[2024-08-26T12:54:01.212+0000] {processor.py:179} INFO - Processing /home/airflow/.local/lib/python3.8/site-packages/airflow/example_dags/example_branch_operator_decorator.py took 0.163 seconds
[2024-08-26T12:54:34.107+0000] {processor.py:157} INFO - Started process (PID=2281) to work on /home/airflow/.local/lib/python3.8/site-packages/airflow/example_dags/example_branch_operator_decorator.py
[2024-08-26T12:54:34.109+0000] {processor.py:829} INFO - Processing file /home/airflow/.local/lib/python3.8/site-packages/airflow/example_dags/example_branch_operator_decorator.py for tasks to queue
[2024-08-26T12:54:34.114+0000] {logging_mixin.py:154} INFO - [2024-08-26T12:54:34.113+0000] {dagbag.py:536} INFO - Filling up the DagBag from /home/airflow/.local/lib/python3.8/site-packages/airflow/example_dags/example_branch_operator_decorator.py
[2024-08-26T12:54:34.136+0000] {processor.py:839} INFO - DAG(s) dict_keys(['example_branch_python_operator_decorator']) retrieved from /home/airflow/.local/lib/python3.8/site-packages/airflow/example_dags/example_branch_operator_decorator.py
[2024-08-26T12:54:34.181+0000] {logging_mixin.py:154} INFO - [2024-08-26T12:54:34.181+0000] {dag.py:2941} INFO - Sync 1 DAGs
[2024-08-26T12:54:34.462+0000] {logging_mixin.py:154} INFO - [2024-08-26T12:54:34.462+0000] {dag.py:3722} INFO - Setting next_dagrun for example_branch_python_operator_decorator to 2024-08-25T00:00:00+00:00, run_after=2024-08-26T00:00:00+00:00
[2024-08-26T12:54:34.539+0000] {processor.py:179} INFO - Processing /home/airflow/.local/lib/python3.8/site-packages/airflow/example_dags/example_branch_operator_decorator.py took 0.439 seconds
[2024-08-26T12:55:05.436+0000] {processor.py:157} INFO - Started process (PID=2347) to work on /home/airflow/.local/lib/python3.8/site-packages/airflow/example_dags/example_branch_operator_decorator.py
[2024-08-26T12:55:05.439+0000] {processor.py:829} INFO - Processing file /home/airflow/.local/lib/python3.8/site-packages/airflow/example_dags/example_branch_operator_decorator.py for tasks to queue
[2024-08-26T12:55:05.443+0000] {logging_mixin.py:154} INFO - [2024-08-26T12:55:05.443+0000] {dagbag.py:536} INFO - Filling up the DagBag from /home/airflow/.local/lib/python3.8/site-packages/airflow/example_dags/example_branch_operator_decorator.py
[2024-08-26T12:55:05.468+0000] {processor.py:839} INFO - DAG(s) dict_keys(['example_branch_python_operator_decorator']) retrieved from /home/airflow/.local/lib/python3.8/site-packages/airflow/example_dags/example_branch_operator_decorator.py
[2024-08-26T12:55:05.519+0000] {logging_mixin.py:154} INFO - [2024-08-26T12:55:05.518+0000] {dag.py:2941} INFO - Sync 1 DAGs
[2024-08-26T12:55:05.777+0000] {logging_mixin.py:154} INFO - [2024-08-26T12:55:05.776+0000] {dag.py:3722} INFO - Setting next_dagrun for example_branch_python_operator_decorator to 2024-08-25T00:00:00+00:00, run_after=2024-08-26T00:00:00+00:00
[2024-08-26T12:55:05.846+0000] {processor.py:179} INFO - Processing /home/airflow/.local/lib/python3.8/site-packages/airflow/example_dags/example_branch_operator_decorator.py took 0.417 seconds
[2024-08-26T12:55:36.426+0000] {processor.py:157} INFO - Started process (PID=2413) to work on /home/airflow/.local/lib/python3.8/site-packages/airflow/example_dags/example_branch_operator_decorator.py
[2024-08-26T12:55:36.428+0000] {processor.py:829} INFO - Processing file /home/airflow/.local/lib/python3.8/site-packages/airflow/example_dags/example_branch_operator_decorator.py for tasks to queue
[2024-08-26T12:55:36.432+0000] {logging_mixin.py:154} INFO - [2024-08-26T12:55:36.432+0000] {dagbag.py:536} INFO - Filling up the DagBag from /home/airflow/.local/lib/python3.8/site-packages/airflow/example_dags/example_branch_operator_decorator.py
[2024-08-26T12:55:36.453+0000] {processor.py:839} INFO - DAG(s) dict_keys(['example_branch_python_operator_decorator']) retrieved from /home/airflow/.local/lib/python3.8/site-packages/airflow/example_dags/example_branch_operator_decorator.py
[2024-08-26T12:55:36.497+0000] {logging_mixin.py:154} INFO - [2024-08-26T12:55:36.496+0000] {dag.py:2941} INFO - Sync 1 DAGs
[2024-08-26T12:55:36.546+0000] {logging_mixin.py:154} INFO - [2024-08-26T12:55:36.546+0000] {dag.py:3722} INFO - Setting next_dagrun for example_branch_python_operator_decorator to 2024-08-25T00:00:00+00:00, run_after=2024-08-26T00:00:00+00:00
[2024-08-26T12:55:36.579+0000] {processor.py:179} INFO - Processing /home/airflow/.local/lib/python3.8/site-packages/airflow/example_dags/example_branch_operator_decorator.py took 0.163 seconds
[2024-08-26T12:56:08.131+0000] {processor.py:157} INFO - Started process (PID=2479) to work on /home/airflow/.local/lib/python3.8/site-packages/airflow/example_dags/example_branch_operator_decorator.py
[2024-08-26T12:56:08.133+0000] {processor.py:829} INFO - Processing file /home/airflow/.local/lib/python3.8/site-packages/airflow/example_dags/example_branch_operator_decorator.py for tasks to queue
[2024-08-26T12:56:08.137+0000] {logging_mixin.py:154} INFO - [2024-08-26T12:56:08.136+0000] {dagbag.py:536} INFO - Filling up the DagBag from /home/airflow/.local/lib/python3.8/site-packages/airflow/example_dags/example_branch_operator_decorator.py
[2024-08-26T12:56:08.157+0000] {processor.py:839} INFO - DAG(s) dict_keys(['example_branch_python_operator_decorator']) retrieved from /home/airflow/.local/lib/python3.8/site-packages/airflow/example_dags/example_branch_operator_decorator.py
[2024-08-26T12:56:08.474+0000] {logging_mixin.py:154} INFO - [2024-08-26T12:56:08.473+0000] {dag.py:2941} INFO - Sync 1 DAGs
[2024-08-26T12:56:08.521+0000] {logging_mixin.py:154} INFO - [2024-08-26T12:56:08.521+0000] {dag.py:3722} INFO - Setting next_dagrun for example_branch_python_operator_decorator to 2024-08-25T00:00:00+00:00, run_after=2024-08-26T00:00:00+00:00
[2024-08-26T12:56:08.582+0000] {processor.py:179} INFO - Processing /home/airflow/.local/lib/python3.8/site-packages/airflow/example_dags/example_branch_operator_decorator.py took 0.456 seconds
