[2024-08-26T08:44:54.072+0000] {processor.py:157} INFO - Started process (PID=70) to work on /home/airflow/.local/lib/python3.8/site-packages/airflow/example_dags/example_dag_decorator.py
[2024-08-26T08:44:54.073+0000] {processor.py:829} INFO - Processing file /home/airflow/.local/lib/python3.8/site-packages/airflow/example_dags/example_dag_decorator.py for tasks to queue
[2024-08-26T08:44:54.077+0000] {logging_mixin.py:154} INFO - [2024-08-26T08:44:54.076+0000] {dagbag.py:536} INFO - Filling up the DagBag from /home/airflow/.local/lib/python3.8/site-packages/airflow/example_dags/example_dag_decorator.py
[2024-08-26T08:44:54.172+0000] {processor.py:839} INFO - DAG(s) dict_keys(['example_dag_decorator']) retrieved from /home/airflow/.local/lib/python3.8/site-packages/airflow/example_dags/example_dag_decorator.py
[2024-08-26T08:44:54.297+0000] {logging_mixin.py:154} INFO - [2024-08-26T08:44:54.296+0000] {dag.py:2941} INFO - Sync 1 DAGs
[2024-08-26T08:44:54.307+0000] {logging_mixin.py:154} INFO - [2024-08-26T08:44:54.307+0000] {dag.py:3722} INFO - Setting next_dagrun for example_dag_decorator to None, run_after=None
[2024-08-26T08:44:54.332+0000] {processor.py:179} INFO - Processing /home/airflow/.local/lib/python3.8/site-packages/airflow/example_dags/example_dag_decorator.py took 0.264 seconds
[2024-08-26T12:36:20.103+0000] {processor.py:157} INFO - Started process (PID=79) to work on /home/airflow/.local/lib/python3.8/site-packages/airflow/example_dags/example_dag_decorator.py
[2024-08-26T12:36:20.105+0000] {processor.py:829} INFO - Processing file /home/airflow/.local/lib/python3.8/site-packages/airflow/example_dags/example_dag_decorator.py for tasks to queue
[2024-08-26T12:36:20.108+0000] {logging_mixin.py:154} INFO - [2024-08-26T12:36:20.108+0000] {dagbag.py:536} INFO - Filling up the DagBag from /home/airflow/.local/lib/python3.8/site-packages/airflow/example_dags/example_dag_decorator.py
[2024-08-26T12:36:20.219+0000] {processor.py:839} INFO - DAG(s) dict_keys(['example_dag_decorator']) retrieved from /home/airflow/.local/lib/python3.8/site-packages/airflow/example_dags/example_dag_decorator.py
[2024-08-26T12:36:20.351+0000] {logging_mixin.py:154} INFO - [2024-08-26T12:36:20.351+0000] {dag.py:2941} INFO - Sync 1 DAGs
[2024-08-26T12:36:20.366+0000] {logging_mixin.py:154} INFO - [2024-08-26T12:36:20.366+0000] {dag.py:3722} INFO - Setting next_dagrun for example_dag_decorator to None, run_after=None
[2024-08-26T12:36:20.390+0000] {processor.py:179} INFO - Processing /home/airflow/.local/lib/python3.8/site-packages/airflow/example_dags/example_dag_decorator.py took 0.290 seconds
[2024-08-26T12:36:51.346+0000] {processor.py:157} INFO - Started process (PID=145) to work on /home/airflow/.local/lib/python3.8/site-packages/airflow/example_dags/example_dag_decorator.py
[2024-08-26T12:36:51.349+0000] {processor.py:829} INFO - Processing file /home/airflow/.local/lib/python3.8/site-packages/airflow/example_dags/example_dag_decorator.py for tasks to queue
[2024-08-26T12:36:51.355+0000] {logging_mixin.py:154} INFO - [2024-08-26T12:36:51.354+0000] {dagbag.py:536} INFO - Filling up the DagBag from /home/airflow/.local/lib/python3.8/site-packages/airflow/example_dags/example_dag_decorator.py
[2024-08-26T12:36:51.502+0000] {processor.py:839} INFO - DAG(s) dict_keys(['example_dag_decorator']) retrieved from /home/airflow/.local/lib/python3.8/site-packages/airflow/example_dags/example_dag_decorator.py
[2024-08-26T12:36:51.727+0000] {logging_mixin.py:154} INFO - [2024-08-26T12:36:51.727+0000] {dag.py:2941} INFO - Sync 1 DAGs
[2024-08-26T12:36:51.754+0000] {logging_mixin.py:154} INFO - [2024-08-26T12:36:51.754+0000] {dag.py:3722} INFO - Setting next_dagrun for example_dag_decorator to None, run_after=None
[2024-08-26T12:36:51.790+0000] {processor.py:179} INFO - Processing /home/airflow/.local/lib/python3.8/site-packages/airflow/example_dags/example_dag_decorator.py took 0.450 seconds
[2024-08-26T12:37:23.022+0000] {processor.py:157} INFO - Started process (PID=211) to work on /home/airflow/.local/lib/python3.8/site-packages/airflow/example_dags/example_dag_decorator.py
[2024-08-26T12:37:23.024+0000] {processor.py:829} INFO - Processing file /home/airflow/.local/lib/python3.8/site-packages/airflow/example_dags/example_dag_decorator.py for tasks to queue
[2024-08-26T12:37:23.028+0000] {logging_mixin.py:154} INFO - [2024-08-26T12:37:23.028+0000] {dagbag.py:536} INFO - Filling up the DagBag from /home/airflow/.local/lib/python3.8/site-packages/airflow/example_dags/example_dag_decorator.py
[2024-08-26T12:37:23.194+0000] {processor.py:839} INFO - DAG(s) dict_keys(['example_dag_decorator']) retrieved from /home/airflow/.local/lib/python3.8/site-packages/airflow/example_dags/example_dag_decorator.py
[2024-08-26T12:37:23.409+0000] {logging_mixin.py:154} INFO - [2024-08-26T12:37:23.409+0000] {dag.py:2941} INFO - Sync 1 DAGs
[2024-08-26T12:37:23.436+0000] {logging_mixin.py:154} INFO - [2024-08-26T12:37:23.436+0000] {dag.py:3722} INFO - Setting next_dagrun for example_dag_decorator to None, run_after=None
[2024-08-26T12:37:23.478+0000] {processor.py:179} INFO - Processing /home/airflow/.local/lib/python3.8/site-packages/airflow/example_dags/example_dag_decorator.py took 0.468 seconds
[2024-08-26T12:37:53.797+0000] {processor.py:157} INFO - Started process (PID=284) to work on /home/airflow/.local/lib/python3.8/site-packages/airflow/example_dags/example_dag_decorator.py
[2024-08-26T12:37:53.799+0000] {processor.py:829} INFO - Processing file /home/airflow/.local/lib/python3.8/site-packages/airflow/example_dags/example_dag_decorator.py for tasks to queue
[2024-08-26T12:37:53.803+0000] {logging_mixin.py:154} INFO - [2024-08-26T12:37:53.802+0000] {dagbag.py:536} INFO - Filling up the DagBag from /home/airflow/.local/lib/python3.8/site-packages/airflow/example_dags/example_dag_decorator.py
[2024-08-26T12:37:53.947+0000] {processor.py:839} INFO - DAG(s) dict_keys(['example_dag_decorator']) retrieved from /home/airflow/.local/lib/python3.8/site-packages/airflow/example_dags/example_dag_decorator.py
[2024-08-26T12:37:54.188+0000] {logging_mixin.py:154} INFO - [2024-08-26T12:37:54.188+0000] {dag.py:2941} INFO - Sync 1 DAGs
[2024-08-26T12:37:54.212+0000] {logging_mixin.py:154} INFO - [2024-08-26T12:37:54.212+0000] {dag.py:3722} INFO - Setting next_dagrun for example_dag_decorator to None, run_after=None
[2024-08-26T12:37:54.251+0000] {processor.py:179} INFO - Processing /home/airflow/.local/lib/python3.8/site-packages/airflow/example_dags/example_dag_decorator.py took 0.460 seconds
[2024-08-26T12:38:24.872+0000] {processor.py:157} INFO - Started process (PID=352) to work on /home/airflow/.local/lib/python3.8/site-packages/airflow/example_dags/example_dag_decorator.py
[2024-08-26T12:38:24.874+0000] {processor.py:829} INFO - Processing file /home/airflow/.local/lib/python3.8/site-packages/airflow/example_dags/example_dag_decorator.py for tasks to queue
[2024-08-26T12:38:24.878+0000] {logging_mixin.py:154} INFO - [2024-08-26T12:38:24.877+0000] {dagbag.py:536} INFO - Filling up the DagBag from /home/airflow/.local/lib/python3.8/site-packages/airflow/example_dags/example_dag_decorator.py
[2024-08-26T12:38:25.030+0000] {processor.py:839} INFO - DAG(s) dict_keys(['example_dag_decorator']) retrieved from /home/airflow/.local/lib/python3.8/site-packages/airflow/example_dags/example_dag_decorator.py
[2024-08-26T12:38:25.244+0000] {logging_mixin.py:154} INFO - [2024-08-26T12:38:25.244+0000] {dag.py:2941} INFO - Sync 1 DAGs
[2024-08-26T12:38:25.264+0000] {logging_mixin.py:154} INFO - [2024-08-26T12:38:25.263+0000] {dag.py:3722} INFO - Setting next_dagrun for example_dag_decorator to None, run_after=None
[2024-08-26T12:38:25.316+0000] {processor.py:179} INFO - Processing /home/airflow/.local/lib/python3.8/site-packages/airflow/example_dags/example_dag_decorator.py took 0.451 seconds
[2024-08-26T12:38:55.865+0000] {processor.py:157} INFO - Started process (PID=418) to work on /home/airflow/.local/lib/python3.8/site-packages/airflow/example_dags/example_dag_decorator.py
[2024-08-26T12:38:55.867+0000] {processor.py:829} INFO - Processing file /home/airflow/.local/lib/python3.8/site-packages/airflow/example_dags/example_dag_decorator.py for tasks to queue
[2024-08-26T12:38:55.872+0000] {logging_mixin.py:154} INFO - [2024-08-26T12:38:55.871+0000] {dagbag.py:536} INFO - Filling up the DagBag from /home/airflow/.local/lib/python3.8/site-packages/airflow/example_dags/example_dag_decorator.py
[2024-08-26T12:38:56.021+0000] {processor.py:839} INFO - DAG(s) dict_keys(['example_dag_decorator']) retrieved from /home/airflow/.local/lib/python3.8/site-packages/airflow/example_dags/example_dag_decorator.py
[2024-08-26T12:38:56.245+0000] {logging_mixin.py:154} INFO - [2024-08-26T12:38:56.245+0000] {dag.py:2941} INFO - Sync 1 DAGs
[2024-08-26T12:38:56.265+0000] {logging_mixin.py:154} INFO - [2024-08-26T12:38:56.265+0000] {dag.py:3722} INFO - Setting next_dagrun for example_dag_decorator to None, run_after=None
[2024-08-26T12:38:56.320+0000] {processor.py:179} INFO - Processing /home/airflow/.local/lib/python3.8/site-packages/airflow/example_dags/example_dag_decorator.py took 0.463 seconds
[2024-08-26T12:39:26.816+0000] {processor.py:157} INFO - Started process (PID=484) to work on /home/airflow/.local/lib/python3.8/site-packages/airflow/example_dags/example_dag_decorator.py
[2024-08-26T12:39:26.817+0000] {processor.py:829} INFO - Processing file /home/airflow/.local/lib/python3.8/site-packages/airflow/example_dags/example_dag_decorator.py for tasks to queue
[2024-08-26T12:39:26.821+0000] {logging_mixin.py:154} INFO - [2024-08-26T12:39:26.820+0000] {dagbag.py:536} INFO - Filling up the DagBag from /home/airflow/.local/lib/python3.8/site-packages/airflow/example_dags/example_dag_decorator.py
[2024-08-26T12:39:26.968+0000] {processor.py:839} INFO - DAG(s) dict_keys(['example_dag_decorator']) retrieved from /home/airflow/.local/lib/python3.8/site-packages/airflow/example_dags/example_dag_decorator.py
[2024-08-26T12:39:27.189+0000] {logging_mixin.py:154} INFO - [2024-08-26T12:39:27.189+0000] {dag.py:2941} INFO - Sync 1 DAGs
[2024-08-26T12:39:27.209+0000] {logging_mixin.py:154} INFO - [2024-08-26T12:39:27.209+0000] {dag.py:3722} INFO - Setting next_dagrun for example_dag_decorator to None, run_after=None
[2024-08-26T12:39:27.245+0000] {processor.py:179} INFO - Processing /home/airflow/.local/lib/python3.8/site-packages/airflow/example_dags/example_dag_decorator.py took 0.434 seconds
[2024-08-26T12:39:57.603+0000] {processor.py:157} INFO - Started process (PID=550) to work on /home/airflow/.local/lib/python3.8/site-packages/airflow/example_dags/example_dag_decorator.py
[2024-08-26T12:39:57.604+0000] {processor.py:829} INFO - Processing file /home/airflow/.local/lib/python3.8/site-packages/airflow/example_dags/example_dag_decorator.py for tasks to queue
[2024-08-26T12:39:57.609+0000] {logging_mixin.py:154} INFO - [2024-08-26T12:39:57.608+0000] {dagbag.py:536} INFO - Filling up the DagBag from /home/airflow/.local/lib/python3.8/site-packages/airflow/example_dags/example_dag_decorator.py
[2024-08-26T12:39:57.816+0000] {processor.py:839} INFO - DAG(s) dict_keys(['example_dag_decorator']) retrieved from /home/airflow/.local/lib/python3.8/site-packages/airflow/example_dags/example_dag_decorator.py
[2024-08-26T12:39:58.125+0000] {logging_mixin.py:154} INFO - [2024-08-26T12:39:58.124+0000] {dag.py:2941} INFO - Sync 1 DAGs
[2024-08-26T12:39:58.153+0000] {logging_mixin.py:154} INFO - [2024-08-26T12:39:58.153+0000] {dag.py:3722} INFO - Setting next_dagrun for example_dag_decorator to None, run_after=None
[2024-08-26T12:39:58.206+0000] {processor.py:179} INFO - Processing /home/airflow/.local/lib/python3.8/site-packages/airflow/example_dags/example_dag_decorator.py took 0.609 seconds
[2024-08-26T12:40:28.327+0000] {processor.py:157} INFO - Started process (PID=614) to work on /home/airflow/.local/lib/python3.8/site-packages/airflow/example_dags/example_dag_decorator.py
[2024-08-26T12:40:28.329+0000] {processor.py:829} INFO - Processing file /home/airflow/.local/lib/python3.8/site-packages/airflow/example_dags/example_dag_decorator.py for tasks to queue
[2024-08-26T12:40:28.340+0000] {logging_mixin.py:154} INFO - [2024-08-26T12:40:28.340+0000] {dagbag.py:536} INFO - Filling up the DagBag from /home/airflow/.local/lib/python3.8/site-packages/airflow/example_dags/example_dag_decorator.py
[2024-08-26T12:40:28.595+0000] {processor.py:839} INFO - DAG(s) dict_keys(['example_dag_decorator']) retrieved from /home/airflow/.local/lib/python3.8/site-packages/airflow/example_dags/example_dag_decorator.py
[2024-08-26T12:40:28.996+0000] {logging_mixin.py:154} INFO - [2024-08-26T12:40:28.996+0000] {dag.py:2941} INFO - Sync 1 DAGs
[2024-08-26T12:40:29.040+0000] {logging_mixin.py:154} INFO - [2024-08-26T12:40:29.039+0000] {dag.py:3722} INFO - Setting next_dagrun for example_dag_decorator to None, run_after=None
[2024-08-26T12:40:29.127+0000] {processor.py:179} INFO - Processing /home/airflow/.local/lib/python3.8/site-packages/airflow/example_dags/example_dag_decorator.py took 0.806 seconds
[2024-08-26T12:40:59.769+0000] {processor.py:157} INFO - Started process (PID=680) to work on /home/airflow/.local/lib/python3.8/site-packages/airflow/example_dags/example_dag_decorator.py
[2024-08-26T12:40:59.770+0000] {processor.py:829} INFO - Processing file /home/airflow/.local/lib/python3.8/site-packages/airflow/example_dags/example_dag_decorator.py for tasks to queue
[2024-08-26T12:40:59.775+0000] {logging_mixin.py:154} INFO - [2024-08-26T12:40:59.775+0000] {dagbag.py:536} INFO - Filling up the DagBag from /home/airflow/.local/lib/python3.8/site-packages/airflow/example_dags/example_dag_decorator.py
[2024-08-26T12:40:59.944+0000] {processor.py:839} INFO - DAG(s) dict_keys(['example_dag_decorator']) retrieved from /home/airflow/.local/lib/python3.8/site-packages/airflow/example_dags/example_dag_decorator.py
[2024-08-26T12:41:00.168+0000] {logging_mixin.py:154} INFO - [2024-08-26T12:41:00.168+0000] {dag.py:2941} INFO - Sync 1 DAGs
[2024-08-26T12:41:00.194+0000] {logging_mixin.py:154} INFO - [2024-08-26T12:41:00.193+0000] {dag.py:3722} INFO - Setting next_dagrun for example_dag_decorator to None, run_after=None
[2024-08-26T12:41:00.428+0000] {processor.py:179} INFO - Processing /home/airflow/.local/lib/python3.8/site-packages/airflow/example_dags/example_dag_decorator.py took 0.667 seconds
[2024-08-26T12:41:30.810+0000] {processor.py:157} INFO - Started process (PID=745) to work on /home/airflow/.local/lib/python3.8/site-packages/airflow/example_dags/example_dag_decorator.py
[2024-08-26T12:41:30.812+0000] {processor.py:829} INFO - Processing file /home/airflow/.local/lib/python3.8/site-packages/airflow/example_dags/example_dag_decorator.py for tasks to queue
[2024-08-26T12:41:30.816+0000] {logging_mixin.py:154} INFO - [2024-08-26T12:41:30.816+0000] {dagbag.py:536} INFO - Filling up the DagBag from /home/airflow/.local/lib/python3.8/site-packages/airflow/example_dags/example_dag_decorator.py
[2024-08-26T12:41:30.982+0000] {processor.py:839} INFO - DAG(s) dict_keys(['example_dag_decorator']) retrieved from /home/airflow/.local/lib/python3.8/site-packages/airflow/example_dags/example_dag_decorator.py
[2024-08-26T12:41:31.201+0000] {logging_mixin.py:154} INFO - [2024-08-26T12:41:31.200+0000] {dag.py:2941} INFO - Sync 1 DAGs
[2024-08-26T12:41:31.227+0000] {logging_mixin.py:154} INFO - [2024-08-26T12:41:31.227+0000] {dag.py:3722} INFO - Setting next_dagrun for example_dag_decorator to None, run_after=None
[2024-08-26T12:41:31.272+0000] {processor.py:179} INFO - Processing /home/airflow/.local/lib/python3.8/site-packages/airflow/example_dags/example_dag_decorator.py took 0.469 seconds
[2024-08-26T12:42:01.550+0000] {processor.py:157} INFO - Started process (PID=811) to work on /home/airflow/.local/lib/python3.8/site-packages/airflow/example_dags/example_dag_decorator.py
[2024-08-26T12:42:01.552+0000] {processor.py:829} INFO - Processing file /home/airflow/.local/lib/python3.8/site-packages/airflow/example_dags/example_dag_decorator.py for tasks to queue
[2024-08-26T12:42:01.559+0000] {logging_mixin.py:154} INFO - [2024-08-26T12:42:01.558+0000] {dagbag.py:536} INFO - Filling up the DagBag from /home/airflow/.local/lib/python3.8/site-packages/airflow/example_dags/example_dag_decorator.py
[2024-08-26T12:42:01.711+0000] {processor.py:839} INFO - DAG(s) dict_keys(['example_dag_decorator']) retrieved from /home/airflow/.local/lib/python3.8/site-packages/airflow/example_dags/example_dag_decorator.py
[2024-08-26T12:42:01.935+0000] {logging_mixin.py:154} INFO - [2024-08-26T12:42:01.934+0000] {dag.py:2941} INFO - Sync 1 DAGs
[2024-08-26T12:42:01.956+0000] {logging_mixin.py:154} INFO - [2024-08-26T12:42:01.956+0000] {dag.py:3722} INFO - Setting next_dagrun for example_dag_decorator to None, run_after=None
[2024-08-26T12:42:01.999+0000] {processor.py:179} INFO - Processing /home/airflow/.local/lib/python3.8/site-packages/airflow/example_dags/example_dag_decorator.py took 0.460 seconds
[2024-08-26T12:42:32.095+0000] {processor.py:157} INFO - Started process (PID=878) to work on /home/airflow/.local/lib/python3.8/site-packages/airflow/example_dags/example_dag_decorator.py
[2024-08-26T12:42:32.097+0000] {processor.py:829} INFO - Processing file /home/airflow/.local/lib/python3.8/site-packages/airflow/example_dags/example_dag_decorator.py for tasks to queue
[2024-08-26T12:42:32.102+0000] {logging_mixin.py:154} INFO - [2024-08-26T12:42:32.101+0000] {dagbag.py:536} INFO - Filling up the DagBag from /home/airflow/.local/lib/python3.8/site-packages/airflow/example_dags/example_dag_decorator.py
[2024-08-26T12:42:32.246+0000] {processor.py:839} INFO - DAG(s) dict_keys(['example_dag_decorator']) retrieved from /home/airflow/.local/lib/python3.8/site-packages/airflow/example_dags/example_dag_decorator.py
[2024-08-26T12:42:32.690+0000] {logging_mixin.py:154} INFO - [2024-08-26T12:42:32.689+0000] {dag.py:2941} INFO - Sync 1 DAGs
[2024-08-26T12:42:32.730+0000] {logging_mixin.py:154} INFO - [2024-08-26T12:42:32.729+0000] {dag.py:3722} INFO - Setting next_dagrun for example_dag_decorator to None, run_after=None
[2024-08-26T12:42:32.777+0000] {processor.py:179} INFO - Processing /home/airflow/.local/lib/python3.8/site-packages/airflow/example_dags/example_dag_decorator.py took 0.689 seconds
[2024-08-26T12:43:02.936+0000] {processor.py:157} INFO - Started process (PID=946) to work on /home/airflow/.local/lib/python3.8/site-packages/airflow/example_dags/example_dag_decorator.py
[2024-08-26T12:43:02.938+0000] {processor.py:829} INFO - Processing file /home/airflow/.local/lib/python3.8/site-packages/airflow/example_dags/example_dag_decorator.py for tasks to queue
[2024-08-26T12:43:02.943+0000] {logging_mixin.py:154} INFO - [2024-08-26T12:43:02.942+0000] {dagbag.py:536} INFO - Filling up the DagBag from /home/airflow/.local/lib/python3.8/site-packages/airflow/example_dags/example_dag_decorator.py
[2024-08-26T12:43:03.112+0000] {processor.py:839} INFO - DAG(s) dict_keys(['example_dag_decorator']) retrieved from /home/airflow/.local/lib/python3.8/site-packages/airflow/example_dags/example_dag_decorator.py
[2024-08-26T12:43:03.312+0000] {logging_mixin.py:154} INFO - [2024-08-26T12:43:03.311+0000] {dag.py:2941} INFO - Sync 1 DAGs
[2024-08-26T12:43:03.571+0000] {logging_mixin.py:154} INFO - [2024-08-26T12:43:03.570+0000] {dag.py:3722} INFO - Setting next_dagrun for example_dag_decorator to None, run_after=None
[2024-08-26T12:43:03.605+0000] {processor.py:179} INFO - Processing /home/airflow/.local/lib/python3.8/site-packages/airflow/example_dags/example_dag_decorator.py took 0.676 seconds
[2024-08-26T12:43:33.897+0000] {processor.py:157} INFO - Started process (PID=1025) to work on /home/airflow/.local/lib/python3.8/site-packages/airflow/example_dags/example_dag_decorator.py
[2024-08-26T12:43:33.899+0000] {processor.py:829} INFO - Processing file /home/airflow/.local/lib/python3.8/site-packages/airflow/example_dags/example_dag_decorator.py for tasks to queue
[2024-08-26T12:43:33.903+0000] {logging_mixin.py:154} INFO - [2024-08-26T12:43:33.902+0000] {dagbag.py:536} INFO - Filling up the DagBag from /home/airflow/.local/lib/python3.8/site-packages/airflow/example_dags/example_dag_decorator.py
[2024-08-26T12:43:34.075+0000] {processor.py:839} INFO - DAG(s) dict_keys(['example_dag_decorator']) retrieved from /home/airflow/.local/lib/python3.8/site-packages/airflow/example_dags/example_dag_decorator.py
[2024-08-26T12:43:34.341+0000] {logging_mixin.py:154} INFO - [2024-08-26T12:43:34.340+0000] {dag.py:2941} INFO - Sync 1 DAGs
[2024-08-26T12:43:34.365+0000] {logging_mixin.py:154} INFO - [2024-08-26T12:43:34.365+0000] {dag.py:3722} INFO - Setting next_dagrun for example_dag_decorator to None, run_after=None
[2024-08-26T12:43:34.596+0000] {processor.py:179} INFO - Processing /home/airflow/.local/lib/python3.8/site-packages/airflow/example_dags/example_dag_decorator.py took 0.706 seconds
[2024-08-26T12:44:04.705+0000] {processor.py:157} INFO - Started process (PID=1091) to work on /home/airflow/.local/lib/python3.8/site-packages/airflow/example_dags/example_dag_decorator.py
[2024-08-26T12:44:04.707+0000] {processor.py:829} INFO - Processing file /home/airflow/.local/lib/python3.8/site-packages/airflow/example_dags/example_dag_decorator.py for tasks to queue
[2024-08-26T12:44:04.711+0000] {logging_mixin.py:154} INFO - [2024-08-26T12:44:04.711+0000] {dagbag.py:536} INFO - Filling up the DagBag from /home/airflow/.local/lib/python3.8/site-packages/airflow/example_dags/example_dag_decorator.py
[2024-08-26T12:44:04.893+0000] {processor.py:839} INFO - DAG(s) dict_keys(['example_dag_decorator']) retrieved from /home/airflow/.local/lib/python3.8/site-packages/airflow/example_dags/example_dag_decorator.py
[2024-08-26T12:44:05.135+0000] {logging_mixin.py:154} INFO - [2024-08-26T12:44:05.134+0000] {dag.py:2941} INFO - Sync 1 DAGs
[2024-08-26T12:44:05.162+0000] {logging_mixin.py:154} INFO - [2024-08-26T12:44:05.161+0000] {dag.py:3722} INFO - Setting next_dagrun for example_dag_decorator to None, run_after=None
[2024-08-26T12:44:05.201+0000] {processor.py:179} INFO - Processing /home/airflow/.local/lib/python3.8/site-packages/airflow/example_dags/example_dag_decorator.py took 0.502 seconds
[2024-08-26T12:44:35.486+0000] {processor.py:157} INFO - Started process (PID=1158) to work on /home/airflow/.local/lib/python3.8/site-packages/airflow/example_dags/example_dag_decorator.py
[2024-08-26T12:44:35.488+0000] {processor.py:829} INFO - Processing file /home/airflow/.local/lib/python3.8/site-packages/airflow/example_dags/example_dag_decorator.py for tasks to queue
[2024-08-26T12:44:35.492+0000] {logging_mixin.py:154} INFO - [2024-08-26T12:44:35.491+0000] {dagbag.py:536} INFO - Filling up the DagBag from /home/airflow/.local/lib/python3.8/site-packages/airflow/example_dags/example_dag_decorator.py
[2024-08-26T12:44:35.658+0000] {processor.py:839} INFO - DAG(s) dict_keys(['example_dag_decorator']) retrieved from /home/airflow/.local/lib/python3.8/site-packages/airflow/example_dags/example_dag_decorator.py
[2024-08-26T12:44:36.091+0000] {logging_mixin.py:154} INFO - [2024-08-26T12:44:36.090+0000] {dag.py:2941} INFO - Sync 1 DAGs
[2024-08-26T12:44:36.114+0000] {logging_mixin.py:154} INFO - [2024-08-26T12:44:36.113+0000] {dag.py:3722} INFO - Setting next_dagrun for example_dag_decorator to None, run_after=None
[2024-08-26T12:44:36.146+0000] {processor.py:179} INFO - Processing /home/airflow/.local/lib/python3.8/site-packages/airflow/example_dags/example_dag_decorator.py took 0.665 seconds
[2024-08-26T12:45:06.398+0000] {processor.py:157} INFO - Started process (PID=1225) to work on /home/airflow/.local/lib/python3.8/site-packages/airflow/example_dags/example_dag_decorator.py
[2024-08-26T12:45:06.400+0000] {processor.py:829} INFO - Processing file /home/airflow/.local/lib/python3.8/site-packages/airflow/example_dags/example_dag_decorator.py for tasks to queue
[2024-08-26T12:45:06.403+0000] {logging_mixin.py:154} INFO - [2024-08-26T12:45:06.403+0000] {dagbag.py:536} INFO - Filling up the DagBag from /home/airflow/.local/lib/python3.8/site-packages/airflow/example_dags/example_dag_decorator.py
[2024-08-26T12:45:06.549+0000] {processor.py:839} INFO - DAG(s) dict_keys(['example_dag_decorator']) retrieved from /home/airflow/.local/lib/python3.8/site-packages/airflow/example_dags/example_dag_decorator.py
[2024-08-26T12:45:06.974+0000] {logging_mixin.py:154} INFO - [2024-08-26T12:45:06.974+0000] {dag.py:2941} INFO - Sync 1 DAGs
[2024-08-26T12:45:06.997+0000] {logging_mixin.py:154} INFO - [2024-08-26T12:45:06.997+0000] {dag.py:3722} INFO - Setting next_dagrun for example_dag_decorator to None, run_after=None
[2024-08-26T12:45:07.036+0000] {processor.py:179} INFO - Processing /home/airflow/.local/lib/python3.8/site-packages/airflow/example_dags/example_dag_decorator.py took 0.644 seconds
[2024-08-26T12:45:37.285+0000] {processor.py:157} INFO - Started process (PID=1294) to work on /home/airflow/.local/lib/python3.8/site-packages/airflow/example_dags/example_dag_decorator.py
[2024-08-26T12:45:37.286+0000] {processor.py:829} INFO - Processing file /home/airflow/.local/lib/python3.8/site-packages/airflow/example_dags/example_dag_decorator.py for tasks to queue
[2024-08-26T12:45:37.289+0000] {logging_mixin.py:154} INFO - [2024-08-26T12:45:37.289+0000] {dagbag.py:536} INFO - Filling up the DagBag from /home/airflow/.local/lib/python3.8/site-packages/airflow/example_dags/example_dag_decorator.py
[2024-08-26T12:45:37.446+0000] {processor.py:839} INFO - DAG(s) dict_keys(['example_dag_decorator']) retrieved from /home/airflow/.local/lib/python3.8/site-packages/airflow/example_dags/example_dag_decorator.py
[2024-08-26T12:45:37.662+0000] {logging_mixin.py:154} INFO - [2024-08-26T12:45:37.662+0000] {dag.py:2941} INFO - Sync 1 DAGs
[2024-08-26T12:45:37.888+0000] {logging_mixin.py:154} INFO - [2024-08-26T12:45:37.887+0000] {dag.py:3722} INFO - Setting next_dagrun for example_dag_decorator to None, run_after=None
[2024-08-26T12:45:37.928+0000] {processor.py:179} INFO - Processing /home/airflow/.local/lib/python3.8/site-packages/airflow/example_dags/example_dag_decorator.py took 0.651 seconds
[2024-08-26T12:46:08.118+0000] {processor.py:157} INFO - Started process (PID=1362) to work on /home/airflow/.local/lib/python3.8/site-packages/airflow/example_dags/example_dag_decorator.py
[2024-08-26T12:46:08.120+0000] {processor.py:829} INFO - Processing file /home/airflow/.local/lib/python3.8/site-packages/airflow/example_dags/example_dag_decorator.py for tasks to queue
[2024-08-26T12:46:08.123+0000] {logging_mixin.py:154} INFO - [2024-08-26T12:46:08.123+0000] {dagbag.py:536} INFO - Filling up the DagBag from /home/airflow/.local/lib/python3.8/site-packages/airflow/example_dags/example_dag_decorator.py
[2024-08-26T12:46:08.272+0000] {processor.py:839} INFO - DAG(s) dict_keys(['example_dag_decorator']) retrieved from /home/airflow/.local/lib/python3.8/site-packages/airflow/example_dags/example_dag_decorator.py
[2024-08-26T12:46:08.497+0000] {logging_mixin.py:154} INFO - [2024-08-26T12:46:08.496+0000] {dag.py:2941} INFO - Sync 1 DAGs
[2024-08-26T12:46:08.718+0000] {logging_mixin.py:154} INFO - [2024-08-26T12:46:08.717+0000] {dag.py:3722} INFO - Setting next_dagrun for example_dag_decorator to None, run_after=None
[2024-08-26T12:46:08.792+0000] {processor.py:179} INFO - Processing /home/airflow/.local/lib/python3.8/site-packages/airflow/example_dags/example_dag_decorator.py took 0.680 seconds
[2024-08-26T12:46:39.615+0000] {processor.py:157} INFO - Started process (PID=1430) to work on /home/airflow/.local/lib/python3.8/site-packages/airflow/example_dags/example_dag_decorator.py
[2024-08-26T12:46:39.616+0000] {processor.py:829} INFO - Processing file /home/airflow/.local/lib/python3.8/site-packages/airflow/example_dags/example_dag_decorator.py for tasks to queue
[2024-08-26T12:46:39.620+0000] {logging_mixin.py:154} INFO - [2024-08-26T12:46:39.620+0000] {dagbag.py:536} INFO - Filling up the DagBag from /home/airflow/.local/lib/python3.8/site-packages/airflow/example_dags/example_dag_decorator.py
[2024-08-26T12:46:39.763+0000] {processor.py:839} INFO - DAG(s) dict_keys(['example_dag_decorator']) retrieved from /home/airflow/.local/lib/python3.8/site-packages/airflow/example_dags/example_dag_decorator.py
[2024-08-26T12:46:40.187+0000] {logging_mixin.py:154} INFO - [2024-08-26T12:46:40.187+0000] {dag.py:2941} INFO - Sync 1 DAGs
[2024-08-26T12:46:40.207+0000] {logging_mixin.py:154} INFO - [2024-08-26T12:46:40.207+0000] {dag.py:3722} INFO - Setting next_dagrun for example_dag_decorator to None, run_after=None
[2024-08-26T12:46:40.246+0000] {processor.py:179} INFO - Processing /home/airflow/.local/lib/python3.8/site-packages/airflow/example_dags/example_dag_decorator.py took 0.636 seconds
[2024-08-26T12:47:10.366+0000] {processor.py:157} INFO - Started process (PID=1497) to work on /home/airflow/.local/lib/python3.8/site-packages/airflow/example_dags/example_dag_decorator.py
[2024-08-26T12:47:10.368+0000] {processor.py:829} INFO - Processing file /home/airflow/.local/lib/python3.8/site-packages/airflow/example_dags/example_dag_decorator.py for tasks to queue
[2024-08-26T12:47:10.373+0000] {logging_mixin.py:154} INFO - [2024-08-26T12:47:10.372+0000] {dagbag.py:536} INFO - Filling up the DagBag from /home/airflow/.local/lib/python3.8/site-packages/airflow/example_dags/example_dag_decorator.py
[2024-08-26T12:47:10.545+0000] {processor.py:839} INFO - DAG(s) dict_keys(['example_dag_decorator']) retrieved from /home/airflow/.local/lib/python3.8/site-packages/airflow/example_dags/example_dag_decorator.py
[2024-08-26T12:47:11.001+0000] {logging_mixin.py:154} INFO - [2024-08-26T12:47:11.000+0000] {dag.py:2941} INFO - Sync 1 DAGs
[2024-08-26T12:47:11.030+0000] {logging_mixin.py:154} INFO - [2024-08-26T12:47:11.030+0000] {dag.py:3722} INFO - Setting next_dagrun for example_dag_decorator to None, run_after=None
[2024-08-26T12:47:11.068+0000] {processor.py:179} INFO - Processing /home/airflow/.local/lib/python3.8/site-packages/airflow/example_dags/example_dag_decorator.py took 0.708 seconds
[2024-08-26T12:47:41.144+0000] {processor.py:157} INFO - Started process (PID=1566) to work on /home/airflow/.local/lib/python3.8/site-packages/airflow/example_dags/example_dag_decorator.py
[2024-08-26T12:47:41.146+0000] {processor.py:829} INFO - Processing file /home/airflow/.local/lib/python3.8/site-packages/airflow/example_dags/example_dag_decorator.py for tasks to queue
[2024-08-26T12:47:41.152+0000] {logging_mixin.py:154} INFO - [2024-08-26T12:47:41.152+0000] {dagbag.py:536} INFO - Filling up the DagBag from /home/airflow/.local/lib/python3.8/site-packages/airflow/example_dags/example_dag_decorator.py
[2024-08-26T12:47:41.298+0000] {processor.py:839} INFO - DAG(s) dict_keys(['example_dag_decorator']) retrieved from /home/airflow/.local/lib/python3.8/site-packages/airflow/example_dags/example_dag_decorator.py
[2024-08-26T12:47:41.757+0000] {logging_mixin.py:154} INFO - [2024-08-26T12:47:41.756+0000] {dag.py:2941} INFO - Sync 1 DAGs
[2024-08-26T12:47:41.777+0000] {logging_mixin.py:154} INFO - [2024-08-26T12:47:41.776+0000] {dag.py:3722} INFO - Setting next_dagrun for example_dag_decorator to None, run_after=None
[2024-08-26T12:47:41.810+0000] {processor.py:179} INFO - Processing /home/airflow/.local/lib/python3.8/site-packages/airflow/example_dags/example_dag_decorator.py took 0.673 seconds
[2024-08-26T12:48:12.260+0000] {processor.py:157} INFO - Started process (PID=1632) to work on /home/airflow/.local/lib/python3.8/site-packages/airflow/example_dags/example_dag_decorator.py
[2024-08-26T12:48:12.261+0000] {processor.py:829} INFO - Processing file /home/airflow/.local/lib/python3.8/site-packages/airflow/example_dags/example_dag_decorator.py for tasks to queue
[2024-08-26T12:48:12.266+0000] {logging_mixin.py:154} INFO - [2024-08-26T12:48:12.265+0000] {dagbag.py:536} INFO - Filling up the DagBag from /home/airflow/.local/lib/python3.8/site-packages/airflow/example_dags/example_dag_decorator.py
[2024-08-26T12:48:12.452+0000] {processor.py:839} INFO - DAG(s) dict_keys(['example_dag_decorator']) retrieved from /home/airflow/.local/lib/python3.8/site-packages/airflow/example_dags/example_dag_decorator.py
[2024-08-26T12:48:12.888+0000] {logging_mixin.py:154} INFO - [2024-08-26T12:48:12.888+0000] {dag.py:2941} INFO - Sync 1 DAGs
[2024-08-26T12:48:12.907+0000] {logging_mixin.py:154} INFO - [2024-08-26T12:48:12.907+0000] {dag.py:3722} INFO - Setting next_dagrun for example_dag_decorator to None, run_after=None
[2024-08-26T12:48:12.950+0000] {processor.py:179} INFO - Processing /home/airflow/.local/lib/python3.8/site-packages/airflow/example_dags/example_dag_decorator.py took 0.697 seconds
[2024-08-26T12:49:36.460+0000] {processor.py:157} INFO - Started process (PID=1677) to work on /home/airflow/.local/lib/python3.8/site-packages/airflow/example_dags/example_dag_decorator.py
[2024-08-26T12:49:36.462+0000] {processor.py:829} INFO - Processing file /home/airflow/.local/lib/python3.8/site-packages/airflow/example_dags/example_dag_decorator.py for tasks to queue
[2024-08-26T12:49:36.466+0000] {logging_mixin.py:154} INFO - [2024-08-26T12:49:36.465+0000] {dagbag.py:536} INFO - Filling up the DagBag from /home/airflow/.local/lib/python3.8/site-packages/airflow/example_dags/example_dag_decorator.py
[2024-08-26T12:49:36.615+0000] {processor.py:839} INFO - DAG(s) dict_keys(['example_dag_decorator']) retrieved from /home/airflow/.local/lib/python3.8/site-packages/airflow/example_dags/example_dag_decorator.py
[2024-08-26T12:49:37.024+0000] {logging_mixin.py:154} INFO - [2024-08-26T12:49:37.023+0000] {dag.py:2941} INFO - Sync 1 DAGs
[2024-08-26T12:49:37.044+0000] {logging_mixin.py:154} INFO - [2024-08-26T12:49:37.043+0000] {dag.py:3722} INFO - Setting next_dagrun for example_dag_decorator to None, run_after=None
[2024-08-26T12:49:37.084+0000] {processor.py:179} INFO - Processing /home/airflow/.local/lib/python3.8/site-packages/airflow/example_dags/example_dag_decorator.py took 0.630 seconds
[2024-08-26T12:50:08.369+0000] {processor.py:157} INFO - Started process (PID=1743) to work on /home/airflow/.local/lib/python3.8/site-packages/airflow/example_dags/example_dag_decorator.py
[2024-08-26T12:50:08.370+0000] {processor.py:829} INFO - Processing file /home/airflow/.local/lib/python3.8/site-packages/airflow/example_dags/example_dag_decorator.py for tasks to queue
[2024-08-26T12:50:08.375+0000] {logging_mixin.py:154} INFO - [2024-08-26T12:50:08.374+0000] {dagbag.py:536} INFO - Filling up the DagBag from /home/airflow/.local/lib/python3.8/site-packages/airflow/example_dags/example_dag_decorator.py
[2024-08-26T12:50:08.559+0000] {processor.py:839} INFO - DAG(s) dict_keys(['example_dag_decorator']) retrieved from /home/airflow/.local/lib/python3.8/site-packages/airflow/example_dags/example_dag_decorator.py
[2024-08-26T12:50:09.013+0000] {logging_mixin.py:154} INFO - [2024-08-26T12:50:09.013+0000] {dag.py:2941} INFO - Sync 1 DAGs
[2024-08-26T12:50:09.045+0000] {logging_mixin.py:154} INFO - [2024-08-26T12:50:09.044+0000] {dag.py:3722} INFO - Setting next_dagrun for example_dag_decorator to None, run_after=None
[2024-08-26T12:50:09.110+0000] {processor.py:179} INFO - Processing /home/airflow/.local/lib/python3.8/site-packages/airflow/example_dags/example_dag_decorator.py took 0.748 seconds
[2024-08-26T12:50:39.952+0000] {processor.py:157} INFO - Started process (PID=1817) to work on /home/airflow/.local/lib/python3.8/site-packages/airflow/example_dags/example_dag_decorator.py
[2024-08-26T12:50:39.954+0000] {processor.py:829} INFO - Processing file /home/airflow/.local/lib/python3.8/site-packages/airflow/example_dags/example_dag_decorator.py for tasks to queue
[2024-08-26T12:50:39.958+0000] {logging_mixin.py:154} INFO - [2024-08-26T12:50:39.958+0000] {dagbag.py:536} INFO - Filling up the DagBag from /home/airflow/.local/lib/python3.8/site-packages/airflow/example_dags/example_dag_decorator.py
[2024-08-26T12:50:40.129+0000] {processor.py:839} INFO - DAG(s) dict_keys(['example_dag_decorator']) retrieved from /home/airflow/.local/lib/python3.8/site-packages/airflow/example_dags/example_dag_decorator.py
[2024-08-26T12:50:40.178+0000] {logging_mixin.py:154} INFO - [2024-08-26T12:50:40.178+0000] {dag.py:2941} INFO - Sync 1 DAGs
[2024-08-26T12:50:40.205+0000] {logging_mixin.py:154} INFO - [2024-08-26T12:50:40.204+0000] {dag.py:3722} INFO - Setting next_dagrun for example_dag_decorator to None, run_after=None
[2024-08-26T12:50:40.246+0000] {processor.py:179} INFO - Processing /home/airflow/.local/lib/python3.8/site-packages/airflow/example_dags/example_dag_decorator.py took 0.299 seconds
[2024-08-26T12:51:10.675+0000] {processor.py:157} INFO - Started process (PID=1884) to work on /home/airflow/.local/lib/python3.8/site-packages/airflow/example_dags/example_dag_decorator.py
[2024-08-26T12:51:10.677+0000] {processor.py:829} INFO - Processing file /home/airflow/.local/lib/python3.8/site-packages/airflow/example_dags/example_dag_decorator.py for tasks to queue
[2024-08-26T12:51:10.681+0000] {logging_mixin.py:154} INFO - [2024-08-26T12:51:10.680+0000] {dagbag.py:536} INFO - Filling up the DagBag from /home/airflow/.local/lib/python3.8/site-packages/airflow/example_dags/example_dag_decorator.py
[2024-08-26T12:51:10.816+0000] {processor.py:839} INFO - DAG(s) dict_keys(['example_dag_decorator']) retrieved from /home/airflow/.local/lib/python3.8/site-packages/airflow/example_dags/example_dag_decorator.py
[2024-08-26T12:51:11.318+0000] {logging_mixin.py:154} INFO - [2024-08-26T12:51:11.318+0000] {dag.py:2941} INFO - Sync 1 DAGs
[2024-08-26T12:51:11.341+0000] {logging_mixin.py:154} INFO - [2024-08-26T12:51:11.341+0000] {dag.py:3722} INFO - Setting next_dagrun for example_dag_decorator to None, run_after=None
[2024-08-26T12:51:11.380+0000] {processor.py:179} INFO - Processing /home/airflow/.local/lib/python3.8/site-packages/airflow/example_dags/example_dag_decorator.py took 0.711 seconds
[2024-08-26T12:51:42.181+0000] {processor.py:157} INFO - Started process (PID=1951) to work on /home/airflow/.local/lib/python3.8/site-packages/airflow/example_dags/example_dag_decorator.py
[2024-08-26T12:51:42.183+0000] {processor.py:829} INFO - Processing file /home/airflow/.local/lib/python3.8/site-packages/airflow/example_dags/example_dag_decorator.py for tasks to queue
[2024-08-26T12:51:42.188+0000] {logging_mixin.py:154} INFO - [2024-08-26T12:51:42.187+0000] {dagbag.py:536} INFO - Filling up the DagBag from /home/airflow/.local/lib/python3.8/site-packages/airflow/example_dags/example_dag_decorator.py
[2024-08-26T12:51:42.361+0000] {processor.py:839} INFO - DAG(s) dict_keys(['example_dag_decorator']) retrieved from /home/airflow/.local/lib/python3.8/site-packages/airflow/example_dags/example_dag_decorator.py
[2024-08-26T12:51:42.815+0000] {logging_mixin.py:154} INFO - [2024-08-26T12:51:42.814+0000] {dag.py:2941} INFO - Sync 1 DAGs
[2024-08-26T12:51:42.838+0000] {logging_mixin.py:154} INFO - [2024-08-26T12:51:42.838+0000] {dag.py:3722} INFO - Setting next_dagrun for example_dag_decorator to None, run_after=None
[2024-08-26T12:51:42.878+0000] {processor.py:179} INFO - Processing /home/airflow/.local/lib/python3.8/site-packages/airflow/example_dags/example_dag_decorator.py took 0.704 seconds
[2024-08-26T12:52:13.116+0000] {processor.py:157} INFO - Started process (PID=2017) to work on /home/airflow/.local/lib/python3.8/site-packages/airflow/example_dags/example_dag_decorator.py
[2024-08-26T12:52:13.117+0000] {processor.py:829} INFO - Processing file /home/airflow/.local/lib/python3.8/site-packages/airflow/example_dags/example_dag_decorator.py for tasks to queue
[2024-08-26T12:52:13.121+0000] {logging_mixin.py:154} INFO - [2024-08-26T12:52:13.121+0000] {dagbag.py:536} INFO - Filling up the DagBag from /home/airflow/.local/lib/python3.8/site-packages/airflow/example_dags/example_dag_decorator.py
[2024-08-26T12:52:13.268+0000] {processor.py:839} INFO - DAG(s) dict_keys(['example_dag_decorator']) retrieved from /home/airflow/.local/lib/python3.8/site-packages/airflow/example_dags/example_dag_decorator.py
[2024-08-26T12:52:13.701+0000] {logging_mixin.py:154} INFO - [2024-08-26T12:52:13.701+0000] {dag.py:2941} INFO - Sync 1 DAGs
[2024-08-26T12:52:13.726+0000] {logging_mixin.py:154} INFO - [2024-08-26T12:52:13.725+0000] {dag.py:3722} INFO - Setting next_dagrun for example_dag_decorator to None, run_after=None
[2024-08-26T12:52:13.764+0000] {processor.py:179} INFO - Processing /home/airflow/.local/lib/python3.8/site-packages/airflow/example_dags/example_dag_decorator.py took 0.653 seconds
[2024-08-26T12:52:44.048+0000] {processor.py:157} INFO - Started process (PID=2085) to work on /home/airflow/.local/lib/python3.8/site-packages/airflow/example_dags/example_dag_decorator.py
[2024-08-26T12:52:44.050+0000] {processor.py:829} INFO - Processing file /home/airflow/.local/lib/python3.8/site-packages/airflow/example_dags/example_dag_decorator.py for tasks to queue
[2024-08-26T12:52:44.055+0000] {logging_mixin.py:154} INFO - [2024-08-26T12:52:44.054+0000] {dagbag.py:536} INFO - Filling up the DagBag from /home/airflow/.local/lib/python3.8/site-packages/airflow/example_dags/example_dag_decorator.py
[2024-08-26T12:52:44.204+0000] {processor.py:839} INFO - DAG(s) dict_keys(['example_dag_decorator']) retrieved from /home/airflow/.local/lib/python3.8/site-packages/airflow/example_dags/example_dag_decorator.py
[2024-08-26T12:52:44.695+0000] {logging_mixin.py:154} INFO - [2024-08-26T12:52:44.694+0000] {dag.py:2941} INFO - Sync 1 DAGs
[2024-08-26T12:52:44.721+0000] {logging_mixin.py:154} INFO - [2024-08-26T12:52:44.721+0000] {dag.py:3722} INFO - Setting next_dagrun for example_dag_decorator to None, run_after=None
[2024-08-26T12:52:44.765+0000] {processor.py:179} INFO - Processing /home/airflow/.local/lib/python3.8/site-packages/airflow/example_dags/example_dag_decorator.py took 0.723 seconds
[2024-08-26T12:53:15.378+0000] {processor.py:157} INFO - Started process (PID=2151) to work on /home/airflow/.local/lib/python3.8/site-packages/airflow/example_dags/example_dag_decorator.py
[2024-08-26T12:53:15.380+0000] {processor.py:829} INFO - Processing file /home/airflow/.local/lib/python3.8/site-packages/airflow/example_dags/example_dag_decorator.py for tasks to queue
[2024-08-26T12:53:15.384+0000] {logging_mixin.py:154} INFO - [2024-08-26T12:53:15.383+0000] {dagbag.py:536} INFO - Filling up the DagBag from /home/airflow/.local/lib/python3.8/site-packages/airflow/example_dags/example_dag_decorator.py
[2024-08-26T12:53:15.545+0000] {processor.py:839} INFO - DAG(s) dict_keys(['example_dag_decorator']) retrieved from /home/airflow/.local/lib/python3.8/site-packages/airflow/example_dags/example_dag_decorator.py
[2024-08-26T12:53:15.977+0000] {logging_mixin.py:154} INFO - [2024-08-26T12:53:15.977+0000] {dag.py:2941} INFO - Sync 1 DAGs
[2024-08-26T12:53:16.001+0000] {logging_mixin.py:154} INFO - [2024-08-26T12:53:16.001+0000] {dag.py:3722} INFO - Setting next_dagrun for example_dag_decorator to None, run_after=None
[2024-08-26T12:53:16.035+0000] {processor.py:179} INFO - Processing /home/airflow/.local/lib/python3.8/site-packages/airflow/example_dags/example_dag_decorator.py took 0.663 seconds
[2024-08-26T12:54:00.814+0000] {processor.py:157} INFO - Started process (PID=2206) to work on /home/airflow/.local/lib/python3.8/site-packages/airflow/example_dags/example_dag_decorator.py
[2024-08-26T12:54:00.816+0000] {processor.py:829} INFO - Processing file /home/airflow/.local/lib/python3.8/site-packages/airflow/example_dags/example_dag_decorator.py for tasks to queue
[2024-08-26T12:54:00.819+0000] {logging_mixin.py:154} INFO - [2024-08-26T12:54:00.819+0000] {dagbag.py:536} INFO - Filling up the DagBag from /home/airflow/.local/lib/python3.8/site-packages/airflow/example_dags/example_dag_decorator.py
[2024-08-26T12:54:00.959+0000] {processor.py:839} INFO - DAG(s) dict_keys(['example_dag_decorator']) retrieved from /home/airflow/.local/lib/python3.8/site-packages/airflow/example_dags/example_dag_decorator.py
[2024-08-26T12:54:01.402+0000] {logging_mixin.py:154} INFO - [2024-08-26T12:54:01.402+0000] {dag.py:2941} INFO - Sync 1 DAGs
[2024-08-26T12:54:01.430+0000] {logging_mixin.py:154} INFO - [2024-08-26T12:54:01.430+0000] {dag.py:3722} INFO - Setting next_dagrun for example_dag_decorator to None, run_after=None
[2024-08-26T12:54:01.470+0000] {processor.py:179} INFO - Processing /home/airflow/.local/lib/python3.8/site-packages/airflow/example_dags/example_dag_decorator.py took 0.663 seconds
[2024-08-26T12:54:33.389+0000] {processor.py:157} INFO - Started process (PID=2278) to work on /home/airflow/.local/lib/python3.8/site-packages/airflow/example_dags/example_dag_decorator.py
[2024-08-26T12:54:33.390+0000] {processor.py:829} INFO - Processing file /home/airflow/.local/lib/python3.8/site-packages/airflow/example_dags/example_dag_decorator.py for tasks to queue
[2024-08-26T12:54:33.394+0000] {logging_mixin.py:154} INFO - [2024-08-26T12:54:33.394+0000] {dagbag.py:536} INFO - Filling up the DagBag from /home/airflow/.local/lib/python3.8/site-packages/airflow/example_dags/example_dag_decorator.py
[2024-08-26T12:54:33.527+0000] {processor.py:839} INFO - DAG(s) dict_keys(['example_dag_decorator']) retrieved from /home/airflow/.local/lib/python3.8/site-packages/airflow/example_dags/example_dag_decorator.py
[2024-08-26T12:54:33.946+0000] {logging_mixin.py:154} INFO - [2024-08-26T12:54:33.946+0000] {dag.py:2941} INFO - Sync 1 DAGs
[2024-08-26T12:54:33.970+0000] {logging_mixin.py:154} INFO - [2024-08-26T12:54:33.969+0000] {dag.py:3722} INFO - Setting next_dagrun for example_dag_decorator to None, run_after=None
[2024-08-26T12:54:34.050+0000] {processor.py:179} INFO - Processing /home/airflow/.local/lib/python3.8/site-packages/airflow/example_dags/example_dag_decorator.py took 0.667 seconds
[2024-08-26T12:55:04.725+0000] {processor.py:157} INFO - Started process (PID=2345) to work on /home/airflow/.local/lib/python3.8/site-packages/airflow/example_dags/example_dag_decorator.py
[2024-08-26T12:55:04.728+0000] {processor.py:829} INFO - Processing file /home/airflow/.local/lib/python3.8/site-packages/airflow/example_dags/example_dag_decorator.py for tasks to queue
[2024-08-26T12:55:04.731+0000] {logging_mixin.py:154} INFO - [2024-08-26T12:55:04.731+0000] {dagbag.py:536} INFO - Filling up the DagBag from /home/airflow/.local/lib/python3.8/site-packages/airflow/example_dags/example_dag_decorator.py
[2024-08-26T12:55:05.125+0000] {processor.py:839} INFO - DAG(s) dict_keys(['example_dag_decorator']) retrieved from /home/airflow/.local/lib/python3.8/site-packages/airflow/example_dags/example_dag_decorator.py
[2024-08-26T12:55:05.330+0000] {logging_mixin.py:154} INFO - [2024-08-26T12:55:05.330+0000] {dag.py:2941} INFO - Sync 1 DAGs
[2024-08-26T12:55:05.357+0000] {logging_mixin.py:154} INFO - [2024-08-26T12:55:05.357+0000] {dag.py:3722} INFO - Setting next_dagrun for example_dag_decorator to None, run_after=None
[2024-08-26T12:55:05.400+0000] {processor.py:179} INFO - Processing /home/airflow/.local/lib/python3.8/site-packages/airflow/example_dags/example_dag_decorator.py took 0.682 seconds
[2024-08-26T12:55:36.157+0000] {processor.py:157} INFO - Started process (PID=2411) to work on /home/airflow/.local/lib/python3.8/site-packages/airflow/example_dags/example_dag_decorator.py
[2024-08-26T12:55:36.159+0000] {processor.py:829} INFO - Processing file /home/airflow/.local/lib/python3.8/site-packages/airflow/example_dags/example_dag_decorator.py for tasks to queue
[2024-08-26T12:55:36.164+0000] {logging_mixin.py:154} INFO - [2024-08-26T12:55:36.163+0000] {dagbag.py:536} INFO - Filling up the DagBag from /home/airflow/.local/lib/python3.8/site-packages/airflow/example_dags/example_dag_decorator.py
[2024-08-26T12:55:36.313+0000] {processor.py:839} INFO - DAG(s) dict_keys(['example_dag_decorator']) retrieved from /home/airflow/.local/lib/python3.8/site-packages/airflow/example_dags/example_dag_decorator.py
[2024-08-26T12:55:36.740+0000] {logging_mixin.py:154} INFO - [2024-08-26T12:55:36.740+0000] {dag.py:2941} INFO - Sync 1 DAGs
[2024-08-26T12:55:36.765+0000] {logging_mixin.py:154} INFO - [2024-08-26T12:55:36.764+0000] {dag.py:3722} INFO - Setting next_dagrun for example_dag_decorator to None, run_after=None
[2024-08-26T12:55:36.806+0000] {processor.py:179} INFO - Processing /home/airflow/.local/lib/python3.8/site-packages/airflow/example_dags/example_dag_decorator.py took 0.655 seconds
[2024-08-26T12:56:07.396+0000] {processor.py:157} INFO - Started process (PID=2477) to work on /home/airflow/.local/lib/python3.8/site-packages/airflow/example_dags/example_dag_decorator.py
[2024-08-26T12:56:07.398+0000] {processor.py:829} INFO - Processing file /home/airflow/.local/lib/python3.8/site-packages/airflow/example_dags/example_dag_decorator.py for tasks to queue
[2024-08-26T12:56:07.401+0000] {logging_mixin.py:154} INFO - [2024-08-26T12:56:07.401+0000] {dagbag.py:536} INFO - Filling up the DagBag from /home/airflow/.local/lib/python3.8/site-packages/airflow/example_dags/example_dag_decorator.py
[2024-08-26T12:56:07.779+0000] {processor.py:839} INFO - DAG(s) dict_keys(['example_dag_decorator']) retrieved from /home/airflow/.local/lib/python3.8/site-packages/airflow/example_dags/example_dag_decorator.py
[2024-08-26T12:56:08.001+0000] {logging_mixin.py:154} INFO - [2024-08-26T12:56:08.001+0000] {dag.py:2941} INFO - Sync 1 DAGs
[2024-08-26T12:56:08.028+0000] {logging_mixin.py:154} INFO - [2024-08-26T12:56:08.027+0000] {dag.py:3722} INFO - Setting next_dagrun for example_dag_decorator to None, run_after=None
[2024-08-26T12:56:08.072+0000] {processor.py:179} INFO - Processing /home/airflow/.local/lib/python3.8/site-packages/airflow/example_dags/example_dag_decorator.py took 0.681 seconds
