[2024-08-26T08:44:53.542+0000] {processor.py:157} INFO - Started process (PID=63) to work on /home/airflow/.local/lib/python3.8/site-packages/airflow/example_dags/example_nested_branch_dag.py
[2024-08-26T08:44:53.543+0000] {processor.py:829} INFO - Processing file /home/airflow/.local/lib/python3.8/site-packages/airflow/example_dags/example_nested_branch_dag.py for tasks to queue
[2024-08-26T08:44:53.545+0000] {logging_mixin.py:154} INFO - [2024-08-26T08:44:53.545+0000] {dagbag.py:536} INFO - Filling up the DagBag from /home/airflow/.local/lib/python3.8/site-packages/airflow/example_dags/example_nested_branch_dag.py
[2024-08-26T08:44:53.553+0000] {processor.py:839} INFO - DAG(s) dict_keys(['example_nested_branch_dag']) retrieved from /home/airflow/.local/lib/python3.8/site-packages/airflow/example_dags/example_nested_branch_dag.py
[2024-08-26T08:44:53.584+0000] {logging_mixin.py:154} INFO - [2024-08-26T08:44:53.584+0000] {dag.py:2941} INFO - Sync 1 DAGs
[2024-08-26T08:44:53.612+0000] {logging_mixin.py:154} INFO - [2024-08-26T08:44:53.612+0000] {dag.py:3722} INFO - Setting next_dagrun for example_nested_branch_dag to 2024-08-25T00:00:00+00:00, run_after=2024-08-26T00:00:00+00:00
[2024-08-26T08:44:53.635+0000] {processor.py:179} INFO - Processing /home/airflow/.local/lib/python3.8/site-packages/airflow/example_dags/example_nested_branch_dag.py took 0.096 seconds
[2024-08-26T12:36:19.625+0000] {processor.py:157} INFO - Started process (PID=72) to work on /home/airflow/.local/lib/python3.8/site-packages/airflow/example_dags/example_nested_branch_dag.py
[2024-08-26T12:36:19.627+0000] {processor.py:829} INFO - Processing file /home/airflow/.local/lib/python3.8/site-packages/airflow/example_dags/example_nested_branch_dag.py for tasks to queue
[2024-08-26T12:36:19.629+0000] {logging_mixin.py:154} INFO - [2024-08-26T12:36:19.629+0000] {dagbag.py:536} INFO - Filling up the DagBag from /home/airflow/.local/lib/python3.8/site-packages/airflow/example_dags/example_nested_branch_dag.py
[2024-08-26T12:36:19.640+0000] {processor.py:839} INFO - DAG(s) dict_keys(['example_nested_branch_dag']) retrieved from /home/airflow/.local/lib/python3.8/site-packages/airflow/example_dags/example_nested_branch_dag.py
[2024-08-26T12:36:19.671+0000] {logging_mixin.py:154} INFO - [2024-08-26T12:36:19.671+0000] {dag.py:2941} INFO - Sync 1 DAGs
[2024-08-26T12:36:19.700+0000] {logging_mixin.py:154} INFO - [2024-08-26T12:36:19.700+0000] {dag.py:3722} INFO - Setting next_dagrun for example_nested_branch_dag to 2024-08-25T00:00:00+00:00, run_after=2024-08-26T00:00:00+00:00
[2024-08-26T12:36:19.725+0000] {processor.py:179} INFO - Processing /home/airflow/.local/lib/python3.8/site-packages/airflow/example_dags/example_nested_branch_dag.py took 0.105 seconds
[2024-08-26T12:36:50.637+0000] {processor.py:157} INFO - Started process (PID=138) to work on /home/airflow/.local/lib/python3.8/site-packages/airflow/example_dags/example_nested_branch_dag.py
[2024-08-26T12:36:50.638+0000] {processor.py:829} INFO - Processing file /home/airflow/.local/lib/python3.8/site-packages/airflow/example_dags/example_nested_branch_dag.py for tasks to queue
[2024-08-26T12:36:50.640+0000] {logging_mixin.py:154} INFO - [2024-08-26T12:36:50.640+0000] {dagbag.py:536} INFO - Filling up the DagBag from /home/airflow/.local/lib/python3.8/site-packages/airflow/example_dags/example_nested_branch_dag.py
[2024-08-26T12:36:50.650+0000] {processor.py:839} INFO - DAG(s) dict_keys(['example_nested_branch_dag']) retrieved from /home/airflow/.local/lib/python3.8/site-packages/airflow/example_dags/example_nested_branch_dag.py
[2024-08-26T12:36:50.676+0000] {logging_mixin.py:154} INFO - [2024-08-26T12:36:50.676+0000] {dag.py:2941} INFO - Sync 1 DAGs
[2024-08-26T12:36:50.703+0000] {logging_mixin.py:154} INFO - [2024-08-26T12:36:50.703+0000] {dag.py:3722} INFO - Setting next_dagrun for example_nested_branch_dag to 2024-08-25T00:00:00+00:00, run_after=2024-08-26T00:00:00+00:00
[2024-08-26T12:36:50.723+0000] {processor.py:179} INFO - Processing /home/airflow/.local/lib/python3.8/site-packages/airflow/example_dags/example_nested_branch_dag.py took 0.090 seconds
[2024-08-26T12:37:21.971+0000] {processor.py:157} INFO - Started process (PID=204) to work on /home/airflow/.local/lib/python3.8/site-packages/airflow/example_dags/example_nested_branch_dag.py
[2024-08-26T12:37:21.973+0000] {processor.py:829} INFO - Processing file /home/airflow/.local/lib/python3.8/site-packages/airflow/example_dags/example_nested_branch_dag.py for tasks to queue
[2024-08-26T12:37:21.978+0000] {logging_mixin.py:154} INFO - [2024-08-26T12:37:21.977+0000] {dagbag.py:536} INFO - Filling up the DagBag from /home/airflow/.local/lib/python3.8/site-packages/airflow/example_dags/example_nested_branch_dag.py
[2024-08-26T12:37:21.994+0000] {processor.py:839} INFO - DAG(s) dict_keys(['example_nested_branch_dag']) retrieved from /home/airflow/.local/lib/python3.8/site-packages/airflow/example_dags/example_nested_branch_dag.py
[2024-08-26T12:37:22.031+0000] {logging_mixin.py:154} INFO - [2024-08-26T12:37:22.031+0000] {dag.py:2941} INFO - Sync 1 DAGs
[2024-08-26T12:37:22.075+0000] {logging_mixin.py:154} INFO - [2024-08-26T12:37:22.075+0000] {dag.py:3722} INFO - Setting next_dagrun for example_nested_branch_dag to 2024-08-25T00:00:00+00:00, run_after=2024-08-26T00:00:00+00:00
[2024-08-26T12:37:22.108+0000] {processor.py:179} INFO - Processing /home/airflow/.local/lib/python3.8/site-packages/airflow/example_dags/example_nested_branch_dag.py took 0.142 seconds
[2024-08-26T12:37:53.008+0000] {processor.py:157} INFO - Started process (PID=270) to work on /home/airflow/.local/lib/python3.8/site-packages/airflow/example_dags/example_nested_branch_dag.py
[2024-08-26T12:37:53.010+0000] {processor.py:829} INFO - Processing file /home/airflow/.local/lib/python3.8/site-packages/airflow/example_dags/example_nested_branch_dag.py for tasks to queue
[2024-08-26T12:37:53.015+0000] {logging_mixin.py:154} INFO - [2024-08-26T12:37:53.014+0000] {dagbag.py:536} INFO - Filling up the DagBag from /home/airflow/.local/lib/python3.8/site-packages/airflow/example_dags/example_nested_branch_dag.py
[2024-08-26T12:37:53.031+0000] {processor.py:839} INFO - DAG(s) dict_keys(['example_nested_branch_dag']) retrieved from /home/airflow/.local/lib/python3.8/site-packages/airflow/example_dags/example_nested_branch_dag.py
[2024-08-26T12:37:53.072+0000] {logging_mixin.py:154} INFO - [2024-08-26T12:37:53.071+0000] {dag.py:2941} INFO - Sync 1 DAGs
[2024-08-26T12:37:53.114+0000] {logging_mixin.py:154} INFO - [2024-08-26T12:37:53.114+0000] {dag.py:3722} INFO - Setting next_dagrun for example_nested_branch_dag to 2024-08-25T00:00:00+00:00, run_after=2024-08-26T00:00:00+00:00
[2024-08-26T12:37:53.168+0000] {processor.py:179} INFO - Processing /home/airflow/.local/lib/python3.8/site-packages/airflow/example_dags/example_nested_branch_dag.py took 0.166 seconds
[2024-08-26T12:38:23.842+0000] {processor.py:157} INFO - Started process (PID=344) to work on /home/airflow/.local/lib/python3.8/site-packages/airflow/example_dags/example_nested_branch_dag.py
[2024-08-26T12:38:23.844+0000] {processor.py:829} INFO - Processing file /home/airflow/.local/lib/python3.8/site-packages/airflow/example_dags/example_nested_branch_dag.py for tasks to queue
[2024-08-26T12:38:23.848+0000] {logging_mixin.py:154} INFO - [2024-08-26T12:38:23.847+0000] {dagbag.py:536} INFO - Filling up the DagBag from /home/airflow/.local/lib/python3.8/site-packages/airflow/example_dags/example_nested_branch_dag.py
[2024-08-26T12:38:23.868+0000] {processor.py:839} INFO - DAG(s) dict_keys(['example_nested_branch_dag']) retrieved from /home/airflow/.local/lib/python3.8/site-packages/airflow/example_dags/example_nested_branch_dag.py
[2024-08-26T12:38:23.915+0000] {logging_mixin.py:154} INFO - [2024-08-26T12:38:23.914+0000] {dag.py:2941} INFO - Sync 1 DAGs
[2024-08-26T12:38:23.966+0000] {logging_mixin.py:154} INFO - [2024-08-26T12:38:23.966+0000] {dag.py:3722} INFO - Setting next_dagrun for example_nested_branch_dag to 2024-08-25T00:00:00+00:00, run_after=2024-08-26T00:00:00+00:00
[2024-08-26T12:38:24.012+0000] {processor.py:179} INFO - Processing /home/airflow/.local/lib/python3.8/site-packages/airflow/example_dags/example_nested_branch_dag.py took 0.176 seconds
[2024-08-26T12:38:55.003+0000] {processor.py:157} INFO - Started process (PID=411) to work on /home/airflow/.local/lib/python3.8/site-packages/airflow/example_dags/example_nested_branch_dag.py
[2024-08-26T12:38:55.005+0000] {processor.py:829} INFO - Processing file /home/airflow/.local/lib/python3.8/site-packages/airflow/example_dags/example_nested_branch_dag.py for tasks to queue
[2024-08-26T12:38:55.010+0000] {logging_mixin.py:154} INFO - [2024-08-26T12:38:55.009+0000] {dagbag.py:536} INFO - Filling up the DagBag from /home/airflow/.local/lib/python3.8/site-packages/airflow/example_dags/example_nested_branch_dag.py
[2024-08-26T12:38:55.032+0000] {processor.py:839} INFO - DAG(s) dict_keys(['example_nested_branch_dag']) retrieved from /home/airflow/.local/lib/python3.8/site-packages/airflow/example_dags/example_nested_branch_dag.py
[2024-08-26T12:38:55.077+0000] {logging_mixin.py:154} INFO - [2024-08-26T12:38:55.076+0000] {dag.py:2941} INFO - Sync 1 DAGs
[2024-08-26T12:38:55.130+0000] {logging_mixin.py:154} INFO - [2024-08-26T12:38:55.129+0000] {dag.py:3722} INFO - Setting next_dagrun for example_nested_branch_dag to 2024-08-25T00:00:00+00:00, run_after=2024-08-26T00:00:00+00:00
[2024-08-26T12:38:55.168+0000] {processor.py:179} INFO - Processing /home/airflow/.local/lib/python3.8/site-packages/airflow/example_dags/example_nested_branch_dag.py took 0.172 seconds
[2024-08-26T12:39:25.553+0000] {processor.py:157} INFO - Started process (PID=477) to work on /home/airflow/.local/lib/python3.8/site-packages/airflow/example_dags/example_nested_branch_dag.py
[2024-08-26T12:39:25.555+0000] {processor.py:829} INFO - Processing file /home/airflow/.local/lib/python3.8/site-packages/airflow/example_dags/example_nested_branch_dag.py for tasks to queue
[2024-08-26T12:39:25.559+0000] {logging_mixin.py:154} INFO - [2024-08-26T12:39:25.559+0000] {dagbag.py:536} INFO - Filling up the DagBag from /home/airflow/.local/lib/python3.8/site-packages/airflow/example_dags/example_nested_branch_dag.py
[2024-08-26T12:39:25.582+0000] {processor.py:839} INFO - DAG(s) dict_keys(['example_nested_branch_dag']) retrieved from /home/airflow/.local/lib/python3.8/site-packages/airflow/example_dags/example_nested_branch_dag.py
[2024-08-26T12:39:25.628+0000] {logging_mixin.py:154} INFO - [2024-08-26T12:39:25.627+0000] {dag.py:2941} INFO - Sync 1 DAGs
[2024-08-26T12:39:25.683+0000] {logging_mixin.py:154} INFO - [2024-08-26T12:39:25.682+0000] {dag.py:3722} INFO - Setting next_dagrun for example_nested_branch_dag to 2024-08-25T00:00:00+00:00, run_after=2024-08-26T00:00:00+00:00
[2024-08-26T12:39:25.726+0000] {processor.py:179} INFO - Processing /home/airflow/.local/lib/python3.8/site-packages/airflow/example_dags/example_nested_branch_dag.py took 0.179 seconds
[2024-08-26T12:39:56.061+0000] {processor.py:157} INFO - Started process (PID=541) to work on /home/airflow/.local/lib/python3.8/site-packages/airflow/example_dags/example_nested_branch_dag.py
[2024-08-26T12:39:56.063+0000] {processor.py:829} INFO - Processing file /home/airflow/.local/lib/python3.8/site-packages/airflow/example_dags/example_nested_branch_dag.py for tasks to queue
[2024-08-26T12:39:56.069+0000] {logging_mixin.py:154} INFO - [2024-08-26T12:39:56.069+0000] {dagbag.py:536} INFO - Filling up the DagBag from /home/airflow/.local/lib/python3.8/site-packages/airflow/example_dags/example_nested_branch_dag.py
[2024-08-26T12:39:56.091+0000] {processor.py:839} INFO - DAG(s) dict_keys(['example_nested_branch_dag']) retrieved from /home/airflow/.local/lib/python3.8/site-packages/airflow/example_dags/example_nested_branch_dag.py
[2024-08-26T12:39:56.144+0000] {logging_mixin.py:154} INFO - [2024-08-26T12:39:56.144+0000] {dag.py:2941} INFO - Sync 1 DAGs
[2024-08-26T12:39:56.199+0000] {logging_mixin.py:154} INFO - [2024-08-26T12:39:56.199+0000] {dag.py:3722} INFO - Setting next_dagrun for example_nested_branch_dag to 2024-08-25T00:00:00+00:00, run_after=2024-08-26T00:00:00+00:00
[2024-08-26T12:39:56.240+0000] {processor.py:179} INFO - Processing /home/airflow/.local/lib/python3.8/site-packages/airflow/example_dags/example_nested_branch_dag.py took 0.186 seconds
[2024-08-26T12:40:26.669+0000] {processor.py:157} INFO - Started process (PID=599) to work on /home/airflow/.local/lib/python3.8/site-packages/airflow/example_dags/example_nested_branch_dag.py
[2024-08-26T12:40:26.671+0000] {processor.py:829} INFO - Processing file /home/airflow/.local/lib/python3.8/site-packages/airflow/example_dags/example_nested_branch_dag.py for tasks to queue
[2024-08-26T12:40:26.677+0000] {logging_mixin.py:154} INFO - [2024-08-26T12:40:26.676+0000] {dagbag.py:536} INFO - Filling up the DagBag from /home/airflow/.local/lib/python3.8/site-packages/airflow/example_dags/example_nested_branch_dag.py
[2024-08-26T12:40:26.708+0000] {processor.py:839} INFO - DAG(s) dict_keys(['example_nested_branch_dag']) retrieved from /home/airflow/.local/lib/python3.8/site-packages/airflow/example_dags/example_nested_branch_dag.py
[2024-08-26T12:40:26.773+0000] {logging_mixin.py:154} INFO - [2024-08-26T12:40:26.772+0000] {dag.py:2941} INFO - Sync 1 DAGs
[2024-08-26T12:40:26.837+0000] {logging_mixin.py:154} INFO - [2024-08-26T12:40:26.836+0000] {dag.py:3722} INFO - Setting next_dagrun for example_nested_branch_dag to 2024-08-25T00:00:00+00:00, run_after=2024-08-26T00:00:00+00:00
[2024-08-26T12:40:26.879+0000] {processor.py:179} INFO - Processing /home/airflow/.local/lib/python3.8/site-packages/airflow/example_dags/example_nested_branch_dag.py took 0.220 seconds
[2024-08-26T12:40:57.575+0000] {processor.py:157} INFO - Started process (PID=664) to work on /home/airflow/.local/lib/python3.8/site-packages/airflow/example_dags/example_nested_branch_dag.py
[2024-08-26T12:40:57.577+0000] {processor.py:829} INFO - Processing file /home/airflow/.local/lib/python3.8/site-packages/airflow/example_dags/example_nested_branch_dag.py for tasks to queue
[2024-08-26T12:40:57.582+0000] {logging_mixin.py:154} INFO - [2024-08-26T12:40:57.581+0000] {dagbag.py:536} INFO - Filling up the DagBag from /home/airflow/.local/lib/python3.8/site-packages/airflow/example_dags/example_nested_branch_dag.py
[2024-08-26T12:40:57.600+0000] {processor.py:839} INFO - DAG(s) dict_keys(['example_nested_branch_dag']) retrieved from /home/airflow/.local/lib/python3.8/site-packages/airflow/example_dags/example_nested_branch_dag.py
[2024-08-26T12:40:57.646+0000] {logging_mixin.py:154} INFO - [2024-08-26T12:40:57.646+0000] {dag.py:2941} INFO - Sync 1 DAGs
[2024-08-26T12:40:57.698+0000] {logging_mixin.py:154} INFO - [2024-08-26T12:40:57.698+0000] {dag.py:3722} INFO - Setting next_dagrun for example_nested_branch_dag to 2024-08-25T00:00:00+00:00, run_after=2024-08-26T00:00:00+00:00
[2024-08-26T12:40:57.774+0000] {processor.py:179} INFO - Processing /home/airflow/.local/lib/python3.8/site-packages/airflow/example_dags/example_nested_branch_dag.py took 0.204 seconds
[2024-08-26T12:41:28.017+0000] {processor.py:157} INFO - Started process (PID=730) to work on /home/airflow/.local/lib/python3.8/site-packages/airflow/example_dags/example_nested_branch_dag.py
[2024-08-26T12:41:28.019+0000] {processor.py:829} INFO - Processing file /home/airflow/.local/lib/python3.8/site-packages/airflow/example_dags/example_nested_branch_dag.py for tasks to queue
[2024-08-26T12:41:28.023+0000] {logging_mixin.py:154} INFO - [2024-08-26T12:41:28.023+0000] {dagbag.py:536} INFO - Filling up the DagBag from /home/airflow/.local/lib/python3.8/site-packages/airflow/example_dags/example_nested_branch_dag.py
[2024-08-26T12:41:28.042+0000] {processor.py:839} INFO - DAG(s) dict_keys(['example_nested_branch_dag']) retrieved from /home/airflow/.local/lib/python3.8/site-packages/airflow/example_dags/example_nested_branch_dag.py
[2024-08-26T12:41:28.087+0000] {logging_mixin.py:154} INFO - [2024-08-26T12:41:28.087+0000] {dag.py:2941} INFO - Sync 1 DAGs
[2024-08-26T12:41:28.136+0000] {logging_mixin.py:154} INFO - [2024-08-26T12:41:28.136+0000] {dag.py:3722} INFO - Setting next_dagrun for example_nested_branch_dag to 2024-08-25T00:00:00+00:00, run_after=2024-08-26T00:00:00+00:00
[2024-08-26T12:41:28.201+0000] {processor.py:179} INFO - Processing /home/airflow/.local/lib/python3.8/site-packages/airflow/example_dags/example_nested_branch_dag.py took 0.189 seconds
[2024-08-26T12:41:58.628+0000] {processor.py:157} INFO - Started process (PID=796) to work on /home/airflow/.local/lib/python3.8/site-packages/airflow/example_dags/example_nested_branch_dag.py
[2024-08-26T12:41:58.629+0000] {processor.py:829} INFO - Processing file /home/airflow/.local/lib/python3.8/site-packages/airflow/example_dags/example_nested_branch_dag.py for tasks to queue
[2024-08-26T12:41:58.633+0000] {logging_mixin.py:154} INFO - [2024-08-26T12:41:58.633+0000] {dagbag.py:536} INFO - Filling up the DagBag from /home/airflow/.local/lib/python3.8/site-packages/airflow/example_dags/example_nested_branch_dag.py
[2024-08-26T12:41:58.652+0000] {processor.py:839} INFO - DAG(s) dict_keys(['example_nested_branch_dag']) retrieved from /home/airflow/.local/lib/python3.8/site-packages/airflow/example_dags/example_nested_branch_dag.py
[2024-08-26T12:41:58.698+0000] {logging_mixin.py:154} INFO - [2024-08-26T12:41:58.697+0000] {dag.py:2941} INFO - Sync 1 DAGs
[2024-08-26T12:41:58.744+0000] {logging_mixin.py:154} INFO - [2024-08-26T12:41:58.743+0000] {dag.py:3722} INFO - Setting next_dagrun for example_nested_branch_dag to 2024-08-25T00:00:00+00:00, run_after=2024-08-26T00:00:00+00:00
[2024-08-26T12:41:58.830+0000] {processor.py:179} INFO - Processing /home/airflow/.local/lib/python3.8/site-packages/airflow/example_dags/example_nested_branch_dag.py took 0.207 seconds
[2024-08-26T12:42:29.097+0000] {processor.py:157} INFO - Started process (PID=869) to work on /home/airflow/.local/lib/python3.8/site-packages/airflow/example_dags/example_nested_branch_dag.py
[2024-08-26T12:42:29.099+0000] {processor.py:829} INFO - Processing file /home/airflow/.local/lib/python3.8/site-packages/airflow/example_dags/example_nested_branch_dag.py for tasks to queue
[2024-08-26T12:42:29.102+0000] {logging_mixin.py:154} INFO - [2024-08-26T12:42:29.102+0000] {dagbag.py:536} INFO - Filling up the DagBag from /home/airflow/.local/lib/python3.8/site-packages/airflow/example_dags/example_nested_branch_dag.py
[2024-08-26T12:42:29.120+0000] {processor.py:839} INFO - DAG(s) dict_keys(['example_nested_branch_dag']) retrieved from /home/airflow/.local/lib/python3.8/site-packages/airflow/example_dags/example_nested_branch_dag.py
[2024-08-26T12:42:29.166+0000] {logging_mixin.py:154} INFO - [2024-08-26T12:42:29.165+0000] {dag.py:2941} INFO - Sync 1 DAGs
[2024-08-26T12:42:29.211+0000] {logging_mixin.py:154} INFO - [2024-08-26T12:42:29.211+0000] {dag.py:3722} INFO - Setting next_dagrun for example_nested_branch_dag to 2024-08-25T00:00:00+00:00, run_after=2024-08-26T00:00:00+00:00
[2024-08-26T12:42:29.253+0000] {processor.py:179} INFO - Processing /home/airflow/.local/lib/python3.8/site-packages/airflow/example_dags/example_nested_branch_dag.py took 0.162 seconds
[2024-08-26T12:43:00.254+0000] {processor.py:157} INFO - Started process (PID=936) to work on /home/airflow/.local/lib/python3.8/site-packages/airflow/example_dags/example_nested_branch_dag.py
[2024-08-26T12:43:00.255+0000] {processor.py:829} INFO - Processing file /home/airflow/.local/lib/python3.8/site-packages/airflow/example_dags/example_nested_branch_dag.py for tasks to queue
[2024-08-26T12:43:00.260+0000] {logging_mixin.py:154} INFO - [2024-08-26T12:43:00.260+0000] {dagbag.py:536} INFO - Filling up the DagBag from /home/airflow/.local/lib/python3.8/site-packages/airflow/example_dags/example_nested_branch_dag.py
[2024-08-26T12:43:00.282+0000] {processor.py:839} INFO - DAG(s) dict_keys(['example_nested_branch_dag']) retrieved from /home/airflow/.local/lib/python3.8/site-packages/airflow/example_dags/example_nested_branch_dag.py
[2024-08-26T12:43:00.325+0000] {logging_mixin.py:154} INFO - [2024-08-26T12:43:00.325+0000] {dag.py:2941} INFO - Sync 1 DAGs
[2024-08-26T12:43:00.372+0000] {logging_mixin.py:154} INFO - [2024-08-26T12:43:00.372+0000] {dag.py:3722} INFO - Setting next_dagrun for example_nested_branch_dag to 2024-08-25T00:00:00+00:00, run_after=2024-08-26T00:00:00+00:00
[2024-08-26T12:43:00.447+0000] {processor.py:179} INFO - Processing /home/airflow/.local/lib/python3.8/site-packages/airflow/example_dags/example_nested_branch_dag.py took 0.199 seconds
[2024-08-26T12:43:31.344+0000] {processor.py:157} INFO - Started process (PID=1014) to work on /home/airflow/.local/lib/python3.8/site-packages/airflow/example_dags/example_nested_branch_dag.py
[2024-08-26T12:43:31.346+0000] {processor.py:829} INFO - Processing file /home/airflow/.local/lib/python3.8/site-packages/airflow/example_dags/example_nested_branch_dag.py for tasks to queue
[2024-08-26T12:43:31.351+0000] {logging_mixin.py:154} INFO - [2024-08-26T12:43:31.351+0000] {dagbag.py:536} INFO - Filling up the DagBag from /home/airflow/.local/lib/python3.8/site-packages/airflow/example_dags/example_nested_branch_dag.py
[2024-08-26T12:43:31.371+0000] {processor.py:839} INFO - DAG(s) dict_keys(['example_nested_branch_dag']) retrieved from /home/airflow/.local/lib/python3.8/site-packages/airflow/example_dags/example_nested_branch_dag.py
[2024-08-26T12:43:31.415+0000] {logging_mixin.py:154} INFO - [2024-08-26T12:43:31.415+0000] {dag.py:2941} INFO - Sync 1 DAGs
[2024-08-26T12:43:31.467+0000] {logging_mixin.py:154} INFO - [2024-08-26T12:43:31.466+0000] {dag.py:3722} INFO - Setting next_dagrun for example_nested_branch_dag to 2024-08-25T00:00:00+00:00, run_after=2024-08-26T00:00:00+00:00
[2024-08-26T12:43:31.509+0000] {processor.py:179} INFO - Processing /home/airflow/.local/lib/python3.8/site-packages/airflow/example_dags/example_nested_branch_dag.py took 0.172 seconds
[2024-08-26T12:44:02.055+0000] {processor.py:157} INFO - Started process (PID=1080) to work on /home/airflow/.local/lib/python3.8/site-packages/airflow/example_dags/example_nested_branch_dag.py
[2024-08-26T12:44:02.056+0000] {processor.py:829} INFO - Processing file /home/airflow/.local/lib/python3.8/site-packages/airflow/example_dags/example_nested_branch_dag.py for tasks to queue
[2024-08-26T12:44:02.061+0000] {logging_mixin.py:154} INFO - [2024-08-26T12:44:02.060+0000] {dagbag.py:536} INFO - Filling up the DagBag from /home/airflow/.local/lib/python3.8/site-packages/airflow/example_dags/example_nested_branch_dag.py
[2024-08-26T12:44:02.078+0000] {processor.py:839} INFO - DAG(s) dict_keys(['example_nested_branch_dag']) retrieved from /home/airflow/.local/lib/python3.8/site-packages/airflow/example_dags/example_nested_branch_dag.py
[2024-08-26T12:44:02.121+0000] {logging_mixin.py:154} INFO - [2024-08-26T12:44:02.121+0000] {dag.py:2941} INFO - Sync 1 DAGs
[2024-08-26T12:44:02.172+0000] {logging_mixin.py:154} INFO - [2024-08-26T12:44:02.171+0000] {dag.py:3722} INFO - Setting next_dagrun for example_nested_branch_dag to 2024-08-25T00:00:00+00:00, run_after=2024-08-26T00:00:00+00:00
[2024-08-26T12:44:02.209+0000] {processor.py:179} INFO - Processing /home/airflow/.local/lib/python3.8/site-packages/airflow/example_dags/example_nested_branch_dag.py took 0.159 seconds
[2024-08-26T12:44:32.794+0000] {processor.py:157} INFO - Started process (PID=1147) to work on /home/airflow/.local/lib/python3.8/site-packages/airflow/example_dags/example_nested_branch_dag.py
[2024-08-26T12:44:32.796+0000] {processor.py:829} INFO - Processing file /home/airflow/.local/lib/python3.8/site-packages/airflow/example_dags/example_nested_branch_dag.py for tasks to queue
[2024-08-26T12:44:32.800+0000] {logging_mixin.py:154} INFO - [2024-08-26T12:44:32.800+0000] {dagbag.py:536} INFO - Filling up the DagBag from /home/airflow/.local/lib/python3.8/site-packages/airflow/example_dags/example_nested_branch_dag.py
[2024-08-26T12:44:32.821+0000] {processor.py:839} INFO - DAG(s) dict_keys(['example_nested_branch_dag']) retrieved from /home/airflow/.local/lib/python3.8/site-packages/airflow/example_dags/example_nested_branch_dag.py
[2024-08-26T12:44:32.865+0000] {logging_mixin.py:154} INFO - [2024-08-26T12:44:32.865+0000] {dag.py:2941} INFO - Sync 1 DAGs
[2024-08-26T12:44:32.937+0000] {logging_mixin.py:154} INFO - [2024-08-26T12:44:32.936+0000] {dag.py:3722} INFO - Setting next_dagrun for example_nested_branch_dag to 2024-08-25T00:00:00+00:00, run_after=2024-08-26T00:00:00+00:00
[2024-08-26T12:44:32.973+0000] {processor.py:179} INFO - Processing /home/airflow/.local/lib/python3.8/site-packages/airflow/example_dags/example_nested_branch_dag.py took 0.186 seconds
[2024-08-26T12:45:03.754+0000] {processor.py:157} INFO - Started process (PID=1213) to work on /home/airflow/.local/lib/python3.8/site-packages/airflow/example_dags/example_nested_branch_dag.py
[2024-08-26T12:45:03.756+0000] {processor.py:829} INFO - Processing file /home/airflow/.local/lib/python3.8/site-packages/airflow/example_dags/example_nested_branch_dag.py for tasks to queue
[2024-08-26T12:45:03.760+0000] {logging_mixin.py:154} INFO - [2024-08-26T12:45:03.760+0000] {dagbag.py:536} INFO - Filling up the DagBag from /home/airflow/.local/lib/python3.8/site-packages/airflow/example_dags/example_nested_branch_dag.py
[2024-08-26T12:45:03.779+0000] {processor.py:839} INFO - DAG(s) dict_keys(['example_nested_branch_dag']) retrieved from /home/airflow/.local/lib/python3.8/site-packages/airflow/example_dags/example_nested_branch_dag.py
[2024-08-26T12:45:03.828+0000] {logging_mixin.py:154} INFO - [2024-08-26T12:45:03.827+0000] {dag.py:2941} INFO - Sync 1 DAGs
[2024-08-26T12:45:03.876+0000] {logging_mixin.py:154} INFO - [2024-08-26T12:45:03.876+0000] {dag.py:3722} INFO - Setting next_dagrun for example_nested_branch_dag to 2024-08-25T00:00:00+00:00, run_after=2024-08-26T00:00:00+00:00
[2024-08-26T12:45:03.913+0000] {processor.py:179} INFO - Processing /home/airflow/.local/lib/python3.8/site-packages/airflow/example_dags/example_nested_branch_dag.py took 0.164 seconds
[2024-08-26T12:45:34.200+0000] {processor.py:157} INFO - Started process (PID=1279) to work on /home/airflow/.local/lib/python3.8/site-packages/airflow/example_dags/example_nested_branch_dag.py
[2024-08-26T12:45:34.201+0000] {processor.py:829} INFO - Processing file /home/airflow/.local/lib/python3.8/site-packages/airflow/example_dags/example_nested_branch_dag.py for tasks to queue
[2024-08-26T12:45:34.206+0000] {logging_mixin.py:154} INFO - [2024-08-26T12:45:34.206+0000] {dagbag.py:536} INFO - Filling up the DagBag from /home/airflow/.local/lib/python3.8/site-packages/airflow/example_dags/example_nested_branch_dag.py
[2024-08-26T12:45:34.227+0000] {processor.py:839} INFO - DAG(s) dict_keys(['example_nested_branch_dag']) retrieved from /home/airflow/.local/lib/python3.8/site-packages/airflow/example_dags/example_nested_branch_dag.py
[2024-08-26T12:45:34.271+0000] {logging_mixin.py:154} INFO - [2024-08-26T12:45:34.270+0000] {dag.py:2941} INFO - Sync 1 DAGs
[2024-08-26T12:45:34.322+0000] {logging_mixin.py:154} INFO - [2024-08-26T12:45:34.322+0000] {dag.py:3722} INFO - Setting next_dagrun for example_nested_branch_dag to 2024-08-25T00:00:00+00:00, run_after=2024-08-26T00:00:00+00:00
[2024-08-26T12:45:34.360+0000] {processor.py:179} INFO - Processing /home/airflow/.local/lib/python3.8/site-packages/airflow/example_dags/example_nested_branch_dag.py took 0.167 seconds
[2024-08-26T12:46:04.626+0000] {processor.py:157} INFO - Started process (PID=1345) to work on /home/airflow/.local/lib/python3.8/site-packages/airflow/example_dags/example_nested_branch_dag.py
[2024-08-26T12:46:04.628+0000] {processor.py:829} INFO - Processing file /home/airflow/.local/lib/python3.8/site-packages/airflow/example_dags/example_nested_branch_dag.py for tasks to queue
[2024-08-26T12:46:04.633+0000] {logging_mixin.py:154} INFO - [2024-08-26T12:46:04.632+0000] {dagbag.py:536} INFO - Filling up the DagBag from /home/airflow/.local/lib/python3.8/site-packages/airflow/example_dags/example_nested_branch_dag.py
[2024-08-26T12:46:04.653+0000] {processor.py:839} INFO - DAG(s) dict_keys(['example_nested_branch_dag']) retrieved from /home/airflow/.local/lib/python3.8/site-packages/airflow/example_dags/example_nested_branch_dag.py
[2024-08-26T12:46:04.693+0000] {logging_mixin.py:154} INFO - [2024-08-26T12:46:04.693+0000] {dag.py:2941} INFO - Sync 1 DAGs
[2024-08-26T12:46:04.744+0000] {logging_mixin.py:154} INFO - [2024-08-26T12:46:04.744+0000] {dag.py:3722} INFO - Setting next_dagrun for example_nested_branch_dag to 2024-08-25T00:00:00+00:00, run_after=2024-08-26T00:00:00+00:00
[2024-08-26T12:46:04.783+0000] {processor.py:179} INFO - Processing /home/airflow/.local/lib/python3.8/site-packages/airflow/example_dags/example_nested_branch_dag.py took 0.164 seconds
[2024-08-26T12:46:34.967+0000] {processor.py:157} INFO - Started process (PID=1411) to work on /home/airflow/.local/lib/python3.8/site-packages/airflow/example_dags/example_nested_branch_dag.py
[2024-08-26T12:46:34.968+0000] {processor.py:829} INFO - Processing file /home/airflow/.local/lib/python3.8/site-packages/airflow/example_dags/example_nested_branch_dag.py for tasks to queue
[2024-08-26T12:46:34.973+0000] {logging_mixin.py:154} INFO - [2024-08-26T12:46:34.973+0000] {dagbag.py:536} INFO - Filling up the DagBag from /home/airflow/.local/lib/python3.8/site-packages/airflow/example_dags/example_nested_branch_dag.py
[2024-08-26T12:46:34.993+0000] {processor.py:839} INFO - DAG(s) dict_keys(['example_nested_branch_dag']) retrieved from /home/airflow/.local/lib/python3.8/site-packages/airflow/example_dags/example_nested_branch_dag.py
[2024-08-26T12:46:35.035+0000] {logging_mixin.py:154} INFO - [2024-08-26T12:46:35.035+0000] {dag.py:2941} INFO - Sync 1 DAGs
[2024-08-26T12:46:35.086+0000] {logging_mixin.py:154} INFO - [2024-08-26T12:46:35.085+0000] {dag.py:3722} INFO - Setting next_dagrun for example_nested_branch_dag to 2024-08-25T00:00:00+00:00, run_after=2024-08-26T00:00:00+00:00
[2024-08-26T12:46:35.132+0000] {processor.py:179} INFO - Processing /home/airflow/.local/lib/python3.8/site-packages/airflow/example_dags/example_nested_branch_dag.py took 0.171 seconds
[2024-08-26T12:47:05.409+0000] {processor.py:157} INFO - Started process (PID=1477) to work on /home/airflow/.local/lib/python3.8/site-packages/airflow/example_dags/example_nested_branch_dag.py
[2024-08-26T12:47:05.411+0000] {processor.py:829} INFO - Processing file /home/airflow/.local/lib/python3.8/site-packages/airflow/example_dags/example_nested_branch_dag.py for tasks to queue
[2024-08-26T12:47:05.416+0000] {logging_mixin.py:154} INFO - [2024-08-26T12:47:05.416+0000] {dagbag.py:536} INFO - Filling up the DagBag from /home/airflow/.local/lib/python3.8/site-packages/airflow/example_dags/example_nested_branch_dag.py
[2024-08-26T12:47:05.438+0000] {processor.py:839} INFO - DAG(s) dict_keys(['example_nested_branch_dag']) retrieved from /home/airflow/.local/lib/python3.8/site-packages/airflow/example_dags/example_nested_branch_dag.py
[2024-08-26T12:47:05.485+0000] {logging_mixin.py:154} INFO - [2024-08-26T12:47:05.484+0000] {dag.py:2941} INFO - Sync 1 DAGs
[2024-08-26T12:47:05.539+0000] {logging_mixin.py:154} INFO - [2024-08-26T12:47:05.539+0000] {dag.py:3722} INFO - Setting next_dagrun for example_nested_branch_dag to 2024-08-25T00:00:00+00:00, run_after=2024-08-26T00:00:00+00:00
[2024-08-26T12:47:05.586+0000] {processor.py:179} INFO - Processing /home/airflow/.local/lib/python3.8/site-packages/airflow/example_dags/example_nested_branch_dag.py took 0.185 seconds
[2024-08-26T12:47:36.338+0000] {processor.py:157} INFO - Started process (PID=1544) to work on /home/airflow/.local/lib/python3.8/site-packages/airflow/example_dags/example_nested_branch_dag.py
[2024-08-26T12:47:36.339+0000] {processor.py:829} INFO - Processing file /home/airflow/.local/lib/python3.8/site-packages/airflow/example_dags/example_nested_branch_dag.py for tasks to queue
[2024-08-26T12:47:36.345+0000] {logging_mixin.py:154} INFO - [2024-08-26T12:47:36.344+0000] {dagbag.py:536} INFO - Filling up the DagBag from /home/airflow/.local/lib/python3.8/site-packages/airflow/example_dags/example_nested_branch_dag.py
[2024-08-26T12:47:36.362+0000] {processor.py:839} INFO - DAG(s) dict_keys(['example_nested_branch_dag']) retrieved from /home/airflow/.local/lib/python3.8/site-packages/airflow/example_dags/example_nested_branch_dag.py
[2024-08-26T12:47:36.407+0000] {logging_mixin.py:154} INFO - [2024-08-26T12:47:36.407+0000] {dag.py:2941} INFO - Sync 1 DAGs
[2024-08-26T12:47:36.464+0000] {logging_mixin.py:154} INFO - [2024-08-26T12:47:36.464+0000] {dag.py:3722} INFO - Setting next_dagrun for example_nested_branch_dag to 2024-08-25T00:00:00+00:00, run_after=2024-08-26T00:00:00+00:00
[2024-08-26T12:47:36.504+0000] {processor.py:179} INFO - Processing /home/airflow/.local/lib/python3.8/site-packages/airflow/example_dags/example_nested_branch_dag.py took 0.173 seconds
[2024-08-26T12:48:07.337+0000] {processor.py:157} INFO - Started process (PID=1610) to work on /home/airflow/.local/lib/python3.8/site-packages/airflow/example_dags/example_nested_branch_dag.py
[2024-08-26T12:48:07.339+0000] {processor.py:829} INFO - Processing file /home/airflow/.local/lib/python3.8/site-packages/airflow/example_dags/example_nested_branch_dag.py for tasks to queue
[2024-08-26T12:48:07.343+0000] {logging_mixin.py:154} INFO - [2024-08-26T12:48:07.343+0000] {dagbag.py:536} INFO - Filling up the DagBag from /home/airflow/.local/lib/python3.8/site-packages/airflow/example_dags/example_nested_branch_dag.py
[2024-08-26T12:48:07.361+0000] {processor.py:839} INFO - DAG(s) dict_keys(['example_nested_branch_dag']) retrieved from /home/airflow/.local/lib/python3.8/site-packages/airflow/example_dags/example_nested_branch_dag.py
[2024-08-26T12:48:07.406+0000] {logging_mixin.py:154} INFO - [2024-08-26T12:48:07.406+0000] {dag.py:2941} INFO - Sync 1 DAGs
[2024-08-26T12:48:07.466+0000] {logging_mixin.py:154} INFO - [2024-08-26T12:48:07.465+0000] {dag.py:3722} INFO - Setting next_dagrun for example_nested_branch_dag to 2024-08-25T00:00:00+00:00, run_after=2024-08-26T00:00:00+00:00
[2024-08-26T12:48:07.503+0000] {processor.py:179} INFO - Processing /home/airflow/.local/lib/python3.8/site-packages/airflow/example_dags/example_nested_branch_dag.py took 0.172 seconds
[2024-08-26T12:49:35.644+0000] {processor.py:157} INFO - Started process (PID=1670) to work on /home/airflow/.local/lib/python3.8/site-packages/airflow/example_dags/example_nested_branch_dag.py
[2024-08-26T12:49:35.646+0000] {processor.py:829} INFO - Processing file /home/airflow/.local/lib/python3.8/site-packages/airflow/example_dags/example_nested_branch_dag.py for tasks to queue
[2024-08-26T12:49:35.650+0000] {logging_mixin.py:154} INFO - [2024-08-26T12:49:35.650+0000] {dagbag.py:536} INFO - Filling up the DagBag from /home/airflow/.local/lib/python3.8/site-packages/airflow/example_dags/example_nested_branch_dag.py
[2024-08-26T12:49:35.667+0000] {processor.py:839} INFO - DAG(s) dict_keys(['example_nested_branch_dag']) retrieved from /home/airflow/.local/lib/python3.8/site-packages/airflow/example_dags/example_nested_branch_dag.py
[2024-08-26T12:49:35.707+0000] {logging_mixin.py:154} INFO - [2024-08-26T12:49:35.706+0000] {dag.py:2941} INFO - Sync 1 DAGs
[2024-08-26T12:49:35.753+0000] {logging_mixin.py:154} INFO - [2024-08-26T12:49:35.752+0000] {dag.py:3722} INFO - Setting next_dagrun for example_nested_branch_dag to 2024-08-25T00:00:00+00:00, run_after=2024-08-26T00:00:00+00:00
[2024-08-26T12:49:35.794+0000] {processor.py:179} INFO - Processing /home/airflow/.local/lib/python3.8/site-packages/airflow/example_dags/example_nested_branch_dag.py took 0.154 seconds
[2024-08-26T12:50:07.346+0000] {processor.py:157} INFO - Started process (PID=1736) to work on /home/airflow/.local/lib/python3.8/site-packages/airflow/example_dags/example_nested_branch_dag.py
[2024-08-26T12:50:07.348+0000] {processor.py:829} INFO - Processing file /home/airflow/.local/lib/python3.8/site-packages/airflow/example_dags/example_nested_branch_dag.py for tasks to queue
[2024-08-26T12:50:07.352+0000] {logging_mixin.py:154} INFO - [2024-08-26T12:50:07.352+0000] {dagbag.py:536} INFO - Filling up the DagBag from /home/airflow/.local/lib/python3.8/site-packages/airflow/example_dags/example_nested_branch_dag.py
[2024-08-26T12:50:07.370+0000] {processor.py:839} INFO - DAG(s) dict_keys(['example_nested_branch_dag']) retrieved from /home/airflow/.local/lib/python3.8/site-packages/airflow/example_dags/example_nested_branch_dag.py
[2024-08-26T12:50:07.418+0000] {logging_mixin.py:154} INFO - [2024-08-26T12:50:07.418+0000] {dag.py:2941} INFO - Sync 1 DAGs
[2024-08-26T12:50:07.469+0000] {logging_mixin.py:154} INFO - [2024-08-26T12:50:07.468+0000] {dag.py:3722} INFO - Setting next_dagrun for example_nested_branch_dag to 2024-08-25T00:00:00+00:00, run_after=2024-08-26T00:00:00+00:00
[2024-08-26T12:50:07.542+0000] {processor.py:179} INFO - Processing /home/airflow/.local/lib/python3.8/site-packages/airflow/example_dags/example_nested_branch_dag.py took 0.201 seconds
[2024-08-26T12:50:38.842+0000] {processor.py:157} INFO - Started process (PID=1809) to work on /home/airflow/.local/lib/python3.8/site-packages/airflow/example_dags/example_nested_branch_dag.py
[2024-08-26T12:50:38.844+0000] {processor.py:829} INFO - Processing file /home/airflow/.local/lib/python3.8/site-packages/airflow/example_dags/example_nested_branch_dag.py for tasks to queue
[2024-08-26T12:50:38.848+0000] {logging_mixin.py:154} INFO - [2024-08-26T12:50:38.848+0000] {dagbag.py:536} INFO - Filling up the DagBag from /home/airflow/.local/lib/python3.8/site-packages/airflow/example_dags/example_nested_branch_dag.py
[2024-08-26T12:50:38.865+0000] {processor.py:839} INFO - DAG(s) dict_keys(['example_nested_branch_dag']) retrieved from /home/airflow/.local/lib/python3.8/site-packages/airflow/example_dags/example_nested_branch_dag.py
[2024-08-26T12:50:38.905+0000] {logging_mixin.py:154} INFO - [2024-08-26T12:50:38.905+0000] {dag.py:2941} INFO - Sync 1 DAGs
[2024-08-26T12:50:38.955+0000] {logging_mixin.py:154} INFO - [2024-08-26T12:50:38.954+0000] {dag.py:3722} INFO - Setting next_dagrun for example_nested_branch_dag to 2024-08-25T00:00:00+00:00, run_after=2024-08-26T00:00:00+00:00
[2024-08-26T12:50:39.028+0000] {processor.py:179} INFO - Processing /home/airflow/.local/lib/python3.8/site-packages/airflow/example_dags/example_nested_branch_dag.py took 0.193 seconds
[2024-08-26T12:51:09.181+0000] {processor.py:157} INFO - Started process (PID=1875) to work on /home/airflow/.local/lib/python3.8/site-packages/airflow/example_dags/example_nested_branch_dag.py
[2024-08-26T12:51:09.183+0000] {processor.py:829} INFO - Processing file /home/airflow/.local/lib/python3.8/site-packages/airflow/example_dags/example_nested_branch_dag.py for tasks to queue
[2024-08-26T12:51:09.187+0000] {logging_mixin.py:154} INFO - [2024-08-26T12:51:09.186+0000] {dagbag.py:536} INFO - Filling up the DagBag from /home/airflow/.local/lib/python3.8/site-packages/airflow/example_dags/example_nested_branch_dag.py
[2024-08-26T12:51:09.205+0000] {processor.py:839} INFO - DAG(s) dict_keys(['example_nested_branch_dag']) retrieved from /home/airflow/.local/lib/python3.8/site-packages/airflow/example_dags/example_nested_branch_dag.py
[2024-08-26T12:51:09.252+0000] {logging_mixin.py:154} INFO - [2024-08-26T12:51:09.252+0000] {dag.py:2941} INFO - Sync 1 DAGs
[2024-08-26T12:51:09.299+0000] {logging_mixin.py:154} INFO - [2024-08-26T12:51:09.298+0000] {dag.py:3722} INFO - Setting next_dagrun for example_nested_branch_dag to 2024-08-25T00:00:00+00:00, run_after=2024-08-26T00:00:00+00:00
[2024-08-26T12:51:09.532+0000] {processor.py:179} INFO - Processing /home/airflow/.local/lib/python3.8/site-packages/airflow/example_dags/example_nested_branch_dag.py took 0.358 seconds
[2024-08-26T12:51:39.998+0000] {processor.py:157} INFO - Started process (PID=1943) to work on /home/airflow/.local/lib/python3.8/site-packages/airflow/example_dags/example_nested_branch_dag.py
[2024-08-26T12:51:40.000+0000] {processor.py:829} INFO - Processing file /home/airflow/.local/lib/python3.8/site-packages/airflow/example_dags/example_nested_branch_dag.py for tasks to queue
[2024-08-26T12:51:40.005+0000] {logging_mixin.py:154} INFO - [2024-08-26T12:51:40.005+0000] {dagbag.py:536} INFO - Filling up the DagBag from /home/airflow/.local/lib/python3.8/site-packages/airflow/example_dags/example_nested_branch_dag.py
[2024-08-26T12:51:40.034+0000] {processor.py:839} INFO - DAG(s) dict_keys(['example_nested_branch_dag']) retrieved from /home/airflow/.local/lib/python3.8/site-packages/airflow/example_dags/example_nested_branch_dag.py
[2024-08-26T12:51:40.088+0000] {logging_mixin.py:154} INFO - [2024-08-26T12:51:40.087+0000] {dag.py:2941} INFO - Sync 1 DAGs
[2024-08-26T12:51:40.141+0000] {logging_mixin.py:154} INFO - [2024-08-26T12:51:40.141+0000] {dag.py:3722} INFO - Setting next_dagrun for example_nested_branch_dag to 2024-08-25T00:00:00+00:00, run_after=2024-08-26T00:00:00+00:00
[2024-08-26T12:51:40.181+0000] {processor.py:179} INFO - Processing /home/airflow/.local/lib/python3.8/site-packages/airflow/example_dags/example_nested_branch_dag.py took 0.191 seconds
[2024-08-26T12:52:10.850+0000] {processor.py:157} INFO - Started process (PID=2009) to work on /home/airflow/.local/lib/python3.8/site-packages/airflow/example_dags/example_nested_branch_dag.py
[2024-08-26T12:52:10.852+0000] {processor.py:829} INFO - Processing file /home/airflow/.local/lib/python3.8/site-packages/airflow/example_dags/example_nested_branch_dag.py for tasks to queue
[2024-08-26T12:52:10.856+0000] {logging_mixin.py:154} INFO - [2024-08-26T12:52:10.856+0000] {dagbag.py:536} INFO - Filling up the DagBag from /home/airflow/.local/lib/python3.8/site-packages/airflow/example_dags/example_nested_branch_dag.py
[2024-08-26T12:52:10.879+0000] {processor.py:839} INFO - DAG(s) dict_keys(['example_nested_branch_dag']) retrieved from /home/airflow/.local/lib/python3.8/site-packages/airflow/example_dags/example_nested_branch_dag.py
[2024-08-26T12:52:10.921+0000] {logging_mixin.py:154} INFO - [2024-08-26T12:52:10.921+0000] {dag.py:2941} INFO - Sync 1 DAGs
[2024-08-26T12:52:10.977+0000] {logging_mixin.py:154} INFO - [2024-08-26T12:52:10.976+0000] {dag.py:3722} INFO - Setting next_dagrun for example_nested_branch_dag to 2024-08-25T00:00:00+00:00, run_after=2024-08-26T00:00:00+00:00
[2024-08-26T12:52:11.015+0000] {processor.py:179} INFO - Processing /home/airflow/.local/lib/python3.8/site-packages/airflow/example_dags/example_nested_branch_dag.py took 0.172 seconds
[2024-08-26T12:52:41.582+0000] {processor.py:157} INFO - Started process (PID=2074) to work on /home/airflow/.local/lib/python3.8/site-packages/airflow/example_dags/example_nested_branch_dag.py
[2024-08-26T12:52:41.584+0000] {processor.py:829} INFO - Processing file /home/airflow/.local/lib/python3.8/site-packages/airflow/example_dags/example_nested_branch_dag.py for tasks to queue
[2024-08-26T12:52:41.587+0000] {logging_mixin.py:154} INFO - [2024-08-26T12:52:41.587+0000] {dagbag.py:536} INFO - Filling up the DagBag from /home/airflow/.local/lib/python3.8/site-packages/airflow/example_dags/example_nested_branch_dag.py
[2024-08-26T12:52:41.604+0000] {processor.py:839} INFO - DAG(s) dict_keys(['example_nested_branch_dag']) retrieved from /home/airflow/.local/lib/python3.8/site-packages/airflow/example_dags/example_nested_branch_dag.py
[2024-08-26T12:52:41.646+0000] {logging_mixin.py:154} INFO - [2024-08-26T12:52:41.646+0000] {dag.py:2941} INFO - Sync 1 DAGs
[2024-08-26T12:52:41.700+0000] {logging_mixin.py:154} INFO - [2024-08-26T12:52:41.700+0000] {dag.py:3722} INFO - Setting next_dagrun for example_nested_branch_dag to 2024-08-25T00:00:00+00:00, run_after=2024-08-26T00:00:00+00:00
[2024-08-26T12:52:41.974+0000] {processor.py:179} INFO - Processing /home/airflow/.local/lib/python3.8/site-packages/airflow/example_dags/example_nested_branch_dag.py took 0.397 seconds
[2024-08-26T12:53:12.353+0000] {processor.py:157} INFO - Started process (PID=2139) to work on /home/airflow/.local/lib/python3.8/site-packages/airflow/example_dags/example_nested_branch_dag.py
[2024-08-26T12:53:12.354+0000] {processor.py:829} INFO - Processing file /home/airflow/.local/lib/python3.8/site-packages/airflow/example_dags/example_nested_branch_dag.py for tasks to queue
[2024-08-26T12:53:12.359+0000] {logging_mixin.py:154} INFO - [2024-08-26T12:53:12.359+0000] {dagbag.py:536} INFO - Filling up the DagBag from /home/airflow/.local/lib/python3.8/site-packages/airflow/example_dags/example_nested_branch_dag.py
[2024-08-26T12:53:12.382+0000] {processor.py:839} INFO - DAG(s) dict_keys(['example_nested_branch_dag']) retrieved from /home/airflow/.local/lib/python3.8/site-packages/airflow/example_dags/example_nested_branch_dag.py
[2024-08-26T12:53:12.436+0000] {logging_mixin.py:154} INFO - [2024-08-26T12:53:12.436+0000] {dag.py:2941} INFO - Sync 1 DAGs
[2024-08-26T12:53:12.494+0000] {logging_mixin.py:154} INFO - [2024-08-26T12:53:12.494+0000] {dag.py:3722} INFO - Setting next_dagrun for example_nested_branch_dag to 2024-08-25T00:00:00+00:00, run_after=2024-08-26T00:00:00+00:00
[2024-08-26T12:53:12.531+0000] {processor.py:179} INFO - Processing /home/airflow/.local/lib/python3.8/site-packages/airflow/example_dags/example_nested_branch_dag.py took 0.184 seconds
[2024-08-26T12:53:59.800+0000] {processor.py:157} INFO - Started process (PID=2199) to work on /home/airflow/.local/lib/python3.8/site-packages/airflow/example_dags/example_nested_branch_dag.py
[2024-08-26T12:53:59.802+0000] {processor.py:829} INFO - Processing file /home/airflow/.local/lib/python3.8/site-packages/airflow/example_dags/example_nested_branch_dag.py for tasks to queue
[2024-08-26T12:53:59.806+0000] {logging_mixin.py:154} INFO - [2024-08-26T12:53:59.805+0000] {dagbag.py:536} INFO - Filling up the DagBag from /home/airflow/.local/lib/python3.8/site-packages/airflow/example_dags/example_nested_branch_dag.py
[2024-08-26T12:53:59.825+0000] {processor.py:839} INFO - DAG(s) dict_keys(['example_nested_branch_dag']) retrieved from /home/airflow/.local/lib/python3.8/site-packages/airflow/example_dags/example_nested_branch_dag.py
[2024-08-26T12:53:59.872+0000] {logging_mixin.py:154} INFO - [2024-08-26T12:53:59.872+0000] {dag.py:2941} INFO - Sync 1 DAGs
[2024-08-26T12:53:59.915+0000] {logging_mixin.py:154} INFO - [2024-08-26T12:53:59.915+0000] {dag.py:3722} INFO - Setting next_dagrun for example_nested_branch_dag to 2024-08-25T00:00:00+00:00, run_after=2024-08-26T00:00:00+00:00
[2024-08-26T12:53:59.949+0000] {processor.py:179} INFO - Processing /home/airflow/.local/lib/python3.8/site-packages/airflow/example_dags/example_nested_branch_dag.py took 0.154 seconds
[2024-08-26T12:54:31.862+0000] {processor.py:157} INFO - Started process (PID=2264) to work on /home/airflow/.local/lib/python3.8/site-packages/airflow/example_dags/example_nested_branch_dag.py
[2024-08-26T12:54:31.863+0000] {processor.py:829} INFO - Processing file /home/airflow/.local/lib/python3.8/site-packages/airflow/example_dags/example_nested_branch_dag.py for tasks to queue
[2024-08-26T12:54:31.868+0000] {logging_mixin.py:154} INFO - [2024-08-26T12:54:31.868+0000] {dagbag.py:536} INFO - Filling up the DagBag from /home/airflow/.local/lib/python3.8/site-packages/airflow/example_dags/example_nested_branch_dag.py
[2024-08-26T12:54:31.885+0000] {processor.py:839} INFO - DAG(s) dict_keys(['example_nested_branch_dag']) retrieved from /home/airflow/.local/lib/python3.8/site-packages/airflow/example_dags/example_nested_branch_dag.py
[2024-08-26T12:54:31.925+0000] {logging_mixin.py:154} INFO - [2024-08-26T12:54:31.925+0000] {dag.py:2941} INFO - Sync 1 DAGs
[2024-08-26T12:54:32.166+0000] {logging_mixin.py:154} INFO - [2024-08-26T12:54:32.166+0000] {dag.py:3722} INFO - Setting next_dagrun for example_nested_branch_dag to 2024-08-25T00:00:00+00:00, run_after=2024-08-26T00:00:00+00:00
[2024-08-26T12:54:32.238+0000] {processor.py:179} INFO - Processing /home/airflow/.local/lib/python3.8/site-packages/airflow/example_dags/example_nested_branch_dag.py took 0.382 seconds
[2024-08-26T12:55:02.307+0000] {processor.py:157} INFO - Started process (PID=2330) to work on /home/airflow/.local/lib/python3.8/site-packages/airflow/example_dags/example_nested_branch_dag.py
[2024-08-26T12:55:02.308+0000] {processor.py:829} INFO - Processing file /home/airflow/.local/lib/python3.8/site-packages/airflow/example_dags/example_nested_branch_dag.py for tasks to queue
[2024-08-26T12:55:02.312+0000] {logging_mixin.py:154} INFO - [2024-08-26T12:55:02.312+0000] {dagbag.py:536} INFO - Filling up the DagBag from /home/airflow/.local/lib/python3.8/site-packages/airflow/example_dags/example_nested_branch_dag.py
[2024-08-26T12:55:02.333+0000] {processor.py:839} INFO - DAG(s) dict_keys(['example_nested_branch_dag']) retrieved from /home/airflow/.local/lib/python3.8/site-packages/airflow/example_dags/example_nested_branch_dag.py
[2024-08-26T12:55:02.376+0000] {logging_mixin.py:154} INFO - [2024-08-26T12:55:02.376+0000] {dag.py:2941} INFO - Sync 1 DAGs
[2024-08-26T12:55:02.422+0000] {logging_mixin.py:154} INFO - [2024-08-26T12:55:02.421+0000] {dag.py:3722} INFO - Setting next_dagrun for example_nested_branch_dag to 2024-08-25T00:00:00+00:00, run_after=2024-08-26T00:00:00+00:00
[2024-08-26T12:55:02.494+0000] {processor.py:179} INFO - Processing /home/airflow/.local/lib/python3.8/site-packages/airflow/example_dags/example_nested_branch_dag.py took 0.193 seconds
[2024-08-26T12:55:32.969+0000] {processor.py:157} INFO - Started process (PID=2396) to work on /home/airflow/.local/lib/python3.8/site-packages/airflow/example_dags/example_nested_branch_dag.py
[2024-08-26T12:55:32.970+0000] {processor.py:829} INFO - Processing file /home/airflow/.local/lib/python3.8/site-packages/airflow/example_dags/example_nested_branch_dag.py for tasks to queue
[2024-08-26T12:55:32.975+0000] {logging_mixin.py:154} INFO - [2024-08-26T12:55:32.974+0000] {dagbag.py:536} INFO - Filling up the DagBag from /home/airflow/.local/lib/python3.8/site-packages/airflow/example_dags/example_nested_branch_dag.py
[2024-08-26T12:55:32.994+0000] {processor.py:839} INFO - DAG(s) dict_keys(['example_nested_branch_dag']) retrieved from /home/airflow/.local/lib/python3.8/site-packages/airflow/example_dags/example_nested_branch_dag.py
[2024-08-26T12:55:33.044+0000] {logging_mixin.py:154} INFO - [2024-08-26T12:55:33.043+0000] {dag.py:2941} INFO - Sync 1 DAGs
[2024-08-26T12:55:33.097+0000] {logging_mixin.py:154} INFO - [2024-08-26T12:55:33.097+0000] {dag.py:3722} INFO - Setting next_dagrun for example_nested_branch_dag to 2024-08-25T00:00:00+00:00, run_after=2024-08-26T00:00:00+00:00
[2024-08-26T12:55:33.172+0000] {processor.py:179} INFO - Processing /home/airflow/.local/lib/python3.8/site-packages/airflow/example_dags/example_nested_branch_dag.py took 0.209 seconds
[2024-08-26T12:56:05.308+0000] {processor.py:157} INFO - Started process (PID=2470) to work on /home/airflow/.local/lib/python3.8/site-packages/airflow/example_dags/example_nested_branch_dag.py
[2024-08-26T12:56:05.310+0000] {processor.py:829} INFO - Processing file /home/airflow/.local/lib/python3.8/site-packages/airflow/example_dags/example_nested_branch_dag.py for tasks to queue
[2024-08-26T12:56:05.314+0000] {logging_mixin.py:154} INFO - [2024-08-26T12:56:05.313+0000] {dagbag.py:536} INFO - Filling up the DagBag from /home/airflow/.local/lib/python3.8/site-packages/airflow/example_dags/example_nested_branch_dag.py
[2024-08-26T12:56:05.336+0000] {processor.py:839} INFO - DAG(s) dict_keys(['example_nested_branch_dag']) retrieved from /home/airflow/.local/lib/python3.8/site-packages/airflow/example_dags/example_nested_branch_dag.py
[2024-08-26T12:56:05.619+0000] {logging_mixin.py:154} INFO - [2024-08-26T12:56:05.619+0000] {dag.py:2941} INFO - Sync 1 DAGs
[2024-08-26T12:56:05.673+0000] {logging_mixin.py:154} INFO - [2024-08-26T12:56:05.672+0000] {dag.py:3722} INFO - Setting next_dagrun for example_nested_branch_dag to 2024-08-25T00:00:00+00:00, run_after=2024-08-26T00:00:00+00:00
[2024-08-26T12:56:05.710+0000] {processor.py:179} INFO - Processing /home/airflow/.local/lib/python3.8/site-packages/airflow/example_dags/example_nested_branch_dag.py took 0.408 seconds
