[2024-08-26T08:44:55.155+0000] {processor.py:157} INFO - Started process (PID=86) to work on /home/airflow/.local/lib/python3.8/site-packages/airflow/example_dags/example_setup_teardown_taskflow.py
[2024-08-26T08:44:55.157+0000] {processor.py:829} INFO - Processing file /home/airflow/.local/lib/python3.8/site-packages/airflow/example_dags/example_setup_teardown_taskflow.py for tasks to queue
[2024-08-26T08:44:55.159+0000] {logging_mixin.py:154} INFO - [2024-08-26T08:44:55.159+0000] {dagbag.py:536} INFO - Filling up the DagBag from /home/airflow/.local/lib/python3.8/site-packages/airflow/example_dags/example_setup_teardown_taskflow.py
[2024-08-26T08:44:55.167+0000] {processor.py:839} INFO - DAG(s) dict_keys(['example_setup_teardown_taskflow']) retrieved from /home/airflow/.local/lib/python3.8/site-packages/airflow/example_dags/example_setup_teardown_taskflow.py
[2024-08-26T08:44:55.192+0000] {logging_mixin.py:154} INFO - [2024-08-26T08:44:55.192+0000] {dag.py:2941} INFO - Sync 1 DAGs
[2024-08-26T08:44:55.217+0000] {logging_mixin.py:154} INFO - [2024-08-26T08:44:55.216+0000] {dag.py:3722} INFO - Setting next_dagrun for example_setup_teardown_taskflow to 2024-08-25T08:44:55.216693+00:00, run_after=2024-08-26T08:44:55.216693+00:00
[2024-08-26T08:44:55.238+0000] {processor.py:179} INFO - Processing /home/airflow/.local/lib/python3.8/site-packages/airflow/example_dags/example_setup_teardown_taskflow.py took 0.086 seconds
[2024-08-26T12:36:21.230+0000] {processor.py:157} INFO - Started process (PID=95) to work on /home/airflow/.local/lib/python3.8/site-packages/airflow/example_dags/example_setup_teardown_taskflow.py
[2024-08-26T12:36:21.231+0000] {processor.py:829} INFO - Processing file /home/airflow/.local/lib/python3.8/site-packages/airflow/example_dags/example_setup_teardown_taskflow.py for tasks to queue
[2024-08-26T12:36:21.235+0000] {logging_mixin.py:154} INFO - [2024-08-26T12:36:21.234+0000] {dagbag.py:536} INFO - Filling up the DagBag from /home/airflow/.local/lib/python3.8/site-packages/airflow/example_dags/example_setup_teardown_taskflow.py
[2024-08-26T12:36:21.246+0000] {processor.py:839} INFO - DAG(s) dict_keys(['example_setup_teardown_taskflow']) retrieved from /home/airflow/.local/lib/python3.8/site-packages/airflow/example_dags/example_setup_teardown_taskflow.py
[2024-08-26T12:36:21.271+0000] {logging_mixin.py:154} INFO - [2024-08-26T12:36:21.270+0000] {dag.py:2941} INFO - Sync 1 DAGs
[2024-08-26T12:36:21.295+0000] {logging_mixin.py:154} INFO - [2024-08-26T12:36:21.295+0000] {dag.py:3722} INFO - Setting next_dagrun for example_setup_teardown_taskflow to 2024-08-25T12:36:21.295403+00:00, run_after=2024-08-26T12:36:21.295403+00:00
[2024-08-26T12:36:21.319+0000] {processor.py:179} INFO - Processing /home/airflow/.local/lib/python3.8/site-packages/airflow/example_dags/example_setup_teardown_taskflow.py took 0.094 seconds
[2024-08-26T12:36:53.862+0000] {processor.py:157} INFO - Started process (PID=169) to work on /home/airflow/.local/lib/python3.8/site-packages/airflow/example_dags/example_setup_teardown_taskflow.py
[2024-08-26T12:36:53.864+0000] {processor.py:829} INFO - Processing file /home/airflow/.local/lib/python3.8/site-packages/airflow/example_dags/example_setup_teardown_taskflow.py for tasks to queue
[2024-08-26T12:36:53.869+0000] {logging_mixin.py:154} INFO - [2024-08-26T12:36:53.868+0000] {dagbag.py:536} INFO - Filling up the DagBag from /home/airflow/.local/lib/python3.8/site-packages/airflow/example_dags/example_setup_teardown_taskflow.py
[2024-08-26T12:36:53.890+0000] {processor.py:839} INFO - DAG(s) dict_keys(['example_setup_teardown_taskflow']) retrieved from /home/airflow/.local/lib/python3.8/site-packages/airflow/example_dags/example_setup_teardown_taskflow.py
[2024-08-26T12:36:53.931+0000] {logging_mixin.py:154} INFO - [2024-08-26T12:36:53.931+0000] {dag.py:2941} INFO - Sync 1 DAGs
[2024-08-26T12:36:53.977+0000] {logging_mixin.py:154} INFO - [2024-08-26T12:36:53.976+0000] {dag.py:3722} INFO - Setting next_dagrun for example_setup_teardown_taskflow to 2024-08-25T12:36:53.976216+00:00, run_after=2024-08-26T12:36:53.976216+00:00
[2024-08-26T12:36:54.015+0000] {processor.py:179} INFO - Processing /home/airflow/.local/lib/python3.8/site-packages/airflow/example_dags/example_setup_teardown_taskflow.py took 0.160 seconds
[2024-08-26T12:37:25.512+0000] {processor.py:157} INFO - Started process (PID=235) to work on /home/airflow/.local/lib/python3.8/site-packages/airflow/example_dags/example_setup_teardown_taskflow.py
[2024-08-26T12:37:25.514+0000] {processor.py:829} INFO - Processing file /home/airflow/.local/lib/python3.8/site-packages/airflow/example_dags/example_setup_teardown_taskflow.py for tasks to queue
[2024-08-26T12:37:25.520+0000] {logging_mixin.py:154} INFO - [2024-08-26T12:37:25.519+0000] {dagbag.py:536} INFO - Filling up the DagBag from /home/airflow/.local/lib/python3.8/site-packages/airflow/example_dags/example_setup_teardown_taskflow.py
[2024-08-26T12:37:25.544+0000] {processor.py:839} INFO - DAG(s) dict_keys(['example_setup_teardown_taskflow']) retrieved from /home/airflow/.local/lib/python3.8/site-packages/airflow/example_dags/example_setup_teardown_taskflow.py
[2024-08-26T12:37:25.609+0000] {logging_mixin.py:154} INFO - [2024-08-26T12:37:25.609+0000] {dag.py:2941} INFO - Sync 1 DAGs
[2024-08-26T12:37:25.672+0000] {logging_mixin.py:154} INFO - [2024-08-26T12:37:25.672+0000] {dag.py:3722} INFO - Setting next_dagrun for example_setup_teardown_taskflow to 2024-08-25T12:37:25.671822+00:00, run_after=2024-08-26T12:37:25.671822+00:00
[2024-08-26T12:37:25.730+0000] {processor.py:179} INFO - Processing /home/airflow/.local/lib/python3.8/site-packages/airflow/example_dags/example_setup_teardown_taskflow.py took 0.227 seconds
[2024-08-26T12:37:56.159+0000] {processor.py:157} INFO - Started process (PID=301) to work on /home/airflow/.local/lib/python3.8/site-packages/airflow/example_dags/example_setup_teardown_taskflow.py
[2024-08-26T12:37:56.161+0000] {processor.py:829} INFO - Processing file /home/airflow/.local/lib/python3.8/site-packages/airflow/example_dags/example_setup_teardown_taskflow.py for tasks to queue
[2024-08-26T12:37:56.166+0000] {logging_mixin.py:154} INFO - [2024-08-26T12:37:56.166+0000] {dagbag.py:536} INFO - Filling up the DagBag from /home/airflow/.local/lib/python3.8/site-packages/airflow/example_dags/example_setup_teardown_taskflow.py
[2024-08-26T12:37:56.186+0000] {processor.py:839} INFO - DAG(s) dict_keys(['example_setup_teardown_taskflow']) retrieved from /home/airflow/.local/lib/python3.8/site-packages/airflow/example_dags/example_setup_teardown_taskflow.py
[2024-08-26T12:37:56.234+0000] {logging_mixin.py:154} INFO - [2024-08-26T12:37:56.233+0000] {dag.py:2941} INFO - Sync 1 DAGs
[2024-08-26T12:37:56.278+0000] {logging_mixin.py:154} INFO - [2024-08-26T12:37:56.277+0000] {dag.py:3722} INFO - Setting next_dagrun for example_setup_teardown_taskflow to 2024-08-25T12:37:56.277337+00:00, run_after=2024-08-26T12:37:56.277337+00:00
[2024-08-26T12:37:56.310+0000] {processor.py:179} INFO - Processing /home/airflow/.local/lib/python3.8/site-packages/airflow/example_dags/example_setup_teardown_taskflow.py took 0.158 seconds
[2024-08-26T12:38:27.182+0000] {processor.py:157} INFO - Started process (PID=368) to work on /home/airflow/.local/lib/python3.8/site-packages/airflow/example_dags/example_setup_teardown_taskflow.py
[2024-08-26T12:38:27.184+0000] {processor.py:829} INFO - Processing file /home/airflow/.local/lib/python3.8/site-packages/airflow/example_dags/example_setup_teardown_taskflow.py for tasks to queue
[2024-08-26T12:38:27.188+0000] {logging_mixin.py:154} INFO - [2024-08-26T12:38:27.187+0000] {dagbag.py:536} INFO - Filling up the DagBag from /home/airflow/.local/lib/python3.8/site-packages/airflow/example_dags/example_setup_teardown_taskflow.py
[2024-08-26T12:38:27.205+0000] {processor.py:839} INFO - DAG(s) dict_keys(['example_setup_teardown_taskflow']) retrieved from /home/airflow/.local/lib/python3.8/site-packages/airflow/example_dags/example_setup_teardown_taskflow.py
[2024-08-26T12:38:27.248+0000] {logging_mixin.py:154} INFO - [2024-08-26T12:38:27.248+0000] {dag.py:2941} INFO - Sync 1 DAGs
[2024-08-26T12:38:27.296+0000] {logging_mixin.py:154} INFO - [2024-08-26T12:38:27.296+0000] {dag.py:3722} INFO - Setting next_dagrun for example_setup_teardown_taskflow to 2024-08-25T12:38:27.295922+00:00, run_after=2024-08-26T12:38:27.295922+00:00
[2024-08-26T12:38:27.334+0000] {processor.py:179} INFO - Processing /home/airflow/.local/lib/python3.8/site-packages/airflow/example_dags/example_setup_teardown_taskflow.py took 0.159 seconds
[2024-08-26T12:38:58.205+0000] {processor.py:157} INFO - Started process (PID=434) to work on /home/airflow/.local/lib/python3.8/site-packages/airflow/example_dags/example_setup_teardown_taskflow.py
[2024-08-26T12:38:58.207+0000] {processor.py:829} INFO - Processing file /home/airflow/.local/lib/python3.8/site-packages/airflow/example_dags/example_setup_teardown_taskflow.py for tasks to queue
[2024-08-26T12:38:58.211+0000] {logging_mixin.py:154} INFO - [2024-08-26T12:38:58.211+0000] {dagbag.py:536} INFO - Filling up the DagBag from /home/airflow/.local/lib/python3.8/site-packages/airflow/example_dags/example_setup_teardown_taskflow.py
[2024-08-26T12:38:58.232+0000] {processor.py:839} INFO - DAG(s) dict_keys(['example_setup_teardown_taskflow']) retrieved from /home/airflow/.local/lib/python3.8/site-packages/airflow/example_dags/example_setup_teardown_taskflow.py
[2024-08-26T12:38:58.273+0000] {logging_mixin.py:154} INFO - [2024-08-26T12:38:58.272+0000] {dag.py:2941} INFO - Sync 1 DAGs
[2024-08-26T12:38:58.317+0000] {logging_mixin.py:154} INFO - [2024-08-26T12:38:58.316+0000] {dag.py:3722} INFO - Setting next_dagrun for example_setup_teardown_taskflow to 2024-08-25T12:38:58.316293+00:00, run_after=2024-08-26T12:38:58.316293+00:00
[2024-08-26T12:38:58.395+0000] {processor.py:179} INFO - Processing /home/airflow/.local/lib/python3.8/site-packages/airflow/example_dags/example_setup_teardown_taskflow.py took 0.196 seconds
[2024-08-26T12:39:29.456+0000] {processor.py:157} INFO - Started process (PID=500) to work on /home/airflow/.local/lib/python3.8/site-packages/airflow/example_dags/example_setup_teardown_taskflow.py
[2024-08-26T12:39:29.457+0000] {processor.py:829} INFO - Processing file /home/airflow/.local/lib/python3.8/site-packages/airflow/example_dags/example_setup_teardown_taskflow.py for tasks to queue
[2024-08-26T12:39:29.462+0000] {logging_mixin.py:154} INFO - [2024-08-26T12:39:29.461+0000] {dagbag.py:536} INFO - Filling up the DagBag from /home/airflow/.local/lib/python3.8/site-packages/airflow/example_dags/example_setup_teardown_taskflow.py
[2024-08-26T12:39:29.483+0000] {processor.py:839} INFO - DAG(s) dict_keys(['example_setup_teardown_taskflow']) retrieved from /home/airflow/.local/lib/python3.8/site-packages/airflow/example_dags/example_setup_teardown_taskflow.py
[2024-08-26T12:39:29.529+0000] {logging_mixin.py:154} INFO - [2024-08-26T12:39:29.529+0000] {dag.py:2941} INFO - Sync 1 DAGs
[2024-08-26T12:39:29.579+0000] {logging_mixin.py:154} INFO - [2024-08-26T12:39:29.579+0000] {dag.py:3722} INFO - Setting next_dagrun for example_setup_teardown_taskflow to 2024-08-25T12:39:29.578989+00:00, run_after=2024-08-26T12:39:29.578989+00:00
[2024-08-26T12:39:29.635+0000] {processor.py:179} INFO - Processing /home/airflow/.local/lib/python3.8/site-packages/airflow/example_dags/example_setup_teardown_taskflow.py took 0.186 seconds
[2024-08-26T12:40:00.916+0000] {processor.py:157} INFO - Started process (PID=566) to work on /home/airflow/.local/lib/python3.8/site-packages/airflow/example_dags/example_setup_teardown_taskflow.py
[2024-08-26T12:40:00.918+0000] {processor.py:829} INFO - Processing file /home/airflow/.local/lib/python3.8/site-packages/airflow/example_dags/example_setup_teardown_taskflow.py for tasks to queue
[2024-08-26T12:40:00.923+0000] {logging_mixin.py:154} INFO - [2024-08-26T12:40:00.922+0000] {dagbag.py:536} INFO - Filling up the DagBag from /home/airflow/.local/lib/python3.8/site-packages/airflow/example_dags/example_setup_teardown_taskflow.py
[2024-08-26T12:40:00.945+0000] {processor.py:839} INFO - DAG(s) dict_keys(['example_setup_teardown_taskflow']) retrieved from /home/airflow/.local/lib/python3.8/site-packages/airflow/example_dags/example_setup_teardown_taskflow.py
[2024-08-26T12:40:00.999+0000] {logging_mixin.py:154} INFO - [2024-08-26T12:40:00.999+0000] {dag.py:2941} INFO - Sync 1 DAGs
[2024-08-26T12:40:01.068+0000] {logging_mixin.py:154} INFO - [2024-08-26T12:40:01.068+0000] {dag.py:3722} INFO - Setting next_dagrun for example_setup_teardown_taskflow to 2024-08-25T12:40:01.067075+00:00, run_after=2024-08-26T12:40:01.067075+00:00
[2024-08-26T12:40:01.120+0000] {processor.py:179} INFO - Processing /home/airflow/.local/lib/python3.8/site-packages/airflow/example_dags/example_setup_teardown_taskflow.py took 0.211 seconds
[2024-08-26T12:40:31.775+0000] {processor.py:157} INFO - Started process (PID=631) to work on /home/airflow/.local/lib/python3.8/site-packages/airflow/example_dags/example_setup_teardown_taskflow.py
[2024-08-26T12:40:31.777+0000] {processor.py:829} INFO - Processing file /home/airflow/.local/lib/python3.8/site-packages/airflow/example_dags/example_setup_teardown_taskflow.py for tasks to queue
[2024-08-26T12:40:31.781+0000] {logging_mixin.py:154} INFO - [2024-08-26T12:40:31.781+0000] {dagbag.py:536} INFO - Filling up the DagBag from /home/airflow/.local/lib/python3.8/site-packages/airflow/example_dags/example_setup_teardown_taskflow.py
[2024-08-26T12:40:31.799+0000] {processor.py:839} INFO - DAG(s) dict_keys(['example_setup_teardown_taskflow']) retrieved from /home/airflow/.local/lib/python3.8/site-packages/airflow/example_dags/example_setup_teardown_taskflow.py
[2024-08-26T12:40:31.851+0000] {logging_mixin.py:154} INFO - [2024-08-26T12:40:31.851+0000] {dag.py:2941} INFO - Sync 1 DAGs
[2024-08-26T12:40:31.899+0000] {logging_mixin.py:154} INFO - [2024-08-26T12:40:31.898+0000] {dag.py:3722} INFO - Setting next_dagrun for example_setup_teardown_taskflow to 2024-08-25T12:40:31.898624+00:00, run_after=2024-08-26T12:40:31.898624+00:00
[2024-08-26T12:40:31.932+0000] {processor.py:179} INFO - Processing /home/airflow/.local/lib/python3.8/site-packages/airflow/example_dags/example_setup_teardown_taskflow.py took 0.162 seconds
[2024-08-26T12:41:02.923+0000] {processor.py:157} INFO - Started process (PID=697) to work on /home/airflow/.local/lib/python3.8/site-packages/airflow/example_dags/example_setup_teardown_taskflow.py
[2024-08-26T12:41:02.925+0000] {processor.py:829} INFO - Processing file /home/airflow/.local/lib/python3.8/site-packages/airflow/example_dags/example_setup_teardown_taskflow.py for tasks to queue
[2024-08-26T12:41:02.929+0000] {logging_mixin.py:154} INFO - [2024-08-26T12:41:02.928+0000] {dagbag.py:536} INFO - Filling up the DagBag from /home/airflow/.local/lib/python3.8/site-packages/airflow/example_dags/example_setup_teardown_taskflow.py
[2024-08-26T12:41:02.944+0000] {processor.py:839} INFO - DAG(s) dict_keys(['example_setup_teardown_taskflow']) retrieved from /home/airflow/.local/lib/python3.8/site-packages/airflow/example_dags/example_setup_teardown_taskflow.py
[2024-08-26T12:41:02.982+0000] {logging_mixin.py:154} INFO - [2024-08-26T12:41:02.981+0000] {dag.py:2941} INFO - Sync 1 DAGs
[2024-08-26T12:41:03.024+0000] {logging_mixin.py:154} INFO - [2024-08-26T12:41:03.023+0000] {dag.py:3722} INFO - Setting next_dagrun for example_setup_teardown_taskflow to 2024-08-25T12:41:03.023326+00:00, run_after=2024-08-26T12:41:03.023326+00:00
[2024-08-26T12:41:03.054+0000] {processor.py:179} INFO - Processing /home/airflow/.local/lib/python3.8/site-packages/airflow/example_dags/example_setup_teardown_taskflow.py took 0.137 seconds
[2024-08-26T12:41:33.382+0000] {processor.py:157} INFO - Started process (PID=763) to work on /home/airflow/.local/lib/python3.8/site-packages/airflow/example_dags/example_setup_teardown_taskflow.py
[2024-08-26T12:41:33.383+0000] {processor.py:829} INFO - Processing file /home/airflow/.local/lib/python3.8/site-packages/airflow/example_dags/example_setup_teardown_taskflow.py for tasks to queue
[2024-08-26T12:41:33.387+0000] {logging_mixin.py:154} INFO - [2024-08-26T12:41:33.386+0000] {dagbag.py:536} INFO - Filling up the DagBag from /home/airflow/.local/lib/python3.8/site-packages/airflow/example_dags/example_setup_teardown_taskflow.py
[2024-08-26T12:41:33.404+0000] {processor.py:839} INFO - DAG(s) dict_keys(['example_setup_teardown_taskflow']) retrieved from /home/airflow/.local/lib/python3.8/site-packages/airflow/example_dags/example_setup_teardown_taskflow.py
[2024-08-26T12:41:33.444+0000] {logging_mixin.py:154} INFO - [2024-08-26T12:41:33.444+0000] {dag.py:2941} INFO - Sync 1 DAGs
[2024-08-26T12:41:33.490+0000] {logging_mixin.py:154} INFO - [2024-08-26T12:41:33.489+0000] {dag.py:3722} INFO - Setting next_dagrun for example_setup_teardown_taskflow to 2024-08-25T12:41:33.489130+00:00, run_after=2024-08-26T12:41:33.489130+00:00
[2024-08-26T12:41:33.525+0000] {processor.py:179} INFO - Processing /home/airflow/.local/lib/python3.8/site-packages/airflow/example_dags/example_setup_teardown_taskflow.py took 0.151 seconds
[2024-08-26T12:42:04.193+0000] {processor.py:157} INFO - Started process (PID=829) to work on /home/airflow/.local/lib/python3.8/site-packages/airflow/example_dags/example_setup_teardown_taskflow.py
[2024-08-26T12:42:04.195+0000] {processor.py:829} INFO - Processing file /home/airflow/.local/lib/python3.8/site-packages/airflow/example_dags/example_setup_teardown_taskflow.py for tasks to queue
[2024-08-26T12:42:04.199+0000] {logging_mixin.py:154} INFO - [2024-08-26T12:42:04.199+0000] {dagbag.py:536} INFO - Filling up the DagBag from /home/airflow/.local/lib/python3.8/site-packages/airflow/example_dags/example_setup_teardown_taskflow.py
[2024-08-26T12:42:04.220+0000] {processor.py:839} INFO - DAG(s) dict_keys(['example_setup_teardown_taskflow']) retrieved from /home/airflow/.local/lib/python3.8/site-packages/airflow/example_dags/example_setup_teardown_taskflow.py
[2024-08-26T12:42:04.259+0000] {logging_mixin.py:154} INFO - [2024-08-26T12:42:04.259+0000] {dag.py:2941} INFO - Sync 1 DAGs
[2024-08-26T12:42:04.300+0000] {logging_mixin.py:154} INFO - [2024-08-26T12:42:04.300+0000] {dag.py:3722} INFO - Setting next_dagrun for example_setup_teardown_taskflow to 2024-08-25T12:42:04.299912+00:00, run_after=2024-08-26T12:42:04.299912+00:00
[2024-08-26T12:42:04.335+0000] {processor.py:179} INFO - Processing /home/airflow/.local/lib/python3.8/site-packages/airflow/example_dags/example_setup_teardown_taskflow.py took 0.147 seconds
[2024-08-26T12:42:34.927+0000] {processor.py:157} INFO - Started process (PID=895) to work on /home/airflow/.local/lib/python3.8/site-packages/airflow/example_dags/example_setup_teardown_taskflow.py
[2024-08-26T12:42:34.929+0000] {processor.py:829} INFO - Processing file /home/airflow/.local/lib/python3.8/site-packages/airflow/example_dags/example_setup_teardown_taskflow.py for tasks to queue
[2024-08-26T12:42:34.933+0000] {logging_mixin.py:154} INFO - [2024-08-26T12:42:34.932+0000] {dagbag.py:536} INFO - Filling up the DagBag from /home/airflow/.local/lib/python3.8/site-packages/airflow/example_dags/example_setup_teardown_taskflow.py
[2024-08-26T12:42:34.949+0000] {processor.py:839} INFO - DAG(s) dict_keys(['example_setup_teardown_taskflow']) retrieved from /home/airflow/.local/lib/python3.8/site-packages/airflow/example_dags/example_setup_teardown_taskflow.py
[2024-08-26T12:42:34.997+0000] {logging_mixin.py:154} INFO - [2024-08-26T12:42:34.997+0000] {dag.py:2941} INFO - Sync 1 DAGs
[2024-08-26T12:42:35.036+0000] {logging_mixin.py:154} INFO - [2024-08-26T12:42:35.036+0000] {dag.py:3722} INFO - Setting next_dagrun for example_setup_teardown_taskflow to 2024-08-25T12:42:35.035932+00:00, run_after=2024-08-26T12:42:35.035932+00:00
[2024-08-26T12:42:35.072+0000] {processor.py:179} INFO - Processing /home/airflow/.local/lib/python3.8/site-packages/airflow/example_dags/example_setup_teardown_taskflow.py took 0.151 seconds
[2024-08-26T12:43:05.659+0000] {processor.py:157} INFO - Started process (PID=961) to work on /home/airflow/.local/lib/python3.8/site-packages/airflow/example_dags/example_setup_teardown_taskflow.py
[2024-08-26T12:43:05.660+0000] {processor.py:829} INFO - Processing file /home/airflow/.local/lib/python3.8/site-packages/airflow/example_dags/example_setup_teardown_taskflow.py for tasks to queue
[2024-08-26T12:43:05.666+0000] {logging_mixin.py:154} INFO - [2024-08-26T12:43:05.665+0000] {dagbag.py:536} INFO - Filling up the DagBag from /home/airflow/.local/lib/python3.8/site-packages/airflow/example_dags/example_setup_teardown_taskflow.py
[2024-08-26T12:43:05.688+0000] {processor.py:839} INFO - DAG(s) dict_keys(['example_setup_teardown_taskflow']) retrieved from /home/airflow/.local/lib/python3.8/site-packages/airflow/example_dags/example_setup_teardown_taskflow.py
[2024-08-26T12:43:05.733+0000] {logging_mixin.py:154} INFO - [2024-08-26T12:43:05.733+0000] {dag.py:2941} INFO - Sync 1 DAGs
[2024-08-26T12:43:05.779+0000] {logging_mixin.py:154} INFO - [2024-08-26T12:43:05.778+0000] {dag.py:3722} INFO - Setting next_dagrun for example_setup_teardown_taskflow to 2024-08-25T12:43:05.778429+00:00, run_after=2024-08-26T12:43:05.778429+00:00
[2024-08-26T12:43:05.814+0000] {processor.py:179} INFO - Processing /home/airflow/.local/lib/python3.8/site-packages/airflow/example_dags/example_setup_teardown_taskflow.py took 0.162 seconds
[2024-08-26T12:43:36.889+0000] {processor.py:157} INFO - Started process (PID=1039) to work on /home/airflow/.local/lib/python3.8/site-packages/airflow/example_dags/example_setup_teardown_taskflow.py
[2024-08-26T12:43:36.890+0000] {processor.py:829} INFO - Processing file /home/airflow/.local/lib/python3.8/site-packages/airflow/example_dags/example_setup_teardown_taskflow.py for tasks to queue
[2024-08-26T12:43:36.894+0000] {logging_mixin.py:154} INFO - [2024-08-26T12:43:36.894+0000] {dagbag.py:536} INFO - Filling up the DagBag from /home/airflow/.local/lib/python3.8/site-packages/airflow/example_dags/example_setup_teardown_taskflow.py
[2024-08-26T12:43:36.910+0000] {processor.py:839} INFO - DAG(s) dict_keys(['example_setup_teardown_taskflow']) retrieved from /home/airflow/.local/lib/python3.8/site-packages/airflow/example_dags/example_setup_teardown_taskflow.py
[2024-08-26T12:43:36.949+0000] {logging_mixin.py:154} INFO - [2024-08-26T12:43:36.949+0000] {dag.py:2941} INFO - Sync 1 DAGs
[2024-08-26T12:43:36.988+0000] {logging_mixin.py:154} INFO - [2024-08-26T12:43:36.988+0000] {dag.py:3722} INFO - Setting next_dagrun for example_setup_teardown_taskflow to 2024-08-25T12:43:36.988107+00:00, run_after=2024-08-26T12:43:36.988107+00:00
[2024-08-26T12:43:37.029+0000] {processor.py:179} INFO - Processing /home/airflow/.local/lib/python3.8/site-packages/airflow/example_dags/example_setup_teardown_taskflow.py took 0.145 seconds
[2024-08-26T12:44:07.241+0000] {processor.py:157} INFO - Started process (PID=1104) to work on /home/airflow/.local/lib/python3.8/site-packages/airflow/example_dags/example_setup_teardown_taskflow.py
[2024-08-26T12:44:07.243+0000] {processor.py:829} INFO - Processing file /home/airflow/.local/lib/python3.8/site-packages/airflow/example_dags/example_setup_teardown_taskflow.py for tasks to queue
[2024-08-26T12:44:07.246+0000] {logging_mixin.py:154} INFO - [2024-08-26T12:44:07.246+0000] {dagbag.py:536} INFO - Filling up the DagBag from /home/airflow/.local/lib/python3.8/site-packages/airflow/example_dags/example_setup_teardown_taskflow.py
[2024-08-26T12:44:07.268+0000] {processor.py:839} INFO - DAG(s) dict_keys(['example_setup_teardown_taskflow']) retrieved from /home/airflow/.local/lib/python3.8/site-packages/airflow/example_dags/example_setup_teardown_taskflow.py
[2024-08-26T12:44:07.306+0000] {logging_mixin.py:154} INFO - [2024-08-26T12:44:07.306+0000] {dag.py:2941} INFO - Sync 1 DAGs
[2024-08-26T12:44:07.348+0000] {logging_mixin.py:154} INFO - [2024-08-26T12:44:07.348+0000] {dag.py:3722} INFO - Setting next_dagrun for example_setup_teardown_taskflow to 2024-08-25T12:44:07.347583+00:00, run_after=2024-08-26T12:44:07.347583+00:00
[2024-08-26T12:44:07.422+0000] {processor.py:179} INFO - Processing /home/airflow/.local/lib/python3.8/site-packages/airflow/example_dags/example_setup_teardown_taskflow.py took 0.187 seconds
[2024-08-26T12:44:37.903+0000] {processor.py:157} INFO - Started process (PID=1170) to work on /home/airflow/.local/lib/python3.8/site-packages/airflow/example_dags/example_setup_teardown_taskflow.py
[2024-08-26T12:44:37.906+0000] {processor.py:829} INFO - Processing file /home/airflow/.local/lib/python3.8/site-packages/airflow/example_dags/example_setup_teardown_taskflow.py for tasks to queue
[2024-08-26T12:44:37.909+0000] {logging_mixin.py:154} INFO - [2024-08-26T12:44:37.909+0000] {dagbag.py:536} INFO - Filling up the DagBag from /home/airflow/.local/lib/python3.8/site-packages/airflow/example_dags/example_setup_teardown_taskflow.py
[2024-08-26T12:44:37.925+0000] {processor.py:839} INFO - DAG(s) dict_keys(['example_setup_teardown_taskflow']) retrieved from /home/airflow/.local/lib/python3.8/site-packages/airflow/example_dags/example_setup_teardown_taskflow.py
[2024-08-26T12:44:37.965+0000] {logging_mixin.py:154} INFO - [2024-08-26T12:44:37.964+0000] {dag.py:2941} INFO - Sync 1 DAGs
[2024-08-26T12:44:38.005+0000] {logging_mixin.py:154} INFO - [2024-08-26T12:44:38.005+0000] {dag.py:3722} INFO - Setting next_dagrun for example_setup_teardown_taskflow to 2024-08-25T12:44:38.004986+00:00, run_after=2024-08-26T12:44:38.004986+00:00
[2024-08-26T12:44:38.043+0000] {processor.py:179} INFO - Processing /home/airflow/.local/lib/python3.8/site-packages/airflow/example_dags/example_setup_teardown_taskflow.py took 0.146 seconds
[2024-08-26T12:45:08.747+0000] {processor.py:157} INFO - Started process (PID=1236) to work on /home/airflow/.local/lib/python3.8/site-packages/airflow/example_dags/example_setup_teardown_taskflow.py
[2024-08-26T12:45:08.749+0000] {processor.py:829} INFO - Processing file /home/airflow/.local/lib/python3.8/site-packages/airflow/example_dags/example_setup_teardown_taskflow.py for tasks to queue
[2024-08-26T12:45:08.753+0000] {logging_mixin.py:154} INFO - [2024-08-26T12:45:08.752+0000] {dagbag.py:536} INFO - Filling up the DagBag from /home/airflow/.local/lib/python3.8/site-packages/airflow/example_dags/example_setup_teardown_taskflow.py
[2024-08-26T12:45:08.774+0000] {processor.py:839} INFO - DAG(s) dict_keys(['example_setup_teardown_taskflow']) retrieved from /home/airflow/.local/lib/python3.8/site-packages/airflow/example_dags/example_setup_teardown_taskflow.py
[2024-08-26T12:45:08.817+0000] {logging_mixin.py:154} INFO - [2024-08-26T12:45:08.817+0000] {dag.py:2941} INFO - Sync 1 DAGs
[2024-08-26T12:45:08.865+0000] {logging_mixin.py:154} INFO - [2024-08-26T12:45:08.864+0000] {dag.py:3722} INFO - Setting next_dagrun for example_setup_teardown_taskflow to 2024-08-25T12:45:08.864235+00:00, run_after=2024-08-26T12:45:08.864235+00:00
[2024-08-26T12:45:08.902+0000] {processor.py:179} INFO - Processing /home/airflow/.local/lib/python3.8/site-packages/airflow/example_dags/example_setup_teardown_taskflow.py took 0.162 seconds
[2024-08-26T12:45:39.294+0000] {processor.py:157} INFO - Started process (PID=1302) to work on /home/airflow/.local/lib/python3.8/site-packages/airflow/example_dags/example_setup_teardown_taskflow.py
[2024-08-26T12:45:39.295+0000] {processor.py:829} INFO - Processing file /home/airflow/.local/lib/python3.8/site-packages/airflow/example_dags/example_setup_teardown_taskflow.py for tasks to queue
[2024-08-26T12:45:39.299+0000] {logging_mixin.py:154} INFO - [2024-08-26T12:45:39.298+0000] {dagbag.py:536} INFO - Filling up the DagBag from /home/airflow/.local/lib/python3.8/site-packages/airflow/example_dags/example_setup_teardown_taskflow.py
[2024-08-26T12:45:39.318+0000] {processor.py:839} INFO - DAG(s) dict_keys(['example_setup_teardown_taskflow']) retrieved from /home/airflow/.local/lib/python3.8/site-packages/airflow/example_dags/example_setup_teardown_taskflow.py
[2024-08-26T12:45:39.359+0000] {logging_mixin.py:154} INFO - [2024-08-26T12:45:39.358+0000] {dag.py:2941} INFO - Sync 1 DAGs
[2024-08-26T12:45:39.405+0000] {logging_mixin.py:154} INFO - [2024-08-26T12:45:39.405+0000] {dag.py:3722} INFO - Setting next_dagrun for example_setup_teardown_taskflow to 2024-08-25T12:45:39.404832+00:00, run_after=2024-08-26T12:45:39.404832+00:00
[2024-08-26T12:45:39.448+0000] {processor.py:179} INFO - Processing /home/airflow/.local/lib/python3.8/site-packages/airflow/example_dags/example_setup_teardown_taskflow.py took 0.160 seconds
[2024-08-26T12:46:09.816+0000] {processor.py:157} INFO - Started process (PID=1368) to work on /home/airflow/.local/lib/python3.8/site-packages/airflow/example_dags/example_setup_teardown_taskflow.py
[2024-08-26T12:46:09.818+0000] {processor.py:829} INFO - Processing file /home/airflow/.local/lib/python3.8/site-packages/airflow/example_dags/example_setup_teardown_taskflow.py for tasks to queue
[2024-08-26T12:46:09.822+0000] {logging_mixin.py:154} INFO - [2024-08-26T12:46:09.822+0000] {dagbag.py:536} INFO - Filling up the DagBag from /home/airflow/.local/lib/python3.8/site-packages/airflow/example_dags/example_setup_teardown_taskflow.py
[2024-08-26T12:46:09.843+0000] {processor.py:839} INFO - DAG(s) dict_keys(['example_setup_teardown_taskflow']) retrieved from /home/airflow/.local/lib/python3.8/site-packages/airflow/example_dags/example_setup_teardown_taskflow.py
[2024-08-26T12:46:09.884+0000] {logging_mixin.py:154} INFO - [2024-08-26T12:46:09.884+0000] {dag.py:2941} INFO - Sync 1 DAGs
[2024-08-26T12:46:09.931+0000] {logging_mixin.py:154} INFO - [2024-08-26T12:46:09.931+0000] {dag.py:3722} INFO - Setting next_dagrun for example_setup_teardown_taskflow to 2024-08-25T12:46:09.930668+00:00, run_after=2024-08-26T12:46:09.930668+00:00
[2024-08-26T12:46:09.980+0000] {processor.py:179} INFO - Processing /home/airflow/.local/lib/python3.8/site-packages/airflow/example_dags/example_setup_teardown_taskflow.py took 0.170 seconds
[2024-08-26T12:46:40.538+0000] {processor.py:157} INFO - Started process (PID=1434) to work on /home/airflow/.local/lib/python3.8/site-packages/airflow/example_dags/example_setup_teardown_taskflow.py
[2024-08-26T12:46:40.540+0000] {processor.py:829} INFO - Processing file /home/airflow/.local/lib/python3.8/site-packages/airflow/example_dags/example_setup_teardown_taskflow.py for tasks to queue
[2024-08-26T12:46:40.546+0000] {logging_mixin.py:154} INFO - [2024-08-26T12:46:40.545+0000] {dagbag.py:536} INFO - Filling up the DagBag from /home/airflow/.local/lib/python3.8/site-packages/airflow/example_dags/example_setup_teardown_taskflow.py
[2024-08-26T12:46:40.568+0000] {processor.py:839} INFO - DAG(s) dict_keys(['example_setup_teardown_taskflow']) retrieved from /home/airflow/.local/lib/python3.8/site-packages/airflow/example_dags/example_setup_teardown_taskflow.py
[2024-08-26T12:46:40.607+0000] {logging_mixin.py:154} INFO - [2024-08-26T12:46:40.607+0000] {dag.py:2941} INFO - Sync 1 DAGs
[2024-08-26T12:46:40.644+0000] {logging_mixin.py:154} INFO - [2024-08-26T12:46:40.644+0000] {dag.py:3722} INFO - Setting next_dagrun for example_setup_teardown_taskflow to 2024-08-25T12:46:40.644214+00:00, run_after=2024-08-26T12:46:40.644214+00:00
[2024-08-26T12:46:40.717+0000] {processor.py:179} INFO - Processing /home/airflow/.local/lib/python3.8/site-packages/airflow/example_dags/example_setup_teardown_taskflow.py took 0.187 seconds
[2024-08-26T12:47:10.910+0000] {processor.py:157} INFO - Started process (PID=1500) to work on /home/airflow/.local/lib/python3.8/site-packages/airflow/example_dags/example_setup_teardown_taskflow.py
[2024-08-26T12:47:10.912+0000] {processor.py:829} INFO - Processing file /home/airflow/.local/lib/python3.8/site-packages/airflow/example_dags/example_setup_teardown_taskflow.py for tasks to queue
[2024-08-26T12:47:10.915+0000] {logging_mixin.py:154} INFO - [2024-08-26T12:47:10.915+0000] {dagbag.py:536} INFO - Filling up the DagBag from /home/airflow/.local/lib/python3.8/site-packages/airflow/example_dags/example_setup_teardown_taskflow.py
[2024-08-26T12:47:10.933+0000] {processor.py:839} INFO - DAG(s) dict_keys(['example_setup_teardown_taskflow']) retrieved from /home/airflow/.local/lib/python3.8/site-packages/airflow/example_dags/example_setup_teardown_taskflow.py
[2024-08-26T12:47:10.977+0000] {logging_mixin.py:154} INFO - [2024-08-26T12:47:10.977+0000] {dag.py:2941} INFO - Sync 1 DAGs
[2024-08-26T12:47:11.016+0000] {logging_mixin.py:154} INFO - [2024-08-26T12:47:11.016+0000] {dag.py:3722} INFO - Setting next_dagrun for example_setup_teardown_taskflow to 2024-08-25T12:47:11.016087+00:00, run_after=2024-08-26T12:47:11.016087+00:00
[2024-08-26T12:47:11.051+0000] {processor.py:179} INFO - Processing /home/airflow/.local/lib/python3.8/site-packages/airflow/example_dags/example_setup_teardown_taskflow.py took 0.147 seconds
[2024-08-26T12:47:41.880+0000] {processor.py:157} INFO - Started process (PID=1567) to work on /home/airflow/.local/lib/python3.8/site-packages/airflow/example_dags/example_setup_teardown_taskflow.py
[2024-08-26T12:47:41.881+0000] {processor.py:829} INFO - Processing file /home/airflow/.local/lib/python3.8/site-packages/airflow/example_dags/example_setup_teardown_taskflow.py for tasks to queue
[2024-08-26T12:47:41.885+0000] {logging_mixin.py:154} INFO - [2024-08-26T12:47:41.884+0000] {dagbag.py:536} INFO - Filling up the DagBag from /home/airflow/.local/lib/python3.8/site-packages/airflow/example_dags/example_setup_teardown_taskflow.py
[2024-08-26T12:47:41.901+0000] {processor.py:839} INFO - DAG(s) dict_keys(['example_setup_teardown_taskflow']) retrieved from /home/airflow/.local/lib/python3.8/site-packages/airflow/example_dags/example_setup_teardown_taskflow.py
[2024-08-26T12:47:41.941+0000] {logging_mixin.py:154} INFO - [2024-08-26T12:47:41.940+0000] {dag.py:2941} INFO - Sync 1 DAGs
[2024-08-26T12:47:41.982+0000] {logging_mixin.py:154} INFO - [2024-08-26T12:47:41.982+0000] {dag.py:3722} INFO - Setting next_dagrun for example_setup_teardown_taskflow to 2024-08-25T12:47:41.981916+00:00, run_after=2024-08-26T12:47:41.981916+00:00
[2024-08-26T12:47:42.020+0000] {processor.py:179} INFO - Processing /home/airflow/.local/lib/python3.8/site-packages/airflow/example_dags/example_setup_teardown_taskflow.py took 0.146 seconds
[2024-08-26T12:48:12.260+0000] {processor.py:157} INFO - Started process (PID=1633) to work on /home/airflow/.local/lib/python3.8/site-packages/airflow/example_dags/example_setup_teardown_taskflow.py
[2024-08-26T12:48:12.261+0000] {processor.py:829} INFO - Processing file /home/airflow/.local/lib/python3.8/site-packages/airflow/example_dags/example_setup_teardown_taskflow.py for tasks to queue
[2024-08-26T12:48:12.265+0000] {logging_mixin.py:154} INFO - [2024-08-26T12:48:12.264+0000] {dagbag.py:536} INFO - Filling up the DagBag from /home/airflow/.local/lib/python3.8/site-packages/airflow/example_dags/example_setup_teardown_taskflow.py
[2024-08-26T12:48:12.283+0000] {processor.py:839} INFO - DAG(s) dict_keys(['example_setup_teardown_taskflow']) retrieved from /home/airflow/.local/lib/python3.8/site-packages/airflow/example_dags/example_setup_teardown_taskflow.py
[2024-08-26T12:48:12.329+0000] {logging_mixin.py:154} INFO - [2024-08-26T12:48:12.329+0000] {dag.py:2941} INFO - Sync 1 DAGs
[2024-08-26T12:48:12.373+0000] {logging_mixin.py:154} INFO - [2024-08-26T12:48:12.372+0000] {dag.py:3722} INFO - Setting next_dagrun for example_setup_teardown_taskflow to 2024-08-25T12:48:12.372395+00:00, run_after=2024-08-26T12:48:12.372395+00:00
[2024-08-26T12:48:12.409+0000] {processor.py:179} INFO - Processing /home/airflow/.local/lib/python3.8/site-packages/airflow/example_dags/example_setup_teardown_taskflow.py took 0.156 seconds
[2024-08-26T12:49:38.910+0000] {processor.py:157} INFO - Started process (PID=1701) to work on /home/airflow/.local/lib/python3.8/site-packages/airflow/example_dags/example_setup_teardown_taskflow.py
[2024-08-26T12:49:38.912+0000] {processor.py:829} INFO - Processing file /home/airflow/.local/lib/python3.8/site-packages/airflow/example_dags/example_setup_teardown_taskflow.py for tasks to queue
[2024-08-26T12:49:38.916+0000] {logging_mixin.py:154} INFO - [2024-08-26T12:49:38.916+0000] {dagbag.py:536} INFO - Filling up the DagBag from /home/airflow/.local/lib/python3.8/site-packages/airflow/example_dags/example_setup_teardown_taskflow.py
[2024-08-26T12:49:38.938+0000] {processor.py:839} INFO - DAG(s) dict_keys(['example_setup_teardown_taskflow']) retrieved from /home/airflow/.local/lib/python3.8/site-packages/airflow/example_dags/example_setup_teardown_taskflow.py
[2024-08-26T12:49:38.982+0000] {logging_mixin.py:154} INFO - [2024-08-26T12:49:38.982+0000] {dag.py:2941} INFO - Sync 1 DAGs
[2024-08-26T12:49:39.023+0000] {logging_mixin.py:154} INFO - [2024-08-26T12:49:39.022+0000] {dag.py:3722} INFO - Setting next_dagrun for example_setup_teardown_taskflow to 2024-08-25T12:49:39.022384+00:00, run_after=2024-08-26T12:49:39.022384+00:00
[2024-08-26T12:49:39.056+0000] {processor.py:179} INFO - Processing /home/airflow/.local/lib/python3.8/site-packages/airflow/example_dags/example_setup_teardown_taskflow.py took 0.153 seconds
[2024-08-26T12:50:10.278+0000] {processor.py:157} INFO - Started process (PID=1767) to work on /home/airflow/.local/lib/python3.8/site-packages/airflow/example_dags/example_setup_teardown_taskflow.py
[2024-08-26T12:50:10.280+0000] {processor.py:829} INFO - Processing file /home/airflow/.local/lib/python3.8/site-packages/airflow/example_dags/example_setup_teardown_taskflow.py for tasks to queue
[2024-08-26T12:50:10.284+0000] {logging_mixin.py:154} INFO - [2024-08-26T12:50:10.284+0000] {dagbag.py:536} INFO - Filling up the DagBag from /home/airflow/.local/lib/python3.8/site-packages/airflow/example_dags/example_setup_teardown_taskflow.py
[2024-08-26T12:50:10.307+0000] {processor.py:839} INFO - DAG(s) dict_keys(['example_setup_teardown_taskflow']) retrieved from /home/airflow/.local/lib/python3.8/site-packages/airflow/example_dags/example_setup_teardown_taskflow.py
[2024-08-26T12:50:10.355+0000] {logging_mixin.py:154} INFO - [2024-08-26T12:50:10.355+0000] {dag.py:2941} INFO - Sync 1 DAGs
[2024-08-26T12:50:10.403+0000] {logging_mixin.py:154} INFO - [2024-08-26T12:50:10.403+0000] {dag.py:3722} INFO - Setting next_dagrun for example_setup_teardown_taskflow to 2024-08-25T12:50:10.402984+00:00, run_after=2024-08-26T12:50:10.402984+00:00
[2024-08-26T12:50:10.439+0000] {processor.py:179} INFO - Processing /home/airflow/.local/lib/python3.8/site-packages/airflow/example_dags/example_setup_teardown_taskflow.py took 0.169 seconds
[2024-08-26T12:50:41.582+0000] {processor.py:157} INFO - Started process (PID=1833) to work on /home/airflow/.local/lib/python3.8/site-packages/airflow/example_dags/example_setup_teardown_taskflow.py
[2024-08-26T12:50:41.584+0000] {processor.py:829} INFO - Processing file /home/airflow/.local/lib/python3.8/site-packages/airflow/example_dags/example_setup_teardown_taskflow.py for tasks to queue
[2024-08-26T12:50:41.588+0000] {logging_mixin.py:154} INFO - [2024-08-26T12:50:41.587+0000] {dagbag.py:536} INFO - Filling up the DagBag from /home/airflow/.local/lib/python3.8/site-packages/airflow/example_dags/example_setup_teardown_taskflow.py
[2024-08-26T12:50:41.605+0000] {processor.py:839} INFO - DAG(s) dict_keys(['example_setup_teardown_taskflow']) retrieved from /home/airflow/.local/lib/python3.8/site-packages/airflow/example_dags/example_setup_teardown_taskflow.py
[2024-08-26T12:50:41.650+0000] {logging_mixin.py:154} INFO - [2024-08-26T12:50:41.649+0000] {dag.py:2941} INFO - Sync 1 DAGs
[2024-08-26T12:50:41.691+0000] {logging_mixin.py:154} INFO - [2024-08-26T12:50:41.690+0000] {dag.py:3722} INFO - Setting next_dagrun for example_setup_teardown_taskflow to 2024-08-25T12:50:41.690389+00:00, run_after=2024-08-26T12:50:41.690389+00:00
[2024-08-26T12:50:41.728+0000] {processor.py:179} INFO - Processing /home/airflow/.local/lib/python3.8/site-packages/airflow/example_dags/example_setup_teardown_taskflow.py took 0.152 seconds
[2024-08-26T12:51:13.258+0000] {processor.py:157} INFO - Started process (PID=1899) to work on /home/airflow/.local/lib/python3.8/site-packages/airflow/example_dags/example_setup_teardown_taskflow.py
[2024-08-26T12:51:13.260+0000] {processor.py:829} INFO - Processing file /home/airflow/.local/lib/python3.8/site-packages/airflow/example_dags/example_setup_teardown_taskflow.py for tasks to queue
[2024-08-26T12:51:13.263+0000] {logging_mixin.py:154} INFO - [2024-08-26T12:51:13.263+0000] {dagbag.py:536} INFO - Filling up the DagBag from /home/airflow/.local/lib/python3.8/site-packages/airflow/example_dags/example_setup_teardown_taskflow.py
[2024-08-26T12:51:13.279+0000] {processor.py:839} INFO - DAG(s) dict_keys(['example_setup_teardown_taskflow']) retrieved from /home/airflow/.local/lib/python3.8/site-packages/airflow/example_dags/example_setup_teardown_taskflow.py
[2024-08-26T12:51:13.319+0000] {logging_mixin.py:154} INFO - [2024-08-26T12:51:13.319+0000] {dag.py:2941} INFO - Sync 1 DAGs
[2024-08-26T12:51:13.361+0000] {logging_mixin.py:154} INFO - [2024-08-26T12:51:13.361+0000] {dag.py:3722} INFO - Setting next_dagrun for example_setup_teardown_taskflow to 2024-08-25T12:51:13.360944+00:00, run_after=2024-08-26T12:51:13.360944+00:00
[2024-08-26T12:51:13.399+0000] {processor.py:179} INFO - Processing /home/airflow/.local/lib/python3.8/site-packages/airflow/example_dags/example_setup_teardown_taskflow.py took 0.146 seconds
[2024-08-26T12:51:44.385+0000] {processor.py:157} INFO - Started process (PID=1966) to work on /home/airflow/.local/lib/python3.8/site-packages/airflow/example_dags/example_setup_teardown_taskflow.py
[2024-08-26T12:51:44.387+0000] {processor.py:829} INFO - Processing file /home/airflow/.local/lib/python3.8/site-packages/airflow/example_dags/example_setup_teardown_taskflow.py for tasks to queue
[2024-08-26T12:51:44.390+0000] {logging_mixin.py:154} INFO - [2024-08-26T12:51:44.390+0000] {dagbag.py:536} INFO - Filling up the DagBag from /home/airflow/.local/lib/python3.8/site-packages/airflow/example_dags/example_setup_teardown_taskflow.py
[2024-08-26T12:51:44.406+0000] {processor.py:839} INFO - DAG(s) dict_keys(['example_setup_teardown_taskflow']) retrieved from /home/airflow/.local/lib/python3.8/site-packages/airflow/example_dags/example_setup_teardown_taskflow.py
[2024-08-26T12:51:44.448+0000] {logging_mixin.py:154} INFO - [2024-08-26T12:51:44.448+0000] {dag.py:2941} INFO - Sync 1 DAGs
[2024-08-26T12:51:44.488+0000] {logging_mixin.py:154} INFO - [2024-08-26T12:51:44.487+0000] {dag.py:3722} INFO - Setting next_dagrun for example_setup_teardown_taskflow to 2024-08-25T12:51:44.487231+00:00, run_after=2024-08-26T12:51:44.487231+00:00
[2024-08-26T12:51:44.567+0000] {processor.py:179} INFO - Processing /home/airflow/.local/lib/python3.8/site-packages/airflow/example_dags/example_setup_teardown_taskflow.py took 0.187 seconds
[2024-08-26T12:52:15.465+0000] {processor.py:157} INFO - Started process (PID=2032) to work on /home/airflow/.local/lib/python3.8/site-packages/airflow/example_dags/example_setup_teardown_taskflow.py
[2024-08-26T12:52:15.467+0000] {processor.py:829} INFO - Processing file /home/airflow/.local/lib/python3.8/site-packages/airflow/example_dags/example_setup_teardown_taskflow.py for tasks to queue
[2024-08-26T12:52:15.471+0000] {logging_mixin.py:154} INFO - [2024-08-26T12:52:15.471+0000] {dagbag.py:536} INFO - Filling up the DagBag from /home/airflow/.local/lib/python3.8/site-packages/airflow/example_dags/example_setup_teardown_taskflow.py
[2024-08-26T12:52:15.487+0000] {processor.py:839} INFO - DAG(s) dict_keys(['example_setup_teardown_taskflow']) retrieved from /home/airflow/.local/lib/python3.8/site-packages/airflow/example_dags/example_setup_teardown_taskflow.py
[2024-08-26T12:52:15.528+0000] {logging_mixin.py:154} INFO - [2024-08-26T12:52:15.528+0000] {dag.py:2941} INFO - Sync 1 DAGs
[2024-08-26T12:52:15.567+0000] {logging_mixin.py:154} INFO - [2024-08-26T12:52:15.567+0000] {dag.py:3722} INFO - Setting next_dagrun for example_setup_teardown_taskflow to 2024-08-25T12:52:15.566797+00:00, run_after=2024-08-26T12:52:15.566797+00:00
[2024-08-26T12:52:15.642+0000] {processor.py:179} INFO - Processing /home/airflow/.local/lib/python3.8/site-packages/airflow/example_dags/example_setup_teardown_taskflow.py took 0.183 seconds
[2024-08-26T12:52:45.997+0000] {processor.py:157} INFO - Started process (PID=2098) to work on /home/airflow/.local/lib/python3.8/site-packages/airflow/example_dags/example_setup_teardown_taskflow.py
[2024-08-26T12:52:45.999+0000] {processor.py:829} INFO - Processing file /home/airflow/.local/lib/python3.8/site-packages/airflow/example_dags/example_setup_teardown_taskflow.py for tasks to queue
[2024-08-26T12:52:46.003+0000] {logging_mixin.py:154} INFO - [2024-08-26T12:52:46.003+0000] {dagbag.py:536} INFO - Filling up the DagBag from /home/airflow/.local/lib/python3.8/site-packages/airflow/example_dags/example_setup_teardown_taskflow.py
[2024-08-26T12:52:46.021+0000] {processor.py:839} INFO - DAG(s) dict_keys(['example_setup_teardown_taskflow']) retrieved from /home/airflow/.local/lib/python3.8/site-packages/airflow/example_dags/example_setup_teardown_taskflow.py
[2024-08-26T12:52:46.063+0000] {logging_mixin.py:154} INFO - [2024-08-26T12:52:46.063+0000] {dag.py:2941} INFO - Sync 1 DAGs
[2024-08-26T12:52:46.115+0000] {logging_mixin.py:154} INFO - [2024-08-26T12:52:46.114+0000] {dag.py:3722} INFO - Setting next_dagrun for example_setup_teardown_taskflow to 2024-08-25T12:52:46.114446+00:00, run_after=2024-08-26T12:52:46.114446+00:00
[2024-08-26T12:52:46.150+0000] {processor.py:179} INFO - Processing /home/airflow/.local/lib/python3.8/site-packages/airflow/example_dags/example_setup_teardown_taskflow.py took 0.160 seconds
[2024-08-26T12:53:17.428+0000] {processor.py:157} INFO - Started process (PID=2164) to work on /home/airflow/.local/lib/python3.8/site-packages/airflow/example_dags/example_setup_teardown_taskflow.py
[2024-08-26T12:53:17.430+0000] {processor.py:829} INFO - Processing file /home/airflow/.local/lib/python3.8/site-packages/airflow/example_dags/example_setup_teardown_taskflow.py for tasks to queue
[2024-08-26T12:53:17.434+0000] {logging_mixin.py:154} INFO - [2024-08-26T12:53:17.433+0000] {dagbag.py:536} INFO - Filling up the DagBag from /home/airflow/.local/lib/python3.8/site-packages/airflow/example_dags/example_setup_teardown_taskflow.py
[2024-08-26T12:53:17.450+0000] {processor.py:839} INFO - DAG(s) dict_keys(['example_setup_teardown_taskflow']) retrieved from /home/airflow/.local/lib/python3.8/site-packages/airflow/example_dags/example_setup_teardown_taskflow.py
[2024-08-26T12:53:17.498+0000] {logging_mixin.py:154} INFO - [2024-08-26T12:53:17.497+0000] {dag.py:2941} INFO - Sync 1 DAGs
[2024-08-26T12:53:17.536+0000] {logging_mixin.py:154} INFO - [2024-08-26T12:53:17.535+0000] {dag.py:3722} INFO - Setting next_dagrun for example_setup_teardown_taskflow to 2024-08-25T12:53:17.535450+00:00, run_after=2024-08-26T12:53:17.535450+00:00
[2024-08-26T12:53:17.802+0000] {processor.py:179} INFO - Processing /home/airflow/.local/lib/python3.8/site-packages/airflow/example_dags/example_setup_teardown_taskflow.py took 0.381 seconds
[2024-08-26T12:54:02.835+0000] {processor.py:157} INFO - Started process (PID=2222) to work on /home/airflow/.local/lib/python3.8/site-packages/airflow/example_dags/example_setup_teardown_taskflow.py
[2024-08-26T12:54:02.837+0000] {processor.py:829} INFO - Processing file /home/airflow/.local/lib/python3.8/site-packages/airflow/example_dags/example_setup_teardown_taskflow.py for tasks to queue
[2024-08-26T12:54:02.840+0000] {logging_mixin.py:154} INFO - [2024-08-26T12:54:02.840+0000] {dagbag.py:536} INFO - Filling up the DagBag from /home/airflow/.local/lib/python3.8/site-packages/airflow/example_dags/example_setup_teardown_taskflow.py
[2024-08-26T12:54:02.856+0000] {processor.py:839} INFO - DAG(s) dict_keys(['example_setup_teardown_taskflow']) retrieved from /home/airflow/.local/lib/python3.8/site-packages/airflow/example_dags/example_setup_teardown_taskflow.py
[2024-08-26T12:54:02.898+0000] {logging_mixin.py:154} INFO - [2024-08-26T12:54:02.898+0000] {dag.py:2941} INFO - Sync 1 DAGs
[2024-08-26T12:54:02.939+0000] {logging_mixin.py:154} INFO - [2024-08-26T12:54:02.938+0000] {dag.py:3722} INFO - Setting next_dagrun for example_setup_teardown_taskflow to 2024-08-25T12:54:02.938363+00:00, run_after=2024-08-26T12:54:02.938363+00:00
[2024-08-26T12:54:03.012+0000] {processor.py:179} INFO - Processing /home/airflow/.local/lib/python3.8/site-packages/airflow/example_dags/example_setup_teardown_taskflow.py took 0.183 seconds
[2024-08-26T12:54:36.298+0000] {processor.py:157} INFO - Started process (PID=2295) to work on /home/airflow/.local/lib/python3.8/site-packages/airflow/example_dags/example_setup_teardown_taskflow.py
[2024-08-26T12:54:36.300+0000] {processor.py:829} INFO - Processing file /home/airflow/.local/lib/python3.8/site-packages/airflow/example_dags/example_setup_teardown_taskflow.py for tasks to queue
[2024-08-26T12:54:36.303+0000] {logging_mixin.py:154} INFO - [2024-08-26T12:54:36.302+0000] {dagbag.py:536} INFO - Filling up the DagBag from /home/airflow/.local/lib/python3.8/site-packages/airflow/example_dags/example_setup_teardown_taskflow.py
[2024-08-26T12:54:36.320+0000] {processor.py:839} INFO - DAG(s) dict_keys(['example_setup_teardown_taskflow']) retrieved from /home/airflow/.local/lib/python3.8/site-packages/airflow/example_dags/example_setup_teardown_taskflow.py
[2024-08-26T12:54:36.363+0000] {logging_mixin.py:154} INFO - [2024-08-26T12:54:36.363+0000] {dag.py:2941} INFO - Sync 1 DAGs
[2024-08-26T12:54:36.412+0000] {logging_mixin.py:154} INFO - [2024-08-26T12:54:36.412+0000] {dag.py:3722} INFO - Setting next_dagrun for example_setup_teardown_taskflow to 2024-08-25T12:54:36.411891+00:00, run_after=2024-08-26T12:54:36.411891+00:00
[2024-08-26T12:54:36.447+0000] {processor.py:179} INFO - Processing /home/airflow/.local/lib/python3.8/site-packages/airflow/example_dags/example_setup_teardown_taskflow.py took 0.155 seconds
[2024-08-26T12:55:09.280+0000] {processor.py:157} INFO - Started process (PID=2361) to work on /home/airflow/.local/lib/python3.8/site-packages/airflow/example_dags/example_setup_teardown_taskflow.py
[2024-08-26T12:55:09.281+0000] {processor.py:829} INFO - Processing file /home/airflow/.local/lib/python3.8/site-packages/airflow/example_dags/example_setup_teardown_taskflow.py for tasks to queue
[2024-08-26T12:55:09.285+0000] {logging_mixin.py:154} INFO - [2024-08-26T12:55:09.285+0000] {dagbag.py:536} INFO - Filling up the DagBag from /home/airflow/.local/lib/python3.8/site-packages/airflow/example_dags/example_setup_teardown_taskflow.py
[2024-08-26T12:55:09.302+0000] {processor.py:839} INFO - DAG(s) dict_keys(['example_setup_teardown_taskflow']) retrieved from /home/airflow/.local/lib/python3.8/site-packages/airflow/example_dags/example_setup_teardown_taskflow.py
[2024-08-26T12:55:09.341+0000] {logging_mixin.py:154} INFO - [2024-08-26T12:55:09.340+0000] {dag.py:2941} INFO - Sync 1 DAGs
[2024-08-26T12:55:09.587+0000] {logging_mixin.py:154} INFO - [2024-08-26T12:55:09.587+0000] {dag.py:3722} INFO - Setting next_dagrun for example_setup_teardown_taskflow to 2024-08-25T12:55:09.586640+00:00, run_after=2024-08-26T12:55:09.586640+00:00
[2024-08-26T12:55:09.664+0000] {processor.py:179} INFO - Processing /home/airflow/.local/lib/python3.8/site-packages/airflow/example_dags/example_setup_teardown_taskflow.py took 0.390 seconds
[2024-08-26T12:55:40.671+0000] {processor.py:157} INFO - Started process (PID=2427) to work on /home/airflow/.local/lib/python3.8/site-packages/airflow/example_dags/example_setup_teardown_taskflow.py
[2024-08-26T12:55:40.673+0000] {processor.py:829} INFO - Processing file /home/airflow/.local/lib/python3.8/site-packages/airflow/example_dags/example_setup_teardown_taskflow.py for tasks to queue
[2024-08-26T12:55:40.676+0000] {logging_mixin.py:154} INFO - [2024-08-26T12:55:40.676+0000] {dagbag.py:536} INFO - Filling up the DagBag from /home/airflow/.local/lib/python3.8/site-packages/airflow/example_dags/example_setup_teardown_taskflow.py
[2024-08-26T12:55:40.692+0000] {processor.py:839} INFO - DAG(s) dict_keys(['example_setup_teardown_taskflow']) retrieved from /home/airflow/.local/lib/python3.8/site-packages/airflow/example_dags/example_setup_teardown_taskflow.py
[2024-08-26T12:55:40.733+0000] {logging_mixin.py:154} INFO - [2024-08-26T12:55:40.733+0000] {dag.py:2941} INFO - Sync 1 DAGs
[2024-08-26T12:55:40.773+0000] {logging_mixin.py:154} INFO - [2024-08-26T12:55:40.772+0000] {dag.py:3722} INFO - Setting next_dagrun for example_setup_teardown_taskflow to 2024-08-25T12:55:40.772488+00:00, run_after=2024-08-26T12:55:40.772488+00:00
[2024-08-26T12:55:41.037+0000] {processor.py:179} INFO - Processing /home/airflow/.local/lib/python3.8/site-packages/airflow/example_dags/example_setup_teardown_taskflow.py took 0.371 seconds
[2024-08-26T12:56:11.431+0000] {processor.py:157} INFO - Started process (PID=2493) to work on /home/airflow/.local/lib/python3.8/site-packages/airflow/example_dags/example_setup_teardown_taskflow.py
[2024-08-26T12:56:11.433+0000] {processor.py:829} INFO - Processing file /home/airflow/.local/lib/python3.8/site-packages/airflow/example_dags/example_setup_teardown_taskflow.py for tasks to queue
[2024-08-26T12:56:11.437+0000] {logging_mixin.py:154} INFO - [2024-08-26T12:56:11.436+0000] {dagbag.py:536} INFO - Filling up the DagBag from /home/airflow/.local/lib/python3.8/site-packages/airflow/example_dags/example_setup_teardown_taskflow.py
[2024-08-26T12:56:11.454+0000] {processor.py:839} INFO - DAG(s) dict_keys(['example_setup_teardown_taskflow']) retrieved from /home/airflow/.local/lib/python3.8/site-packages/airflow/example_dags/example_setup_teardown_taskflow.py
[2024-08-26T12:56:11.495+0000] {logging_mixin.py:154} INFO - [2024-08-26T12:56:11.495+0000] {dag.py:2941} INFO - Sync 1 DAGs
[2024-08-26T12:56:11.538+0000] {logging_mixin.py:154} INFO - [2024-08-26T12:56:11.538+0000] {dag.py:3722} INFO - Setting next_dagrun for example_setup_teardown_taskflow to 2024-08-25T12:56:11.537726+00:00, run_after=2024-08-26T12:56:11.537726+00:00
[2024-08-26T12:56:11.612+0000] {processor.py:179} INFO - Processing /home/airflow/.local/lib/python3.8/site-packages/airflow/example_dags/example_setup_teardown_taskflow.py took 0.186 seconds
