[2024-08-26T08:44:55.113+0000] {processor.py:157} INFO - Started process (PID=85) to work on /home/airflow/.local/lib/python3.8/site-packages/airflow/example_dags/example_setup_teardown.py
[2024-08-26T08:44:55.114+0000] {processor.py:829} INFO - Processing file /home/airflow/.local/lib/python3.8/site-packages/airflow/example_dags/example_setup_teardown.py for tasks to queue
[2024-08-26T08:44:55.116+0000] {logging_mixin.py:154} INFO - [2024-08-26T08:44:55.116+0000] {dagbag.py:536} INFO - Filling up the DagBag from /home/airflow/.local/lib/python3.8/site-packages/airflow/example_dags/example_setup_teardown.py
[2024-08-26T08:44:55.122+0000] {processor.py:839} INFO - DAG(s) dict_keys(['example_setup_teardown']) retrieved from /home/airflow/.local/lib/python3.8/site-packages/airflow/example_dags/example_setup_teardown.py
[2024-08-26T08:44:55.143+0000] {logging_mixin.py:154} INFO - [2024-08-26T08:44:55.142+0000] {dag.py:2941} INFO - Sync 1 DAGs
[2024-08-26T08:44:55.165+0000] {logging_mixin.py:154} INFO - [2024-08-26T08:44:55.165+0000] {dag.py:3722} INFO - Setting next_dagrun for example_setup_teardown to 2024-08-25T08:44:55.165367+00:00, run_after=2024-08-26T08:44:55.165367+00:00
[2024-08-26T08:44:55.188+0000] {processor.py:179} INFO - Processing /home/airflow/.local/lib/python3.8/site-packages/airflow/example_dags/example_setup_teardown.py took 0.078 seconds
[2024-08-26T12:36:21.210+0000] {processor.py:157} INFO - Started process (PID=94) to work on /home/airflow/.local/lib/python3.8/site-packages/airflow/example_dags/example_setup_teardown.py
[2024-08-26T12:36:21.212+0000] {processor.py:829} INFO - Processing file /home/airflow/.local/lib/python3.8/site-packages/airflow/example_dags/example_setup_teardown.py for tasks to queue
[2024-08-26T12:36:21.215+0000] {logging_mixin.py:154} INFO - [2024-08-26T12:36:21.214+0000] {dagbag.py:536} INFO - Filling up the DagBag from /home/airflow/.local/lib/python3.8/site-packages/airflow/example_dags/example_setup_teardown.py
[2024-08-26T12:36:21.225+0000] {processor.py:839} INFO - DAG(s) dict_keys(['example_setup_teardown']) retrieved from /home/airflow/.local/lib/python3.8/site-packages/airflow/example_dags/example_setup_teardown.py
[2024-08-26T12:36:21.252+0000] {logging_mixin.py:154} INFO - [2024-08-26T12:36:21.252+0000] {dag.py:2941} INFO - Sync 1 DAGs
[2024-08-26T12:36:21.276+0000] {logging_mixin.py:154} INFO - [2024-08-26T12:36:21.276+0000] {dag.py:3722} INFO - Setting next_dagrun for example_setup_teardown to 2024-08-25T12:36:21.276347+00:00, run_after=2024-08-26T12:36:21.276347+00:00
[2024-08-26T12:36:21.301+0000] {processor.py:179} INFO - Processing /home/airflow/.local/lib/python3.8/site-packages/airflow/example_dags/example_setup_teardown.py took 0.095 seconds
[2024-08-26T12:36:53.837+0000] {processor.py:157} INFO - Started process (PID=168) to work on /home/airflow/.local/lib/python3.8/site-packages/airflow/example_dags/example_setup_teardown.py
[2024-08-26T12:36:53.839+0000] {processor.py:829} INFO - Processing file /home/airflow/.local/lib/python3.8/site-packages/airflow/example_dags/example_setup_teardown.py for tasks to queue
[2024-08-26T12:36:53.843+0000] {logging_mixin.py:154} INFO - [2024-08-26T12:36:53.842+0000] {dagbag.py:536} INFO - Filling up the DagBag from /home/airflow/.local/lib/python3.8/site-packages/airflow/example_dags/example_setup_teardown.py
[2024-08-26T12:36:53.856+0000] {processor.py:839} INFO - DAG(s) dict_keys(['example_setup_teardown']) retrieved from /home/airflow/.local/lib/python3.8/site-packages/airflow/example_dags/example_setup_teardown.py
[2024-08-26T12:36:53.901+0000] {logging_mixin.py:154} INFO - [2024-08-26T12:36:53.900+0000] {dag.py:2941} INFO - Sync 1 DAGs
[2024-08-26T12:36:53.951+0000] {logging_mixin.py:154} INFO - [2024-08-26T12:36:53.950+0000] {dag.py:3722} INFO - Setting next_dagrun for example_setup_teardown to 2024-08-25T12:36:53.950324+00:00, run_after=2024-08-26T12:36:53.950324+00:00
[2024-08-26T12:36:53.985+0000] {processor.py:179} INFO - Processing /home/airflow/.local/lib/python3.8/site-packages/airflow/example_dags/example_setup_teardown.py took 0.154 seconds
[2024-08-26T12:37:25.295+0000] {processor.py:157} INFO - Started process (PID=234) to work on /home/airflow/.local/lib/python3.8/site-packages/airflow/example_dags/example_setup_teardown.py
[2024-08-26T12:37:25.296+0000] {processor.py:829} INFO - Processing file /home/airflow/.local/lib/python3.8/site-packages/airflow/example_dags/example_setup_teardown.py for tasks to queue
[2024-08-26T12:37:25.300+0000] {logging_mixin.py:154} INFO - [2024-08-26T12:37:25.300+0000] {dagbag.py:536} INFO - Filling up the DagBag from /home/airflow/.local/lib/python3.8/site-packages/airflow/example_dags/example_setup_teardown.py
[2024-08-26T12:37:25.312+0000] {processor.py:839} INFO - DAG(s) dict_keys(['example_setup_teardown']) retrieved from /home/airflow/.local/lib/python3.8/site-packages/airflow/example_dags/example_setup_teardown.py
[2024-08-26T12:37:25.353+0000] {logging_mixin.py:154} INFO - [2024-08-26T12:37:25.353+0000] {dag.py:2941} INFO - Sync 1 DAGs
[2024-08-26T12:37:25.407+0000] {logging_mixin.py:154} INFO - [2024-08-26T12:37:25.407+0000] {dag.py:3722} INFO - Setting next_dagrun for example_setup_teardown to 2024-08-25T12:37:25.407130+00:00, run_after=2024-08-26T12:37:25.407130+00:00
[2024-08-26T12:37:25.445+0000] {processor.py:179} INFO - Processing /home/airflow/.local/lib/python3.8/site-packages/airflow/example_dags/example_setup_teardown.py took 0.156 seconds
[2024-08-26T12:37:56.090+0000] {processor.py:157} INFO - Started process (PID=300) to work on /home/airflow/.local/lib/python3.8/site-packages/airflow/example_dags/example_setup_teardown.py
[2024-08-26T12:37:56.092+0000] {processor.py:829} INFO - Processing file /home/airflow/.local/lib/python3.8/site-packages/airflow/example_dags/example_setup_teardown.py for tasks to queue
[2024-08-26T12:37:56.096+0000] {logging_mixin.py:154} INFO - [2024-08-26T12:37:56.095+0000] {dagbag.py:536} INFO - Filling up the DagBag from /home/airflow/.local/lib/python3.8/site-packages/airflow/example_dags/example_setup_teardown.py
[2024-08-26T12:37:56.110+0000] {processor.py:839} INFO - DAG(s) dict_keys(['example_setup_teardown']) retrieved from /home/airflow/.local/lib/python3.8/site-packages/airflow/example_dags/example_setup_teardown.py
[2024-08-26T12:37:56.163+0000] {logging_mixin.py:154} INFO - [2024-08-26T12:37:56.162+0000] {dag.py:2941} INFO - Sync 1 DAGs
[2024-08-26T12:37:56.211+0000] {logging_mixin.py:154} INFO - [2024-08-26T12:37:56.210+0000] {dag.py:3722} INFO - Setting next_dagrun for example_setup_teardown to 2024-08-25T12:37:56.210360+00:00, run_after=2024-08-26T12:37:56.210360+00:00
[2024-08-26T12:37:56.249+0000] {processor.py:179} INFO - Processing /home/airflow/.local/lib/python3.8/site-packages/airflow/example_dags/example_setup_teardown.py took 0.165 seconds
[2024-08-26T12:38:27.138+0000] {processor.py:157} INFO - Started process (PID=367) to work on /home/airflow/.local/lib/python3.8/site-packages/airflow/example_dags/example_setup_teardown.py
[2024-08-26T12:38:27.140+0000] {processor.py:829} INFO - Processing file /home/airflow/.local/lib/python3.8/site-packages/airflow/example_dags/example_setup_teardown.py for tasks to queue
[2024-08-26T12:38:27.145+0000] {logging_mixin.py:154} INFO - [2024-08-26T12:38:27.144+0000] {dagbag.py:536} INFO - Filling up the DagBag from /home/airflow/.local/lib/python3.8/site-packages/airflow/example_dags/example_setup_teardown.py
[2024-08-26T12:38:27.159+0000] {processor.py:839} INFO - DAG(s) dict_keys(['example_setup_teardown']) retrieved from /home/airflow/.local/lib/python3.8/site-packages/airflow/example_dags/example_setup_teardown.py
[2024-08-26T12:38:27.200+0000] {logging_mixin.py:154} INFO - [2024-08-26T12:38:27.200+0000] {dag.py:2941} INFO - Sync 1 DAGs
[2024-08-26T12:38:27.248+0000] {logging_mixin.py:154} INFO - [2024-08-26T12:38:27.247+0000] {dag.py:3722} INFO - Setting next_dagrun for example_setup_teardown to 2024-08-25T12:38:27.247357+00:00, run_after=2024-08-26T12:38:27.247357+00:00
[2024-08-26T12:38:27.283+0000] {processor.py:179} INFO - Processing /home/airflow/.local/lib/python3.8/site-packages/airflow/example_dags/example_setup_teardown.py took 0.152 seconds
[2024-08-26T12:38:58.041+0000] {processor.py:157} INFO - Started process (PID=433) to work on /home/airflow/.local/lib/python3.8/site-packages/airflow/example_dags/example_setup_teardown.py
[2024-08-26T12:38:58.043+0000] {processor.py:829} INFO - Processing file /home/airflow/.local/lib/python3.8/site-packages/airflow/example_dags/example_setup_teardown.py for tasks to queue
[2024-08-26T12:38:58.046+0000] {logging_mixin.py:154} INFO - [2024-08-26T12:38:58.046+0000] {dagbag.py:536} INFO - Filling up the DagBag from /home/airflow/.local/lib/python3.8/site-packages/airflow/example_dags/example_setup_teardown.py
[2024-08-26T12:38:58.056+0000] {processor.py:839} INFO - DAG(s) dict_keys(['example_setup_teardown']) retrieved from /home/airflow/.local/lib/python3.8/site-packages/airflow/example_dags/example_setup_teardown.py
[2024-08-26T12:38:58.101+0000] {logging_mixin.py:154} INFO - [2024-08-26T12:38:58.100+0000] {dag.py:2941} INFO - Sync 1 DAGs
[2024-08-26T12:38:58.148+0000] {logging_mixin.py:154} INFO - [2024-08-26T12:38:58.148+0000] {dag.py:3722} INFO - Setting next_dagrun for example_setup_teardown to 2024-08-25T12:38:58.147902+00:00, run_after=2024-08-26T12:38:58.147902+00:00
[2024-08-26T12:38:58.188+0000] {processor.py:179} INFO - Processing /home/airflow/.local/lib/python3.8/site-packages/airflow/example_dags/example_setup_teardown.py took 0.152 seconds
[2024-08-26T12:39:29.257+0000] {processor.py:157} INFO - Started process (PID=499) to work on /home/airflow/.local/lib/python3.8/site-packages/airflow/example_dags/example_setup_teardown.py
[2024-08-26T12:39:29.259+0000] {processor.py:829} INFO - Processing file /home/airflow/.local/lib/python3.8/site-packages/airflow/example_dags/example_setup_teardown.py for tasks to queue
[2024-08-26T12:39:29.263+0000] {logging_mixin.py:154} INFO - [2024-08-26T12:39:29.262+0000] {dagbag.py:536} INFO - Filling up the DagBag from /home/airflow/.local/lib/python3.8/site-packages/airflow/example_dags/example_setup_teardown.py
[2024-08-26T12:39:29.273+0000] {processor.py:839} INFO - DAG(s) dict_keys(['example_setup_teardown']) retrieved from /home/airflow/.local/lib/python3.8/site-packages/airflow/example_dags/example_setup_teardown.py
[2024-08-26T12:39:29.312+0000] {logging_mixin.py:154} INFO - [2024-08-26T12:39:29.311+0000] {dag.py:2941} INFO - Sync 1 DAGs
[2024-08-26T12:39:29.357+0000] {logging_mixin.py:154} INFO - [2024-08-26T12:39:29.357+0000] {dag.py:3722} INFO - Setting next_dagrun for example_setup_teardown to 2024-08-25T12:39:29.356594+00:00, run_after=2024-08-26T12:39:29.356594+00:00
[2024-08-26T12:39:29.394+0000] {processor.py:179} INFO - Processing /home/airflow/.local/lib/python3.8/site-packages/airflow/example_dags/example_setup_teardown.py took 0.142 seconds
[2024-08-26T12:40:00.852+0000] {processor.py:157} INFO - Started process (PID=565) to work on /home/airflow/.local/lib/python3.8/site-packages/airflow/example_dags/example_setup_teardown.py
[2024-08-26T12:40:00.854+0000] {processor.py:829} INFO - Processing file /home/airflow/.local/lib/python3.8/site-packages/airflow/example_dags/example_setup_teardown.py for tasks to queue
[2024-08-26T12:40:00.859+0000] {logging_mixin.py:154} INFO - [2024-08-26T12:40:00.858+0000] {dagbag.py:536} INFO - Filling up the DagBag from /home/airflow/.local/lib/python3.8/site-packages/airflow/example_dags/example_setup_teardown.py
[2024-08-26T12:40:00.874+0000] {processor.py:839} INFO - DAG(s) dict_keys(['example_setup_teardown']) retrieved from /home/airflow/.local/lib/python3.8/site-packages/airflow/example_dags/example_setup_teardown.py
[2024-08-26T12:40:00.926+0000] {logging_mixin.py:154} INFO - [2024-08-26T12:40:00.926+0000] {dag.py:2941} INFO - Sync 1 DAGs
[2024-08-26T12:40:00.983+0000] {logging_mixin.py:154} INFO - [2024-08-26T12:40:00.982+0000] {dag.py:3722} INFO - Setting next_dagrun for example_setup_teardown to 2024-08-25T12:40:00.981948+00:00, run_after=2024-08-26T12:40:00.981948+00:00
[2024-08-26T12:40:01.030+0000] {processor.py:179} INFO - Processing /home/airflow/.local/lib/python3.8/site-packages/airflow/example_dags/example_setup_teardown.py took 0.186 seconds
[2024-08-26T12:40:31.685+0000] {processor.py:157} INFO - Started process (PID=630) to work on /home/airflow/.local/lib/python3.8/site-packages/airflow/example_dags/example_setup_teardown.py
[2024-08-26T12:40:31.687+0000] {processor.py:829} INFO - Processing file /home/airflow/.local/lib/python3.8/site-packages/airflow/example_dags/example_setup_teardown.py for tasks to queue
[2024-08-26T12:40:31.690+0000] {logging_mixin.py:154} INFO - [2024-08-26T12:40:31.690+0000] {dagbag.py:536} INFO - Filling up the DagBag from /home/airflow/.local/lib/python3.8/site-packages/airflow/example_dags/example_setup_teardown.py
[2024-08-26T12:40:31.702+0000] {processor.py:839} INFO - DAG(s) dict_keys(['example_setup_teardown']) retrieved from /home/airflow/.local/lib/python3.8/site-packages/airflow/example_dags/example_setup_teardown.py
[2024-08-26T12:40:31.745+0000] {logging_mixin.py:154} INFO - [2024-08-26T12:40:31.744+0000] {dag.py:2941} INFO - Sync 1 DAGs
[2024-08-26T12:40:31.795+0000] {logging_mixin.py:154} INFO - [2024-08-26T12:40:31.795+0000] {dag.py:3722} INFO - Setting next_dagrun for example_setup_teardown to 2024-08-25T12:40:31.794823+00:00, run_after=2024-08-26T12:40:31.794823+00:00
[2024-08-26T12:40:31.841+0000] {processor.py:179} INFO - Processing /home/airflow/.local/lib/python3.8/site-packages/airflow/example_dags/example_setup_teardown.py took 0.162 seconds
[2024-08-26T12:41:02.688+0000] {processor.py:157} INFO - Started process (PID=696) to work on /home/airflow/.local/lib/python3.8/site-packages/airflow/example_dags/example_setup_teardown.py
[2024-08-26T12:41:02.689+0000] {processor.py:829} INFO - Processing file /home/airflow/.local/lib/python3.8/site-packages/airflow/example_dags/example_setup_teardown.py for tasks to queue
[2024-08-26T12:41:02.693+0000] {logging_mixin.py:154} INFO - [2024-08-26T12:41:02.692+0000] {dagbag.py:536} INFO - Filling up the DagBag from /home/airflow/.local/lib/python3.8/site-packages/airflow/example_dags/example_setup_teardown.py
[2024-08-26T12:41:02.703+0000] {processor.py:839} INFO - DAG(s) dict_keys(['example_setup_teardown']) retrieved from /home/airflow/.local/lib/python3.8/site-packages/airflow/example_dags/example_setup_teardown.py
[2024-08-26T12:41:02.747+0000] {logging_mixin.py:154} INFO - [2024-08-26T12:41:02.746+0000] {dag.py:2941} INFO - Sync 1 DAGs
[2024-08-26T12:41:02.796+0000] {logging_mixin.py:154} INFO - [2024-08-26T12:41:02.796+0000] {dag.py:3722} INFO - Setting next_dagrun for example_setup_teardown to 2024-08-25T12:41:02.795656+00:00, run_after=2024-08-26T12:41:02.795656+00:00
[2024-08-26T12:41:02.873+0000] {processor.py:179} INFO - Processing /home/airflow/.local/lib/python3.8/site-packages/airflow/example_dags/example_setup_teardown.py took 0.190 seconds
[2024-08-26T12:41:33.312+0000] {processor.py:157} INFO - Started process (PID=762) to work on /home/airflow/.local/lib/python3.8/site-packages/airflow/example_dags/example_setup_teardown.py
[2024-08-26T12:41:33.314+0000] {processor.py:829} INFO - Processing file /home/airflow/.local/lib/python3.8/site-packages/airflow/example_dags/example_setup_teardown.py for tasks to queue
[2024-08-26T12:41:33.319+0000] {logging_mixin.py:154} INFO - [2024-08-26T12:41:33.319+0000] {dagbag.py:536} INFO - Filling up the DagBag from /home/airflow/.local/lib/python3.8/site-packages/airflow/example_dags/example_setup_teardown.py
[2024-08-26T12:41:33.331+0000] {processor.py:839} INFO - DAG(s) dict_keys(['example_setup_teardown']) retrieved from /home/airflow/.local/lib/python3.8/site-packages/airflow/example_dags/example_setup_teardown.py
[2024-08-26T12:41:33.376+0000] {logging_mixin.py:154} INFO - [2024-08-26T12:41:33.376+0000] {dag.py:2941} INFO - Sync 1 DAGs
[2024-08-26T12:41:33.422+0000] {logging_mixin.py:154} INFO - [2024-08-26T12:41:33.422+0000] {dag.py:3722} INFO - Setting next_dagrun for example_setup_teardown to 2024-08-25T12:41:33.421930+00:00, run_after=2024-08-26T12:41:33.421930+00:00
[2024-08-26T12:41:33.459+0000] {processor.py:179} INFO - Processing /home/airflow/.local/lib/python3.8/site-packages/airflow/example_dags/example_setup_teardown.py took 0.153 seconds
[2024-08-26T12:42:04.051+0000] {processor.py:157} INFO - Started process (PID=828) to work on /home/airflow/.local/lib/python3.8/site-packages/airflow/example_dags/example_setup_teardown.py
[2024-08-26T12:42:04.053+0000] {processor.py:829} INFO - Processing file /home/airflow/.local/lib/python3.8/site-packages/airflow/example_dags/example_setup_teardown.py for tasks to queue
[2024-08-26T12:42:04.057+0000] {logging_mixin.py:154} INFO - [2024-08-26T12:42:04.056+0000] {dagbag.py:536} INFO - Filling up the DagBag from /home/airflow/.local/lib/python3.8/site-packages/airflow/example_dags/example_setup_teardown.py
[2024-08-26T12:42:04.072+0000] {processor.py:839} INFO - DAG(s) dict_keys(['example_setup_teardown']) retrieved from /home/airflow/.local/lib/python3.8/site-packages/airflow/example_dags/example_setup_teardown.py
[2024-08-26T12:42:04.117+0000] {logging_mixin.py:154} INFO - [2024-08-26T12:42:04.116+0000] {dag.py:2941} INFO - Sync 1 DAGs
[2024-08-26T12:42:04.162+0000] {logging_mixin.py:154} INFO - [2024-08-26T12:42:04.161+0000] {dag.py:3722} INFO - Setting next_dagrun for example_setup_teardown to 2024-08-25T12:42:04.161314+00:00, run_after=2024-08-26T12:42:04.161314+00:00
[2024-08-26T12:42:04.203+0000] {processor.py:179} INFO - Processing /home/airflow/.local/lib/python3.8/site-packages/airflow/example_dags/example_setup_teardown.py took 0.157 seconds
[2024-08-26T12:42:34.874+0000] {processor.py:157} INFO - Started process (PID=894) to work on /home/airflow/.local/lib/python3.8/site-packages/airflow/example_dags/example_setup_teardown.py
[2024-08-26T12:42:34.876+0000] {processor.py:829} INFO - Processing file /home/airflow/.local/lib/python3.8/site-packages/airflow/example_dags/example_setup_teardown.py for tasks to queue
[2024-08-26T12:42:34.880+0000] {logging_mixin.py:154} INFO - [2024-08-26T12:42:34.880+0000] {dagbag.py:536} INFO - Filling up the DagBag from /home/airflow/.local/lib/python3.8/site-packages/airflow/example_dags/example_setup_teardown.py
[2024-08-26T12:42:34.891+0000] {processor.py:839} INFO - DAG(s) dict_keys(['example_setup_teardown']) retrieved from /home/airflow/.local/lib/python3.8/site-packages/airflow/example_dags/example_setup_teardown.py
[2024-08-26T12:42:34.930+0000] {logging_mixin.py:154} INFO - [2024-08-26T12:42:34.929+0000] {dag.py:2941} INFO - Sync 1 DAGs
[2024-08-26T12:42:34.976+0000] {logging_mixin.py:154} INFO - [2024-08-26T12:42:34.975+0000] {dag.py:3722} INFO - Setting next_dagrun for example_setup_teardown to 2024-08-25T12:42:34.975593+00:00, run_after=2024-08-26T12:42:34.975593+00:00
[2024-08-26T12:42:35.050+0000] {processor.py:179} INFO - Processing /home/airflow/.local/lib/python3.8/site-packages/airflow/example_dags/example_setup_teardown.py took 0.181 seconds
[2024-08-26T12:43:05.432+0000] {processor.py:157} INFO - Started process (PID=960) to work on /home/airflow/.local/lib/python3.8/site-packages/airflow/example_dags/example_setup_teardown.py
[2024-08-26T12:43:05.434+0000] {processor.py:829} INFO - Processing file /home/airflow/.local/lib/python3.8/site-packages/airflow/example_dags/example_setup_teardown.py for tasks to queue
[2024-08-26T12:43:05.438+0000] {logging_mixin.py:154} INFO - [2024-08-26T12:43:05.438+0000] {dagbag.py:536} INFO - Filling up the DagBag from /home/airflow/.local/lib/python3.8/site-packages/airflow/example_dags/example_setup_teardown.py
[2024-08-26T12:43:05.449+0000] {processor.py:839} INFO - DAG(s) dict_keys(['example_setup_teardown']) retrieved from /home/airflow/.local/lib/python3.8/site-packages/airflow/example_dags/example_setup_teardown.py
[2024-08-26T12:43:05.484+0000] {logging_mixin.py:154} INFO - [2024-08-26T12:43:05.484+0000] {dag.py:2941} INFO - Sync 1 DAGs
[2024-08-26T12:43:05.521+0000] {logging_mixin.py:154} INFO - [2024-08-26T12:43:05.521+0000] {dag.py:3722} INFO - Setting next_dagrun for example_setup_teardown to 2024-08-25T12:43:05.521008+00:00, run_after=2024-08-26T12:43:05.521008+00:00
[2024-08-26T12:43:05.594+0000] {processor.py:179} INFO - Processing /home/airflow/.local/lib/python3.8/site-packages/airflow/example_dags/example_setup_teardown.py took 0.167 seconds
[2024-08-26T12:43:36.637+0000] {processor.py:157} INFO - Started process (PID=1038) to work on /home/airflow/.local/lib/python3.8/site-packages/airflow/example_dags/example_setup_teardown.py
[2024-08-26T12:43:36.638+0000] {processor.py:829} INFO - Processing file /home/airflow/.local/lib/python3.8/site-packages/airflow/example_dags/example_setup_teardown.py for tasks to queue
[2024-08-26T12:43:36.642+0000] {logging_mixin.py:154} INFO - [2024-08-26T12:43:36.642+0000] {dagbag.py:536} INFO - Filling up the DagBag from /home/airflow/.local/lib/python3.8/site-packages/airflow/example_dags/example_setup_teardown.py
[2024-08-26T12:43:36.653+0000] {processor.py:839} INFO - DAG(s) dict_keys(['example_setup_teardown']) retrieved from /home/airflow/.local/lib/python3.8/site-packages/airflow/example_dags/example_setup_teardown.py
[2024-08-26T12:43:36.692+0000] {logging_mixin.py:154} INFO - [2024-08-26T12:43:36.692+0000] {dag.py:2941} INFO - Sync 1 DAGs
[2024-08-26T12:43:36.732+0000] {logging_mixin.py:154} INFO - [2024-08-26T12:43:36.731+0000] {dag.py:3722} INFO - Setting next_dagrun for example_setup_teardown to 2024-08-25T12:43:36.731383+00:00, run_after=2024-08-26T12:43:36.731383+00:00
[2024-08-26T12:43:36.840+0000] {processor.py:179} INFO - Processing /home/airflow/.local/lib/python3.8/site-packages/airflow/example_dags/example_setup_teardown.py took 0.209 seconds
[2024-08-26T12:44:07.005+0000] {processor.py:157} INFO - Started process (PID=1102) to work on /home/airflow/.local/lib/python3.8/site-packages/airflow/example_dags/example_setup_teardown.py
[2024-08-26T12:44:07.006+0000] {processor.py:829} INFO - Processing file /home/airflow/.local/lib/python3.8/site-packages/airflow/example_dags/example_setup_teardown.py for tasks to queue
[2024-08-26T12:44:07.011+0000] {logging_mixin.py:154} INFO - [2024-08-26T12:44:07.010+0000] {dagbag.py:536} INFO - Filling up the DagBag from /home/airflow/.local/lib/python3.8/site-packages/airflow/example_dags/example_setup_teardown.py
[2024-08-26T12:44:07.021+0000] {processor.py:839} INFO - DAG(s) dict_keys(['example_setup_teardown']) retrieved from /home/airflow/.local/lib/python3.8/site-packages/airflow/example_dags/example_setup_teardown.py
[2024-08-26T12:44:07.058+0000] {logging_mixin.py:154} INFO - [2024-08-26T12:44:07.057+0000] {dag.py:2941} INFO - Sync 1 DAGs
[2024-08-26T12:44:07.096+0000] {logging_mixin.py:154} INFO - [2024-08-26T12:44:07.096+0000] {dag.py:3722} INFO - Setting next_dagrun for example_setup_teardown to 2024-08-25T12:44:07.095706+00:00, run_after=2024-08-26T12:44:07.095706+00:00
[2024-08-26T12:44:07.165+0000] {processor.py:179} INFO - Processing /home/airflow/.local/lib/python3.8/site-packages/airflow/example_dags/example_setup_teardown.py took 0.166 seconds
[2024-08-26T12:44:37.827+0000] {processor.py:157} INFO - Started process (PID=1169) to work on /home/airflow/.local/lib/python3.8/site-packages/airflow/example_dags/example_setup_teardown.py
[2024-08-26T12:44:37.829+0000] {processor.py:829} INFO - Processing file /home/airflow/.local/lib/python3.8/site-packages/airflow/example_dags/example_setup_teardown.py for tasks to queue
[2024-08-26T12:44:37.833+0000] {logging_mixin.py:154} INFO - [2024-08-26T12:44:37.832+0000] {dagbag.py:536} INFO - Filling up the DagBag from /home/airflow/.local/lib/python3.8/site-packages/airflow/example_dags/example_setup_teardown.py
[2024-08-26T12:44:37.847+0000] {processor.py:839} INFO - DAG(s) dict_keys(['example_setup_teardown']) retrieved from /home/airflow/.local/lib/python3.8/site-packages/airflow/example_dags/example_setup_teardown.py
[2024-08-26T12:44:37.892+0000] {logging_mixin.py:154} INFO - [2024-08-26T12:44:37.891+0000] {dag.py:2941} INFO - Sync 1 DAGs
[2024-08-26T12:44:37.937+0000] {logging_mixin.py:154} INFO - [2024-08-26T12:44:37.937+0000] {dag.py:3722} INFO - Setting next_dagrun for example_setup_teardown to 2024-08-25T12:44:37.936578+00:00, run_after=2024-08-26T12:44:37.936578+00:00
[2024-08-26T12:44:38.013+0000] {processor.py:179} INFO - Processing /home/airflow/.local/lib/python3.8/site-packages/airflow/example_dags/example_setup_teardown.py took 0.193 seconds
[2024-08-26T12:45:08.686+0000] {processor.py:157} INFO - Started process (PID=1235) to work on /home/airflow/.local/lib/python3.8/site-packages/airflow/example_dags/example_setup_teardown.py
[2024-08-26T12:45:08.687+0000] {processor.py:829} INFO - Processing file /home/airflow/.local/lib/python3.8/site-packages/airflow/example_dags/example_setup_teardown.py for tasks to queue
[2024-08-26T12:45:08.691+0000] {logging_mixin.py:154} INFO - [2024-08-26T12:45:08.691+0000] {dagbag.py:536} INFO - Filling up the DagBag from /home/airflow/.local/lib/python3.8/site-packages/airflow/example_dags/example_setup_teardown.py
[2024-08-26T12:45:08.705+0000] {processor.py:839} INFO - DAG(s) dict_keys(['example_setup_teardown']) retrieved from /home/airflow/.local/lib/python3.8/site-packages/airflow/example_dags/example_setup_teardown.py
[2024-08-26T12:45:08.746+0000] {logging_mixin.py:154} INFO - [2024-08-26T12:45:08.746+0000] {dag.py:2941} INFO - Sync 1 DAGs
[2024-08-26T12:45:08.787+0000] {logging_mixin.py:154} INFO - [2024-08-26T12:45:08.787+0000] {dag.py:3722} INFO - Setting next_dagrun for example_setup_teardown to 2024-08-25T12:45:08.786850+00:00, run_after=2024-08-26T12:45:08.786850+00:00
[2024-08-26T12:45:08.862+0000] {processor.py:179} INFO - Processing /home/airflow/.local/lib/python3.8/site-packages/airflow/example_dags/example_setup_teardown.py took 0.182 seconds
[2024-08-26T12:45:39.254+0000] {processor.py:157} INFO - Started process (PID=1301) to work on /home/airflow/.local/lib/python3.8/site-packages/airflow/example_dags/example_setup_teardown.py
[2024-08-26T12:45:39.255+0000] {processor.py:829} INFO - Processing file /home/airflow/.local/lib/python3.8/site-packages/airflow/example_dags/example_setup_teardown.py for tasks to queue
[2024-08-26T12:45:39.260+0000] {logging_mixin.py:154} INFO - [2024-08-26T12:45:39.259+0000] {dagbag.py:536} INFO - Filling up the DagBag from /home/airflow/.local/lib/python3.8/site-packages/airflow/example_dags/example_setup_teardown.py
[2024-08-26T12:45:39.270+0000] {processor.py:839} INFO - DAG(s) dict_keys(['example_setup_teardown']) retrieved from /home/airflow/.local/lib/python3.8/site-packages/airflow/example_dags/example_setup_teardown.py
[2024-08-26T12:45:39.307+0000] {logging_mixin.py:154} INFO - [2024-08-26T12:45:39.306+0000] {dag.py:2941} INFO - Sync 1 DAGs
[2024-08-26T12:45:39.348+0000] {logging_mixin.py:154} INFO - [2024-08-26T12:45:39.348+0000] {dag.py:3722} INFO - Setting next_dagrun for example_setup_teardown to 2024-08-25T12:45:39.347647+00:00, run_after=2024-08-26T12:45:39.347647+00:00
[2024-08-26T12:45:39.384+0000] {processor.py:179} INFO - Processing /home/airflow/.local/lib/python3.8/site-packages/airflow/example_dags/example_setup_teardown.py took 0.137 seconds
[2024-08-26T12:46:09.757+0000] {processor.py:157} INFO - Started process (PID=1367) to work on /home/airflow/.local/lib/python3.8/site-packages/airflow/example_dags/example_setup_teardown.py
[2024-08-26T12:46:09.758+0000] {processor.py:829} INFO - Processing file /home/airflow/.local/lib/python3.8/site-packages/airflow/example_dags/example_setup_teardown.py for tasks to queue
[2024-08-26T12:46:09.761+0000] {logging_mixin.py:154} INFO - [2024-08-26T12:46:09.761+0000] {dagbag.py:536} INFO - Filling up the DagBag from /home/airflow/.local/lib/python3.8/site-packages/airflow/example_dags/example_setup_teardown.py
[2024-08-26T12:46:09.774+0000] {processor.py:839} INFO - DAG(s) dict_keys(['example_setup_teardown']) retrieved from /home/airflow/.local/lib/python3.8/site-packages/airflow/example_dags/example_setup_teardown.py
[2024-08-26T12:46:09.814+0000] {logging_mixin.py:154} INFO - [2024-08-26T12:46:09.814+0000] {dag.py:2941} INFO - Sync 1 DAGs
[2024-08-26T12:46:09.863+0000] {logging_mixin.py:154} INFO - [2024-08-26T12:46:09.862+0000] {dag.py:3722} INFO - Setting next_dagrun for example_setup_teardown to 2024-08-25T12:46:09.862434+00:00, run_after=2024-08-26T12:46:09.862434+00:00
[2024-08-26T12:46:09.908+0000] {processor.py:179} INFO - Processing /home/airflow/.local/lib/python3.8/site-packages/airflow/example_dags/example_setup_teardown.py took 0.157 seconds
[2024-08-26T12:46:40.311+0000] {processor.py:157} INFO - Started process (PID=1433) to work on /home/airflow/.local/lib/python3.8/site-packages/airflow/example_dags/example_setup_teardown.py
[2024-08-26T12:46:40.312+0000] {processor.py:829} INFO - Processing file /home/airflow/.local/lib/python3.8/site-packages/airflow/example_dags/example_setup_teardown.py for tasks to queue
[2024-08-26T12:46:40.316+0000] {logging_mixin.py:154} INFO - [2024-08-26T12:46:40.315+0000] {dagbag.py:536} INFO - Filling up the DagBag from /home/airflow/.local/lib/python3.8/site-packages/airflow/example_dags/example_setup_teardown.py
[2024-08-26T12:46:40.329+0000] {processor.py:839} INFO - DAG(s) dict_keys(['example_setup_teardown']) retrieved from /home/airflow/.local/lib/python3.8/site-packages/airflow/example_dags/example_setup_teardown.py
[2024-08-26T12:46:40.366+0000] {logging_mixin.py:154} INFO - [2024-08-26T12:46:40.365+0000] {dag.py:2941} INFO - Sync 1 DAGs
[2024-08-26T12:46:40.411+0000] {logging_mixin.py:154} INFO - [2024-08-26T12:46:40.411+0000] {dag.py:3722} INFO - Setting next_dagrun for example_setup_teardown to 2024-08-25T12:46:40.410819+00:00, run_after=2024-08-26T12:46:40.410819+00:00
[2024-08-26T12:46:40.473+0000] {processor.py:179} INFO - Processing /home/airflow/.local/lib/python3.8/site-packages/airflow/example_dags/example_setup_teardown.py took 0.168 seconds
[2024-08-26T12:47:10.705+0000] {processor.py:157} INFO - Started process (PID=1499) to work on /home/airflow/.local/lib/python3.8/site-packages/airflow/example_dags/example_setup_teardown.py
[2024-08-26T12:47:10.707+0000] {processor.py:829} INFO - Processing file /home/airflow/.local/lib/python3.8/site-packages/airflow/example_dags/example_setup_teardown.py for tasks to queue
[2024-08-26T12:47:10.712+0000] {logging_mixin.py:154} INFO - [2024-08-26T12:47:10.711+0000] {dagbag.py:536} INFO - Filling up the DagBag from /home/airflow/.local/lib/python3.8/site-packages/airflow/example_dags/example_setup_teardown.py
[2024-08-26T12:47:10.726+0000] {processor.py:839} INFO - DAG(s) dict_keys(['example_setup_teardown']) retrieved from /home/airflow/.local/lib/python3.8/site-packages/airflow/example_dags/example_setup_teardown.py
[2024-08-26T12:47:10.771+0000] {logging_mixin.py:154} INFO - [2024-08-26T12:47:10.771+0000] {dag.py:2941} INFO - Sync 1 DAGs
[2024-08-26T12:47:10.822+0000] {logging_mixin.py:154} INFO - [2024-08-26T12:47:10.822+0000] {dag.py:3722} INFO - Setting next_dagrun for example_setup_teardown to 2024-08-25T12:47:10.821750+00:00, run_after=2024-08-26T12:47:10.821750+00:00
[2024-08-26T12:47:10.864+0000] {processor.py:179} INFO - Processing /home/airflow/.local/lib/python3.8/site-packages/airflow/example_dags/example_setup_teardown.py took 0.167 seconds
[2024-08-26T12:47:40.925+0000] {processor.py:157} INFO - Started process (PID=1565) to work on /home/airflow/.local/lib/python3.8/site-packages/airflow/example_dags/example_setup_teardown.py
[2024-08-26T12:47:40.927+0000] {processor.py:829} INFO - Processing file /home/airflow/.local/lib/python3.8/site-packages/airflow/example_dags/example_setup_teardown.py for tasks to queue
[2024-08-26T12:47:40.932+0000] {logging_mixin.py:154} INFO - [2024-08-26T12:47:40.932+0000] {dagbag.py:536} INFO - Filling up the DagBag from /home/airflow/.local/lib/python3.8/site-packages/airflow/example_dags/example_setup_teardown.py
[2024-08-26T12:47:40.944+0000] {processor.py:839} INFO - DAG(s) dict_keys(['example_setup_teardown']) retrieved from /home/airflow/.local/lib/python3.8/site-packages/airflow/example_dags/example_setup_teardown.py
[2024-08-26T12:47:40.989+0000] {logging_mixin.py:154} INFO - [2024-08-26T12:47:40.989+0000] {dag.py:2941} INFO - Sync 1 DAGs
[2024-08-26T12:47:41.041+0000] {logging_mixin.py:154} INFO - [2024-08-26T12:47:41.040+0000] {dag.py:3722} INFO - Setting next_dagrun for example_setup_teardown to 2024-08-25T12:47:41.040389+00:00, run_after=2024-08-26T12:47:41.040389+00:00
[2024-08-26T12:47:41.080+0000] {processor.py:179} INFO - Processing /home/airflow/.local/lib/python3.8/site-packages/airflow/example_dags/example_setup_teardown.py took 0.162 seconds
[2024-08-26T12:48:11.230+0000] {processor.py:157} INFO - Started process (PID=1631) to work on /home/airflow/.local/lib/python3.8/site-packages/airflow/example_dags/example_setup_teardown.py
[2024-08-26T12:48:11.232+0000] {processor.py:829} INFO - Processing file /home/airflow/.local/lib/python3.8/site-packages/airflow/example_dags/example_setup_teardown.py for tasks to queue
[2024-08-26T12:48:11.235+0000] {logging_mixin.py:154} INFO - [2024-08-26T12:48:11.235+0000] {dagbag.py:536} INFO - Filling up the DagBag from /home/airflow/.local/lib/python3.8/site-packages/airflow/example_dags/example_setup_teardown.py
[2024-08-26T12:48:11.250+0000] {processor.py:839} INFO - DAG(s) dict_keys(['example_setup_teardown']) retrieved from /home/airflow/.local/lib/python3.8/site-packages/airflow/example_dags/example_setup_teardown.py
[2024-08-26T12:48:11.289+0000] {logging_mixin.py:154} INFO - [2024-08-26T12:48:11.289+0000] {dag.py:2941} INFO - Sync 1 DAGs
[2024-08-26T12:48:11.329+0000] {logging_mixin.py:154} INFO - [2024-08-26T12:48:11.329+0000] {dag.py:3722} INFO - Setting next_dagrun for example_setup_teardown to 2024-08-25T12:48:11.328981+00:00, run_after=2024-08-26T12:48:11.328981+00:00
[2024-08-26T12:48:11.410+0000] {processor.py:179} INFO - Processing /home/airflow/.local/lib/python3.8/site-packages/airflow/example_dags/example_setup_teardown.py took 0.187 seconds
[2024-08-26T12:49:38.784+0000] {processor.py:157} INFO - Started process (PID=1700) to work on /home/airflow/.local/lib/python3.8/site-packages/airflow/example_dags/example_setup_teardown.py
[2024-08-26T12:49:38.786+0000] {processor.py:829} INFO - Processing file /home/airflow/.local/lib/python3.8/site-packages/airflow/example_dags/example_setup_teardown.py for tasks to queue
[2024-08-26T12:49:38.791+0000] {logging_mixin.py:154} INFO - [2024-08-26T12:49:38.790+0000] {dagbag.py:536} INFO - Filling up the DagBag from /home/airflow/.local/lib/python3.8/site-packages/airflow/example_dags/example_setup_teardown.py
[2024-08-26T12:49:38.804+0000] {processor.py:839} INFO - DAG(s) dict_keys(['example_setup_teardown']) retrieved from /home/airflow/.local/lib/python3.8/site-packages/airflow/example_dags/example_setup_teardown.py
[2024-08-26T12:49:38.851+0000] {logging_mixin.py:154} INFO - [2024-08-26T12:49:38.850+0000] {dag.py:2941} INFO - Sync 1 DAGs
[2024-08-26T12:49:38.905+0000] {logging_mixin.py:154} INFO - [2024-08-26T12:49:38.905+0000] {dag.py:3722} INFO - Setting next_dagrun for example_setup_teardown to 2024-08-25T12:49:38.904829+00:00, run_after=2024-08-26T12:49:38.904829+00:00
[2024-08-26T12:49:38.946+0000] {processor.py:179} INFO - Processing /home/airflow/.local/lib/python3.8/site-packages/airflow/example_dags/example_setup_teardown.py took 0.167 seconds
[2024-08-26T12:50:10.217+0000] {processor.py:157} INFO - Started process (PID=1766) to work on /home/airflow/.local/lib/python3.8/site-packages/airflow/example_dags/example_setup_teardown.py
[2024-08-26T12:50:10.219+0000] {processor.py:829} INFO - Processing file /home/airflow/.local/lib/python3.8/site-packages/airflow/example_dags/example_setup_teardown.py for tasks to queue
[2024-08-26T12:50:10.222+0000] {logging_mixin.py:154} INFO - [2024-08-26T12:50:10.222+0000] {dagbag.py:536} INFO - Filling up the DagBag from /home/airflow/.local/lib/python3.8/site-packages/airflow/example_dags/example_setup_teardown.py
[2024-08-26T12:50:10.233+0000] {processor.py:839} INFO - DAG(s) dict_keys(['example_setup_teardown']) retrieved from /home/airflow/.local/lib/python3.8/site-packages/airflow/example_dags/example_setup_teardown.py
[2024-08-26T12:50:10.272+0000] {logging_mixin.py:154} INFO - [2024-08-26T12:50:10.272+0000] {dag.py:2941} INFO - Sync 1 DAGs
[2024-08-26T12:50:10.314+0000] {logging_mixin.py:154} INFO - [2024-08-26T12:50:10.314+0000] {dag.py:3722} INFO - Setting next_dagrun for example_setup_teardown to 2024-08-25T12:50:10.313977+00:00, run_after=2024-08-26T12:50:10.313977+00:00
[2024-08-26T12:50:10.353+0000] {processor.py:179} INFO - Processing /home/airflow/.local/lib/python3.8/site-packages/airflow/example_dags/example_setup_teardown.py took 0.141 seconds
[2024-08-26T12:50:41.542+0000] {processor.py:157} INFO - Started process (PID=1832) to work on /home/airflow/.local/lib/python3.8/site-packages/airflow/example_dags/example_setup_teardown.py
[2024-08-26T12:50:41.544+0000] {processor.py:829} INFO - Processing file /home/airflow/.local/lib/python3.8/site-packages/airflow/example_dags/example_setup_teardown.py for tasks to queue
[2024-08-26T12:50:41.548+0000] {logging_mixin.py:154} INFO - [2024-08-26T12:50:41.548+0000] {dagbag.py:536} INFO - Filling up the DagBag from /home/airflow/.local/lib/python3.8/site-packages/airflow/example_dags/example_setup_teardown.py
[2024-08-26T12:50:41.561+0000] {processor.py:839} INFO - DAG(s) dict_keys(['example_setup_teardown']) retrieved from /home/airflow/.local/lib/python3.8/site-packages/airflow/example_dags/example_setup_teardown.py
[2024-08-26T12:50:41.600+0000] {logging_mixin.py:154} INFO - [2024-08-26T12:50:41.600+0000] {dag.py:2941} INFO - Sync 1 DAGs
[2024-08-26T12:50:41.647+0000] {logging_mixin.py:154} INFO - [2024-08-26T12:50:41.646+0000] {dag.py:3722} INFO - Setting next_dagrun for example_setup_teardown to 2024-08-25T12:50:41.646325+00:00, run_after=2024-08-26T12:50:41.646325+00:00
[2024-08-26T12:50:41.681+0000] {processor.py:179} INFO - Processing /home/airflow/.local/lib/python3.8/site-packages/airflow/example_dags/example_setup_teardown.py took 0.145 seconds
[2024-08-26T12:51:13.170+0000] {processor.py:157} INFO - Started process (PID=1898) to work on /home/airflow/.local/lib/python3.8/site-packages/airflow/example_dags/example_setup_teardown.py
[2024-08-26T12:51:13.172+0000] {processor.py:829} INFO - Processing file /home/airflow/.local/lib/python3.8/site-packages/airflow/example_dags/example_setup_teardown.py for tasks to queue
[2024-08-26T12:51:13.177+0000] {logging_mixin.py:154} INFO - [2024-08-26T12:51:13.176+0000] {dagbag.py:536} INFO - Filling up the DagBag from /home/airflow/.local/lib/python3.8/site-packages/airflow/example_dags/example_setup_teardown.py
[2024-08-26T12:51:13.189+0000] {processor.py:839} INFO - DAG(s) dict_keys(['example_setup_teardown']) retrieved from /home/airflow/.local/lib/python3.8/site-packages/airflow/example_dags/example_setup_teardown.py
[2024-08-26T12:51:13.227+0000] {logging_mixin.py:154} INFO - [2024-08-26T12:51:13.226+0000] {dag.py:2941} INFO - Sync 1 DAGs
[2024-08-26T12:51:13.272+0000] {logging_mixin.py:154} INFO - [2024-08-26T12:51:13.272+0000] {dag.py:3722} INFO - Setting next_dagrun for example_setup_teardown to 2024-08-25T12:51:13.271921+00:00, run_after=2024-08-26T12:51:13.271921+00:00
[2024-08-26T12:51:13.306+0000] {processor.py:179} INFO - Processing /home/airflow/.local/lib/python3.8/site-packages/airflow/example_dags/example_setup_teardown.py took 0.142 seconds
[2024-08-26T12:51:44.132+0000] {processor.py:157} INFO - Started process (PID=1965) to work on /home/airflow/.local/lib/python3.8/site-packages/airflow/example_dags/example_setup_teardown.py
[2024-08-26T12:51:44.134+0000] {processor.py:829} INFO - Processing file /home/airflow/.local/lib/python3.8/site-packages/airflow/example_dags/example_setup_teardown.py for tasks to queue
[2024-08-26T12:51:44.138+0000] {logging_mixin.py:154} INFO - [2024-08-26T12:51:44.137+0000] {dagbag.py:536} INFO - Filling up the DagBag from /home/airflow/.local/lib/python3.8/site-packages/airflow/example_dags/example_setup_teardown.py
[2024-08-26T12:51:44.152+0000] {processor.py:839} INFO - DAG(s) dict_keys(['example_setup_teardown']) retrieved from /home/airflow/.local/lib/python3.8/site-packages/airflow/example_dags/example_setup_teardown.py
[2024-08-26T12:51:44.194+0000] {logging_mixin.py:154} INFO - [2024-08-26T12:51:44.193+0000] {dag.py:2941} INFO - Sync 1 DAGs
[2024-08-26T12:51:44.248+0000] {logging_mixin.py:154} INFO - [2024-08-26T12:51:44.248+0000] {dag.py:3722} INFO - Setting next_dagrun for example_setup_teardown to 2024-08-25T12:51:44.247800+00:00, run_after=2024-08-26T12:51:44.247800+00:00
[2024-08-26T12:51:44.327+0000] {processor.py:179} INFO - Processing /home/airflow/.local/lib/python3.8/site-packages/airflow/example_dags/example_setup_teardown.py took 0.200 seconds
[2024-08-26T12:52:15.249+0000] {processor.py:157} INFO - Started process (PID=2031) to work on /home/airflow/.local/lib/python3.8/site-packages/airflow/example_dags/example_setup_teardown.py
[2024-08-26T12:52:15.250+0000] {processor.py:829} INFO - Processing file /home/airflow/.local/lib/python3.8/site-packages/airflow/example_dags/example_setup_teardown.py for tasks to queue
[2024-08-26T12:52:15.257+0000] {logging_mixin.py:154} INFO - [2024-08-26T12:52:15.256+0000] {dagbag.py:536} INFO - Filling up the DagBag from /home/airflow/.local/lib/python3.8/site-packages/airflow/example_dags/example_setup_teardown.py
[2024-08-26T12:52:15.268+0000] {processor.py:839} INFO - DAG(s) dict_keys(['example_setup_teardown']) retrieved from /home/airflow/.local/lib/python3.8/site-packages/airflow/example_dags/example_setup_teardown.py
[2024-08-26T12:52:15.303+0000] {logging_mixin.py:154} INFO - [2024-08-26T12:52:15.303+0000] {dag.py:2941} INFO - Sync 1 DAGs
[2024-08-26T12:52:15.340+0000] {logging_mixin.py:154} INFO - [2024-08-26T12:52:15.340+0000] {dag.py:3722} INFO - Setting next_dagrun for example_setup_teardown to 2024-08-25T12:52:15.339774+00:00, run_after=2024-08-26T12:52:15.339774+00:00
[2024-08-26T12:52:15.407+0000] {processor.py:179} INFO - Processing /home/airflow/.local/lib/python3.8/site-packages/airflow/example_dags/example_setup_teardown.py took 0.165 seconds
[2024-08-26T12:52:45.932+0000] {processor.py:157} INFO - Started process (PID=2097) to work on /home/airflow/.local/lib/python3.8/site-packages/airflow/example_dags/example_setup_teardown.py
[2024-08-26T12:52:45.934+0000] {processor.py:829} INFO - Processing file /home/airflow/.local/lib/python3.8/site-packages/airflow/example_dags/example_setup_teardown.py for tasks to queue
[2024-08-26T12:52:45.938+0000] {logging_mixin.py:154} INFO - [2024-08-26T12:52:45.937+0000] {dagbag.py:536} INFO - Filling up the DagBag from /home/airflow/.local/lib/python3.8/site-packages/airflow/example_dags/example_setup_teardown.py
[2024-08-26T12:52:45.954+0000] {processor.py:839} INFO - DAG(s) dict_keys(['example_setup_teardown']) retrieved from /home/airflow/.local/lib/python3.8/site-packages/airflow/example_dags/example_setup_teardown.py
[2024-08-26T12:52:45.999+0000] {logging_mixin.py:154} INFO - [2024-08-26T12:52:45.998+0000] {dag.py:2941} INFO - Sync 1 DAGs
[2024-08-26T12:52:46.043+0000] {logging_mixin.py:154} INFO - [2024-08-26T12:52:46.043+0000] {dag.py:3722} INFO - Setting next_dagrun for example_setup_teardown to 2024-08-25T12:52:46.042852+00:00, run_after=2024-08-26T12:52:46.042852+00:00
[2024-08-26T12:52:46.081+0000] {processor.py:179} INFO - Processing /home/airflow/.local/lib/python3.8/site-packages/airflow/example_dags/example_setup_teardown.py took 0.155 seconds
[2024-08-26T12:53:16.950+0000] {processor.py:157} INFO - Started process (PID=2163) to work on /home/airflow/.local/lib/python3.8/site-packages/airflow/example_dags/example_setup_teardown.py
[2024-08-26T12:53:16.952+0000] {processor.py:829} INFO - Processing file /home/airflow/.local/lib/python3.8/site-packages/airflow/example_dags/example_setup_teardown.py for tasks to queue
[2024-08-26T12:53:16.956+0000] {logging_mixin.py:154} INFO - [2024-08-26T12:53:16.956+0000] {dagbag.py:536} INFO - Filling up the DagBag from /home/airflow/.local/lib/python3.8/site-packages/airflow/example_dags/example_setup_teardown.py
[2024-08-26T12:53:16.968+0000] {processor.py:839} INFO - DAG(s) dict_keys(['example_setup_teardown']) retrieved from /home/airflow/.local/lib/python3.8/site-packages/airflow/example_dags/example_setup_teardown.py
[2024-08-26T12:53:17.011+0000] {logging_mixin.py:154} INFO - [2024-08-26T12:53:17.010+0000] {dag.py:2941} INFO - Sync 1 DAGs
[2024-08-26T12:53:17.058+0000] {logging_mixin.py:154} INFO - [2024-08-26T12:53:17.058+0000] {dag.py:3722} INFO - Setting next_dagrun for example_setup_teardown to 2024-08-25T12:53:17.057953+00:00, run_after=2024-08-26T12:53:17.057953+00:00
[2024-08-26T12:53:17.358+0000] {processor.py:179} INFO - Processing /home/airflow/.local/lib/python3.8/site-packages/airflow/example_dags/example_setup_teardown.py took 0.414 seconds
[2024-08-26T12:54:02.707+0000] {processor.py:157} INFO - Started process (PID=2221) to work on /home/airflow/.local/lib/python3.8/site-packages/airflow/example_dags/example_setup_teardown.py
[2024-08-26T12:54:02.709+0000] {processor.py:829} INFO - Processing file /home/airflow/.local/lib/python3.8/site-packages/airflow/example_dags/example_setup_teardown.py for tasks to queue
[2024-08-26T12:54:02.714+0000] {logging_mixin.py:154} INFO - [2024-08-26T12:54:02.713+0000] {dagbag.py:536} INFO - Filling up the DagBag from /home/airflow/.local/lib/python3.8/site-packages/airflow/example_dags/example_setup_teardown.py
[2024-08-26T12:54:02.726+0000] {processor.py:839} INFO - DAG(s) dict_keys(['example_setup_teardown']) retrieved from /home/airflow/.local/lib/python3.8/site-packages/airflow/example_dags/example_setup_teardown.py
[2024-08-26T12:54:02.763+0000] {logging_mixin.py:154} INFO - [2024-08-26T12:54:02.762+0000] {dag.py:2941} INFO - Sync 1 DAGs
[2024-08-26T12:54:02.801+0000] {logging_mixin.py:154} INFO - [2024-08-26T12:54:02.801+0000] {dag.py:3722} INFO - Setting next_dagrun for example_setup_teardown to 2024-08-25T12:54:02.801019+00:00, run_after=2024-08-26T12:54:02.801019+00:00
[2024-08-26T12:54:02.838+0000] {processor.py:179} INFO - Processing /home/airflow/.local/lib/python3.8/site-packages/airflow/example_dags/example_setup_teardown.py took 0.138 seconds
[2024-08-26T12:54:36.247+0000] {processor.py:157} INFO - Started process (PID=2294) to work on /home/airflow/.local/lib/python3.8/site-packages/airflow/example_dags/example_setup_teardown.py
[2024-08-26T12:54:36.249+0000] {processor.py:829} INFO - Processing file /home/airflow/.local/lib/python3.8/site-packages/airflow/example_dags/example_setup_teardown.py for tasks to queue
[2024-08-26T12:54:36.254+0000] {logging_mixin.py:154} INFO - [2024-08-26T12:54:36.253+0000] {dagbag.py:536} INFO - Filling up the DagBag from /home/airflow/.local/lib/python3.8/site-packages/airflow/example_dags/example_setup_teardown.py
[2024-08-26T12:54:36.268+0000] {processor.py:839} INFO - DAG(s) dict_keys(['example_setup_teardown']) retrieved from /home/airflow/.local/lib/python3.8/site-packages/airflow/example_dags/example_setup_teardown.py
[2024-08-26T12:54:36.310+0000] {logging_mixin.py:154} INFO - [2024-08-26T12:54:36.310+0000] {dag.py:2941} INFO - Sync 1 DAGs
[2024-08-26T12:54:36.352+0000] {logging_mixin.py:154} INFO - [2024-08-26T12:54:36.352+0000] {dag.py:3722} INFO - Setting next_dagrun for example_setup_teardown to 2024-08-25T12:54:36.351895+00:00, run_after=2024-08-26T12:54:36.351895+00:00
[2024-08-26T12:54:36.389+0000] {processor.py:179} INFO - Processing /home/airflow/.local/lib/python3.8/site-packages/airflow/example_dags/example_setup_teardown.py took 0.148 seconds
[2024-08-26T12:55:08.932+0000] {processor.py:157} INFO - Started process (PID=2360) to work on /home/airflow/.local/lib/python3.8/site-packages/airflow/example_dags/example_setup_teardown.py
[2024-08-26T12:55:08.933+0000] {processor.py:829} INFO - Processing file /home/airflow/.local/lib/python3.8/site-packages/airflow/example_dags/example_setup_teardown.py for tasks to queue
[2024-08-26T12:55:08.937+0000] {logging_mixin.py:154} INFO - [2024-08-26T12:55:08.936+0000] {dagbag.py:536} INFO - Filling up the DagBag from /home/airflow/.local/lib/python3.8/site-packages/airflow/example_dags/example_setup_teardown.py
[2024-08-26T12:55:08.947+0000] {processor.py:839} INFO - DAG(s) dict_keys(['example_setup_teardown']) retrieved from /home/airflow/.local/lib/python3.8/site-packages/airflow/example_dags/example_setup_teardown.py
[2024-08-26T12:55:08.984+0000] {logging_mixin.py:154} INFO - [2024-08-26T12:55:08.983+0000] {dag.py:2941} INFO - Sync 1 DAGs
[2024-08-26T12:55:09.215+0000] {logging_mixin.py:154} INFO - [2024-08-26T12:55:09.215+0000] {dag.py:3722} INFO - Setting next_dagrun for example_setup_teardown to 2024-08-25T12:55:09.214674+00:00, run_after=2024-08-26T12:55:09.214674+00:00
[2024-08-26T12:55:09.251+0000] {processor.py:179} INFO - Processing /home/airflow/.local/lib/python3.8/site-packages/airflow/example_dags/example_setup_teardown.py took 0.324 seconds
[2024-08-26T12:55:40.231+0000] {processor.py:157} INFO - Started process (PID=2426) to work on /home/airflow/.local/lib/python3.8/site-packages/airflow/example_dags/example_setup_teardown.py
[2024-08-26T12:55:40.232+0000] {processor.py:829} INFO - Processing file /home/airflow/.local/lib/python3.8/site-packages/airflow/example_dags/example_setup_teardown.py for tasks to queue
[2024-08-26T12:55:40.237+0000] {logging_mixin.py:154} INFO - [2024-08-26T12:55:40.236+0000] {dagbag.py:536} INFO - Filling up the DagBag from /home/airflow/.local/lib/python3.8/site-packages/airflow/example_dags/example_setup_teardown.py
[2024-08-26T12:55:40.251+0000] {processor.py:839} INFO - DAG(s) dict_keys(['example_setup_teardown']) retrieved from /home/airflow/.local/lib/python3.8/site-packages/airflow/example_dags/example_setup_teardown.py
[2024-08-26T12:55:40.294+0000] {logging_mixin.py:154} INFO - [2024-08-26T12:55:40.293+0000] {dag.py:2941} INFO - Sync 1 DAGs
[2024-08-26T12:55:40.341+0000] {logging_mixin.py:154} INFO - [2024-08-26T12:55:40.340+0000] {dag.py:3722} INFO - Setting next_dagrun for example_setup_teardown to 2024-08-25T12:55:40.340477+00:00, run_after=2024-08-26T12:55:40.340477+00:00
[2024-08-26T12:55:40.612+0000] {processor.py:179} INFO - Processing /home/airflow/.local/lib/python3.8/site-packages/airflow/example_dags/example_setup_teardown.py took 0.387 seconds
[2024-08-26T12:56:11.272+0000] {processor.py:157} INFO - Started process (PID=2492) to work on /home/airflow/.local/lib/python3.8/site-packages/airflow/example_dags/example_setup_teardown.py
[2024-08-26T12:56:11.273+0000] {processor.py:829} INFO - Processing file /home/airflow/.local/lib/python3.8/site-packages/airflow/example_dags/example_setup_teardown.py for tasks to queue
[2024-08-26T12:56:11.275+0000] {logging_mixin.py:154} INFO - [2024-08-26T12:56:11.275+0000] {dagbag.py:536} INFO - Filling up the DagBag from /home/airflow/.local/lib/python3.8/site-packages/airflow/example_dags/example_setup_teardown.py
[2024-08-26T12:56:11.282+0000] {processor.py:839} INFO - DAG(s) dict_keys(['example_setup_teardown']) retrieved from /home/airflow/.local/lib/python3.8/site-packages/airflow/example_dags/example_setup_teardown.py
[2024-08-26T12:56:11.305+0000] {logging_mixin.py:154} INFO - [2024-08-26T12:56:11.305+0000] {dag.py:2941} INFO - Sync 1 DAGs
[2024-08-26T12:56:11.329+0000] {logging_mixin.py:154} INFO - [2024-08-26T12:56:11.329+0000] {dag.py:3722} INFO - Setting next_dagrun for example_setup_teardown to 2024-08-25T12:56:11.329233+00:00, run_after=2024-08-26T12:56:11.329233+00:00
[2024-08-26T12:56:11.390+0000] {processor.py:179} INFO - Processing /home/airflow/.local/lib/python3.8/site-packages/airflow/example_dags/example_setup_teardown.py took 0.121 seconds
