[2024-08-26T08:44:53.056+0000] {processor.py:157} INFO - Started process (PID=55) to work on /home/airflow/.local/lib/python3.8/site-packages/airflow/example_dags/tutorial_dag.py
[2024-08-26T08:44:53.057+0000] {processor.py:829} INFO - Processing file /home/airflow/.local/lib/python3.8/site-packages/airflow/example_dags/tutorial_dag.py for tasks to queue
[2024-08-26T08:44:53.059+0000] {logging_mixin.py:154} INFO - [2024-08-26T08:44:53.058+0000] {dagbag.py:536} INFO - Filling up the DagBag from /home/airflow/.local/lib/python3.8/site-packages/airflow/example_dags/tutorial_dag.py
[2024-08-26T08:44:53.066+0000] {processor.py:839} INFO - DAG(s) dict_keys(['tutorial_dag']) retrieved from /home/airflow/.local/lib/python3.8/site-packages/airflow/example_dags/tutorial_dag.py
[2024-08-26T08:44:53.091+0000] {logging_mixin.py:154} INFO - [2024-08-26T08:44:53.091+0000] {dag.py:2941} INFO - Sync 1 DAGs
[2024-08-26T08:44:53.102+0000] {logging_mixin.py:154} INFO - [2024-08-26T08:44:53.102+0000] {dag.py:3722} INFO - Setting next_dagrun for tutorial_dag to None, run_after=None
[2024-08-26T08:44:53.121+0000] {processor.py:179} INFO - Processing /home/airflow/.local/lib/python3.8/site-packages/airflow/example_dags/tutorial_dag.py took 0.069 seconds
[2024-08-26T12:36:19.106+0000] {processor.py:157} INFO - Started process (PID=64) to work on /home/airflow/.local/lib/python3.8/site-packages/airflow/example_dags/tutorial_dag.py
[2024-08-26T12:36:19.107+0000] {processor.py:829} INFO - Processing file /home/airflow/.local/lib/python3.8/site-packages/airflow/example_dags/tutorial_dag.py for tasks to queue
[2024-08-26T12:36:19.110+0000] {logging_mixin.py:154} INFO - [2024-08-26T12:36:19.110+0000] {dagbag.py:536} INFO - Filling up the DagBag from /home/airflow/.local/lib/python3.8/site-packages/airflow/example_dags/tutorial_dag.py
[2024-08-26T12:36:19.119+0000] {processor.py:839} INFO - DAG(s) dict_keys(['tutorial_dag']) retrieved from /home/airflow/.local/lib/python3.8/site-packages/airflow/example_dags/tutorial_dag.py
[2024-08-26T12:36:19.150+0000] {logging_mixin.py:154} INFO - [2024-08-26T12:36:19.150+0000] {dag.py:2941} INFO - Sync 1 DAGs
[2024-08-26T12:36:19.165+0000] {logging_mixin.py:154} INFO - [2024-08-26T12:36:19.165+0000] {dag.py:3722} INFO - Setting next_dagrun for tutorial_dag to None, run_after=None
[2024-08-26T12:36:19.189+0000] {processor.py:179} INFO - Processing /home/airflow/.local/lib/python3.8/site-packages/airflow/example_dags/tutorial_dag.py took 0.087 seconds
[2024-08-26T12:36:50.127+0000] {processor.py:157} INFO - Started process (PID=130) to work on /home/airflow/.local/lib/python3.8/site-packages/airflow/example_dags/tutorial_dag.py
[2024-08-26T12:36:50.128+0000] {processor.py:829} INFO - Processing file /home/airflow/.local/lib/python3.8/site-packages/airflow/example_dags/tutorial_dag.py for tasks to queue
[2024-08-26T12:36:50.130+0000] {logging_mixin.py:154} INFO - [2024-08-26T12:36:50.130+0000] {dagbag.py:536} INFO - Filling up the DagBag from /home/airflow/.local/lib/python3.8/site-packages/airflow/example_dags/tutorial_dag.py
[2024-08-26T12:36:50.135+0000] {processor.py:839} INFO - DAG(s) dict_keys(['tutorial_dag']) retrieved from /home/airflow/.local/lib/python3.8/site-packages/airflow/example_dags/tutorial_dag.py
[2024-08-26T12:36:50.156+0000] {logging_mixin.py:154} INFO - [2024-08-26T12:36:50.156+0000] {dag.py:2941} INFO - Sync 1 DAGs
[2024-08-26T12:36:50.169+0000] {logging_mixin.py:154} INFO - [2024-08-26T12:36:50.169+0000] {dag.py:3722} INFO - Setting next_dagrun for tutorial_dag to None, run_after=None
[2024-08-26T12:36:50.189+0000] {processor.py:179} INFO - Processing /home/airflow/.local/lib/python3.8/site-packages/airflow/example_dags/tutorial_dag.py took 0.065 seconds
[2024-08-26T12:37:21.206+0000] {processor.py:157} INFO - Started process (PID=196) to work on /home/airflow/.local/lib/python3.8/site-packages/airflow/example_dags/tutorial_dag.py
[2024-08-26T12:37:21.208+0000] {processor.py:829} INFO - Processing file /home/airflow/.local/lib/python3.8/site-packages/airflow/example_dags/tutorial_dag.py for tasks to queue
[2024-08-26T12:37:21.211+0000] {logging_mixin.py:154} INFO - [2024-08-26T12:37:21.211+0000] {dagbag.py:536} INFO - Filling up the DagBag from /home/airflow/.local/lib/python3.8/site-packages/airflow/example_dags/tutorial_dag.py
[2024-08-26T12:37:21.220+0000] {processor.py:839} INFO - DAG(s) dict_keys(['tutorial_dag']) retrieved from /home/airflow/.local/lib/python3.8/site-packages/airflow/example_dags/tutorial_dag.py
[2024-08-26T12:37:21.258+0000] {logging_mixin.py:154} INFO - [2024-08-26T12:37:21.258+0000] {dag.py:2941} INFO - Sync 1 DAGs
[2024-08-26T12:37:21.283+0000] {logging_mixin.py:154} INFO - [2024-08-26T12:37:21.282+0000] {dag.py:3722} INFO - Setting next_dagrun for tutorial_dag to None, run_after=None
[2024-08-26T12:37:21.319+0000] {processor.py:179} INFO - Processing /home/airflow/.local/lib/python3.8/site-packages/airflow/example_dags/tutorial_dag.py took 0.119 seconds
[2024-08-26T12:37:51.850+0000] {processor.py:157} INFO - Started process (PID=262) to work on /home/airflow/.local/lib/python3.8/site-packages/airflow/example_dags/tutorial_dag.py
[2024-08-26T12:37:51.852+0000] {processor.py:829} INFO - Processing file /home/airflow/.local/lib/python3.8/site-packages/airflow/example_dags/tutorial_dag.py for tasks to queue
[2024-08-26T12:37:51.855+0000] {logging_mixin.py:154} INFO - [2024-08-26T12:37:51.855+0000] {dagbag.py:536} INFO - Filling up the DagBag from /home/airflow/.local/lib/python3.8/site-packages/airflow/example_dags/tutorial_dag.py
[2024-08-26T12:37:51.866+0000] {processor.py:839} INFO - DAG(s) dict_keys(['tutorial_dag']) retrieved from /home/airflow/.local/lib/python3.8/site-packages/airflow/example_dags/tutorial_dag.py
[2024-08-26T12:37:51.903+0000] {logging_mixin.py:154} INFO - [2024-08-26T12:37:51.902+0000] {dag.py:2941} INFO - Sync 1 DAGs
[2024-08-26T12:37:51.928+0000] {logging_mixin.py:154} INFO - [2024-08-26T12:37:51.928+0000] {dag.py:3722} INFO - Setting next_dagrun for tutorial_dag to None, run_after=None
[2024-08-26T12:37:51.999+0000] {processor.py:179} INFO - Processing /home/airflow/.local/lib/python3.8/site-packages/airflow/example_dags/tutorial_dag.py took 0.154 seconds
[2024-08-26T12:38:22.133+0000] {processor.py:157} INFO - Started process (PID=326) to work on /home/airflow/.local/lib/python3.8/site-packages/airflow/example_dags/tutorial_dag.py
[2024-08-26T12:38:22.135+0000] {processor.py:829} INFO - Processing file /home/airflow/.local/lib/python3.8/site-packages/airflow/example_dags/tutorial_dag.py for tasks to queue
[2024-08-26T12:38:22.138+0000] {logging_mixin.py:154} INFO - [2024-08-26T12:38:22.138+0000] {dagbag.py:536} INFO - Filling up the DagBag from /home/airflow/.local/lib/python3.8/site-packages/airflow/example_dags/tutorial_dag.py
[2024-08-26T12:38:22.148+0000] {processor.py:839} INFO - DAG(s) dict_keys(['tutorial_dag']) retrieved from /home/airflow/.local/lib/python3.8/site-packages/airflow/example_dags/tutorial_dag.py
[2024-08-26T12:38:22.188+0000] {logging_mixin.py:154} INFO - [2024-08-26T12:38:22.188+0000] {dag.py:2941} INFO - Sync 1 DAGs
[2024-08-26T12:38:22.211+0000] {logging_mixin.py:154} INFO - [2024-08-26T12:38:22.211+0000] {dag.py:3722} INFO - Setting next_dagrun for tutorial_dag to None, run_after=None
[2024-08-26T12:38:22.285+0000] {processor.py:179} INFO - Processing /home/airflow/.local/lib/python3.8/site-packages/airflow/example_dags/tutorial_dag.py took 0.159 seconds
[2024-08-26T12:38:52.993+0000] {processor.py:157} INFO - Started process (PID=393) to work on /home/airflow/.local/lib/python3.8/site-packages/airflow/example_dags/tutorial_dag.py
[2024-08-26T12:38:52.995+0000] {processor.py:829} INFO - Processing file /home/airflow/.local/lib/python3.8/site-packages/airflow/example_dags/tutorial_dag.py for tasks to queue
[2024-08-26T12:38:53.000+0000] {logging_mixin.py:154} INFO - [2024-08-26T12:38:52.999+0000] {dagbag.py:536} INFO - Filling up the DagBag from /home/airflow/.local/lib/python3.8/site-packages/airflow/example_dags/tutorial_dag.py
[2024-08-26T12:38:53.007+0000] {processor.py:839} INFO - DAG(s) dict_keys(['tutorial_dag']) retrieved from /home/airflow/.local/lib/python3.8/site-packages/airflow/example_dags/tutorial_dag.py
[2024-08-26T12:38:53.044+0000] {logging_mixin.py:154} INFO - [2024-08-26T12:38:53.044+0000] {dag.py:2941} INFO - Sync 1 DAGs
[2024-08-26T12:38:53.073+0000] {logging_mixin.py:154} INFO - [2024-08-26T12:38:53.072+0000] {dag.py:3722} INFO - Setting next_dagrun for tutorial_dag to None, run_after=None
[2024-08-26T12:38:53.148+0000] {processor.py:179} INFO - Processing /home/airflow/.local/lib/python3.8/site-packages/airflow/example_dags/tutorial_dag.py took 0.162 seconds
[2024-08-26T12:39:23.325+0000] {processor.py:157} INFO - Started process (PID=459) to work on /home/airflow/.local/lib/python3.8/site-packages/airflow/example_dags/tutorial_dag.py
[2024-08-26T12:39:23.327+0000] {processor.py:829} INFO - Processing file /home/airflow/.local/lib/python3.8/site-packages/airflow/example_dags/tutorial_dag.py for tasks to queue
[2024-08-26T12:39:23.331+0000] {logging_mixin.py:154} INFO - [2024-08-26T12:39:23.330+0000] {dagbag.py:536} INFO - Filling up the DagBag from /home/airflow/.local/lib/python3.8/site-packages/airflow/example_dags/tutorial_dag.py
[2024-08-26T12:39:23.341+0000] {processor.py:839} INFO - DAG(s) dict_keys(['tutorial_dag']) retrieved from /home/airflow/.local/lib/python3.8/site-packages/airflow/example_dags/tutorial_dag.py
[2024-08-26T12:39:23.381+0000] {logging_mixin.py:154} INFO - [2024-08-26T12:39:23.380+0000] {dag.py:2941} INFO - Sync 1 DAGs
[2024-08-26T12:39:23.412+0000] {logging_mixin.py:154} INFO - [2024-08-26T12:39:23.411+0000] {dag.py:3722} INFO - Setting next_dagrun for tutorial_dag to None, run_after=None
[2024-08-26T12:39:23.456+0000] {processor.py:179} INFO - Processing /home/airflow/.local/lib/python3.8/site-packages/airflow/example_dags/tutorial_dag.py took 0.137 seconds
[2024-08-26T12:39:54.176+0000] {processor.py:157} INFO - Started process (PID=532) to work on /home/airflow/.local/lib/python3.8/site-packages/airflow/example_dags/tutorial_dag.py
[2024-08-26T12:39:54.178+0000] {processor.py:829} INFO - Processing file /home/airflow/.local/lib/python3.8/site-packages/airflow/example_dags/tutorial_dag.py for tasks to queue
[2024-08-26T12:39:54.182+0000] {logging_mixin.py:154} INFO - [2024-08-26T12:39:54.181+0000] {dagbag.py:536} INFO - Filling up the DagBag from /home/airflow/.local/lib/python3.8/site-packages/airflow/example_dags/tutorial_dag.py
[2024-08-26T12:39:54.191+0000] {processor.py:839} INFO - DAG(s) dict_keys(['tutorial_dag']) retrieved from /home/airflow/.local/lib/python3.8/site-packages/airflow/example_dags/tutorial_dag.py
[2024-08-26T12:39:54.239+0000] {logging_mixin.py:154} INFO - [2024-08-26T12:39:54.239+0000] {dag.py:2941} INFO - Sync 1 DAGs
[2024-08-26T12:39:54.270+0000] {logging_mixin.py:154} INFO - [2024-08-26T12:39:54.270+0000] {dag.py:3722} INFO - Setting next_dagrun for tutorial_dag to None, run_after=None
[2024-08-26T12:39:54.308+0000] {processor.py:179} INFO - Processing /home/airflow/.local/lib/python3.8/site-packages/airflow/example_dags/tutorial_dag.py took 0.137 seconds
[2024-08-26T12:40:25.611+0000] {processor.py:157} INFO - Started process (PID=591) to work on /home/airflow/.local/lib/python3.8/site-packages/airflow/example_dags/tutorial_dag.py
[2024-08-26T12:40:25.613+0000] {processor.py:829} INFO - Processing file /home/airflow/.local/lib/python3.8/site-packages/airflow/example_dags/tutorial_dag.py for tasks to queue
[2024-08-26T12:40:25.618+0000] {logging_mixin.py:154} INFO - [2024-08-26T12:40:25.617+0000] {dagbag.py:536} INFO - Filling up the DagBag from /home/airflow/.local/lib/python3.8/site-packages/airflow/example_dags/tutorial_dag.py
[2024-08-26T12:40:25.631+0000] {processor.py:839} INFO - DAG(s) dict_keys(['tutorial_dag']) retrieved from /home/airflow/.local/lib/python3.8/site-packages/airflow/example_dags/tutorial_dag.py
[2024-08-26T12:40:25.690+0000] {logging_mixin.py:154} INFO - [2024-08-26T12:40:25.690+0000] {dag.py:2941} INFO - Sync 1 DAGs
[2024-08-26T12:40:25.726+0000] {logging_mixin.py:154} INFO - [2024-08-26T12:40:25.725+0000] {dag.py:3722} INFO - Setting next_dagrun for tutorial_dag to None, run_after=None
[2024-08-26T12:40:25.776+0000] {processor.py:179} INFO - Processing /home/airflow/.local/lib/python3.8/site-packages/airflow/example_dags/tutorial_dag.py took 0.175 seconds
[2024-08-26T12:40:56.554+0000] {processor.py:157} INFO - Started process (PID=656) to work on /home/airflow/.local/lib/python3.8/site-packages/airflow/example_dags/tutorial_dag.py
[2024-08-26T12:40:56.556+0000] {processor.py:829} INFO - Processing file /home/airflow/.local/lib/python3.8/site-packages/airflow/example_dags/tutorial_dag.py for tasks to queue
[2024-08-26T12:40:56.560+0000] {logging_mixin.py:154} INFO - [2024-08-26T12:40:56.559+0000] {dagbag.py:536} INFO - Filling up the DagBag from /home/airflow/.local/lib/python3.8/site-packages/airflow/example_dags/tutorial_dag.py
[2024-08-26T12:40:56.568+0000] {processor.py:839} INFO - DAG(s) dict_keys(['tutorial_dag']) retrieved from /home/airflow/.local/lib/python3.8/site-packages/airflow/example_dags/tutorial_dag.py
[2024-08-26T12:40:56.608+0000] {logging_mixin.py:154} INFO - [2024-08-26T12:40:56.607+0000] {dag.py:2941} INFO - Sync 1 DAGs
[2024-08-26T12:40:56.641+0000] {logging_mixin.py:154} INFO - [2024-08-26T12:40:56.641+0000] {dag.py:3722} INFO - Setting next_dagrun for tutorial_dag to None, run_after=None
[2024-08-26T12:40:56.680+0000] {processor.py:179} INFO - Processing /home/airflow/.local/lib/python3.8/site-packages/airflow/example_dags/tutorial_dag.py took 0.133 seconds
[2024-08-26T12:41:26.997+0000] {processor.py:157} INFO - Started process (PID=722) to work on /home/airflow/.local/lib/python3.8/site-packages/airflow/example_dags/tutorial_dag.py
[2024-08-26T12:41:26.998+0000] {processor.py:829} INFO - Processing file /home/airflow/.local/lib/python3.8/site-packages/airflow/example_dags/tutorial_dag.py for tasks to queue
[2024-08-26T12:41:27.002+0000] {logging_mixin.py:154} INFO - [2024-08-26T12:41:27.001+0000] {dagbag.py:536} INFO - Filling up the DagBag from /home/airflow/.local/lib/python3.8/site-packages/airflow/example_dags/tutorial_dag.py
[2024-08-26T12:41:27.010+0000] {processor.py:839} INFO - DAG(s) dict_keys(['tutorial_dag']) retrieved from /home/airflow/.local/lib/python3.8/site-packages/airflow/example_dags/tutorial_dag.py
[2024-08-26T12:41:27.045+0000] {logging_mixin.py:154} INFO - [2024-08-26T12:41:27.045+0000] {dag.py:2941} INFO - Sync 1 DAGs
[2024-08-26T12:41:27.071+0000] {logging_mixin.py:154} INFO - [2024-08-26T12:41:27.070+0000] {dag.py:3722} INFO - Setting next_dagrun for tutorial_dag to None, run_after=None
[2024-08-26T12:41:27.141+0000] {processor.py:179} INFO - Processing /home/airflow/.local/lib/python3.8/site-packages/airflow/example_dags/tutorial_dag.py took 0.150 seconds
[2024-08-26T12:41:57.284+0000] {processor.py:157} INFO - Started process (PID=788) to work on /home/airflow/.local/lib/python3.8/site-packages/airflow/example_dags/tutorial_dag.py
[2024-08-26T12:41:57.286+0000] {processor.py:829} INFO - Processing file /home/airflow/.local/lib/python3.8/site-packages/airflow/example_dags/tutorial_dag.py for tasks to queue
[2024-08-26T12:41:57.289+0000] {logging_mixin.py:154} INFO - [2024-08-26T12:41:57.289+0000] {dagbag.py:536} INFO - Filling up the DagBag from /home/airflow/.local/lib/python3.8/site-packages/airflow/example_dags/tutorial_dag.py
[2024-08-26T12:41:57.299+0000] {processor.py:839} INFO - DAG(s) dict_keys(['tutorial_dag']) retrieved from /home/airflow/.local/lib/python3.8/site-packages/airflow/example_dags/tutorial_dag.py
[2024-08-26T12:41:57.342+0000] {logging_mixin.py:154} INFO - [2024-08-26T12:41:57.341+0000] {dag.py:2941} INFO - Sync 1 DAGs
[2024-08-26T12:41:57.363+0000] {logging_mixin.py:154} INFO - [2024-08-26T12:41:57.363+0000] {dag.py:3722} INFO - Setting next_dagrun for tutorial_dag to None, run_after=None
[2024-08-26T12:41:57.438+0000] {processor.py:179} INFO - Processing /home/airflow/.local/lib/python3.8/site-packages/airflow/example_dags/tutorial_dag.py took 0.160 seconds
[2024-08-26T12:42:27.740+0000] {processor.py:157} INFO - Started process (PID=854) to work on /home/airflow/.local/lib/python3.8/site-packages/airflow/example_dags/tutorial_dag.py
[2024-08-26T12:42:27.741+0000] {processor.py:829} INFO - Processing file /home/airflow/.local/lib/python3.8/site-packages/airflow/example_dags/tutorial_dag.py for tasks to queue
[2024-08-26T12:42:27.745+0000] {logging_mixin.py:154} INFO - [2024-08-26T12:42:27.745+0000] {dagbag.py:536} INFO - Filling up the DagBag from /home/airflow/.local/lib/python3.8/site-packages/airflow/example_dags/tutorial_dag.py
[2024-08-26T12:42:27.755+0000] {processor.py:839} INFO - DAG(s) dict_keys(['tutorial_dag']) retrieved from /home/airflow/.local/lib/python3.8/site-packages/airflow/example_dags/tutorial_dag.py
[2024-08-26T12:42:27.792+0000] {logging_mixin.py:154} INFO - [2024-08-26T12:42:27.791+0000] {dag.py:2941} INFO - Sync 1 DAGs
[2024-08-26T12:42:27.821+0000] {logging_mixin.py:154} INFO - [2024-08-26T12:42:27.821+0000] {dag.py:3722} INFO - Setting next_dagrun for tutorial_dag to None, run_after=None
[2024-08-26T12:42:27.884+0000] {processor.py:179} INFO - Processing /home/airflow/.local/lib/python3.8/site-packages/airflow/example_dags/tutorial_dag.py took 0.150 seconds
[2024-08-26T12:42:58.822+0000] {processor.py:157} INFO - Started process (PID=920) to work on /home/airflow/.local/lib/python3.8/site-packages/airflow/example_dags/tutorial_dag.py
[2024-08-26T12:42:58.825+0000] {processor.py:829} INFO - Processing file /home/airflow/.local/lib/python3.8/site-packages/airflow/example_dags/tutorial_dag.py for tasks to queue
[2024-08-26T12:42:58.829+0000] {logging_mixin.py:154} INFO - [2024-08-26T12:42:58.828+0000] {dagbag.py:536} INFO - Filling up the DagBag from /home/airflow/.local/lib/python3.8/site-packages/airflow/example_dags/tutorial_dag.py
[2024-08-26T12:42:58.843+0000] {processor.py:839} INFO - DAG(s) dict_keys(['tutorial_dag']) retrieved from /home/airflow/.local/lib/python3.8/site-packages/airflow/example_dags/tutorial_dag.py
[2024-08-26T12:42:58.892+0000] {logging_mixin.py:154} INFO - [2024-08-26T12:42:58.891+0000] {dag.py:2941} INFO - Sync 1 DAGs
[2024-08-26T12:42:58.916+0000] {logging_mixin.py:154} INFO - [2024-08-26T12:42:58.915+0000] {dag.py:3722} INFO - Setting next_dagrun for tutorial_dag to None, run_after=None
[2024-08-26T12:42:58.990+0000] {processor.py:179} INFO - Processing /home/airflow/.local/lib/python3.8/site-packages/airflow/example_dags/tutorial_dag.py took 0.174 seconds
[2024-08-26T12:43:29.404+0000] {processor.py:157} INFO - Started process (PID=998) to work on /home/airflow/.local/lib/python3.8/site-packages/airflow/example_dags/tutorial_dag.py
[2024-08-26T12:43:29.406+0000] {processor.py:829} INFO - Processing file /home/airflow/.local/lib/python3.8/site-packages/airflow/example_dags/tutorial_dag.py for tasks to queue
[2024-08-26T12:43:29.410+0000] {logging_mixin.py:154} INFO - [2024-08-26T12:43:29.409+0000] {dagbag.py:536} INFO - Filling up the DagBag from /home/airflow/.local/lib/python3.8/site-packages/airflow/example_dags/tutorial_dag.py
[2024-08-26T12:43:29.418+0000] {processor.py:839} INFO - DAG(s) dict_keys(['tutorial_dag']) retrieved from /home/airflow/.local/lib/python3.8/site-packages/airflow/example_dags/tutorial_dag.py
[2024-08-26T12:43:29.452+0000] {logging_mixin.py:154} INFO - [2024-08-26T12:43:29.451+0000] {dag.py:2941} INFO - Sync 1 DAGs
[2024-08-26T12:43:29.476+0000] {logging_mixin.py:154} INFO - [2024-08-26T12:43:29.476+0000] {dag.py:3722} INFO - Setting next_dagrun for tutorial_dag to None, run_after=None
[2024-08-26T12:43:29.548+0000] {processor.py:179} INFO - Processing /home/airflow/.local/lib/python3.8/site-packages/airflow/example_dags/tutorial_dag.py took 0.149 seconds
[2024-08-26T12:43:59.870+0000] {processor.py:157} INFO - Started process (PID=1064) to work on /home/airflow/.local/lib/python3.8/site-packages/airflow/example_dags/tutorial_dag.py
[2024-08-26T12:43:59.872+0000] {processor.py:829} INFO - Processing file /home/airflow/.local/lib/python3.8/site-packages/airflow/example_dags/tutorial_dag.py for tasks to queue
[2024-08-26T12:43:59.875+0000] {logging_mixin.py:154} INFO - [2024-08-26T12:43:59.875+0000] {dagbag.py:536} INFO - Filling up the DagBag from /home/airflow/.local/lib/python3.8/site-packages/airflow/example_dags/tutorial_dag.py
[2024-08-26T12:43:59.887+0000] {processor.py:839} INFO - DAG(s) dict_keys(['tutorial_dag']) retrieved from /home/airflow/.local/lib/python3.8/site-packages/airflow/example_dags/tutorial_dag.py
[2024-08-26T12:43:59.928+0000] {logging_mixin.py:154} INFO - [2024-08-26T12:43:59.927+0000] {dag.py:2941} INFO - Sync 1 DAGs
[2024-08-26T12:43:59.950+0000] {logging_mixin.py:154} INFO - [2024-08-26T12:43:59.950+0000] {dag.py:3722} INFO - Setting next_dagrun for tutorial_dag to None, run_after=None
[2024-08-26T12:43:59.988+0000] {processor.py:179} INFO - Processing /home/airflow/.local/lib/python3.8/site-packages/airflow/example_dags/tutorial_dag.py took 0.124 seconds
[2024-08-26T12:44:30.537+0000] {processor.py:157} INFO - Started process (PID=1130) to work on /home/airflow/.local/lib/python3.8/site-packages/airflow/example_dags/tutorial_dag.py
[2024-08-26T12:44:30.539+0000] {processor.py:829} INFO - Processing file /home/airflow/.local/lib/python3.8/site-packages/airflow/example_dags/tutorial_dag.py for tasks to queue
[2024-08-26T12:44:30.542+0000] {logging_mixin.py:154} INFO - [2024-08-26T12:44:30.541+0000] {dagbag.py:536} INFO - Filling up the DagBag from /home/airflow/.local/lib/python3.8/site-packages/airflow/example_dags/tutorial_dag.py
[2024-08-26T12:44:30.550+0000] {processor.py:839} INFO - DAG(s) dict_keys(['tutorial_dag']) retrieved from /home/airflow/.local/lib/python3.8/site-packages/airflow/example_dags/tutorial_dag.py
[2024-08-26T12:44:30.589+0000] {logging_mixin.py:154} INFO - [2024-08-26T12:44:30.588+0000] {dag.py:2941} INFO - Sync 1 DAGs
[2024-08-26T12:44:30.615+0000] {logging_mixin.py:154} INFO - [2024-08-26T12:44:30.615+0000] {dag.py:3722} INFO - Setting next_dagrun for tutorial_dag to None, run_after=None
[2024-08-26T12:44:30.685+0000] {processor.py:179} INFO - Processing /home/airflow/.local/lib/python3.8/site-packages/airflow/example_dags/tutorial_dag.py took 0.154 seconds
[2024-08-26T12:45:01.535+0000] {processor.py:157} INFO - Started process (PID=1204) to work on /home/airflow/.local/lib/python3.8/site-packages/airflow/example_dags/tutorial_dag.py
[2024-08-26T12:45:01.537+0000] {processor.py:829} INFO - Processing file /home/airflow/.local/lib/python3.8/site-packages/airflow/example_dags/tutorial_dag.py for tasks to queue
[2024-08-26T12:45:01.540+0000] {logging_mixin.py:154} INFO - [2024-08-26T12:45:01.540+0000] {dagbag.py:536} INFO - Filling up the DagBag from /home/airflow/.local/lib/python3.8/site-packages/airflow/example_dags/tutorial_dag.py
[2024-08-26T12:45:01.549+0000] {processor.py:839} INFO - DAG(s) dict_keys(['tutorial_dag']) retrieved from /home/airflow/.local/lib/python3.8/site-packages/airflow/example_dags/tutorial_dag.py
[2024-08-26T12:45:01.591+0000] {logging_mixin.py:154} INFO - [2024-08-26T12:45:01.590+0000] {dag.py:2941} INFO - Sync 1 DAGs
[2024-08-26T12:45:01.617+0000] {logging_mixin.py:154} INFO - [2024-08-26T12:45:01.617+0000] {dag.py:3722} INFO - Setting next_dagrun for tutorial_dag to None, run_after=None
[2024-08-26T12:45:01.690+0000] {processor.py:179} INFO - Processing /home/airflow/.local/lib/python3.8/site-packages/airflow/example_dags/tutorial_dag.py took 0.160 seconds
[2024-08-26T12:45:31.939+0000] {processor.py:157} INFO - Started process (PID=1270) to work on /home/airflow/.local/lib/python3.8/site-packages/airflow/example_dags/tutorial_dag.py
[2024-08-26T12:45:31.940+0000] {processor.py:829} INFO - Processing file /home/airflow/.local/lib/python3.8/site-packages/airflow/example_dags/tutorial_dag.py for tasks to queue
[2024-08-26T12:45:31.944+0000] {logging_mixin.py:154} INFO - [2024-08-26T12:45:31.943+0000] {dagbag.py:536} INFO - Filling up the DagBag from /home/airflow/.local/lib/python3.8/site-packages/airflow/example_dags/tutorial_dag.py
[2024-08-26T12:45:31.952+0000] {processor.py:839} INFO - DAG(s) dict_keys(['tutorial_dag']) retrieved from /home/airflow/.local/lib/python3.8/site-packages/airflow/example_dags/tutorial_dag.py
[2024-08-26T12:45:31.995+0000] {logging_mixin.py:154} INFO - [2024-08-26T12:45:31.994+0000] {dag.py:2941} INFO - Sync 1 DAGs
[2024-08-26T12:45:32.021+0000] {logging_mixin.py:154} INFO - [2024-08-26T12:45:32.021+0000] {dag.py:3722} INFO - Setting next_dagrun for tutorial_dag to None, run_after=None
[2024-08-26T12:45:32.095+0000] {processor.py:179} INFO - Processing /home/airflow/.local/lib/python3.8/site-packages/airflow/example_dags/tutorial_dag.py took 0.162 seconds
[2024-08-26T12:46:02.285+0000] {processor.py:157} INFO - Started process (PID=1337) to work on /home/airflow/.local/lib/python3.8/site-packages/airflow/example_dags/tutorial_dag.py
[2024-08-26T12:46:02.286+0000] {processor.py:829} INFO - Processing file /home/airflow/.local/lib/python3.8/site-packages/airflow/example_dags/tutorial_dag.py for tasks to queue
[2024-08-26T12:46:02.290+0000] {logging_mixin.py:154} INFO - [2024-08-26T12:46:02.289+0000] {dagbag.py:536} INFO - Filling up the DagBag from /home/airflow/.local/lib/python3.8/site-packages/airflow/example_dags/tutorial_dag.py
[2024-08-26T12:46:02.298+0000] {processor.py:839} INFO - DAG(s) dict_keys(['tutorial_dag']) retrieved from /home/airflow/.local/lib/python3.8/site-packages/airflow/example_dags/tutorial_dag.py
[2024-08-26T12:46:02.338+0000] {logging_mixin.py:154} INFO - [2024-08-26T12:46:02.337+0000] {dag.py:2941} INFO - Sync 1 DAGs
[2024-08-26T12:46:02.366+0000] {logging_mixin.py:154} INFO - [2024-08-26T12:46:02.366+0000] {dag.py:3722} INFO - Setting next_dagrun for tutorial_dag to None, run_after=None
[2024-08-26T12:46:02.443+0000] {processor.py:179} INFO - Processing /home/airflow/.local/lib/python3.8/site-packages/airflow/example_dags/tutorial_dag.py took 0.164 seconds
[2024-08-26T12:46:32.701+0000] {processor.py:157} INFO - Started process (PID=1403) to work on /home/airflow/.local/lib/python3.8/site-packages/airflow/example_dags/tutorial_dag.py
[2024-08-26T12:46:32.703+0000] {processor.py:829} INFO - Processing file /home/airflow/.local/lib/python3.8/site-packages/airflow/example_dags/tutorial_dag.py for tasks to queue
[2024-08-26T12:46:32.706+0000] {logging_mixin.py:154} INFO - [2024-08-26T12:46:32.706+0000] {dagbag.py:536} INFO - Filling up the DagBag from /home/airflow/.local/lib/python3.8/site-packages/airflow/example_dags/tutorial_dag.py
[2024-08-26T12:46:32.716+0000] {processor.py:839} INFO - DAG(s) dict_keys(['tutorial_dag']) retrieved from /home/airflow/.local/lib/python3.8/site-packages/airflow/example_dags/tutorial_dag.py
[2024-08-26T12:46:32.762+0000] {logging_mixin.py:154} INFO - [2024-08-26T12:46:32.762+0000] {dag.py:2941} INFO - Sync 1 DAGs
[2024-08-26T12:46:32.788+0000] {logging_mixin.py:154} INFO - [2024-08-26T12:46:32.787+0000] {dag.py:3722} INFO - Setting next_dagrun for tutorial_dag to None, run_after=None
[2024-08-26T12:46:32.857+0000] {processor.py:179} INFO - Processing /home/airflow/.local/lib/python3.8/site-packages/airflow/example_dags/tutorial_dag.py took 0.162 seconds
[2024-08-26T12:47:02.978+0000] {processor.py:157} INFO - Started process (PID=1468) to work on /home/airflow/.local/lib/python3.8/site-packages/airflow/example_dags/tutorial_dag.py
[2024-08-26T12:47:02.979+0000] {processor.py:829} INFO - Processing file /home/airflow/.local/lib/python3.8/site-packages/airflow/example_dags/tutorial_dag.py for tasks to queue
[2024-08-26T12:47:02.983+0000] {logging_mixin.py:154} INFO - [2024-08-26T12:47:02.983+0000] {dagbag.py:536} INFO - Filling up the DagBag from /home/airflow/.local/lib/python3.8/site-packages/airflow/example_dags/tutorial_dag.py
[2024-08-26T12:47:02.992+0000] {processor.py:839} INFO - DAG(s) dict_keys(['tutorial_dag']) retrieved from /home/airflow/.local/lib/python3.8/site-packages/airflow/example_dags/tutorial_dag.py
[2024-08-26T12:47:03.028+0000] {logging_mixin.py:154} INFO - [2024-08-26T12:47:03.027+0000] {dag.py:2941} INFO - Sync 1 DAGs
[2024-08-26T12:47:03.049+0000] {logging_mixin.py:154} INFO - [2024-08-26T12:47:03.049+0000] {dag.py:3722} INFO - Setting next_dagrun for tutorial_dag to None, run_after=None
[2024-08-26T12:47:03.122+0000] {processor.py:179} INFO - Processing /home/airflow/.local/lib/python3.8/site-packages/airflow/example_dags/tutorial_dag.py took 0.150 seconds
[2024-08-26T12:47:33.475+0000] {processor.py:157} INFO - Started process (PID=1536) to work on /home/airflow/.local/lib/python3.8/site-packages/airflow/example_dags/tutorial_dag.py
[2024-08-26T12:47:33.477+0000] {processor.py:829} INFO - Processing file /home/airflow/.local/lib/python3.8/site-packages/airflow/example_dags/tutorial_dag.py for tasks to queue
[2024-08-26T12:47:33.482+0000] {logging_mixin.py:154} INFO - [2024-08-26T12:47:33.481+0000] {dagbag.py:536} INFO - Filling up the DagBag from /home/airflow/.local/lib/python3.8/site-packages/airflow/example_dags/tutorial_dag.py
[2024-08-26T12:47:33.491+0000] {processor.py:839} INFO - DAG(s) dict_keys(['tutorial_dag']) retrieved from /home/airflow/.local/lib/python3.8/site-packages/airflow/example_dags/tutorial_dag.py
[2024-08-26T12:47:33.528+0000] {logging_mixin.py:154} INFO - [2024-08-26T12:47:33.528+0000] {dag.py:2941} INFO - Sync 1 DAGs
[2024-08-26T12:47:33.554+0000] {logging_mixin.py:154} INFO - [2024-08-26T12:47:33.554+0000] {dag.py:3722} INFO - Setting next_dagrun for tutorial_dag to None, run_after=None
[2024-08-26T12:47:33.632+0000] {processor.py:179} INFO - Processing /home/airflow/.local/lib/python3.8/site-packages/airflow/example_dags/tutorial_dag.py took 0.164 seconds
[2024-08-26T12:48:04.402+0000] {processor.py:157} INFO - Started process (PID=1602) to work on /home/airflow/.local/lib/python3.8/site-packages/airflow/example_dags/tutorial_dag.py
[2024-08-26T12:48:04.404+0000] {processor.py:829} INFO - Processing file /home/airflow/.local/lib/python3.8/site-packages/airflow/example_dags/tutorial_dag.py for tasks to queue
[2024-08-26T12:48:04.408+0000] {logging_mixin.py:154} INFO - [2024-08-26T12:48:04.407+0000] {dagbag.py:536} INFO - Filling up the DagBag from /home/airflow/.local/lib/python3.8/site-packages/airflow/example_dags/tutorial_dag.py
[2024-08-26T12:48:04.417+0000] {processor.py:839} INFO - DAG(s) dict_keys(['tutorial_dag']) retrieved from /home/airflow/.local/lib/python3.8/site-packages/airflow/example_dags/tutorial_dag.py
[2024-08-26T12:48:04.459+0000] {logging_mixin.py:154} INFO - [2024-08-26T12:48:04.458+0000] {dag.py:2941} INFO - Sync 1 DAGs
[2024-08-26T12:48:04.483+0000] {logging_mixin.py:154} INFO - [2024-08-26T12:48:04.483+0000] {dag.py:3722} INFO - Setting next_dagrun for tutorial_dag to None, run_after=None
[2024-08-26T12:48:04.559+0000] {processor.py:179} INFO - Processing /home/airflow/.local/lib/python3.8/site-packages/airflow/example_dags/tutorial_dag.py took 0.162 seconds
[2024-08-26T12:49:34.836+0000] {processor.py:157} INFO - Started process (PID=1662) to work on /home/airflow/.local/lib/python3.8/site-packages/airflow/example_dags/tutorial_dag.py
[2024-08-26T12:49:34.838+0000] {processor.py:829} INFO - Processing file /home/airflow/.local/lib/python3.8/site-packages/airflow/example_dags/tutorial_dag.py for tasks to queue
[2024-08-26T12:49:34.841+0000] {logging_mixin.py:154} INFO - [2024-08-26T12:49:34.841+0000] {dagbag.py:536} INFO - Filling up the DagBag from /home/airflow/.local/lib/python3.8/site-packages/airflow/example_dags/tutorial_dag.py
[2024-08-26T12:49:34.851+0000] {processor.py:839} INFO - DAG(s) dict_keys(['tutorial_dag']) retrieved from /home/airflow/.local/lib/python3.8/site-packages/airflow/example_dags/tutorial_dag.py
[2024-08-26T12:49:34.889+0000] {logging_mixin.py:154} INFO - [2024-08-26T12:49:34.889+0000] {dag.py:2941} INFO - Sync 1 DAGs
[2024-08-26T12:49:34.916+0000] {logging_mixin.py:154} INFO - [2024-08-26T12:49:34.916+0000] {dag.py:3722} INFO - Setting next_dagrun for tutorial_dag to None, run_after=None
[2024-08-26T12:49:34.949+0000] {processor.py:179} INFO - Processing /home/airflow/.local/lib/python3.8/site-packages/airflow/example_dags/tutorial_dag.py took 0.119 seconds
[2024-08-26T12:50:06.165+0000] {processor.py:157} INFO - Started process (PID=1728) to work on /home/airflow/.local/lib/python3.8/site-packages/airflow/example_dags/tutorial_dag.py
[2024-08-26T12:50:06.167+0000] {processor.py:829} INFO - Processing file /home/airflow/.local/lib/python3.8/site-packages/airflow/example_dags/tutorial_dag.py for tasks to queue
[2024-08-26T12:50:06.171+0000] {logging_mixin.py:154} INFO - [2024-08-26T12:50:06.170+0000] {dagbag.py:536} INFO - Filling up the DagBag from /home/airflow/.local/lib/python3.8/site-packages/airflow/example_dags/tutorial_dag.py
[2024-08-26T12:50:06.180+0000] {processor.py:839} INFO - DAG(s) dict_keys(['tutorial_dag']) retrieved from /home/airflow/.local/lib/python3.8/site-packages/airflow/example_dags/tutorial_dag.py
[2024-08-26T12:50:06.220+0000] {logging_mixin.py:154} INFO - [2024-08-26T12:50:06.219+0000] {dag.py:2941} INFO - Sync 1 DAGs
[2024-08-26T12:50:06.248+0000] {logging_mixin.py:154} INFO - [2024-08-26T12:50:06.247+0000] {dag.py:3722} INFO - Setting next_dagrun for tutorial_dag to None, run_after=None
[2024-08-26T12:50:06.285+0000] {processor.py:179} INFO - Processing /home/airflow/.local/lib/python3.8/site-packages/airflow/example_dags/tutorial_dag.py took 0.125 seconds
[2024-08-26T12:50:37.288+0000] {processor.py:157} INFO - Started process (PID=1794) to work on /home/airflow/.local/lib/python3.8/site-packages/airflow/example_dags/tutorial_dag.py
[2024-08-26T12:50:37.290+0000] {processor.py:829} INFO - Processing file /home/airflow/.local/lib/python3.8/site-packages/airflow/example_dags/tutorial_dag.py for tasks to queue
[2024-08-26T12:50:37.293+0000] {logging_mixin.py:154} INFO - [2024-08-26T12:50:37.293+0000] {dagbag.py:536} INFO - Filling up the DagBag from /home/airflow/.local/lib/python3.8/site-packages/airflow/example_dags/tutorial_dag.py
[2024-08-26T12:50:37.301+0000] {processor.py:839} INFO - DAG(s) dict_keys(['tutorial_dag']) retrieved from /home/airflow/.local/lib/python3.8/site-packages/airflow/example_dags/tutorial_dag.py
[2024-08-26T12:50:37.338+0000] {logging_mixin.py:154} INFO - [2024-08-26T12:50:37.338+0000] {dag.py:2941} INFO - Sync 1 DAGs
[2024-08-26T12:50:37.362+0000] {logging_mixin.py:154} INFO - [2024-08-26T12:50:37.361+0000] {dag.py:3722} INFO - Setting next_dagrun for tutorial_dag to None, run_after=None
[2024-08-26T12:50:37.434+0000] {processor.py:179} INFO - Processing /home/airflow/.local/lib/python3.8/site-packages/airflow/example_dags/tutorial_dag.py took 0.151 seconds
[2024-08-26T12:51:07.799+0000] {processor.py:157} INFO - Started process (PID=1860) to work on /home/airflow/.local/lib/python3.8/site-packages/airflow/example_dags/tutorial_dag.py
[2024-08-26T12:51:07.801+0000] {processor.py:829} INFO - Processing file /home/airflow/.local/lib/python3.8/site-packages/airflow/example_dags/tutorial_dag.py for tasks to queue
[2024-08-26T12:51:07.806+0000] {logging_mixin.py:154} INFO - [2024-08-26T12:51:07.806+0000] {dagbag.py:536} INFO - Filling up the DagBag from /home/airflow/.local/lib/python3.8/site-packages/airflow/example_dags/tutorial_dag.py
[2024-08-26T12:51:07.817+0000] {processor.py:839} INFO - DAG(s) dict_keys(['tutorial_dag']) retrieved from /home/airflow/.local/lib/python3.8/site-packages/airflow/example_dags/tutorial_dag.py
[2024-08-26T12:51:07.861+0000] {logging_mixin.py:154} INFO - [2024-08-26T12:51:07.861+0000] {dag.py:2941} INFO - Sync 1 DAGs
[2024-08-26T12:51:07.892+0000] {logging_mixin.py:154} INFO - [2024-08-26T12:51:07.891+0000] {dag.py:3722} INFO - Setting next_dagrun for tutorial_dag to None, run_after=None
[2024-08-26T12:51:07.927+0000] {processor.py:179} INFO - Processing /home/airflow/.local/lib/python3.8/site-packages/airflow/example_dags/tutorial_dag.py took 0.135 seconds
[2024-08-26T12:51:38.102+0000] {processor.py:157} INFO - Started process (PID=1925) to work on /home/airflow/.local/lib/python3.8/site-packages/airflow/example_dags/tutorial_dag.py
[2024-08-26T12:51:38.104+0000] {processor.py:829} INFO - Processing file /home/airflow/.local/lib/python3.8/site-packages/airflow/example_dags/tutorial_dag.py for tasks to queue
[2024-08-26T12:51:38.108+0000] {logging_mixin.py:154} INFO - [2024-08-26T12:51:38.107+0000] {dagbag.py:536} INFO - Filling up the DagBag from /home/airflow/.local/lib/python3.8/site-packages/airflow/example_dags/tutorial_dag.py
[2024-08-26T12:51:38.119+0000] {processor.py:839} INFO - DAG(s) dict_keys(['tutorial_dag']) retrieved from /home/airflow/.local/lib/python3.8/site-packages/airflow/example_dags/tutorial_dag.py
[2024-08-26T12:51:38.153+0000] {logging_mixin.py:154} INFO - [2024-08-26T12:51:38.152+0000] {dag.py:2941} INFO - Sync 1 DAGs
[2024-08-26T12:51:38.175+0000] {logging_mixin.py:154} INFO - [2024-08-26T12:51:38.175+0000] {dag.py:3722} INFO - Setting next_dagrun for tutorial_dag to None, run_after=None
[2024-08-26T12:51:38.211+0000] {processor.py:179} INFO - Processing /home/airflow/.local/lib/python3.8/site-packages/airflow/example_dags/tutorial_dag.py took 0.114 seconds
[2024-08-26T12:52:08.279+0000] {processor.py:157} INFO - Started process (PID=1991) to work on /home/airflow/.local/lib/python3.8/site-packages/airflow/example_dags/tutorial_dag.py
[2024-08-26T12:52:08.281+0000] {processor.py:829} INFO - Processing file /home/airflow/.local/lib/python3.8/site-packages/airflow/example_dags/tutorial_dag.py for tasks to queue
[2024-08-26T12:52:08.285+0000] {logging_mixin.py:154} INFO - [2024-08-26T12:52:08.285+0000] {dagbag.py:536} INFO - Filling up the DagBag from /home/airflow/.local/lib/python3.8/site-packages/airflow/example_dags/tutorial_dag.py
[2024-08-26T12:52:08.296+0000] {processor.py:839} INFO - DAG(s) dict_keys(['tutorial_dag']) retrieved from /home/airflow/.local/lib/python3.8/site-packages/airflow/example_dags/tutorial_dag.py
[2024-08-26T12:52:08.332+0000] {logging_mixin.py:154} INFO - [2024-08-26T12:52:08.332+0000] {dag.py:2941} INFO - Sync 1 DAGs
[2024-08-26T12:52:08.355+0000] {logging_mixin.py:154} INFO - [2024-08-26T12:52:08.354+0000] {dag.py:3722} INFO - Setting next_dagrun for tutorial_dag to None, run_after=None
[2024-08-26T12:52:08.386+0000] {processor.py:179} INFO - Processing /home/airflow/.local/lib/python3.8/site-packages/airflow/example_dags/tutorial_dag.py took 0.113 seconds
[2024-08-26T12:52:39.664+0000] {processor.py:157} INFO - Started process (PID=2057) to work on /home/airflow/.local/lib/python3.8/site-packages/airflow/example_dags/tutorial_dag.py
[2024-08-26T12:52:39.665+0000] {processor.py:829} INFO - Processing file /home/airflow/.local/lib/python3.8/site-packages/airflow/example_dags/tutorial_dag.py for tasks to queue
[2024-08-26T12:52:39.670+0000] {logging_mixin.py:154} INFO - [2024-08-26T12:52:39.669+0000] {dagbag.py:536} INFO - Filling up the DagBag from /home/airflow/.local/lib/python3.8/site-packages/airflow/example_dags/tutorial_dag.py
[2024-08-26T12:52:39.678+0000] {processor.py:839} INFO - DAG(s) dict_keys(['tutorial_dag']) retrieved from /home/airflow/.local/lib/python3.8/site-packages/airflow/example_dags/tutorial_dag.py
[2024-08-26T12:52:39.720+0000] {logging_mixin.py:154} INFO - [2024-08-26T12:52:39.720+0000] {dag.py:2941} INFO - Sync 1 DAGs
[2024-08-26T12:52:39.747+0000] {logging_mixin.py:154} INFO - [2024-08-26T12:52:39.747+0000] {dag.py:3722} INFO - Setting next_dagrun for tutorial_dag to None, run_after=None
[2024-08-26T12:52:39.821+0000] {processor.py:179} INFO - Processing /home/airflow/.local/lib/python3.8/site-packages/airflow/example_dags/tutorial_dag.py took 0.163 seconds
[2024-08-26T12:53:10.031+0000] {processor.py:157} INFO - Started process (PID=2123) to work on /home/airflow/.local/lib/python3.8/site-packages/airflow/example_dags/tutorial_dag.py
[2024-08-26T12:53:10.032+0000] {processor.py:829} INFO - Processing file /home/airflow/.local/lib/python3.8/site-packages/airflow/example_dags/tutorial_dag.py for tasks to queue
[2024-08-26T12:53:10.040+0000] {logging_mixin.py:154} INFO - [2024-08-26T12:53:10.039+0000] {dagbag.py:536} INFO - Filling up the DagBag from /home/airflow/.local/lib/python3.8/site-packages/airflow/example_dags/tutorial_dag.py
[2024-08-26T12:53:10.053+0000] {processor.py:839} INFO - DAG(s) dict_keys(['tutorial_dag']) retrieved from /home/airflow/.local/lib/python3.8/site-packages/airflow/example_dags/tutorial_dag.py
[2024-08-26T12:53:10.097+0000] {logging_mixin.py:154} INFO - [2024-08-26T12:53:10.097+0000] {dag.py:2941} INFO - Sync 1 DAGs
[2024-08-26T12:53:10.122+0000] {logging_mixin.py:154} INFO - [2024-08-26T12:53:10.122+0000] {dag.py:3722} INFO - Setting next_dagrun for tutorial_dag to None, run_after=None
[2024-08-26T12:53:10.154+0000] {processor.py:179} INFO - Processing /home/airflow/.local/lib/python3.8/site-packages/airflow/example_dags/tutorial_dag.py took 0.130 seconds
[2024-08-26T12:53:58.693+0000] {processor.py:157} INFO - Started process (PID=2191) to work on /home/airflow/.local/lib/python3.8/site-packages/airflow/example_dags/tutorial_dag.py
[2024-08-26T12:53:58.695+0000] {processor.py:829} INFO - Processing file /home/airflow/.local/lib/python3.8/site-packages/airflow/example_dags/tutorial_dag.py for tasks to queue
[2024-08-26T12:53:58.699+0000] {logging_mixin.py:154} INFO - [2024-08-26T12:53:58.698+0000] {dagbag.py:536} INFO - Filling up the DagBag from /home/airflow/.local/lib/python3.8/site-packages/airflow/example_dags/tutorial_dag.py
[2024-08-26T12:53:58.710+0000] {processor.py:839} INFO - DAG(s) dict_keys(['tutorial_dag']) retrieved from /home/airflow/.local/lib/python3.8/site-packages/airflow/example_dags/tutorial_dag.py
[2024-08-26T12:53:58.746+0000] {logging_mixin.py:154} INFO - [2024-08-26T12:53:58.746+0000] {dag.py:2941} INFO - Sync 1 DAGs
[2024-08-26T12:53:58.769+0000] {logging_mixin.py:154} INFO - [2024-08-26T12:53:58.769+0000] {dag.py:3722} INFO - Setting next_dagrun for tutorial_dag to None, run_after=None
[2024-08-26T12:53:58.840+0000] {processor.py:179} INFO - Processing /home/airflow/.local/lib/python3.8/site-packages/airflow/example_dags/tutorial_dag.py took 0.152 seconds
[2024-08-26T12:54:30.054+0000] {processor.py:157} INFO - Started process (PID=2256) to work on /home/airflow/.local/lib/python3.8/site-packages/airflow/example_dags/tutorial_dag.py
[2024-08-26T12:54:30.055+0000] {processor.py:829} INFO - Processing file /home/airflow/.local/lib/python3.8/site-packages/airflow/example_dags/tutorial_dag.py for tasks to queue
[2024-08-26T12:54:30.059+0000] {logging_mixin.py:154} INFO - [2024-08-26T12:54:30.058+0000] {dagbag.py:536} INFO - Filling up the DagBag from /home/airflow/.local/lib/python3.8/site-packages/airflow/example_dags/tutorial_dag.py
[2024-08-26T12:54:30.067+0000] {processor.py:839} INFO - DAG(s) dict_keys(['tutorial_dag']) retrieved from /home/airflow/.local/lib/python3.8/site-packages/airflow/example_dags/tutorial_dag.py
[2024-08-26T12:54:30.103+0000] {logging_mixin.py:154} INFO - [2024-08-26T12:54:30.102+0000] {dag.py:2941} INFO - Sync 1 DAGs
[2024-08-26T12:54:30.130+0000] {logging_mixin.py:154} INFO - [2024-08-26T12:54:30.129+0000] {dag.py:3722} INFO - Setting next_dagrun for tutorial_dag to None, run_after=None
[2024-08-26T12:54:30.420+0000] {processor.py:179} INFO - Processing /home/airflow/.local/lib/python3.8/site-packages/airflow/example_dags/tutorial_dag.py took 0.372 seconds
[2024-08-26T12:55:00.969+0000] {processor.py:157} INFO - Started process (PID=2322) to work on /home/airflow/.local/lib/python3.8/site-packages/airflow/example_dags/tutorial_dag.py
[2024-08-26T12:55:00.971+0000] {processor.py:829} INFO - Processing file /home/airflow/.local/lib/python3.8/site-packages/airflow/example_dags/tutorial_dag.py for tasks to queue
[2024-08-26T12:55:00.974+0000] {logging_mixin.py:154} INFO - [2024-08-26T12:55:00.974+0000] {dagbag.py:536} INFO - Filling up the DagBag from /home/airflow/.local/lib/python3.8/site-packages/airflow/example_dags/tutorial_dag.py
[2024-08-26T12:55:00.983+0000] {processor.py:839} INFO - DAG(s) dict_keys(['tutorial_dag']) retrieved from /home/airflow/.local/lib/python3.8/site-packages/airflow/example_dags/tutorial_dag.py
[2024-08-26T12:55:01.024+0000] {logging_mixin.py:154} INFO - [2024-08-26T12:55:01.024+0000] {dag.py:2941} INFO - Sync 1 DAGs
[2024-08-26T12:55:01.054+0000] {logging_mixin.py:154} INFO - [2024-08-26T12:55:01.054+0000] {dag.py:3722} INFO - Setting next_dagrun for tutorial_dag to None, run_after=None
[2024-08-26T12:55:01.135+0000] {processor.py:179} INFO - Processing /home/airflow/.local/lib/python3.8/site-packages/airflow/example_dags/tutorial_dag.py took 0.172 seconds
[2024-08-26T12:55:31.705+0000] {processor.py:157} INFO - Started process (PID=2388) to work on /home/airflow/.local/lib/python3.8/site-packages/airflow/example_dags/tutorial_dag.py
[2024-08-26T12:55:31.707+0000] {processor.py:829} INFO - Processing file /home/airflow/.local/lib/python3.8/site-packages/airflow/example_dags/tutorial_dag.py for tasks to queue
[2024-08-26T12:55:31.711+0000] {logging_mixin.py:154} INFO - [2024-08-26T12:55:31.710+0000] {dagbag.py:536} INFO - Filling up the DagBag from /home/airflow/.local/lib/python3.8/site-packages/airflow/example_dags/tutorial_dag.py
[2024-08-26T12:55:31.720+0000] {processor.py:839} INFO - DAG(s) dict_keys(['tutorial_dag']) retrieved from /home/airflow/.local/lib/python3.8/site-packages/airflow/example_dags/tutorial_dag.py
[2024-08-26T12:55:31.758+0000] {logging_mixin.py:154} INFO - [2024-08-26T12:55:31.758+0000] {dag.py:2941} INFO - Sync 1 DAGs
[2024-08-26T12:55:31.784+0000] {logging_mixin.py:154} INFO - [2024-08-26T12:55:31.784+0000] {dag.py:3722} INFO - Setting next_dagrun for tutorial_dag to None, run_after=None
[2024-08-26T12:55:31.822+0000] {processor.py:179} INFO - Processing /home/airflow/.local/lib/python3.8/site-packages/airflow/example_dags/tutorial_dag.py took 0.122 seconds
[2024-08-26T12:56:02.435+0000] {processor.py:157} INFO - Started process (PID=2452) to work on /home/airflow/.local/lib/python3.8/site-packages/airflow/example_dags/tutorial_dag.py
[2024-08-26T12:56:02.436+0000] {processor.py:829} INFO - Processing file /home/airflow/.local/lib/python3.8/site-packages/airflow/example_dags/tutorial_dag.py for tasks to queue
[2024-08-26T12:56:02.440+0000] {logging_mixin.py:154} INFO - [2024-08-26T12:56:02.439+0000] {dagbag.py:536} INFO - Filling up the DagBag from /home/airflow/.local/lib/python3.8/site-packages/airflow/example_dags/tutorial_dag.py
[2024-08-26T12:56:02.450+0000] {processor.py:839} INFO - DAG(s) dict_keys(['tutorial_dag']) retrieved from /home/airflow/.local/lib/python3.8/site-packages/airflow/example_dags/tutorial_dag.py
[2024-08-26T12:56:02.485+0000] {logging_mixin.py:154} INFO - [2024-08-26T12:56:02.485+0000] {dag.py:2941} INFO - Sync 1 DAGs
[2024-08-26T12:56:02.726+0000] {logging_mixin.py:154} INFO - [2024-08-26T12:56:02.726+0000] {dag.py:3722} INFO - Setting next_dagrun for tutorial_dag to None, run_after=None
[2024-08-26T12:56:02.768+0000] {processor.py:179} INFO - Processing /home/airflow/.local/lib/python3.8/site-packages/airflow/example_dags/tutorial_dag.py took 0.339 seconds
