[2024-08-22T09:56:09.226+0000] {processor.py:157} INFO - Started process (PID=72) to work on /home/airflow/.local/lib/python3.8/site-packages/airflow/example_dags/example_sla_dag.py
[2024-08-22T09:56:09.227+0000] {processor.py:829} INFO - Processing file /home/airflow/.local/lib/python3.8/site-packages/airflow/example_dags/example_sla_dag.py for tasks to queue
[2024-08-22T09:56:09.229+0000] {logging_mixin.py:154} INFO - [2024-08-22T09:56:09.229+0000] {dagbag.py:536} INFO - Filling up the DagBag from /home/airflow/.local/lib/python3.8/site-packages/airflow/example_dags/example_sla_dag.py
[2024-08-22T09:56:09.251+0000] {processor.py:839} INFO - DAG(s) dict_keys(['example_sla_dag']) retrieved from /home/airflow/.local/lib/python3.8/site-packages/airflow/example_dags/example_sla_dag.py
[2024-08-22T09:56:09.279+0000] {logging_mixin.py:154} INFO - [2024-08-22T09:56:09.279+0000] {dag.py:2941} INFO - Sync 1 DAGs
[2024-08-22T09:56:09.314+0000] {logging_mixin.py:154} INFO - [2024-08-22T09:56:09.313+0000] {dag.py:3722} INFO - Setting next_dagrun for example_sla_dag to 2024-08-22T09:54:00+00:00, run_after=2024-08-22T09:56:00+00:00
[2024-08-22T09:56:09.405+0000] {processor.py:179} INFO - Processing /home/airflow/.local/lib/python3.8/site-packages/airflow/example_dags/example_sla_dag.py took 0.182 seconds
[2024-08-22T09:56:40.243+0000] {processor.py:157} INFO - Started process (PID=138) to work on /home/airflow/.local/lib/python3.8/site-packages/airflow/example_dags/example_sla_dag.py
[2024-08-22T09:56:40.244+0000] {processor.py:829} INFO - Processing file /home/airflow/.local/lib/python3.8/site-packages/airflow/example_dags/example_sla_dag.py for tasks to queue
[2024-08-22T09:56:40.246+0000] {logging_mixin.py:154} INFO - [2024-08-22T09:56:40.246+0000] {dagbag.py:536} INFO - Filling up the DagBag from /home/airflow/.local/lib/python3.8/site-packages/airflow/example_dags/example_sla_dag.py
[2024-08-22T09:56:40.257+0000] {processor.py:839} INFO - DAG(s) dict_keys(['example_sla_dag']) retrieved from /home/airflow/.local/lib/python3.8/site-packages/airflow/example_dags/example_sla_dag.py
[2024-08-22T09:56:40.281+0000] {logging_mixin.py:154} INFO - [2024-08-22T09:56:40.281+0000] {dag.py:2941} INFO - Sync 1 DAGs
[2024-08-22T09:56:40.315+0000] {logging_mixin.py:154} INFO - [2024-08-22T09:56:40.315+0000] {dag.py:3722} INFO - Setting next_dagrun for example_sla_dag to 2024-08-22T09:54:00+00:00, run_after=2024-08-22T09:56:00+00:00
[2024-08-22T09:56:40.366+0000] {processor.py:179} INFO - Processing /home/airflow/.local/lib/python3.8/site-packages/airflow/example_dags/example_sla_dag.py took 0.127 seconds
[2024-08-22T09:57:25.209+0000] {processor.py:157} INFO - Started process (PID=220) to work on /home/airflow/.local/lib/python3.8/site-packages/airflow/example_dags/example_sla_dag.py
[2024-08-22T09:57:25.210+0000] {processor.py:829} INFO - Processing file /home/airflow/.local/lib/python3.8/site-packages/airflow/example_dags/example_sla_dag.py for tasks to queue
[2024-08-22T09:57:25.212+0000] {logging_mixin.py:154} INFO - [2024-08-22T09:57:25.212+0000] {dagbag.py:536} INFO - Filling up the DagBag from /home/airflow/.local/lib/python3.8/site-packages/airflow/example_dags/example_sla_dag.py
[2024-08-22T09:57:25.220+0000] {processor.py:839} INFO - DAG(s) dict_keys(['example_sla_dag']) retrieved from /home/airflow/.local/lib/python3.8/site-packages/airflow/example_dags/example_sla_dag.py
[2024-08-22T09:57:25.239+0000] {logging_mixin.py:154} INFO - [2024-08-22T09:57:25.239+0000] {dag.py:2941} INFO - Sync 1 DAGs
[2024-08-22T09:57:25.264+0000] {logging_mixin.py:154} INFO - [2024-08-22T09:57:25.264+0000] {dag.py:3722} INFO - Setting next_dagrun for example_sla_dag to 2024-08-22T09:54:00+00:00, run_after=2024-08-22T09:56:00+00:00
[2024-08-22T09:57:25.293+0000] {processor.py:179} INFO - Processing /home/airflow/.local/lib/python3.8/site-packages/airflow/example_dags/example_sla_dag.py took 0.087 seconds
