[2024-08-22T09:56:09.097+0000] {processor.py:157} INFO - Started process (PID=71) to work on /home/airflow/.local/lib/python3.8/site-packages/airflow/example_dags/example_task_group.py
[2024-08-22T09:56:09.098+0000] {processor.py:829} INFO - Processing file /home/airflow/.local/lib/python3.8/site-packages/airflow/example_dags/example_task_group.py for tasks to queue
[2024-08-22T09:56:09.101+0000] {logging_mixin.py:154} INFO - [2024-08-22T09:56:09.100+0000] {dagbag.py:536} INFO - Filling up the DagBag from /home/airflow/.local/lib/python3.8/site-packages/airflow/example_dags/example_task_group.py
[2024-08-22T09:56:09.111+0000] {processor.py:839} INFO - DAG(s) dict_keys(['example_task_group']) retrieved from /home/airflow/.local/lib/python3.8/site-packages/airflow/example_dags/example_task_group.py
[2024-08-22T09:56:09.137+0000] {logging_mixin.py:154} INFO - [2024-08-22T09:56:09.137+0000] {dag.py:2941} INFO - Sync 1 DAGs
[2024-08-22T09:56:09.160+0000] {logging_mixin.py:154} INFO - [2024-08-22T09:56:09.160+0000] {dag.py:3722} INFO - Setting next_dagrun for example_task_group to 2024-08-21T09:56:09.159890+00:00, run_after=2024-08-22T09:56:09.159890+00:00
[2024-08-22T09:56:09.195+0000] {processor.py:179} INFO - Processing /home/airflow/.local/lib/python3.8/site-packages/airflow/example_dags/example_task_group.py took 0.101 seconds
[2024-08-22T09:56:40.083+0000] {processor.py:157} INFO - Started process (PID=137) to work on /home/airflow/.local/lib/python3.8/site-packages/airflow/example_dags/example_task_group.py
[2024-08-22T09:56:40.084+0000] {processor.py:829} INFO - Processing file /home/airflow/.local/lib/python3.8/site-packages/airflow/example_dags/example_task_group.py for tasks to queue
[2024-08-22T09:56:40.086+0000] {logging_mixin.py:154} INFO - [2024-08-22T09:56:40.086+0000] {dagbag.py:536} INFO - Filling up the DagBag from /home/airflow/.local/lib/python3.8/site-packages/airflow/example_dags/example_task_group.py
[2024-08-22T09:56:40.095+0000] {processor.py:839} INFO - DAG(s) dict_keys(['example_task_group']) retrieved from /home/airflow/.local/lib/python3.8/site-packages/airflow/example_dags/example_task_group.py
[2024-08-22T09:56:40.127+0000] {logging_mixin.py:154} INFO - [2024-08-22T09:56:40.126+0000] {dag.py:2941} INFO - Sync 1 DAGs
[2024-08-22T09:56:40.156+0000] {logging_mixin.py:154} INFO - [2024-08-22T09:56:40.156+0000] {dag.py:3722} INFO - Setting next_dagrun for example_task_group to 2024-08-21T09:56:40.155673+00:00, run_after=2024-08-22T09:56:40.155673+00:00
[2024-08-22T09:56:40.210+0000] {processor.py:179} INFO - Processing /home/airflow/.local/lib/python3.8/site-packages/airflow/example_dags/example_task_group.py took 0.131 seconds
[2024-08-22T09:57:25.180+0000] {processor.py:157} INFO - Started process (PID=219) to work on /home/airflow/.local/lib/python3.8/site-packages/airflow/example_dags/example_task_group.py
[2024-08-22T09:57:25.181+0000] {processor.py:829} INFO - Processing file /home/airflow/.local/lib/python3.8/site-packages/airflow/example_dags/example_task_group.py for tasks to queue
[2024-08-22T09:57:25.183+0000] {logging_mixin.py:154} INFO - [2024-08-22T09:57:25.183+0000] {dagbag.py:536} INFO - Filling up the DagBag from /home/airflow/.local/lib/python3.8/site-packages/airflow/example_dags/example_task_group.py
[2024-08-22T09:57:25.191+0000] {processor.py:839} INFO - DAG(s) dict_keys(['example_task_group']) retrieved from /home/airflow/.local/lib/python3.8/site-packages/airflow/example_dags/example_task_group.py
[2024-08-22T09:57:25.212+0000] {logging_mixin.py:154} INFO - [2024-08-22T09:57:25.212+0000] {dag.py:2941} INFO - Sync 1 DAGs
[2024-08-22T09:57:25.234+0000] {logging_mixin.py:154} INFO - [2024-08-22T09:57:25.234+0000] {dag.py:3722} INFO - Setting next_dagrun for example_task_group to 2024-08-21T09:57:25.234283+00:00, run_after=2024-08-22T09:57:25.234283+00:00
[2024-08-22T09:57:25.270+0000] {processor.py:179} INFO - Processing /home/airflow/.local/lib/python3.8/site-packages/airflow/example_dags/example_task_group.py took 0.093 seconds
