[2024-08-22T09:56:09.439+0000] {processor.py:157} INFO - Started process (PID=74) to work on /home/airflow/.local/lib/python3.8/site-packages/airflow/example_dags/example_branch_labels.py
[2024-08-22T09:56:09.441+0000] {processor.py:829} INFO - Processing file /home/airflow/.local/lib/python3.8/site-packages/airflow/example_dags/example_branch_labels.py for tasks to queue
[2024-08-22T09:56:09.443+0000] {logging_mixin.py:154} INFO - [2024-08-22T09:56:09.443+0000] {dagbag.py:536} INFO - Filling up the DagBag from /home/airflow/.local/lib/python3.8/site-packages/airflow/example_dags/example_branch_labels.py
[2024-08-22T09:56:09.464+0000] {processor.py:839} INFO - DAG(s) dict_keys(['example_branch_labels']) retrieved from /home/airflow/.local/lib/python3.8/site-packages/airflow/example_dags/example_branch_labels.py
[2024-08-22T09:56:09.498+0000] {logging_mixin.py:154} INFO - [2024-08-22T09:56:09.497+0000] {dag.py:2941} INFO - Sync 1 DAGs
[2024-08-22T09:56:09.522+0000] {logging_mixin.py:154} INFO - [2024-08-22T09:56:09.522+0000] {dag.py:3722} INFO - Setting next_dagrun for example_branch_labels to 2024-08-21T00:00:00+00:00, run_after=2024-08-22T00:00:00+00:00
[2024-08-22T09:56:09.563+0000] {processor.py:179} INFO - Processing /home/airflow/.local/lib/python3.8/site-packages/airflow/example_dags/example_branch_labels.py took 0.127 seconds
[2024-08-22T09:56:40.430+0000] {processor.py:157} INFO - Started process (PID=140) to work on /home/airflow/.local/lib/python3.8/site-packages/airflow/example_dags/example_branch_labels.py
[2024-08-22T09:56:40.431+0000] {processor.py:829} INFO - Processing file /home/airflow/.local/lib/python3.8/site-packages/airflow/example_dags/example_branch_labels.py for tasks to queue
[2024-08-22T09:56:40.433+0000] {logging_mixin.py:154} INFO - [2024-08-22T09:56:40.433+0000] {dagbag.py:536} INFO - Filling up the DagBag from /home/airflow/.local/lib/python3.8/site-packages/airflow/example_dags/example_branch_labels.py
[2024-08-22T09:56:40.442+0000] {processor.py:839} INFO - DAG(s) dict_keys(['example_branch_labels']) retrieved from /home/airflow/.local/lib/python3.8/site-packages/airflow/example_dags/example_branch_labels.py
[2024-08-22T09:56:40.468+0000] {logging_mixin.py:154} INFO - [2024-08-22T09:56:40.468+0000] {dag.py:2941} INFO - Sync 1 DAGs
[2024-08-22T09:56:40.499+0000] {logging_mixin.py:154} INFO - [2024-08-22T09:56:40.499+0000] {dag.py:3722} INFO - Setting next_dagrun for example_branch_labels to 2024-08-21T00:00:00+00:00, run_after=2024-08-22T00:00:00+00:00
[2024-08-22T09:56:40.549+0000] {processor.py:179} INFO - Processing /home/airflow/.local/lib/python3.8/site-packages/airflow/example_dags/example_branch_labels.py took 0.123 seconds
[2024-08-22T09:57:25.317+0000] {processor.py:157} INFO - Started process (PID=222) to work on /home/airflow/.local/lib/python3.8/site-packages/airflow/example_dags/example_branch_labels.py
[2024-08-22T09:57:25.318+0000] {processor.py:829} INFO - Processing file /home/airflow/.local/lib/python3.8/site-packages/airflow/example_dags/example_branch_labels.py for tasks to queue
[2024-08-22T09:57:25.320+0000] {logging_mixin.py:154} INFO - [2024-08-22T09:57:25.320+0000] {dagbag.py:536} INFO - Filling up the DagBag from /home/airflow/.local/lib/python3.8/site-packages/airflow/example_dags/example_branch_labels.py
[2024-08-22T09:57:25.327+0000] {processor.py:839} INFO - DAG(s) dict_keys(['example_branch_labels']) retrieved from /home/airflow/.local/lib/python3.8/site-packages/airflow/example_dags/example_branch_labels.py
[2024-08-22T09:57:25.348+0000] {logging_mixin.py:154} INFO - [2024-08-22T09:57:25.348+0000] {dag.py:2941} INFO - Sync 1 DAGs
[2024-08-22T09:57:25.370+0000] {logging_mixin.py:154} INFO - [2024-08-22T09:57:25.369+0000] {dag.py:3722} INFO - Setting next_dagrun for example_branch_labels to 2024-08-21T00:00:00+00:00, run_after=2024-08-22T00:00:00+00:00
[2024-08-22T09:57:25.400+0000] {processor.py:179} INFO - Processing /home/airflow/.local/lib/python3.8/site-packages/airflow/example_dags/example_branch_labels.py took 0.086 seconds
