[2024-08-22T09:56:09.594+0000] {processor.py:157} INFO - Started process (PID=76) to work on /home/airflow/.local/lib/python3.8/site-packages/airflow/example_dags/tutorial_taskflow_api.py
[2024-08-22T09:56:09.596+0000] {processor.py:829} INFO - Processing file /home/airflow/.local/lib/python3.8/site-packages/airflow/example_dags/tutorial_taskflow_api.py for tasks to queue
[2024-08-22T09:56:09.599+0000] {logging_mixin.py:154} INFO - [2024-08-22T09:56:09.598+0000] {dagbag.py:536} INFO - Filling up the DagBag from /home/airflow/.local/lib/python3.8/site-packages/airflow/example_dags/tutorial_taskflow_api.py
[2024-08-22T09:56:09.613+0000] {processor.py:839} INFO - DAG(s) dict_keys(['tutorial_taskflow_api']) retrieved from /home/airflow/.local/lib/python3.8/site-packages/airflow/example_dags/tutorial_taskflow_api.py
[2024-08-22T09:56:09.641+0000] {logging_mixin.py:154} INFO - [2024-08-22T09:56:09.641+0000] {dag.py:2941} INFO - Sync 1 DAGs
[2024-08-22T09:56:09.655+0000] {logging_mixin.py:154} INFO - [2024-08-22T09:56:09.655+0000] {dag.py:3722} INFO - Setting next_dagrun for tutorial_taskflow_api to None, run_after=None
[2024-08-22T09:56:09.759+0000] {processor.py:179} INFO - Processing /home/airflow/.local/lib/python3.8/site-packages/airflow/example_dags/tutorial_taskflow_api.py took 0.169 seconds
[2024-08-22T09:56:40.580+0000] {processor.py:157} INFO - Started process (PID=142) to work on /home/airflow/.local/lib/python3.8/site-packages/airflow/example_dags/tutorial_taskflow_api.py
[2024-08-22T09:56:40.581+0000] {processor.py:829} INFO - Processing file /home/airflow/.local/lib/python3.8/site-packages/airflow/example_dags/tutorial_taskflow_api.py for tasks to queue
[2024-08-22T09:56:40.584+0000] {logging_mixin.py:154} INFO - [2024-08-22T09:56:40.584+0000] {dagbag.py:536} INFO - Filling up the DagBag from /home/airflow/.local/lib/python3.8/site-packages/airflow/example_dags/tutorial_taskflow_api.py
[2024-08-22T09:56:40.591+0000] {processor.py:839} INFO - DAG(s) dict_keys(['tutorial_taskflow_api']) retrieved from /home/airflow/.local/lib/python3.8/site-packages/airflow/example_dags/tutorial_taskflow_api.py
[2024-08-22T09:56:40.617+0000] {logging_mixin.py:154} INFO - [2024-08-22T09:56:40.617+0000] {dag.py:2941} INFO - Sync 1 DAGs
[2024-08-22T09:56:40.635+0000] {logging_mixin.py:154} INFO - [2024-08-22T09:56:40.635+0000] {dag.py:3722} INFO - Setting next_dagrun for tutorial_taskflow_api to None, run_after=None
[2024-08-22T09:56:40.847+0000] {processor.py:179} INFO - Processing /home/airflow/.local/lib/python3.8/site-packages/airflow/example_dags/tutorial_taskflow_api.py took 0.271 seconds
[2024-08-22T09:57:25.424+0000] {processor.py:157} INFO - Started process (PID=224) to work on /home/airflow/.local/lib/python3.8/site-packages/airflow/example_dags/tutorial_taskflow_api.py
[2024-08-22T09:57:25.441+0000] {processor.py:829} INFO - Processing file /home/airflow/.local/lib/python3.8/site-packages/airflow/example_dags/tutorial_taskflow_api.py for tasks to queue
[2024-08-22T09:57:25.443+0000] {logging_mixin.py:154} INFO - [2024-08-22T09:57:25.443+0000] {dagbag.py:536} INFO - Filling up the DagBag from /home/airflow/.local/lib/python3.8/site-packages/airflow/example_dags/tutorial_taskflow_api.py
[2024-08-22T09:57:25.450+0000] {processor.py:839} INFO - DAG(s) dict_keys(['tutorial_taskflow_api']) retrieved from /home/airflow/.local/lib/python3.8/site-packages/airflow/example_dags/tutorial_taskflow_api.py
[2024-08-22T09:57:25.471+0000] {logging_mixin.py:154} INFO - [2024-08-22T09:57:25.470+0000] {dag.py:2941} INFO - Sync 1 DAGs
[2024-08-22T09:57:25.487+0000] {logging_mixin.py:154} INFO - [2024-08-22T09:57:25.487+0000] {dag.py:3722} INFO - Setting next_dagrun for tutorial_taskflow_api to None, run_after=None
[2024-08-22T09:57:25.591+0000] {processor.py:179} INFO - Processing /home/airflow/.local/lib/python3.8/site-packages/airflow/example_dags/tutorial_taskflow_api.py took 0.169 seconds
