[2024-08-20T06:00:05.927+0000] {processor.py:157} INFO - Started process (PID=57) to work on /home/airflow/.local/lib/python3.8/site-packages/airflow/example_dags/example_local_kubernetes_executor.py
[2024-08-20T06:00:05.928+0000] {processor.py:829} INFO - Processing file /home/airflow/.local/lib/python3.8/site-packages/airflow/example_dags/example_local_kubernetes_executor.py for tasks to queue
[2024-08-20T06:00:05.930+0000] {logging_mixin.py:154} INFO - [2024-08-20T06:00:05.930+0000] {dagbag.py:536} INFO - Filling up the DagBag from /home/airflow/.local/lib/python3.8/site-packages/airflow/example_dags/example_local_kubernetes_executor.py
[2024-08-20T06:00:05.940+0000] {processor.py:839} INFO - DAG(s) dict_keys(['example_local_kubernetes_executor']) retrieved from /home/airflow/.local/lib/python3.8/site-packages/airflow/example_dags/example_local_kubernetes_executor.py
[2024-08-20T06:00:05.987+0000] {logging_mixin.py:154} INFO - [2024-08-20T06:00:05.987+0000] {dag.py:2941} INFO - Sync 1 DAGs
[2024-08-20T06:00:06.003+0000] {logging_mixin.py:154} INFO - [2024-08-20T06:00:06.003+0000] {dag.py:3722} INFO - Setting next_dagrun for example_local_kubernetes_executor to None, run_after=None
[2024-08-20T06:00:06.022+0000] {processor.py:179} INFO - Processing /home/airflow/.local/lib/python3.8/site-packages/airflow/example_dags/example_local_kubernetes_executor.py took 0.098 seconds
[2024-08-20T06:00:36.944+0000] {processor.py:157} INFO - Started process (PID=130) to work on /home/airflow/.local/lib/python3.8/site-packages/airflow/example_dags/example_local_kubernetes_executor.py
[2024-08-20T06:00:36.945+0000] {processor.py:829} INFO - Processing file /home/airflow/.local/lib/python3.8/site-packages/airflow/example_dags/example_local_kubernetes_executor.py for tasks to queue
[2024-08-20T06:00:36.947+0000] {logging_mixin.py:154} INFO - [2024-08-20T06:00:36.947+0000] {dagbag.py:536} INFO - Filling up the DagBag from /home/airflow/.local/lib/python3.8/site-packages/airflow/example_dags/example_local_kubernetes_executor.py
[2024-08-20T06:00:36.954+0000] {processor.py:839} INFO - DAG(s) dict_keys(['example_local_kubernetes_executor']) retrieved from /home/airflow/.local/lib/python3.8/site-packages/airflow/example_dags/example_local_kubernetes_executor.py
[2024-08-20T06:00:36.980+0000] {logging_mixin.py:154} INFO - [2024-08-20T06:00:36.980+0000] {dag.py:2941} INFO - Sync 1 DAGs
[2024-08-20T06:00:36.992+0000] {logging_mixin.py:154} INFO - [2024-08-20T06:00:36.992+0000] {dag.py:3722} INFO - Setting next_dagrun for example_local_kubernetes_executor to None, run_after=None
[2024-08-20T06:00:37.010+0000] {processor.py:179} INFO - Processing /home/airflow/.local/lib/python3.8/site-packages/airflow/example_dags/example_local_kubernetes_executor.py took 0.069 seconds
[2024-08-20T06:01:07.186+0000] {processor.py:157} INFO - Started process (PID=195) to work on /home/airflow/.local/lib/python3.8/site-packages/airflow/example_dags/example_local_kubernetes_executor.py
[2024-08-20T06:01:07.187+0000] {processor.py:829} INFO - Processing file /home/airflow/.local/lib/python3.8/site-packages/airflow/example_dags/example_local_kubernetes_executor.py for tasks to queue
[2024-08-20T06:01:07.188+0000] {logging_mixin.py:154} INFO - [2024-08-20T06:01:07.188+0000] {dagbag.py:536} INFO - Filling up the DagBag from /home/airflow/.local/lib/python3.8/site-packages/airflow/example_dags/example_local_kubernetes_executor.py
[2024-08-20T06:01:07.194+0000] {processor.py:839} INFO - DAG(s) dict_keys(['example_local_kubernetes_executor']) retrieved from /home/airflow/.local/lib/python3.8/site-packages/airflow/example_dags/example_local_kubernetes_executor.py
[2024-08-20T06:01:07.219+0000] {logging_mixin.py:154} INFO - [2024-08-20T06:01:07.219+0000] {dag.py:2941} INFO - Sync 1 DAGs
[2024-08-20T06:01:07.230+0000] {logging_mixin.py:154} INFO - [2024-08-20T06:01:07.230+0000] {dag.py:3722} INFO - Setting next_dagrun for example_local_kubernetes_executor to None, run_after=None
[2024-08-20T06:01:07.246+0000] {processor.py:179} INFO - Processing /home/airflow/.local/lib/python3.8/site-packages/airflow/example_dags/example_local_kubernetes_executor.py took 0.063 seconds
[2024-08-20T22:32:26.823+0000] {processor.py:157} INFO - Started process (PID=59) to work on /home/airflow/.local/lib/python3.8/site-packages/airflow/example_dags/example_local_kubernetes_executor.py
[2024-08-20T22:32:26.825+0000] {processor.py:829} INFO - Processing file /home/airflow/.local/lib/python3.8/site-packages/airflow/example_dags/example_local_kubernetes_executor.py for tasks to queue
[2024-08-20T22:32:26.828+0000] {logging_mixin.py:154} INFO - [2024-08-20T22:32:26.828+0000] {dagbag.py:536} INFO - Filling up the DagBag from /home/airflow/.local/lib/python3.8/site-packages/airflow/example_dags/example_local_kubernetes_executor.py
[2024-08-20T22:32:26.839+0000] {processor.py:839} INFO - DAG(s) dict_keys(['example_local_kubernetes_executor']) retrieved from /home/airflow/.local/lib/python3.8/site-packages/airflow/example_dags/example_local_kubernetes_executor.py
[2024-08-20T22:32:26.898+0000] {logging_mixin.py:154} INFO - [2024-08-20T22:32:26.897+0000] {dag.py:2941} INFO - Sync 1 DAGs
[2024-08-20T22:32:26.913+0000] {logging_mixin.py:154} INFO - [2024-08-20T22:32:26.913+0000] {dag.py:3722} INFO - Setting next_dagrun for example_local_kubernetes_executor to None, run_after=None
[2024-08-20T22:32:26.941+0000] {processor.py:179} INFO - Processing /home/airflow/.local/lib/python3.8/site-packages/airflow/example_dags/example_local_kubernetes_executor.py took 0.122 seconds
