[2024-08-20T06:00:06.630+0000] {processor.py:157} INFO - Started process (PID=66) to work on /home/airflow/.local/lib/python3.8/site-packages/airflow/example_dags/example_xcomargs.py
[2024-08-20T06:00:06.632+0000] {processor.py:829} INFO - Processing file /home/airflow/.local/lib/python3.8/site-packages/airflow/example_dags/example_xcomargs.py for tasks to queue
[2024-08-20T06:00:06.636+0000] {logging_mixin.py:154} INFO - [2024-08-20T06:00:06.635+0000] {dagbag.py:536} INFO - Filling up the DagBag from /home/airflow/.local/lib/python3.8/site-packages/airflow/example_dags/example_xcomargs.py
[2024-08-20T06:00:06.652+0000] {processor.py:839} INFO - DAG(s) dict_keys(['example_xcom_args', 'example_xcom_args_with_operators']) retrieved from /home/airflow/.local/lib/python3.8/site-packages/airflow/example_dags/example_xcomargs.py
[2024-08-20T06:00:06.688+0000] {logging_mixin.py:154} INFO - [2024-08-20T06:00:06.687+0000] {dag.py:2941} INFO - Sync 2 DAGs
[2024-08-20T06:00:06.701+0000] {logging_mixin.py:154} INFO - [2024-08-20T06:00:06.700+0000] {dag.py:3722} INFO - Setting next_dagrun for example_xcom_args to None, run_after=None
[2024-08-20T06:00:06.705+0000] {logging_mixin.py:154} INFO - [2024-08-20T06:00:06.705+0000] {dag.py:3722} INFO - Setting next_dagrun for example_xcom_args_with_operators to None, run_after=None
[2024-08-20T06:00:06.724+0000] {processor.py:179} INFO - Processing /home/airflow/.local/lib/python3.8/site-packages/airflow/example_dags/example_xcomargs.py took 0.098 seconds
[2024-08-20T06:00:37.579+0000] {processor.py:157} INFO - Started process (PID=140) to work on /home/airflow/.local/lib/python3.8/site-packages/airflow/example_dags/example_xcomargs.py
[2024-08-20T06:00:37.580+0000] {processor.py:829} INFO - Processing file /home/airflow/.local/lib/python3.8/site-packages/airflow/example_dags/example_xcomargs.py for tasks to queue
[2024-08-20T06:00:37.583+0000] {logging_mixin.py:154} INFO - [2024-08-20T06:00:37.583+0000] {dagbag.py:536} INFO - Filling up the DagBag from /home/airflow/.local/lib/python3.8/site-packages/airflow/example_dags/example_xcomargs.py
[2024-08-20T06:00:37.589+0000] {processor.py:839} INFO - DAG(s) dict_keys(['example_xcom_args', 'example_xcom_args_with_operators']) retrieved from /home/airflow/.local/lib/python3.8/site-packages/airflow/example_dags/example_xcomargs.py
[2024-08-20T06:00:37.613+0000] {logging_mixin.py:154} INFO - [2024-08-20T06:00:37.613+0000] {dag.py:2941} INFO - Sync 2 DAGs
[2024-08-20T06:00:37.626+0000] {logging_mixin.py:154} INFO - [2024-08-20T06:00:37.626+0000] {dag.py:3722} INFO - Setting next_dagrun for example_xcom_args to None, run_after=None
[2024-08-20T06:00:37.630+0000] {logging_mixin.py:154} INFO - [2024-08-20T06:00:37.629+0000] {dag.py:3722} INFO - Setting next_dagrun for example_xcom_args_with_operators to None, run_after=None
[2024-08-20T06:00:37.644+0000] {processor.py:179} INFO - Processing /home/airflow/.local/lib/python3.8/site-packages/airflow/example_dags/example_xcomargs.py took 0.068 seconds
[2024-08-20T06:01:07.948+0000] {processor.py:157} INFO - Started process (PID=206) to work on /home/airflow/.local/lib/python3.8/site-packages/airflow/example_dags/example_xcomargs.py
[2024-08-20T06:01:07.949+0000] {processor.py:829} INFO - Processing file /home/airflow/.local/lib/python3.8/site-packages/airflow/example_dags/example_xcomargs.py for tasks to queue
[2024-08-20T06:01:07.951+0000] {logging_mixin.py:154} INFO - [2024-08-20T06:01:07.951+0000] {dagbag.py:536} INFO - Filling up the DagBag from /home/airflow/.local/lib/python3.8/site-packages/airflow/example_dags/example_xcomargs.py
[2024-08-20T06:01:07.959+0000] {processor.py:839} INFO - DAG(s) dict_keys(['example_xcom_args_with_operators', 'example_xcom_args']) retrieved from /home/airflow/.local/lib/python3.8/site-packages/airflow/example_dags/example_xcomargs.py
[2024-08-20T06:01:07.981+0000] {logging_mixin.py:154} INFO - [2024-08-20T06:01:07.981+0000] {dag.py:2941} INFO - Sync 2 DAGs
[2024-08-20T06:01:07.997+0000] {logging_mixin.py:154} INFO - [2024-08-20T06:01:07.997+0000] {dag.py:3722} INFO - Setting next_dagrun for example_xcom_args to None, run_after=None
[2024-08-20T06:01:08.002+0000] {logging_mixin.py:154} INFO - [2024-08-20T06:01:08.001+0000] {dag.py:3722} INFO - Setting next_dagrun for example_xcom_args_with_operators to None, run_after=None
[2024-08-20T06:01:08.019+0000] {processor.py:179} INFO - Processing /home/airflow/.local/lib/python3.8/site-packages/airflow/example_dags/example_xcomargs.py took 0.075 seconds
[2024-08-20T22:32:27.717+0000] {processor.py:157} INFO - Started process (PID=70) to work on /home/airflow/.local/lib/python3.8/site-packages/airflow/example_dags/example_xcomargs.py
[2024-08-20T22:32:27.719+0000] {processor.py:829} INFO - Processing file /home/airflow/.local/lib/python3.8/site-packages/airflow/example_dags/example_xcomargs.py for tasks to queue
[2024-08-20T22:32:27.721+0000] {logging_mixin.py:154} INFO - [2024-08-20T22:32:27.721+0000] {dagbag.py:536} INFO - Filling up the DagBag from /home/airflow/.local/lib/python3.8/site-packages/airflow/example_dags/example_xcomargs.py
[2024-08-20T22:32:27.737+0000] {processor.py:839} INFO - DAG(s) dict_keys(['example_xcom_args_with_operators', 'example_xcom_args']) retrieved from /home/airflow/.local/lib/python3.8/site-packages/airflow/example_dags/example_xcomargs.py
[2024-08-20T22:32:27.776+0000] {logging_mixin.py:154} INFO - [2024-08-20T22:32:27.776+0000] {dag.py:2941} INFO - Sync 2 DAGs
[2024-08-20T22:32:27.794+0000] {logging_mixin.py:154} INFO - [2024-08-20T22:32:27.794+0000] {dag.py:3722} INFO - Setting next_dagrun for example_xcom_args to None, run_after=None
[2024-08-20T22:32:27.799+0000] {logging_mixin.py:154} INFO - [2024-08-20T22:32:27.798+0000] {dag.py:3722} INFO - Setting next_dagrun for example_xcom_args_with_operators to None, run_after=None
[2024-08-20T22:32:27.823+0000] {processor.py:179} INFO - Processing /home/airflow/.local/lib/python3.8/site-packages/airflow/example_dags/example_xcomargs.py took 0.110 seconds
