[2024-08-20T06:00:07.580+0000] {processor.py:157} INFO - Started process (PID=77) to work on /home/airflow/.local/lib/python3.8/site-packages/airflow/example_dags/example_branch_operator_decorator.py
[2024-08-20T06:00:07.581+0000] {processor.py:829} INFO - Processing file /home/airflow/.local/lib/python3.8/site-packages/airflow/example_dags/example_branch_operator_decorator.py for tasks to queue
[2024-08-20T06:00:07.583+0000] {logging_mixin.py:154} INFO - [2024-08-20T06:00:07.583+0000] {dagbag.py:536} INFO - Filling up the DagBag from /home/airflow/.local/lib/python3.8/site-packages/airflow/example_dags/example_branch_operator_decorator.py
[2024-08-20T06:00:07.592+0000] {processor.py:839} INFO - DAG(s) dict_keys(['example_branch_python_operator_decorator']) retrieved from /home/airflow/.local/lib/python3.8/site-packages/airflow/example_dags/example_branch_operator_decorator.py
[2024-08-20T06:00:07.614+0000] {logging_mixin.py:154} INFO - [2024-08-20T06:00:07.614+0000] {dag.py:2941} INFO - Sync 1 DAGs
[2024-08-20T06:00:07.635+0000] {logging_mixin.py:154} INFO - [2024-08-20T06:00:07.634+0000] {dag.py:3722} INFO - Setting next_dagrun for example_branch_python_operator_decorator to 2024-08-19T00:00:00+00:00, run_after=2024-08-20T00:00:00+00:00
[2024-08-20T06:00:07.652+0000] {processor.py:179} INFO - Processing /home/airflow/.local/lib/python3.8/site-packages/airflow/example_dags/example_branch_operator_decorator.py took 0.074 seconds
[2024-08-20T06:00:38.345+0000] {processor.py:157} INFO - Started process (PID=151) to work on /home/airflow/.local/lib/python3.8/site-packages/airflow/example_dags/example_branch_operator_decorator.py
[2024-08-20T06:00:38.346+0000] {processor.py:829} INFO - Processing file /home/airflow/.local/lib/python3.8/site-packages/airflow/example_dags/example_branch_operator_decorator.py for tasks to queue
[2024-08-20T06:00:38.348+0000] {logging_mixin.py:154} INFO - [2024-08-20T06:00:38.348+0000] {dagbag.py:536} INFO - Filling up the DagBag from /home/airflow/.local/lib/python3.8/site-packages/airflow/example_dags/example_branch_operator_decorator.py
[2024-08-20T06:00:38.356+0000] {processor.py:839} INFO - DAG(s) dict_keys(['example_branch_python_operator_decorator']) retrieved from /home/airflow/.local/lib/python3.8/site-packages/airflow/example_dags/example_branch_operator_decorator.py
[2024-08-20T06:00:38.376+0000] {logging_mixin.py:154} INFO - [2024-08-20T06:00:38.376+0000] {dag.py:2941} INFO - Sync 1 DAGs
[2024-08-20T06:00:38.397+0000] {logging_mixin.py:154} INFO - [2024-08-20T06:00:38.397+0000] {dag.py:3722} INFO - Setting next_dagrun for example_branch_python_operator_decorator to 2024-08-19T00:00:00+00:00, run_after=2024-08-20T00:00:00+00:00
[2024-08-20T06:00:38.415+0000] {processor.py:179} INFO - Processing /home/airflow/.local/lib/python3.8/site-packages/airflow/example_dags/example_branch_operator_decorator.py took 0.073 seconds
[2024-08-20T06:01:08.547+0000] {processor.py:157} INFO - Started process (PID=217) to work on /home/airflow/.local/lib/python3.8/site-packages/airflow/example_dags/example_branch_operator_decorator.py
[2024-08-20T06:01:08.548+0000] {processor.py:829} INFO - Processing file /home/airflow/.local/lib/python3.8/site-packages/airflow/example_dags/example_branch_operator_decorator.py for tasks to queue
[2024-08-20T06:01:08.550+0000] {logging_mixin.py:154} INFO - [2024-08-20T06:01:08.550+0000] {dagbag.py:536} INFO - Filling up the DagBag from /home/airflow/.local/lib/python3.8/site-packages/airflow/example_dags/example_branch_operator_decorator.py
[2024-08-20T06:01:08.558+0000] {processor.py:839} INFO - DAG(s) dict_keys(['example_branch_python_operator_decorator']) retrieved from /home/airflow/.local/lib/python3.8/site-packages/airflow/example_dags/example_branch_operator_decorator.py
[2024-08-20T06:01:08.578+0000] {logging_mixin.py:154} INFO - [2024-08-20T06:01:08.577+0000] {dag.py:2941} INFO - Sync 1 DAGs
[2024-08-20T06:01:08.599+0000] {logging_mixin.py:154} INFO - [2024-08-20T06:01:08.598+0000] {dag.py:3722} INFO - Setting next_dagrun for example_branch_python_operator_decorator to 2024-08-19T00:00:00+00:00, run_after=2024-08-20T00:00:00+00:00
[2024-08-20T06:01:08.615+0000] {processor.py:179} INFO - Processing /home/airflow/.local/lib/python3.8/site-packages/airflow/example_dags/example_branch_operator_decorator.py took 0.071 seconds
[2024-08-20T22:32:28.737+0000] {processor.py:157} INFO - Started process (PID=81) to work on /home/airflow/.local/lib/python3.8/site-packages/airflow/example_dags/example_branch_operator_decorator.py
[2024-08-20T22:32:28.738+0000] {processor.py:829} INFO - Processing file /home/airflow/.local/lib/python3.8/site-packages/airflow/example_dags/example_branch_operator_decorator.py for tasks to queue
[2024-08-20T22:32:28.742+0000] {logging_mixin.py:154} INFO - [2024-08-20T22:32:28.742+0000] {dagbag.py:536} INFO - Filling up the DagBag from /home/airflow/.local/lib/python3.8/site-packages/airflow/example_dags/example_branch_operator_decorator.py
[2024-08-20T22:32:28.752+0000] {processor.py:839} INFO - DAG(s) dict_keys(['example_branch_python_operator_decorator']) retrieved from /home/airflow/.local/lib/python3.8/site-packages/airflow/example_dags/example_branch_operator_decorator.py
[2024-08-20T22:32:28.783+0000] {logging_mixin.py:154} INFO - [2024-08-20T22:32:28.783+0000] {dag.py:2941} INFO - Sync 1 DAGs
[2024-08-20T22:32:28.816+0000] {logging_mixin.py:154} INFO - [2024-08-20T22:32:28.816+0000] {dag.py:3722} INFO - Setting next_dagrun for example_branch_python_operator_decorator to 2024-08-19T00:00:00+00:00, run_after=2024-08-20T00:00:00+00:00
[2024-08-20T22:32:28.841+0000] {processor.py:179} INFO - Processing /home/airflow/.local/lib/python3.8/site-packages/airflow/example_dags/example_branch_operator_decorator.py took 0.107 seconds
