[2024-08-20T06:00:08.966+0000] {processor.py:157} INFO - Started process (PID=96) to work on /home/airflow/.local/lib/python3.8/site-packages/airflow/example_dags/example_kubernetes_executor.py
[2024-08-20T06:00:08.967+0000] {processor.py:829} INFO - Processing file /home/airflow/.local/lib/python3.8/site-packages/airflow/example_dags/example_kubernetes_executor.py for tasks to queue
[2024-08-20T06:00:08.969+0000] {logging_mixin.py:154} INFO - [2024-08-20T06:00:08.969+0000] {dagbag.py:536} INFO - Filling up the DagBag from /home/airflow/.local/lib/python3.8/site-packages/airflow/example_dags/example_kubernetes_executor.py
[2024-08-20T06:00:08.982+0000] {processor.py:839} INFO - DAG(s) dict_keys(['example_kubernetes_executor']) retrieved from /home/airflow/.local/lib/python3.8/site-packages/airflow/example_dags/example_kubernetes_executor.py
[2024-08-20T06:00:09.014+0000] {logging_mixin.py:154} INFO - [2024-08-20T06:00:09.013+0000] {dag.py:2941} INFO - Sync 1 DAGs
[2024-08-20T06:00:09.028+0000] {logging_mixin.py:154} INFO - [2024-08-20T06:00:09.028+0000] {dag.py:3722} INFO - Setting next_dagrun for example_kubernetes_executor to None, run_after=None
[2024-08-20T06:00:09.047+0000] {processor.py:179} INFO - Processing /home/airflow/.local/lib/python3.8/site-packages/airflow/example_dags/example_kubernetes_executor.py took 0.084 seconds
[2024-08-20T06:00:39.300+0000] {processor.py:157} INFO - Started process (PID=170) to work on /home/airflow/.local/lib/python3.8/site-packages/airflow/example_dags/example_kubernetes_executor.py
[2024-08-20T06:00:39.301+0000] {processor.py:829} INFO - Processing file /home/airflow/.local/lib/python3.8/site-packages/airflow/example_dags/example_kubernetes_executor.py for tasks to queue
[2024-08-20T06:00:39.304+0000] {logging_mixin.py:154} INFO - [2024-08-20T06:00:39.303+0000] {dagbag.py:536} INFO - Filling up the DagBag from /home/airflow/.local/lib/python3.8/site-packages/airflow/example_dags/example_kubernetes_executor.py
[2024-08-20T06:00:39.316+0000] {processor.py:839} INFO - DAG(s) dict_keys(['example_kubernetes_executor']) retrieved from /home/airflow/.local/lib/python3.8/site-packages/airflow/example_dags/example_kubernetes_executor.py
[2024-08-20T06:00:39.346+0000] {logging_mixin.py:154} INFO - [2024-08-20T06:00:39.346+0000] {dag.py:2941} INFO - Sync 1 DAGs
[2024-08-20T06:00:39.358+0000] {logging_mixin.py:154} INFO - [2024-08-20T06:00:39.358+0000] {dag.py:3722} INFO - Setting next_dagrun for example_kubernetes_executor to None, run_after=None
[2024-08-20T06:00:39.378+0000] {processor.py:179} INFO - Processing /home/airflow/.local/lib/python3.8/site-packages/airflow/example_dags/example_kubernetes_executor.py took 0.080 seconds
[2024-08-20T06:01:09.436+0000] {processor.py:157} INFO - Started process (PID=236) to work on /home/airflow/.local/lib/python3.8/site-packages/airflow/example_dags/example_kubernetes_executor.py
[2024-08-20T06:01:09.437+0000] {processor.py:829} INFO - Processing file /home/airflow/.local/lib/python3.8/site-packages/airflow/example_dags/example_kubernetes_executor.py for tasks to queue
[2024-08-20T06:01:09.439+0000] {logging_mixin.py:154} INFO - [2024-08-20T06:01:09.439+0000] {dagbag.py:536} INFO - Filling up the DagBag from /home/airflow/.local/lib/python3.8/site-packages/airflow/example_dags/example_kubernetes_executor.py
[2024-08-20T06:01:09.450+0000] {processor.py:839} INFO - DAG(s) dict_keys(['example_kubernetes_executor']) retrieved from /home/airflow/.local/lib/python3.8/site-packages/airflow/example_dags/example_kubernetes_executor.py
[2024-08-20T06:01:09.478+0000] {logging_mixin.py:154} INFO - [2024-08-20T06:01:09.478+0000] {dag.py:2941} INFO - Sync 1 DAGs
[2024-08-20T06:01:09.488+0000] {logging_mixin.py:154} INFO - [2024-08-20T06:01:09.488+0000] {dag.py:3722} INFO - Setting next_dagrun for example_kubernetes_executor to None, run_after=None
[2024-08-20T06:01:09.503+0000] {processor.py:179} INFO - Processing /home/airflow/.local/lib/python3.8/site-packages/airflow/example_dags/example_kubernetes_executor.py took 0.070 seconds
[2024-08-20T22:32:30.540+0000] {processor.py:157} INFO - Started process (PID=100) to work on /home/airflow/.local/lib/python3.8/site-packages/airflow/example_dags/example_kubernetes_executor.py
[2024-08-20T22:32:30.542+0000] {processor.py:829} INFO - Processing file /home/airflow/.local/lib/python3.8/site-packages/airflow/example_dags/example_kubernetes_executor.py for tasks to queue
[2024-08-20T22:32:30.546+0000] {logging_mixin.py:154} INFO - [2024-08-20T22:32:30.546+0000] {dagbag.py:536} INFO - Filling up the DagBag from /home/airflow/.local/lib/python3.8/site-packages/airflow/example_dags/example_kubernetes_executor.py
[2024-08-20T22:32:30.575+0000] {processor.py:839} INFO - DAG(s) dict_keys(['example_kubernetes_executor']) retrieved from /home/airflow/.local/lib/python3.8/site-packages/airflow/example_dags/example_kubernetes_executor.py
[2024-08-20T22:32:30.641+0000] {logging_mixin.py:154} INFO - [2024-08-20T22:32:30.640+0000] {dag.py:2941} INFO - Sync 1 DAGs
[2024-08-20T22:32:30.671+0000] {logging_mixin.py:154} INFO - [2024-08-20T22:32:30.671+0000] {dag.py:3722} INFO - Setting next_dagrun for example_kubernetes_executor to None, run_after=None
[2024-08-20T22:32:30.708+0000] {processor.py:179} INFO - Processing /home/airflow/.local/lib/python3.8/site-packages/airflow/example_dags/example_kubernetes_executor.py took 0.172 seconds
