[2024-08-20T06:00:08.554+0000] {processor.py:157} INFO - Started process (PID=91) to work on /home/airflow/.local/lib/python3.8/site-packages/airflow/example_dags/example_setup_teardown_taskflow.py
[2024-08-20T06:00:08.555+0000] {processor.py:829} INFO - Processing file /home/airflow/.local/lib/python3.8/site-packages/airflow/example_dags/example_setup_teardown_taskflow.py for tasks to queue
[2024-08-20T06:00:08.558+0000] {logging_mixin.py:154} INFO - [2024-08-20T06:00:08.557+0000] {dagbag.py:536} INFO - Filling up the DagBag from /home/airflow/.local/lib/python3.8/site-packages/airflow/example_dags/example_setup_teardown_taskflow.py
[2024-08-20T06:00:08.567+0000] {processor.py:839} INFO - DAG(s) dict_keys(['example_setup_teardown_taskflow']) retrieved from /home/airflow/.local/lib/python3.8/site-packages/airflow/example_dags/example_setup_teardown_taskflow.py
[2024-08-20T06:00:08.614+0000] {logging_mixin.py:154} INFO - [2024-08-20T06:00:08.614+0000] {dag.py:2941} INFO - Sync 1 DAGs
[2024-08-20T06:00:08.652+0000] {logging_mixin.py:154} INFO - [2024-08-20T06:00:08.652+0000] {dag.py:3722} INFO - Setting next_dagrun for example_setup_teardown_taskflow to 2024-08-19T06:00:08.651890+00:00, run_after=2024-08-20T06:00:08.651890+00:00
[2024-08-20T06:00:08.679+0000] {processor.py:179} INFO - Processing /home/airflow/.local/lib/python3.8/site-packages/airflow/example_dags/example_setup_teardown_taskflow.py took 0.129 seconds
[2024-08-20T06:00:39.051+0000] {processor.py:157} INFO - Started process (PID=165) to work on /home/airflow/.local/lib/python3.8/site-packages/airflow/example_dags/example_setup_teardown_taskflow.py
[2024-08-20T06:00:39.052+0000] {processor.py:829} INFO - Processing file /home/airflow/.local/lib/python3.8/site-packages/airflow/example_dags/example_setup_teardown_taskflow.py for tasks to queue
[2024-08-20T06:00:39.054+0000] {logging_mixin.py:154} INFO - [2024-08-20T06:00:39.054+0000] {dagbag.py:536} INFO - Filling up the DagBag from /home/airflow/.local/lib/python3.8/site-packages/airflow/example_dags/example_setup_teardown_taskflow.py
[2024-08-20T06:00:39.062+0000] {processor.py:839} INFO - DAG(s) dict_keys(['example_setup_teardown_taskflow']) retrieved from /home/airflow/.local/lib/python3.8/site-packages/airflow/example_dags/example_setup_teardown_taskflow.py
[2024-08-20T06:00:39.081+0000] {logging_mixin.py:154} INFO - [2024-08-20T06:00:39.081+0000] {dag.py:2941} INFO - Sync 1 DAGs
[2024-08-20T06:00:39.103+0000] {logging_mixin.py:154} INFO - [2024-08-20T06:00:39.103+0000] {dag.py:3722} INFO - Setting next_dagrun for example_setup_teardown_taskflow to 2024-08-19T06:00:39.102852+00:00, run_after=2024-08-20T06:00:39.102852+00:00
[2024-08-20T06:00:39.121+0000] {processor.py:179} INFO - Processing /home/airflow/.local/lib/python3.8/site-packages/airflow/example_dags/example_setup_teardown_taskflow.py took 0.072 seconds
[2024-08-20T06:01:09.166+0000] {processor.py:157} INFO - Started process (PID=231) to work on /home/airflow/.local/lib/python3.8/site-packages/airflow/example_dags/example_setup_teardown_taskflow.py
[2024-08-20T06:01:09.167+0000] {processor.py:829} INFO - Processing file /home/airflow/.local/lib/python3.8/site-packages/airflow/example_dags/example_setup_teardown_taskflow.py for tasks to queue
[2024-08-20T06:01:09.169+0000] {logging_mixin.py:154} INFO - [2024-08-20T06:01:09.169+0000] {dagbag.py:536} INFO - Filling up the DagBag from /home/airflow/.local/lib/python3.8/site-packages/airflow/example_dags/example_setup_teardown_taskflow.py
[2024-08-20T06:01:09.176+0000] {processor.py:839} INFO - DAG(s) dict_keys(['example_setup_teardown_taskflow']) retrieved from /home/airflow/.local/lib/python3.8/site-packages/airflow/example_dags/example_setup_teardown_taskflow.py
[2024-08-20T06:01:09.195+0000] {logging_mixin.py:154} INFO - [2024-08-20T06:01:09.195+0000] {dag.py:2941} INFO - Sync 1 DAGs
[2024-08-20T06:01:09.213+0000] {logging_mixin.py:154} INFO - [2024-08-20T06:01:09.213+0000] {dag.py:3722} INFO - Setting next_dagrun for example_setup_teardown_taskflow to 2024-08-19T06:01:09.213398+00:00, run_after=2024-08-20T06:01:09.213398+00:00
[2024-08-20T06:01:09.230+0000] {processor.py:179} INFO - Processing /home/airflow/.local/lib/python3.8/site-packages/airflow/example_dags/example_setup_teardown_taskflow.py took 0.066 seconds
[2024-08-20T22:32:30.014+0000] {processor.py:157} INFO - Started process (PID=95) to work on /home/airflow/.local/lib/python3.8/site-packages/airflow/example_dags/example_setup_teardown_taskflow.py
[2024-08-20T22:32:30.016+0000] {processor.py:829} INFO - Processing file /home/airflow/.local/lib/python3.8/site-packages/airflow/example_dags/example_setup_teardown_taskflow.py for tasks to queue
[2024-08-20T22:32:30.019+0000] {logging_mixin.py:154} INFO - [2024-08-20T22:32:30.019+0000] {dagbag.py:536} INFO - Filling up the DagBag from /home/airflow/.local/lib/python3.8/site-packages/airflow/example_dags/example_setup_teardown_taskflow.py
[2024-08-20T22:32:30.033+0000] {processor.py:839} INFO - DAG(s) dict_keys(['example_setup_teardown_taskflow']) retrieved from /home/airflow/.local/lib/python3.8/site-packages/airflow/example_dags/example_setup_teardown_taskflow.py
[2024-08-20T22:32:30.075+0000] {logging_mixin.py:154} INFO - [2024-08-20T22:32:30.075+0000] {dag.py:2941} INFO - Sync 1 DAGs
[2024-08-20T22:32:30.116+0000] {logging_mixin.py:154} INFO - [2024-08-20T22:32:30.115+0000] {dag.py:3722} INFO - Setting next_dagrun for example_setup_teardown_taskflow to 2024-08-19T22:32:30.115398+00:00, run_after=2024-08-20T22:32:30.115398+00:00
[2024-08-20T22:32:30.163+0000] {processor.py:179} INFO - Processing /home/airflow/.local/lib/python3.8/site-packages/airflow/example_dags/example_setup_teardown_taskflow.py took 0.154 seconds
