[2024-08-20T06:00:08.303+0000] {processor.py:157} INFO - Started process (PID=87) to work on /home/airflow/.local/lib/python3.8/site-packages/airflow/example_dags/example_trigger_target_dag.py
[2024-08-20T06:00:08.304+0000] {processor.py:829} INFO - Processing file /home/airflow/.local/lib/python3.8/site-packages/airflow/example_dags/example_trigger_target_dag.py for tasks to queue
[2024-08-20T06:00:08.308+0000] {logging_mixin.py:154} INFO - [2024-08-20T06:00:08.308+0000] {dagbag.py:536} INFO - Filling up the DagBag from /home/airflow/.local/lib/python3.8/site-packages/airflow/example_dags/example_trigger_target_dag.py
[2024-08-20T06:00:08.315+0000] {processor.py:839} INFO - DAG(s) dict_keys(['example_trigger_target_dag']) retrieved from /home/airflow/.local/lib/python3.8/site-packages/airflow/example_dags/example_trigger_target_dag.py
[2024-08-20T06:00:08.342+0000] {logging_mixin.py:154} INFO - [2024-08-20T06:00:08.342+0000] {dag.py:2941} INFO - Sync 1 DAGs
[2024-08-20T06:00:08.354+0000] {logging_mixin.py:154} INFO - [2024-08-20T06:00:08.354+0000] {dag.py:3722} INFO - Setting next_dagrun for example_trigger_target_dag to None, run_after=None
[2024-08-20T06:00:08.373+0000] {processor.py:179} INFO - Processing /home/airflow/.local/lib/python3.8/site-packages/airflow/example_dags/example_trigger_target_dag.py took 0.073 seconds
[2024-08-20T06:00:38.891+0000] {processor.py:157} INFO - Started process (PID=161) to work on /home/airflow/.local/lib/python3.8/site-packages/airflow/example_dags/example_trigger_target_dag.py
[2024-08-20T06:00:38.892+0000] {processor.py:829} INFO - Processing file /home/airflow/.local/lib/python3.8/site-packages/airflow/example_dags/example_trigger_target_dag.py for tasks to queue
[2024-08-20T06:00:38.894+0000] {logging_mixin.py:154} INFO - [2024-08-20T06:00:38.894+0000] {dagbag.py:536} INFO - Filling up the DagBag from /home/airflow/.local/lib/python3.8/site-packages/airflow/example_dags/example_trigger_target_dag.py
[2024-08-20T06:00:38.898+0000] {processor.py:839} INFO - DAG(s) dict_keys(['example_trigger_target_dag']) retrieved from /home/airflow/.local/lib/python3.8/site-packages/airflow/example_dags/example_trigger_target_dag.py
[2024-08-20T06:00:38.916+0000] {logging_mixin.py:154} INFO - [2024-08-20T06:00:38.915+0000] {dag.py:2941} INFO - Sync 1 DAGs
[2024-08-20T06:00:38.926+0000] {logging_mixin.py:154} INFO - [2024-08-20T06:00:38.926+0000] {dag.py:3722} INFO - Setting next_dagrun for example_trigger_target_dag to None, run_after=None
[2024-08-20T06:00:38.943+0000] {processor.py:179} INFO - Processing /home/airflow/.local/lib/python3.8/site-packages/airflow/example_dags/example_trigger_target_dag.py took 0.055 seconds
[2024-08-20T06:01:08.989+0000] {processor.py:157} INFO - Started process (PID=227) to work on /home/airflow/.local/lib/python3.8/site-packages/airflow/example_dags/example_trigger_target_dag.py
[2024-08-20T06:01:08.990+0000] {processor.py:829} INFO - Processing file /home/airflow/.local/lib/python3.8/site-packages/airflow/example_dags/example_trigger_target_dag.py for tasks to queue
[2024-08-20T06:01:08.992+0000] {logging_mixin.py:154} INFO - [2024-08-20T06:01:08.991+0000] {dagbag.py:536} INFO - Filling up the DagBag from /home/airflow/.local/lib/python3.8/site-packages/airflow/example_dags/example_trigger_target_dag.py
[2024-08-20T06:01:08.996+0000] {processor.py:839} INFO - DAG(s) dict_keys(['example_trigger_target_dag']) retrieved from /home/airflow/.local/lib/python3.8/site-packages/airflow/example_dags/example_trigger_target_dag.py
[2024-08-20T06:01:09.012+0000] {logging_mixin.py:154} INFO - [2024-08-20T06:01:09.012+0000] {dag.py:2941} INFO - Sync 1 DAGs
[2024-08-20T06:01:09.024+0000] {logging_mixin.py:154} INFO - [2024-08-20T06:01:09.023+0000] {dag.py:3722} INFO - Setting next_dagrun for example_trigger_target_dag to None, run_after=None
[2024-08-20T06:01:09.040+0000] {processor.py:179} INFO - Processing /home/airflow/.local/lib/python3.8/site-packages/airflow/example_dags/example_trigger_target_dag.py took 0.053 seconds
[2024-08-20T22:32:29.676+0000] {processor.py:157} INFO - Started process (PID=91) to work on /home/airflow/.local/lib/python3.8/site-packages/airflow/example_dags/example_trigger_target_dag.py
[2024-08-20T22:32:29.678+0000] {processor.py:829} INFO - Processing file /home/airflow/.local/lib/python3.8/site-packages/airflow/example_dags/example_trigger_target_dag.py for tasks to queue
[2024-08-20T22:32:29.681+0000] {logging_mixin.py:154} INFO - [2024-08-20T22:32:29.680+0000] {dagbag.py:536} INFO - Filling up the DagBag from /home/airflow/.local/lib/python3.8/site-packages/airflow/example_dags/example_trigger_target_dag.py
[2024-08-20T22:32:29.688+0000] {processor.py:839} INFO - DAG(s) dict_keys(['example_trigger_target_dag']) retrieved from /home/airflow/.local/lib/python3.8/site-packages/airflow/example_dags/example_trigger_target_dag.py
[2024-08-20T22:32:29.722+0000] {logging_mixin.py:154} INFO - [2024-08-20T22:32:29.721+0000] {dag.py:2941} INFO - Sync 1 DAGs
[2024-08-20T22:32:29.744+0000] {logging_mixin.py:154} INFO - [2024-08-20T22:32:29.743+0000] {dag.py:3722} INFO - Setting next_dagrun for example_trigger_target_dag to None, run_after=None
[2024-08-20T22:32:29.776+0000] {processor.py:179} INFO - Processing /home/airflow/.local/lib/python3.8/site-packages/airflow/example_dags/example_trigger_target_dag.py took 0.104 seconds
