[2024-08-20T06:00:08.191+0000] {processor.py:157} INFO - Started process (PID=85) to work on /home/airflow/.local/lib/python3.8/site-packages/airflow/example_dags/example_branch_python_dop_operator_3.py
[2024-08-20T06:00:08.192+0000] {processor.py:829} INFO - Processing file /home/airflow/.local/lib/python3.8/site-packages/airflow/example_dags/example_branch_python_dop_operator_3.py for tasks to queue
[2024-08-20T06:00:08.194+0000] {logging_mixin.py:154} INFO - [2024-08-20T06:00:08.194+0000] {dagbag.py:536} INFO - Filling up the DagBag from /home/airflow/.local/lib/python3.8/site-packages/airflow/example_dags/example_branch_python_dop_operator_3.py
[2024-08-20T06:00:08.202+0000] {processor.py:839} INFO - DAG(s) dict_keys(['example_branch_dop_operator_v3']) retrieved from /home/airflow/.local/lib/python3.8/site-packages/airflow/example_dags/example_branch_python_dop_operator_3.py
[2024-08-20T06:00:08.227+0000] {logging_mixin.py:154} INFO - [2024-08-20T06:00:08.226+0000] {dag.py:2941} INFO - Sync 1 DAGs
[2024-08-20T06:00:08.256+0000] {logging_mixin.py:154} INFO - [2024-08-20T06:00:08.256+0000] {dag.py:3722} INFO - Setting next_dagrun for example_branch_dop_operator_v3 to 2024-08-20T05:59:00+00:00, run_after=2024-08-20T06:00:00+00:00
[2024-08-20T06:00:08.276+0000] {processor.py:179} INFO - Processing /home/airflow/.local/lib/python3.8/site-packages/airflow/example_dags/example_branch_python_dop_operator_3.py took 0.089 seconds
[2024-08-20T06:00:38.802+0000] {processor.py:157} INFO - Started process (PID=159) to work on /home/airflow/.local/lib/python3.8/site-packages/airflow/example_dags/example_branch_python_dop_operator_3.py
[2024-08-20T06:00:38.803+0000] {processor.py:829} INFO - Processing file /home/airflow/.local/lib/python3.8/site-packages/airflow/example_dags/example_branch_python_dop_operator_3.py for tasks to queue
[2024-08-20T06:00:38.805+0000] {logging_mixin.py:154} INFO - [2024-08-20T06:00:38.805+0000] {dagbag.py:536} INFO - Filling up the DagBag from /home/airflow/.local/lib/python3.8/site-packages/airflow/example_dags/example_branch_python_dop_operator_3.py
[2024-08-20T06:00:38.812+0000] {processor.py:839} INFO - DAG(s) dict_keys(['example_branch_dop_operator_v3']) retrieved from /home/airflow/.local/lib/python3.8/site-packages/airflow/example_dags/example_branch_python_dop_operator_3.py
[2024-08-20T06:00:38.830+0000] {logging_mixin.py:154} INFO - [2024-08-20T06:00:38.830+0000] {dag.py:2941} INFO - Sync 1 DAGs
[2024-08-20T06:00:38.853+0000] {logging_mixin.py:154} INFO - [2024-08-20T06:00:38.853+0000] {dag.py:3722} INFO - Setting next_dagrun for example_branch_dop_operator_v3 to 2024-08-20T05:59:00+00:00, run_after=2024-08-20T06:00:00+00:00
[2024-08-20T06:00:38.870+0000] {processor.py:179} INFO - Processing /home/airflow/.local/lib/python3.8/site-packages/airflow/example_dags/example_branch_python_dop_operator_3.py took 0.070 seconds
[2024-08-20T06:01:08.897+0000] {processor.py:157} INFO - Started process (PID=225) to work on /home/airflow/.local/lib/python3.8/site-packages/airflow/example_dags/example_branch_python_dop_operator_3.py
[2024-08-20T06:01:08.898+0000] {processor.py:829} INFO - Processing file /home/airflow/.local/lib/python3.8/site-packages/airflow/example_dags/example_branch_python_dop_operator_3.py for tasks to queue
[2024-08-20T06:01:08.900+0000] {logging_mixin.py:154} INFO - [2024-08-20T06:01:08.900+0000] {dagbag.py:536} INFO - Filling up the DagBag from /home/airflow/.local/lib/python3.8/site-packages/airflow/example_dags/example_branch_python_dop_operator_3.py
[2024-08-20T06:01:08.908+0000] {processor.py:839} INFO - DAG(s) dict_keys(['example_branch_dop_operator_v3']) retrieved from /home/airflow/.local/lib/python3.8/site-packages/airflow/example_dags/example_branch_python_dop_operator_3.py
[2024-08-20T06:01:08.925+0000] {logging_mixin.py:154} INFO - [2024-08-20T06:01:08.925+0000] {dag.py:2941} INFO - Sync 1 DAGs
[2024-08-20T06:01:08.949+0000] {logging_mixin.py:154} INFO - [2024-08-20T06:01:08.949+0000] {dag.py:3722} INFO - Setting next_dagrun for example_branch_dop_operator_v3 to 2024-08-20T06:00:00+00:00, run_after=2024-08-20T06:01:00+00:00
[2024-08-20T06:01:08.967+0000] {processor.py:179} INFO - Processing /home/airflow/.local/lib/python3.8/site-packages/airflow/example_dags/example_branch_python_dop_operator_3.py took 0.072 seconds
[2024-08-20T22:32:29.412+0000] {processor.py:157} INFO - Started process (PID=89) to work on /home/airflow/.local/lib/python3.8/site-packages/airflow/example_dags/example_branch_python_dop_operator_3.py
[2024-08-20T22:32:29.413+0000] {processor.py:829} INFO - Processing file /home/airflow/.local/lib/python3.8/site-packages/airflow/example_dags/example_branch_python_dop_operator_3.py for tasks to queue
[2024-08-20T22:32:29.416+0000] {logging_mixin.py:154} INFO - [2024-08-20T22:32:29.416+0000] {dagbag.py:536} INFO - Filling up the DagBag from /home/airflow/.local/lib/python3.8/site-packages/airflow/example_dags/example_branch_python_dop_operator_3.py
[2024-08-20T22:32:29.428+0000] {processor.py:839} INFO - DAG(s) dict_keys(['example_branch_dop_operator_v3']) retrieved from /home/airflow/.local/lib/python3.8/site-packages/airflow/example_dags/example_branch_python_dop_operator_3.py
[2024-08-20T22:32:29.458+0000] {logging_mixin.py:154} INFO - [2024-08-20T22:32:29.458+0000] {dag.py:2941} INFO - Sync 1 DAGs
[2024-08-20T22:32:29.497+0000] {logging_mixin.py:154} INFO - [2024-08-20T22:32:29.497+0000] {dag.py:3722} INFO - Setting next_dagrun for example_branch_dop_operator_v3 to 2024-08-20T22:31:00+00:00, run_after=2024-08-20T22:32:00+00:00
[2024-08-20T22:32:29.520+0000] {processor.py:179} INFO - Processing /home/airflow/.local/lib/python3.8/site-packages/airflow/example_dags/example_branch_python_dop_operator_3.py took 0.112 seconds
