[2024-08-20T06:00:06.868+0000] {processor.py:157} INFO - Started process (PID=70) to work on /home/airflow/.local/lib/python3.8/site-packages/airflow/example_dags/example_branch_datetime_operator.py
[2024-08-20T06:00:06.869+0000] {processor.py:829} INFO - Processing file /home/airflow/.local/lib/python3.8/site-packages/airflow/example_dags/example_branch_datetime_operator.py for tasks to queue
[2024-08-20T06:00:06.871+0000] {logging_mixin.py:154} INFO - [2024-08-20T06:00:06.871+0000] {dagbag.py:536} INFO - Filling up the DagBag from /home/airflow/.local/lib/python3.8/site-packages/airflow/example_dags/example_branch_datetime_operator.py
[2024-08-20T06:00:06.881+0000] {processor.py:839} INFO - DAG(s) dict_keys(['example_branch_datetime_operator_2', 'example_branch_datetime_operator', 'example_branch_datetime_operator_3']) retrieved from /home/airflow/.local/lib/python3.8/site-packages/airflow/example_dags/example_branch_datetime_operator.py
[2024-08-20T06:00:06.915+0000] {logging_mixin.py:154} INFO - [2024-08-20T06:00:06.915+0000] {dag.py:2941} INFO - Sync 3 DAGs
[2024-08-20T06:00:06.937+0000] {logging_mixin.py:154} INFO - [2024-08-20T06:00:06.936+0000] {dag.py:3722} INFO - Setting next_dagrun for example_branch_datetime_operator to 2024-08-19T00:00:00+00:00, run_after=2024-08-20T00:00:00+00:00
[2024-08-20T06:00:06.942+0000] {logging_mixin.py:154} INFO - [2024-08-20T06:00:06.942+0000] {dag.py:3722} INFO - Setting next_dagrun for example_branch_datetime_operator_2 to 2024-08-19T00:00:00+00:00, run_after=2024-08-20T00:00:00+00:00
[2024-08-20T06:00:06.945+0000] {logging_mixin.py:154} INFO - [2024-08-20T06:00:06.945+0000] {dag.py:3722} INFO - Setting next_dagrun for example_branch_datetime_operator_3 to 2024-08-19T00:00:00+00:00, run_after=2024-08-20T00:00:00+00:00
[2024-08-20T06:00:06.961+0000] {processor.py:179} INFO - Processing /home/airflow/.local/lib/python3.8/site-packages/airflow/example_dags/example_branch_datetime_operator.py took 0.095 seconds
[2024-08-20T06:00:37.764+0000] {processor.py:157} INFO - Started process (PID=144) to work on /home/airflow/.local/lib/python3.8/site-packages/airflow/example_dags/example_branch_datetime_operator.py
[2024-08-20T06:00:37.764+0000] {processor.py:829} INFO - Processing file /home/airflow/.local/lib/python3.8/site-packages/airflow/example_dags/example_branch_datetime_operator.py for tasks to queue
[2024-08-20T06:00:37.766+0000] {logging_mixin.py:154} INFO - [2024-08-20T06:00:37.766+0000] {dagbag.py:536} INFO - Filling up the DagBag from /home/airflow/.local/lib/python3.8/site-packages/airflow/example_dags/example_branch_datetime_operator.py
[2024-08-20T06:00:37.776+0000] {processor.py:839} INFO - DAG(s) dict_keys(['example_branch_datetime_operator_2', 'example_branch_datetime_operator_3', 'example_branch_datetime_operator']) retrieved from /home/airflow/.local/lib/python3.8/site-packages/airflow/example_dags/example_branch_datetime_operator.py
[2024-08-20T06:00:37.801+0000] {logging_mixin.py:154} INFO - [2024-08-20T06:00:37.801+0000] {dag.py:2941} INFO - Sync 3 DAGs
[2024-08-20T06:00:37.825+0000] {logging_mixin.py:154} INFO - [2024-08-20T06:00:37.825+0000] {dag.py:3722} INFO - Setting next_dagrun for example_branch_datetime_operator to 2024-08-19T00:00:00+00:00, run_after=2024-08-20T00:00:00+00:00
[2024-08-20T06:00:37.830+0000] {logging_mixin.py:154} INFO - [2024-08-20T06:00:37.830+0000] {dag.py:3722} INFO - Setting next_dagrun for example_branch_datetime_operator_2 to 2024-08-19T00:00:00+00:00, run_after=2024-08-20T00:00:00+00:00
[2024-08-20T06:00:37.833+0000] {logging_mixin.py:154} INFO - [2024-08-20T06:00:37.833+0000] {dag.py:3722} INFO - Setting next_dagrun for example_branch_datetime_operator_3 to 2024-08-19T00:00:00+00:00, run_after=2024-08-20T00:00:00+00:00
[2024-08-20T06:00:37.850+0000] {processor.py:179} INFO - Processing /home/airflow/.local/lib/python3.8/site-packages/airflow/example_dags/example_branch_datetime_operator.py took 0.089 seconds
[2024-08-20T06:01:08.169+0000] {processor.py:157} INFO - Started process (PID=210) to work on /home/airflow/.local/lib/python3.8/site-packages/airflow/example_dags/example_branch_datetime_operator.py
[2024-08-20T06:01:08.170+0000] {processor.py:829} INFO - Processing file /home/airflow/.local/lib/python3.8/site-packages/airflow/example_dags/example_branch_datetime_operator.py for tasks to queue
[2024-08-20T06:01:08.172+0000] {logging_mixin.py:154} INFO - [2024-08-20T06:01:08.172+0000] {dagbag.py:536} INFO - Filling up the DagBag from /home/airflow/.local/lib/python3.8/site-packages/airflow/example_dags/example_branch_datetime_operator.py
[2024-08-20T06:01:08.184+0000] {processor.py:839} INFO - DAG(s) dict_keys(['example_branch_datetime_operator', 'example_branch_datetime_operator_3', 'example_branch_datetime_operator_2']) retrieved from /home/airflow/.local/lib/python3.8/site-packages/airflow/example_dags/example_branch_datetime_operator.py
[2024-08-20T06:01:08.208+0000] {logging_mixin.py:154} INFO - [2024-08-20T06:01:08.208+0000] {dag.py:2941} INFO - Sync 3 DAGs
[2024-08-20T06:01:08.231+0000] {logging_mixin.py:154} INFO - [2024-08-20T06:01:08.230+0000] {dag.py:3722} INFO - Setting next_dagrun for example_branch_datetime_operator to 2024-08-19T00:00:00+00:00, run_after=2024-08-20T00:00:00+00:00
[2024-08-20T06:01:08.235+0000] {logging_mixin.py:154} INFO - [2024-08-20T06:01:08.235+0000] {dag.py:3722} INFO - Setting next_dagrun for example_branch_datetime_operator_2 to 2024-08-19T00:00:00+00:00, run_after=2024-08-20T00:00:00+00:00
[2024-08-20T06:01:08.239+0000] {logging_mixin.py:154} INFO - [2024-08-20T06:01:08.239+0000] {dag.py:3722} INFO - Setting next_dagrun for example_branch_datetime_operator_3 to 2024-08-19T00:00:00+00:00, run_after=2024-08-20T00:00:00+00:00
[2024-08-20T06:01:08.256+0000] {processor.py:179} INFO - Processing /home/airflow/.local/lib/python3.8/site-packages/airflow/example_dags/example_branch_datetime_operator.py took 0.090 seconds
[2024-08-20T22:32:28.157+0000] {processor.py:157} INFO - Started process (PID=74) to work on /home/airflow/.local/lib/python3.8/site-packages/airflow/example_dags/example_branch_datetime_operator.py
[2024-08-20T22:32:28.158+0000] {processor.py:829} INFO - Processing file /home/airflow/.local/lib/python3.8/site-packages/airflow/example_dags/example_branch_datetime_operator.py for tasks to queue
[2024-08-20T22:32:28.161+0000] {logging_mixin.py:154} INFO - [2024-08-20T22:32:28.161+0000] {dagbag.py:536} INFO - Filling up the DagBag from /home/airflow/.local/lib/python3.8/site-packages/airflow/example_dags/example_branch_datetime_operator.py
[2024-08-20T22:32:28.177+0000] {processor.py:839} INFO - DAG(s) dict_keys(['example_branch_datetime_operator_2', 'example_branch_datetime_operator', 'example_branch_datetime_operator_3']) retrieved from /home/airflow/.local/lib/python3.8/site-packages/airflow/example_dags/example_branch_datetime_operator.py
[2024-08-20T22:32:28.219+0000] {logging_mixin.py:154} INFO - [2024-08-20T22:32:28.219+0000] {dag.py:2941} INFO - Sync 3 DAGs
[2024-08-20T22:32:28.254+0000] {logging_mixin.py:154} INFO - [2024-08-20T22:32:28.254+0000] {dag.py:3722} INFO - Setting next_dagrun for example_branch_datetime_operator to 2024-08-19T00:00:00+00:00, run_after=2024-08-20T00:00:00+00:00
[2024-08-20T22:32:28.262+0000] {logging_mixin.py:154} INFO - [2024-08-20T22:32:28.261+0000] {dag.py:3722} INFO - Setting next_dagrun for example_branch_datetime_operator_2 to 2024-08-19T00:00:00+00:00, run_after=2024-08-20T00:00:00+00:00
[2024-08-20T22:32:28.267+0000] {logging_mixin.py:154} INFO - [2024-08-20T22:32:28.267+0000] {dag.py:3722} INFO - Setting next_dagrun for example_branch_datetime_operator_3 to 2024-08-19T00:00:00+00:00, run_after=2024-08-20T00:00:00+00:00
[2024-08-20T22:32:28.292+0000] {processor.py:179} INFO - Processing /home/airflow/.local/lib/python3.8/site-packages/airflow/example_dags/example_branch_datetime_operator.py took 0.139 seconds
