[2024-08-20T06:00:06.515+0000] {processor.py:157} INFO - Started process (PID=64) to work on /home/airflow/.local/lib/python3.8/site-packages/airflow/example_dags/example_short_circuit_decorator.py
[2024-08-20T06:00:06.516+0000] {processor.py:829} INFO - Processing file /home/airflow/.local/lib/python3.8/site-packages/airflow/example_dags/example_short_circuit_decorator.py for tasks to queue
[2024-08-20T06:00:06.518+0000] {logging_mixin.py:154} INFO - [2024-08-20T06:00:06.518+0000] {dagbag.py:536} INFO - Filling up the DagBag from /home/airflow/.local/lib/python3.8/site-packages/airflow/example_dags/example_short_circuit_decorator.py
[2024-08-20T06:00:06.528+0000] {processor.py:839} INFO - DAG(s) dict_keys(['example_short_circuit_decorator']) retrieved from /home/airflow/.local/lib/python3.8/site-packages/airflow/example_dags/example_short_circuit_decorator.py
[2024-08-20T06:00:06.554+0000] {logging_mixin.py:154} INFO - [2024-08-20T06:00:06.554+0000] {dag.py:2941} INFO - Sync 1 DAGs
[2024-08-20T06:00:06.578+0000] {logging_mixin.py:154} INFO - [2024-08-20T06:00:06.577+0000] {dag.py:3722} INFO - Setting next_dagrun for example_short_circuit_decorator to 2024-08-19T06:00:06.577719+00:00, run_after=2024-08-20T06:00:06.577719+00:00
[2024-08-20T06:00:06.598+0000] {processor.py:179} INFO - Processing /home/airflow/.local/lib/python3.8/site-packages/airflow/example_dags/example_short_circuit_decorator.py took 0.086 seconds
[2024-08-20T06:00:37.484+0000] {processor.py:157} INFO - Started process (PID=138) to work on /home/airflow/.local/lib/python3.8/site-packages/airflow/example_dags/example_short_circuit_decorator.py
[2024-08-20T06:00:37.485+0000] {processor.py:829} INFO - Processing file /home/airflow/.local/lib/python3.8/site-packages/airflow/example_dags/example_short_circuit_decorator.py for tasks to queue
[2024-08-20T06:00:37.487+0000] {logging_mixin.py:154} INFO - [2024-08-20T06:00:37.487+0000] {dagbag.py:536} INFO - Filling up the DagBag from /home/airflow/.local/lib/python3.8/site-packages/airflow/example_dags/example_short_circuit_decorator.py
[2024-08-20T06:00:37.495+0000] {processor.py:839} INFO - DAG(s) dict_keys(['example_short_circuit_decorator']) retrieved from /home/airflow/.local/lib/python3.8/site-packages/airflow/example_dags/example_short_circuit_decorator.py
[2024-08-20T06:00:37.517+0000] {logging_mixin.py:154} INFO - [2024-08-20T06:00:37.517+0000] {dag.py:2941} INFO - Sync 1 DAGs
[2024-08-20T06:00:37.538+0000] {logging_mixin.py:154} INFO - [2024-08-20T06:00:37.538+0000] {dag.py:3722} INFO - Setting next_dagrun for example_short_circuit_decorator to 2024-08-19T06:00:37.537974+00:00, run_after=2024-08-20T06:00:37.537974+00:00
[2024-08-20T06:00:37.557+0000] {processor.py:179} INFO - Processing /home/airflow/.local/lib/python3.8/site-packages/airflow/example_dags/example_short_circuit_decorator.py took 0.075 seconds
[2024-08-20T06:01:07.726+0000] {processor.py:157} INFO - Started process (PID=204) to work on /home/airflow/.local/lib/python3.8/site-packages/airflow/example_dags/example_short_circuit_decorator.py
[2024-08-20T06:01:07.727+0000] {processor.py:829} INFO - Processing file /home/airflow/.local/lib/python3.8/site-packages/airflow/example_dags/example_short_circuit_decorator.py for tasks to queue
[2024-08-20T06:01:07.729+0000] {logging_mixin.py:154} INFO - [2024-08-20T06:01:07.728+0000] {dagbag.py:536} INFO - Filling up the DagBag from /home/airflow/.local/lib/python3.8/site-packages/airflow/example_dags/example_short_circuit_decorator.py
[2024-08-20T06:01:07.737+0000] {processor.py:839} INFO - DAG(s) dict_keys(['example_short_circuit_decorator']) retrieved from /home/airflow/.local/lib/python3.8/site-packages/airflow/example_dags/example_short_circuit_decorator.py
[2024-08-20T06:01:07.760+0000] {logging_mixin.py:154} INFO - [2024-08-20T06:01:07.760+0000] {dag.py:2941} INFO - Sync 1 DAGs
[2024-08-20T06:01:07.782+0000] {logging_mixin.py:154} INFO - [2024-08-20T06:01:07.781+0000] {dag.py:3722} INFO - Setting next_dagrun for example_short_circuit_decorator to 2024-08-19T06:01:07.781748+00:00, run_after=2024-08-20T06:01:07.781748+00:00
[2024-08-20T06:01:07.811+0000] {processor.py:179} INFO - Processing /home/airflow/.local/lib/python3.8/site-packages/airflow/example_dags/example_short_circuit_decorator.py took 0.089 seconds
[2024-08-20T22:32:27.544+0000] {processor.py:157} INFO - Started process (PID=68) to work on /home/airflow/.local/lib/python3.8/site-packages/airflow/example_dags/example_short_circuit_decorator.py
[2024-08-20T22:32:27.546+0000] {processor.py:829} INFO - Processing file /home/airflow/.local/lib/python3.8/site-packages/airflow/example_dags/example_short_circuit_decorator.py for tasks to queue
[2024-08-20T22:32:27.549+0000] {logging_mixin.py:154} INFO - [2024-08-20T22:32:27.549+0000] {dagbag.py:536} INFO - Filling up the DagBag from /home/airflow/.local/lib/python3.8/site-packages/airflow/example_dags/example_short_circuit_decorator.py
[2024-08-20T22:32:27.563+0000] {processor.py:839} INFO - DAG(s) dict_keys(['example_short_circuit_decorator']) retrieved from /home/airflow/.local/lib/python3.8/site-packages/airflow/example_dags/example_short_circuit_decorator.py
[2024-08-20T22:32:27.605+0000] {logging_mixin.py:154} INFO - [2024-08-20T22:32:27.605+0000] {dag.py:2941} INFO - Sync 1 DAGs
[2024-08-20T22:32:27.646+0000] {logging_mixin.py:154} INFO - [2024-08-20T22:32:27.646+0000] {dag.py:3722} INFO - Setting next_dagrun for example_short_circuit_decorator to 2024-08-19T22:32:27.645799+00:00, run_after=2024-08-20T22:32:27.645799+00:00
[2024-08-20T22:32:27.677+0000] {processor.py:179} INFO - Processing /home/airflow/.local/lib/python3.8/site-packages/airflow/example_dags/example_short_circuit_decorator.py took 0.136 seconds
