[2024-08-20T06:00:08.674+0000] {processor.py:157} INFO - Started process (PID=92) to work on /home/airflow/.local/lib/python3.8/site-packages/airflow/example_dags/example_branch_operator.py
[2024-08-20T06:00:08.675+0000] {processor.py:829} INFO - Processing file /home/airflow/.local/lib/python3.8/site-packages/airflow/example_dags/example_branch_operator.py for tasks to queue
[2024-08-20T06:00:08.678+0000] {logging_mixin.py:154} INFO - [2024-08-20T06:00:08.678+0000] {dagbag.py:536} INFO - Filling up the DagBag from /home/airflow/.local/lib/python3.8/site-packages/airflow/example_dags/example_branch_operator.py
[2024-08-20T06:00:08.689+0000] {processor.py:839} INFO - DAG(s) dict_keys(['example_branch_operator']) retrieved from /home/airflow/.local/lib/python3.8/site-packages/airflow/example_dags/example_branch_operator.py
[2024-08-20T06:00:08.720+0000] {logging_mixin.py:154} INFO - [2024-08-20T06:00:08.719+0000] {dag.py:2941} INFO - Sync 1 DAGs
[2024-08-20T06:00:08.755+0000] {logging_mixin.py:154} INFO - [2024-08-20T06:00:08.755+0000] {dag.py:3722} INFO - Setting next_dagrun for example_branch_operator to 2024-08-19T00:00:00+00:00, run_after=2024-08-20T00:00:00+00:00
[2024-08-20T06:00:08.785+0000] {processor.py:179} INFO - Processing /home/airflow/.local/lib/python3.8/site-packages/airflow/example_dags/example_branch_operator.py took 0.115 seconds
[2024-08-20T06:00:39.102+0000] {processor.py:157} INFO - Started process (PID=166) to work on /home/airflow/.local/lib/python3.8/site-packages/airflow/example_dags/example_branch_operator.py
[2024-08-20T06:00:39.103+0000] {processor.py:829} INFO - Processing file /home/airflow/.local/lib/python3.8/site-packages/airflow/example_dags/example_branch_operator.py for tasks to queue
[2024-08-20T06:00:39.105+0000] {logging_mixin.py:154} INFO - [2024-08-20T06:00:39.105+0000] {dagbag.py:536} INFO - Filling up the DagBag from /home/airflow/.local/lib/python3.8/site-packages/airflow/example_dags/example_branch_operator.py
[2024-08-20T06:00:39.112+0000] {processor.py:839} INFO - DAG(s) dict_keys(['example_branch_operator']) retrieved from /home/airflow/.local/lib/python3.8/site-packages/airflow/example_dags/example_branch_operator.py
[2024-08-20T06:00:39.133+0000] {logging_mixin.py:154} INFO - [2024-08-20T06:00:39.133+0000] {dag.py:2941} INFO - Sync 1 DAGs
[2024-08-20T06:00:39.154+0000] {logging_mixin.py:154} INFO - [2024-08-20T06:00:39.154+0000] {dag.py:3722} INFO - Setting next_dagrun for example_branch_operator to 2024-08-19T00:00:00+00:00, run_after=2024-08-20T00:00:00+00:00
[2024-08-20T06:00:39.170+0000] {processor.py:179} INFO - Processing /home/airflow/.local/lib/python3.8/site-packages/airflow/example_dags/example_branch_operator.py took 0.072 seconds
[2024-08-20T06:01:09.236+0000] {processor.py:157} INFO - Started process (PID=232) to work on /home/airflow/.local/lib/python3.8/site-packages/airflow/example_dags/example_branch_operator.py
[2024-08-20T06:01:09.237+0000] {processor.py:829} INFO - Processing file /home/airflow/.local/lib/python3.8/site-packages/airflow/example_dags/example_branch_operator.py for tasks to queue
[2024-08-20T06:01:09.239+0000] {logging_mixin.py:154} INFO - [2024-08-20T06:01:09.239+0000] {dagbag.py:536} INFO - Filling up the DagBag from /home/airflow/.local/lib/python3.8/site-packages/airflow/example_dags/example_branch_operator.py
[2024-08-20T06:01:09.247+0000] {processor.py:839} INFO - DAG(s) dict_keys(['example_branch_operator']) retrieved from /home/airflow/.local/lib/python3.8/site-packages/airflow/example_dags/example_branch_operator.py
[2024-08-20T06:01:09.270+0000] {logging_mixin.py:154} INFO - [2024-08-20T06:01:09.269+0000] {dag.py:2941} INFO - Sync 1 DAGs
[2024-08-20T06:01:09.291+0000] {logging_mixin.py:154} INFO - [2024-08-20T06:01:09.291+0000] {dag.py:3722} INFO - Setting next_dagrun for example_branch_operator to 2024-08-19T00:00:00+00:00, run_after=2024-08-20T00:00:00+00:00
[2024-08-20T06:01:09.308+0000] {processor.py:179} INFO - Processing /home/airflow/.local/lib/python3.8/site-packages/airflow/example_dags/example_branch_operator.py took 0.076 seconds
[2024-08-20T22:32:30.081+0000] {processor.py:157} INFO - Started process (PID=96) to work on /home/airflow/.local/lib/python3.8/site-packages/airflow/example_dags/example_branch_operator.py
[2024-08-20T22:32:30.082+0000] {processor.py:829} INFO - Processing file /home/airflow/.local/lib/python3.8/site-packages/airflow/example_dags/example_branch_operator.py for tasks to queue
[2024-08-20T22:32:30.085+0000] {logging_mixin.py:154} INFO - [2024-08-20T22:32:30.085+0000] {dagbag.py:536} INFO - Filling up the DagBag from /home/airflow/.local/lib/python3.8/site-packages/airflow/example_dags/example_branch_operator.py
[2024-08-20T22:32:30.101+0000] {processor.py:839} INFO - DAG(s) dict_keys(['example_branch_operator']) retrieved from /home/airflow/.local/lib/python3.8/site-packages/airflow/example_dags/example_branch_operator.py
[2024-08-20T22:32:30.144+0000] {logging_mixin.py:154} INFO - [2024-08-20T22:32:30.144+0000] {dag.py:2941} INFO - Sync 1 DAGs
[2024-08-20T22:32:30.200+0000] {logging_mixin.py:154} INFO - [2024-08-20T22:32:30.200+0000] {dag.py:3722} INFO - Setting next_dagrun for example_branch_operator to 2024-08-19T00:00:00+00:00, run_after=2024-08-20T00:00:00+00:00
[2024-08-20T22:32:30.240+0000] {processor.py:179} INFO - Processing /home/airflow/.local/lib/python3.8/site-packages/airflow/example_dags/example_branch_operator.py took 0.164 seconds
