[2024-08-20T06:00:06.982+0000] {processor.py:157} INFO - Started process (PID=72) to work on /home/airflow/.local/lib/python3.8/site-packages/airflow/example_dags/example_params_ui_tutorial.py
[2024-08-20T06:00:06.983+0000] {processor.py:829} INFO - Processing file /home/airflow/.local/lib/python3.8/site-packages/airflow/example_dags/example_params_ui_tutorial.py for tasks to queue
[2024-08-20T06:00:06.985+0000] {logging_mixin.py:154} INFO - [2024-08-20T06:00:06.984+0000] {dagbag.py:536} INFO - Filling up the DagBag from /home/airflow/.local/lib/python3.8/site-packages/airflow/example_dags/example_params_ui_tutorial.py
[2024-08-20T06:00:07.018+0000] {processor.py:839} INFO - DAG(s) dict_keys(['example_params_ui_tutorial']) retrieved from /home/airflow/.local/lib/python3.8/site-packages/airflow/example_dags/example_params_ui_tutorial.py
[2024-08-20T06:00:07.149+0000] {logging_mixin.py:154} INFO - [2024-08-20T06:00:07.148+0000] {dag.py:2941} INFO - Sync 1 DAGs
[2024-08-20T06:00:07.159+0000] {logging_mixin.py:154} INFO - [2024-08-20T06:00:07.159+0000] {dag.py:3722} INFO - Setting next_dagrun for example_params_ui_tutorial to None, run_after=None
[2024-08-20T06:00:07.181+0000] {processor.py:179} INFO - Processing /home/airflow/.local/lib/python3.8/site-packages/airflow/example_dags/example_params_ui_tutorial.py took 0.202 seconds
[2024-08-20T06:00:37.872+0000] {processor.py:157} INFO - Started process (PID=146) to work on /home/airflow/.local/lib/python3.8/site-packages/airflow/example_dags/example_params_ui_tutorial.py
[2024-08-20T06:00:37.873+0000] {processor.py:829} INFO - Processing file /home/airflow/.local/lib/python3.8/site-packages/airflow/example_dags/example_params_ui_tutorial.py for tasks to queue
[2024-08-20T06:00:37.875+0000] {logging_mixin.py:154} INFO - [2024-08-20T06:00:37.874+0000] {dagbag.py:536} INFO - Filling up the DagBag from /home/airflow/.local/lib/python3.8/site-packages/airflow/example_dags/example_params_ui_tutorial.py
[2024-08-20T06:00:37.910+0000] {processor.py:839} INFO - DAG(s) dict_keys(['example_params_ui_tutorial']) retrieved from /home/airflow/.local/lib/python3.8/site-packages/airflow/example_dags/example_params_ui_tutorial.py
[2024-08-20T06:00:37.966+0000] {logging_mixin.py:154} INFO - [2024-08-20T06:00:37.966+0000] {dag.py:2941} INFO - Sync 1 DAGs
[2024-08-20T06:00:37.977+0000] {logging_mixin.py:154} INFO - [2024-08-20T06:00:37.977+0000] {dag.py:3722} INFO - Setting next_dagrun for example_params_ui_tutorial to None, run_after=None
[2024-08-20T06:00:37.994+0000] {processor.py:179} INFO - Processing /home/airflow/.local/lib/python3.8/site-packages/airflow/example_dags/example_params_ui_tutorial.py took 0.126 seconds
[2024-08-20T06:01:08.254+0000] {processor.py:157} INFO - Started process (PID=212) to work on /home/airflow/.local/lib/python3.8/site-packages/airflow/example_dags/example_params_ui_tutorial.py
[2024-08-20T06:01:08.255+0000] {processor.py:829} INFO - Processing file /home/airflow/.local/lib/python3.8/site-packages/airflow/example_dags/example_params_ui_tutorial.py for tasks to queue
[2024-08-20T06:01:08.257+0000] {logging_mixin.py:154} INFO - [2024-08-20T06:01:08.257+0000] {dagbag.py:536} INFO - Filling up the DagBag from /home/airflow/.local/lib/python3.8/site-packages/airflow/example_dags/example_params_ui_tutorial.py
[2024-08-20T06:01:08.297+0000] {processor.py:839} INFO - DAG(s) dict_keys(['example_params_ui_tutorial']) retrieved from /home/airflow/.local/lib/python3.8/site-packages/airflow/example_dags/example_params_ui_tutorial.py
[2024-08-20T06:01:08.347+0000] {logging_mixin.py:154} INFO - [2024-08-20T06:01:08.347+0000] {dag.py:2941} INFO - Sync 1 DAGs
[2024-08-20T06:01:08.359+0000] {logging_mixin.py:154} INFO - [2024-08-20T06:01:08.359+0000] {dag.py:3722} INFO - Setting next_dagrun for example_params_ui_tutorial to None, run_after=None
[2024-08-20T06:01:08.377+0000] {processor.py:179} INFO - Processing /home/airflow/.local/lib/python3.8/site-packages/airflow/example_dags/example_params_ui_tutorial.py took 0.125 seconds
[2024-08-20T22:32:28.302+0000] {processor.py:157} INFO - Started process (PID=76) to work on /home/airflow/.local/lib/python3.8/site-packages/airflow/example_dags/example_params_ui_tutorial.py
[2024-08-20T22:32:28.303+0000] {processor.py:829} INFO - Processing file /home/airflow/.local/lib/python3.8/site-packages/airflow/example_dags/example_params_ui_tutorial.py for tasks to queue
[2024-08-20T22:32:28.306+0000] {logging_mixin.py:154} INFO - [2024-08-20T22:32:28.306+0000] {dagbag.py:536} INFO - Filling up the DagBag from /home/airflow/.local/lib/python3.8/site-packages/airflow/example_dags/example_params_ui_tutorial.py
[2024-08-20T22:32:28.364+0000] {processor.py:839} INFO - DAG(s) dict_keys(['example_params_ui_tutorial']) retrieved from /home/airflow/.local/lib/python3.8/site-packages/airflow/example_dags/example_params_ui_tutorial.py
[2024-08-20T22:32:28.448+0000] {logging_mixin.py:154} INFO - [2024-08-20T22:32:28.447+0000] {dag.py:2941} INFO - Sync 1 DAGs
[2024-08-20T22:32:28.466+0000] {logging_mixin.py:154} INFO - [2024-08-20T22:32:28.465+0000] {dag.py:3722} INFO - Setting next_dagrun for example_params_ui_tutorial to None, run_after=None
[2024-08-20T22:32:28.489+0000] {processor.py:179} INFO - Processing /home/airflow/.local/lib/python3.8/site-packages/airflow/example_dags/example_params_ui_tutorial.py took 0.191 seconds
