[2024-08-20T06:00:08.084+0000] {processor.py:157} INFO - Started process (PID=84) to work on /home/airflow/.local/lib/python3.8/site-packages/airflow/example_dags/example_skip_dag.py
[2024-08-20T06:00:08.085+0000] {processor.py:829} INFO - Processing file /home/airflow/.local/lib/python3.8/site-packages/airflow/example_dags/example_skip_dag.py for tasks to queue
[2024-08-20T06:00:08.087+0000] {logging_mixin.py:154} INFO - [2024-08-20T06:00:08.087+0000] {dagbag.py:536} INFO - Filling up the DagBag from /home/airflow/.local/lib/python3.8/site-packages/airflow/example_dags/example_skip_dag.py
[2024-08-20T06:00:08.096+0000] {processor.py:839} INFO - DAG(s) dict_keys(['example_skip_dag']) retrieved from /home/airflow/.local/lib/python3.8/site-packages/airflow/example_dags/example_skip_dag.py
[2024-08-20T06:00:08.119+0000] {logging_mixin.py:154} INFO - [2024-08-20T06:00:08.119+0000] {dag.py:2941} INFO - Sync 1 DAGs
[2024-08-20T06:00:08.141+0000] {logging_mixin.py:154} INFO - [2024-08-20T06:00:08.141+0000] {dag.py:3722} INFO - Setting next_dagrun for example_skip_dag to 2024-08-19T06:00:08.140758+00:00, run_after=2024-08-20T06:00:08.140758+00:00
[2024-08-20T06:00:08.159+0000] {processor.py:179} INFO - Processing /home/airflow/.local/lib/python3.8/site-packages/airflow/example_dags/example_skip_dag.py took 0.078 seconds
[2024-08-20T06:00:38.735+0000] {processor.py:157} INFO - Started process (PID=158) to work on /home/airflow/.local/lib/python3.8/site-packages/airflow/example_dags/example_skip_dag.py
[2024-08-20T06:00:38.736+0000] {processor.py:829} INFO - Processing file /home/airflow/.local/lib/python3.8/site-packages/airflow/example_dags/example_skip_dag.py for tasks to queue
[2024-08-20T06:00:38.738+0000] {logging_mixin.py:154} INFO - [2024-08-20T06:00:38.737+0000] {dagbag.py:536} INFO - Filling up the DagBag from /home/airflow/.local/lib/python3.8/site-packages/airflow/example_dags/example_skip_dag.py
[2024-08-20T06:00:38.743+0000] {processor.py:839} INFO - DAG(s) dict_keys(['example_skip_dag']) retrieved from /home/airflow/.local/lib/python3.8/site-packages/airflow/example_dags/example_skip_dag.py
[2024-08-20T06:00:38.763+0000] {logging_mixin.py:154} INFO - [2024-08-20T06:00:38.763+0000] {dag.py:2941} INFO - Sync 1 DAGs
[2024-08-20T06:00:38.781+0000] {logging_mixin.py:154} INFO - [2024-08-20T06:00:38.781+0000] {dag.py:3722} INFO - Setting next_dagrun for example_skip_dag to 2024-08-19T06:00:38.780821+00:00, run_after=2024-08-20T06:00:38.780821+00:00
[2024-08-20T06:00:38.798+0000] {processor.py:179} INFO - Processing /home/airflow/.local/lib/python3.8/site-packages/airflow/example_dags/example_skip_dag.py took 0.066 seconds
[2024-08-20T06:01:08.879+0000] {processor.py:157} INFO - Started process (PID=224) to work on /home/airflow/.local/lib/python3.8/site-packages/airflow/example_dags/example_skip_dag.py
[2024-08-20T06:01:08.880+0000] {processor.py:829} INFO - Processing file /home/airflow/.local/lib/python3.8/site-packages/airflow/example_dags/example_skip_dag.py for tasks to queue
[2024-08-20T06:01:08.882+0000] {logging_mixin.py:154} INFO - [2024-08-20T06:01:08.882+0000] {dagbag.py:536} INFO - Filling up the DagBag from /home/airflow/.local/lib/python3.8/site-packages/airflow/example_dags/example_skip_dag.py
[2024-08-20T06:01:08.888+0000] {processor.py:839} INFO - DAG(s) dict_keys(['example_skip_dag']) retrieved from /home/airflow/.local/lib/python3.8/site-packages/airflow/example_dags/example_skip_dag.py
[2024-08-20T06:01:08.908+0000] {logging_mixin.py:154} INFO - [2024-08-20T06:01:08.907+0000] {dag.py:2941} INFO - Sync 1 DAGs
[2024-08-20T06:01:08.928+0000] {logging_mixin.py:154} INFO - [2024-08-20T06:01:08.927+0000] {dag.py:3722} INFO - Setting next_dagrun for example_skip_dag to 2024-08-19T06:01:08.927706+00:00, run_after=2024-08-20T06:01:08.927706+00:00
[2024-08-20T06:01:08.945+0000] {processor.py:179} INFO - Processing /home/airflow/.local/lib/python3.8/site-packages/airflow/example_dags/example_skip_dag.py took 0.069 seconds
[2024-08-20T22:32:29.410+0000] {processor.py:157} INFO - Started process (PID=88) to work on /home/airflow/.local/lib/python3.8/site-packages/airflow/example_dags/example_skip_dag.py
[2024-08-20T22:32:29.412+0000] {processor.py:829} INFO - Processing file /home/airflow/.local/lib/python3.8/site-packages/airflow/example_dags/example_skip_dag.py for tasks to queue
[2024-08-20T22:32:29.414+0000] {logging_mixin.py:154} INFO - [2024-08-20T22:32:29.414+0000] {dagbag.py:536} INFO - Filling up the DagBag from /home/airflow/.local/lib/python3.8/site-packages/airflow/example_dags/example_skip_dag.py
[2024-08-20T22:32:29.425+0000] {processor.py:839} INFO - DAG(s) dict_keys(['example_skip_dag']) retrieved from /home/airflow/.local/lib/python3.8/site-packages/airflow/example_dags/example_skip_dag.py
[2024-08-20T22:32:29.457+0000] {logging_mixin.py:154} INFO - [2024-08-20T22:32:29.456+0000] {dag.py:2941} INFO - Sync 1 DAGs
[2024-08-20T22:32:29.489+0000] {logging_mixin.py:154} INFO - [2024-08-20T22:32:29.488+0000] {dag.py:3722} INFO - Setting next_dagrun for example_skip_dag to 2024-08-19T22:32:29.488665+00:00, run_after=2024-08-20T22:32:29.488665+00:00
[2024-08-20T22:32:29.513+0000] {processor.py:179} INFO - Processing /home/airflow/.local/lib/python3.8/site-packages/airflow/example_dags/example_skip_dag.py took 0.107 seconds
