[2024-08-20T06:00:07.681+0000] {processor.py:157} INFO - Started process (PID=78) to work on /home/airflow/.local/lib/python3.8/site-packages/airflow/example_dags/example_dynamic_task_mapping_with_no_taskflow_operators.py
[2024-08-20T06:00:07.682+0000] {processor.py:829} INFO - Processing file /home/airflow/.local/lib/python3.8/site-packages/airflow/example_dags/example_dynamic_task_mapping_with_no_taskflow_operators.py for tasks to queue
[2024-08-20T06:00:07.685+0000] {logging_mixin.py:154} INFO - [2024-08-20T06:00:07.684+0000] {dagbag.py:536} INFO - Filling up the DagBag from /home/airflow/.local/lib/python3.8/site-packages/airflow/example_dags/example_dynamic_task_mapping_with_no_taskflow_operators.py
[2024-08-20T06:00:07.689+0000] {processor.py:839} INFO - DAG(s) dict_keys(['example_dynamic_task_mapping_with_no_taskflow_operators']) retrieved from /home/airflow/.local/lib/python3.8/site-packages/airflow/example_dags/example_dynamic_task_mapping_with_no_taskflow_operators.py
[2024-08-20T06:00:07.709+0000] {logging_mixin.py:154} INFO - [2024-08-20T06:00:07.709+0000] {dag.py:2941} INFO - Sync 1 DAGs
[2024-08-20T06:00:07.729+0000] {logging_mixin.py:154} INFO - [2024-08-20T06:00:07.729+0000] {dag.py:3722} INFO - Setting next_dagrun for example_dynamic_task_mapping_with_no_taskflow_operators to 2024-08-19T06:00:07.728782+00:00, run_after=2024-08-20T06:00:07.728782+00:00
[2024-08-20T06:00:07.746+0000] {processor.py:179} INFO - Processing /home/airflow/.local/lib/python3.8/site-packages/airflow/example_dags/example_dynamic_task_mapping_with_no_taskflow_operators.py took 0.067 seconds
[2024-08-20T06:00:38.443+0000] {processor.py:157} INFO - Started process (PID=152) to work on /home/airflow/.local/lib/python3.8/site-packages/airflow/example_dags/example_dynamic_task_mapping_with_no_taskflow_operators.py
[2024-08-20T06:00:38.444+0000] {processor.py:829} INFO - Processing file /home/airflow/.local/lib/python3.8/site-packages/airflow/example_dags/example_dynamic_task_mapping_with_no_taskflow_operators.py for tasks to queue
[2024-08-20T06:00:38.446+0000] {logging_mixin.py:154} INFO - [2024-08-20T06:00:38.446+0000] {dagbag.py:536} INFO - Filling up the DagBag from /home/airflow/.local/lib/python3.8/site-packages/airflow/example_dags/example_dynamic_task_mapping_with_no_taskflow_operators.py
[2024-08-20T06:00:38.452+0000] {processor.py:839} INFO - DAG(s) dict_keys(['example_dynamic_task_mapping_with_no_taskflow_operators']) retrieved from /home/airflow/.local/lib/python3.8/site-packages/airflow/example_dags/example_dynamic_task_mapping_with_no_taskflow_operators.py
[2024-08-20T06:00:38.470+0000] {logging_mixin.py:154} INFO - [2024-08-20T06:00:38.470+0000] {dag.py:2941} INFO - Sync 1 DAGs
[2024-08-20T06:00:38.491+0000] {logging_mixin.py:154} INFO - [2024-08-20T06:00:38.491+0000] {dag.py:3722} INFO - Setting next_dagrun for example_dynamic_task_mapping_with_no_taskflow_operators to 2024-08-19T06:00:38.491051+00:00, run_after=2024-08-20T06:00:38.491051+00:00
[2024-08-20T06:00:38.511+0000] {processor.py:179} INFO - Processing /home/airflow/.local/lib/python3.8/site-packages/airflow/example_dags/example_dynamic_task_mapping_with_no_taskflow_operators.py took 0.071 seconds
[2024-08-20T06:01:08.611+0000] {processor.py:157} INFO - Started process (PID=218) to work on /home/airflow/.local/lib/python3.8/site-packages/airflow/example_dags/example_dynamic_task_mapping_with_no_taskflow_operators.py
[2024-08-20T06:01:08.612+0000] {processor.py:829} INFO - Processing file /home/airflow/.local/lib/python3.8/site-packages/airflow/example_dags/example_dynamic_task_mapping_with_no_taskflow_operators.py for tasks to queue
[2024-08-20T06:01:08.614+0000] {logging_mixin.py:154} INFO - [2024-08-20T06:01:08.613+0000] {dagbag.py:536} INFO - Filling up the DagBag from /home/airflow/.local/lib/python3.8/site-packages/airflow/example_dags/example_dynamic_task_mapping_with_no_taskflow_operators.py
[2024-08-20T06:01:08.619+0000] {processor.py:839} INFO - DAG(s) dict_keys(['example_dynamic_task_mapping_with_no_taskflow_operators']) retrieved from /home/airflow/.local/lib/python3.8/site-packages/airflow/example_dags/example_dynamic_task_mapping_with_no_taskflow_operators.py
[2024-08-20T06:01:08.637+0000] {logging_mixin.py:154} INFO - [2024-08-20T06:01:08.637+0000] {dag.py:2941} INFO - Sync 1 DAGs
[2024-08-20T06:01:08.657+0000] {logging_mixin.py:154} INFO - [2024-08-20T06:01:08.657+0000] {dag.py:3722} INFO - Setting next_dagrun for example_dynamic_task_mapping_with_no_taskflow_operators to 2024-08-19T06:01:08.656965+00:00, run_after=2024-08-20T06:01:08.656965+00:00
[2024-08-20T06:01:08.672+0000] {processor.py:179} INFO - Processing /home/airflow/.local/lib/python3.8/site-packages/airflow/example_dags/example_dynamic_task_mapping_with_no_taskflow_operators.py took 0.064 seconds
[2024-08-20T22:32:28.872+0000] {processor.py:157} INFO - Started process (PID=82) to work on /home/airflow/.local/lib/python3.8/site-packages/airflow/example_dags/example_dynamic_task_mapping_with_no_taskflow_operators.py
[2024-08-20T22:32:28.874+0000] {processor.py:829} INFO - Processing file /home/airflow/.local/lib/python3.8/site-packages/airflow/example_dags/example_dynamic_task_mapping_with_no_taskflow_operators.py for tasks to queue
[2024-08-20T22:32:28.878+0000] {logging_mixin.py:154} INFO - [2024-08-20T22:32:28.878+0000] {dagbag.py:536} INFO - Filling up the DagBag from /home/airflow/.local/lib/python3.8/site-packages/airflow/example_dags/example_dynamic_task_mapping_with_no_taskflow_operators.py
[2024-08-20T22:32:28.886+0000] {processor.py:839} INFO - DAG(s) dict_keys(['example_dynamic_task_mapping_with_no_taskflow_operators']) retrieved from /home/airflow/.local/lib/python3.8/site-packages/airflow/example_dags/example_dynamic_task_mapping_with_no_taskflow_operators.py
[2024-08-20T22:32:28.913+0000] {logging_mixin.py:154} INFO - [2024-08-20T22:32:28.913+0000] {dag.py:2941} INFO - Sync 1 DAGs
[2024-08-20T22:32:28.943+0000] {logging_mixin.py:154} INFO - [2024-08-20T22:32:28.942+0000] {dag.py:3722} INFO - Setting next_dagrun for example_dynamic_task_mapping_with_no_taskflow_operators to 2024-08-19T22:32:28.942505+00:00, run_after=2024-08-20T22:32:28.942505+00:00
[2024-08-20T22:32:28.970+0000] {processor.py:179} INFO - Processing /home/airflow/.local/lib/python3.8/site-packages/airflow/example_dags/example_dynamic_task_mapping_with_no_taskflow_operators.py took 0.102 seconds
