[2024-08-20T06:00:06.536+0000] {processor.py:157} INFO - Started process (PID=65) to work on /home/airflow/.local/lib/python3.8/site-packages/airflow/example_dags/example_latest_only_with_trigger.py
[2024-08-20T06:00:06.537+0000] {processor.py:829} INFO - Processing file /home/airflow/.local/lib/python3.8/site-packages/airflow/example_dags/example_latest_only_with_trigger.py for tasks to queue
[2024-08-20T06:00:06.540+0000] {logging_mixin.py:154} INFO - [2024-08-20T06:00:06.540+0000] {dagbag.py:536} INFO - Filling up the DagBag from /home/airflow/.local/lib/python3.8/site-packages/airflow/example_dags/example_latest_only_with_trigger.py
[2024-08-20T06:00:06.548+0000] {processor.py:839} INFO - DAG(s) dict_keys(['latest_only_with_trigger']) retrieved from /home/airflow/.local/lib/python3.8/site-packages/airflow/example_dags/example_latest_only_with_trigger.py
[2024-08-20T06:00:06.571+0000] {logging_mixin.py:154} INFO - [2024-08-20T06:00:06.571+0000] {dag.py:2941} INFO - Sync 1 DAGs
[2024-08-20T06:00:06.593+0000] {logging_mixin.py:154} INFO - [2024-08-20T06:00:06.593+0000] {dag.py:3722} INFO - Setting next_dagrun for latest_only_with_trigger to 2024-08-20T02:00:06.592984+00:00, run_after=2024-08-20T06:00:06.592984+00:00
[2024-08-20T06:00:06.616+0000] {processor.py:179} INFO - Processing /home/airflow/.local/lib/python3.8/site-packages/airflow/example_dags/example_latest_only_with_trigger.py took 0.083 seconds
[2024-08-20T06:00:37.505+0000] {processor.py:157} INFO - Started process (PID=139) to work on /home/airflow/.local/lib/python3.8/site-packages/airflow/example_dags/example_latest_only_with_trigger.py
[2024-08-20T06:00:37.506+0000] {processor.py:829} INFO - Processing file /home/airflow/.local/lib/python3.8/site-packages/airflow/example_dags/example_latest_only_with_trigger.py for tasks to queue
[2024-08-20T06:00:37.508+0000] {logging_mixin.py:154} INFO - [2024-08-20T06:00:37.507+0000] {dagbag.py:536} INFO - Filling up the DagBag from /home/airflow/.local/lib/python3.8/site-packages/airflow/example_dags/example_latest_only_with_trigger.py
[2024-08-20T06:00:37.512+0000] {processor.py:839} INFO - DAG(s) dict_keys(['latest_only_with_trigger']) retrieved from /home/airflow/.local/lib/python3.8/site-packages/airflow/example_dags/example_latest_only_with_trigger.py
[2024-08-20T06:00:37.531+0000] {logging_mixin.py:154} INFO - [2024-08-20T06:00:37.531+0000] {dag.py:2941} INFO - Sync 1 DAGs
[2024-08-20T06:00:37.552+0000] {logging_mixin.py:154} INFO - [2024-08-20T06:00:37.552+0000] {dag.py:3722} INFO - Setting next_dagrun for latest_only_with_trigger to 2024-08-20T02:00:37.551893+00:00, run_after=2024-08-20T06:00:37.551893+00:00
[2024-08-20T06:00:37.571+0000] {processor.py:179} INFO - Processing /home/airflow/.local/lib/python3.8/site-packages/airflow/example_dags/example_latest_only_with_trigger.py took 0.069 seconds
[2024-08-20T06:01:07.839+0000] {processor.py:157} INFO - Started process (PID=205) to work on /home/airflow/.local/lib/python3.8/site-packages/airflow/example_dags/example_latest_only_with_trigger.py
[2024-08-20T06:01:07.840+0000] {processor.py:829} INFO - Processing file /home/airflow/.local/lib/python3.8/site-packages/airflow/example_dags/example_latest_only_with_trigger.py for tasks to queue
[2024-08-20T06:01:07.842+0000] {logging_mixin.py:154} INFO - [2024-08-20T06:01:07.842+0000] {dagbag.py:536} INFO - Filling up the DagBag from /home/airflow/.local/lib/python3.8/site-packages/airflow/example_dags/example_latest_only_with_trigger.py
[2024-08-20T06:01:07.848+0000] {processor.py:839} INFO - DAG(s) dict_keys(['latest_only_with_trigger']) retrieved from /home/airflow/.local/lib/python3.8/site-packages/airflow/example_dags/example_latest_only_with_trigger.py
[2024-08-20T06:01:07.868+0000] {logging_mixin.py:154} INFO - [2024-08-20T06:01:07.868+0000] {dag.py:2941} INFO - Sync 1 DAGs
[2024-08-20T06:01:07.891+0000] {logging_mixin.py:154} INFO - [2024-08-20T06:01:07.891+0000] {dag.py:3722} INFO - Setting next_dagrun for latest_only_with_trigger to 2024-08-20T02:01:07.891131+00:00, run_after=2024-08-20T06:01:07.891131+00:00
[2024-08-20T06:01:07.910+0000] {processor.py:179} INFO - Processing /home/airflow/.local/lib/python3.8/site-packages/airflow/example_dags/example_latest_only_with_trigger.py took 0.074 seconds
[2024-08-20T22:32:27.716+0000] {processor.py:157} INFO - Started process (PID=69) to work on /home/airflow/.local/lib/python3.8/site-packages/airflow/example_dags/example_latest_only_with_trigger.py
[2024-08-20T22:32:27.718+0000] {processor.py:829} INFO - Processing file /home/airflow/.local/lib/python3.8/site-packages/airflow/example_dags/example_latest_only_with_trigger.py for tasks to queue
[2024-08-20T22:32:27.721+0000] {logging_mixin.py:154} INFO - [2024-08-20T22:32:27.721+0000] {dagbag.py:536} INFO - Filling up the DagBag from /home/airflow/.local/lib/python3.8/site-packages/airflow/example_dags/example_latest_only_with_trigger.py
[2024-08-20T22:32:27.732+0000] {processor.py:839} INFO - DAG(s) dict_keys(['latest_only_with_trigger']) retrieved from /home/airflow/.local/lib/python3.8/site-packages/airflow/example_dags/example_latest_only_with_trigger.py
[2024-08-20T22:32:27.766+0000] {logging_mixin.py:154} INFO - [2024-08-20T22:32:27.765+0000] {dag.py:2941} INFO - Sync 1 DAGs
[2024-08-20T22:32:27.795+0000] {logging_mixin.py:154} INFO - [2024-08-20T22:32:27.795+0000] {dag.py:3722} INFO - Setting next_dagrun for latest_only_with_trigger to 2024-08-20T18:32:27.794823+00:00, run_after=2024-08-20T22:32:27.794823+00:00
[2024-08-20T22:32:27.822+0000] {processor.py:179} INFO - Processing /home/airflow/.local/lib/python3.8/site-packages/airflow/example_dags/example_latest_only_with_trigger.py took 0.110 seconds
