[2024-08-20T06:00:06.894+0000] {processor.py:157} INFO - Started process (PID=71) to work on /home/airflow/.local/lib/python3.8/site-packages/airflow/example_dags/example_sensor_decorator.py
[2024-08-20T06:00:06.895+0000] {processor.py:829} INFO - Processing file /home/airflow/.local/lib/python3.8/site-packages/airflow/example_dags/example_sensor_decorator.py for tasks to queue
[2024-08-20T06:00:06.898+0000] {logging_mixin.py:154} INFO - [2024-08-20T06:00:06.898+0000] {dagbag.py:536} INFO - Filling up the DagBag from /home/airflow/.local/lib/python3.8/site-packages/airflow/example_dags/example_sensor_decorator.py
[2024-08-20T06:00:06.906+0000] {processor.py:839} INFO - DAG(s) dict_keys(['example_sensor_decorator']) retrieved from /home/airflow/.local/lib/python3.8/site-packages/airflow/example_dags/example_sensor_decorator.py
[2024-08-20T06:00:06.926+0000] {logging_mixin.py:154} INFO - [2024-08-20T06:00:06.926+0000] {dag.py:2941} INFO - Sync 1 DAGs
[2024-08-20T06:00:06.938+0000] {logging_mixin.py:154} INFO - [2024-08-20T06:00:06.937+0000] {dag.py:3722} INFO - Setting next_dagrun for example_sensor_decorator to None, run_after=None
[2024-08-20T06:00:06.954+0000] {processor.py:179} INFO - Processing /home/airflow/.local/lib/python3.8/site-packages/airflow/example_dags/example_sensor_decorator.py took 0.064 seconds
[2024-08-20T06:00:37.786+0000] {processor.py:157} INFO - Started process (PID=145) to work on /home/airflow/.local/lib/python3.8/site-packages/airflow/example_dags/example_sensor_decorator.py
[2024-08-20T06:00:37.787+0000] {processor.py:829} INFO - Processing file /home/airflow/.local/lib/python3.8/site-packages/airflow/example_dags/example_sensor_decorator.py for tasks to queue
[2024-08-20T06:00:37.789+0000] {logging_mixin.py:154} INFO - [2024-08-20T06:00:37.788+0000] {dagbag.py:536} INFO - Filling up the DagBag from /home/airflow/.local/lib/python3.8/site-packages/airflow/example_dags/example_sensor_decorator.py
[2024-08-20T06:00:37.793+0000] {processor.py:839} INFO - DAG(s) dict_keys(['example_sensor_decorator']) retrieved from /home/airflow/.local/lib/python3.8/site-packages/airflow/example_dags/example_sensor_decorator.py
[2024-08-20T06:00:37.811+0000] {logging_mixin.py:154} INFO - [2024-08-20T06:00:37.811+0000] {dag.py:2941} INFO - Sync 1 DAGs
[2024-08-20T06:00:37.824+0000] {logging_mixin.py:154} INFO - [2024-08-20T06:00:37.824+0000] {dag.py:3722} INFO - Setting next_dagrun for example_sensor_decorator to None, run_after=None
[2024-08-20T06:00:37.842+0000] {processor.py:179} INFO - Processing /home/airflow/.local/lib/python3.8/site-packages/airflow/example_dags/example_sensor_decorator.py took 0.059 seconds
[2024-08-20T06:01:08.175+0000] {processor.py:157} INFO - Started process (PID=211) to work on /home/airflow/.local/lib/python3.8/site-packages/airflow/example_dags/example_sensor_decorator.py
[2024-08-20T06:01:08.176+0000] {processor.py:829} INFO - Processing file /home/airflow/.local/lib/python3.8/site-packages/airflow/example_dags/example_sensor_decorator.py for tasks to queue
[2024-08-20T06:01:08.178+0000] {logging_mixin.py:154} INFO - [2024-08-20T06:01:08.178+0000] {dagbag.py:536} INFO - Filling up the DagBag from /home/airflow/.local/lib/python3.8/site-packages/airflow/example_dags/example_sensor_decorator.py
[2024-08-20T06:01:08.184+0000] {processor.py:839} INFO - DAG(s) dict_keys(['example_sensor_decorator']) retrieved from /home/airflow/.local/lib/python3.8/site-packages/airflow/example_dags/example_sensor_decorator.py
[2024-08-20T06:01:08.201+0000] {logging_mixin.py:154} INFO - [2024-08-20T06:01:08.201+0000] {dag.py:2941} INFO - Sync 1 DAGs
[2024-08-20T06:01:08.213+0000] {logging_mixin.py:154} INFO - [2024-08-20T06:01:08.213+0000] {dag.py:3722} INFO - Setting next_dagrun for example_sensor_decorator to None, run_after=None
[2024-08-20T06:01:08.232+0000] {processor.py:179} INFO - Processing /home/airflow/.local/lib/python3.8/site-packages/airflow/example_dags/example_sensor_decorator.py took 0.060 seconds
[2024-08-20T22:32:28.185+0000] {processor.py:157} INFO - Started process (PID=75) to work on /home/airflow/.local/lib/python3.8/site-packages/airflow/example_dags/example_sensor_decorator.py
[2024-08-20T22:32:28.187+0000] {processor.py:829} INFO - Processing file /home/airflow/.local/lib/python3.8/site-packages/airflow/example_dags/example_sensor_decorator.py for tasks to queue
[2024-08-20T22:32:28.190+0000] {logging_mixin.py:154} INFO - [2024-08-20T22:32:28.189+0000] {dagbag.py:536} INFO - Filling up the DagBag from /home/airflow/.local/lib/python3.8/site-packages/airflow/example_dags/example_sensor_decorator.py
[2024-08-20T22:32:28.197+0000] {processor.py:839} INFO - DAG(s) dict_keys(['example_sensor_decorator']) retrieved from /home/airflow/.local/lib/python3.8/site-packages/airflow/example_dags/example_sensor_decorator.py
[2024-08-20T22:32:28.226+0000] {logging_mixin.py:154} INFO - [2024-08-20T22:32:28.226+0000] {dag.py:2941} INFO - Sync 1 DAGs
[2024-08-20T22:32:28.244+0000] {logging_mixin.py:154} INFO - [2024-08-20T22:32:28.243+0000] {dag.py:3722} INFO - Setting next_dagrun for example_sensor_decorator to None, run_after=None
[2024-08-20T22:32:28.269+0000] {processor.py:179} INFO - Processing /home/airflow/.local/lib/python3.8/site-packages/airflow/example_dags/example_sensor_decorator.py took 0.088 seconds
