[2024-08-20T06:00:07.300+0000] {processor.py:157} INFO - Started process (PID=75) to work on /home/airflow/.local/lib/python3.8/site-packages/airflow/example_dags/example_dag_decorator.py
[2024-08-20T06:00:07.301+0000] {processor.py:829} INFO - Processing file /home/airflow/.local/lib/python3.8/site-packages/airflow/example_dags/example_dag_decorator.py for tasks to queue
[2024-08-20T06:00:07.303+0000] {logging_mixin.py:154} INFO - [2024-08-20T06:00:07.303+0000] {dagbag.py:536} INFO - Filling up the DagBag from /home/airflow/.local/lib/python3.8/site-packages/airflow/example_dags/example_dag_decorator.py
[2024-08-20T06:00:07.401+0000] {processor.py:839} INFO - DAG(s) dict_keys(['example_dag_decorator']) retrieved from /home/airflow/.local/lib/python3.8/site-packages/airflow/example_dags/example_dag_decorator.py
[2024-08-20T06:00:07.523+0000] {logging_mixin.py:154} INFO - [2024-08-20T06:00:07.523+0000] {dag.py:2941} INFO - Sync 1 DAGs
[2024-08-20T06:00:07.533+0000] {logging_mixin.py:154} INFO - [2024-08-20T06:00:07.533+0000] {dag.py:3722} INFO - Setting next_dagrun for example_dag_decorator to None, run_after=None
[2024-08-20T06:00:07.551+0000] {processor.py:179} INFO - Processing /home/airflow/.local/lib/python3.8/site-packages/airflow/example_dags/example_dag_decorator.py took 0.253 seconds
[2024-08-20T06:00:38.109+0000] {processor.py:157} INFO - Started process (PID=149) to work on /home/airflow/.local/lib/python3.8/site-packages/airflow/example_dags/example_dag_decorator.py
[2024-08-20T06:00:38.110+0000] {processor.py:829} INFO - Processing file /home/airflow/.local/lib/python3.8/site-packages/airflow/example_dags/example_dag_decorator.py for tasks to queue
[2024-08-20T06:00:38.112+0000] {logging_mixin.py:154} INFO - [2024-08-20T06:00:38.111+0000] {dagbag.py:536} INFO - Filling up the DagBag from /home/airflow/.local/lib/python3.8/site-packages/airflow/example_dags/example_dag_decorator.py
[2024-08-20T06:00:38.176+0000] {processor.py:839} INFO - DAG(s) dict_keys(['example_dag_decorator']) retrieved from /home/airflow/.local/lib/python3.8/site-packages/airflow/example_dags/example_dag_decorator.py
[2024-08-20T06:00:38.271+0000] {logging_mixin.py:154} INFO - [2024-08-20T06:00:38.270+0000] {dag.py:2941} INFO - Sync 1 DAGs
[2024-08-20T06:00:38.281+0000] {logging_mixin.py:154} INFO - [2024-08-20T06:00:38.281+0000] {dag.py:3722} INFO - Setting next_dagrun for example_dag_decorator to None, run_after=None
[2024-08-20T06:00:38.314+0000] {processor.py:179} INFO - Processing /home/airflow/.local/lib/python3.8/site-packages/airflow/example_dags/example_dag_decorator.py took 0.208 seconds
[2024-08-20T06:01:08.400+0000] {processor.py:157} INFO - Started process (PID=215) to work on /home/airflow/.local/lib/python3.8/site-packages/airflow/example_dags/example_dag_decorator.py
[2024-08-20T06:01:08.401+0000] {processor.py:829} INFO - Processing file /home/airflow/.local/lib/python3.8/site-packages/airflow/example_dags/example_dag_decorator.py for tasks to queue
[2024-08-20T06:01:08.403+0000] {logging_mixin.py:154} INFO - [2024-08-20T06:01:08.403+0000] {dagbag.py:536} INFO - Filling up the DagBag from /home/airflow/.local/lib/python3.8/site-packages/airflow/example_dags/example_dag_decorator.py
[2024-08-20T06:01:08.467+0000] {processor.py:839} INFO - DAG(s) dict_keys(['example_dag_decorator']) retrieved from /home/airflow/.local/lib/python3.8/site-packages/airflow/example_dags/example_dag_decorator.py
[2024-08-20T06:01:08.556+0000] {logging_mixin.py:154} INFO - [2024-08-20T06:01:08.556+0000] {dag.py:2941} INFO - Sync 1 DAGs
[2024-08-20T06:01:08.567+0000] {logging_mixin.py:154} INFO - [2024-08-20T06:01:08.567+0000] {dag.py:3722} INFO - Setting next_dagrun for example_dag_decorator to None, run_after=None
[2024-08-20T06:01:08.584+0000] {processor.py:179} INFO - Processing /home/airflow/.local/lib/python3.8/site-packages/airflow/example_dags/example_dag_decorator.py took 0.187 seconds
[2024-08-20T22:32:28.521+0000] {processor.py:157} INFO - Started process (PID=79) to work on /home/airflow/.local/lib/python3.8/site-packages/airflow/example_dags/example_dag_decorator.py
[2024-08-20T22:32:28.523+0000] {processor.py:829} INFO - Processing file /home/airflow/.local/lib/python3.8/site-packages/airflow/example_dags/example_dag_decorator.py for tasks to queue
[2024-08-20T22:32:28.528+0000] {logging_mixin.py:154} INFO - [2024-08-20T22:32:28.528+0000] {dagbag.py:536} INFO - Filling up the DagBag from /home/airflow/.local/lib/python3.8/site-packages/airflow/example_dags/example_dag_decorator.py
[2024-08-20T22:32:28.659+0000] {processor.py:839} INFO - DAG(s) dict_keys(['example_dag_decorator']) retrieved from /home/airflow/.local/lib/python3.8/site-packages/airflow/example_dags/example_dag_decorator.py
[2024-08-20T22:32:28.811+0000] {logging_mixin.py:154} INFO - [2024-08-20T22:32:28.811+0000] {dag.py:2941} INFO - Sync 1 DAGs
[2024-08-20T22:32:28.826+0000] {logging_mixin.py:154} INFO - [2024-08-20T22:32:28.826+0000] {dag.py:3722} INFO - Setting next_dagrun for example_dag_decorator to None, run_after=None
[2024-08-20T22:32:28.855+0000] {processor.py:179} INFO - Processing /home/airflow/.local/lib/python3.8/site-packages/airflow/example_dags/example_dag_decorator.py took 0.337 seconds
