[2024-08-20T06:00:07.970+0000] {processor.py:157} INFO - Started process (PID=82) to work on /home/airflow/.local/lib/python3.8/site-packages/airflow/example_dags/tutorial.py
[2024-08-20T06:00:07.971+0000] {processor.py:829} INFO - Processing file /home/airflow/.local/lib/python3.8/site-packages/airflow/example_dags/tutorial.py for tasks to queue
[2024-08-20T06:00:07.973+0000] {logging_mixin.py:154} INFO - [2024-08-20T06:00:07.973+0000] {dagbag.py:536} INFO - Filling up the DagBag from /home/airflow/.local/lib/python3.8/site-packages/airflow/example_dags/tutorial.py
[2024-08-20T06:00:07.980+0000] {processor.py:839} INFO - DAG(s) dict_keys(['tutorial']) retrieved from /home/airflow/.local/lib/python3.8/site-packages/airflow/example_dags/tutorial.py
[2024-08-20T06:00:08.004+0000] {logging_mixin.py:154} INFO - [2024-08-20T06:00:08.003+0000] {dag.py:2941} INFO - Sync 1 DAGs
[2024-08-20T06:00:08.027+0000] {logging_mixin.py:154} INFO - [2024-08-20T06:00:08.027+0000] {dag.py:3722} INFO - Setting next_dagrun for tutorial to 2024-08-19T06:00:08.027323+00:00, run_after=2024-08-20T06:00:08.027323+00:00
[2024-08-20T06:00:08.049+0000] {processor.py:179} INFO - Processing /home/airflow/.local/lib/python3.8/site-packages/airflow/example_dags/tutorial.py took 0.083 seconds
[2024-08-20T06:00:38.637+0000] {processor.py:157} INFO - Started process (PID=156) to work on /home/airflow/.local/lib/python3.8/site-packages/airflow/example_dags/tutorial.py
[2024-08-20T06:00:38.638+0000] {processor.py:829} INFO - Processing file /home/airflow/.local/lib/python3.8/site-packages/airflow/example_dags/tutorial.py for tasks to queue
[2024-08-20T06:00:38.640+0000] {logging_mixin.py:154} INFO - [2024-08-20T06:00:38.640+0000] {dagbag.py:536} INFO - Filling up the DagBag from /home/airflow/.local/lib/python3.8/site-packages/airflow/example_dags/tutorial.py
[2024-08-20T06:00:38.645+0000] {processor.py:839} INFO - DAG(s) dict_keys(['tutorial']) retrieved from /home/airflow/.local/lib/python3.8/site-packages/airflow/example_dags/tutorial.py
[2024-08-20T06:00:38.665+0000] {logging_mixin.py:154} INFO - [2024-08-20T06:00:38.665+0000] {dag.py:2941} INFO - Sync 1 DAGs
[2024-08-20T06:00:38.687+0000] {logging_mixin.py:154} INFO - [2024-08-20T06:00:38.687+0000] {dag.py:3722} INFO - Setting next_dagrun for tutorial to 2024-08-19T06:00:38.687097+00:00, run_after=2024-08-20T06:00:38.687097+00:00
[2024-08-20T06:00:38.708+0000] {processor.py:179} INFO - Processing /home/airflow/.local/lib/python3.8/site-packages/airflow/example_dags/tutorial.py took 0.075 seconds
[2024-08-20T06:01:08.779+0000] {processor.py:157} INFO - Started process (PID=222) to work on /home/airflow/.local/lib/python3.8/site-packages/airflow/example_dags/tutorial.py
[2024-08-20T06:01:08.780+0000] {processor.py:829} INFO - Processing file /home/airflow/.local/lib/python3.8/site-packages/airflow/example_dags/tutorial.py for tasks to queue
[2024-08-20T06:01:08.782+0000] {logging_mixin.py:154} INFO - [2024-08-20T06:01:08.782+0000] {dagbag.py:536} INFO - Filling up the DagBag from /home/airflow/.local/lib/python3.8/site-packages/airflow/example_dags/tutorial.py
[2024-08-20T06:01:08.788+0000] {processor.py:839} INFO - DAG(s) dict_keys(['tutorial']) retrieved from /home/airflow/.local/lib/python3.8/site-packages/airflow/example_dags/tutorial.py
[2024-08-20T06:01:08.809+0000] {logging_mixin.py:154} INFO - [2024-08-20T06:01:08.809+0000] {dag.py:2941} INFO - Sync 1 DAGs
[2024-08-20T06:01:08.835+0000] {logging_mixin.py:154} INFO - [2024-08-20T06:01:08.834+0000] {dag.py:3722} INFO - Setting next_dagrun for tutorial to 2024-08-19T06:01:08.834689+00:00, run_after=2024-08-20T06:01:08.834689+00:00
[2024-08-20T06:01:08.853+0000] {processor.py:179} INFO - Processing /home/airflow/.local/lib/python3.8/site-packages/airflow/example_dags/tutorial.py took 0.077 seconds
[2024-08-20T22:32:29.146+0000] {processor.py:157} INFO - Started process (PID=86) to work on /home/airflow/.local/lib/python3.8/site-packages/airflow/example_dags/tutorial.py
[2024-08-20T22:32:29.147+0000] {processor.py:829} INFO - Processing file /home/airflow/.local/lib/python3.8/site-packages/airflow/example_dags/tutorial.py for tasks to queue
[2024-08-20T22:32:29.150+0000] {logging_mixin.py:154} INFO - [2024-08-20T22:32:29.149+0000] {dagbag.py:536} INFO - Filling up the DagBag from /home/airflow/.local/lib/python3.8/site-packages/airflow/example_dags/tutorial.py
[2024-08-20T22:32:29.156+0000] {processor.py:839} INFO - DAG(s) dict_keys(['tutorial']) retrieved from /home/airflow/.local/lib/python3.8/site-packages/airflow/example_dags/tutorial.py
[2024-08-20T22:32:29.183+0000] {logging_mixin.py:154} INFO - [2024-08-20T22:32:29.183+0000] {dag.py:2941} INFO - Sync 1 DAGs
[2024-08-20T22:32:29.213+0000] {logging_mixin.py:154} INFO - [2024-08-20T22:32:29.212+0000] {dag.py:3722} INFO - Setting next_dagrun for tutorial to 2024-08-19T22:32:29.212403+00:00, run_after=2024-08-20T22:32:29.212403+00:00
[2024-08-20T22:32:29.244+0000] {processor.py:179} INFO - Processing /home/airflow/.local/lib/python3.8/site-packages/airflow/example_dags/tutorial.py took 0.103 seconds
