[2024-08-20T06:00:06.441+0000] {processor.py:157} INFO - Started process (PID=63) to work on /home/airflow/.local/lib/python3.8/site-packages/airflow/example_dags/tutorial_taskflow_api.py
[2024-08-20T06:00:06.442+0000] {processor.py:829} INFO - Processing file /home/airflow/.local/lib/python3.8/site-packages/airflow/example_dags/tutorial_taskflow_api.py for tasks to queue
[2024-08-20T06:00:06.444+0000] {logging_mixin.py:154} INFO - [2024-08-20T06:00:06.444+0000] {dagbag.py:536} INFO - Filling up the DagBag from /home/airflow/.local/lib/python3.8/site-packages/airflow/example_dags/tutorial_taskflow_api.py
[2024-08-20T06:00:06.453+0000] {processor.py:839} INFO - DAG(s) dict_keys(['tutorial_taskflow_api']) retrieved from /home/airflow/.local/lib/python3.8/site-packages/airflow/example_dags/tutorial_taskflow_api.py
[2024-08-20T06:00:06.474+0000] {logging_mixin.py:154} INFO - [2024-08-20T06:00:06.474+0000] {dag.py:2941} INFO - Sync 1 DAGs
[2024-08-20T06:00:06.488+0000] {logging_mixin.py:154} INFO - [2024-08-20T06:00:06.487+0000] {dag.py:3722} INFO - Setting next_dagrun for tutorial_taskflow_api to None, run_after=None
[2024-08-20T06:00:06.508+0000] {processor.py:179} INFO - Processing /home/airflow/.local/lib/python3.8/site-packages/airflow/example_dags/tutorial_taskflow_api.py took 0.070 seconds
[2024-08-20T06:00:37.425+0000] {processor.py:157} INFO - Started process (PID=137) to work on /home/airflow/.local/lib/python3.8/site-packages/airflow/example_dags/tutorial_taskflow_api.py
[2024-08-20T06:00:37.426+0000] {processor.py:829} INFO - Processing file /home/airflow/.local/lib/python3.8/site-packages/airflow/example_dags/tutorial_taskflow_api.py for tasks to queue
[2024-08-20T06:00:37.428+0000] {logging_mixin.py:154} INFO - [2024-08-20T06:00:37.428+0000] {dagbag.py:536} INFO - Filling up the DagBag from /home/airflow/.local/lib/python3.8/site-packages/airflow/example_dags/tutorial_taskflow_api.py
[2024-08-20T06:00:37.433+0000] {processor.py:839} INFO - DAG(s) dict_keys(['tutorial_taskflow_api']) retrieved from /home/airflow/.local/lib/python3.8/site-packages/airflow/example_dags/tutorial_taskflow_api.py
[2024-08-20T06:00:37.450+0000] {logging_mixin.py:154} INFO - [2024-08-20T06:00:37.450+0000] {dag.py:2941} INFO - Sync 1 DAGs
[2024-08-20T06:00:37.462+0000] {logging_mixin.py:154} INFO - [2024-08-20T06:00:37.462+0000] {dag.py:3722} INFO - Setting next_dagrun for tutorial_taskflow_api to None, run_after=None
[2024-08-20T06:00:37.481+0000] {processor.py:179} INFO - Processing /home/airflow/.local/lib/python3.8/site-packages/airflow/example_dags/tutorial_taskflow_api.py took 0.059 seconds
[2024-08-20T06:01:07.640+0000] {processor.py:157} INFO - Started process (PID=203) to work on /home/airflow/.local/lib/python3.8/site-packages/airflow/example_dags/tutorial_taskflow_api.py
[2024-08-20T06:01:07.641+0000] {processor.py:829} INFO - Processing file /home/airflow/.local/lib/python3.8/site-packages/airflow/example_dags/tutorial_taskflow_api.py for tasks to queue
[2024-08-20T06:01:07.643+0000] {logging_mixin.py:154} INFO - [2024-08-20T06:01:07.643+0000] {dagbag.py:536} INFO - Filling up the DagBag from /home/airflow/.local/lib/python3.8/site-packages/airflow/example_dags/tutorial_taskflow_api.py
[2024-08-20T06:01:07.650+0000] {processor.py:839} INFO - DAG(s) dict_keys(['tutorial_taskflow_api']) retrieved from /home/airflow/.local/lib/python3.8/site-packages/airflow/example_dags/tutorial_taskflow_api.py
[2024-08-20T06:01:07.668+0000] {logging_mixin.py:154} INFO - [2024-08-20T06:01:07.668+0000] {dag.py:2941} INFO - Sync 1 DAGs
[2024-08-20T06:01:07.679+0000] {logging_mixin.py:154} INFO - [2024-08-20T06:01:07.679+0000] {dag.py:3722} INFO - Setting next_dagrun for tutorial_taskflow_api to None, run_after=None
[2024-08-20T06:01:07.698+0000] {processor.py:179} INFO - Processing /home/airflow/.local/lib/python3.8/site-packages/airflow/example_dags/tutorial_taskflow_api.py took 0.060 seconds
[2024-08-20T22:32:27.421+0000] {processor.py:157} INFO - Started process (PID=67) to work on /home/airflow/.local/lib/python3.8/site-packages/airflow/example_dags/tutorial_taskflow_api.py
[2024-08-20T22:32:27.422+0000] {processor.py:829} INFO - Processing file /home/airflow/.local/lib/python3.8/site-packages/airflow/example_dags/tutorial_taskflow_api.py for tasks to queue
[2024-08-20T22:32:27.426+0000] {logging_mixin.py:154} INFO - [2024-08-20T22:32:27.425+0000] {dagbag.py:536} INFO - Filling up the DagBag from /home/airflow/.local/lib/python3.8/site-packages/airflow/example_dags/tutorial_taskflow_api.py
[2024-08-20T22:32:27.437+0000] {processor.py:839} INFO - DAG(s) dict_keys(['tutorial_taskflow_api']) retrieved from /home/airflow/.local/lib/python3.8/site-packages/airflow/example_dags/tutorial_taskflow_api.py
[2024-08-20T22:32:27.468+0000] {logging_mixin.py:154} INFO - [2024-08-20T22:32:27.468+0000] {dag.py:2941} INFO - Sync 1 DAGs
[2024-08-20T22:32:27.485+0000] {logging_mixin.py:154} INFO - [2024-08-20T22:32:27.485+0000] {dag.py:3722} INFO - Setting next_dagrun for tutorial_taskflow_api to None, run_after=None
[2024-08-20T22:32:27.511+0000] {processor.py:179} INFO - Processing /home/airflow/.local/lib/python3.8/site-packages/airflow/example_dags/tutorial_taskflow_api.py took 0.094 seconds
