[2024-07-31T08:52:51.813+0000] {processor.py:154} INFO - Started process (PID=53) to work on /home/airflow/.local/lib/python3.7/site-packages/airflow/example_dags/example_task_group.py
[2024-07-31T08:52:51.815+0000] {processor.py:756} INFO - Processing file /home/airflow/.local/lib/python3.7/site-packages/airflow/example_dags/example_task_group.py for tasks to queue
[2024-07-31T08:52:51.816+0000] {logging_mixin.py:120} INFO - [2024-07-31T08:52:51.816+0000] {dagbag.py:537} INFO - Filling up the DagBag from /home/airflow/.local/lib/python3.7/site-packages/airflow/example_dags/example_task_group.py
[2024-07-31T08:52:51.845+0000] {processor.py:766} INFO - DAG(s) dict_keys(['example_task_group']) retrieved from /home/airflow/.local/lib/python3.7/site-packages/airflow/example_dags/example_task_group.py
[2024-07-31T08:52:52.057+0000] {logging_mixin.py:120} INFO - [2024-07-31T08:52:52.057+0000] {manager.py:507} INFO - Created Permission View: can read on DAG:example_task_group
[2024-07-31T08:52:52.087+0000] {logging_mixin.py:120} INFO - [2024-07-31T08:52:52.087+0000] {manager.py:507} INFO - Created Permission View: can edit on DAG:example_task_group
[2024-07-31T08:52:52.115+0000] {logging_mixin.py:120} INFO - [2024-07-31T08:52:52.115+0000] {manager.py:507} INFO - Created Permission View: can delete on DAG:example_task_group
[2024-07-31T08:52:52.116+0000] {logging_mixin.py:120} INFO - [2024-07-31T08:52:52.116+0000] {dag.py:2585} INFO - Sync 1 DAGs
[2024-07-31T08:52:52.129+0000] {logging_mixin.py:120} INFO - [2024-07-31T08:52:52.129+0000] {dag.py:2606} INFO - Creating ORM DAG for example_task_group
[2024-07-31T08:52:52.139+0000] {logging_mixin.py:120} INFO - [2024-07-31T08:52:52.139+0000] {dag.py:3340} INFO - Setting next_dagrun for example_task_group to 2024-07-30T08:52:52.139352+00:00, run_after=2024-07-31T08:52:52.139352+00:00
[2024-07-31T08:52:52.180+0000] {processor.py:176} INFO - Processing /home/airflow/.local/lib/python3.7/site-packages/airflow/example_dags/example_task_group.py took 0.372 seconds
[2024-07-31T08:53:22.914+0000] {processor.py:154} INFO - Started process (PID=107) to work on /home/airflow/.local/lib/python3.7/site-packages/airflow/example_dags/example_task_group.py
[2024-07-31T08:53:22.915+0000] {processor.py:756} INFO - Processing file /home/airflow/.local/lib/python3.7/site-packages/airflow/example_dags/example_task_group.py for tasks to queue
[2024-07-31T08:53:22.916+0000] {logging_mixin.py:120} INFO - [2024-07-31T08:53:22.916+0000] {dagbag.py:537} INFO - Filling up the DagBag from /home/airflow/.local/lib/python3.7/site-packages/airflow/example_dags/example_task_group.py
[2024-07-31T08:53:22.932+0000] {processor.py:766} INFO - DAG(s) dict_keys(['example_task_group']) retrieved from /home/airflow/.local/lib/python3.7/site-packages/airflow/example_dags/example_task_group.py
[2024-07-31T08:53:22.969+0000] {logging_mixin.py:120} INFO - [2024-07-31T08:53:22.969+0000] {dag.py:2585} INFO - Sync 1 DAGs
[2024-07-31T08:53:22.991+0000] {logging_mixin.py:120} INFO - [2024-07-31T08:53:22.991+0000] {dag.py:3340} INFO - Setting next_dagrun for example_task_group to 2024-07-30T08:53:22.991580+00:00, run_after=2024-07-31T08:53:22.991580+00:00
[2024-07-31T08:53:23.149+0000] {processor.py:176} INFO - Processing /home/airflow/.local/lib/python3.7/site-packages/airflow/example_dags/example_task_group.py took 0.238 seconds
[2024-07-31T08:53:53.209+0000] {processor.py:154} INFO - Started process (PID=170) to work on /home/airflow/.local/lib/python3.7/site-packages/airflow/example_dags/example_task_group.py
[2024-07-31T08:53:53.210+0000] {processor.py:756} INFO - Processing file /home/airflow/.local/lib/python3.7/site-packages/airflow/example_dags/example_task_group.py for tasks to queue
[2024-07-31T08:53:53.211+0000] {logging_mixin.py:120} INFO - [2024-07-31T08:53:53.211+0000] {dagbag.py:537} INFO - Filling up the DagBag from /home/airflow/.local/lib/python3.7/site-packages/airflow/example_dags/example_task_group.py
[2024-07-31T08:53:53.241+0000] {processor.py:766} INFO - DAG(s) dict_keys(['example_task_group']) retrieved from /home/airflow/.local/lib/python3.7/site-packages/airflow/example_dags/example_task_group.py
[2024-07-31T08:53:53.304+0000] {logging_mixin.py:120} INFO - [2024-07-31T08:53:53.304+0000] {dag.py:2585} INFO - Sync 1 DAGs
[2024-07-31T08:53:53.330+0000] {logging_mixin.py:120} INFO - [2024-07-31T08:53:53.330+0000] {dag.py:3340} INFO - Setting next_dagrun for example_task_group to 2024-07-30T08:53:53.329767+00:00, run_after=2024-07-31T08:53:53.329767+00:00
[2024-07-31T08:53:53.353+0000] {processor.py:176} INFO - Processing /home/airflow/.local/lib/python3.7/site-packages/airflow/example_dags/example_task_group.py took 0.148 seconds
[2024-07-31T08:54:23.396+0000] {processor.py:154} INFO - Started process (PID=233) to work on /home/airflow/.local/lib/python3.7/site-packages/airflow/example_dags/example_task_group.py
[2024-07-31T08:54:23.397+0000] {processor.py:756} INFO - Processing file /home/airflow/.local/lib/python3.7/site-packages/airflow/example_dags/example_task_group.py for tasks to queue
[2024-07-31T08:54:23.398+0000] {logging_mixin.py:120} INFO - [2024-07-31T08:54:23.398+0000] {dagbag.py:537} INFO - Filling up the DagBag from /home/airflow/.local/lib/python3.7/site-packages/airflow/example_dags/example_task_group.py
[2024-07-31T08:54:23.412+0000] {processor.py:766} INFO - DAG(s) dict_keys(['example_task_group']) retrieved from /home/airflow/.local/lib/python3.7/site-packages/airflow/example_dags/example_task_group.py
[2024-07-31T08:54:23.448+0000] {logging_mixin.py:120} INFO - [2024-07-31T08:54:23.447+0000] {dag.py:2585} INFO - Sync 1 DAGs
[2024-07-31T08:54:23.469+0000] {logging_mixin.py:120} INFO - [2024-07-31T08:54:23.469+0000] {dag.py:3340} INFO - Setting next_dagrun for example_task_group to 2024-07-30T08:54:23.469206+00:00, run_after=2024-07-31T08:54:23.469206+00:00
[2024-07-31T08:54:23.498+0000] {processor.py:176} INFO - Processing /home/airflow/.local/lib/python3.7/site-packages/airflow/example_dags/example_task_group.py took 0.104 seconds
[2024-07-31T08:54:53.899+0000] {processor.py:154} INFO - Started process (PID=287) to work on /home/airflow/.local/lib/python3.7/site-packages/airflow/example_dags/example_task_group.py
[2024-07-31T08:54:53.900+0000] {processor.py:756} INFO - Processing file /home/airflow/.local/lib/python3.7/site-packages/airflow/example_dags/example_task_group.py for tasks to queue
[2024-07-31T08:54:53.902+0000] {logging_mixin.py:120} INFO - [2024-07-31T08:54:53.902+0000] {dagbag.py:537} INFO - Filling up the DagBag from /home/airflow/.local/lib/python3.7/site-packages/airflow/example_dags/example_task_group.py
[2024-07-31T08:54:53.925+0000] {processor.py:766} INFO - DAG(s) dict_keys(['example_task_group']) retrieved from /home/airflow/.local/lib/python3.7/site-packages/airflow/example_dags/example_task_group.py
[2024-07-31T08:54:53.963+0000] {logging_mixin.py:120} INFO - [2024-07-31T08:54:53.963+0000] {dag.py:2585} INFO - Sync 1 DAGs
[2024-07-31T08:54:53.986+0000] {logging_mixin.py:120} INFO - [2024-07-31T08:54:53.986+0000] {dag.py:3340} INFO - Setting next_dagrun for example_task_group to 2024-07-30T08:54:53.985799+00:00, run_after=2024-07-31T08:54:53.985799+00:00
[2024-07-31T08:54:54.004+0000] {processor.py:176} INFO - Processing /home/airflow/.local/lib/python3.7/site-packages/airflow/example_dags/example_task_group.py took 0.111 seconds
[2024-07-31T08:55:24.151+0000] {processor.py:154} INFO - Started process (PID=350) to work on /home/airflow/.local/lib/python3.7/site-packages/airflow/example_dags/example_task_group.py
[2024-07-31T08:55:24.152+0000] {processor.py:756} INFO - Processing file /home/airflow/.local/lib/python3.7/site-packages/airflow/example_dags/example_task_group.py for tasks to queue
[2024-07-31T08:55:24.152+0000] {logging_mixin.py:120} INFO - [2024-07-31T08:55:24.152+0000] {dagbag.py:537} INFO - Filling up the DagBag from /home/airflow/.local/lib/python3.7/site-packages/airflow/example_dags/example_task_group.py
[2024-07-31T08:55:24.166+0000] {processor.py:766} INFO - DAG(s) dict_keys(['example_task_group']) retrieved from /home/airflow/.local/lib/python3.7/site-packages/airflow/example_dags/example_task_group.py
[2024-07-31T08:55:24.203+0000] {logging_mixin.py:120} INFO - [2024-07-31T08:55:24.203+0000] {dag.py:2585} INFO - Sync 1 DAGs
[2024-07-31T08:55:24.226+0000] {logging_mixin.py:120} INFO - [2024-07-31T08:55:24.226+0000] {dag.py:3340} INFO - Setting next_dagrun for example_task_group to 2024-07-30T08:55:24.225987+00:00, run_after=2024-07-31T08:55:24.225987+00:00
[2024-07-31T08:55:24.245+0000] {processor.py:176} INFO - Processing /home/airflow/.local/lib/python3.7/site-packages/airflow/example_dags/example_task_group.py took 0.097 seconds
[2024-07-31T08:55:54.346+0000] {processor.py:154} INFO - Started process (PID=413) to work on /home/airflow/.local/lib/python3.7/site-packages/airflow/example_dags/example_task_group.py
[2024-07-31T08:55:54.347+0000] {processor.py:756} INFO - Processing file /home/airflow/.local/lib/python3.7/site-packages/airflow/example_dags/example_task_group.py for tasks to queue
[2024-07-31T08:55:54.348+0000] {logging_mixin.py:120} INFO - [2024-07-31T08:55:54.348+0000] {dagbag.py:537} INFO - Filling up the DagBag from /home/airflow/.local/lib/python3.7/site-packages/airflow/example_dags/example_task_group.py
[2024-07-31T08:55:54.362+0000] {processor.py:766} INFO - DAG(s) dict_keys(['example_task_group']) retrieved from /home/airflow/.local/lib/python3.7/site-packages/airflow/example_dags/example_task_group.py
[2024-07-31T08:55:54.400+0000] {logging_mixin.py:120} INFO - [2024-07-31T08:55:54.400+0000] {dag.py:2585} INFO - Sync 1 DAGs
[2024-07-31T08:55:54.424+0000] {logging_mixin.py:120} INFO - [2024-07-31T08:55:54.424+0000] {dag.py:3340} INFO - Setting next_dagrun for example_task_group to 2024-07-30T08:55:54.423881+00:00, run_after=2024-07-31T08:55:54.423881+00:00
[2024-07-31T08:55:54.442+0000] {processor.py:176} INFO - Processing /home/airflow/.local/lib/python3.7/site-packages/airflow/example_dags/example_task_group.py took 0.098 seconds
[2024-07-31T08:57:08.803+0000] {processor.py:154} INFO - Started process (PID=52) to work on /home/airflow/.local/lib/python3.7/site-packages/airflow/example_dags/example_task_group.py
[2024-07-31T08:57:08.805+0000] {processor.py:756} INFO - Processing file /home/airflow/.local/lib/python3.7/site-packages/airflow/example_dags/example_task_group.py for tasks to queue
[2024-07-31T08:57:08.806+0000] {logging_mixin.py:120} INFO - [2024-07-31T08:57:08.806+0000] {dagbag.py:537} INFO - Filling up the DagBag from /home/airflow/.local/lib/python3.7/site-packages/airflow/example_dags/example_task_group.py
[2024-07-31T08:57:08.831+0000] {processor.py:766} INFO - DAG(s) dict_keys(['example_task_group']) retrieved from /home/airflow/.local/lib/python3.7/site-packages/airflow/example_dags/example_task_group.py
[2024-07-31T08:57:08.864+0000] {logging_mixin.py:120} INFO - [2024-07-31T08:57:08.864+0000] {dag.py:2585} INFO - Sync 1 DAGs
[2024-07-31T08:57:08.895+0000] {logging_mixin.py:120} INFO - [2024-07-31T08:57:08.895+0000] {dag.py:3340} INFO - Setting next_dagrun for example_task_group to 2024-07-30T08:57:08.895236+00:00, run_after=2024-07-31T08:57:08.895236+00:00
[2024-07-31T08:57:08.919+0000] {processor.py:176} INFO - Processing /home/airflow/.local/lib/python3.7/site-packages/airflow/example_dags/example_task_group.py took 0.120 seconds
[2024-07-31T08:57:39.615+0000] {processor.py:154} INFO - Started process (PID=108) to work on /home/airflow/.local/lib/python3.7/site-packages/airflow/example_dags/example_task_group.py
[2024-07-31T08:57:39.616+0000] {processor.py:756} INFO - Processing file /home/airflow/.local/lib/python3.7/site-packages/airflow/example_dags/example_task_group.py for tasks to queue
[2024-07-31T08:57:39.616+0000] {logging_mixin.py:120} INFO - [2024-07-31T08:57:39.616+0000] {dagbag.py:537} INFO - Filling up the DagBag from /home/airflow/.local/lib/python3.7/site-packages/airflow/example_dags/example_task_group.py
[2024-07-31T08:57:39.633+0000] {processor.py:766} INFO - DAG(s) dict_keys(['example_task_group']) retrieved from /home/airflow/.local/lib/python3.7/site-packages/airflow/example_dags/example_task_group.py
[2024-07-31T08:57:39.675+0000] {logging_mixin.py:120} INFO - [2024-07-31T08:57:39.674+0000] {dag.py:2585} INFO - Sync 1 DAGs
[2024-07-31T08:57:39.701+0000] {logging_mixin.py:120} INFO - [2024-07-31T08:57:39.701+0000] {dag.py:3340} INFO - Setting next_dagrun for example_task_group to 2024-07-30T08:57:39.700771+00:00, run_after=2024-07-31T08:57:39.700771+00:00
[2024-07-31T08:57:39.724+0000] {processor.py:176} INFO - Processing /home/airflow/.local/lib/python3.7/site-packages/airflow/example_dags/example_task_group.py took 0.113 seconds
[2024-07-31T08:59:03.530+0000] {processor.py:154} INFO - Started process (PID=44) to work on /home/airflow/.local/lib/python3.7/site-packages/airflow/example_dags/example_task_group.py
[2024-07-31T08:59:03.531+0000] {processor.py:756} INFO - Processing file /home/airflow/.local/lib/python3.7/site-packages/airflow/example_dags/example_task_group.py for tasks to queue
[2024-07-31T08:59:03.532+0000] {logging_mixin.py:120} INFO - [2024-07-31T08:59:03.532+0000] {dagbag.py:537} INFO - Filling up the DagBag from /home/airflow/.local/lib/python3.7/site-packages/airflow/example_dags/example_task_group.py
[2024-07-31T08:59:03.548+0000] {processor.py:766} INFO - DAG(s) dict_keys(['example_task_group']) retrieved from /home/airflow/.local/lib/python3.7/site-packages/airflow/example_dags/example_task_group.py
[2024-07-31T08:59:03.571+0000] {logging_mixin.py:120} INFO - [2024-07-31T08:59:03.571+0000] {dag.py:2585} INFO - Sync 1 DAGs
[2024-07-31T08:59:03.596+0000] {logging_mixin.py:120} INFO - [2024-07-31T08:59:03.596+0000] {dag.py:3340} INFO - Setting next_dagrun for example_task_group to 2024-07-30T08:59:03.596339+00:00, run_after=2024-07-31T08:59:03.596339+00:00
[2024-07-31T08:59:03.621+0000] {processor.py:176} INFO - Processing /home/airflow/.local/lib/python3.7/site-packages/airflow/example_dags/example_task_group.py took 0.093 seconds
[2024-07-31T08:59:34.469+0000] {processor.py:154} INFO - Started process (PID=107) to work on /home/airflow/.local/lib/python3.7/site-packages/airflow/example_dags/example_task_group.py
[2024-07-31T08:59:34.469+0000] {processor.py:756} INFO - Processing file /home/airflow/.local/lib/python3.7/site-packages/airflow/example_dags/example_task_group.py for tasks to queue
[2024-07-31T08:59:34.470+0000] {logging_mixin.py:120} INFO - [2024-07-31T08:59:34.470+0000] {dagbag.py:537} INFO - Filling up the DagBag from /home/airflow/.local/lib/python3.7/site-packages/airflow/example_dags/example_task_group.py
[2024-07-31T08:59:34.486+0000] {processor.py:766} INFO - DAG(s) dict_keys(['example_task_group']) retrieved from /home/airflow/.local/lib/python3.7/site-packages/airflow/example_dags/example_task_group.py
[2024-07-31T08:59:34.520+0000] {logging_mixin.py:120} INFO - [2024-07-31T08:59:34.520+0000] {dag.py:2585} INFO - Sync 1 DAGs
[2024-07-31T08:59:34.541+0000] {logging_mixin.py:120} INFO - [2024-07-31T08:59:34.541+0000] {dag.py:3340} INFO - Setting next_dagrun for example_task_group to 2024-07-30T08:59:34.541362+00:00, run_after=2024-07-31T08:59:34.541362+00:00
[2024-07-31T08:59:34.560+0000] {processor.py:176} INFO - Processing /home/airflow/.local/lib/python3.7/site-packages/airflow/example_dags/example_task_group.py took 0.094 seconds
[2024-07-31T09:00:05.236+0000] {processor.py:154} INFO - Started process (PID=171) to work on /home/airflow/.local/lib/python3.7/site-packages/airflow/example_dags/example_task_group.py
[2024-07-31T09:00:05.236+0000] {processor.py:756} INFO - Processing file /home/airflow/.local/lib/python3.7/site-packages/airflow/example_dags/example_task_group.py for tasks to queue
[2024-07-31T09:00:05.237+0000] {logging_mixin.py:120} INFO - [2024-07-31T09:00:05.237+0000] {dagbag.py:537} INFO - Filling up the DagBag from /home/airflow/.local/lib/python3.7/site-packages/airflow/example_dags/example_task_group.py
[2024-07-31T09:00:05.251+0000] {processor.py:766} INFO - DAG(s) dict_keys(['example_task_group']) retrieved from /home/airflow/.local/lib/python3.7/site-packages/airflow/example_dags/example_task_group.py
[2024-07-31T09:00:05.286+0000] {logging_mixin.py:120} INFO - [2024-07-31T09:00:05.286+0000] {dag.py:2585} INFO - Sync 1 DAGs
[2024-07-31T09:00:05.308+0000] {logging_mixin.py:120} INFO - [2024-07-31T09:00:05.308+0000] {dag.py:3340} INFO - Setting next_dagrun for example_task_group to 2024-07-30T09:00:05.308347+00:00, run_after=2024-07-31T09:00:05.308347+00:00
[2024-07-31T09:00:05.326+0000] {processor.py:176} INFO - Processing /home/airflow/.local/lib/python3.7/site-packages/airflow/example_dags/example_task_group.py took 0.093 seconds
[2024-07-31T09:00:35.925+0000] {processor.py:154} INFO - Started process (PID=234) to work on /home/airflow/.local/lib/python3.7/site-packages/airflow/example_dags/example_task_group.py
[2024-07-31T09:00:35.926+0000] {processor.py:756} INFO - Processing file /home/airflow/.local/lib/python3.7/site-packages/airflow/example_dags/example_task_group.py for tasks to queue
[2024-07-31T09:00:35.927+0000] {logging_mixin.py:120} INFO - [2024-07-31T09:00:35.927+0000] {dagbag.py:537} INFO - Filling up the DagBag from /home/airflow/.local/lib/python3.7/site-packages/airflow/example_dags/example_task_group.py
[2024-07-31T09:00:35.949+0000] {processor.py:766} INFO - DAG(s) dict_keys(['example_task_group']) retrieved from /home/airflow/.local/lib/python3.7/site-packages/airflow/example_dags/example_task_group.py
[2024-07-31T09:00:35.987+0000] {logging_mixin.py:120} INFO - [2024-07-31T09:00:35.987+0000] {dag.py:2585} INFO - Sync 1 DAGs
[2024-07-31T09:00:36.010+0000] {logging_mixin.py:120} INFO - [2024-07-31T09:00:36.010+0000] {dag.py:3340} INFO - Setting next_dagrun for example_task_group to 2024-07-30T09:00:36.010478+00:00, run_after=2024-07-31T09:00:36.010478+00:00
[2024-07-31T09:00:36.030+0000] {processor.py:176} INFO - Processing /home/airflow/.local/lib/python3.7/site-packages/airflow/example_dags/example_task_group.py took 0.109 seconds
[2024-07-31T09:01:07.026+0000] {processor.py:154} INFO - Started process (PID=288) to work on /home/airflow/.local/lib/python3.7/site-packages/airflow/example_dags/example_task_group.py
[2024-07-31T09:01:07.027+0000] {processor.py:756} INFO - Processing file /home/airflow/.local/lib/python3.7/site-packages/airflow/example_dags/example_task_group.py for tasks to queue
[2024-07-31T09:01:07.027+0000] {logging_mixin.py:120} INFO - [2024-07-31T09:01:07.027+0000] {dagbag.py:537} INFO - Filling up the DagBag from /home/airflow/.local/lib/python3.7/site-packages/airflow/example_dags/example_task_group.py
[2024-07-31T09:01:07.046+0000] {processor.py:766} INFO - DAG(s) dict_keys(['example_task_group']) retrieved from /home/airflow/.local/lib/python3.7/site-packages/airflow/example_dags/example_task_group.py
[2024-07-31T09:01:07.092+0000] {logging_mixin.py:120} INFO - [2024-07-31T09:01:07.092+0000] {dag.py:2585} INFO - Sync 1 DAGs
[2024-07-31T09:01:07.116+0000] {logging_mixin.py:120} INFO - [2024-07-31T09:01:07.115+0000] {dag.py:3340} INFO - Setting next_dagrun for example_task_group to 2024-07-30T09:01:07.115769+00:00, run_after=2024-07-31T09:01:07.115769+00:00
[2024-07-31T09:01:07.135+0000] {processor.py:176} INFO - Processing /home/airflow/.local/lib/python3.7/site-packages/airflow/example_dags/example_task_group.py took 0.111 seconds
[2024-07-31T09:01:38.124+0000] {processor.py:154} INFO - Started process (PID=352) to work on /home/airflow/.local/lib/python3.7/site-packages/airflow/example_dags/example_task_group.py
[2024-07-31T09:01:38.125+0000] {processor.py:756} INFO - Processing file /home/airflow/.local/lib/python3.7/site-packages/airflow/example_dags/example_task_group.py for tasks to queue
[2024-07-31T09:01:38.126+0000] {logging_mixin.py:120} INFO - [2024-07-31T09:01:38.125+0000] {dagbag.py:537} INFO - Filling up the DagBag from /home/airflow/.local/lib/python3.7/site-packages/airflow/example_dags/example_task_group.py
[2024-07-31T09:01:38.142+0000] {processor.py:766} INFO - DAG(s) dict_keys(['example_task_group']) retrieved from /home/airflow/.local/lib/python3.7/site-packages/airflow/example_dags/example_task_group.py
[2024-07-31T09:01:38.182+0000] {logging_mixin.py:120} INFO - [2024-07-31T09:01:38.182+0000] {dag.py:2585} INFO - Sync 1 DAGs
[2024-07-31T09:01:38.208+0000] {logging_mixin.py:120} INFO - [2024-07-31T09:01:38.207+0000] {dag.py:3340} INFO - Setting next_dagrun for example_task_group to 2024-07-30T09:01:38.207476+00:00, run_after=2024-07-31T09:01:38.207476+00:00
[2024-07-31T09:01:38.233+0000] {processor.py:176} INFO - Processing /home/airflow/.local/lib/python3.7/site-packages/airflow/example_dags/example_task_group.py took 0.112 seconds
[2024-07-31T09:02:08.333+0000] {processor.py:154} INFO - Started process (PID=415) to work on /home/airflow/.local/lib/python3.7/site-packages/airflow/example_dags/example_task_group.py
[2024-07-31T09:02:08.334+0000] {processor.py:756} INFO - Processing file /home/airflow/.local/lib/python3.7/site-packages/airflow/example_dags/example_task_group.py for tasks to queue
[2024-07-31T09:02:08.335+0000] {logging_mixin.py:120} INFO - [2024-07-31T09:02:08.335+0000] {dagbag.py:537} INFO - Filling up the DagBag from /home/airflow/.local/lib/python3.7/site-packages/airflow/example_dags/example_task_group.py
[2024-07-31T09:02:08.350+0000] {processor.py:766} INFO - DAG(s) dict_keys(['example_task_group']) retrieved from /home/airflow/.local/lib/python3.7/site-packages/airflow/example_dags/example_task_group.py
[2024-07-31T09:02:08.387+0000] {logging_mixin.py:120} INFO - [2024-07-31T09:02:08.387+0000] {dag.py:2585} INFO - Sync 1 DAGs
[2024-07-31T09:02:08.440+0000] {logging_mixin.py:120} INFO - [2024-07-31T09:02:08.440+0000] {dag.py:3340} INFO - Setting next_dagrun for example_task_group to 2024-07-30T09:02:08.439969+00:00, run_after=2024-07-31T09:02:08.439969+00:00
[2024-07-31T09:02:08.490+0000] {processor.py:176} INFO - Processing /home/airflow/.local/lib/python3.7/site-packages/airflow/example_dags/example_task_group.py took 0.160 seconds
[2024-07-31T09:02:39.110+0000] {processor.py:154} INFO - Started process (PID=478) to work on /home/airflow/.local/lib/python3.7/site-packages/airflow/example_dags/example_task_group.py
[2024-07-31T09:02:39.110+0000] {processor.py:756} INFO - Processing file /home/airflow/.local/lib/python3.7/site-packages/airflow/example_dags/example_task_group.py for tasks to queue
[2024-07-31T09:02:39.111+0000] {logging_mixin.py:120} INFO - [2024-07-31T09:02:39.111+0000] {dagbag.py:537} INFO - Filling up the DagBag from /home/airflow/.local/lib/python3.7/site-packages/airflow/example_dags/example_task_group.py
[2024-07-31T09:02:39.126+0000] {processor.py:766} INFO - DAG(s) dict_keys(['example_task_group']) retrieved from /home/airflow/.local/lib/python3.7/site-packages/airflow/example_dags/example_task_group.py
[2024-07-31T09:02:39.162+0000] {logging_mixin.py:120} INFO - [2024-07-31T09:02:39.162+0000] {dag.py:2585} INFO - Sync 1 DAGs
[2024-07-31T09:02:39.184+0000] {logging_mixin.py:120} INFO - [2024-07-31T09:02:39.184+0000] {dag.py:3340} INFO - Setting next_dagrun for example_task_group to 2024-07-30T09:02:39.184546+00:00, run_after=2024-07-31T09:02:39.184546+00:00
[2024-07-31T09:02:39.202+0000] {processor.py:176} INFO - Processing /home/airflow/.local/lib/python3.7/site-packages/airflow/example_dags/example_task_group.py took 0.095 seconds
[2024-07-31T09:03:09.668+0000] {processor.py:154} INFO - Started process (PID=532) to work on /home/airflow/.local/lib/python3.7/site-packages/airflow/example_dags/example_task_group.py
[2024-07-31T09:03:09.670+0000] {processor.py:756} INFO - Processing file /home/airflow/.local/lib/python3.7/site-packages/airflow/example_dags/example_task_group.py for tasks to queue
[2024-07-31T09:03:09.671+0000] {logging_mixin.py:120} INFO - [2024-07-31T09:03:09.670+0000] {dagbag.py:537} INFO - Filling up the DagBag from /home/airflow/.local/lib/python3.7/site-packages/airflow/example_dags/example_task_group.py
[2024-07-31T09:03:09.691+0000] {processor.py:766} INFO - DAG(s) dict_keys(['example_task_group']) retrieved from /home/airflow/.local/lib/python3.7/site-packages/airflow/example_dags/example_task_group.py
[2024-07-31T09:03:09.741+0000] {logging_mixin.py:120} INFO - [2024-07-31T09:03:09.740+0000] {dag.py:2585} INFO - Sync 1 DAGs
[2024-07-31T09:03:09.773+0000] {logging_mixin.py:120} INFO - [2024-07-31T09:03:09.773+0000] {dag.py:3340} INFO - Setting next_dagrun for example_task_group to 2024-07-30T09:03:09.772883+00:00, run_after=2024-07-31T09:03:09.772883+00:00
[2024-07-31T09:03:09.801+0000] {processor.py:176} INFO - Processing /home/airflow/.local/lib/python3.7/site-packages/airflow/example_dags/example_task_group.py took 0.136 seconds
