[2024-07-31T08:52:54.145+0000] {processor.py:154} INFO - Started process (PID=64) to work on /home/airflow/.local/lib/python3.7/site-packages/airflow/example_dags/example_time_delta_sensor_async.py
[2024-07-31T08:52:54.146+0000] {processor.py:756} INFO - Processing file /home/airflow/.local/lib/python3.7/site-packages/airflow/example_dags/example_time_delta_sensor_async.py for tasks to queue
[2024-07-31T08:52:54.147+0000] {logging_mixin.py:120} INFO - [2024-07-31T08:52:54.147+0000] {dagbag.py:537} INFO - Filling up the DagBag from /home/airflow/.local/lib/python3.7/site-packages/airflow/example_dags/example_time_delta_sensor_async.py
[2024-07-31T08:52:54.160+0000] {processor.py:766} INFO - DAG(s) dict_keys(['example_time_delta_sensor_async']) retrieved from /home/airflow/.local/lib/python3.7/site-packages/airflow/example_dags/example_time_delta_sensor_async.py
[2024-07-31T08:52:54.559+0000] {logging_mixin.py:120} INFO - [2024-07-31T08:52:54.558+0000] {manager.py:507} INFO - Created Permission View: can read on DAG:example_time_delta_sensor_async
[2024-07-31T08:52:54.618+0000] {logging_mixin.py:120} INFO - [2024-07-31T08:52:54.618+0000] {manager.py:507} INFO - Created Permission View: can edit on DAG:example_time_delta_sensor_async
[2024-07-31T08:52:54.648+0000] {logging_mixin.py:120} INFO - [2024-07-31T08:52:54.648+0000] {manager.py:507} INFO - Created Permission View: can delete on DAG:example_time_delta_sensor_async
[2024-07-31T08:52:54.649+0000] {logging_mixin.py:120} INFO - [2024-07-31T08:52:54.649+0000] {dag.py:2585} INFO - Sync 1 DAGs
[2024-07-31T08:52:54.661+0000] {logging_mixin.py:120} INFO - [2024-07-31T08:52:54.660+0000] {dag.py:2606} INFO - Creating ORM DAG for example_time_delta_sensor_async
[2024-07-31T08:52:54.674+0000] {logging_mixin.py:120} INFO - [2024-07-31T08:52:54.674+0000] {dag.py:3340} INFO - Setting next_dagrun for example_time_delta_sensor_async to None, run_after=None
[2024-07-31T08:52:54.710+0000] {processor.py:176} INFO - Processing /home/airflow/.local/lib/python3.7/site-packages/airflow/example_dags/example_time_delta_sensor_async.py took 0.567 seconds
[2024-07-31T08:53:24.963+0000] {processor.py:154} INFO - Started process (PID=127) to work on /home/airflow/.local/lib/python3.7/site-packages/airflow/example_dags/example_time_delta_sensor_async.py
[2024-07-31T08:53:24.964+0000] {processor.py:756} INFO - Processing file /home/airflow/.local/lib/python3.7/site-packages/airflow/example_dags/example_time_delta_sensor_async.py for tasks to queue
[2024-07-31T08:53:24.965+0000] {logging_mixin.py:120} INFO - [2024-07-31T08:53:24.964+0000] {dagbag.py:537} INFO - Filling up the DagBag from /home/airflow/.local/lib/python3.7/site-packages/airflow/example_dags/example_time_delta_sensor_async.py
[2024-07-31T08:53:24.975+0000] {processor.py:766} INFO - DAG(s) dict_keys(['example_time_delta_sensor_async']) retrieved from /home/airflow/.local/lib/python3.7/site-packages/airflow/example_dags/example_time_delta_sensor_async.py
[2024-07-31T08:53:25.200+0000] {logging_mixin.py:120} INFO - [2024-07-31T08:53:25.200+0000] {dag.py:2585} INFO - Sync 1 DAGs
[2024-07-31T08:53:25.228+0000] {logging_mixin.py:120} INFO - [2024-07-31T08:53:25.228+0000] {dag.py:3340} INFO - Setting next_dagrun for example_time_delta_sensor_async to None, run_after=None
[2024-07-31T08:53:25.513+0000] {processor.py:176} INFO - Processing /home/airflow/.local/lib/python3.7/site-packages/airflow/example_dags/example_time_delta_sensor_async.py took 0.552 seconds
[2024-07-31T08:53:56.391+0000] {processor.py:154} INFO - Started process (PID=182) to work on /home/airflow/.local/lib/python3.7/site-packages/airflow/example_dags/example_time_delta_sensor_async.py
[2024-07-31T08:53:56.393+0000] {processor.py:756} INFO - Processing file /home/airflow/.local/lib/python3.7/site-packages/airflow/example_dags/example_time_delta_sensor_async.py for tasks to queue
[2024-07-31T08:53:56.394+0000] {logging_mixin.py:120} INFO - [2024-07-31T08:53:56.394+0000] {dagbag.py:537} INFO - Filling up the DagBag from /home/airflow/.local/lib/python3.7/site-packages/airflow/example_dags/example_time_delta_sensor_async.py
[2024-07-31T08:53:56.420+0000] {processor.py:766} INFO - DAG(s) dict_keys(['example_time_delta_sensor_async']) retrieved from /home/airflow/.local/lib/python3.7/site-packages/airflow/example_dags/example_time_delta_sensor_async.py
[2024-07-31T08:53:56.753+0000] {logging_mixin.py:120} INFO - [2024-07-31T08:53:56.753+0000] {dag.py:2585} INFO - Sync 1 DAGs
[2024-07-31T08:53:56.803+0000] {logging_mixin.py:120} INFO - [2024-07-31T08:53:56.803+0000] {dag.py:3340} INFO - Setting next_dagrun for example_time_delta_sensor_async to None, run_after=None
[2024-07-31T08:53:56.841+0000] {processor.py:176} INFO - Processing /home/airflow/.local/lib/python3.7/site-packages/airflow/example_dags/example_time_delta_sensor_async.py took 0.456 seconds
[2024-07-31T08:54:27.213+0000] {processor.py:154} INFO - Started process (PID=245) to work on /home/airflow/.local/lib/python3.7/site-packages/airflow/example_dags/example_time_delta_sensor_async.py
[2024-07-31T08:54:27.214+0000] {processor.py:756} INFO - Processing file /home/airflow/.local/lib/python3.7/site-packages/airflow/example_dags/example_time_delta_sensor_async.py for tasks to queue
[2024-07-31T08:54:27.215+0000] {logging_mixin.py:120} INFO - [2024-07-31T08:54:27.215+0000] {dagbag.py:537} INFO - Filling up the DagBag from /home/airflow/.local/lib/python3.7/site-packages/airflow/example_dags/example_time_delta_sensor_async.py
[2024-07-31T08:54:27.225+0000] {processor.py:766} INFO - DAG(s) dict_keys(['example_time_delta_sensor_async']) retrieved from /home/airflow/.local/lib/python3.7/site-packages/airflow/example_dags/example_time_delta_sensor_async.py
[2024-07-31T08:54:27.413+0000] {logging_mixin.py:120} INFO - [2024-07-31T08:54:27.413+0000] {dag.py:2585} INFO - Sync 1 DAGs
[2024-07-31T08:54:27.435+0000] {logging_mixin.py:120} INFO - [2024-07-31T08:54:27.435+0000] {dag.py:3340} INFO - Setting next_dagrun for example_time_delta_sensor_async to None, run_after=None
[2024-07-31T08:54:27.454+0000] {processor.py:176} INFO - Processing /home/airflow/.local/lib/python3.7/site-packages/airflow/example_dags/example_time_delta_sensor_async.py took 0.243 seconds
[2024-07-31T08:54:57.920+0000] {processor.py:154} INFO - Started process (PID=308) to work on /home/airflow/.local/lib/python3.7/site-packages/airflow/example_dags/example_time_delta_sensor_async.py
[2024-07-31T08:54:57.921+0000] {processor.py:756} INFO - Processing file /home/airflow/.local/lib/python3.7/site-packages/airflow/example_dags/example_time_delta_sensor_async.py for tasks to queue
[2024-07-31T08:54:57.922+0000] {logging_mixin.py:120} INFO - [2024-07-31T08:54:57.922+0000] {dagbag.py:537} INFO - Filling up the DagBag from /home/airflow/.local/lib/python3.7/site-packages/airflow/example_dags/example_time_delta_sensor_async.py
[2024-07-31T08:54:57.932+0000] {processor.py:766} INFO - DAG(s) dict_keys(['example_time_delta_sensor_async']) retrieved from /home/airflow/.local/lib/python3.7/site-packages/airflow/example_dags/example_time_delta_sensor_async.py
[2024-07-31T08:54:58.219+0000] {logging_mixin.py:120} INFO - [2024-07-31T08:54:58.218+0000] {dag.py:2585} INFO - Sync 1 DAGs
[2024-07-31T08:54:58.247+0000] {logging_mixin.py:120} INFO - [2024-07-31T08:54:58.247+0000] {dag.py:3340} INFO - Setting next_dagrun for example_time_delta_sensor_async to None, run_after=None
[2024-07-31T08:54:58.285+0000] {processor.py:176} INFO - Processing /home/airflow/.local/lib/python3.7/site-packages/airflow/example_dags/example_time_delta_sensor_async.py took 0.368 seconds
[2024-07-31T08:55:28.392+0000] {processor.py:154} INFO - Started process (PID=372) to work on /home/airflow/.local/lib/python3.7/site-packages/airflow/example_dags/example_time_delta_sensor_async.py
[2024-07-31T08:55:28.393+0000] {processor.py:756} INFO - Processing file /home/airflow/.local/lib/python3.7/site-packages/airflow/example_dags/example_time_delta_sensor_async.py for tasks to queue
[2024-07-31T08:55:28.393+0000] {logging_mixin.py:120} INFO - [2024-07-31T08:55:28.393+0000] {dagbag.py:537} INFO - Filling up the DagBag from /home/airflow/.local/lib/python3.7/site-packages/airflow/example_dags/example_time_delta_sensor_async.py
[2024-07-31T08:55:28.406+0000] {processor.py:766} INFO - DAG(s) dict_keys(['example_time_delta_sensor_async']) retrieved from /home/airflow/.local/lib/python3.7/site-packages/airflow/example_dags/example_time_delta_sensor_async.py
[2024-07-31T08:55:28.646+0000] {logging_mixin.py:120} INFO - [2024-07-31T08:55:28.646+0000] {dag.py:2585} INFO - Sync 1 DAGs
[2024-07-31T08:55:28.671+0000] {logging_mixin.py:120} INFO - [2024-07-31T08:55:28.670+0000] {dag.py:3340} INFO - Setting next_dagrun for example_time_delta_sensor_async to None, run_after=None
[2024-07-31T08:55:28.690+0000] {processor.py:176} INFO - Processing /home/airflow/.local/lib/python3.7/site-packages/airflow/example_dags/example_time_delta_sensor_async.py took 0.302 seconds
[2024-07-31T08:55:59.115+0000] {processor.py:154} INFO - Started process (PID=425) to work on /home/airflow/.local/lib/python3.7/site-packages/airflow/example_dags/example_time_delta_sensor_async.py
[2024-07-31T08:55:59.116+0000] {processor.py:756} INFO - Processing file /home/airflow/.local/lib/python3.7/site-packages/airflow/example_dags/example_time_delta_sensor_async.py for tasks to queue
[2024-07-31T08:55:59.117+0000] {logging_mixin.py:120} INFO - [2024-07-31T08:55:59.116+0000] {dagbag.py:537} INFO - Filling up the DagBag from /home/airflow/.local/lib/python3.7/site-packages/airflow/example_dags/example_time_delta_sensor_async.py
[2024-07-31T08:55:59.126+0000] {processor.py:766} INFO - DAG(s) dict_keys(['example_time_delta_sensor_async']) retrieved from /home/airflow/.local/lib/python3.7/site-packages/airflow/example_dags/example_time_delta_sensor_async.py
[2024-07-31T08:55:59.312+0000] {logging_mixin.py:120} INFO - [2024-07-31T08:55:59.311+0000] {dag.py:2585} INFO - Sync 1 DAGs
[2024-07-31T08:55:59.333+0000] {logging_mixin.py:120} INFO - [2024-07-31T08:55:59.333+0000] {dag.py:3340} INFO - Setting next_dagrun for example_time_delta_sensor_async to None, run_after=None
[2024-07-31T08:55:59.362+0000] {processor.py:176} INFO - Processing /home/airflow/.local/lib/python3.7/site-packages/airflow/example_dags/example_time_delta_sensor_async.py took 0.249 seconds
[2024-07-31T08:57:09.750+0000] {processor.py:154} INFO - Started process (PID=65) to work on /home/airflow/.local/lib/python3.7/site-packages/airflow/example_dags/example_time_delta_sensor_async.py
[2024-07-31T08:57:09.751+0000] {processor.py:756} INFO - Processing file /home/airflow/.local/lib/python3.7/site-packages/airflow/example_dags/example_time_delta_sensor_async.py for tasks to queue
[2024-07-31T08:57:09.752+0000] {logging_mixin.py:120} INFO - [2024-07-31T08:57:09.752+0000] {dagbag.py:537} INFO - Filling up the DagBag from /home/airflow/.local/lib/python3.7/site-packages/airflow/example_dags/example_time_delta_sensor_async.py
[2024-07-31T08:57:09.766+0000] {processor.py:766} INFO - DAG(s) dict_keys(['example_time_delta_sensor_async']) retrieved from /home/airflow/.local/lib/python3.7/site-packages/airflow/example_dags/example_time_delta_sensor_async.py
[2024-07-31T08:57:09.820+0000] {logging_mixin.py:120} INFO - [2024-07-31T08:57:09.819+0000] {dag.py:2585} INFO - Sync 1 DAGs
[2024-07-31T08:57:09.855+0000] {logging_mixin.py:120} INFO - [2024-07-31T08:57:09.855+0000] {dag.py:3340} INFO - Setting next_dagrun for example_time_delta_sensor_async to None, run_after=None
[2024-07-31T08:57:09.885+0000] {processor.py:176} INFO - Processing /home/airflow/.local/lib/python3.7/site-packages/airflow/example_dags/example_time_delta_sensor_async.py took 0.137 seconds
[2024-07-31T08:57:40.507+0000] {processor.py:154} INFO - Started process (PID=119) to work on /home/airflow/.local/lib/python3.7/site-packages/airflow/example_dags/example_time_delta_sensor_async.py
[2024-07-31T08:57:40.508+0000] {processor.py:756} INFO - Processing file /home/airflow/.local/lib/python3.7/site-packages/airflow/example_dags/example_time_delta_sensor_async.py for tasks to queue
[2024-07-31T08:57:40.509+0000] {logging_mixin.py:120} INFO - [2024-07-31T08:57:40.509+0000] {dagbag.py:537} INFO - Filling up the DagBag from /home/airflow/.local/lib/python3.7/site-packages/airflow/example_dags/example_time_delta_sensor_async.py
[2024-07-31T08:57:40.521+0000] {processor.py:766} INFO - DAG(s) dict_keys(['example_time_delta_sensor_async']) retrieved from /home/airflow/.local/lib/python3.7/site-packages/airflow/example_dags/example_time_delta_sensor_async.py
[2024-07-31T08:57:40.715+0000] {logging_mixin.py:120} INFO - [2024-07-31T08:57:40.715+0000] {dag.py:2585} INFO - Sync 1 DAGs
[2024-07-31T08:57:40.741+0000] {logging_mixin.py:120} INFO - [2024-07-31T08:57:40.741+0000] {dag.py:3340} INFO - Setting next_dagrun for example_time_delta_sensor_async to None, run_after=None
[2024-07-31T08:57:40.760+0000] {processor.py:176} INFO - Processing /home/airflow/.local/lib/python3.7/site-packages/airflow/example_dags/example_time_delta_sensor_async.py took 0.255 seconds
[2024-07-31T08:59:04.514+0000] {processor.py:154} INFO - Started process (PID=64) to work on /home/airflow/.local/lib/python3.7/site-packages/airflow/example_dags/example_time_delta_sensor_async.py
[2024-07-31T08:59:04.516+0000] {processor.py:756} INFO - Processing file /home/airflow/.local/lib/python3.7/site-packages/airflow/example_dags/example_time_delta_sensor_async.py for tasks to queue
[2024-07-31T08:59:04.517+0000] {logging_mixin.py:120} INFO - [2024-07-31T08:59:04.517+0000] {dagbag.py:537} INFO - Filling up the DagBag from /home/airflow/.local/lib/python3.7/site-packages/airflow/example_dags/example_time_delta_sensor_async.py
[2024-07-31T08:59:04.531+0000] {processor.py:766} INFO - DAG(s) dict_keys(['example_time_delta_sensor_async']) retrieved from /home/airflow/.local/lib/python3.7/site-packages/airflow/example_dags/example_time_delta_sensor_async.py
[2024-07-31T08:59:04.570+0000] {logging_mixin.py:120} INFO - [2024-07-31T08:59:04.570+0000] {dag.py:2585} INFO - Sync 1 DAGs
[2024-07-31T08:59:04.601+0000] {logging_mixin.py:120} INFO - [2024-07-31T08:59:04.601+0000] {dag.py:3340} INFO - Setting next_dagrun for example_time_delta_sensor_async to None, run_after=None
[2024-07-31T08:59:04.623+0000] {processor.py:176} INFO - Processing /home/airflow/.local/lib/python3.7/site-packages/airflow/example_dags/example_time_delta_sensor_async.py took 0.112 seconds
[2024-07-31T08:59:35.181+0000] {processor.py:154} INFO - Started process (PID=118) to work on /home/airflow/.local/lib/python3.7/site-packages/airflow/example_dags/example_time_delta_sensor_async.py
[2024-07-31T08:59:35.182+0000] {processor.py:756} INFO - Processing file /home/airflow/.local/lib/python3.7/site-packages/airflow/example_dags/example_time_delta_sensor_async.py for tasks to queue
[2024-07-31T08:59:35.182+0000] {logging_mixin.py:120} INFO - [2024-07-31T08:59:35.182+0000] {dagbag.py:537} INFO - Filling up the DagBag from /home/airflow/.local/lib/python3.7/site-packages/airflow/example_dags/example_time_delta_sensor_async.py
[2024-07-31T08:59:35.193+0000] {processor.py:766} INFO - DAG(s) dict_keys(['example_time_delta_sensor_async']) retrieved from /home/airflow/.local/lib/python3.7/site-packages/airflow/example_dags/example_time_delta_sensor_async.py
[2024-07-31T08:59:35.377+0000] {logging_mixin.py:120} INFO - [2024-07-31T08:59:35.377+0000] {dag.py:2585} INFO - Sync 1 DAGs
[2024-07-31T08:59:35.400+0000] {logging_mixin.py:120} INFO - [2024-07-31T08:59:35.400+0000] {dag.py:3340} INFO - Setting next_dagrun for example_time_delta_sensor_async to None, run_after=None
[2024-07-31T08:59:35.416+0000] {processor.py:176} INFO - Processing /home/airflow/.local/lib/python3.7/site-packages/airflow/example_dags/example_time_delta_sensor_async.py took 0.239 seconds
[2024-07-31T09:00:06.002+0000] {processor.py:154} INFO - Started process (PID=182) to work on /home/airflow/.local/lib/python3.7/site-packages/airflow/example_dags/example_time_delta_sensor_async.py
[2024-07-31T09:00:06.003+0000] {processor.py:756} INFO - Processing file /home/airflow/.local/lib/python3.7/site-packages/airflow/example_dags/example_time_delta_sensor_async.py for tasks to queue
[2024-07-31T09:00:06.004+0000] {logging_mixin.py:120} INFO - [2024-07-31T09:00:06.004+0000] {dagbag.py:537} INFO - Filling up the DagBag from /home/airflow/.local/lib/python3.7/site-packages/airflow/example_dags/example_time_delta_sensor_async.py
[2024-07-31T09:00:06.014+0000] {processor.py:766} INFO - DAG(s) dict_keys(['example_time_delta_sensor_async']) retrieved from /home/airflow/.local/lib/python3.7/site-packages/airflow/example_dags/example_time_delta_sensor_async.py
[2024-07-31T09:00:06.202+0000] {logging_mixin.py:120} INFO - [2024-07-31T09:00:06.202+0000] {dag.py:2585} INFO - Sync 1 DAGs
[2024-07-31T09:00:06.223+0000] {logging_mixin.py:120} INFO - [2024-07-31T09:00:06.223+0000] {dag.py:3340} INFO - Setting next_dagrun for example_time_delta_sensor_async to None, run_after=None
[2024-07-31T09:00:06.242+0000] {processor.py:176} INFO - Processing /home/airflow/.local/lib/python3.7/site-packages/airflow/example_dags/example_time_delta_sensor_async.py took 0.243 seconds
[2024-07-31T09:00:36.888+0000] {processor.py:154} INFO - Started process (PID=245) to work on /home/airflow/.local/lib/python3.7/site-packages/airflow/example_dags/example_time_delta_sensor_async.py
[2024-07-31T09:00:36.889+0000] {processor.py:756} INFO - Processing file /home/airflow/.local/lib/python3.7/site-packages/airflow/example_dags/example_time_delta_sensor_async.py for tasks to queue
[2024-07-31T09:00:36.890+0000] {logging_mixin.py:120} INFO - [2024-07-31T09:00:36.890+0000] {dagbag.py:537} INFO - Filling up the DagBag from /home/airflow/.local/lib/python3.7/site-packages/airflow/example_dags/example_time_delta_sensor_async.py
[2024-07-31T09:00:36.900+0000] {processor.py:766} INFO - DAG(s) dict_keys(['example_time_delta_sensor_async']) retrieved from /home/airflow/.local/lib/python3.7/site-packages/airflow/example_dags/example_time_delta_sensor_async.py
[2024-07-31T09:00:37.084+0000] {logging_mixin.py:120} INFO - [2024-07-31T09:00:37.084+0000] {dag.py:2585} INFO - Sync 1 DAGs
[2024-07-31T09:00:37.107+0000] {logging_mixin.py:120} INFO - [2024-07-31T09:00:37.107+0000] {dag.py:3340} INFO - Setting next_dagrun for example_time_delta_sensor_async to None, run_after=None
[2024-07-31T09:00:37.124+0000] {processor.py:176} INFO - Processing /home/airflow/.local/lib/python3.7/site-packages/airflow/example_dags/example_time_delta_sensor_async.py took 0.239 seconds
[2024-07-31T09:01:07.964+0000] {processor.py:154} INFO - Started process (PID=309) to work on /home/airflow/.local/lib/python3.7/site-packages/airflow/example_dags/example_time_delta_sensor_async.py
[2024-07-31T09:01:07.964+0000] {processor.py:756} INFO - Processing file /home/airflow/.local/lib/python3.7/site-packages/airflow/example_dags/example_time_delta_sensor_async.py for tasks to queue
[2024-07-31T09:01:07.965+0000] {logging_mixin.py:120} INFO - [2024-07-31T09:01:07.965+0000] {dagbag.py:537} INFO - Filling up the DagBag from /home/airflow/.local/lib/python3.7/site-packages/airflow/example_dags/example_time_delta_sensor_async.py
[2024-07-31T09:01:07.976+0000] {processor.py:766} INFO - DAG(s) dict_keys(['example_time_delta_sensor_async']) retrieved from /home/airflow/.local/lib/python3.7/site-packages/airflow/example_dags/example_time_delta_sensor_async.py
[2024-07-31T09:01:08.181+0000] {logging_mixin.py:120} INFO - [2024-07-31T09:01:08.180+0000] {dag.py:2585} INFO - Sync 1 DAGs
[2024-07-31T09:01:08.204+0000] {logging_mixin.py:120} INFO - [2024-07-31T09:01:08.204+0000] {dag.py:3340} INFO - Setting next_dagrun for example_time_delta_sensor_async to None, run_after=None
[2024-07-31T09:01:08.224+0000] {processor.py:176} INFO - Processing /home/airflow/.local/lib/python3.7/site-packages/airflow/example_dags/example_time_delta_sensor_async.py took 0.263 seconds
[2024-07-31T09:01:39.037+0000] {processor.py:154} INFO - Started process (PID=363) to work on /home/airflow/.local/lib/python3.7/site-packages/airflow/example_dags/example_time_delta_sensor_async.py
[2024-07-31T09:01:39.038+0000] {processor.py:756} INFO - Processing file /home/airflow/.local/lib/python3.7/site-packages/airflow/example_dags/example_time_delta_sensor_async.py for tasks to queue
[2024-07-31T09:01:39.039+0000] {logging_mixin.py:120} INFO - [2024-07-31T09:01:39.038+0000] {dagbag.py:537} INFO - Filling up the DagBag from /home/airflow/.local/lib/python3.7/site-packages/airflow/example_dags/example_time_delta_sensor_async.py
[2024-07-31T09:01:39.051+0000] {processor.py:766} INFO - DAG(s) dict_keys(['example_time_delta_sensor_async']) retrieved from /home/airflow/.local/lib/python3.7/site-packages/airflow/example_dags/example_time_delta_sensor_async.py
[2024-07-31T09:01:39.253+0000] {logging_mixin.py:120} INFO - [2024-07-31T09:01:39.252+0000] {dag.py:2585} INFO - Sync 1 DAGs
[2024-07-31T09:01:39.275+0000] {logging_mixin.py:120} INFO - [2024-07-31T09:01:39.275+0000] {dag.py:3340} INFO - Setting next_dagrun for example_time_delta_sensor_async to None, run_after=None
[2024-07-31T09:01:39.296+0000] {processor.py:176} INFO - Processing /home/airflow/.local/lib/python3.7/site-packages/airflow/example_dags/example_time_delta_sensor_async.py took 0.262 seconds
[2024-07-31T09:02:09.412+0000] {processor.py:154} INFO - Started process (PID=426) to work on /home/airflow/.local/lib/python3.7/site-packages/airflow/example_dags/example_time_delta_sensor_async.py
[2024-07-31T09:02:09.413+0000] {processor.py:756} INFO - Processing file /home/airflow/.local/lib/python3.7/site-packages/airflow/example_dags/example_time_delta_sensor_async.py for tasks to queue
[2024-07-31T09:02:09.414+0000] {logging_mixin.py:120} INFO - [2024-07-31T09:02:09.414+0000] {dagbag.py:537} INFO - Filling up the DagBag from /home/airflow/.local/lib/python3.7/site-packages/airflow/example_dags/example_time_delta_sensor_async.py
[2024-07-31T09:02:09.427+0000] {processor.py:766} INFO - DAG(s) dict_keys(['example_time_delta_sensor_async']) retrieved from /home/airflow/.local/lib/python3.7/site-packages/airflow/example_dags/example_time_delta_sensor_async.py
[2024-07-31T09:02:09.459+0000] {logging_mixin.py:120} INFO - [2024-07-31T09:02:09.459+0000] {dag.py:2585} INFO - Sync 1 DAGs
[2024-07-31T09:02:09.490+0000] {logging_mixin.py:120} INFO - [2024-07-31T09:02:09.490+0000] {dag.py:3340} INFO - Setting next_dagrun for example_time_delta_sensor_async to None, run_after=None
[2024-07-31T09:02:09.525+0000] {processor.py:176} INFO - Processing /home/airflow/.local/lib/python3.7/site-packages/airflow/example_dags/example_time_delta_sensor_async.py took 0.116 seconds
[2024-07-31T09:02:39.876+0000] {processor.py:154} INFO - Started process (PID=489) to work on /home/airflow/.local/lib/python3.7/site-packages/airflow/example_dags/example_time_delta_sensor_async.py
[2024-07-31T09:02:39.877+0000] {processor.py:756} INFO - Processing file /home/airflow/.local/lib/python3.7/site-packages/airflow/example_dags/example_time_delta_sensor_async.py for tasks to queue
[2024-07-31T09:02:39.878+0000] {logging_mixin.py:120} INFO - [2024-07-31T09:02:39.878+0000] {dagbag.py:537} INFO - Filling up the DagBag from /home/airflow/.local/lib/python3.7/site-packages/airflow/example_dags/example_time_delta_sensor_async.py
[2024-07-31T09:02:39.889+0000] {processor.py:766} INFO - DAG(s) dict_keys(['example_time_delta_sensor_async']) retrieved from /home/airflow/.local/lib/python3.7/site-packages/airflow/example_dags/example_time_delta_sensor_async.py
[2024-07-31T09:02:40.081+0000] {logging_mixin.py:120} INFO - [2024-07-31T09:02:40.081+0000] {dag.py:2585} INFO - Sync 1 DAGs
[2024-07-31T09:02:40.112+0000] {logging_mixin.py:120} INFO - [2024-07-31T09:02:40.112+0000] {dag.py:3340} INFO - Setting next_dagrun for example_time_delta_sensor_async to None, run_after=None
[2024-07-31T09:02:40.130+0000] {processor.py:176} INFO - Processing /home/airflow/.local/lib/python3.7/site-packages/airflow/example_dags/example_time_delta_sensor_async.py took 0.257 seconds
[2024-07-31T09:03:10.841+0000] {processor.py:154} INFO - Started process (PID=543) to work on /home/airflow/.local/lib/python3.7/site-packages/airflow/example_dags/example_time_delta_sensor_async.py
[2024-07-31T09:03:10.841+0000] {processor.py:756} INFO - Processing file /home/airflow/.local/lib/python3.7/site-packages/airflow/example_dags/example_time_delta_sensor_async.py for tasks to queue
[2024-07-31T09:03:10.842+0000] {logging_mixin.py:120} INFO - [2024-07-31T09:03:10.842+0000] {dagbag.py:537} INFO - Filling up the DagBag from /home/airflow/.local/lib/python3.7/site-packages/airflow/example_dags/example_time_delta_sensor_async.py
[2024-07-31T09:03:10.854+0000] {processor.py:766} INFO - DAG(s) dict_keys(['example_time_delta_sensor_async']) retrieved from /home/airflow/.local/lib/python3.7/site-packages/airflow/example_dags/example_time_delta_sensor_async.py
[2024-07-31T09:03:11.046+0000] {logging_mixin.py:120} INFO - [2024-07-31T09:03:11.046+0000] {dag.py:2585} INFO - Sync 1 DAGs
[2024-07-31T09:03:11.069+0000] {logging_mixin.py:120} INFO - [2024-07-31T09:03:11.069+0000] {dag.py:3340} INFO - Setting next_dagrun for example_time_delta_sensor_async to None, run_after=None
[2024-07-31T09:03:11.087+0000] {processor.py:176} INFO - Processing /home/airflow/.local/lib/python3.7/site-packages/airflow/example_dags/example_time_delta_sensor_async.py took 0.250 seconds
