[2024-07-31T08:52:52.117+0000] {processor.py:154} INFO - Started process (PID=54) to work on /home/airflow/.local/lib/python3.7/site-packages/airflow/example_dags/example_sla_dag.py
[2024-07-31T08:52:52.118+0000] {processor.py:756} INFO - Processing file /home/airflow/.local/lib/python3.7/site-packages/airflow/example_dags/example_sla_dag.py for tasks to queue
[2024-07-31T08:52:52.119+0000] {logging_mixin.py:120} INFO - [2024-07-31T08:52:52.119+0000] {dagbag.py:537} INFO - Filling up the DagBag from /home/airflow/.local/lib/python3.7/site-packages/airflow/example_dags/example_sla_dag.py
[2024-07-31T08:52:52.140+0000] {processor.py:766} INFO - DAG(s) dict_keys(['example_sla_dag']) retrieved from /home/airflow/.local/lib/python3.7/site-packages/airflow/example_dags/example_sla_dag.py
[2024-07-31T08:52:52.327+0000] {logging_mixin.py:120} INFO - [2024-07-31T08:52:52.327+0000] {manager.py:507} INFO - Created Permission View: can read on DAG:example_sla_dag
[2024-07-31T08:52:52.355+0000] {logging_mixin.py:120} INFO - [2024-07-31T08:52:52.355+0000] {manager.py:507} INFO - Created Permission View: can edit on DAG:example_sla_dag
[2024-07-31T08:52:52.381+0000] {logging_mixin.py:120} INFO - [2024-07-31T08:52:52.381+0000] {manager.py:507} INFO - Created Permission View: can delete on DAG:example_sla_dag
[2024-07-31T08:52:52.382+0000] {logging_mixin.py:120} INFO - [2024-07-31T08:52:52.382+0000] {dag.py:2585} INFO - Sync 1 DAGs
[2024-07-31T08:52:52.394+0000] {logging_mixin.py:120} INFO - [2024-07-31T08:52:52.394+0000] {dag.py:2606} INFO - Creating ORM DAG for example_sla_dag
[2024-07-31T08:52:52.409+0000] {logging_mixin.py:120} INFO - [2024-07-31T08:52:52.409+0000] {dag.py:3340} INFO - Setting next_dagrun for example_sla_dag to 2024-07-31T08:50:00+00:00, run_after=2024-07-31T08:52:00+00:00
[2024-07-31T08:52:52.462+0000] {processor.py:176} INFO - Processing /home/airflow/.local/lib/python3.7/site-packages/airflow/example_dags/example_sla_dag.py took 0.347 seconds
[2024-07-31T08:53:23.171+0000] {processor.py:154} INFO - Started process (PID=108) to work on /home/airflow/.local/lib/python3.7/site-packages/airflow/example_dags/example_sla_dag.py
[2024-07-31T08:53:23.172+0000] {processor.py:756} INFO - Processing file /home/airflow/.local/lib/python3.7/site-packages/airflow/example_dags/example_sla_dag.py for tasks to queue
[2024-07-31T08:53:23.173+0000] {logging_mixin.py:120} INFO - [2024-07-31T08:53:23.173+0000] {dagbag.py:537} INFO - Filling up the DagBag from /home/airflow/.local/lib/python3.7/site-packages/airflow/example_dags/example_sla_dag.py
[2024-07-31T08:53:23.194+0000] {processor.py:766} INFO - DAG(s) dict_keys(['example_sla_dag']) retrieved from /home/airflow/.local/lib/python3.7/site-packages/airflow/example_dags/example_sla_dag.py
[2024-07-31T08:53:23.229+0000] {logging_mixin.py:120} INFO - [2024-07-31T08:53:23.229+0000] {dag.py:2585} INFO - Sync 1 DAGs
[2024-07-31T08:53:23.254+0000] {logging_mixin.py:120} INFO - [2024-07-31T08:53:23.254+0000] {dag.py:3340} INFO - Setting next_dagrun for example_sla_dag to 2024-07-31T08:50:00+00:00, run_after=2024-07-31T08:52:00+00:00
[2024-07-31T08:53:23.800+0000] {processor.py:176} INFO - Processing /home/airflow/.local/lib/python3.7/site-packages/airflow/example_dags/example_sla_dag.py took 0.631 seconds
[2024-07-31T08:53:54.389+0000] {processor.py:154} INFO - Started process (PID=172) to work on /home/airflow/.local/lib/python3.7/site-packages/airflow/example_dags/example_sla_dag.py
[2024-07-31T08:53:54.390+0000] {processor.py:756} INFO - Processing file /home/airflow/.local/lib/python3.7/site-packages/airflow/example_dags/example_sla_dag.py for tasks to queue
[2024-07-31T08:53:54.391+0000] {logging_mixin.py:120} INFO - [2024-07-31T08:53:54.391+0000] {dagbag.py:537} INFO - Filling up the DagBag from /home/airflow/.local/lib/python3.7/site-packages/airflow/example_dags/example_sla_dag.py
[2024-07-31T08:53:54.413+0000] {processor.py:766} INFO - DAG(s) dict_keys(['example_sla_dag']) retrieved from /home/airflow/.local/lib/python3.7/site-packages/airflow/example_dags/example_sla_dag.py
[2024-07-31T08:53:54.449+0000] {logging_mixin.py:120} INFO - [2024-07-31T08:53:54.448+0000] {dag.py:2585} INFO - Sync 1 DAGs
[2024-07-31T08:53:54.476+0000] {logging_mixin.py:120} INFO - [2024-07-31T08:53:54.476+0000] {dag.py:3340} INFO - Setting next_dagrun for example_sla_dag to 2024-07-31T08:50:00+00:00, run_after=2024-07-31T08:52:00+00:00
[2024-07-31T08:53:54.501+0000] {processor.py:176} INFO - Processing /home/airflow/.local/lib/python3.7/site-packages/airflow/example_dags/example_sla_dag.py took 0.115 seconds
[2024-07-31T08:54:24.561+0000] {processor.py:154} INFO - Started process (PID=236) to work on /home/airflow/.local/lib/python3.7/site-packages/airflow/example_dags/example_sla_dag.py
[2024-07-31T08:54:24.562+0000] {processor.py:756} INFO - Processing file /home/airflow/.local/lib/python3.7/site-packages/airflow/example_dags/example_sla_dag.py for tasks to queue
[2024-07-31T08:54:24.562+0000] {logging_mixin.py:120} INFO - [2024-07-31T08:54:24.562+0000] {dagbag.py:537} INFO - Filling up the DagBag from /home/airflow/.local/lib/python3.7/site-packages/airflow/example_dags/example_sla_dag.py
[2024-07-31T08:54:24.582+0000] {processor.py:766} INFO - DAG(s) dict_keys(['example_sla_dag']) retrieved from /home/airflow/.local/lib/python3.7/site-packages/airflow/example_dags/example_sla_dag.py
[2024-07-31T08:54:24.617+0000] {logging_mixin.py:120} INFO - [2024-07-31T08:54:24.617+0000] {dag.py:2585} INFO - Sync 1 DAGs
[2024-07-31T08:54:24.643+0000] {logging_mixin.py:120} INFO - [2024-07-31T08:54:24.643+0000] {dag.py:3340} INFO - Setting next_dagrun for example_sla_dag to 2024-07-31T08:52:00+00:00, run_after=2024-07-31T08:54:00+00:00
[2024-07-31T08:54:24.659+0000] {processor.py:176} INFO - Processing /home/airflow/.local/lib/python3.7/site-packages/airflow/example_dags/example_sla_dag.py took 0.101 seconds
[2024-07-31T08:54:54.901+0000] {processor.py:154} INFO - Started process (PID=298) to work on /home/airflow/.local/lib/python3.7/site-packages/airflow/example_dags/example_sla_dag.py
[2024-07-31T08:54:54.902+0000] {processor.py:756} INFO - Processing file /home/airflow/.local/lib/python3.7/site-packages/airflow/example_dags/example_sla_dag.py for tasks to queue
[2024-07-31T08:54:54.902+0000] {logging_mixin.py:120} INFO - [2024-07-31T08:54:54.902+0000] {dagbag.py:537} INFO - Filling up the DagBag from /home/airflow/.local/lib/python3.7/site-packages/airflow/example_dags/example_sla_dag.py
[2024-07-31T08:54:54.929+0000] {processor.py:766} INFO - DAG(s) dict_keys(['example_sla_dag']) retrieved from /home/airflow/.local/lib/python3.7/site-packages/airflow/example_dags/example_sla_dag.py
[2024-07-31T08:54:54.981+0000] {logging_mixin.py:120} INFO - [2024-07-31T08:54:54.980+0000] {dag.py:2585} INFO - Sync 1 DAGs
[2024-07-31T08:54:55.029+0000] {logging_mixin.py:120} INFO - [2024-07-31T08:54:55.029+0000] {dag.py:3340} INFO - Setting next_dagrun for example_sla_dag to 2024-07-31T08:52:00+00:00, run_after=2024-07-31T08:54:00+00:00
[2024-07-31T08:54:55.101+0000] {processor.py:176} INFO - Processing /home/airflow/.local/lib/python3.7/site-packages/airflow/example_dags/example_sla_dag.py took 0.204 seconds
[2024-07-31T08:55:25.268+0000] {processor.py:154} INFO - Started process (PID=352) to work on /home/airflow/.local/lib/python3.7/site-packages/airflow/example_dags/example_sla_dag.py
[2024-07-31T08:55:25.269+0000] {processor.py:756} INFO - Processing file /home/airflow/.local/lib/python3.7/site-packages/airflow/example_dags/example_sla_dag.py for tasks to queue
[2024-07-31T08:55:25.269+0000] {logging_mixin.py:120} INFO - [2024-07-31T08:55:25.269+0000] {dagbag.py:537} INFO - Filling up the DagBag from /home/airflow/.local/lib/python3.7/site-packages/airflow/example_dags/example_sla_dag.py
[2024-07-31T08:55:25.289+0000] {processor.py:766} INFO - DAG(s) dict_keys(['example_sla_dag']) retrieved from /home/airflow/.local/lib/python3.7/site-packages/airflow/example_dags/example_sla_dag.py
[2024-07-31T08:55:25.321+0000] {logging_mixin.py:120} INFO - [2024-07-31T08:55:25.321+0000] {dag.py:2585} INFO - Sync 1 DAGs
[2024-07-31T08:55:25.347+0000] {logging_mixin.py:120} INFO - [2024-07-31T08:55:25.347+0000] {dag.py:3340} INFO - Setting next_dagrun for example_sla_dag to 2024-07-31T08:52:00+00:00, run_after=2024-07-31T08:54:00+00:00
[2024-07-31T08:55:25.365+0000] {processor.py:176} INFO - Processing /home/airflow/.local/lib/python3.7/site-packages/airflow/example_dags/example_sla_dag.py took 0.099 seconds
[2024-07-31T08:55:55.474+0000] {processor.py:154} INFO - Started process (PID=415) to work on /home/airflow/.local/lib/python3.7/site-packages/airflow/example_dags/example_sla_dag.py
[2024-07-31T08:55:55.475+0000] {processor.py:756} INFO - Processing file /home/airflow/.local/lib/python3.7/site-packages/airflow/example_dags/example_sla_dag.py for tasks to queue
[2024-07-31T08:55:55.475+0000] {logging_mixin.py:120} INFO - [2024-07-31T08:55:55.475+0000] {dagbag.py:537} INFO - Filling up the DagBag from /home/airflow/.local/lib/python3.7/site-packages/airflow/example_dags/example_sla_dag.py
[2024-07-31T08:55:55.496+0000] {processor.py:766} INFO - DAG(s) dict_keys(['example_sla_dag']) retrieved from /home/airflow/.local/lib/python3.7/site-packages/airflow/example_dags/example_sla_dag.py
[2024-07-31T08:55:55.530+0000] {logging_mixin.py:120} INFO - [2024-07-31T08:55:55.530+0000] {dag.py:2585} INFO - Sync 1 DAGs
[2024-07-31T08:55:55.556+0000] {logging_mixin.py:120} INFO - [2024-07-31T08:55:55.556+0000] {dag.py:3340} INFO - Setting next_dagrun for example_sla_dag to 2024-07-31T08:52:00+00:00, run_after=2024-07-31T08:54:00+00:00
[2024-07-31T08:55:55.574+0000] {processor.py:176} INFO - Processing /home/airflow/.local/lib/python3.7/site-packages/airflow/example_dags/example_sla_dag.py took 0.103 seconds
[2024-07-31T08:57:08.918+0000] {processor.py:154} INFO - Started process (PID=55) to work on /home/airflow/.local/lib/python3.7/site-packages/airflow/example_dags/example_sla_dag.py
[2024-07-31T08:57:08.919+0000] {processor.py:756} INFO - Processing file /home/airflow/.local/lib/python3.7/site-packages/airflow/example_dags/example_sla_dag.py for tasks to queue
[2024-07-31T08:57:08.920+0000] {logging_mixin.py:120} INFO - [2024-07-31T08:57:08.920+0000] {dagbag.py:537} INFO - Filling up the DagBag from /home/airflow/.local/lib/python3.7/site-packages/airflow/example_dags/example_sla_dag.py
[2024-07-31T08:57:08.949+0000] {processor.py:766} INFO - DAG(s) dict_keys(['example_sla_dag']) retrieved from /home/airflow/.local/lib/python3.7/site-packages/airflow/example_dags/example_sla_dag.py
[2024-07-31T08:57:08.985+0000] {logging_mixin.py:120} INFO - [2024-07-31T08:57:08.985+0000] {dag.py:2585} INFO - Sync 1 DAGs
[2024-07-31T08:57:09.027+0000] {logging_mixin.py:120} INFO - [2024-07-31T08:57:09.026+0000] {dag.py:3340} INFO - Setting next_dagrun for example_sla_dag to 2024-07-31T08:54:00+00:00, run_after=2024-07-31T08:56:00+00:00
[2024-07-31T08:57:09.056+0000] {processor.py:176} INFO - Processing /home/airflow/.local/lib/python3.7/site-packages/airflow/example_dags/example_sla_dag.py took 0.141 seconds
[2024-07-31T08:57:39.670+0000] {processor.py:154} INFO - Started process (PID=109) to work on /home/airflow/.local/lib/python3.7/site-packages/airflow/example_dags/example_sla_dag.py
[2024-07-31T08:57:39.671+0000] {processor.py:756} INFO - Processing file /home/airflow/.local/lib/python3.7/site-packages/airflow/example_dags/example_sla_dag.py for tasks to queue
[2024-07-31T08:57:39.672+0000] {logging_mixin.py:120} INFO - [2024-07-31T08:57:39.672+0000] {dagbag.py:537} INFO - Filling up the DagBag from /home/airflow/.local/lib/python3.7/site-packages/airflow/example_dags/example_sla_dag.py
[2024-07-31T08:57:39.699+0000] {processor.py:766} INFO - DAG(s) dict_keys(['example_sla_dag']) retrieved from /home/airflow/.local/lib/python3.7/site-packages/airflow/example_dags/example_sla_dag.py
[2024-07-31T08:57:39.740+0000] {logging_mixin.py:120} INFO - [2024-07-31T08:57:39.740+0000] {dag.py:2585} INFO - Sync 1 DAGs
[2024-07-31T08:57:39.771+0000] {logging_mixin.py:120} INFO - [2024-07-31T08:57:39.771+0000] {dag.py:3340} INFO - Setting next_dagrun for example_sla_dag to 2024-07-31T08:54:00+00:00, run_after=2024-07-31T08:56:00+00:00
[2024-07-31T08:57:39.792+0000] {processor.py:176} INFO - Processing /home/airflow/.local/lib/python3.7/site-packages/airflow/example_dags/example_sla_dag.py took 0.125 seconds
[2024-07-31T08:59:03.629+0000] {processor.py:154} INFO - Started process (PID=45) to work on /home/airflow/.local/lib/python3.7/site-packages/airflow/example_dags/example_sla_dag.py
[2024-07-31T08:59:03.629+0000] {processor.py:756} INFO - Processing file /home/airflow/.local/lib/python3.7/site-packages/airflow/example_dags/example_sla_dag.py for tasks to queue
[2024-07-31T08:59:03.630+0000] {logging_mixin.py:120} INFO - [2024-07-31T08:59:03.630+0000] {dagbag.py:537} INFO - Filling up the DagBag from /home/airflow/.local/lib/python3.7/site-packages/airflow/example_dags/example_sla_dag.py
[2024-07-31T08:59:03.652+0000] {processor.py:766} INFO - DAG(s) dict_keys(['example_sla_dag']) retrieved from /home/airflow/.local/lib/python3.7/site-packages/airflow/example_dags/example_sla_dag.py
[2024-07-31T08:59:03.676+0000] {logging_mixin.py:120} INFO - [2024-07-31T08:59:03.676+0000] {dag.py:2585} INFO - Sync 1 DAGs
[2024-07-31T08:59:03.704+0000] {logging_mixin.py:120} INFO - [2024-07-31T08:59:03.703+0000] {dag.py:3340} INFO - Setting next_dagrun for example_sla_dag to 2024-07-31T08:56:00+00:00, run_after=2024-07-31T08:58:00+00:00
[2024-07-31T08:59:03.724+0000] {processor.py:176} INFO - Processing /home/airflow/.local/lib/python3.7/site-packages/airflow/example_dags/example_sla_dag.py took 0.098 seconds
[2024-07-31T08:59:34.516+0000] {processor.py:154} INFO - Started process (PID=108) to work on /home/airflow/.local/lib/python3.7/site-packages/airflow/example_dags/example_sla_dag.py
[2024-07-31T08:59:34.517+0000] {processor.py:756} INFO - Processing file /home/airflow/.local/lib/python3.7/site-packages/airflow/example_dags/example_sla_dag.py for tasks to queue
[2024-07-31T08:59:34.517+0000] {logging_mixin.py:120} INFO - [2024-07-31T08:59:34.517+0000] {dagbag.py:537} INFO - Filling up the DagBag from /home/airflow/.local/lib/python3.7/site-packages/airflow/example_dags/example_sla_dag.py
[2024-07-31T08:59:34.538+0000] {processor.py:766} INFO - DAG(s) dict_keys(['example_sla_dag']) retrieved from /home/airflow/.local/lib/python3.7/site-packages/airflow/example_dags/example_sla_dag.py
[2024-07-31T08:59:34.572+0000] {logging_mixin.py:120} INFO - [2024-07-31T08:59:34.572+0000] {dag.py:2585} INFO - Sync 1 DAGs
[2024-07-31T08:59:34.597+0000] {logging_mixin.py:120} INFO - [2024-07-31T08:59:34.597+0000] {dag.py:3340} INFO - Setting next_dagrun for example_sla_dag to 2024-07-31T08:56:00+00:00, run_after=2024-07-31T08:58:00+00:00
[2024-07-31T08:59:34.614+0000] {processor.py:176} INFO - Processing /home/airflow/.local/lib/python3.7/site-packages/airflow/example_dags/example_sla_dag.py took 0.100 seconds
[2024-07-31T09:00:05.341+0000] {processor.py:154} INFO - Started process (PID=172) to work on /home/airflow/.local/lib/python3.7/site-packages/airflow/example_dags/example_sla_dag.py
[2024-07-31T09:00:05.342+0000] {processor.py:756} INFO - Processing file /home/airflow/.local/lib/python3.7/site-packages/airflow/example_dags/example_sla_dag.py for tasks to queue
[2024-07-31T09:00:05.343+0000] {logging_mixin.py:120} INFO - [2024-07-31T09:00:05.342+0000] {dagbag.py:537} INFO - Filling up the DagBag from /home/airflow/.local/lib/python3.7/site-packages/airflow/example_dags/example_sla_dag.py
[2024-07-31T09:00:05.363+0000] {processor.py:766} INFO - DAG(s) dict_keys(['example_sla_dag']) retrieved from /home/airflow/.local/lib/python3.7/site-packages/airflow/example_dags/example_sla_dag.py
[2024-07-31T09:00:05.401+0000] {logging_mixin.py:120} INFO - [2024-07-31T09:00:05.401+0000] {dag.py:2585} INFO - Sync 1 DAGs
[2024-07-31T09:00:05.428+0000] {logging_mixin.py:120} INFO - [2024-07-31T09:00:05.428+0000] {dag.py:3340} INFO - Setting next_dagrun for example_sla_dag to 2024-07-31T08:58:00+00:00, run_after=2024-07-31T09:00:00+00:00
[2024-07-31T09:00:05.446+0000] {processor.py:176} INFO - Processing /home/airflow/.local/lib/python3.7/site-packages/airflow/example_dags/example_sla_dag.py took 0.107 seconds
[2024-07-31T09:00:36.037+0000] {processor.py:154} INFO - Started process (PID=235) to work on /home/airflow/.local/lib/python3.7/site-packages/airflow/example_dags/example_sla_dag.py
[2024-07-31T09:00:36.038+0000] {processor.py:756} INFO - Processing file /home/airflow/.local/lib/python3.7/site-packages/airflow/example_dags/example_sla_dag.py for tasks to queue
[2024-07-31T09:00:36.038+0000] {logging_mixin.py:120} INFO - [2024-07-31T09:00:36.038+0000] {dagbag.py:537} INFO - Filling up the DagBag from /home/airflow/.local/lib/python3.7/site-packages/airflow/example_dags/example_sla_dag.py
[2024-07-31T09:00:36.059+0000] {processor.py:766} INFO - DAG(s) dict_keys(['example_sla_dag']) retrieved from /home/airflow/.local/lib/python3.7/site-packages/airflow/example_dags/example_sla_dag.py
[2024-07-31T09:00:36.096+0000] {logging_mixin.py:120} INFO - [2024-07-31T09:00:36.096+0000] {dag.py:2585} INFO - Sync 1 DAGs
[2024-07-31T09:00:36.124+0000] {logging_mixin.py:120} INFO - [2024-07-31T09:00:36.124+0000] {dag.py:3340} INFO - Setting next_dagrun for example_sla_dag to 2024-07-31T08:58:00+00:00, run_after=2024-07-31T09:00:00+00:00
[2024-07-31T09:00:36.142+0000] {processor.py:176} INFO - Processing /home/airflow/.local/lib/python3.7/site-packages/airflow/example_dags/example_sla_dag.py took 0.108 seconds
[2024-07-31T09:01:07.139+0000] {processor.py:154} INFO - Started process (PID=289) to work on /home/airflow/.local/lib/python3.7/site-packages/airflow/example_dags/example_sla_dag.py
[2024-07-31T09:01:07.139+0000] {processor.py:756} INFO - Processing file /home/airflow/.local/lib/python3.7/site-packages/airflow/example_dags/example_sla_dag.py for tasks to queue
[2024-07-31T09:01:07.140+0000] {logging_mixin.py:120} INFO - [2024-07-31T09:01:07.140+0000] {dagbag.py:537} INFO - Filling up the DagBag from /home/airflow/.local/lib/python3.7/site-packages/airflow/example_dags/example_sla_dag.py
[2024-07-31T09:01:07.172+0000] {processor.py:766} INFO - DAG(s) dict_keys(['example_sla_dag']) retrieved from /home/airflow/.local/lib/python3.7/site-packages/airflow/example_dags/example_sla_dag.py
[2024-07-31T09:01:07.208+0000] {logging_mixin.py:120} INFO - [2024-07-31T09:01:07.208+0000] {dag.py:2585} INFO - Sync 1 DAGs
[2024-07-31T09:01:07.247+0000] {logging_mixin.py:120} INFO - [2024-07-31T09:01:07.247+0000] {dag.py:3340} INFO - Setting next_dagrun for example_sla_dag to 2024-07-31T08:58:00+00:00, run_after=2024-07-31T09:00:00+00:00
[2024-07-31T09:01:07.265+0000] {processor.py:176} INFO - Processing /home/airflow/.local/lib/python3.7/site-packages/airflow/example_dags/example_sla_dag.py took 0.129 seconds
[2024-07-31T09:01:38.233+0000] {processor.py:154} INFO - Started process (PID=353) to work on /home/airflow/.local/lib/python3.7/site-packages/airflow/example_dags/example_sla_dag.py
[2024-07-31T09:01:38.234+0000] {processor.py:756} INFO - Processing file /home/airflow/.local/lib/python3.7/site-packages/airflow/example_dags/example_sla_dag.py for tasks to queue
[2024-07-31T09:01:38.234+0000] {logging_mixin.py:120} INFO - [2024-07-31T09:01:38.234+0000] {dagbag.py:537} INFO - Filling up the DagBag from /home/airflow/.local/lib/python3.7/site-packages/airflow/example_dags/example_sla_dag.py
[2024-07-31T09:01:38.258+0000] {processor.py:766} INFO - DAG(s) dict_keys(['example_sla_dag']) retrieved from /home/airflow/.local/lib/python3.7/site-packages/airflow/example_dags/example_sla_dag.py
[2024-07-31T09:01:38.299+0000] {logging_mixin.py:120} INFO - [2024-07-31T09:01:38.298+0000] {dag.py:2585} INFO - Sync 1 DAGs
[2024-07-31T09:01:38.327+0000] {logging_mixin.py:120} INFO - [2024-07-31T09:01:38.327+0000] {dag.py:3340} INFO - Setting next_dagrun for example_sla_dag to 2024-07-31T08:58:00+00:00, run_after=2024-07-31T09:00:00+00:00
[2024-07-31T09:01:38.349+0000] {processor.py:176} INFO - Processing /home/airflow/.local/lib/python3.7/site-packages/airflow/example_dags/example_sla_dag.py took 0.119 seconds
[2024-07-31T09:02:08.505+0000] {processor.py:154} INFO - Started process (PID=416) to work on /home/airflow/.local/lib/python3.7/site-packages/airflow/example_dags/example_sla_dag.py
[2024-07-31T09:02:08.506+0000] {processor.py:756} INFO - Processing file /home/airflow/.local/lib/python3.7/site-packages/airflow/example_dags/example_sla_dag.py for tasks to queue
[2024-07-31T09:02:08.508+0000] {logging_mixin.py:120} INFO - [2024-07-31T09:02:08.508+0000] {dagbag.py:537} INFO - Filling up the DagBag from /home/airflow/.local/lib/python3.7/site-packages/airflow/example_dags/example_sla_dag.py
[2024-07-31T09:02:08.532+0000] {processor.py:766} INFO - DAG(s) dict_keys(['example_sla_dag']) retrieved from /home/airflow/.local/lib/python3.7/site-packages/airflow/example_dags/example_sla_dag.py
[2024-07-31T09:02:08.557+0000] {logging_mixin.py:120} INFO - [2024-07-31T09:02:08.556+0000] {dag.py:2585} INFO - Sync 1 DAGs
[2024-07-31T09:02:08.589+0000] {logging_mixin.py:120} INFO - [2024-07-31T09:02:08.589+0000] {dag.py:3340} INFO - Setting next_dagrun for example_sla_dag to 2024-07-31T09:00:00+00:00, run_after=2024-07-31T09:02:00+00:00
[2024-07-31T09:02:08.608+0000] {processor.py:176} INFO - Processing /home/airflow/.local/lib/python3.7/site-packages/airflow/example_dags/example_sla_dag.py took 0.107 seconds
[2024-07-31T09:02:39.166+0000] {processor.py:154} INFO - Started process (PID=479) to work on /home/airflow/.local/lib/python3.7/site-packages/airflow/example_dags/example_sla_dag.py
[2024-07-31T09:02:39.167+0000] {processor.py:756} INFO - Processing file /home/airflow/.local/lib/python3.7/site-packages/airflow/example_dags/example_sla_dag.py for tasks to queue
[2024-07-31T09:02:39.168+0000] {logging_mixin.py:120} INFO - [2024-07-31T09:02:39.167+0000] {dagbag.py:537} INFO - Filling up the DagBag from /home/airflow/.local/lib/python3.7/site-packages/airflow/example_dags/example_sla_dag.py
[2024-07-31T09:02:39.187+0000] {processor.py:766} INFO - DAG(s) dict_keys(['example_sla_dag']) retrieved from /home/airflow/.local/lib/python3.7/site-packages/airflow/example_dags/example_sla_dag.py
[2024-07-31T09:02:39.225+0000] {logging_mixin.py:120} INFO - [2024-07-31T09:02:39.224+0000] {dag.py:2585} INFO - Sync 1 DAGs
[2024-07-31T09:02:39.255+0000] {logging_mixin.py:120} INFO - [2024-07-31T09:02:39.255+0000] {dag.py:3340} INFO - Setting next_dagrun for example_sla_dag to 2024-07-31T09:00:00+00:00, run_after=2024-07-31T09:02:00+00:00
[2024-07-31T09:02:39.272+0000] {processor.py:176} INFO - Processing /home/airflow/.local/lib/python3.7/site-packages/airflow/example_dags/example_sla_dag.py took 0.109 seconds
[2024-07-31T09:03:09.831+0000] {processor.py:154} INFO - Started process (PID=533) to work on /home/airflow/.local/lib/python3.7/site-packages/airflow/example_dags/example_sla_dag.py
[2024-07-31T09:03:09.832+0000] {processor.py:756} INFO - Processing file /home/airflow/.local/lib/python3.7/site-packages/airflow/example_dags/example_sla_dag.py for tasks to queue
[2024-07-31T09:03:09.833+0000] {logging_mixin.py:120} INFO - [2024-07-31T09:03:09.833+0000] {dagbag.py:537} INFO - Filling up the DagBag from /home/airflow/.local/lib/python3.7/site-packages/airflow/example_dags/example_sla_dag.py
[2024-07-31T09:03:09.861+0000] {processor.py:766} INFO - DAG(s) dict_keys(['example_sla_dag']) retrieved from /home/airflow/.local/lib/python3.7/site-packages/airflow/example_dags/example_sla_dag.py
[2024-07-31T09:03:09.913+0000] {logging_mixin.py:120} INFO - [2024-07-31T09:03:09.913+0000] {dag.py:2585} INFO - Sync 1 DAGs
[2024-07-31T09:03:09.950+0000] {logging_mixin.py:120} INFO - [2024-07-31T09:03:09.950+0000] {dag.py:3340} INFO - Setting next_dagrun for example_sla_dag to 2024-07-31T09:00:00+00:00, run_after=2024-07-31T09:02:00+00:00
[2024-07-31T09:03:09.977+0000] {processor.py:176} INFO - Processing /home/airflow/.local/lib/python3.7/site-packages/airflow/example_dags/example_sla_dag.py took 0.150 seconds
