[2024-07-31T08:52:57.799+0000] {processor.py:154} INFO - Started process (PID=80) to work on /home/airflow/.local/lib/python3.7/site-packages/airflow/example_dags/example_complex.py
[2024-07-31T08:52:57.800+0000] {processor.py:756} INFO - Processing file /home/airflow/.local/lib/python3.7/site-packages/airflow/example_dags/example_complex.py for tasks to queue
[2024-07-31T08:52:57.801+0000] {logging_mixin.py:120} INFO - [2024-07-31T08:52:57.801+0000] {dagbag.py:537} INFO - Filling up the DagBag from /home/airflow/.local/lib/python3.7/site-packages/airflow/example_dags/example_complex.py
[2024-07-31T08:52:57.814+0000] {logging_mixin.py:120} INFO - [2024-07-31T08:52:57.814+0000] {taskmixin.py:205} WARNING - Dependency <Task(BashOperator): create_entry_group>, delete_entry_group already registered for DAG: example_complex
[2024-07-31T08:52:57.815+0000] {logging_mixin.py:120} INFO - [2024-07-31T08:52:57.814+0000] {taskmixin.py:205} WARNING - Dependency <Task(BashOperator): delete_entry_group>, create_entry_group already registered for DAG: example_complex
[2024-07-31T08:52:57.815+0000] {logging_mixin.py:120} INFO - [2024-07-31T08:52:57.815+0000] {taskmixin.py:205} WARNING - Dependency <Task(BashOperator): create_entry_gcs>, delete_entry already registered for DAG: example_complex
[2024-07-31T08:52:57.815+0000] {logging_mixin.py:120} INFO - [2024-07-31T08:52:57.815+0000] {taskmixin.py:205} WARNING - Dependency <Task(BashOperator): delete_entry>, create_entry_gcs already registered for DAG: example_complex
[2024-07-31T08:52:57.816+0000] {logging_mixin.py:120} INFO - [2024-07-31T08:52:57.816+0000] {taskmixin.py:205} WARNING - Dependency <Task(BashOperator): create_tag>, delete_tag already registered for DAG: example_complex
[2024-07-31T08:52:57.816+0000] {logging_mixin.py:120} INFO - [2024-07-31T08:52:57.816+0000] {taskmixin.py:205} WARNING - Dependency <Task(BashOperator): delete_tag>, create_tag already registered for DAG: example_complex
[2024-07-31T08:52:57.825+0000] {processor.py:766} INFO - DAG(s) dict_keys(['example_complex']) retrieved from /home/airflow/.local/lib/python3.7/site-packages/airflow/example_dags/example_complex.py
[2024-07-31T08:52:58.007+0000] {logging_mixin.py:120} INFO - [2024-07-31T08:52:58.007+0000] {manager.py:507} INFO - Created Permission View: can read on DAG:example_complex
[2024-07-31T08:52:58.021+0000] {logging_mixin.py:120} INFO - [2024-07-31T08:52:58.021+0000] {manager.py:507} INFO - Created Permission View: can edit on DAG:example_complex
[2024-07-31T08:52:58.031+0000] {logging_mixin.py:120} INFO - [2024-07-31T08:52:58.031+0000] {manager.py:507} INFO - Created Permission View: can delete on DAG:example_complex
[2024-07-31T08:52:58.032+0000] {logging_mixin.py:120} INFO - [2024-07-31T08:52:58.032+0000] {dag.py:2585} INFO - Sync 1 DAGs
[2024-07-31T08:52:58.047+0000] {logging_mixin.py:120} INFO - [2024-07-31T08:52:58.047+0000] {dag.py:2606} INFO - Creating ORM DAG for example_complex
[2024-07-31T08:52:58.060+0000] {logging_mixin.py:120} INFO - [2024-07-31T08:52:58.060+0000] {dag.py:3340} INFO - Setting next_dagrun for example_complex to None, run_after=None
[2024-07-31T08:52:58.088+0000] {processor.py:176} INFO - Processing /home/airflow/.local/lib/python3.7/site-packages/airflow/example_dags/example_complex.py took 0.291 seconds
[2024-07-31T08:53:28.411+0000] {processor.py:154} INFO - Started process (PID=143) to work on /home/airflow/.local/lib/python3.7/site-packages/airflow/example_dags/example_complex.py
[2024-07-31T08:53:28.412+0000] {processor.py:756} INFO - Processing file /home/airflow/.local/lib/python3.7/site-packages/airflow/example_dags/example_complex.py for tasks to queue
[2024-07-31T08:53:28.412+0000] {logging_mixin.py:120} INFO - [2024-07-31T08:53:28.412+0000] {dagbag.py:537} INFO - Filling up the DagBag from /home/airflow/.local/lib/python3.7/site-packages/airflow/example_dags/example_complex.py
[2024-07-31T08:53:28.422+0000] {logging_mixin.py:120} INFO - [2024-07-31T08:53:28.422+0000] {taskmixin.py:205} WARNING - Dependency <Task(BashOperator): create_entry_group>, delete_entry_group already registered for DAG: example_complex
[2024-07-31T08:53:28.423+0000] {logging_mixin.py:120} INFO - [2024-07-31T08:53:28.423+0000] {taskmixin.py:205} WARNING - Dependency <Task(BashOperator): delete_entry_group>, create_entry_group already registered for DAG: example_complex
[2024-07-31T08:53:28.423+0000] {logging_mixin.py:120} INFO - [2024-07-31T08:53:28.423+0000] {taskmixin.py:205} WARNING - Dependency <Task(BashOperator): create_entry_gcs>, delete_entry already registered for DAG: example_complex
[2024-07-31T08:53:28.424+0000] {logging_mixin.py:120} INFO - [2024-07-31T08:53:28.424+0000] {taskmixin.py:205} WARNING - Dependency <Task(BashOperator): delete_entry>, create_entry_gcs already registered for DAG: example_complex
[2024-07-31T08:53:28.424+0000] {logging_mixin.py:120} INFO - [2024-07-31T08:53:28.424+0000] {taskmixin.py:205} WARNING - Dependency <Task(BashOperator): create_tag>, delete_tag already registered for DAG: example_complex
[2024-07-31T08:53:28.425+0000] {logging_mixin.py:120} INFO - [2024-07-31T08:53:28.425+0000] {taskmixin.py:205} WARNING - Dependency <Task(BashOperator): delete_tag>, create_tag already registered for DAG: example_complex
[2024-07-31T08:53:28.434+0000] {processor.py:766} INFO - DAG(s) dict_keys(['example_complex']) retrieved from /home/airflow/.local/lib/python3.7/site-packages/airflow/example_dags/example_complex.py
[2024-07-31T08:53:28.476+0000] {logging_mixin.py:120} INFO - [2024-07-31T08:53:28.476+0000] {dag.py:2585} INFO - Sync 1 DAGs
[2024-07-31T08:53:28.499+0000] {logging_mixin.py:120} INFO - [2024-07-31T08:53:28.499+0000] {dag.py:3340} INFO - Setting next_dagrun for example_complex to None, run_after=None
[2024-07-31T08:53:28.516+0000] {processor.py:176} INFO - Processing /home/airflow/.local/lib/python3.7/site-packages/airflow/example_dags/example_complex.py took 0.107 seconds
[2024-07-31T08:53:58.877+0000] {processor.py:154} INFO - Started process (PID=207) to work on /home/airflow/.local/lib/python3.7/site-packages/airflow/example_dags/example_complex.py
[2024-07-31T08:53:58.878+0000] {processor.py:756} INFO - Processing file /home/airflow/.local/lib/python3.7/site-packages/airflow/example_dags/example_complex.py for tasks to queue
[2024-07-31T08:53:58.879+0000] {logging_mixin.py:120} INFO - [2024-07-31T08:53:58.879+0000] {dagbag.py:537} INFO - Filling up the DagBag from /home/airflow/.local/lib/python3.7/site-packages/airflow/example_dags/example_complex.py
[2024-07-31T08:53:58.889+0000] {logging_mixin.py:120} INFO - [2024-07-31T08:53:58.889+0000] {taskmixin.py:205} WARNING - Dependency <Task(BashOperator): create_entry_group>, delete_entry_group already registered for DAG: example_complex
[2024-07-31T08:53:58.889+0000] {logging_mixin.py:120} INFO - [2024-07-31T08:53:58.889+0000] {taskmixin.py:205} WARNING - Dependency <Task(BashOperator): delete_entry_group>, create_entry_group already registered for DAG: example_complex
[2024-07-31T08:53:58.890+0000] {logging_mixin.py:120} INFO - [2024-07-31T08:53:58.890+0000] {taskmixin.py:205} WARNING - Dependency <Task(BashOperator): create_entry_gcs>, delete_entry already registered for DAG: example_complex
[2024-07-31T08:53:58.890+0000] {logging_mixin.py:120} INFO - [2024-07-31T08:53:58.890+0000] {taskmixin.py:205} WARNING - Dependency <Task(BashOperator): delete_entry>, create_entry_gcs already registered for DAG: example_complex
[2024-07-31T08:53:58.891+0000] {logging_mixin.py:120} INFO - [2024-07-31T08:53:58.890+0000] {taskmixin.py:205} WARNING - Dependency <Task(BashOperator): create_tag>, delete_tag already registered for DAG: example_complex
[2024-07-31T08:53:58.891+0000] {logging_mixin.py:120} INFO - [2024-07-31T08:53:58.891+0000] {taskmixin.py:205} WARNING - Dependency <Task(BashOperator): delete_tag>, create_tag already registered for DAG: example_complex
[2024-07-31T08:53:58.898+0000] {processor.py:766} INFO - DAG(s) dict_keys(['example_complex']) retrieved from /home/airflow/.local/lib/python3.7/site-packages/airflow/example_dags/example_complex.py
[2024-07-31T08:53:58.943+0000] {logging_mixin.py:120} INFO - [2024-07-31T08:53:58.943+0000] {dag.py:2585} INFO - Sync 1 DAGs
[2024-07-31T08:53:58.969+0000] {logging_mixin.py:120} INFO - [2024-07-31T08:53:58.969+0000] {dag.py:3340} INFO - Setting next_dagrun for example_complex to None, run_after=None
[2024-07-31T08:53:58.991+0000] {processor.py:176} INFO - Processing /home/airflow/.local/lib/python3.7/site-packages/airflow/example_dags/example_complex.py took 0.117 seconds
[2024-07-31T08:54:29.458+0000] {processor.py:154} INFO - Started process (PID=261) to work on /home/airflow/.local/lib/python3.7/site-packages/airflow/example_dags/example_complex.py
[2024-07-31T08:54:29.459+0000] {processor.py:756} INFO - Processing file /home/airflow/.local/lib/python3.7/site-packages/airflow/example_dags/example_complex.py for tasks to queue
[2024-07-31T08:54:29.459+0000] {logging_mixin.py:120} INFO - [2024-07-31T08:54:29.459+0000] {dagbag.py:537} INFO - Filling up the DagBag from /home/airflow/.local/lib/python3.7/site-packages/airflow/example_dags/example_complex.py
[2024-07-31T08:54:29.469+0000] {logging_mixin.py:120} INFO - [2024-07-31T08:54:29.469+0000] {taskmixin.py:205} WARNING - Dependency <Task(BashOperator): create_entry_group>, delete_entry_group already registered for DAG: example_complex
[2024-07-31T08:54:29.470+0000] {logging_mixin.py:120} INFO - [2024-07-31T08:54:29.470+0000] {taskmixin.py:205} WARNING - Dependency <Task(BashOperator): delete_entry_group>, create_entry_group already registered for DAG: example_complex
[2024-07-31T08:54:29.470+0000] {logging_mixin.py:120} INFO - [2024-07-31T08:54:29.470+0000] {taskmixin.py:205} WARNING - Dependency <Task(BashOperator): create_entry_gcs>, delete_entry already registered for DAG: example_complex
[2024-07-31T08:54:29.471+0000] {logging_mixin.py:120} INFO - [2024-07-31T08:54:29.470+0000] {taskmixin.py:205} WARNING - Dependency <Task(BashOperator): delete_entry>, create_entry_gcs already registered for DAG: example_complex
[2024-07-31T08:54:29.471+0000] {logging_mixin.py:120} INFO - [2024-07-31T08:54:29.471+0000] {taskmixin.py:205} WARNING - Dependency <Task(BashOperator): create_tag>, delete_tag already registered for DAG: example_complex
[2024-07-31T08:54:29.471+0000] {logging_mixin.py:120} INFO - [2024-07-31T08:54:29.471+0000] {taskmixin.py:205} WARNING - Dependency <Task(BashOperator): delete_tag>, create_tag already registered for DAG: example_complex
[2024-07-31T08:54:29.478+0000] {processor.py:766} INFO - DAG(s) dict_keys(['example_complex']) retrieved from /home/airflow/.local/lib/python3.7/site-packages/airflow/example_dags/example_complex.py
[2024-07-31T08:54:29.519+0000] {logging_mixin.py:120} INFO - [2024-07-31T08:54:29.519+0000] {dag.py:2585} INFO - Sync 1 DAGs
[2024-07-31T08:54:29.541+0000] {logging_mixin.py:120} INFO - [2024-07-31T08:54:29.541+0000] {dag.py:3340} INFO - Setting next_dagrun for example_complex to None, run_after=None
[2024-07-31T08:54:29.559+0000] {processor.py:176} INFO - Processing /home/airflow/.local/lib/python3.7/site-packages/airflow/example_dags/example_complex.py took 0.103 seconds
[2024-07-31T08:55:00.348+0000] {processor.py:154} INFO - Started process (PID=324) to work on /home/airflow/.local/lib/python3.7/site-packages/airflow/example_dags/example_complex.py
[2024-07-31T08:55:00.349+0000] {processor.py:756} INFO - Processing file /home/airflow/.local/lib/python3.7/site-packages/airflow/example_dags/example_complex.py for tasks to queue
[2024-07-31T08:55:00.350+0000] {logging_mixin.py:120} INFO - [2024-07-31T08:55:00.350+0000] {dagbag.py:537} INFO - Filling up the DagBag from /home/airflow/.local/lib/python3.7/site-packages/airflow/example_dags/example_complex.py
[2024-07-31T08:55:00.361+0000] {logging_mixin.py:120} INFO - [2024-07-31T08:55:00.361+0000] {taskmixin.py:205} WARNING - Dependency <Task(BashOperator): create_entry_group>, delete_entry_group already registered for DAG: example_complex
[2024-07-31T08:55:00.362+0000] {logging_mixin.py:120} INFO - [2024-07-31T08:55:00.362+0000] {taskmixin.py:205} WARNING - Dependency <Task(BashOperator): delete_entry_group>, create_entry_group already registered for DAG: example_complex
[2024-07-31T08:55:00.362+0000] {logging_mixin.py:120} INFO - [2024-07-31T08:55:00.362+0000] {taskmixin.py:205} WARNING - Dependency <Task(BashOperator): create_entry_gcs>, delete_entry already registered for DAG: example_complex
[2024-07-31T08:55:00.363+0000] {logging_mixin.py:120} INFO - [2024-07-31T08:55:00.363+0000] {taskmixin.py:205} WARNING - Dependency <Task(BashOperator): delete_entry>, create_entry_gcs already registered for DAG: example_complex
[2024-07-31T08:55:00.363+0000] {logging_mixin.py:120} INFO - [2024-07-31T08:55:00.363+0000] {taskmixin.py:205} WARNING - Dependency <Task(BashOperator): create_tag>, delete_tag already registered for DAG: example_complex
[2024-07-31T08:55:00.364+0000] {logging_mixin.py:120} INFO - [2024-07-31T08:55:00.364+0000] {taskmixin.py:205} WARNING - Dependency <Task(BashOperator): delete_tag>, create_tag already registered for DAG: example_complex
[2024-07-31T08:55:00.371+0000] {processor.py:766} INFO - DAG(s) dict_keys(['example_complex']) retrieved from /home/airflow/.local/lib/python3.7/site-packages/airflow/example_dags/example_complex.py
[2024-07-31T08:55:00.425+0000] {logging_mixin.py:120} INFO - [2024-07-31T08:55:00.425+0000] {dag.py:2585} INFO - Sync 1 DAGs
[2024-07-31T08:55:00.459+0000] {logging_mixin.py:120} INFO - [2024-07-31T08:55:00.459+0000] {dag.py:3340} INFO - Setting next_dagrun for example_complex to None, run_after=None
[2024-07-31T08:55:00.480+0000] {processor.py:176} INFO - Processing /home/airflow/.local/lib/python3.7/site-packages/airflow/example_dags/example_complex.py took 0.134 seconds
[2024-07-31T08:55:30.681+0000] {processor.py:154} INFO - Started process (PID=387) to work on /home/airflow/.local/lib/python3.7/site-packages/airflow/example_dags/example_complex.py
[2024-07-31T08:55:30.681+0000] {processor.py:756} INFO - Processing file /home/airflow/.local/lib/python3.7/site-packages/airflow/example_dags/example_complex.py for tasks to queue
[2024-07-31T08:55:30.682+0000] {logging_mixin.py:120} INFO - [2024-07-31T08:55:30.682+0000] {dagbag.py:537} INFO - Filling up the DagBag from /home/airflow/.local/lib/python3.7/site-packages/airflow/example_dags/example_complex.py
[2024-07-31T08:55:30.692+0000] {logging_mixin.py:120} INFO - [2024-07-31T08:55:30.692+0000] {taskmixin.py:205} WARNING - Dependency <Task(BashOperator): create_entry_group>, delete_entry_group already registered for DAG: example_complex
[2024-07-31T08:55:30.693+0000] {logging_mixin.py:120} INFO - [2024-07-31T08:55:30.692+0000] {taskmixin.py:205} WARNING - Dependency <Task(BashOperator): delete_entry_group>, create_entry_group already registered for DAG: example_complex
[2024-07-31T08:55:30.693+0000] {logging_mixin.py:120} INFO - [2024-07-31T08:55:30.693+0000] {taskmixin.py:205} WARNING - Dependency <Task(BashOperator): create_entry_gcs>, delete_entry already registered for DAG: example_complex
[2024-07-31T08:55:30.693+0000] {logging_mixin.py:120} INFO - [2024-07-31T08:55:30.693+0000] {taskmixin.py:205} WARNING - Dependency <Task(BashOperator): delete_entry>, create_entry_gcs already registered for DAG: example_complex
[2024-07-31T08:55:30.694+0000] {logging_mixin.py:120} INFO - [2024-07-31T08:55:30.694+0000] {taskmixin.py:205} WARNING - Dependency <Task(BashOperator): create_tag>, delete_tag already registered for DAG: example_complex
[2024-07-31T08:55:30.694+0000] {logging_mixin.py:120} INFO - [2024-07-31T08:55:30.694+0000] {taskmixin.py:205} WARNING - Dependency <Task(BashOperator): delete_tag>, create_tag already registered for DAG: example_complex
[2024-07-31T08:55:30.702+0000] {processor.py:766} INFO - DAG(s) dict_keys(['example_complex']) retrieved from /home/airflow/.local/lib/python3.7/site-packages/airflow/example_dags/example_complex.py
[2024-07-31T08:55:30.745+0000] {logging_mixin.py:120} INFO - [2024-07-31T08:55:30.744+0000] {dag.py:2585} INFO - Sync 1 DAGs
[2024-07-31T08:55:30.767+0000] {logging_mixin.py:120} INFO - [2024-07-31T08:55:30.767+0000] {dag.py:3340} INFO - Setting next_dagrun for example_complex to None, run_after=None
[2024-07-31T08:55:30.788+0000] {processor.py:176} INFO - Processing /home/airflow/.local/lib/python3.7/site-packages/airflow/example_dags/example_complex.py took 0.110 seconds
[2024-07-31T08:56:01.469+0000] {processor.py:154} INFO - Started process (PID=441) to work on /home/airflow/.local/lib/python3.7/site-packages/airflow/example_dags/example_complex.py
[2024-07-31T08:56:01.470+0000] {processor.py:756} INFO - Processing file /home/airflow/.local/lib/python3.7/site-packages/airflow/example_dags/example_complex.py for tasks to queue
[2024-07-31T08:56:01.470+0000] {logging_mixin.py:120} INFO - [2024-07-31T08:56:01.470+0000] {dagbag.py:537} INFO - Filling up the DagBag from /home/airflow/.local/lib/python3.7/site-packages/airflow/example_dags/example_complex.py
[2024-07-31T08:56:01.480+0000] {logging_mixin.py:120} INFO - [2024-07-31T08:56:01.480+0000] {taskmixin.py:205} WARNING - Dependency <Task(BashOperator): create_entry_group>, delete_entry_group already registered for DAG: example_complex
[2024-07-31T08:56:01.480+0000] {logging_mixin.py:120} INFO - [2024-07-31T08:56:01.480+0000] {taskmixin.py:205} WARNING - Dependency <Task(BashOperator): delete_entry_group>, create_entry_group already registered for DAG: example_complex
[2024-07-31T08:56:01.481+0000] {logging_mixin.py:120} INFO - [2024-07-31T08:56:01.481+0000] {taskmixin.py:205} WARNING - Dependency <Task(BashOperator): create_entry_gcs>, delete_entry already registered for DAG: example_complex
[2024-07-31T08:56:01.481+0000] {logging_mixin.py:120} INFO - [2024-07-31T08:56:01.481+0000] {taskmixin.py:205} WARNING - Dependency <Task(BashOperator): delete_entry>, create_entry_gcs already registered for DAG: example_complex
[2024-07-31T08:56:01.482+0000] {logging_mixin.py:120} INFO - [2024-07-31T08:56:01.482+0000] {taskmixin.py:205} WARNING - Dependency <Task(BashOperator): create_tag>, delete_tag already registered for DAG: example_complex
[2024-07-31T08:56:01.482+0000] {logging_mixin.py:120} INFO - [2024-07-31T08:56:01.482+0000] {taskmixin.py:205} WARNING - Dependency <Task(BashOperator): delete_tag>, create_tag already registered for DAG: example_complex
[2024-07-31T08:56:01.488+0000] {processor.py:766} INFO - DAG(s) dict_keys(['example_complex']) retrieved from /home/airflow/.local/lib/python3.7/site-packages/airflow/example_dags/example_complex.py
[2024-07-31T08:56:01.526+0000] {logging_mixin.py:120} INFO - [2024-07-31T08:56:01.526+0000] {dag.py:2585} INFO - Sync 1 DAGs
[2024-07-31T08:56:01.548+0000] {logging_mixin.py:120} INFO - [2024-07-31T08:56:01.547+0000] {dag.py:3340} INFO - Setting next_dagrun for example_complex to None, run_after=None
[2024-07-31T08:56:01.565+0000] {processor.py:176} INFO - Processing /home/airflow/.local/lib/python3.7/site-packages/airflow/example_dags/example_complex.py took 0.098 seconds
[2024-07-31T08:57:10.875+0000] {processor.py:154} INFO - Started process (PID=81) to work on /home/airflow/.local/lib/python3.7/site-packages/airflow/example_dags/example_complex.py
[2024-07-31T08:57:10.876+0000] {processor.py:756} INFO - Processing file /home/airflow/.local/lib/python3.7/site-packages/airflow/example_dags/example_complex.py for tasks to queue
[2024-07-31T08:57:10.877+0000] {logging_mixin.py:120} INFO - [2024-07-31T08:57:10.877+0000] {dagbag.py:537} INFO - Filling up the DagBag from /home/airflow/.local/lib/python3.7/site-packages/airflow/example_dags/example_complex.py
[2024-07-31T08:57:10.888+0000] {logging_mixin.py:120} INFO - [2024-07-31T08:57:10.888+0000] {taskmixin.py:205} WARNING - Dependency <Task(BashOperator): create_entry_group>, delete_entry_group already registered for DAG: example_complex
[2024-07-31T08:57:10.889+0000] {logging_mixin.py:120} INFO - [2024-07-31T08:57:10.889+0000] {taskmixin.py:205} WARNING - Dependency <Task(BashOperator): delete_entry_group>, create_entry_group already registered for DAG: example_complex
[2024-07-31T08:57:10.890+0000] {logging_mixin.py:120} INFO - [2024-07-31T08:57:10.890+0000] {taskmixin.py:205} WARNING - Dependency <Task(BashOperator): create_entry_gcs>, delete_entry already registered for DAG: example_complex
[2024-07-31T08:57:10.890+0000] {logging_mixin.py:120} INFO - [2024-07-31T08:57:10.890+0000] {taskmixin.py:205} WARNING - Dependency <Task(BashOperator): delete_entry>, create_entry_gcs already registered for DAG: example_complex
[2024-07-31T08:57:10.891+0000] {logging_mixin.py:120} INFO - [2024-07-31T08:57:10.890+0000] {taskmixin.py:205} WARNING - Dependency <Task(BashOperator): create_tag>, delete_tag already registered for DAG: example_complex
[2024-07-31T08:57:10.891+0000] {logging_mixin.py:120} INFO - [2024-07-31T08:57:10.891+0000] {taskmixin.py:205} WARNING - Dependency <Task(BashOperator): delete_tag>, create_tag already registered for DAG: example_complex
[2024-07-31T08:57:10.899+0000] {processor.py:766} INFO - DAG(s) dict_keys(['example_complex']) retrieved from /home/airflow/.local/lib/python3.7/site-packages/airflow/example_dags/example_complex.py
[2024-07-31T08:57:10.926+0000] {logging_mixin.py:120} INFO - [2024-07-31T08:57:10.926+0000] {dag.py:2585} INFO - Sync 1 DAGs
[2024-07-31T08:57:10.955+0000] {logging_mixin.py:120} INFO - [2024-07-31T08:57:10.954+0000] {dag.py:3340} INFO - Setting next_dagrun for example_complex to None, run_after=None
[2024-07-31T08:57:10.976+0000] {processor.py:176} INFO - Processing /home/airflow/.local/lib/python3.7/site-packages/airflow/example_dags/example_complex.py took 0.103 seconds
[2024-07-31T08:57:41.641+0000] {processor.py:154} INFO - Started process (PID=135) to work on /home/airflow/.local/lib/python3.7/site-packages/airflow/example_dags/example_complex.py
[2024-07-31T08:57:41.642+0000] {processor.py:756} INFO - Processing file /home/airflow/.local/lib/python3.7/site-packages/airflow/example_dags/example_complex.py for tasks to queue
[2024-07-31T08:57:41.643+0000] {logging_mixin.py:120} INFO - [2024-07-31T08:57:41.643+0000] {dagbag.py:537} INFO - Filling up the DagBag from /home/airflow/.local/lib/python3.7/site-packages/airflow/example_dags/example_complex.py
[2024-07-31T08:57:41.654+0000] {logging_mixin.py:120} INFO - [2024-07-31T08:57:41.653+0000] {taskmixin.py:205} WARNING - Dependency <Task(BashOperator): create_entry_group>, delete_entry_group already registered for DAG: example_complex
[2024-07-31T08:57:41.654+0000] {logging_mixin.py:120} INFO - [2024-07-31T08:57:41.654+0000] {taskmixin.py:205} WARNING - Dependency <Task(BashOperator): delete_entry_group>, create_entry_group already registered for DAG: example_complex
[2024-07-31T08:57:41.655+0000] {logging_mixin.py:120} INFO - [2024-07-31T08:57:41.654+0000] {taskmixin.py:205} WARNING - Dependency <Task(BashOperator): create_entry_gcs>, delete_entry already registered for DAG: example_complex
[2024-07-31T08:57:41.655+0000] {logging_mixin.py:120} INFO - [2024-07-31T08:57:41.655+0000] {taskmixin.py:205} WARNING - Dependency <Task(BashOperator): delete_entry>, create_entry_gcs already registered for DAG: example_complex
[2024-07-31T08:57:41.655+0000] {logging_mixin.py:120} INFO - [2024-07-31T08:57:41.655+0000] {taskmixin.py:205} WARNING - Dependency <Task(BashOperator): create_tag>, delete_tag already registered for DAG: example_complex
[2024-07-31T08:57:41.656+0000] {logging_mixin.py:120} INFO - [2024-07-31T08:57:41.656+0000] {taskmixin.py:205} WARNING - Dependency <Task(BashOperator): delete_tag>, create_tag already registered for DAG: example_complex
[2024-07-31T08:57:41.664+0000] {processor.py:766} INFO - DAG(s) dict_keys(['example_complex']) retrieved from /home/airflow/.local/lib/python3.7/site-packages/airflow/example_dags/example_complex.py
[2024-07-31T08:57:41.706+0000] {logging_mixin.py:120} INFO - [2024-07-31T08:57:41.706+0000] {dag.py:2585} INFO - Sync 1 DAGs
[2024-07-31T08:57:41.730+0000] {logging_mixin.py:120} INFO - [2024-07-31T08:57:41.730+0000] {dag.py:3340} INFO - Setting next_dagrun for example_complex to None, run_after=None
[2024-07-31T08:57:41.748+0000] {processor.py:176} INFO - Processing /home/airflow/.local/lib/python3.7/site-packages/airflow/example_dags/example_complex.py took 0.109 seconds
[2024-07-31T08:59:05.746+0000] {processor.py:154} INFO - Started process (PID=80) to work on /home/airflow/.local/lib/python3.7/site-packages/airflow/example_dags/example_complex.py
[2024-07-31T08:59:05.747+0000] {processor.py:756} INFO - Processing file /home/airflow/.local/lib/python3.7/site-packages/airflow/example_dags/example_complex.py for tasks to queue
[2024-07-31T08:59:05.748+0000] {logging_mixin.py:120} INFO - [2024-07-31T08:59:05.748+0000] {dagbag.py:537} INFO - Filling up the DagBag from /home/airflow/.local/lib/python3.7/site-packages/airflow/example_dags/example_complex.py
[2024-07-31T08:59:05.760+0000] {logging_mixin.py:120} INFO - [2024-07-31T08:59:05.760+0000] {taskmixin.py:205} WARNING - Dependency <Task(BashOperator): create_entry_group>, delete_entry_group already registered for DAG: example_complex
[2024-07-31T08:59:05.760+0000] {logging_mixin.py:120} INFO - [2024-07-31T08:59:05.760+0000] {taskmixin.py:205} WARNING - Dependency <Task(BashOperator): delete_entry_group>, create_entry_group already registered for DAG: example_complex
[2024-07-31T08:59:05.761+0000] {logging_mixin.py:120} INFO - [2024-07-31T08:59:05.761+0000] {taskmixin.py:205} WARNING - Dependency <Task(BashOperator): create_entry_gcs>, delete_entry already registered for DAG: example_complex
[2024-07-31T08:59:05.761+0000] {logging_mixin.py:120} INFO - [2024-07-31T08:59:05.761+0000] {taskmixin.py:205} WARNING - Dependency <Task(BashOperator): delete_entry>, create_entry_gcs already registered for DAG: example_complex
[2024-07-31T08:59:05.762+0000] {logging_mixin.py:120} INFO - [2024-07-31T08:59:05.762+0000] {taskmixin.py:205} WARNING - Dependency <Task(BashOperator): create_tag>, delete_tag already registered for DAG: example_complex
[2024-07-31T08:59:05.762+0000] {logging_mixin.py:120} INFO - [2024-07-31T08:59:05.762+0000] {taskmixin.py:205} WARNING - Dependency <Task(BashOperator): delete_tag>, create_tag already registered for DAG: example_complex
[2024-07-31T08:59:05.770+0000] {processor.py:766} INFO - DAG(s) dict_keys(['example_complex']) retrieved from /home/airflow/.local/lib/python3.7/site-packages/airflow/example_dags/example_complex.py
[2024-07-31T08:59:05.797+0000] {logging_mixin.py:120} INFO - [2024-07-31T08:59:05.796+0000] {dag.py:2585} INFO - Sync 1 DAGs
[2024-07-31T08:59:05.824+0000] {logging_mixin.py:120} INFO - [2024-07-31T08:59:05.824+0000] {dag.py:3340} INFO - Setting next_dagrun for example_complex to None, run_after=None
[2024-07-31T08:59:05.848+0000] {processor.py:176} INFO - Processing /home/airflow/.local/lib/python3.7/site-packages/airflow/example_dags/example_complex.py took 0.105 seconds
[2024-07-31T08:59:36.523+0000] {processor.py:154} INFO - Started process (PID=134) to work on /home/airflow/.local/lib/python3.7/site-packages/airflow/example_dags/example_complex.py
[2024-07-31T08:59:36.524+0000] {processor.py:756} INFO - Processing file /home/airflow/.local/lib/python3.7/site-packages/airflow/example_dags/example_complex.py for tasks to queue
[2024-07-31T08:59:36.524+0000] {logging_mixin.py:120} INFO - [2024-07-31T08:59:36.524+0000] {dagbag.py:537} INFO - Filling up the DagBag from /home/airflow/.local/lib/python3.7/site-packages/airflow/example_dags/example_complex.py
[2024-07-31T08:59:36.534+0000] {logging_mixin.py:120} INFO - [2024-07-31T08:59:36.534+0000] {taskmixin.py:205} WARNING - Dependency <Task(BashOperator): create_entry_group>, delete_entry_group already registered for DAG: example_complex
[2024-07-31T08:59:36.535+0000] {logging_mixin.py:120} INFO - [2024-07-31T08:59:36.535+0000] {taskmixin.py:205} WARNING - Dependency <Task(BashOperator): delete_entry_group>, create_entry_group already registered for DAG: example_complex
[2024-07-31T08:59:36.535+0000] {logging_mixin.py:120} INFO - [2024-07-31T08:59:36.535+0000] {taskmixin.py:205} WARNING - Dependency <Task(BashOperator): create_entry_gcs>, delete_entry already registered for DAG: example_complex
[2024-07-31T08:59:36.535+0000] {logging_mixin.py:120} INFO - [2024-07-31T08:59:36.535+0000] {taskmixin.py:205} WARNING - Dependency <Task(BashOperator): delete_entry>, create_entry_gcs already registered for DAG: example_complex
[2024-07-31T08:59:36.536+0000] {logging_mixin.py:120} INFO - [2024-07-31T08:59:36.536+0000] {taskmixin.py:205} WARNING - Dependency <Task(BashOperator): create_tag>, delete_tag already registered for DAG: example_complex
[2024-07-31T08:59:36.536+0000] {logging_mixin.py:120} INFO - [2024-07-31T08:59:36.536+0000] {taskmixin.py:205} WARNING - Dependency <Task(BashOperator): delete_tag>, create_tag already registered for DAG: example_complex
[2024-07-31T08:59:36.544+0000] {processor.py:766} INFO - DAG(s) dict_keys(['example_complex']) retrieved from /home/airflow/.local/lib/python3.7/site-packages/airflow/example_dags/example_complex.py
[2024-07-31T08:59:36.583+0000] {logging_mixin.py:120} INFO - [2024-07-31T08:59:36.583+0000] {dag.py:2585} INFO - Sync 1 DAGs
[2024-07-31T08:59:36.605+0000] {logging_mixin.py:120} INFO - [2024-07-31T08:59:36.605+0000] {dag.py:3340} INFO - Setting next_dagrun for example_complex to None, run_after=None
[2024-07-31T08:59:36.621+0000] {processor.py:176} INFO - Processing /home/airflow/.local/lib/python3.7/site-packages/airflow/example_dags/example_complex.py took 0.101 seconds
[2024-07-31T09:00:07.213+0000] {processor.py:154} INFO - Started process (PID=198) to work on /home/airflow/.local/lib/python3.7/site-packages/airflow/example_dags/example_complex.py
[2024-07-31T09:00:07.213+0000] {processor.py:756} INFO - Processing file /home/airflow/.local/lib/python3.7/site-packages/airflow/example_dags/example_complex.py for tasks to queue
[2024-07-31T09:00:07.214+0000] {logging_mixin.py:120} INFO - [2024-07-31T09:00:07.214+0000] {dagbag.py:537} INFO - Filling up the DagBag from /home/airflow/.local/lib/python3.7/site-packages/airflow/example_dags/example_complex.py
[2024-07-31T09:00:07.224+0000] {logging_mixin.py:120} INFO - [2024-07-31T09:00:07.224+0000] {taskmixin.py:205} WARNING - Dependency <Task(BashOperator): create_entry_group>, delete_entry_group already registered for DAG: example_complex
[2024-07-31T09:00:07.224+0000] {logging_mixin.py:120} INFO - [2024-07-31T09:00:07.224+0000] {taskmixin.py:205} WARNING - Dependency <Task(BashOperator): delete_entry_group>, create_entry_group already registered for DAG: example_complex
[2024-07-31T09:00:07.224+0000] {logging_mixin.py:120} INFO - [2024-07-31T09:00:07.224+0000] {taskmixin.py:205} WARNING - Dependency <Task(BashOperator): create_entry_gcs>, delete_entry already registered for DAG: example_complex
[2024-07-31T09:00:07.225+0000] {logging_mixin.py:120} INFO - [2024-07-31T09:00:07.225+0000] {taskmixin.py:205} WARNING - Dependency <Task(BashOperator): delete_entry>, create_entry_gcs already registered for DAG: example_complex
[2024-07-31T09:00:07.225+0000] {logging_mixin.py:120} INFO - [2024-07-31T09:00:07.225+0000] {taskmixin.py:205} WARNING - Dependency <Task(BashOperator): create_tag>, delete_tag already registered for DAG: example_complex
[2024-07-31T09:00:07.226+0000] {logging_mixin.py:120} INFO - [2024-07-31T09:00:07.225+0000] {taskmixin.py:205} WARNING - Dependency <Task(BashOperator): delete_tag>, create_tag already registered for DAG: example_complex
[2024-07-31T09:00:07.232+0000] {processor.py:766} INFO - DAG(s) dict_keys(['example_complex']) retrieved from /home/airflow/.local/lib/python3.7/site-packages/airflow/example_dags/example_complex.py
[2024-07-31T09:00:07.271+0000] {logging_mixin.py:120} INFO - [2024-07-31T09:00:07.271+0000] {dag.py:2585} INFO - Sync 1 DAGs
[2024-07-31T09:00:07.295+0000] {logging_mixin.py:120} INFO - [2024-07-31T09:00:07.295+0000] {dag.py:3340} INFO - Setting next_dagrun for example_complex to None, run_after=None
[2024-07-31T09:00:07.314+0000] {processor.py:176} INFO - Processing /home/airflow/.local/lib/python3.7/site-packages/airflow/example_dags/example_complex.py took 0.104 seconds
[2024-07-31T09:00:38.243+0000] {processor.py:154} INFO - Started process (PID=261) to work on /home/airflow/.local/lib/python3.7/site-packages/airflow/example_dags/example_complex.py
[2024-07-31T09:00:38.244+0000] {processor.py:756} INFO - Processing file /home/airflow/.local/lib/python3.7/site-packages/airflow/example_dags/example_complex.py for tasks to queue
[2024-07-31T09:00:38.245+0000] {logging_mixin.py:120} INFO - [2024-07-31T09:00:38.245+0000] {dagbag.py:537} INFO - Filling up the DagBag from /home/airflow/.local/lib/python3.7/site-packages/airflow/example_dags/example_complex.py
[2024-07-31T09:00:38.255+0000] {logging_mixin.py:120} INFO - [2024-07-31T09:00:38.255+0000] {taskmixin.py:205} WARNING - Dependency <Task(BashOperator): create_entry_group>, delete_entry_group already registered for DAG: example_complex
[2024-07-31T09:00:38.255+0000] {logging_mixin.py:120} INFO - [2024-07-31T09:00:38.255+0000] {taskmixin.py:205} WARNING - Dependency <Task(BashOperator): delete_entry_group>, create_entry_group already registered for DAG: example_complex
[2024-07-31T09:00:38.256+0000] {logging_mixin.py:120} INFO - [2024-07-31T09:00:38.256+0000] {taskmixin.py:205} WARNING - Dependency <Task(BashOperator): create_entry_gcs>, delete_entry already registered for DAG: example_complex
[2024-07-31T09:00:38.256+0000] {logging_mixin.py:120} INFO - [2024-07-31T09:00:38.256+0000] {taskmixin.py:205} WARNING - Dependency <Task(BashOperator): delete_entry>, create_entry_gcs already registered for DAG: example_complex
[2024-07-31T09:00:38.256+0000] {logging_mixin.py:120} INFO - [2024-07-31T09:00:38.256+0000] {taskmixin.py:205} WARNING - Dependency <Task(BashOperator): create_tag>, delete_tag already registered for DAG: example_complex
[2024-07-31T09:00:38.257+0000] {logging_mixin.py:120} INFO - [2024-07-31T09:00:38.257+0000] {taskmixin.py:205} WARNING - Dependency <Task(BashOperator): delete_tag>, create_tag already registered for DAG: example_complex
[2024-07-31T09:00:38.263+0000] {processor.py:766} INFO - DAG(s) dict_keys(['example_complex']) retrieved from /home/airflow/.local/lib/python3.7/site-packages/airflow/example_dags/example_complex.py
[2024-07-31T09:00:38.304+0000] {logging_mixin.py:120} INFO - [2024-07-31T09:00:38.304+0000] {dag.py:2585} INFO - Sync 1 DAGs
[2024-07-31T09:00:38.325+0000] {logging_mixin.py:120} INFO - [2024-07-31T09:00:38.325+0000] {dag.py:3340} INFO - Setting next_dagrun for example_complex to None, run_after=None
[2024-07-31T09:00:38.343+0000] {processor.py:176} INFO - Processing /home/airflow/.local/lib/python3.7/site-packages/airflow/example_dags/example_complex.py took 0.102 seconds
[2024-07-31T09:01:09.343+0000] {processor.py:154} INFO - Started process (PID=325) to work on /home/airflow/.local/lib/python3.7/site-packages/airflow/example_dags/example_complex.py
[2024-07-31T09:01:09.344+0000] {processor.py:756} INFO - Processing file /home/airflow/.local/lib/python3.7/site-packages/airflow/example_dags/example_complex.py for tasks to queue
[2024-07-31T09:01:09.344+0000] {logging_mixin.py:120} INFO - [2024-07-31T09:01:09.344+0000] {dagbag.py:537} INFO - Filling up the DagBag from /home/airflow/.local/lib/python3.7/site-packages/airflow/example_dags/example_complex.py
[2024-07-31T09:01:09.355+0000] {logging_mixin.py:120} INFO - [2024-07-31T09:01:09.355+0000] {taskmixin.py:205} WARNING - Dependency <Task(BashOperator): create_entry_group>, delete_entry_group already registered for DAG: example_complex
[2024-07-31T09:01:09.355+0000] {logging_mixin.py:120} INFO - [2024-07-31T09:01:09.355+0000] {taskmixin.py:205} WARNING - Dependency <Task(BashOperator): delete_entry_group>, create_entry_group already registered for DAG: example_complex
[2024-07-31T09:01:09.356+0000] {logging_mixin.py:120} INFO - [2024-07-31T09:01:09.356+0000] {taskmixin.py:205} WARNING - Dependency <Task(BashOperator): create_entry_gcs>, delete_entry already registered for DAG: example_complex
[2024-07-31T09:01:09.356+0000] {logging_mixin.py:120} INFO - [2024-07-31T09:01:09.356+0000] {taskmixin.py:205} WARNING - Dependency <Task(BashOperator): delete_entry>, create_entry_gcs already registered for DAG: example_complex
[2024-07-31T09:01:09.357+0000] {logging_mixin.py:120} INFO - [2024-07-31T09:01:09.357+0000] {taskmixin.py:205} WARNING - Dependency <Task(BashOperator): create_tag>, delete_tag already registered for DAG: example_complex
[2024-07-31T09:01:09.357+0000] {logging_mixin.py:120} INFO - [2024-07-31T09:01:09.357+0000] {taskmixin.py:205} WARNING - Dependency <Task(BashOperator): delete_tag>, create_tag already registered for DAG: example_complex
[2024-07-31T09:01:09.364+0000] {processor.py:766} INFO - DAG(s) dict_keys(['example_complex']) retrieved from /home/airflow/.local/lib/python3.7/site-packages/airflow/example_dags/example_complex.py
[2024-07-31T09:01:09.408+0000] {logging_mixin.py:120} INFO - [2024-07-31T09:01:09.407+0000] {dag.py:2585} INFO - Sync 1 DAGs
[2024-07-31T09:01:09.431+0000] {logging_mixin.py:120} INFO - [2024-07-31T09:01:09.430+0000] {dag.py:3340} INFO - Setting next_dagrun for example_complex to None, run_after=None
[2024-07-31T09:01:09.448+0000] {processor.py:176} INFO - Processing /home/airflow/.local/lib/python3.7/site-packages/airflow/example_dags/example_complex.py took 0.108 seconds
[2024-07-31T09:01:40.663+0000] {processor.py:154} INFO - Started process (PID=379) to work on /home/airflow/.local/lib/python3.7/site-packages/airflow/example_dags/example_complex.py
[2024-07-31T09:01:40.664+0000] {processor.py:756} INFO - Processing file /home/airflow/.local/lib/python3.7/site-packages/airflow/example_dags/example_complex.py for tasks to queue
[2024-07-31T09:01:40.665+0000] {logging_mixin.py:120} INFO - [2024-07-31T09:01:40.664+0000] {dagbag.py:537} INFO - Filling up the DagBag from /home/airflow/.local/lib/python3.7/site-packages/airflow/example_dags/example_complex.py
[2024-07-31T09:01:40.675+0000] {logging_mixin.py:120} INFO - [2024-07-31T09:01:40.675+0000] {taskmixin.py:205} WARNING - Dependency <Task(BashOperator): create_entry_group>, delete_entry_group already registered for DAG: example_complex
[2024-07-31T09:01:40.676+0000] {logging_mixin.py:120} INFO - [2024-07-31T09:01:40.675+0000] {taskmixin.py:205} WARNING - Dependency <Task(BashOperator): delete_entry_group>, create_entry_group already registered for DAG: example_complex
[2024-07-31T09:01:40.676+0000] {logging_mixin.py:120} INFO - [2024-07-31T09:01:40.676+0000] {taskmixin.py:205} WARNING - Dependency <Task(BashOperator): create_entry_gcs>, delete_entry already registered for DAG: example_complex
[2024-07-31T09:01:40.676+0000] {logging_mixin.py:120} INFO - [2024-07-31T09:01:40.676+0000] {taskmixin.py:205} WARNING - Dependency <Task(BashOperator): delete_entry>, create_entry_gcs already registered for DAG: example_complex
[2024-07-31T09:01:40.677+0000] {logging_mixin.py:120} INFO - [2024-07-31T09:01:40.677+0000] {taskmixin.py:205} WARNING - Dependency <Task(BashOperator): create_tag>, delete_tag already registered for DAG: example_complex
[2024-07-31T09:01:40.677+0000] {logging_mixin.py:120} INFO - [2024-07-31T09:01:40.677+0000] {taskmixin.py:205} WARNING - Dependency <Task(BashOperator): delete_tag>, create_tag already registered for DAG: example_complex
[2024-07-31T09:01:40.685+0000] {processor.py:766} INFO - DAG(s) dict_keys(['example_complex']) retrieved from /home/airflow/.local/lib/python3.7/site-packages/airflow/example_dags/example_complex.py
[2024-07-31T09:01:40.730+0000] {logging_mixin.py:120} INFO - [2024-07-31T09:01:40.730+0000] {dag.py:2585} INFO - Sync 1 DAGs
[2024-07-31T09:01:40.755+0000] {logging_mixin.py:120} INFO - [2024-07-31T09:01:40.755+0000] {dag.py:3340} INFO - Setting next_dagrun for example_complex to None, run_after=None
[2024-07-31T09:01:40.778+0000] {processor.py:176} INFO - Processing /home/airflow/.local/lib/python3.7/site-packages/airflow/example_dags/example_complex.py took 0.117 seconds
[2024-07-31T09:02:11.455+0000] {processor.py:154} INFO - Started process (PID=442) to work on /home/airflow/.local/lib/python3.7/site-packages/airflow/example_dags/example_complex.py
[2024-07-31T09:02:11.456+0000] {processor.py:756} INFO - Processing file /home/airflow/.local/lib/python3.7/site-packages/airflow/example_dags/example_complex.py for tasks to queue
[2024-07-31T09:02:11.457+0000] {logging_mixin.py:120} INFO - [2024-07-31T09:02:11.457+0000] {dagbag.py:537} INFO - Filling up the DagBag from /home/airflow/.local/lib/python3.7/site-packages/airflow/example_dags/example_complex.py
[2024-07-31T09:02:11.467+0000] {logging_mixin.py:120} INFO - [2024-07-31T09:02:11.467+0000] {taskmixin.py:205} WARNING - Dependency <Task(BashOperator): create_entry_group>, delete_entry_group already registered for DAG: example_complex
[2024-07-31T09:02:11.467+0000] {logging_mixin.py:120} INFO - [2024-07-31T09:02:11.467+0000] {taskmixin.py:205} WARNING - Dependency <Task(BashOperator): delete_entry_group>, create_entry_group already registered for DAG: example_complex
[2024-07-31T09:02:11.468+0000] {logging_mixin.py:120} INFO - [2024-07-31T09:02:11.468+0000] {taskmixin.py:205} WARNING - Dependency <Task(BashOperator): create_entry_gcs>, delete_entry already registered for DAG: example_complex
[2024-07-31T09:02:11.468+0000] {logging_mixin.py:120} INFO - [2024-07-31T09:02:11.468+0000] {taskmixin.py:205} WARNING - Dependency <Task(BashOperator): delete_entry>, create_entry_gcs already registered for DAG: example_complex
[2024-07-31T09:02:11.469+0000] {logging_mixin.py:120} INFO - [2024-07-31T09:02:11.469+0000] {taskmixin.py:205} WARNING - Dependency <Task(BashOperator): create_tag>, delete_tag already registered for DAG: example_complex
[2024-07-31T09:02:11.469+0000] {logging_mixin.py:120} INFO - [2024-07-31T09:02:11.469+0000] {taskmixin.py:205} WARNING - Dependency <Task(BashOperator): delete_tag>, create_tag already registered for DAG: example_complex
[2024-07-31T09:02:11.488+0000] {processor.py:766} INFO - DAG(s) dict_keys(['example_complex']) retrieved from /home/airflow/.local/lib/python3.7/site-packages/airflow/example_dags/example_complex.py
[2024-07-31T09:02:11.517+0000] {logging_mixin.py:120} INFO - [2024-07-31T09:02:11.517+0000] {dag.py:2585} INFO - Sync 1 DAGs
[2024-07-31T09:02:11.541+0000] {logging_mixin.py:120} INFO - [2024-07-31T09:02:11.541+0000] {dag.py:3340} INFO - Setting next_dagrun for example_complex to None, run_after=None
[2024-07-31T09:02:11.562+0000] {processor.py:176} INFO - Processing /home/airflow/.local/lib/python3.7/site-packages/airflow/example_dags/example_complex.py took 0.109 seconds
[2024-07-31T09:02:41.960+0000] {processor.py:154} INFO - Started process (PID=505) to work on /home/airflow/.local/lib/python3.7/site-packages/airflow/example_dags/example_complex.py
[2024-07-31T09:02:41.961+0000] {processor.py:756} INFO - Processing file /home/airflow/.local/lib/python3.7/site-packages/airflow/example_dags/example_complex.py for tasks to queue
[2024-07-31T09:02:41.961+0000] {logging_mixin.py:120} INFO - [2024-07-31T09:02:41.961+0000] {dagbag.py:537} INFO - Filling up the DagBag from /home/airflow/.local/lib/python3.7/site-packages/airflow/example_dags/example_complex.py
[2024-07-31T09:02:41.972+0000] {logging_mixin.py:120} INFO - [2024-07-31T09:02:41.972+0000] {taskmixin.py:205} WARNING - Dependency <Task(BashOperator): create_entry_group>, delete_entry_group already registered for DAG: example_complex
[2024-07-31T09:02:41.973+0000] {logging_mixin.py:120} INFO - [2024-07-31T09:02:41.973+0000] {taskmixin.py:205} WARNING - Dependency <Task(BashOperator): delete_entry_group>, create_entry_group already registered for DAG: example_complex
[2024-07-31T09:02:41.973+0000] {logging_mixin.py:120} INFO - [2024-07-31T09:02:41.973+0000] {taskmixin.py:205} WARNING - Dependency <Task(BashOperator): create_entry_gcs>, delete_entry already registered for DAG: example_complex
[2024-07-31T09:02:41.974+0000] {logging_mixin.py:120} INFO - [2024-07-31T09:02:41.974+0000] {taskmixin.py:205} WARNING - Dependency <Task(BashOperator): delete_entry>, create_entry_gcs already registered for DAG: example_complex
[2024-07-31T09:02:41.974+0000] {logging_mixin.py:120} INFO - [2024-07-31T09:02:41.974+0000] {taskmixin.py:205} WARNING - Dependency <Task(BashOperator): create_tag>, delete_tag already registered for DAG: example_complex
[2024-07-31T09:02:41.975+0000] {logging_mixin.py:120} INFO - [2024-07-31T09:02:41.974+0000] {taskmixin.py:205} WARNING - Dependency <Task(BashOperator): delete_tag>, create_tag already registered for DAG: example_complex
[2024-07-31T09:02:41.982+0000] {processor.py:766} INFO - DAG(s) dict_keys(['example_complex']) retrieved from /home/airflow/.local/lib/python3.7/site-packages/airflow/example_dags/example_complex.py
[2024-07-31T09:02:42.023+0000] {logging_mixin.py:120} INFO - [2024-07-31T09:02:42.023+0000] {dag.py:2585} INFO - Sync 1 DAGs
[2024-07-31T09:02:42.046+0000] {logging_mixin.py:120} INFO - [2024-07-31T09:02:42.046+0000] {dag.py:3340} INFO - Setting next_dagrun for example_complex to None, run_after=None
[2024-07-31T09:02:42.065+0000] {processor.py:176} INFO - Processing /home/airflow/.local/lib/python3.7/site-packages/airflow/example_dags/example_complex.py took 0.108 seconds
[2024-07-31T09:03:12.976+0000] {processor.py:154} INFO - Started process (PID=568) to work on /home/airflow/.local/lib/python3.7/site-packages/airflow/example_dags/example_complex.py
[2024-07-31T09:03:12.976+0000] {processor.py:756} INFO - Processing file /home/airflow/.local/lib/python3.7/site-packages/airflow/example_dags/example_complex.py for tasks to queue
[2024-07-31T09:03:12.977+0000] {logging_mixin.py:120} INFO - [2024-07-31T09:03:12.977+0000] {dagbag.py:537} INFO - Filling up the DagBag from /home/airflow/.local/lib/python3.7/site-packages/airflow/example_dags/example_complex.py
[2024-07-31T09:03:12.987+0000] {logging_mixin.py:120} INFO - [2024-07-31T09:03:12.987+0000] {taskmixin.py:205} WARNING - Dependency <Task(BashOperator): create_entry_group>, delete_entry_group already registered for DAG: example_complex
[2024-07-31T09:03:12.987+0000] {logging_mixin.py:120} INFO - [2024-07-31T09:03:12.987+0000] {taskmixin.py:205} WARNING - Dependency <Task(BashOperator): delete_entry_group>, create_entry_group already registered for DAG: example_complex
[2024-07-31T09:03:12.987+0000] {logging_mixin.py:120} INFO - [2024-07-31T09:03:12.987+0000] {taskmixin.py:205} WARNING - Dependency <Task(BashOperator): create_entry_gcs>, delete_entry already registered for DAG: example_complex
[2024-07-31T09:03:12.988+0000] {logging_mixin.py:120} INFO - [2024-07-31T09:03:12.988+0000] {taskmixin.py:205} WARNING - Dependency <Task(BashOperator): delete_entry>, create_entry_gcs already registered for DAG: example_complex
[2024-07-31T09:03:12.988+0000] {logging_mixin.py:120} INFO - [2024-07-31T09:03:12.988+0000] {taskmixin.py:205} WARNING - Dependency <Task(BashOperator): create_tag>, delete_tag already registered for DAG: example_complex
[2024-07-31T09:03:12.988+0000] {logging_mixin.py:120} INFO - [2024-07-31T09:03:12.988+0000] {taskmixin.py:205} WARNING - Dependency <Task(BashOperator): delete_tag>, create_tag already registered for DAG: example_complex
[2024-07-31T09:03:12.995+0000] {processor.py:766} INFO - DAG(s) dict_keys(['example_complex']) retrieved from /home/airflow/.local/lib/python3.7/site-packages/airflow/example_dags/example_complex.py
[2024-07-31T09:03:13.041+0000] {logging_mixin.py:120} INFO - [2024-07-31T09:03:13.041+0000] {dag.py:2585} INFO - Sync 1 DAGs
[2024-07-31T09:03:13.062+0000] {logging_mixin.py:120} INFO - [2024-07-31T09:03:13.062+0000] {dag.py:3340} INFO - Setting next_dagrun for example_complex to None, run_after=None
[2024-07-31T09:03:13.080+0000] {processor.py:176} INFO - Processing /home/airflow/.local/lib/python3.7/site-packages/airflow/example_dags/example_complex.py took 0.107 seconds
