[2024-07-31T08:52:50.663+0000] {processor.py:154} INFO - Started process (PID=51) to work on /home/airflow/.local/lib/python3.7/site-packages/airflow/example_dags/example_python_operator.py
[2024-07-31T08:52:50.664+0000] {processor.py:756} INFO - Processing file /home/airflow/.local/lib/python3.7/site-packages/airflow/example_dags/example_python_operator.py for tasks to queue
[2024-07-31T08:52:50.665+0000] {logging_mixin.py:120} INFO - [2024-07-31T08:52:50.665+0000] {dagbag.py:537} INFO - Filling up the DagBag from /home/airflow/.local/lib/python3.7/site-packages/airflow/example_dags/example_python_operator.py
[2024-07-31T08:52:50.709+0000] {logging_mixin.py:120} INFO - [2024-07-31T08:52:50.708+0000] {taskmixin.py:205} WARNING - Dependency <Task(_PythonDecoratedOperator): print_the_context>, log_sql_query already registered for DAG: example_python_operator
[2024-07-31T08:52:50.709+0000] {logging_mixin.py:120} INFO - [2024-07-31T08:52:50.709+0000] {taskmixin.py:205} WARNING - Dependency <Task(_PythonDecoratedOperator): log_sql_query>, print_the_context already registered for DAG: example_python_operator
[2024-07-31T08:52:50.711+0000] {logging_mixin.py:120} INFO - [2024-07-31T08:52:50.711+0000] {taskmixin.py:205} WARNING - Dependency <Task(_PythonDecoratedOperator): print_the_context>, log_sql_query already registered for DAG: example_python_operator
[2024-07-31T08:52:50.711+0000] {logging_mixin.py:120} INFO - [2024-07-31T08:52:50.711+0000] {taskmixin.py:205} WARNING - Dependency <Task(_PythonDecoratedOperator): log_sql_query>, print_the_context already registered for DAG: example_python_operator
[2024-07-31T08:52:50.712+0000] {logging_mixin.py:120} INFO - [2024-07-31T08:52:50.712+0000] {taskmixin.py:205} WARNING - Dependency <Task(_PythonDecoratedOperator): print_the_context>, log_sql_query already registered for DAG: example_python_operator
[2024-07-31T08:52:50.713+0000] {logging_mixin.py:120} INFO - [2024-07-31T08:52:50.713+0000] {taskmixin.py:205} WARNING - Dependency <Task(_PythonDecoratedOperator): log_sql_query>, print_the_context already registered for DAG: example_python_operator
[2024-07-31T08:52:50.714+0000] {logging_mixin.py:120} INFO - [2024-07-31T08:52:50.714+0000] {taskmixin.py:205} WARNING - Dependency <Task(_PythonDecoratedOperator): print_the_context>, log_sql_query already registered for DAG: example_python_operator
[2024-07-31T08:52:50.714+0000] {logging_mixin.py:120} INFO - [2024-07-31T08:52:50.714+0000] {taskmixin.py:205} WARNING - Dependency <Task(_PythonDecoratedOperator): log_sql_query>, print_the_context already registered for DAG: example_python_operator
[2024-07-31T08:52:50.722+0000] {processor.py:766} INFO - DAG(s) dict_keys(['example_python_operator']) retrieved from /home/airflow/.local/lib/python3.7/site-packages/airflow/example_dags/example_python_operator.py
[2024-07-31T08:52:51.068+0000] {logging_mixin.py:120} INFO - [2024-07-31T08:52:51.068+0000] {manager.py:507} INFO - Created Permission View: can read on DAG:example_python_operator
[2024-07-31T08:52:51.134+0000] {logging_mixin.py:120} INFO - [2024-07-31T08:52:51.134+0000] {manager.py:507} INFO - Created Permission View: can edit on DAG:example_python_operator
[2024-07-31T08:52:51.233+0000] {logging_mixin.py:120} INFO - [2024-07-31T08:52:51.233+0000] {manager.py:507} INFO - Created Permission View: can delete on DAG:example_python_operator
[2024-07-31T08:52:51.234+0000] {logging_mixin.py:120} INFO - [2024-07-31T08:52:51.234+0000] {dag.py:2585} INFO - Sync 1 DAGs
[2024-07-31T08:52:51.247+0000] {logging_mixin.py:120} INFO - [2024-07-31T08:52:51.247+0000] {dag.py:2606} INFO - Creating ORM DAG for example_python_operator
[2024-07-31T08:52:51.257+0000] {logging_mixin.py:120} INFO - [2024-07-31T08:52:51.257+0000] {dag.py:3340} INFO - Setting next_dagrun for example_python_operator to None, run_after=None
[2024-07-31T08:52:51.310+0000] {processor.py:176} INFO - Processing /home/airflow/.local/lib/python3.7/site-packages/airflow/example_dags/example_python_operator.py took 0.651 seconds
[2024-07-31T08:53:21.750+0000] {processor.py:154} INFO - Started process (PID=104) to work on /home/airflow/.local/lib/python3.7/site-packages/airflow/example_dags/example_python_operator.py
[2024-07-31T08:53:21.751+0000] {processor.py:756} INFO - Processing file /home/airflow/.local/lib/python3.7/site-packages/airflow/example_dags/example_python_operator.py for tasks to queue
[2024-07-31T08:53:21.751+0000] {logging_mixin.py:120} INFO - [2024-07-31T08:53:21.751+0000] {dagbag.py:537} INFO - Filling up the DagBag from /home/airflow/.local/lib/python3.7/site-packages/airflow/example_dags/example_python_operator.py
[2024-07-31T08:53:21.765+0000] {logging_mixin.py:120} INFO - [2024-07-31T08:53:21.765+0000] {taskmixin.py:205} WARNING - Dependency <Task(_PythonDecoratedOperator): print_the_context>, log_sql_query already registered for DAG: example_python_operator
[2024-07-31T08:53:21.765+0000] {logging_mixin.py:120} INFO - [2024-07-31T08:53:21.765+0000] {taskmixin.py:205} WARNING - Dependency <Task(_PythonDecoratedOperator): log_sql_query>, print_the_context already registered for DAG: example_python_operator
[2024-07-31T08:53:21.766+0000] {logging_mixin.py:120} INFO - [2024-07-31T08:53:21.766+0000] {taskmixin.py:205} WARNING - Dependency <Task(_PythonDecoratedOperator): print_the_context>, log_sql_query already registered for DAG: example_python_operator
[2024-07-31T08:53:21.766+0000] {logging_mixin.py:120} INFO - [2024-07-31T08:53:21.766+0000] {taskmixin.py:205} WARNING - Dependency <Task(_PythonDecoratedOperator): log_sql_query>, print_the_context already registered for DAG: example_python_operator
[2024-07-31T08:53:21.767+0000] {logging_mixin.py:120} INFO - [2024-07-31T08:53:21.767+0000] {taskmixin.py:205} WARNING - Dependency <Task(_PythonDecoratedOperator): print_the_context>, log_sql_query already registered for DAG: example_python_operator
[2024-07-31T08:53:21.767+0000] {logging_mixin.py:120} INFO - [2024-07-31T08:53:21.767+0000] {taskmixin.py:205} WARNING - Dependency <Task(_PythonDecoratedOperator): log_sql_query>, print_the_context already registered for DAG: example_python_operator
[2024-07-31T08:53:21.768+0000] {logging_mixin.py:120} INFO - [2024-07-31T08:53:21.768+0000] {taskmixin.py:205} WARNING - Dependency <Task(_PythonDecoratedOperator): print_the_context>, log_sql_query already registered for DAG: example_python_operator
[2024-07-31T08:53:21.768+0000] {logging_mixin.py:120} INFO - [2024-07-31T08:53:21.768+0000] {taskmixin.py:205} WARNING - Dependency <Task(_PythonDecoratedOperator): log_sql_query>, print_the_context already registered for DAG: example_python_operator
[2024-07-31T08:53:21.776+0000] {processor.py:766} INFO - DAG(s) dict_keys(['example_python_operator']) retrieved from /home/airflow/.local/lib/python3.7/site-packages/airflow/example_dags/example_python_operator.py
[2024-07-31T08:53:21.813+0000] {logging_mixin.py:120} INFO - [2024-07-31T08:53:21.813+0000] {dag.py:2585} INFO - Sync 1 DAGs
[2024-07-31T08:53:21.836+0000] {logging_mixin.py:120} INFO - [2024-07-31T08:53:21.836+0000] {dag.py:3340} INFO - Setting next_dagrun for example_python_operator to None, run_after=None
[2024-07-31T08:53:21.875+0000] {processor.py:176} INFO - Processing /home/airflow/.local/lib/python3.7/site-packages/airflow/example_dags/example_python_operator.py took 0.128 seconds
[2024-07-31T08:53:52.033+0000] {processor.py:154} INFO - Started process (PID=168) to work on /home/airflow/.local/lib/python3.7/site-packages/airflow/example_dags/example_python_operator.py
[2024-07-31T08:53:52.034+0000] {processor.py:756} INFO - Processing file /home/airflow/.local/lib/python3.7/site-packages/airflow/example_dags/example_python_operator.py for tasks to queue
[2024-07-31T08:53:52.035+0000] {logging_mixin.py:120} INFO - [2024-07-31T08:53:52.034+0000] {dagbag.py:537} INFO - Filling up the DagBag from /home/airflow/.local/lib/python3.7/site-packages/airflow/example_dags/example_python_operator.py
[2024-07-31T08:53:52.051+0000] {logging_mixin.py:120} INFO - [2024-07-31T08:53:52.051+0000] {taskmixin.py:205} WARNING - Dependency <Task(_PythonDecoratedOperator): print_the_context>, log_sql_query already registered for DAG: example_python_operator
[2024-07-31T08:53:52.052+0000] {logging_mixin.py:120} INFO - [2024-07-31T08:53:52.052+0000] {taskmixin.py:205} WARNING - Dependency <Task(_PythonDecoratedOperator): log_sql_query>, print_the_context already registered for DAG: example_python_operator
[2024-07-31T08:53:52.053+0000] {logging_mixin.py:120} INFO - [2024-07-31T08:53:52.053+0000] {taskmixin.py:205} WARNING - Dependency <Task(_PythonDecoratedOperator): print_the_context>, log_sql_query already registered for DAG: example_python_operator
[2024-07-31T08:53:52.053+0000] {logging_mixin.py:120} INFO - [2024-07-31T08:53:52.053+0000] {taskmixin.py:205} WARNING - Dependency <Task(_PythonDecoratedOperator): log_sql_query>, print_the_context already registered for DAG: example_python_operator
[2024-07-31T08:53:52.054+0000] {logging_mixin.py:120} INFO - [2024-07-31T08:53:52.054+0000] {taskmixin.py:205} WARNING - Dependency <Task(_PythonDecoratedOperator): print_the_context>, log_sql_query already registered for DAG: example_python_operator
[2024-07-31T08:53:52.054+0000] {logging_mixin.py:120} INFO - [2024-07-31T08:53:52.054+0000] {taskmixin.py:205} WARNING - Dependency <Task(_PythonDecoratedOperator): log_sql_query>, print_the_context already registered for DAG: example_python_operator
[2024-07-31T08:53:52.055+0000] {logging_mixin.py:120} INFO - [2024-07-31T08:53:52.055+0000] {taskmixin.py:205} WARNING - Dependency <Task(_PythonDecoratedOperator): print_the_context>, log_sql_query already registered for DAG: example_python_operator
[2024-07-31T08:53:52.055+0000] {logging_mixin.py:120} INFO - [2024-07-31T08:53:52.055+0000] {taskmixin.py:205} WARNING - Dependency <Task(_PythonDecoratedOperator): log_sql_query>, print_the_context already registered for DAG: example_python_operator
[2024-07-31T08:53:52.063+0000] {processor.py:766} INFO - DAG(s) dict_keys(['example_python_operator']) retrieved from /home/airflow/.local/lib/python3.7/site-packages/airflow/example_dags/example_python_operator.py
[2024-07-31T08:53:52.106+0000] {logging_mixin.py:120} INFO - [2024-07-31T08:53:52.105+0000] {dag.py:2585} INFO - Sync 1 DAGs
[2024-07-31T08:53:52.131+0000] {logging_mixin.py:120} INFO - [2024-07-31T08:53:52.131+0000] {dag.py:3340} INFO - Setting next_dagrun for example_python_operator to None, run_after=None
[2024-07-31T08:53:52.157+0000] {processor.py:176} INFO - Processing /home/airflow/.local/lib/python3.7/site-packages/airflow/example_dags/example_python_operator.py took 0.127 seconds
[2024-07-31T08:54:22.386+0000] {processor.py:154} INFO - Started process (PID=231) to work on /home/airflow/.local/lib/python3.7/site-packages/airflow/example_dags/example_python_operator.py
[2024-07-31T08:54:22.387+0000] {processor.py:756} INFO - Processing file /home/airflow/.local/lib/python3.7/site-packages/airflow/example_dags/example_python_operator.py for tasks to queue
[2024-07-31T08:54:22.388+0000] {logging_mixin.py:120} INFO - [2024-07-31T08:54:22.387+0000] {dagbag.py:537} INFO - Filling up the DagBag from /home/airflow/.local/lib/python3.7/site-packages/airflow/example_dags/example_python_operator.py
[2024-07-31T08:54:22.401+0000] {logging_mixin.py:120} INFO - [2024-07-31T08:54:22.401+0000] {taskmixin.py:205} WARNING - Dependency <Task(_PythonDecoratedOperator): print_the_context>, log_sql_query already registered for DAG: example_python_operator
[2024-07-31T08:54:22.401+0000] {logging_mixin.py:120} INFO - [2024-07-31T08:54:22.401+0000] {taskmixin.py:205} WARNING - Dependency <Task(_PythonDecoratedOperator): log_sql_query>, print_the_context already registered for DAG: example_python_operator
[2024-07-31T08:54:22.402+0000] {logging_mixin.py:120} INFO - [2024-07-31T08:54:22.402+0000] {taskmixin.py:205} WARNING - Dependency <Task(_PythonDecoratedOperator): print_the_context>, log_sql_query already registered for DAG: example_python_operator
[2024-07-31T08:54:22.403+0000] {logging_mixin.py:120} INFO - [2024-07-31T08:54:22.403+0000] {taskmixin.py:205} WARNING - Dependency <Task(_PythonDecoratedOperator): log_sql_query>, print_the_context already registered for DAG: example_python_operator
[2024-07-31T08:54:22.403+0000] {logging_mixin.py:120} INFO - [2024-07-31T08:54:22.403+0000] {taskmixin.py:205} WARNING - Dependency <Task(_PythonDecoratedOperator): print_the_context>, log_sql_query already registered for DAG: example_python_operator
[2024-07-31T08:54:22.404+0000] {logging_mixin.py:120} INFO - [2024-07-31T08:54:22.404+0000] {taskmixin.py:205} WARNING - Dependency <Task(_PythonDecoratedOperator): log_sql_query>, print_the_context already registered for DAG: example_python_operator
[2024-07-31T08:54:22.405+0000] {logging_mixin.py:120} INFO - [2024-07-31T08:54:22.404+0000] {taskmixin.py:205} WARNING - Dependency <Task(_PythonDecoratedOperator): print_the_context>, log_sql_query already registered for DAG: example_python_operator
[2024-07-31T08:54:22.405+0000] {logging_mixin.py:120} INFO - [2024-07-31T08:54:22.405+0000] {taskmixin.py:205} WARNING - Dependency <Task(_PythonDecoratedOperator): log_sql_query>, print_the_context already registered for DAG: example_python_operator
[2024-07-31T08:54:22.412+0000] {processor.py:766} INFO - DAG(s) dict_keys(['example_python_operator']) retrieved from /home/airflow/.local/lib/python3.7/site-packages/airflow/example_dags/example_python_operator.py
[2024-07-31T08:54:22.447+0000] {logging_mixin.py:120} INFO - [2024-07-31T08:54:22.447+0000] {dag.py:2585} INFO - Sync 1 DAGs
[2024-07-31T08:54:22.468+0000] {logging_mixin.py:120} INFO - [2024-07-31T08:54:22.468+0000] {dag.py:3340} INFO - Setting next_dagrun for example_python_operator to None, run_after=None
[2024-07-31T08:54:22.494+0000] {processor.py:176} INFO - Processing /home/airflow/.local/lib/python3.7/site-packages/airflow/example_dags/example_python_operator.py took 0.111 seconds
[2024-07-31T08:54:52.874+0000] {processor.py:154} INFO - Started process (PID=285) to work on /home/airflow/.local/lib/python3.7/site-packages/airflow/example_dags/example_python_operator.py
[2024-07-31T08:54:52.876+0000] {processor.py:756} INFO - Processing file /home/airflow/.local/lib/python3.7/site-packages/airflow/example_dags/example_python_operator.py for tasks to queue
[2024-07-31T08:54:52.876+0000] {logging_mixin.py:120} INFO - [2024-07-31T08:54:52.876+0000] {dagbag.py:537} INFO - Filling up the DagBag from /home/airflow/.local/lib/python3.7/site-packages/airflow/example_dags/example_python_operator.py
[2024-07-31T08:54:52.899+0000] {logging_mixin.py:120} INFO - [2024-07-31T08:54:52.899+0000] {taskmixin.py:205} WARNING - Dependency <Task(_PythonDecoratedOperator): print_the_context>, log_sql_query already registered for DAG: example_python_operator
[2024-07-31T08:54:52.900+0000] {logging_mixin.py:120} INFO - [2024-07-31T08:54:52.900+0000] {taskmixin.py:205} WARNING - Dependency <Task(_PythonDecoratedOperator): log_sql_query>, print_the_context already registered for DAG: example_python_operator
[2024-07-31T08:54:52.901+0000] {logging_mixin.py:120} INFO - [2024-07-31T08:54:52.901+0000] {taskmixin.py:205} WARNING - Dependency <Task(_PythonDecoratedOperator): print_the_context>, log_sql_query already registered for DAG: example_python_operator
[2024-07-31T08:54:52.901+0000] {logging_mixin.py:120} INFO - [2024-07-31T08:54:52.901+0000] {taskmixin.py:205} WARNING - Dependency <Task(_PythonDecoratedOperator): log_sql_query>, print_the_context already registered for DAG: example_python_operator
[2024-07-31T08:54:52.903+0000] {logging_mixin.py:120} INFO - [2024-07-31T08:54:52.903+0000] {taskmixin.py:205} WARNING - Dependency <Task(_PythonDecoratedOperator): print_the_context>, log_sql_query already registered for DAG: example_python_operator
[2024-07-31T08:54:52.903+0000] {logging_mixin.py:120} INFO - [2024-07-31T08:54:52.903+0000] {taskmixin.py:205} WARNING - Dependency <Task(_PythonDecoratedOperator): log_sql_query>, print_the_context already registered for DAG: example_python_operator
[2024-07-31T08:54:52.904+0000] {logging_mixin.py:120} INFO - [2024-07-31T08:54:52.904+0000] {taskmixin.py:205} WARNING - Dependency <Task(_PythonDecoratedOperator): print_the_context>, log_sql_query already registered for DAG: example_python_operator
[2024-07-31T08:54:52.905+0000] {logging_mixin.py:120} INFO - [2024-07-31T08:54:52.905+0000] {taskmixin.py:205} WARNING - Dependency <Task(_PythonDecoratedOperator): log_sql_query>, print_the_context already registered for DAG: example_python_operator
[2024-07-31T08:54:52.917+0000] {processor.py:766} INFO - DAG(s) dict_keys(['example_python_operator']) retrieved from /home/airflow/.local/lib/python3.7/site-packages/airflow/example_dags/example_python_operator.py
[2024-07-31T08:54:52.959+0000] {logging_mixin.py:120} INFO - [2024-07-31T08:54:52.959+0000] {dag.py:2585} INFO - Sync 1 DAGs
[2024-07-31T08:54:52.981+0000] {logging_mixin.py:120} INFO - [2024-07-31T08:54:52.981+0000] {dag.py:3340} INFO - Setting next_dagrun for example_python_operator to None, run_after=None
[2024-07-31T08:54:53.006+0000] {processor.py:176} INFO - Processing /home/airflow/.local/lib/python3.7/site-packages/airflow/example_dags/example_python_operator.py took 0.136 seconds
[2024-07-31T08:55:23.137+0000] {processor.py:154} INFO - Started process (PID=348) to work on /home/airflow/.local/lib/python3.7/site-packages/airflow/example_dags/example_python_operator.py
[2024-07-31T08:55:23.138+0000] {processor.py:756} INFO - Processing file /home/airflow/.local/lib/python3.7/site-packages/airflow/example_dags/example_python_operator.py for tasks to queue
[2024-07-31T08:55:23.138+0000] {logging_mixin.py:120} INFO - [2024-07-31T08:55:23.138+0000] {dagbag.py:537} INFO - Filling up the DagBag from /home/airflow/.local/lib/python3.7/site-packages/airflow/example_dags/example_python_operator.py
[2024-07-31T08:55:23.152+0000] {logging_mixin.py:120} INFO - [2024-07-31T08:55:23.151+0000] {taskmixin.py:205} WARNING - Dependency <Task(_PythonDecoratedOperator): print_the_context>, log_sql_query already registered for DAG: example_python_operator
[2024-07-31T08:55:23.152+0000] {logging_mixin.py:120} INFO - [2024-07-31T08:55:23.152+0000] {taskmixin.py:205} WARNING - Dependency <Task(_PythonDecoratedOperator): log_sql_query>, print_the_context already registered for DAG: example_python_operator
[2024-07-31T08:55:23.153+0000] {logging_mixin.py:120} INFO - [2024-07-31T08:55:23.153+0000] {taskmixin.py:205} WARNING - Dependency <Task(_PythonDecoratedOperator): print_the_context>, log_sql_query already registered for DAG: example_python_operator
[2024-07-31T08:55:23.154+0000] {logging_mixin.py:120} INFO - [2024-07-31T08:55:23.154+0000] {taskmixin.py:205} WARNING - Dependency <Task(_PythonDecoratedOperator): log_sql_query>, print_the_context already registered for DAG: example_python_operator
[2024-07-31T08:55:23.154+0000] {logging_mixin.py:120} INFO - [2024-07-31T08:55:23.154+0000] {taskmixin.py:205} WARNING - Dependency <Task(_PythonDecoratedOperator): print_the_context>, log_sql_query already registered for DAG: example_python_operator
[2024-07-31T08:55:23.155+0000] {logging_mixin.py:120} INFO - [2024-07-31T08:55:23.154+0000] {taskmixin.py:205} WARNING - Dependency <Task(_PythonDecoratedOperator): log_sql_query>, print_the_context already registered for DAG: example_python_operator
[2024-07-31T08:55:23.155+0000] {logging_mixin.py:120} INFO - [2024-07-31T08:55:23.155+0000] {taskmixin.py:205} WARNING - Dependency <Task(_PythonDecoratedOperator): print_the_context>, log_sql_query already registered for DAG: example_python_operator
[2024-07-31T08:55:23.156+0000] {logging_mixin.py:120} INFO - [2024-07-31T08:55:23.155+0000] {taskmixin.py:205} WARNING - Dependency <Task(_PythonDecoratedOperator): log_sql_query>, print_the_context already registered for DAG: example_python_operator
[2024-07-31T08:55:23.162+0000] {processor.py:766} INFO - DAG(s) dict_keys(['example_python_operator']) retrieved from /home/airflow/.local/lib/python3.7/site-packages/airflow/example_dags/example_python_operator.py
[2024-07-31T08:55:23.195+0000] {logging_mixin.py:120} INFO - [2024-07-31T08:55:23.195+0000] {dag.py:2585} INFO - Sync 1 DAGs
[2024-07-31T08:55:23.217+0000] {logging_mixin.py:120} INFO - [2024-07-31T08:55:23.217+0000] {dag.py:3340} INFO - Setting next_dagrun for example_python_operator to None, run_after=None
[2024-07-31T08:55:23.233+0000] {processor.py:176} INFO - Processing /home/airflow/.local/lib/python3.7/site-packages/airflow/example_dags/example_python_operator.py took 0.100 seconds
[2024-07-31T08:55:53.335+0000] {processor.py:154} INFO - Started process (PID=411) to work on /home/airflow/.local/lib/python3.7/site-packages/airflow/example_dags/example_python_operator.py
[2024-07-31T08:55:53.336+0000] {processor.py:756} INFO - Processing file /home/airflow/.local/lib/python3.7/site-packages/airflow/example_dags/example_python_operator.py for tasks to queue
[2024-07-31T08:55:53.336+0000] {logging_mixin.py:120} INFO - [2024-07-31T08:55:53.336+0000] {dagbag.py:537} INFO - Filling up the DagBag from /home/airflow/.local/lib/python3.7/site-packages/airflow/example_dags/example_python_operator.py
[2024-07-31T08:55:53.349+0000] {logging_mixin.py:120} INFO - [2024-07-31T08:55:53.349+0000] {taskmixin.py:205} WARNING - Dependency <Task(_PythonDecoratedOperator): print_the_context>, log_sql_query already registered for DAG: example_python_operator
[2024-07-31T08:55:53.350+0000] {logging_mixin.py:120} INFO - [2024-07-31T08:55:53.350+0000] {taskmixin.py:205} WARNING - Dependency <Task(_PythonDecoratedOperator): log_sql_query>, print_the_context already registered for DAG: example_python_operator
[2024-07-31T08:55:53.351+0000] {logging_mixin.py:120} INFO - [2024-07-31T08:55:53.351+0000] {taskmixin.py:205} WARNING - Dependency <Task(_PythonDecoratedOperator): print_the_context>, log_sql_query already registered for DAG: example_python_operator
[2024-07-31T08:55:53.351+0000] {logging_mixin.py:120} INFO - [2024-07-31T08:55:53.351+0000] {taskmixin.py:205} WARNING - Dependency <Task(_PythonDecoratedOperator): log_sql_query>, print_the_context already registered for DAG: example_python_operator
[2024-07-31T08:55:53.352+0000] {logging_mixin.py:120} INFO - [2024-07-31T08:55:53.352+0000] {taskmixin.py:205} WARNING - Dependency <Task(_PythonDecoratedOperator): print_the_context>, log_sql_query already registered for DAG: example_python_operator
[2024-07-31T08:55:53.352+0000] {logging_mixin.py:120} INFO - [2024-07-31T08:55:53.352+0000] {taskmixin.py:205} WARNING - Dependency <Task(_PythonDecoratedOperator): log_sql_query>, print_the_context already registered for DAG: example_python_operator
[2024-07-31T08:55:53.353+0000] {logging_mixin.py:120} INFO - [2024-07-31T08:55:53.353+0000] {taskmixin.py:205} WARNING - Dependency <Task(_PythonDecoratedOperator): print_the_context>, log_sql_query already registered for DAG: example_python_operator
[2024-07-31T08:55:53.353+0000] {logging_mixin.py:120} INFO - [2024-07-31T08:55:53.353+0000] {taskmixin.py:205} WARNING - Dependency <Task(_PythonDecoratedOperator): log_sql_query>, print_the_context already registered for DAG: example_python_operator
[2024-07-31T08:55:53.359+0000] {processor.py:766} INFO - DAG(s) dict_keys(['example_python_operator']) retrieved from /home/airflow/.local/lib/python3.7/site-packages/airflow/example_dags/example_python_operator.py
[2024-07-31T08:55:53.395+0000] {logging_mixin.py:120} INFO - [2024-07-31T08:55:53.395+0000] {dag.py:2585} INFO - Sync 1 DAGs
[2024-07-31T08:55:53.418+0000] {logging_mixin.py:120} INFO - [2024-07-31T08:55:53.418+0000] {dag.py:3340} INFO - Setting next_dagrun for example_python_operator to None, run_after=None
[2024-07-31T08:55:53.441+0000] {processor.py:176} INFO - Processing /home/airflow/.local/lib/python3.7/site-packages/airflow/example_dags/example_python_operator.py took 0.109 seconds
[2024-07-31T08:57:08.549+0000] {processor.py:154} INFO - Started process (PID=50) to work on /home/airflow/.local/lib/python3.7/site-packages/airflow/example_dags/example_python_operator.py
[2024-07-31T08:57:08.551+0000] {processor.py:756} INFO - Processing file /home/airflow/.local/lib/python3.7/site-packages/airflow/example_dags/example_python_operator.py for tasks to queue
[2024-07-31T08:57:08.552+0000] {logging_mixin.py:120} INFO - [2024-07-31T08:57:08.552+0000] {dagbag.py:537} INFO - Filling up the DagBag from /home/airflow/.local/lib/python3.7/site-packages/airflow/example_dags/example_python_operator.py
[2024-07-31T08:57:08.599+0000] {logging_mixin.py:120} INFO - [2024-07-31T08:57:08.598+0000] {taskmixin.py:205} WARNING - Dependency <Task(_PythonDecoratedOperator): print_the_context>, log_sql_query already registered for DAG: example_python_operator
[2024-07-31T08:57:08.599+0000] {logging_mixin.py:120} INFO - [2024-07-31T08:57:08.599+0000] {taskmixin.py:205} WARNING - Dependency <Task(_PythonDecoratedOperator): log_sql_query>, print_the_context already registered for DAG: example_python_operator
[2024-07-31T08:57:08.601+0000] {logging_mixin.py:120} INFO - [2024-07-31T08:57:08.601+0000] {taskmixin.py:205} WARNING - Dependency <Task(_PythonDecoratedOperator): print_the_context>, log_sql_query already registered for DAG: example_python_operator
[2024-07-31T08:57:08.602+0000] {logging_mixin.py:120} INFO - [2024-07-31T08:57:08.601+0000] {taskmixin.py:205} WARNING - Dependency <Task(_PythonDecoratedOperator): log_sql_query>, print_the_context already registered for DAG: example_python_operator
[2024-07-31T08:57:08.603+0000] {logging_mixin.py:120} INFO - [2024-07-31T08:57:08.603+0000] {taskmixin.py:205} WARNING - Dependency <Task(_PythonDecoratedOperator): print_the_context>, log_sql_query already registered for DAG: example_python_operator
[2024-07-31T08:57:08.603+0000] {logging_mixin.py:120} INFO - [2024-07-31T08:57:08.603+0000] {taskmixin.py:205} WARNING - Dependency <Task(_PythonDecoratedOperator): log_sql_query>, print_the_context already registered for DAG: example_python_operator
[2024-07-31T08:57:08.604+0000] {logging_mixin.py:120} INFO - [2024-07-31T08:57:08.604+0000] {taskmixin.py:205} WARNING - Dependency <Task(_PythonDecoratedOperator): print_the_context>, log_sql_query already registered for DAG: example_python_operator
[2024-07-31T08:57:08.604+0000] {logging_mixin.py:120} INFO - [2024-07-31T08:57:08.604+0000] {taskmixin.py:205} WARNING - Dependency <Task(_PythonDecoratedOperator): log_sql_query>, print_the_context already registered for DAG: example_python_operator
[2024-07-31T08:57:08.615+0000] {processor.py:766} INFO - DAG(s) dict_keys(['example_python_operator']) retrieved from /home/airflow/.local/lib/python3.7/site-packages/airflow/example_dags/example_python_operator.py
[2024-07-31T08:57:08.657+0000] {logging_mixin.py:120} INFO - [2024-07-31T08:57:08.656+0000] {dag.py:2585} INFO - Sync 1 DAGs
[2024-07-31T08:57:08.697+0000] {logging_mixin.py:120} INFO - [2024-07-31T08:57:08.697+0000] {dag.py:3340} INFO - Setting next_dagrun for example_python_operator to None, run_after=None
[2024-07-31T08:57:08.730+0000] {processor.py:176} INFO - Processing /home/airflow/.local/lib/python3.7/site-packages/airflow/example_dags/example_python_operator.py took 0.186 seconds
[2024-07-31T08:57:39.382+0000] {processor.py:154} INFO - Started process (PID=106) to work on /home/airflow/.local/lib/python3.7/site-packages/airflow/example_dags/example_python_operator.py
[2024-07-31T08:57:39.383+0000] {processor.py:756} INFO - Processing file /home/airflow/.local/lib/python3.7/site-packages/airflow/example_dags/example_python_operator.py for tasks to queue
[2024-07-31T08:57:39.384+0000] {logging_mixin.py:120} INFO - [2024-07-31T08:57:39.384+0000] {dagbag.py:537} INFO - Filling up the DagBag from /home/airflow/.local/lib/python3.7/site-packages/airflow/example_dags/example_python_operator.py
[2024-07-31T08:57:39.402+0000] {logging_mixin.py:120} INFO - [2024-07-31T08:57:39.402+0000] {taskmixin.py:205} WARNING - Dependency <Task(_PythonDecoratedOperator): print_the_context>, log_sql_query already registered for DAG: example_python_operator
[2024-07-31T08:57:39.403+0000] {logging_mixin.py:120} INFO - [2024-07-31T08:57:39.402+0000] {taskmixin.py:205} WARNING - Dependency <Task(_PythonDecoratedOperator): log_sql_query>, print_the_context already registered for DAG: example_python_operator
[2024-07-31T08:57:39.404+0000] {logging_mixin.py:120} INFO - [2024-07-31T08:57:39.404+0000] {taskmixin.py:205} WARNING - Dependency <Task(_PythonDecoratedOperator): print_the_context>, log_sql_query already registered for DAG: example_python_operator
[2024-07-31T08:57:39.404+0000] {logging_mixin.py:120} INFO - [2024-07-31T08:57:39.404+0000] {taskmixin.py:205} WARNING - Dependency <Task(_PythonDecoratedOperator): log_sql_query>, print_the_context already registered for DAG: example_python_operator
[2024-07-31T08:57:39.405+0000] {logging_mixin.py:120} INFO - [2024-07-31T08:57:39.405+0000] {taskmixin.py:205} WARNING - Dependency <Task(_PythonDecoratedOperator): print_the_context>, log_sql_query already registered for DAG: example_python_operator
[2024-07-31T08:57:39.406+0000] {logging_mixin.py:120} INFO - [2024-07-31T08:57:39.405+0000] {taskmixin.py:205} WARNING - Dependency <Task(_PythonDecoratedOperator): log_sql_query>, print_the_context already registered for DAG: example_python_operator
[2024-07-31T08:57:39.406+0000] {logging_mixin.py:120} INFO - [2024-07-31T08:57:39.406+0000] {taskmixin.py:205} WARNING - Dependency <Task(_PythonDecoratedOperator): print_the_context>, log_sql_query already registered for DAG: example_python_operator
[2024-07-31T08:57:39.407+0000] {logging_mixin.py:120} INFO - [2024-07-31T08:57:39.407+0000] {taskmixin.py:205} WARNING - Dependency <Task(_PythonDecoratedOperator): log_sql_query>, print_the_context already registered for DAG: example_python_operator
[2024-07-31T08:57:39.416+0000] {processor.py:766} INFO - DAG(s) dict_keys(['example_python_operator']) retrieved from /home/airflow/.local/lib/python3.7/site-packages/airflow/example_dags/example_python_operator.py
[2024-07-31T08:57:39.461+0000] {logging_mixin.py:120} INFO - [2024-07-31T08:57:39.460+0000] {dag.py:2585} INFO - Sync 1 DAGs
[2024-07-31T08:57:39.486+0000] {logging_mixin.py:120} INFO - [2024-07-31T08:57:39.486+0000] {dag.py:3340} INFO - Setting next_dagrun for example_python_operator to None, run_after=None
[2024-07-31T08:57:39.507+0000] {processor.py:176} INFO - Processing /home/airflow/.local/lib/python3.7/site-packages/airflow/example_dags/example_python_operator.py took 0.127 seconds
[2024-07-31T08:59:03.376+0000] {processor.py:154} INFO - Started process (PID=42) to work on /home/airflow/.local/lib/python3.7/site-packages/airflow/example_dags/example_python_operator.py
[2024-07-31T08:59:03.376+0000] {processor.py:756} INFO - Processing file /home/airflow/.local/lib/python3.7/site-packages/airflow/example_dags/example_python_operator.py for tasks to queue
[2024-07-31T08:59:03.377+0000] {logging_mixin.py:120} INFO - [2024-07-31T08:59:03.377+0000] {dagbag.py:537} INFO - Filling up the DagBag from /home/airflow/.local/lib/python3.7/site-packages/airflow/example_dags/example_python_operator.py
[2024-07-31T08:59:03.407+0000] {logging_mixin.py:120} INFO - [2024-07-31T08:59:03.407+0000] {taskmixin.py:205} WARNING - Dependency <Task(_PythonDecoratedOperator): print_the_context>, log_sql_query already registered for DAG: example_python_operator
[2024-07-31T08:59:03.408+0000] {logging_mixin.py:120} INFO - [2024-07-31T08:59:03.408+0000] {taskmixin.py:205} WARNING - Dependency <Task(_PythonDecoratedOperator): log_sql_query>, print_the_context already registered for DAG: example_python_operator
[2024-07-31T08:59:03.409+0000] {logging_mixin.py:120} INFO - [2024-07-31T08:59:03.409+0000] {taskmixin.py:205} WARNING - Dependency <Task(_PythonDecoratedOperator): print_the_context>, log_sql_query already registered for DAG: example_python_operator
[2024-07-31T08:59:03.409+0000] {logging_mixin.py:120} INFO - [2024-07-31T08:59:03.409+0000] {taskmixin.py:205} WARNING - Dependency <Task(_PythonDecoratedOperator): log_sql_query>, print_the_context already registered for DAG: example_python_operator
[2024-07-31T08:59:03.410+0000] {logging_mixin.py:120} INFO - [2024-07-31T08:59:03.410+0000] {taskmixin.py:205} WARNING - Dependency <Task(_PythonDecoratedOperator): print_the_context>, log_sql_query already registered for DAG: example_python_operator
[2024-07-31T08:59:03.410+0000] {logging_mixin.py:120} INFO - [2024-07-31T08:59:03.410+0000] {taskmixin.py:205} WARNING - Dependency <Task(_PythonDecoratedOperator): log_sql_query>, print_the_context already registered for DAG: example_python_operator
[2024-07-31T08:59:03.411+0000] {logging_mixin.py:120} INFO - [2024-07-31T08:59:03.411+0000] {taskmixin.py:205} WARNING - Dependency <Task(_PythonDecoratedOperator): print_the_context>, log_sql_query already registered for DAG: example_python_operator
[2024-07-31T08:59:03.412+0000] {logging_mixin.py:120} INFO - [2024-07-31T08:59:03.411+0000] {taskmixin.py:205} WARNING - Dependency <Task(_PythonDecoratedOperator): log_sql_query>, print_the_context already registered for DAG: example_python_operator
[2024-07-31T08:59:03.420+0000] {processor.py:766} INFO - DAG(s) dict_keys(['example_python_operator']) retrieved from /home/airflow/.local/lib/python3.7/site-packages/airflow/example_dags/example_python_operator.py
[2024-07-31T08:59:03.444+0000] {logging_mixin.py:120} INFO - [2024-07-31T08:59:03.443+0000] {dag.py:2585} INFO - Sync 1 DAGs
[2024-07-31T08:59:03.470+0000] {logging_mixin.py:120} INFO - [2024-07-31T08:59:03.470+0000] {dag.py:3340} INFO - Setting next_dagrun for example_python_operator to None, run_after=None
[2024-07-31T08:59:03.490+0000] {processor.py:176} INFO - Processing /home/airflow/.local/lib/python3.7/site-packages/airflow/example_dags/example_python_operator.py took 0.117 seconds
[2024-07-31T08:59:34.251+0000] {processor.py:154} INFO - Started process (PID=105) to work on /home/airflow/.local/lib/python3.7/site-packages/airflow/example_dags/example_python_operator.py
[2024-07-31T08:59:34.252+0000] {processor.py:756} INFO - Processing file /home/airflow/.local/lib/python3.7/site-packages/airflow/example_dags/example_python_operator.py for tasks to queue
[2024-07-31T08:59:34.253+0000] {logging_mixin.py:120} INFO - [2024-07-31T08:59:34.253+0000] {dagbag.py:537} INFO - Filling up the DagBag from /home/airflow/.local/lib/python3.7/site-packages/airflow/example_dags/example_python_operator.py
[2024-07-31T08:59:34.267+0000] {logging_mixin.py:120} INFO - [2024-07-31T08:59:34.266+0000] {taskmixin.py:205} WARNING - Dependency <Task(_PythonDecoratedOperator): print_the_context>, log_sql_query already registered for DAG: example_python_operator
[2024-07-31T08:59:34.267+0000] {logging_mixin.py:120} INFO - [2024-07-31T08:59:34.267+0000] {taskmixin.py:205} WARNING - Dependency <Task(_PythonDecoratedOperator): log_sql_query>, print_the_context already registered for DAG: example_python_operator
[2024-07-31T08:59:34.268+0000] {logging_mixin.py:120} INFO - [2024-07-31T08:59:34.268+0000] {taskmixin.py:205} WARNING - Dependency <Task(_PythonDecoratedOperator): print_the_context>, log_sql_query already registered for DAG: example_python_operator
[2024-07-31T08:59:34.268+0000] {logging_mixin.py:120} INFO - [2024-07-31T08:59:34.268+0000] {taskmixin.py:205} WARNING - Dependency <Task(_PythonDecoratedOperator): log_sql_query>, print_the_context already registered for DAG: example_python_operator
[2024-07-31T08:59:34.269+0000] {logging_mixin.py:120} INFO - [2024-07-31T08:59:34.269+0000] {taskmixin.py:205} WARNING - Dependency <Task(_PythonDecoratedOperator): print_the_context>, log_sql_query already registered for DAG: example_python_operator
[2024-07-31T08:59:34.269+0000] {logging_mixin.py:120} INFO - [2024-07-31T08:59:34.269+0000] {taskmixin.py:205} WARNING - Dependency <Task(_PythonDecoratedOperator): log_sql_query>, print_the_context already registered for DAG: example_python_operator
[2024-07-31T08:59:34.270+0000] {logging_mixin.py:120} INFO - [2024-07-31T08:59:34.270+0000] {taskmixin.py:205} WARNING - Dependency <Task(_PythonDecoratedOperator): print_the_context>, log_sql_query already registered for DAG: example_python_operator
[2024-07-31T08:59:34.270+0000] {logging_mixin.py:120} INFO - [2024-07-31T08:59:34.270+0000] {taskmixin.py:205} WARNING - Dependency <Task(_PythonDecoratedOperator): log_sql_query>, print_the_context already registered for DAG: example_python_operator
[2024-07-31T08:59:34.277+0000] {processor.py:766} INFO - DAG(s) dict_keys(['example_python_operator']) retrieved from /home/airflow/.local/lib/python3.7/site-packages/airflow/example_dags/example_python_operator.py
[2024-07-31T08:59:34.328+0000] {logging_mixin.py:120} INFO - [2024-07-31T08:59:34.328+0000] {dag.py:2585} INFO - Sync 1 DAGs
[2024-07-31T08:59:34.352+0000] {logging_mixin.py:120} INFO - [2024-07-31T08:59:34.352+0000] {dag.py:3340} INFO - Setting next_dagrun for example_python_operator to None, run_after=None
[2024-07-31T08:59:34.380+0000] {processor.py:176} INFO - Processing /home/airflow/.local/lib/python3.7/site-packages/airflow/example_dags/example_python_operator.py took 0.131 seconds
[2024-07-31T09:00:05.089+0000] {processor.py:154} INFO - Started process (PID=169) to work on /home/airflow/.local/lib/python3.7/site-packages/airflow/example_dags/example_python_operator.py
[2024-07-31T09:00:05.090+0000] {processor.py:756} INFO - Processing file /home/airflow/.local/lib/python3.7/site-packages/airflow/example_dags/example_python_operator.py for tasks to queue
[2024-07-31T09:00:05.090+0000] {logging_mixin.py:120} INFO - [2024-07-31T09:00:05.090+0000] {dagbag.py:537} INFO - Filling up the DagBag from /home/airflow/.local/lib/python3.7/site-packages/airflow/example_dags/example_python_operator.py
[2024-07-31T09:00:05.104+0000] {logging_mixin.py:120} INFO - [2024-07-31T09:00:05.104+0000] {taskmixin.py:205} WARNING - Dependency <Task(_PythonDecoratedOperator): print_the_context>, log_sql_query already registered for DAG: example_python_operator
[2024-07-31T09:00:05.104+0000] {logging_mixin.py:120} INFO - [2024-07-31T09:00:05.104+0000] {taskmixin.py:205} WARNING - Dependency <Task(_PythonDecoratedOperator): log_sql_query>, print_the_context already registered for DAG: example_python_operator
[2024-07-31T09:00:05.105+0000] {logging_mixin.py:120} INFO - [2024-07-31T09:00:05.105+0000] {taskmixin.py:205} WARNING - Dependency <Task(_PythonDecoratedOperator): print_the_context>, log_sql_query already registered for DAG: example_python_operator
[2024-07-31T09:00:05.105+0000] {logging_mixin.py:120} INFO - [2024-07-31T09:00:05.105+0000] {taskmixin.py:205} WARNING - Dependency <Task(_PythonDecoratedOperator): log_sql_query>, print_the_context already registered for DAG: example_python_operator
[2024-07-31T09:00:05.106+0000] {logging_mixin.py:120} INFO - [2024-07-31T09:00:05.106+0000] {taskmixin.py:205} WARNING - Dependency <Task(_PythonDecoratedOperator): print_the_context>, log_sql_query already registered for DAG: example_python_operator
[2024-07-31T09:00:05.106+0000] {logging_mixin.py:120} INFO - [2024-07-31T09:00:05.106+0000] {taskmixin.py:205} WARNING - Dependency <Task(_PythonDecoratedOperator): log_sql_query>, print_the_context already registered for DAG: example_python_operator
[2024-07-31T09:00:05.107+0000] {logging_mixin.py:120} INFO - [2024-07-31T09:00:05.107+0000] {taskmixin.py:205} WARNING - Dependency <Task(_PythonDecoratedOperator): print_the_context>, log_sql_query already registered for DAG: example_python_operator
[2024-07-31T09:00:05.107+0000] {logging_mixin.py:120} INFO - [2024-07-31T09:00:05.107+0000] {taskmixin.py:205} WARNING - Dependency <Task(_PythonDecoratedOperator): log_sql_query>, print_the_context already registered for DAG: example_python_operator
[2024-07-31T09:00:05.114+0000] {processor.py:766} INFO - DAG(s) dict_keys(['example_python_operator']) retrieved from /home/airflow/.local/lib/python3.7/site-packages/airflow/example_dags/example_python_operator.py
[2024-07-31T09:00:05.150+0000] {logging_mixin.py:120} INFO - [2024-07-31T09:00:05.150+0000] {dag.py:2585} INFO - Sync 1 DAGs
[2024-07-31T09:00:05.173+0000] {logging_mixin.py:120} INFO - [2024-07-31T09:00:05.173+0000] {dag.py:3340} INFO - Setting next_dagrun for example_python_operator to None, run_after=None
[2024-07-31T09:00:05.203+0000] {processor.py:176} INFO - Processing /home/airflow/.local/lib/python3.7/site-packages/airflow/example_dags/example_python_operator.py took 0.116 seconds
[2024-07-31T09:00:35.767+0000] {processor.py:154} INFO - Started process (PID=232) to work on /home/airflow/.local/lib/python3.7/site-packages/airflow/example_dags/example_python_operator.py
[2024-07-31T09:00:35.768+0000] {processor.py:756} INFO - Processing file /home/airflow/.local/lib/python3.7/site-packages/airflow/example_dags/example_python_operator.py for tasks to queue
[2024-07-31T09:00:35.769+0000] {logging_mixin.py:120} INFO - [2024-07-31T09:00:35.769+0000] {dagbag.py:537} INFO - Filling up the DagBag from /home/airflow/.local/lib/python3.7/site-packages/airflow/example_dags/example_python_operator.py
[2024-07-31T09:00:35.782+0000] {logging_mixin.py:120} INFO - [2024-07-31T09:00:35.782+0000] {taskmixin.py:205} WARNING - Dependency <Task(_PythonDecoratedOperator): print_the_context>, log_sql_query already registered for DAG: example_python_operator
[2024-07-31T09:00:35.783+0000] {logging_mixin.py:120} INFO - [2024-07-31T09:00:35.783+0000] {taskmixin.py:205} WARNING - Dependency <Task(_PythonDecoratedOperator): log_sql_query>, print_the_context already registered for DAG: example_python_operator
[2024-07-31T09:00:35.784+0000] {logging_mixin.py:120} INFO - [2024-07-31T09:00:35.784+0000] {taskmixin.py:205} WARNING - Dependency <Task(_PythonDecoratedOperator): print_the_context>, log_sql_query already registered for DAG: example_python_operator
[2024-07-31T09:00:35.784+0000] {logging_mixin.py:120} INFO - [2024-07-31T09:00:35.784+0000] {taskmixin.py:205} WARNING - Dependency <Task(_PythonDecoratedOperator): log_sql_query>, print_the_context already registered for DAG: example_python_operator
[2024-07-31T09:00:35.785+0000] {logging_mixin.py:120} INFO - [2024-07-31T09:00:35.785+0000] {taskmixin.py:205} WARNING - Dependency <Task(_PythonDecoratedOperator): print_the_context>, log_sql_query already registered for DAG: example_python_operator
[2024-07-31T09:00:35.785+0000] {logging_mixin.py:120} INFO - [2024-07-31T09:00:35.785+0000] {taskmixin.py:205} WARNING - Dependency <Task(_PythonDecoratedOperator): log_sql_query>, print_the_context already registered for DAG: example_python_operator
[2024-07-31T09:00:35.786+0000] {logging_mixin.py:120} INFO - [2024-07-31T09:00:35.786+0000] {taskmixin.py:205} WARNING - Dependency <Task(_PythonDecoratedOperator): print_the_context>, log_sql_query already registered for DAG: example_python_operator
[2024-07-31T09:00:35.787+0000] {logging_mixin.py:120} INFO - [2024-07-31T09:00:35.786+0000] {taskmixin.py:205} WARNING - Dependency <Task(_PythonDecoratedOperator): log_sql_query>, print_the_context already registered for DAG: example_python_operator
[2024-07-31T09:00:35.793+0000] {processor.py:766} INFO - DAG(s) dict_keys(['example_python_operator']) retrieved from /home/airflow/.local/lib/python3.7/site-packages/airflow/example_dags/example_python_operator.py
[2024-07-31T09:00:35.830+0000] {logging_mixin.py:120} INFO - [2024-07-31T09:00:35.830+0000] {dag.py:2585} INFO - Sync 1 DAGs
[2024-07-31T09:00:35.852+0000] {logging_mixin.py:120} INFO - [2024-07-31T09:00:35.852+0000] {dag.py:3340} INFO - Setting next_dagrun for example_python_operator to None, run_after=None
[2024-07-31T09:00:35.871+0000] {processor.py:176} INFO - Processing /home/airflow/.local/lib/python3.7/site-packages/airflow/example_dags/example_python_operator.py took 0.106 seconds
[2024-07-31T09:01:06.867+0000] {processor.py:154} INFO - Started process (PID=286) to work on /home/airflow/.local/lib/python3.7/site-packages/airflow/example_dags/example_python_operator.py
[2024-07-31T09:01:06.867+0000] {processor.py:756} INFO - Processing file /home/airflow/.local/lib/python3.7/site-packages/airflow/example_dags/example_python_operator.py for tasks to queue
[2024-07-31T09:01:06.868+0000] {logging_mixin.py:120} INFO - [2024-07-31T09:01:06.868+0000] {dagbag.py:537} INFO - Filling up the DagBag from /home/airflow/.local/lib/python3.7/site-packages/airflow/example_dags/example_python_operator.py
[2024-07-31T09:01:06.882+0000] {logging_mixin.py:120} INFO - [2024-07-31T09:01:06.882+0000] {taskmixin.py:205} WARNING - Dependency <Task(_PythonDecoratedOperator): print_the_context>, log_sql_query already registered for DAG: example_python_operator
[2024-07-31T09:01:06.882+0000] {logging_mixin.py:120} INFO - [2024-07-31T09:01:06.882+0000] {taskmixin.py:205} WARNING - Dependency <Task(_PythonDecoratedOperator): log_sql_query>, print_the_context already registered for DAG: example_python_operator
[2024-07-31T09:01:06.883+0000] {logging_mixin.py:120} INFO - [2024-07-31T09:01:06.883+0000] {taskmixin.py:205} WARNING - Dependency <Task(_PythonDecoratedOperator): print_the_context>, log_sql_query already registered for DAG: example_python_operator
[2024-07-31T09:01:06.884+0000] {logging_mixin.py:120} INFO - [2024-07-31T09:01:06.883+0000] {taskmixin.py:205} WARNING - Dependency <Task(_PythonDecoratedOperator): log_sql_query>, print_the_context already registered for DAG: example_python_operator
[2024-07-31T09:01:06.884+0000] {logging_mixin.py:120} INFO - [2024-07-31T09:01:06.884+0000] {taskmixin.py:205} WARNING - Dependency <Task(_PythonDecoratedOperator): print_the_context>, log_sql_query already registered for DAG: example_python_operator
[2024-07-31T09:01:06.884+0000] {logging_mixin.py:120} INFO - [2024-07-31T09:01:06.884+0000] {taskmixin.py:205} WARNING - Dependency <Task(_PythonDecoratedOperator): log_sql_query>, print_the_context already registered for DAG: example_python_operator
[2024-07-31T09:01:06.885+0000] {logging_mixin.py:120} INFO - [2024-07-31T09:01:06.885+0000] {taskmixin.py:205} WARNING - Dependency <Task(_PythonDecoratedOperator): print_the_context>, log_sql_query already registered for DAG: example_python_operator
[2024-07-31T09:01:06.885+0000] {logging_mixin.py:120} INFO - [2024-07-31T09:01:06.885+0000] {taskmixin.py:205} WARNING - Dependency <Task(_PythonDecoratedOperator): log_sql_query>, print_the_context already registered for DAG: example_python_operator
[2024-07-31T09:01:06.892+0000] {processor.py:766} INFO - DAG(s) dict_keys(['example_python_operator']) retrieved from /home/airflow/.local/lib/python3.7/site-packages/airflow/example_dags/example_python_operator.py
[2024-07-31T09:01:06.929+0000] {logging_mixin.py:120} INFO - [2024-07-31T09:01:06.929+0000] {dag.py:2585} INFO - Sync 1 DAGs
[2024-07-31T09:01:06.951+0000] {logging_mixin.py:120} INFO - [2024-07-31T09:01:06.951+0000] {dag.py:3340} INFO - Setting next_dagrun for example_python_operator to None, run_after=None
[2024-07-31T09:01:06.979+0000] {processor.py:176} INFO - Processing /home/airflow/.local/lib/python3.7/site-packages/airflow/example_dags/example_python_operator.py took 0.115 seconds
[2024-07-31T09:01:37.943+0000] {processor.py:154} INFO - Started process (PID=350) to work on /home/airflow/.local/lib/python3.7/site-packages/airflow/example_dags/example_python_operator.py
[2024-07-31T09:01:37.944+0000] {processor.py:756} INFO - Processing file /home/airflow/.local/lib/python3.7/site-packages/airflow/example_dags/example_python_operator.py for tasks to queue
[2024-07-31T09:01:37.945+0000] {logging_mixin.py:120} INFO - [2024-07-31T09:01:37.945+0000] {dagbag.py:537} INFO - Filling up the DagBag from /home/airflow/.local/lib/python3.7/site-packages/airflow/example_dags/example_python_operator.py
[2024-07-31T09:01:37.963+0000] {logging_mixin.py:120} INFO - [2024-07-31T09:01:37.962+0000] {taskmixin.py:205} WARNING - Dependency <Task(_PythonDecoratedOperator): print_the_context>, log_sql_query already registered for DAG: example_python_operator
[2024-07-31T09:01:37.963+0000] {logging_mixin.py:120} INFO - [2024-07-31T09:01:37.963+0000] {taskmixin.py:205} WARNING - Dependency <Task(_PythonDecoratedOperator): log_sql_query>, print_the_context already registered for DAG: example_python_operator
[2024-07-31T09:01:37.964+0000] {logging_mixin.py:120} INFO - [2024-07-31T09:01:37.964+0000] {taskmixin.py:205} WARNING - Dependency <Task(_PythonDecoratedOperator): print_the_context>, log_sql_query already registered for DAG: example_python_operator
[2024-07-31T09:01:37.964+0000] {logging_mixin.py:120} INFO - [2024-07-31T09:01:37.964+0000] {taskmixin.py:205} WARNING - Dependency <Task(_PythonDecoratedOperator): log_sql_query>, print_the_context already registered for DAG: example_python_operator
[2024-07-31T09:01:37.965+0000] {logging_mixin.py:120} INFO - [2024-07-31T09:01:37.965+0000] {taskmixin.py:205} WARNING - Dependency <Task(_PythonDecoratedOperator): print_the_context>, log_sql_query already registered for DAG: example_python_operator
[2024-07-31T09:01:37.966+0000] {logging_mixin.py:120} INFO - [2024-07-31T09:01:37.965+0000] {taskmixin.py:205} WARNING - Dependency <Task(_PythonDecoratedOperator): log_sql_query>, print_the_context already registered for DAG: example_python_operator
[2024-07-31T09:01:37.966+0000] {logging_mixin.py:120} INFO - [2024-07-31T09:01:37.966+0000] {taskmixin.py:205} WARNING - Dependency <Task(_PythonDecoratedOperator): print_the_context>, log_sql_query already registered for DAG: example_python_operator
[2024-07-31T09:01:37.967+0000] {logging_mixin.py:120} INFO - [2024-07-31T09:01:37.967+0000] {taskmixin.py:205} WARNING - Dependency <Task(_PythonDecoratedOperator): log_sql_query>, print_the_context already registered for DAG: example_python_operator
[2024-07-31T09:01:37.975+0000] {processor.py:766} INFO - DAG(s) dict_keys(['example_python_operator']) retrieved from /home/airflow/.local/lib/python3.7/site-packages/airflow/example_dags/example_python_operator.py
[2024-07-31T09:01:38.022+0000] {logging_mixin.py:120} INFO - [2024-07-31T09:01:38.021+0000] {dag.py:2585} INFO - Sync 1 DAGs
[2024-07-31T09:01:38.051+0000] {logging_mixin.py:120} INFO - [2024-07-31T09:01:38.051+0000] {dag.py:3340} INFO - Setting next_dagrun for example_python_operator to None, run_after=None
[2024-07-31T09:01:38.073+0000] {processor.py:176} INFO - Processing /home/airflow/.local/lib/python3.7/site-packages/airflow/example_dags/example_python_operator.py took 0.133 seconds
[2024-07-31T09:02:08.194+0000] {processor.py:154} INFO - Started process (PID=413) to work on /home/airflow/.local/lib/python3.7/site-packages/airflow/example_dags/example_python_operator.py
[2024-07-31T09:02:08.195+0000] {processor.py:756} INFO - Processing file /home/airflow/.local/lib/python3.7/site-packages/airflow/example_dags/example_python_operator.py for tasks to queue
[2024-07-31T09:02:08.195+0000] {logging_mixin.py:120} INFO - [2024-07-31T09:02:08.195+0000] {dagbag.py:537} INFO - Filling up the DagBag from /home/airflow/.local/lib/python3.7/site-packages/airflow/example_dags/example_python_operator.py
[2024-07-31T09:02:08.209+0000] {logging_mixin.py:120} INFO - [2024-07-31T09:02:08.208+0000] {taskmixin.py:205} WARNING - Dependency <Task(_PythonDecoratedOperator): print_the_context>, log_sql_query already registered for DAG: example_python_operator
[2024-07-31T09:02:08.209+0000] {logging_mixin.py:120} INFO - [2024-07-31T09:02:08.209+0000] {taskmixin.py:205} WARNING - Dependency <Task(_PythonDecoratedOperator): log_sql_query>, print_the_context already registered for DAG: example_python_operator
[2024-07-31T09:02:08.210+0000] {logging_mixin.py:120} INFO - [2024-07-31T09:02:08.210+0000] {taskmixin.py:205} WARNING - Dependency <Task(_PythonDecoratedOperator): print_the_context>, log_sql_query already registered for DAG: example_python_operator
[2024-07-31T09:02:08.210+0000] {logging_mixin.py:120} INFO - [2024-07-31T09:02:08.210+0000] {taskmixin.py:205} WARNING - Dependency <Task(_PythonDecoratedOperator): log_sql_query>, print_the_context already registered for DAG: example_python_operator
[2024-07-31T09:02:08.211+0000] {logging_mixin.py:120} INFO - [2024-07-31T09:02:08.211+0000] {taskmixin.py:205} WARNING - Dependency <Task(_PythonDecoratedOperator): print_the_context>, log_sql_query already registered for DAG: example_python_operator
[2024-07-31T09:02:08.211+0000] {logging_mixin.py:120} INFO - [2024-07-31T09:02:08.211+0000] {taskmixin.py:205} WARNING - Dependency <Task(_PythonDecoratedOperator): log_sql_query>, print_the_context already registered for DAG: example_python_operator
[2024-07-31T09:02:08.212+0000] {logging_mixin.py:120} INFO - [2024-07-31T09:02:08.212+0000] {taskmixin.py:205} WARNING - Dependency <Task(_PythonDecoratedOperator): print_the_context>, log_sql_query already registered for DAG: example_python_operator
[2024-07-31T09:02:08.212+0000] {logging_mixin.py:120} INFO - [2024-07-31T09:02:08.212+0000] {taskmixin.py:205} WARNING - Dependency <Task(_PythonDecoratedOperator): log_sql_query>, print_the_context already registered for DAG: example_python_operator
[2024-07-31T09:02:08.221+0000] {processor.py:766} INFO - DAG(s) dict_keys(['example_python_operator']) retrieved from /home/airflow/.local/lib/python3.7/site-packages/airflow/example_dags/example_python_operator.py
[2024-07-31T09:02:08.243+0000] {logging_mixin.py:120} INFO - [2024-07-31T09:02:08.242+0000] {dag.py:2585} INFO - Sync 1 DAGs
[2024-07-31T09:02:08.269+0000] {logging_mixin.py:120} INFO - [2024-07-31T09:02:08.269+0000] {dag.py:3340} INFO - Setting next_dagrun for example_python_operator to None, run_after=None
[2024-07-31T09:02:08.289+0000] {processor.py:176} INFO - Processing /home/airflow/.local/lib/python3.7/site-packages/airflow/example_dags/example_python_operator.py took 0.098 seconds
[2024-07-31T09:02:38.920+0000] {processor.py:154} INFO - Started process (PID=476) to work on /home/airflow/.local/lib/python3.7/site-packages/airflow/example_dags/example_python_operator.py
[2024-07-31T09:02:38.921+0000] {processor.py:756} INFO - Processing file /home/airflow/.local/lib/python3.7/site-packages/airflow/example_dags/example_python_operator.py for tasks to queue
[2024-07-31T09:02:38.922+0000] {logging_mixin.py:120} INFO - [2024-07-31T09:02:38.922+0000] {dagbag.py:537} INFO - Filling up the DagBag from /home/airflow/.local/lib/python3.7/site-packages/airflow/example_dags/example_python_operator.py
[2024-07-31T09:02:38.935+0000] {logging_mixin.py:120} INFO - [2024-07-31T09:02:38.935+0000] {taskmixin.py:205} WARNING - Dependency <Task(_PythonDecoratedOperator): print_the_context>, log_sql_query already registered for DAG: example_python_operator
[2024-07-31T09:02:38.936+0000] {logging_mixin.py:120} INFO - [2024-07-31T09:02:38.935+0000] {taskmixin.py:205} WARNING - Dependency <Task(_PythonDecoratedOperator): log_sql_query>, print_the_context already registered for DAG: example_python_operator
[2024-07-31T09:02:38.936+0000] {logging_mixin.py:120} INFO - [2024-07-31T09:02:38.936+0000] {taskmixin.py:205} WARNING - Dependency <Task(_PythonDecoratedOperator): print_the_context>, log_sql_query already registered for DAG: example_python_operator
[2024-07-31T09:02:38.937+0000] {logging_mixin.py:120} INFO - [2024-07-31T09:02:38.937+0000] {taskmixin.py:205} WARNING - Dependency <Task(_PythonDecoratedOperator): log_sql_query>, print_the_context already registered for DAG: example_python_operator
[2024-07-31T09:02:38.937+0000] {logging_mixin.py:120} INFO - [2024-07-31T09:02:38.937+0000] {taskmixin.py:205} WARNING - Dependency <Task(_PythonDecoratedOperator): print_the_context>, log_sql_query already registered for DAG: example_python_operator
[2024-07-31T09:02:38.938+0000] {logging_mixin.py:120} INFO - [2024-07-31T09:02:38.938+0000] {taskmixin.py:205} WARNING - Dependency <Task(_PythonDecoratedOperator): log_sql_query>, print_the_context already registered for DAG: example_python_operator
[2024-07-31T09:02:38.938+0000] {logging_mixin.py:120} INFO - [2024-07-31T09:02:38.938+0000] {taskmixin.py:205} WARNING - Dependency <Task(_PythonDecoratedOperator): print_the_context>, log_sql_query already registered for DAG: example_python_operator
[2024-07-31T09:02:38.939+0000] {logging_mixin.py:120} INFO - [2024-07-31T09:02:38.939+0000] {taskmixin.py:205} WARNING - Dependency <Task(_PythonDecoratedOperator): log_sql_query>, print_the_context already registered for DAG: example_python_operator
[2024-07-31T09:02:38.945+0000] {processor.py:766} INFO - DAG(s) dict_keys(['example_python_operator']) retrieved from /home/airflow/.local/lib/python3.7/site-packages/airflow/example_dags/example_python_operator.py
[2024-07-31T09:02:38.983+0000] {logging_mixin.py:120} INFO - [2024-07-31T09:02:38.983+0000] {dag.py:2585} INFO - Sync 1 DAGs
[2024-07-31T09:02:39.009+0000] {logging_mixin.py:120} INFO - [2024-07-31T09:02:39.009+0000] {dag.py:3340} INFO - Setting next_dagrun for example_python_operator to None, run_after=None
[2024-07-31T09:02:39.026+0000] {processor.py:176} INFO - Processing /home/airflow/.local/lib/python3.7/site-packages/airflow/example_dags/example_python_operator.py took 0.108 seconds
[2024-07-31T09:03:09.521+0000] {processor.py:154} INFO - Started process (PID=530) to work on /home/airflow/.local/lib/python3.7/site-packages/airflow/example_dags/example_python_operator.py
[2024-07-31T09:03:09.522+0000] {processor.py:756} INFO - Processing file /home/airflow/.local/lib/python3.7/site-packages/airflow/example_dags/example_python_operator.py for tasks to queue
[2024-07-31T09:03:09.523+0000] {logging_mixin.py:120} INFO - [2024-07-31T09:03:09.523+0000] {dagbag.py:537} INFO - Filling up the DagBag from /home/airflow/.local/lib/python3.7/site-packages/airflow/example_dags/example_python_operator.py
[2024-07-31T09:03:09.536+0000] {logging_mixin.py:120} INFO - [2024-07-31T09:03:09.536+0000] {taskmixin.py:205} WARNING - Dependency <Task(_PythonDecoratedOperator): print_the_context>, log_sql_query already registered for DAG: example_python_operator
[2024-07-31T09:03:09.536+0000] {logging_mixin.py:120} INFO - [2024-07-31T09:03:09.536+0000] {taskmixin.py:205} WARNING - Dependency <Task(_PythonDecoratedOperator): log_sql_query>, print_the_context already registered for DAG: example_python_operator
[2024-07-31T09:03:09.537+0000] {logging_mixin.py:120} INFO - [2024-07-31T09:03:09.537+0000] {taskmixin.py:205} WARNING - Dependency <Task(_PythonDecoratedOperator): print_the_context>, log_sql_query already registered for DAG: example_python_operator
[2024-07-31T09:03:09.537+0000] {logging_mixin.py:120} INFO - [2024-07-31T09:03:09.537+0000] {taskmixin.py:205} WARNING - Dependency <Task(_PythonDecoratedOperator): log_sql_query>, print_the_context already registered for DAG: example_python_operator
[2024-07-31T09:03:09.538+0000] {logging_mixin.py:120} INFO - [2024-07-31T09:03:09.538+0000] {taskmixin.py:205} WARNING - Dependency <Task(_PythonDecoratedOperator): print_the_context>, log_sql_query already registered for DAG: example_python_operator
[2024-07-31T09:03:09.538+0000] {logging_mixin.py:120} INFO - [2024-07-31T09:03:09.538+0000] {taskmixin.py:205} WARNING - Dependency <Task(_PythonDecoratedOperator): log_sql_query>, print_the_context already registered for DAG: example_python_operator
[2024-07-31T09:03:09.539+0000] {logging_mixin.py:120} INFO - [2024-07-31T09:03:09.539+0000] {taskmixin.py:205} WARNING - Dependency <Task(_PythonDecoratedOperator): print_the_context>, log_sql_query already registered for DAG: example_python_operator
[2024-07-31T09:03:09.539+0000] {logging_mixin.py:120} INFO - [2024-07-31T09:03:09.539+0000] {taskmixin.py:205} WARNING - Dependency <Task(_PythonDecoratedOperator): log_sql_query>, print_the_context already registered for DAG: example_python_operator
[2024-07-31T09:03:09.546+0000] {processor.py:766} INFO - DAG(s) dict_keys(['example_python_operator']) retrieved from /home/airflow/.local/lib/python3.7/site-packages/airflow/example_dags/example_python_operator.py
[2024-07-31T09:03:09.586+0000] {logging_mixin.py:120} INFO - [2024-07-31T09:03:09.586+0000] {dag.py:2585} INFO - Sync 1 DAGs
[2024-07-31T09:03:09.608+0000] {logging_mixin.py:120} INFO - [2024-07-31T09:03:09.608+0000] {dag.py:3340} INFO - Setting next_dagrun for example_python_operator to None, run_after=None
[2024-07-31T09:03:09.637+0000] {processor.py:176} INFO - Processing /home/airflow/.local/lib/python3.7/site-packages/airflow/example_dags/example_python_operator.py took 0.117 seconds
