[2024-07-31T08:52:53.184+0000] {processor.py:154} INFO - Started process (PID=60) to work on /home/airflow/.local/lib/python3.7/site-packages/airflow/example_dags/example_latest_only_with_trigger.py
[2024-07-31T08:52:53.185+0000] {processor.py:756} INFO - Processing file /home/airflow/.local/lib/python3.7/site-packages/airflow/example_dags/example_latest_only_with_trigger.py for tasks to queue
[2024-07-31T08:52:53.186+0000] {logging_mixin.py:120} INFO - [2024-07-31T08:52:53.185+0000] {dagbag.py:537} INFO - Filling up the DagBag from /home/airflow/.local/lib/python3.7/site-packages/airflow/example_dags/example_latest_only_with_trigger.py
[2024-07-31T08:52:53.226+0000] {processor.py:766} INFO - DAG(s) dict_keys(['latest_only_with_trigger']) retrieved from /home/airflow/.local/lib/python3.7/site-packages/airflow/example_dags/example_latest_only_with_trigger.py
[2024-07-31T08:52:53.410+0000] {logging_mixin.py:120} INFO - [2024-07-31T08:52:53.409+0000] {manager.py:507} INFO - Created Permission View: can read on DAG:latest_only_with_trigger
[2024-07-31T08:52:53.437+0000] {logging_mixin.py:120} INFO - [2024-07-31T08:52:53.436+0000] {manager.py:507} INFO - Created Permission View: can edit on DAG:latest_only_with_trigger
[2024-07-31T08:52:53.467+0000] {logging_mixin.py:120} INFO - [2024-07-31T08:52:53.466+0000] {manager.py:507} INFO - Created Permission View: can delete on DAG:latest_only_with_trigger
[2024-07-31T08:52:53.467+0000] {logging_mixin.py:120} INFO - [2024-07-31T08:52:53.467+0000] {dag.py:2585} INFO - Sync 1 DAGs
[2024-07-31T08:52:53.480+0000] {logging_mixin.py:120} INFO - [2024-07-31T08:52:53.480+0000] {dag.py:2606} INFO - Creating ORM DAG for latest_only_with_trigger
[2024-07-31T08:52:53.492+0000] {logging_mixin.py:120} INFO - [2024-07-31T08:52:53.492+0000] {dag.py:3340} INFO - Setting next_dagrun for latest_only_with_trigger to 2024-07-31T04:52:53.492329+00:00, run_after=2024-07-31T08:52:53.492329+00:00
[2024-07-31T08:52:53.529+0000] {processor.py:176} INFO - Processing /home/airflow/.local/lib/python3.7/site-packages/airflow/example_dags/example_latest_only_with_trigger.py took 0.347 seconds
[2024-07-31T08:53:24.329+0000] {processor.py:154} INFO - Started process (PID=114) to work on /home/airflow/.local/lib/python3.7/site-packages/airflow/example_dags/example_latest_only_with_trigger.py
[2024-07-31T08:53:24.329+0000] {processor.py:756} INFO - Processing file /home/airflow/.local/lib/python3.7/site-packages/airflow/example_dags/example_latest_only_with_trigger.py for tasks to queue
[2024-07-31T08:53:24.330+0000] {logging_mixin.py:120} INFO - [2024-07-31T08:53:24.330+0000] {dagbag.py:537} INFO - Filling up the DagBag from /home/airflow/.local/lib/python3.7/site-packages/airflow/example_dags/example_latest_only_with_trigger.py
[2024-07-31T08:53:24.343+0000] {processor.py:766} INFO - DAG(s) dict_keys(['latest_only_with_trigger']) retrieved from /home/airflow/.local/lib/python3.7/site-packages/airflow/example_dags/example_latest_only_with_trigger.py
[2024-07-31T08:53:24.377+0000] {logging_mixin.py:120} INFO - [2024-07-31T08:53:24.377+0000] {dag.py:2585} INFO - Sync 1 DAGs
[2024-07-31T08:53:24.400+0000] {logging_mixin.py:120} INFO - [2024-07-31T08:53:24.400+0000] {dag.py:3340} INFO - Setting next_dagrun for latest_only_with_trigger to 2024-07-31T04:53:24.400093+00:00, run_after=2024-07-31T08:53:24.400093+00:00
[2024-07-31T08:53:24.532+0000] {processor.py:176} INFO - Processing /home/airflow/.local/lib/python3.7/site-packages/airflow/example_dags/example_latest_only_with_trigger.py took 0.206 seconds
[2024-07-31T08:53:54.816+0000] {processor.py:154} INFO - Started process (PID=178) to work on /home/airflow/.local/lib/python3.7/site-packages/airflow/example_dags/example_latest_only_with_trigger.py
[2024-07-31T08:53:54.817+0000] {processor.py:756} INFO - Processing file /home/airflow/.local/lib/python3.7/site-packages/airflow/example_dags/example_latest_only_with_trigger.py for tasks to queue
[2024-07-31T08:53:54.818+0000] {logging_mixin.py:120} INFO - [2024-07-31T08:53:54.818+0000] {dagbag.py:537} INFO - Filling up the DagBag from /home/airflow/.local/lib/python3.7/site-packages/airflow/example_dags/example_latest_only_with_trigger.py
[2024-07-31T08:53:54.831+0000] {processor.py:766} INFO - DAG(s) dict_keys(['latest_only_with_trigger']) retrieved from /home/airflow/.local/lib/python3.7/site-packages/airflow/example_dags/example_latest_only_with_trigger.py
[2024-07-31T08:53:54.866+0000] {logging_mixin.py:120} INFO - [2024-07-31T08:53:54.866+0000] {dag.py:2585} INFO - Sync 1 DAGs
[2024-07-31T08:53:54.890+0000] {logging_mixin.py:120} INFO - [2024-07-31T08:53:54.890+0000] {dag.py:3340} INFO - Setting next_dagrun for latest_only_with_trigger to 2024-07-31T04:53:54.889976+00:00, run_after=2024-07-31T08:53:54.889976+00:00
[2024-07-31T08:53:54.908+0000] {processor.py:176} INFO - Processing /home/airflow/.local/lib/python3.7/site-packages/airflow/example_dags/example_latest_only_with_trigger.py took 0.094 seconds
[2024-07-31T08:54:25.955+0000] {processor.py:154} INFO - Started process (PID=241) to work on /home/airflow/.local/lib/python3.7/site-packages/airflow/example_dags/example_latest_only_with_trigger.py
[2024-07-31T08:54:25.956+0000] {processor.py:756} INFO - Processing file /home/airflow/.local/lib/python3.7/site-packages/airflow/example_dags/example_latest_only_with_trigger.py for tasks to queue
[2024-07-31T08:54:25.956+0000] {logging_mixin.py:120} INFO - [2024-07-31T08:54:25.956+0000] {dagbag.py:537} INFO - Filling up the DagBag from /home/airflow/.local/lib/python3.7/site-packages/airflow/example_dags/example_latest_only_with_trigger.py
[2024-07-31T08:54:25.968+0000] {processor.py:766} INFO - DAG(s) dict_keys(['latest_only_with_trigger']) retrieved from /home/airflow/.local/lib/python3.7/site-packages/airflow/example_dags/example_latest_only_with_trigger.py
[2024-07-31T08:54:26.003+0000] {logging_mixin.py:120} INFO - [2024-07-31T08:54:26.003+0000] {dag.py:2585} INFO - Sync 1 DAGs
[2024-07-31T08:54:26.024+0000] {logging_mixin.py:120} INFO - [2024-07-31T08:54:26.024+0000] {dag.py:3340} INFO - Setting next_dagrun for latest_only_with_trigger to 2024-07-31T04:54:26.024449+00:00, run_after=2024-07-31T08:54:26.024449+00:00
[2024-07-31T08:54:26.041+0000] {processor.py:176} INFO - Processing /home/airflow/.local/lib/python3.7/site-packages/airflow/example_dags/example_latest_only_with_trigger.py took 0.089 seconds
[2024-07-31T08:54:56.484+0000] {processor.py:154} INFO - Started process (PID=304) to work on /home/airflow/.local/lib/python3.7/site-packages/airflow/example_dags/example_latest_only_with_trigger.py
[2024-07-31T08:54:56.485+0000] {processor.py:756} INFO - Processing file /home/airflow/.local/lib/python3.7/site-packages/airflow/example_dags/example_latest_only_with_trigger.py for tasks to queue
[2024-07-31T08:54:56.486+0000] {logging_mixin.py:120} INFO - [2024-07-31T08:54:56.486+0000] {dagbag.py:537} INFO - Filling up the DagBag from /home/airflow/.local/lib/python3.7/site-packages/airflow/example_dags/example_latest_only_with_trigger.py
[2024-07-31T08:54:56.503+0000] {processor.py:766} INFO - DAG(s) dict_keys(['latest_only_with_trigger']) retrieved from /home/airflow/.local/lib/python3.7/site-packages/airflow/example_dags/example_latest_only_with_trigger.py
[2024-07-31T08:54:56.539+0000] {logging_mixin.py:120} INFO - [2024-07-31T08:54:56.539+0000] {dag.py:2585} INFO - Sync 1 DAGs
[2024-07-31T08:54:56.566+0000] {logging_mixin.py:120} INFO - [2024-07-31T08:54:56.565+0000] {dag.py:3340} INFO - Setting next_dagrun for latest_only_with_trigger to 2024-07-31T04:54:56.565692+00:00, run_after=2024-07-31T08:54:56.565692+00:00
[2024-07-31T08:54:56.589+0000] {processor.py:176} INFO - Processing /home/airflow/.local/lib/python3.7/site-packages/airflow/example_dags/example_latest_only_with_trigger.py took 0.107 seconds
[2024-07-31T08:55:26.795+0000] {processor.py:154} INFO - Started process (PID=358) to work on /home/airflow/.local/lib/python3.7/site-packages/airflow/example_dags/example_latest_only_with_trigger.py
[2024-07-31T08:55:26.796+0000] {processor.py:756} INFO - Processing file /home/airflow/.local/lib/python3.7/site-packages/airflow/example_dags/example_latest_only_with_trigger.py for tasks to queue
[2024-07-31T08:55:26.797+0000] {logging_mixin.py:120} INFO - [2024-07-31T08:55:26.797+0000] {dagbag.py:537} INFO - Filling up the DagBag from /home/airflow/.local/lib/python3.7/site-packages/airflow/example_dags/example_latest_only_with_trigger.py
[2024-07-31T08:55:26.809+0000] {processor.py:766} INFO - DAG(s) dict_keys(['latest_only_with_trigger']) retrieved from /home/airflow/.local/lib/python3.7/site-packages/airflow/example_dags/example_latest_only_with_trigger.py
[2024-07-31T08:55:26.845+0000] {logging_mixin.py:120} INFO - [2024-07-31T08:55:26.845+0000] {dag.py:2585} INFO - Sync 1 DAGs
[2024-07-31T08:55:26.869+0000] {logging_mixin.py:120} INFO - [2024-07-31T08:55:26.869+0000] {dag.py:3340} INFO - Setting next_dagrun for latest_only_with_trigger to 2024-07-31T04:55:26.868994+00:00, run_after=2024-07-31T08:55:26.868994+00:00
[2024-07-31T08:55:26.888+0000] {processor.py:176} INFO - Processing /home/airflow/.local/lib/python3.7/site-packages/airflow/example_dags/example_latest_only_with_trigger.py took 0.096 seconds
[2024-07-31T08:55:56.987+0000] {processor.py:154} INFO - Started process (PID=421) to work on /home/airflow/.local/lib/python3.7/site-packages/airflow/example_dags/example_latest_only_with_trigger.py
[2024-07-31T08:55:56.988+0000] {processor.py:756} INFO - Processing file /home/airflow/.local/lib/python3.7/site-packages/airflow/example_dags/example_latest_only_with_trigger.py for tasks to queue
[2024-07-31T08:55:56.988+0000] {logging_mixin.py:120} INFO - [2024-07-31T08:55:56.988+0000] {dagbag.py:537} INFO - Filling up the DagBag from /home/airflow/.local/lib/python3.7/site-packages/airflow/example_dags/example_latest_only_with_trigger.py
[2024-07-31T08:55:57.000+0000] {processor.py:766} INFO - DAG(s) dict_keys(['latest_only_with_trigger']) retrieved from /home/airflow/.local/lib/python3.7/site-packages/airflow/example_dags/example_latest_only_with_trigger.py
[2024-07-31T08:55:57.034+0000] {logging_mixin.py:120} INFO - [2024-07-31T08:55:57.034+0000] {dag.py:2585} INFO - Sync 1 DAGs
[2024-07-31T08:55:57.056+0000] {logging_mixin.py:120} INFO - [2024-07-31T08:55:57.056+0000] {dag.py:3340} INFO - Setting next_dagrun for latest_only_with_trigger to 2024-07-31T04:55:57.056389+00:00, run_after=2024-07-31T08:55:57.056389+00:00
[2024-07-31T08:55:57.073+0000] {processor.py:176} INFO - Processing /home/airflow/.local/lib/python3.7/site-packages/airflow/example_dags/example_latest_only_with_trigger.py took 0.089 seconds
[2024-07-31T08:57:09.422+0000] {processor.py:154} INFO - Started process (PID=61) to work on /home/airflow/.local/lib/python3.7/site-packages/airflow/example_dags/example_latest_only_with_trigger.py
[2024-07-31T08:57:09.423+0000] {processor.py:756} INFO - Processing file /home/airflow/.local/lib/python3.7/site-packages/airflow/example_dags/example_latest_only_with_trigger.py for tasks to queue
[2024-07-31T08:57:09.424+0000] {logging_mixin.py:120} INFO - [2024-07-31T08:57:09.424+0000] {dagbag.py:537} INFO - Filling up the DagBag from /home/airflow/.local/lib/python3.7/site-packages/airflow/example_dags/example_latest_only_with_trigger.py
[2024-07-31T08:57:09.440+0000] {processor.py:766} INFO - DAG(s) dict_keys(['latest_only_with_trigger']) retrieved from /home/airflow/.local/lib/python3.7/site-packages/airflow/example_dags/example_latest_only_with_trigger.py
[2024-07-31T08:57:09.478+0000] {logging_mixin.py:120} INFO - [2024-07-31T08:57:09.478+0000] {dag.py:2585} INFO - Sync 1 DAGs
[2024-07-31T08:57:09.517+0000] {logging_mixin.py:120} INFO - [2024-07-31T08:57:09.517+0000] {dag.py:3340} INFO - Setting next_dagrun for latest_only_with_trigger to 2024-07-31T04:57:09.516966+00:00, run_after=2024-07-31T08:57:09.516966+00:00
[2024-07-31T08:57:09.543+0000] {processor.py:176} INFO - Processing /home/airflow/.local/lib/python3.7/site-packages/airflow/example_dags/example_latest_only_with_trigger.py took 0.124 seconds
[2024-07-31T08:57:40.138+0000] {processor.py:154} INFO - Started process (PID=115) to work on /home/airflow/.local/lib/python3.7/site-packages/airflow/example_dags/example_latest_only_with_trigger.py
[2024-07-31T08:57:40.139+0000] {processor.py:756} INFO - Processing file /home/airflow/.local/lib/python3.7/site-packages/airflow/example_dags/example_latest_only_with_trigger.py for tasks to queue
[2024-07-31T08:57:40.140+0000] {logging_mixin.py:120} INFO - [2024-07-31T08:57:40.140+0000] {dagbag.py:537} INFO - Filling up the DagBag from /home/airflow/.local/lib/python3.7/site-packages/airflow/example_dags/example_latest_only_with_trigger.py
[2024-07-31T08:57:40.158+0000] {processor.py:766} INFO - DAG(s) dict_keys(['latest_only_with_trigger']) retrieved from /home/airflow/.local/lib/python3.7/site-packages/airflow/example_dags/example_latest_only_with_trigger.py
[2024-07-31T08:57:40.207+0000] {logging_mixin.py:120} INFO - [2024-07-31T08:57:40.207+0000] {dag.py:2585} INFO - Sync 1 DAGs
[2024-07-31T08:57:40.235+0000] {logging_mixin.py:120} INFO - [2024-07-31T08:57:40.234+0000] {dag.py:3340} INFO - Setting next_dagrun for latest_only_with_trigger to 2024-07-31T04:57:40.234700+00:00, run_after=2024-07-31T08:57:40.234700+00:00
[2024-07-31T08:57:40.257+0000] {processor.py:176} INFO - Processing /home/airflow/.local/lib/python3.7/site-packages/airflow/example_dags/example_latest_only_with_trigger.py took 0.123 seconds
[2024-07-31T08:59:04.201+0000] {processor.py:154} INFO - Started process (PID=58) to work on /home/airflow/.local/lib/python3.7/site-packages/airflow/example_dags/example_latest_only_with_trigger.py
[2024-07-31T08:59:04.202+0000] {processor.py:756} INFO - Processing file /home/airflow/.local/lib/python3.7/site-packages/airflow/example_dags/example_latest_only_with_trigger.py for tasks to queue
[2024-07-31T08:59:04.203+0000] {logging_mixin.py:120} INFO - [2024-07-31T08:59:04.203+0000] {dagbag.py:537} INFO - Filling up the DagBag from /home/airflow/.local/lib/python3.7/site-packages/airflow/example_dags/example_latest_only_with_trigger.py
[2024-07-31T08:59:04.223+0000] {processor.py:766} INFO - DAG(s) dict_keys(['latest_only_with_trigger']) retrieved from /home/airflow/.local/lib/python3.7/site-packages/airflow/example_dags/example_latest_only_with_trigger.py
[2024-07-31T08:59:04.259+0000] {logging_mixin.py:120} INFO - [2024-07-31T08:59:04.258+0000] {dag.py:2585} INFO - Sync 1 DAGs
[2024-07-31T08:59:04.299+0000] {logging_mixin.py:120} INFO - [2024-07-31T08:59:04.299+0000] {dag.py:3340} INFO - Setting next_dagrun for latest_only_with_trigger to 2024-07-31T04:59:04.298936+00:00, run_after=2024-07-31T08:59:04.298936+00:00
[2024-07-31T08:59:04.324+0000] {processor.py:176} INFO - Processing /home/airflow/.local/lib/python3.7/site-packages/airflow/example_dags/example_latest_only_with_trigger.py took 0.128 seconds
[2024-07-31T08:59:34.878+0000] {processor.py:154} INFO - Started process (PID=114) to work on /home/airflow/.local/lib/python3.7/site-packages/airflow/example_dags/example_latest_only_with_trigger.py
[2024-07-31T08:59:34.879+0000] {processor.py:756} INFO - Processing file /home/airflow/.local/lib/python3.7/site-packages/airflow/example_dags/example_latest_only_with_trigger.py for tasks to queue
[2024-07-31T08:59:34.880+0000] {logging_mixin.py:120} INFO - [2024-07-31T08:59:34.880+0000] {dagbag.py:537} INFO - Filling up the DagBag from /home/airflow/.local/lib/python3.7/site-packages/airflow/example_dags/example_latest_only_with_trigger.py
[2024-07-31T08:59:34.893+0000] {processor.py:766} INFO - DAG(s) dict_keys(['latest_only_with_trigger']) retrieved from /home/airflow/.local/lib/python3.7/site-packages/airflow/example_dags/example_latest_only_with_trigger.py
[2024-07-31T08:59:34.928+0000] {logging_mixin.py:120} INFO - [2024-07-31T08:59:34.928+0000] {dag.py:2585} INFO - Sync 1 DAGs
[2024-07-31T08:59:34.951+0000] {logging_mixin.py:120} INFO - [2024-07-31T08:59:34.951+0000] {dag.py:3340} INFO - Setting next_dagrun for latest_only_with_trigger to 2024-07-31T04:59:34.951198+00:00, run_after=2024-07-31T08:59:34.951198+00:00
[2024-07-31T08:59:34.970+0000] {processor.py:176} INFO - Processing /home/airflow/.local/lib/python3.7/site-packages/airflow/example_dags/example_latest_only_with_trigger.py took 0.094 seconds
[2024-07-31T09:00:05.685+0000] {processor.py:154} INFO - Started process (PID=178) to work on /home/airflow/.local/lib/python3.7/site-packages/airflow/example_dags/example_latest_only_with_trigger.py
[2024-07-31T09:00:05.686+0000] {processor.py:756} INFO - Processing file /home/airflow/.local/lib/python3.7/site-packages/airflow/example_dags/example_latest_only_with_trigger.py for tasks to queue
[2024-07-31T09:00:05.687+0000] {logging_mixin.py:120} INFO - [2024-07-31T09:00:05.687+0000] {dagbag.py:537} INFO - Filling up the DagBag from /home/airflow/.local/lib/python3.7/site-packages/airflow/example_dags/example_latest_only_with_trigger.py
[2024-07-31T09:00:05.701+0000] {processor.py:766} INFO - DAG(s) dict_keys(['latest_only_with_trigger']) retrieved from /home/airflow/.local/lib/python3.7/site-packages/airflow/example_dags/example_latest_only_with_trigger.py
[2024-07-31T09:00:05.747+0000] {logging_mixin.py:120} INFO - [2024-07-31T09:00:05.746+0000] {dag.py:2585} INFO - Sync 1 DAGs
[2024-07-31T09:00:05.777+0000] {logging_mixin.py:120} INFO - [2024-07-31T09:00:05.777+0000] {dag.py:3340} INFO - Setting next_dagrun for latest_only_with_trigger to 2024-07-31T05:00:05.777022+00:00, run_after=2024-07-31T09:00:05.777022+00:00
[2024-07-31T09:00:05.796+0000] {processor.py:176} INFO - Processing /home/airflow/.local/lib/python3.7/site-packages/airflow/example_dags/example_latest_only_with_trigger.py took 0.113 seconds
[2024-07-31T09:00:36.432+0000] {processor.py:154} INFO - Started process (PID=241) to work on /home/airflow/.local/lib/python3.7/site-packages/airflow/example_dags/example_latest_only_with_trigger.py
[2024-07-31T09:00:36.433+0000] {processor.py:756} INFO - Processing file /home/airflow/.local/lib/python3.7/site-packages/airflow/example_dags/example_latest_only_with_trigger.py for tasks to queue
[2024-07-31T09:00:36.433+0000] {logging_mixin.py:120} INFO - [2024-07-31T09:00:36.433+0000] {dagbag.py:537} INFO - Filling up the DagBag from /home/airflow/.local/lib/python3.7/site-packages/airflow/example_dags/example_latest_only_with_trigger.py
[2024-07-31T09:00:36.446+0000] {processor.py:766} INFO - DAG(s) dict_keys(['latest_only_with_trigger']) retrieved from /home/airflow/.local/lib/python3.7/site-packages/airflow/example_dags/example_latest_only_with_trigger.py
[2024-07-31T09:00:36.487+0000] {logging_mixin.py:120} INFO - [2024-07-31T09:00:36.487+0000] {dag.py:2585} INFO - Sync 1 DAGs
[2024-07-31T09:00:36.524+0000] {logging_mixin.py:120} INFO - [2024-07-31T09:00:36.524+0000] {dag.py:3340} INFO - Setting next_dagrun for latest_only_with_trigger to 2024-07-31T05:00:36.523827+00:00, run_after=2024-07-31T09:00:36.523827+00:00
[2024-07-31T09:00:36.555+0000] {processor.py:176} INFO - Processing /home/airflow/.local/lib/python3.7/site-packages/airflow/example_dags/example_latest_only_with_trigger.py took 0.126 seconds
[2024-07-31T09:01:07.566+0000] {processor.py:154} INFO - Started process (PID=305) to work on /home/airflow/.local/lib/python3.7/site-packages/airflow/example_dags/example_latest_only_with_trigger.py
[2024-07-31T09:01:07.567+0000] {processor.py:756} INFO - Processing file /home/airflow/.local/lib/python3.7/site-packages/airflow/example_dags/example_latest_only_with_trigger.py for tasks to queue
[2024-07-31T09:01:07.568+0000] {logging_mixin.py:120} INFO - [2024-07-31T09:01:07.568+0000] {dagbag.py:537} INFO - Filling up the DagBag from /home/airflow/.local/lib/python3.7/site-packages/airflow/example_dags/example_latest_only_with_trigger.py
[2024-07-31T09:01:07.582+0000] {processor.py:766} INFO - DAG(s) dict_keys(['latest_only_with_trigger']) retrieved from /home/airflow/.local/lib/python3.7/site-packages/airflow/example_dags/example_latest_only_with_trigger.py
[2024-07-31T09:01:07.619+0000] {logging_mixin.py:120} INFO - [2024-07-31T09:01:07.619+0000] {dag.py:2585} INFO - Sync 1 DAGs
[2024-07-31T09:01:07.647+0000] {logging_mixin.py:120} INFO - [2024-07-31T09:01:07.647+0000] {dag.py:3340} INFO - Setting next_dagrun for latest_only_with_trigger to 2024-07-31T05:01:07.646922+00:00, run_after=2024-07-31T09:01:07.646922+00:00
[2024-07-31T09:01:07.667+0000] {processor.py:176} INFO - Processing /home/airflow/.local/lib/python3.7/site-packages/airflow/example_dags/example_latest_only_with_trigger.py took 0.105 seconds
[2024-07-31T09:01:38.663+0000] {processor.py:154} INFO - Started process (PID=359) to work on /home/airflow/.local/lib/python3.7/site-packages/airflow/example_dags/example_latest_only_with_trigger.py
[2024-07-31T09:01:38.664+0000] {processor.py:756} INFO - Processing file /home/airflow/.local/lib/python3.7/site-packages/airflow/example_dags/example_latest_only_with_trigger.py for tasks to queue
[2024-07-31T09:01:38.665+0000] {logging_mixin.py:120} INFO - [2024-07-31T09:01:38.664+0000] {dagbag.py:537} INFO - Filling up the DagBag from /home/airflow/.local/lib/python3.7/site-packages/airflow/example_dags/example_latest_only_with_trigger.py
[2024-07-31T09:01:38.681+0000] {processor.py:766} INFO - DAG(s) dict_keys(['latest_only_with_trigger']) retrieved from /home/airflow/.local/lib/python3.7/site-packages/airflow/example_dags/example_latest_only_with_trigger.py
[2024-07-31T09:01:38.728+0000] {logging_mixin.py:120} INFO - [2024-07-31T09:01:38.728+0000] {dag.py:2585} INFO - Sync 1 DAGs
[2024-07-31T09:01:38.760+0000] {logging_mixin.py:120} INFO - [2024-07-31T09:01:38.759+0000] {dag.py:3340} INFO - Setting next_dagrun for latest_only_with_trigger to 2024-07-31T05:01:38.759702+00:00, run_after=2024-07-31T09:01:38.759702+00:00
[2024-07-31T09:01:38.789+0000] {processor.py:176} INFO - Processing /home/airflow/.local/lib/python3.7/site-packages/airflow/example_dags/example_latest_only_with_trigger.py took 0.129 seconds
[2024-07-31T09:02:09.024+0000] {processor.py:154} INFO - Started process (PID=422) to work on /home/airflow/.local/lib/python3.7/site-packages/airflow/example_dags/example_latest_only_with_trigger.py
[2024-07-31T09:02:09.025+0000] {processor.py:756} INFO - Processing file /home/airflow/.local/lib/python3.7/site-packages/airflow/example_dags/example_latest_only_with_trigger.py for tasks to queue
[2024-07-31T09:02:09.026+0000] {logging_mixin.py:120} INFO - [2024-07-31T09:02:09.026+0000] {dagbag.py:537} INFO - Filling up the DagBag from /home/airflow/.local/lib/python3.7/site-packages/airflow/example_dags/example_latest_only_with_trigger.py
[2024-07-31T09:02:09.040+0000] {processor.py:766} INFO - DAG(s) dict_keys(['latest_only_with_trigger']) retrieved from /home/airflow/.local/lib/python3.7/site-packages/airflow/example_dags/example_latest_only_with_trigger.py
[2024-07-31T09:02:09.064+0000] {logging_mixin.py:120} INFO - [2024-07-31T09:02:09.064+0000] {dag.py:2585} INFO - Sync 1 DAGs
[2024-07-31T09:02:09.087+0000] {logging_mixin.py:120} INFO - [2024-07-31T09:02:09.087+0000] {dag.py:3340} INFO - Setting next_dagrun for latest_only_with_trigger to 2024-07-31T05:02:09.087314+00:00, run_after=2024-07-31T09:02:09.087314+00:00
[2024-07-31T09:02:09.106+0000] {processor.py:176} INFO - Processing /home/airflow/.local/lib/python3.7/site-packages/airflow/example_dags/example_latest_only_with_trigger.py took 0.085 seconds
[2024-07-31T09:02:39.556+0000] {processor.py:154} INFO - Started process (PID=485) to work on /home/airflow/.local/lib/python3.7/site-packages/airflow/example_dags/example_latest_only_with_trigger.py
[2024-07-31T09:02:39.558+0000] {processor.py:756} INFO - Processing file /home/airflow/.local/lib/python3.7/site-packages/airflow/example_dags/example_latest_only_with_trigger.py for tasks to queue
[2024-07-31T09:02:39.558+0000] {logging_mixin.py:120} INFO - [2024-07-31T09:02:39.558+0000] {dagbag.py:537} INFO - Filling up the DagBag from /home/airflow/.local/lib/python3.7/site-packages/airflow/example_dags/example_latest_only_with_trigger.py
[2024-07-31T09:02:39.571+0000] {processor.py:766} INFO - DAG(s) dict_keys(['latest_only_with_trigger']) retrieved from /home/airflow/.local/lib/python3.7/site-packages/airflow/example_dags/example_latest_only_with_trigger.py
[2024-07-31T09:02:39.609+0000] {logging_mixin.py:120} INFO - [2024-07-31T09:02:39.609+0000] {dag.py:2585} INFO - Sync 1 DAGs
[2024-07-31T09:02:39.633+0000] {logging_mixin.py:120} INFO - [2024-07-31T09:02:39.633+0000] {dag.py:3340} INFO - Setting next_dagrun for latest_only_with_trigger to 2024-07-31T05:02:39.633542+00:00, run_after=2024-07-31T09:02:39.633542+00:00
[2024-07-31T09:02:39.653+0000] {processor.py:176} INFO - Processing /home/airflow/.local/lib/python3.7/site-packages/airflow/example_dags/example_latest_only_with_trigger.py took 0.100 seconds
[2024-07-31T09:03:10.470+0000] {processor.py:154} INFO - Started process (PID=539) to work on /home/airflow/.local/lib/python3.7/site-packages/airflow/example_dags/example_latest_only_with_trigger.py
[2024-07-31T09:03:10.471+0000] {processor.py:756} INFO - Processing file /home/airflow/.local/lib/python3.7/site-packages/airflow/example_dags/example_latest_only_with_trigger.py for tasks to queue
[2024-07-31T09:03:10.472+0000] {logging_mixin.py:120} INFO - [2024-07-31T09:03:10.472+0000] {dagbag.py:537} INFO - Filling up the DagBag from /home/airflow/.local/lib/python3.7/site-packages/airflow/example_dags/example_latest_only_with_trigger.py
[2024-07-31T09:03:10.487+0000] {processor.py:766} INFO - DAG(s) dict_keys(['latest_only_with_trigger']) retrieved from /home/airflow/.local/lib/python3.7/site-packages/airflow/example_dags/example_latest_only_with_trigger.py
[2024-07-31T09:03:10.523+0000] {logging_mixin.py:120} INFO - [2024-07-31T09:03:10.523+0000] {dag.py:2585} INFO - Sync 1 DAGs
[2024-07-31T09:03:10.545+0000] {logging_mixin.py:120} INFO - [2024-07-31T09:03:10.545+0000] {dag.py:3340} INFO - Setting next_dagrun for latest_only_with_trigger to 2024-07-31T05:03:10.545193+00:00, run_after=2024-07-31T09:03:10.545193+00:00
[2024-07-31T09:03:10.563+0000] {processor.py:176} INFO - Processing /home/airflow/.local/lib/python3.7/site-packages/airflow/example_dags/example_latest_only_with_trigger.py took 0.095 seconds
