[2024-07-31T08:52:54.235+0000] {processor.py:154} INFO - Started process (PID=65) to work on /home/airflow/.local/lib/python3.7/site-packages/airflow/example_dags/example_branch_datetime_operator.py
[2024-07-31T08:52:54.236+0000] {processor.py:756} INFO - Processing file /home/airflow/.local/lib/python3.7/site-packages/airflow/example_dags/example_branch_datetime_operator.py for tasks to queue
[2024-07-31T08:52:54.237+0000] {logging_mixin.py:120} INFO - [2024-07-31T08:52:54.237+0000] {dagbag.py:537} INFO - Filling up the DagBag from /home/airflow/.local/lib/python3.7/site-packages/airflow/example_dags/example_branch_datetime_operator.py
[2024-07-31T08:52:54.266+0000] {processor.py:766} INFO - DAG(s) dict_keys(['example_branch_datetime_operator_2', 'example_branch_datetime_operator_3', 'example_branch_datetime_operator']) retrieved from /home/airflow/.local/lib/python3.7/site-packages/airflow/example_dags/example_branch_datetime_operator.py
[2024-07-31T08:52:54.442+0000] {logging_mixin.py:120} INFO - [2024-07-31T08:52:54.442+0000] {manager.py:507} INFO - Created Permission View: can read on DAG:example_branch_datetime_operator_2
[2024-07-31T08:52:54.471+0000] {logging_mixin.py:120} INFO - [2024-07-31T08:52:54.471+0000] {manager.py:507} INFO - Created Permission View: can edit on DAG:example_branch_datetime_operator_2
[2024-07-31T08:52:54.500+0000] {logging_mixin.py:120} INFO - [2024-07-31T08:52:54.500+0000] {manager.py:507} INFO - Created Permission View: can delete on DAG:example_branch_datetime_operator_2
[2024-07-31T08:52:54.592+0000] {logging_mixin.py:120} INFO - [2024-07-31T08:52:54.591+0000] {manager.py:507} INFO - Created Permission View: can read on DAG:example_branch_datetime_operator_3
[2024-07-31T08:52:54.645+0000] {logging_mixin.py:120} INFO - [2024-07-31T08:52:54.645+0000] {manager.py:507} INFO - Created Permission View: can edit on DAG:example_branch_datetime_operator_3
[2024-07-31T08:52:54.676+0000] {logging_mixin.py:120} INFO - [2024-07-31T08:52:54.676+0000] {manager.py:507} INFO - Created Permission View: can delete on DAG:example_branch_datetime_operator_3
[2024-07-31T08:52:54.762+0000] {logging_mixin.py:120} INFO - [2024-07-31T08:52:54.762+0000] {manager.py:507} INFO - Created Permission View: can read on DAG:example_branch_datetime_operator
[2024-07-31T08:52:54.790+0000] {logging_mixin.py:120} INFO - [2024-07-31T08:52:54.790+0000] {manager.py:507} INFO - Created Permission View: can edit on DAG:example_branch_datetime_operator
[2024-07-31T08:52:54.818+0000] {logging_mixin.py:120} INFO - [2024-07-31T08:52:54.818+0000] {manager.py:507} INFO - Created Permission View: can delete on DAG:example_branch_datetime_operator
[2024-07-31T08:52:54.819+0000] {logging_mixin.py:120} INFO - [2024-07-31T08:52:54.819+0000] {dag.py:2585} INFO - Sync 3 DAGs
[2024-07-31T08:52:54.836+0000] {logging_mixin.py:120} INFO - [2024-07-31T08:52:54.835+0000] {dag.py:2606} INFO - Creating ORM DAG for example_branch_datetime_operator_3
[2024-07-31T08:52:54.836+0000] {logging_mixin.py:120} INFO - [2024-07-31T08:52:54.836+0000] {dag.py:2606} INFO - Creating ORM DAG for example_branch_datetime_operator_2
[2024-07-31T08:52:54.837+0000] {logging_mixin.py:120} INFO - [2024-07-31T08:52:54.837+0000] {dag.py:2606} INFO - Creating ORM DAG for example_branch_datetime_operator
[2024-07-31T08:52:54.850+0000] {logging_mixin.py:120} INFO - [2024-07-31T08:52:54.850+0000] {dag.py:3340} INFO - Setting next_dagrun for example_branch_datetime_operator to 2024-07-30T00:00:00+00:00, run_after=2024-07-31T00:00:00+00:00
[2024-07-31T08:52:54.853+0000] {logging_mixin.py:120} INFO - [2024-07-31T08:52:54.853+0000] {dag.py:3340} INFO - Setting next_dagrun for example_branch_datetime_operator_2 to 2024-07-30T00:00:00+00:00, run_after=2024-07-31T00:00:00+00:00
[2024-07-31T08:52:54.855+0000] {logging_mixin.py:120} INFO - [2024-07-31T08:52:54.855+0000] {dag.py:3340} INFO - Setting next_dagrun for example_branch_datetime_operator_3 to 2024-07-30T00:00:00+00:00, run_after=2024-07-31T00:00:00+00:00
[2024-07-31T08:52:54.886+0000] {processor.py:176} INFO - Processing /home/airflow/.local/lib/python3.7/site-packages/airflow/example_dags/example_branch_datetime_operator.py took 0.655 seconds
[2024-07-31T08:53:25.118+0000] {processor.py:154} INFO - Started process (PID=128) to work on /home/airflow/.local/lib/python3.7/site-packages/airflow/example_dags/example_branch_datetime_operator.py
[2024-07-31T08:53:25.119+0000] {processor.py:756} INFO - Processing file /home/airflow/.local/lib/python3.7/site-packages/airflow/example_dags/example_branch_datetime_operator.py for tasks to queue
[2024-07-31T08:53:25.119+0000] {logging_mixin.py:120} INFO - [2024-07-31T08:53:25.119+0000] {dagbag.py:537} INFO - Filling up the DagBag from /home/airflow/.local/lib/python3.7/site-packages/airflow/example_dags/example_branch_datetime_operator.py
[2024-07-31T08:53:25.134+0000] {processor.py:766} INFO - DAG(s) dict_keys(['example_branch_datetime_operator_2', 'example_branch_datetime_operator_3', 'example_branch_datetime_operator']) retrieved from /home/airflow/.local/lib/python3.7/site-packages/airflow/example_dags/example_branch_datetime_operator.py
[2024-07-31T08:53:25.177+0000] {logging_mixin.py:120} INFO - [2024-07-31T08:53:25.177+0000] {dag.py:2585} INFO - Sync 3 DAGs
[2024-07-31T08:53:25.206+0000] {logging_mixin.py:120} INFO - [2024-07-31T08:53:25.206+0000] {dag.py:3340} INFO - Setting next_dagrun for example_branch_datetime_operator to 2024-07-30T00:00:00+00:00, run_after=2024-07-31T00:00:00+00:00
[2024-07-31T08:53:25.213+0000] {logging_mixin.py:120} INFO - [2024-07-31T08:53:25.213+0000] {dag.py:3340} INFO - Setting next_dagrun for example_branch_datetime_operator_2 to 2024-07-30T00:00:00+00:00, run_after=2024-07-31T00:00:00+00:00
[2024-07-31T08:53:25.216+0000] {logging_mixin.py:120} INFO - [2024-07-31T08:53:25.216+0000] {dag.py:3340} INFO - Setting next_dagrun for example_branch_datetime_operator_3 to 2024-07-30T00:00:00+00:00, run_after=2024-07-31T00:00:00+00:00
[2024-07-31T08:53:25.513+0000] {processor.py:176} INFO - Processing /home/airflow/.local/lib/python3.7/site-packages/airflow/example_dags/example_branch_datetime_operator.py took 0.398 seconds
[2024-07-31T08:53:56.391+0000] {processor.py:154} INFO - Started process (PID=183) to work on /home/airflow/.local/lib/python3.7/site-packages/airflow/example_dags/example_branch_datetime_operator.py
[2024-07-31T08:53:56.393+0000] {processor.py:756} INFO - Processing file /home/airflow/.local/lib/python3.7/site-packages/airflow/example_dags/example_branch_datetime_operator.py for tasks to queue
[2024-07-31T08:53:56.394+0000] {logging_mixin.py:120} INFO - [2024-07-31T08:53:56.394+0000] {dagbag.py:537} INFO - Filling up the DagBag from /home/airflow/.local/lib/python3.7/site-packages/airflow/example_dags/example_branch_datetime_operator.py
[2024-07-31T08:53:56.426+0000] {processor.py:766} INFO - DAG(s) dict_keys(['example_branch_datetime_operator', 'example_branch_datetime_operator_2', 'example_branch_datetime_operator_3']) retrieved from /home/airflow/.local/lib/python3.7/site-packages/airflow/example_dags/example_branch_datetime_operator.py
[2024-07-31T08:53:56.498+0000] {logging_mixin.py:120} INFO - [2024-07-31T08:53:56.498+0000] {dag.py:2585} INFO - Sync 3 DAGs
[2024-07-31T08:53:56.545+0000] {logging_mixin.py:120} INFO - [2024-07-31T08:53:56.545+0000] {dag.py:3340} INFO - Setting next_dagrun for example_branch_datetime_operator to 2024-07-30T00:00:00+00:00, run_after=2024-07-31T00:00:00+00:00
[2024-07-31T08:53:56.553+0000] {logging_mixin.py:120} INFO - [2024-07-31T08:53:56.553+0000] {dag.py:3340} INFO - Setting next_dagrun for example_branch_datetime_operator_2 to 2024-07-30T00:00:00+00:00, run_after=2024-07-31T00:00:00+00:00
[2024-07-31T08:53:56.557+0000] {logging_mixin.py:120} INFO - [2024-07-31T08:53:56.557+0000] {dag.py:3340} INFO - Setting next_dagrun for example_branch_datetime_operator_3 to 2024-07-30T00:00:00+00:00, run_after=2024-07-31T00:00:00+00:00
[2024-07-31T08:53:56.603+0000] {processor.py:176} INFO - Processing /home/airflow/.local/lib/python3.7/site-packages/airflow/example_dags/example_branch_datetime_operator.py took 0.218 seconds
[2024-07-31T08:54:27.214+0000] {processor.py:154} INFO - Started process (PID=246) to work on /home/airflow/.local/lib/python3.7/site-packages/airflow/example_dags/example_branch_datetime_operator.py
[2024-07-31T08:54:27.214+0000] {processor.py:756} INFO - Processing file /home/airflow/.local/lib/python3.7/site-packages/airflow/example_dags/example_branch_datetime_operator.py for tasks to queue
[2024-07-31T08:54:27.215+0000] {logging_mixin.py:120} INFO - [2024-07-31T08:54:27.215+0000] {dagbag.py:537} INFO - Filling up the DagBag from /home/airflow/.local/lib/python3.7/site-packages/airflow/example_dags/example_branch_datetime_operator.py
[2024-07-31T08:54:27.229+0000] {processor.py:766} INFO - DAG(s) dict_keys(['example_branch_datetime_operator_2', 'example_branch_datetime_operator_3', 'example_branch_datetime_operator']) retrieved from /home/airflow/.local/lib/python3.7/site-packages/airflow/example_dags/example_branch_datetime_operator.py
[2024-07-31T08:54:27.269+0000] {logging_mixin.py:120} INFO - [2024-07-31T08:54:27.269+0000] {dag.py:2585} INFO - Sync 3 DAGs
[2024-07-31T08:54:27.292+0000] {logging_mixin.py:120} INFO - [2024-07-31T08:54:27.292+0000] {dag.py:3340} INFO - Setting next_dagrun for example_branch_datetime_operator to 2024-07-30T00:00:00+00:00, run_after=2024-07-31T00:00:00+00:00
[2024-07-31T08:54:27.297+0000] {logging_mixin.py:120} INFO - [2024-07-31T08:54:27.297+0000] {dag.py:3340} INFO - Setting next_dagrun for example_branch_datetime_operator_2 to 2024-07-30T00:00:00+00:00, run_after=2024-07-31T00:00:00+00:00
[2024-07-31T08:54:27.299+0000] {logging_mixin.py:120} INFO - [2024-07-31T08:54:27.299+0000] {dag.py:3340} INFO - Setting next_dagrun for example_branch_datetime_operator_3 to 2024-07-30T00:00:00+00:00, run_after=2024-07-31T00:00:00+00:00
[2024-07-31T08:54:27.339+0000] {processor.py:176} INFO - Processing /home/airflow/.local/lib/python3.7/site-packages/airflow/example_dags/example_branch_datetime_operator.py took 0.128 seconds
[2024-07-31T08:54:57.921+0000] {processor.py:154} INFO - Started process (PID=309) to work on /home/airflow/.local/lib/python3.7/site-packages/airflow/example_dags/example_branch_datetime_operator.py
[2024-07-31T08:54:57.922+0000] {processor.py:756} INFO - Processing file /home/airflow/.local/lib/python3.7/site-packages/airflow/example_dags/example_branch_datetime_operator.py for tasks to queue
[2024-07-31T08:54:57.923+0000] {logging_mixin.py:120} INFO - [2024-07-31T08:54:57.923+0000] {dagbag.py:537} INFO - Filling up the DagBag from /home/airflow/.local/lib/python3.7/site-packages/airflow/example_dags/example_branch_datetime_operator.py
[2024-07-31T08:54:57.939+0000] {processor.py:766} INFO - DAG(s) dict_keys(['example_branch_datetime_operator_2', 'example_branch_datetime_operator_3', 'example_branch_datetime_operator']) retrieved from /home/airflow/.local/lib/python3.7/site-packages/airflow/example_dags/example_branch_datetime_operator.py
[2024-07-31T08:54:57.983+0000] {logging_mixin.py:120} INFO - [2024-07-31T08:54:57.983+0000] {dag.py:2585} INFO - Sync 3 DAGs
[2024-07-31T08:54:58.008+0000] {logging_mixin.py:120} INFO - [2024-07-31T08:54:58.008+0000] {dag.py:3340} INFO - Setting next_dagrun for example_branch_datetime_operator to 2024-07-30T00:00:00+00:00, run_after=2024-07-31T00:00:00+00:00
[2024-07-31T08:54:58.014+0000] {logging_mixin.py:120} INFO - [2024-07-31T08:54:58.014+0000] {dag.py:3340} INFO - Setting next_dagrun for example_branch_datetime_operator_2 to 2024-07-30T00:00:00+00:00, run_after=2024-07-31T00:00:00+00:00
[2024-07-31T08:54:58.017+0000] {logging_mixin.py:120} INFO - [2024-07-31T08:54:58.017+0000] {dag.py:3340} INFO - Setting next_dagrun for example_branch_datetime_operator_3 to 2024-07-30T00:00:00+00:00, run_after=2024-07-31T00:00:00+00:00
[2024-07-31T08:54:58.035+0000] {processor.py:176} INFO - Processing /home/airflow/.local/lib/python3.7/site-packages/airflow/example_dags/example_branch_datetime_operator.py took 0.116 seconds
[2024-07-31T08:55:28.238+0000] {processor.py:154} INFO - Started process (PID=369) to work on /home/airflow/.local/lib/python3.7/site-packages/airflow/example_dags/example_branch_datetime_operator.py
[2024-07-31T08:55:28.239+0000] {processor.py:756} INFO - Processing file /home/airflow/.local/lib/python3.7/site-packages/airflow/example_dags/example_branch_datetime_operator.py for tasks to queue
[2024-07-31T08:55:28.240+0000] {logging_mixin.py:120} INFO - [2024-07-31T08:55:28.240+0000] {dagbag.py:537} INFO - Filling up the DagBag from /home/airflow/.local/lib/python3.7/site-packages/airflow/example_dags/example_branch_datetime_operator.py
[2024-07-31T08:55:28.256+0000] {processor.py:766} INFO - DAG(s) dict_keys(['example_branch_datetime_operator_2', 'example_branch_datetime_operator', 'example_branch_datetime_operator_3']) retrieved from /home/airflow/.local/lib/python3.7/site-packages/airflow/example_dags/example_branch_datetime_operator.py
[2024-07-31T08:55:28.305+0000] {logging_mixin.py:120} INFO - [2024-07-31T08:55:28.305+0000] {dag.py:2585} INFO - Sync 3 DAGs
[2024-07-31T08:55:28.331+0000] {logging_mixin.py:120} INFO - [2024-07-31T08:55:28.331+0000] {dag.py:3340} INFO - Setting next_dagrun for example_branch_datetime_operator to 2024-07-30T00:00:00+00:00, run_after=2024-07-31T00:00:00+00:00
[2024-07-31T08:55:28.336+0000] {logging_mixin.py:120} INFO - [2024-07-31T08:55:28.336+0000] {dag.py:3340} INFO - Setting next_dagrun for example_branch_datetime_operator_2 to 2024-07-30T00:00:00+00:00, run_after=2024-07-31T00:00:00+00:00
[2024-07-31T08:55:28.339+0000] {logging_mixin.py:120} INFO - [2024-07-31T08:55:28.339+0000] {dag.py:3340} INFO - Setting next_dagrun for example_branch_datetime_operator_3 to 2024-07-30T00:00:00+00:00, run_after=2024-07-31T00:00:00+00:00
[2024-07-31T08:55:28.357+0000] {processor.py:176} INFO - Processing /home/airflow/.local/lib/python3.7/site-packages/airflow/example_dags/example_branch_datetime_operator.py took 0.122 seconds
[2024-07-31T08:55:59.387+0000] {processor.py:154} INFO - Started process (PID=426) to work on /home/airflow/.local/lib/python3.7/site-packages/airflow/example_dags/example_branch_datetime_operator.py
[2024-07-31T08:55:59.388+0000] {processor.py:756} INFO - Processing file /home/airflow/.local/lib/python3.7/site-packages/airflow/example_dags/example_branch_datetime_operator.py for tasks to queue
[2024-07-31T08:55:59.389+0000] {logging_mixin.py:120} INFO - [2024-07-31T08:55:59.389+0000] {dagbag.py:537} INFO - Filling up the DagBag from /home/airflow/.local/lib/python3.7/site-packages/airflow/example_dags/example_branch_datetime_operator.py
[2024-07-31T08:55:59.404+0000] {processor.py:766} INFO - DAG(s) dict_keys(['example_branch_datetime_operator', 'example_branch_datetime_operator_2', 'example_branch_datetime_operator_3']) retrieved from /home/airflow/.local/lib/python3.7/site-packages/airflow/example_dags/example_branch_datetime_operator.py
[2024-07-31T08:55:59.444+0000] {logging_mixin.py:120} INFO - [2024-07-31T08:55:59.444+0000] {dag.py:2585} INFO - Sync 3 DAGs
[2024-07-31T08:55:59.470+0000] {logging_mixin.py:120} INFO - [2024-07-31T08:55:59.470+0000] {dag.py:3340} INFO - Setting next_dagrun for example_branch_datetime_operator to 2024-07-30T00:00:00+00:00, run_after=2024-07-31T00:00:00+00:00
[2024-07-31T08:55:59.475+0000] {logging_mixin.py:120} INFO - [2024-07-31T08:55:59.475+0000] {dag.py:3340} INFO - Setting next_dagrun for example_branch_datetime_operator_2 to 2024-07-30T00:00:00+00:00, run_after=2024-07-31T00:00:00+00:00
[2024-07-31T08:55:59.478+0000] {logging_mixin.py:120} INFO - [2024-07-31T08:55:59.477+0000] {dag.py:3340} INFO - Setting next_dagrun for example_branch_datetime_operator_3 to 2024-07-30T00:00:00+00:00, run_after=2024-07-31T00:00:00+00:00
[2024-07-31T08:55:59.493+0000] {processor.py:176} INFO - Processing /home/airflow/.local/lib/python3.7/site-packages/airflow/example_dags/example_branch_datetime_operator.py took 0.108 seconds
[2024-07-31T08:57:09.819+0000] {processor.py:154} INFO - Started process (PID=66) to work on /home/airflow/.local/lib/python3.7/site-packages/airflow/example_dags/example_branch_datetime_operator.py
[2024-07-31T08:57:09.821+0000] {processor.py:756} INFO - Processing file /home/airflow/.local/lib/python3.7/site-packages/airflow/example_dags/example_branch_datetime_operator.py for tasks to queue
[2024-07-31T08:57:09.822+0000] {logging_mixin.py:120} INFO - [2024-07-31T08:57:09.822+0000] {dagbag.py:537} INFO - Filling up the DagBag from /home/airflow/.local/lib/python3.7/site-packages/airflow/example_dags/example_branch_datetime_operator.py
[2024-07-31T08:57:09.850+0000] {processor.py:766} INFO - DAG(s) dict_keys(['example_branch_datetime_operator', 'example_branch_datetime_operator_2', 'example_branch_datetime_operator_3']) retrieved from /home/airflow/.local/lib/python3.7/site-packages/airflow/example_dags/example_branch_datetime_operator.py
[2024-07-31T08:57:09.898+0000] {logging_mixin.py:120} INFO - [2024-07-31T08:57:09.898+0000] {dag.py:2585} INFO - Sync 3 DAGs
[2024-07-31T08:57:09.942+0000] {logging_mixin.py:120} INFO - [2024-07-31T08:57:09.942+0000] {dag.py:3340} INFO - Setting next_dagrun for example_branch_datetime_operator to 2024-07-30T00:00:00+00:00, run_after=2024-07-31T00:00:00+00:00
[2024-07-31T08:57:09.949+0000] {logging_mixin.py:120} INFO - [2024-07-31T08:57:09.949+0000] {dag.py:3340} INFO - Setting next_dagrun for example_branch_datetime_operator_2 to 2024-07-30T00:00:00+00:00, run_after=2024-07-31T00:00:00+00:00
[2024-07-31T08:57:09.953+0000] {logging_mixin.py:120} INFO - [2024-07-31T08:57:09.953+0000] {dag.py:3340} INFO - Setting next_dagrun for example_branch_datetime_operator_3 to 2024-07-30T00:00:00+00:00, run_after=2024-07-31T00:00:00+00:00
[2024-07-31T08:57:09.976+0000] {processor.py:176} INFO - Processing /home/airflow/.local/lib/python3.7/site-packages/airflow/example_dags/example_branch_datetime_operator.py took 0.161 seconds
[2024-07-31T08:57:40.585+0000] {processor.py:154} INFO - Started process (PID=120) to work on /home/airflow/.local/lib/python3.7/site-packages/airflow/example_dags/example_branch_datetime_operator.py
[2024-07-31T08:57:40.586+0000] {processor.py:756} INFO - Processing file /home/airflow/.local/lib/python3.7/site-packages/airflow/example_dags/example_branch_datetime_operator.py for tasks to queue
[2024-07-31T08:57:40.587+0000] {logging_mixin.py:120} INFO - [2024-07-31T08:57:40.587+0000] {dagbag.py:537} INFO - Filling up the DagBag from /home/airflow/.local/lib/python3.7/site-packages/airflow/example_dags/example_branch_datetime_operator.py
[2024-07-31T08:57:40.604+0000] {processor.py:766} INFO - DAG(s) dict_keys(['example_branch_datetime_operator_3', 'example_branch_datetime_operator', 'example_branch_datetime_operator_2']) retrieved from /home/airflow/.local/lib/python3.7/site-packages/airflow/example_dags/example_branch_datetime_operator.py
[2024-07-31T08:57:40.647+0000] {logging_mixin.py:120} INFO - [2024-07-31T08:57:40.647+0000] {dag.py:2585} INFO - Sync 3 DAGs
[2024-07-31T08:57:40.671+0000] {logging_mixin.py:120} INFO - [2024-07-31T08:57:40.670+0000] {dag.py:3340} INFO - Setting next_dagrun for example_branch_datetime_operator to 2024-07-30T00:00:00+00:00, run_after=2024-07-31T00:00:00+00:00
[2024-07-31T08:57:40.677+0000] {logging_mixin.py:120} INFO - [2024-07-31T08:57:40.677+0000] {dag.py:3340} INFO - Setting next_dagrun for example_branch_datetime_operator_2 to 2024-07-30T00:00:00+00:00, run_after=2024-07-31T00:00:00+00:00
[2024-07-31T08:57:40.680+0000] {logging_mixin.py:120} INFO - [2024-07-31T08:57:40.680+0000] {dag.py:3340} INFO - Setting next_dagrun for example_branch_datetime_operator_3 to 2024-07-30T00:00:00+00:00, run_after=2024-07-31T00:00:00+00:00
[2024-07-31T08:57:40.697+0000] {processor.py:176} INFO - Processing /home/airflow/.local/lib/python3.7/site-packages/airflow/example_dags/example_branch_datetime_operator.py took 0.115 seconds
[2024-07-31T08:59:04.655+0000] {processor.py:154} INFO - Started process (PID=65) to work on /home/airflow/.local/lib/python3.7/site-packages/airflow/example_dags/example_branch_datetime_operator.py
[2024-07-31T08:59:04.656+0000] {processor.py:756} INFO - Processing file /home/airflow/.local/lib/python3.7/site-packages/airflow/example_dags/example_branch_datetime_operator.py for tasks to queue
[2024-07-31T08:59:04.657+0000] {logging_mixin.py:120} INFO - [2024-07-31T08:59:04.657+0000] {dagbag.py:537} INFO - Filling up the DagBag from /home/airflow/.local/lib/python3.7/site-packages/airflow/example_dags/example_branch_datetime_operator.py
[2024-07-31T08:59:04.679+0000] {processor.py:766} INFO - DAG(s) dict_keys(['example_branch_datetime_operator', 'example_branch_datetime_operator_3', 'example_branch_datetime_operator_2']) retrieved from /home/airflow/.local/lib/python3.7/site-packages/airflow/example_dags/example_branch_datetime_operator.py
[2024-07-31T08:59:04.722+0000] {logging_mixin.py:120} INFO - [2024-07-31T08:59:04.722+0000] {dag.py:2585} INFO - Sync 3 DAGs
[2024-07-31T08:59:04.754+0000] {logging_mixin.py:120} INFO - [2024-07-31T08:59:04.753+0000] {dag.py:3340} INFO - Setting next_dagrun for example_branch_datetime_operator to 2024-07-30T00:00:00+00:00, run_after=2024-07-31T00:00:00+00:00
[2024-07-31T08:59:04.760+0000] {logging_mixin.py:120} INFO - [2024-07-31T08:59:04.760+0000] {dag.py:3340} INFO - Setting next_dagrun for example_branch_datetime_operator_2 to 2024-07-30T00:00:00+00:00, run_after=2024-07-31T00:00:00+00:00
[2024-07-31T08:59:04.763+0000] {logging_mixin.py:120} INFO - [2024-07-31T08:59:04.762+0000] {dag.py:3340} INFO - Setting next_dagrun for example_branch_datetime_operator_3 to 2024-07-30T00:00:00+00:00, run_after=2024-07-31T00:00:00+00:00
[2024-07-31T08:59:04.787+0000] {processor.py:176} INFO - Processing /home/airflow/.local/lib/python3.7/site-packages/airflow/example_dags/example_branch_datetime_operator.py took 0.135 seconds
[2024-07-31T08:59:35.270+0000] {processor.py:154} INFO - Started process (PID=119) to work on /home/airflow/.local/lib/python3.7/site-packages/airflow/example_dags/example_branch_datetime_operator.py
[2024-07-31T08:59:35.271+0000] {processor.py:756} INFO - Processing file /home/airflow/.local/lib/python3.7/site-packages/airflow/example_dags/example_branch_datetime_operator.py for tasks to queue
[2024-07-31T08:59:35.272+0000] {logging_mixin.py:120} INFO - [2024-07-31T08:59:35.272+0000] {dagbag.py:537} INFO - Filling up the DagBag from /home/airflow/.local/lib/python3.7/site-packages/airflow/example_dags/example_branch_datetime_operator.py
[2024-07-31T08:59:35.289+0000] {processor.py:766} INFO - DAG(s) dict_keys(['example_branch_datetime_operator', 'example_branch_datetime_operator_3', 'example_branch_datetime_operator_2']) retrieved from /home/airflow/.local/lib/python3.7/site-packages/airflow/example_dags/example_branch_datetime_operator.py
[2024-07-31T08:59:35.330+0000] {logging_mixin.py:120} INFO - [2024-07-31T08:59:35.330+0000] {dag.py:2585} INFO - Sync 3 DAGs
[2024-07-31T08:59:35.354+0000] {logging_mixin.py:120} INFO - [2024-07-31T08:59:35.354+0000] {dag.py:3340} INFO - Setting next_dagrun for example_branch_datetime_operator to 2024-07-30T00:00:00+00:00, run_after=2024-07-31T00:00:00+00:00
[2024-07-31T08:59:35.359+0000] {logging_mixin.py:120} INFO - [2024-07-31T08:59:35.359+0000] {dag.py:3340} INFO - Setting next_dagrun for example_branch_datetime_operator_2 to 2024-07-30T00:00:00+00:00, run_after=2024-07-31T00:00:00+00:00
[2024-07-31T08:59:35.362+0000] {logging_mixin.py:120} INFO - [2024-07-31T08:59:35.362+0000] {dag.py:3340} INFO - Setting next_dagrun for example_branch_datetime_operator_3 to 2024-07-30T00:00:00+00:00, run_after=2024-07-31T00:00:00+00:00
[2024-07-31T08:59:35.378+0000] {processor.py:176} INFO - Processing /home/airflow/.local/lib/python3.7/site-packages/airflow/example_dags/example_branch_datetime_operator.py took 0.111 seconds
[2024-07-31T09:00:06.109+0000] {processor.py:154} INFO - Started process (PID=183) to work on /home/airflow/.local/lib/python3.7/site-packages/airflow/example_dags/example_branch_datetime_operator.py
[2024-07-31T09:00:06.109+0000] {processor.py:756} INFO - Processing file /home/airflow/.local/lib/python3.7/site-packages/airflow/example_dags/example_branch_datetime_operator.py for tasks to queue
[2024-07-31T09:00:06.110+0000] {logging_mixin.py:120} INFO - [2024-07-31T09:00:06.110+0000] {dagbag.py:537} INFO - Filling up the DagBag from /home/airflow/.local/lib/python3.7/site-packages/airflow/example_dags/example_branch_datetime_operator.py
[2024-07-31T09:00:06.125+0000] {processor.py:766} INFO - DAG(s) dict_keys(['example_branch_datetime_operator_3', 'example_branch_datetime_operator_2', 'example_branch_datetime_operator']) retrieved from /home/airflow/.local/lib/python3.7/site-packages/airflow/example_dags/example_branch_datetime_operator.py
[2024-07-31T09:00:06.168+0000] {logging_mixin.py:120} INFO - [2024-07-31T09:00:06.167+0000] {dag.py:2585} INFO - Sync 3 DAGs
[2024-07-31T09:00:06.192+0000] {logging_mixin.py:120} INFO - [2024-07-31T09:00:06.192+0000] {dag.py:3340} INFO - Setting next_dagrun for example_branch_datetime_operator to 2024-07-30T00:00:00+00:00, run_after=2024-07-31T00:00:00+00:00
[2024-07-31T09:00:06.197+0000] {logging_mixin.py:120} INFO - [2024-07-31T09:00:06.197+0000] {dag.py:3340} INFO - Setting next_dagrun for example_branch_datetime_operator_2 to 2024-07-30T00:00:00+00:00, run_after=2024-07-31T00:00:00+00:00
[2024-07-31T09:00:06.199+0000] {logging_mixin.py:120} INFO - [2024-07-31T09:00:06.199+0000] {dag.py:3340} INFO - Setting next_dagrun for example_branch_datetime_operator_3 to 2024-07-30T00:00:00+00:00, run_after=2024-07-31T00:00:00+00:00
[2024-07-31T09:00:06.215+0000] {processor.py:176} INFO - Processing /home/airflow/.local/lib/python3.7/site-packages/airflow/example_dags/example_branch_datetime_operator.py took 0.109 seconds
[2024-07-31T09:00:37.053+0000] {processor.py:154} INFO - Started process (PID=246) to work on /home/airflow/.local/lib/python3.7/site-packages/airflow/example_dags/example_branch_datetime_operator.py
[2024-07-31T09:00:37.054+0000] {processor.py:756} INFO - Processing file /home/airflow/.local/lib/python3.7/site-packages/airflow/example_dags/example_branch_datetime_operator.py for tasks to queue
[2024-07-31T09:00:37.055+0000] {logging_mixin.py:120} INFO - [2024-07-31T09:00:37.054+0000] {dagbag.py:537} INFO - Filling up the DagBag from /home/airflow/.local/lib/python3.7/site-packages/airflow/example_dags/example_branch_datetime_operator.py
[2024-07-31T09:00:37.069+0000] {processor.py:766} INFO - DAG(s) dict_keys(['example_branch_datetime_operator_2', 'example_branch_datetime_operator', 'example_branch_datetime_operator_3']) retrieved from /home/airflow/.local/lib/python3.7/site-packages/airflow/example_dags/example_branch_datetime_operator.py
[2024-07-31T09:00:37.109+0000] {logging_mixin.py:120} INFO - [2024-07-31T09:00:37.109+0000] {dag.py:2585} INFO - Sync 3 DAGs
[2024-07-31T09:00:37.133+0000] {logging_mixin.py:120} INFO - [2024-07-31T09:00:37.132+0000] {dag.py:3340} INFO - Setting next_dagrun for example_branch_datetime_operator to 2024-07-30T00:00:00+00:00, run_after=2024-07-31T00:00:00+00:00
[2024-07-31T09:00:37.137+0000] {logging_mixin.py:120} INFO - [2024-07-31T09:00:37.137+0000] {dag.py:3340} INFO - Setting next_dagrun for example_branch_datetime_operator_2 to 2024-07-30T00:00:00+00:00, run_after=2024-07-31T00:00:00+00:00
[2024-07-31T09:00:37.140+0000] {logging_mixin.py:120} INFO - [2024-07-31T09:00:37.140+0000] {dag.py:3340} INFO - Setting next_dagrun for example_branch_datetime_operator_3 to 2024-07-30T00:00:00+00:00, run_after=2024-07-31T00:00:00+00:00
[2024-07-31T09:00:37.156+0000] {processor.py:176} INFO - Processing /home/airflow/.local/lib/python3.7/site-packages/airflow/example_dags/example_branch_datetime_operator.py took 0.106 seconds
[2024-07-31T09:01:08.137+0000] {processor.py:154} INFO - Started process (PID=310) to work on /home/airflow/.local/lib/python3.7/site-packages/airflow/example_dags/example_branch_datetime_operator.py
[2024-07-31T09:01:08.138+0000] {processor.py:756} INFO - Processing file /home/airflow/.local/lib/python3.7/site-packages/airflow/example_dags/example_branch_datetime_operator.py for tasks to queue
[2024-07-31T09:01:08.139+0000] {logging_mixin.py:120} INFO - [2024-07-31T09:01:08.139+0000] {dagbag.py:537} INFO - Filling up the DagBag from /home/airflow/.local/lib/python3.7/site-packages/airflow/example_dags/example_branch_datetime_operator.py
[2024-07-31T09:01:08.156+0000] {processor.py:766} INFO - DAG(s) dict_keys(['example_branch_datetime_operator_3', 'example_branch_datetime_operator', 'example_branch_datetime_operator_2']) retrieved from /home/airflow/.local/lib/python3.7/site-packages/airflow/example_dags/example_branch_datetime_operator.py
[2024-07-31T09:01:08.203+0000] {logging_mixin.py:120} INFO - [2024-07-31T09:01:08.203+0000] {dag.py:2585} INFO - Sync 3 DAGs
[2024-07-31T09:01:08.229+0000] {logging_mixin.py:120} INFO - [2024-07-31T09:01:08.229+0000] {dag.py:3340} INFO - Setting next_dagrun for example_branch_datetime_operator to 2024-07-30T00:00:00+00:00, run_after=2024-07-31T00:00:00+00:00
[2024-07-31T09:01:08.235+0000] {logging_mixin.py:120} INFO - [2024-07-31T09:01:08.235+0000] {dag.py:3340} INFO - Setting next_dagrun for example_branch_datetime_operator_2 to 2024-07-30T00:00:00+00:00, run_after=2024-07-31T00:00:00+00:00
[2024-07-31T09:01:08.238+0000] {logging_mixin.py:120} INFO - [2024-07-31T09:01:08.237+0000] {dag.py:3340} INFO - Setting next_dagrun for example_branch_datetime_operator_3 to 2024-07-30T00:00:00+00:00, run_after=2024-07-31T00:00:00+00:00
[2024-07-31T09:01:08.257+0000] {processor.py:176} INFO - Processing /home/airflow/.local/lib/python3.7/site-packages/airflow/example_dags/example_branch_datetime_operator.py took 0.122 seconds
[2024-07-31T09:01:39.148+0000] {processor.py:154} INFO - Started process (PID=364) to work on /home/airflow/.local/lib/python3.7/site-packages/airflow/example_dags/example_branch_datetime_operator.py
[2024-07-31T09:01:39.148+0000] {processor.py:756} INFO - Processing file /home/airflow/.local/lib/python3.7/site-packages/airflow/example_dags/example_branch_datetime_operator.py for tasks to queue
[2024-07-31T09:01:39.149+0000] {logging_mixin.py:120} INFO - [2024-07-31T09:01:39.149+0000] {dagbag.py:537} INFO - Filling up the DagBag from /home/airflow/.local/lib/python3.7/site-packages/airflow/example_dags/example_branch_datetime_operator.py
[2024-07-31T09:01:39.172+0000] {processor.py:766} INFO - DAG(s) dict_keys(['example_branch_datetime_operator_3', 'example_branch_datetime_operator_2', 'example_branch_datetime_operator']) retrieved from /home/airflow/.local/lib/python3.7/site-packages/airflow/example_dags/example_branch_datetime_operator.py
[2024-07-31T09:01:39.215+0000] {logging_mixin.py:120} INFO - [2024-07-31T09:01:39.215+0000] {dag.py:2585} INFO - Sync 3 DAGs
[2024-07-31T09:01:39.239+0000] {logging_mixin.py:120} INFO - [2024-07-31T09:01:39.239+0000] {dag.py:3340} INFO - Setting next_dagrun for example_branch_datetime_operator to 2024-07-30T00:00:00+00:00, run_after=2024-07-31T00:00:00+00:00
[2024-07-31T09:01:39.245+0000] {logging_mixin.py:120} INFO - [2024-07-31T09:01:39.244+0000] {dag.py:3340} INFO - Setting next_dagrun for example_branch_datetime_operator_2 to 2024-07-30T00:00:00+00:00, run_after=2024-07-31T00:00:00+00:00
[2024-07-31T09:01:39.247+0000] {logging_mixin.py:120} INFO - [2024-07-31T09:01:39.247+0000] {dag.py:3340} INFO - Setting next_dagrun for example_branch_datetime_operator_3 to 2024-07-30T00:00:00+00:00, run_after=2024-07-31T00:00:00+00:00
[2024-07-31T09:01:39.267+0000] {processor.py:176} INFO - Processing /home/airflow/.local/lib/python3.7/site-packages/airflow/example_dags/example_branch_datetime_operator.py took 0.122 seconds
[2024-07-31T09:02:09.413+0000] {processor.py:154} INFO - Started process (PID=427) to work on /home/airflow/.local/lib/python3.7/site-packages/airflow/example_dags/example_branch_datetime_operator.py
[2024-07-31T09:02:09.414+0000] {processor.py:756} INFO - Processing file /home/airflow/.local/lib/python3.7/site-packages/airflow/example_dags/example_branch_datetime_operator.py for tasks to queue
[2024-07-31T09:02:09.414+0000] {logging_mixin.py:120} INFO - [2024-07-31T09:02:09.414+0000] {dagbag.py:537} INFO - Filling up the DagBag from /home/airflow/.local/lib/python3.7/site-packages/airflow/example_dags/example_branch_datetime_operator.py
[2024-07-31T09:02:09.436+0000] {processor.py:766} INFO - DAG(s) dict_keys(['example_branch_datetime_operator', 'example_branch_datetime_operator_2', 'example_branch_datetime_operator_3']) retrieved from /home/airflow/.local/lib/python3.7/site-packages/airflow/example_dags/example_branch_datetime_operator.py
[2024-07-31T09:02:09.470+0000] {logging_mixin.py:120} INFO - [2024-07-31T09:02:09.470+0000] {dag.py:2585} INFO - Sync 3 DAGs
[2024-07-31T09:02:09.513+0000] {logging_mixin.py:120} INFO - [2024-07-31T09:02:09.513+0000] {dag.py:3340} INFO - Setting next_dagrun for example_branch_datetime_operator to 2024-07-30T00:00:00+00:00, run_after=2024-07-31T00:00:00+00:00
[2024-07-31T09:02:09.526+0000] {logging_mixin.py:120} INFO - [2024-07-31T09:02:09.525+0000] {dag.py:3340} INFO - Setting next_dagrun for example_branch_datetime_operator_2 to 2024-07-30T00:00:00+00:00, run_after=2024-07-31T00:00:00+00:00
[2024-07-31T09:02:09.530+0000] {logging_mixin.py:120} INFO - [2024-07-31T09:02:09.530+0000] {dag.py:3340} INFO - Setting next_dagrun for example_branch_datetime_operator_3 to 2024-07-30T00:00:00+00:00, run_after=2024-07-31T00:00:00+00:00
[2024-07-31T09:02:09.554+0000] {processor.py:176} INFO - Processing /home/airflow/.local/lib/python3.7/site-packages/airflow/example_dags/example_branch_datetime_operator.py took 0.145 seconds
[2024-07-31T09:02:39.960+0000] {processor.py:154} INFO - Started process (PID=490) to work on /home/airflow/.local/lib/python3.7/site-packages/airflow/example_dags/example_branch_datetime_operator.py
[2024-07-31T09:02:39.961+0000] {processor.py:756} INFO - Processing file /home/airflow/.local/lib/python3.7/site-packages/airflow/example_dags/example_branch_datetime_operator.py for tasks to queue
[2024-07-31T09:02:39.962+0000] {logging_mixin.py:120} INFO - [2024-07-31T09:02:39.962+0000] {dagbag.py:537} INFO - Filling up the DagBag from /home/airflow/.local/lib/python3.7/site-packages/airflow/example_dags/example_branch_datetime_operator.py
[2024-07-31T09:02:39.977+0000] {processor.py:766} INFO - DAG(s) dict_keys(['example_branch_datetime_operator_3', 'example_branch_datetime_operator_2', 'example_branch_datetime_operator']) retrieved from /home/airflow/.local/lib/python3.7/site-packages/airflow/example_dags/example_branch_datetime_operator.py
[2024-07-31T09:02:40.019+0000] {logging_mixin.py:120} INFO - [2024-07-31T09:02:40.018+0000] {dag.py:2585} INFO - Sync 3 DAGs
[2024-07-31T09:02:40.042+0000] {logging_mixin.py:120} INFO - [2024-07-31T09:02:40.041+0000] {dag.py:3340} INFO - Setting next_dagrun for example_branch_datetime_operator to 2024-07-30T00:00:00+00:00, run_after=2024-07-31T00:00:00+00:00
[2024-07-31T09:02:40.046+0000] {logging_mixin.py:120} INFO - [2024-07-31T09:02:40.046+0000] {dag.py:3340} INFO - Setting next_dagrun for example_branch_datetime_operator_2 to 2024-07-30T00:00:00+00:00, run_after=2024-07-31T00:00:00+00:00
[2024-07-31T09:02:40.049+0000] {logging_mixin.py:120} INFO - [2024-07-31T09:02:40.049+0000] {dag.py:3340} INFO - Setting next_dagrun for example_branch_datetime_operator_3 to 2024-07-30T00:00:00+00:00, run_after=2024-07-31T00:00:00+00:00
[2024-07-31T09:02:40.065+0000] {processor.py:176} INFO - Processing /home/airflow/.local/lib/python3.7/site-packages/airflow/example_dags/example_branch_datetime_operator.py took 0.107 seconds
[2024-07-31T09:03:10.881+0000] {processor.py:154} INFO - Started process (PID=544) to work on /home/airflow/.local/lib/python3.7/site-packages/airflow/example_dags/example_branch_datetime_operator.py
[2024-07-31T09:03:10.882+0000] {processor.py:756} INFO - Processing file /home/airflow/.local/lib/python3.7/site-packages/airflow/example_dags/example_branch_datetime_operator.py for tasks to queue
[2024-07-31T09:03:10.883+0000] {logging_mixin.py:120} INFO - [2024-07-31T09:03:10.883+0000] {dagbag.py:537} INFO - Filling up the DagBag from /home/airflow/.local/lib/python3.7/site-packages/airflow/example_dags/example_branch_datetime_operator.py
[2024-07-31T09:03:10.899+0000] {processor.py:766} INFO - DAG(s) dict_keys(['example_branch_datetime_operator_2', 'example_branch_datetime_operator_3', 'example_branch_datetime_operator']) retrieved from /home/airflow/.local/lib/python3.7/site-packages/airflow/example_dags/example_branch_datetime_operator.py
[2024-07-31T09:03:10.940+0000] {logging_mixin.py:120} INFO - [2024-07-31T09:03:10.940+0000] {dag.py:2585} INFO - Sync 3 DAGs
[2024-07-31T09:03:10.964+0000] {logging_mixin.py:120} INFO - [2024-07-31T09:03:10.964+0000] {dag.py:3340} INFO - Setting next_dagrun for example_branch_datetime_operator to 2024-07-30T00:00:00+00:00, run_after=2024-07-31T00:00:00+00:00
[2024-07-31T09:03:10.969+0000] {logging_mixin.py:120} INFO - [2024-07-31T09:03:10.969+0000] {dag.py:3340} INFO - Setting next_dagrun for example_branch_datetime_operator_2 to 2024-07-30T00:00:00+00:00, run_after=2024-07-31T00:00:00+00:00
[2024-07-31T09:03:10.972+0000] {logging_mixin.py:120} INFO - [2024-07-31T09:03:10.972+0000] {dag.py:3340} INFO - Setting next_dagrun for example_branch_datetime_operator_3 to 2024-07-30T00:00:00+00:00, run_after=2024-07-31T00:00:00+00:00
[2024-07-31T09:03:10.989+0000] {processor.py:176} INFO - Processing /home/airflow/.local/lib/python3.7/site-packages/airflow/example_dags/example_branch_datetime_operator.py took 0.110 seconds
