[2024-07-31T08:52:56.660+0000] {processor.py:154} INFO - Started process (PID=72) to work on /home/airflow/.local/lib/python3.7/site-packages/airflow/example_dags/example_latest_only.py
[2024-07-31T08:52:56.661+0000] {processor.py:756} INFO - Processing file /home/airflow/.local/lib/python3.7/site-packages/airflow/example_dags/example_latest_only.py for tasks to queue
[2024-07-31T08:52:56.662+0000] {logging_mixin.py:120} INFO - [2024-07-31T08:52:56.662+0000] {dagbag.py:537} INFO - Filling up the DagBag from /home/airflow/.local/lib/python3.7/site-packages/airflow/example_dags/example_latest_only.py
[2024-07-31T08:52:56.681+0000] {processor.py:766} INFO - DAG(s) dict_keys(['latest_only']) retrieved from /home/airflow/.local/lib/python3.7/site-packages/airflow/example_dags/example_latest_only.py
[2024-07-31T08:52:56.814+0000] {logging_mixin.py:120} INFO - [2024-07-31T08:52:56.814+0000] {manager.py:507} INFO - Created Permission View: can read on DAG:latest_only
[2024-07-31T08:52:56.824+0000] {logging_mixin.py:120} INFO - [2024-07-31T08:52:56.824+0000] {manager.py:507} INFO - Created Permission View: can edit on DAG:latest_only
[2024-07-31T08:52:56.833+0000] {logging_mixin.py:120} INFO - [2024-07-31T08:52:56.833+0000] {manager.py:507} INFO - Created Permission View: can delete on DAG:latest_only
[2024-07-31T08:52:56.833+0000] {logging_mixin.py:120} INFO - [2024-07-31T08:52:56.833+0000] {dag.py:2585} INFO - Sync 1 DAGs
[2024-07-31T08:52:56.847+0000] {logging_mixin.py:120} INFO - [2024-07-31T08:52:56.847+0000] {dag.py:2606} INFO - Creating ORM DAG for latest_only
[2024-07-31T08:52:56.858+0000] {logging_mixin.py:120} INFO - [2024-07-31T08:52:56.858+0000] {dag.py:3340} INFO - Setting next_dagrun for latest_only to 2024-07-31T04:52:56.858589+00:00, run_after=2024-07-31T08:52:56.858589+00:00
[2024-07-31T08:52:56.884+0000] {processor.py:176} INFO - Processing /home/airflow/.local/lib/python3.7/site-packages/airflow/example_dags/example_latest_only.py took 0.227 seconds
[2024-07-31T08:53:26.930+0000] {processor.py:154} INFO - Started process (PID=135) to work on /home/airflow/.local/lib/python3.7/site-packages/airflow/example_dags/example_latest_only.py
[2024-07-31T08:53:26.931+0000] {processor.py:756} INFO - Processing file /home/airflow/.local/lib/python3.7/site-packages/airflow/example_dags/example_latest_only.py for tasks to queue
[2024-07-31T08:53:26.932+0000] {logging_mixin.py:120} INFO - [2024-07-31T08:53:26.931+0000] {dagbag.py:537} INFO - Filling up the DagBag from /home/airflow/.local/lib/python3.7/site-packages/airflow/example_dags/example_latest_only.py
[2024-07-31T08:53:26.943+0000] {processor.py:766} INFO - DAG(s) dict_keys(['latest_only']) retrieved from /home/airflow/.local/lib/python3.7/site-packages/airflow/example_dags/example_latest_only.py
[2024-07-31T08:53:26.978+0000] {logging_mixin.py:120} INFO - [2024-07-31T08:53:26.978+0000] {dag.py:2585} INFO - Sync 1 DAGs
[2024-07-31T08:53:27.003+0000] {logging_mixin.py:120} INFO - [2024-07-31T08:53:27.003+0000] {dag.py:3340} INFO - Setting next_dagrun for latest_only to 2024-07-31T04:53:27.002776+00:00, run_after=2024-07-31T08:53:27.002776+00:00
[2024-07-31T08:53:27.021+0000] {processor.py:176} INFO - Processing /home/airflow/.local/lib/python3.7/site-packages/airflow/example_dags/example_latest_only.py took 0.094 seconds
[2024-07-31T08:53:57.234+0000] {processor.py:154} INFO - Started process (PID=190) to work on /home/airflow/.local/lib/python3.7/site-packages/airflow/example_dags/example_latest_only.py
[2024-07-31T08:53:57.235+0000] {processor.py:756} INFO - Processing file /home/airflow/.local/lib/python3.7/site-packages/airflow/example_dags/example_latest_only.py for tasks to queue
[2024-07-31T08:53:57.236+0000] {logging_mixin.py:120} INFO - [2024-07-31T08:53:57.236+0000] {dagbag.py:537} INFO - Filling up the DagBag from /home/airflow/.local/lib/python3.7/site-packages/airflow/example_dags/example_latest_only.py
[2024-07-31T08:53:57.247+0000] {processor.py:766} INFO - DAG(s) dict_keys(['latest_only']) retrieved from /home/airflow/.local/lib/python3.7/site-packages/airflow/example_dags/example_latest_only.py
[2024-07-31T08:53:57.284+0000] {logging_mixin.py:120} INFO - [2024-07-31T08:53:57.284+0000] {dag.py:2585} INFO - Sync 1 DAGs
[2024-07-31T08:53:57.309+0000] {logging_mixin.py:120} INFO - [2024-07-31T08:53:57.308+0000] {dag.py:3340} INFO - Setting next_dagrun for latest_only to 2024-07-31T04:53:57.308728+00:00, run_after=2024-07-31T08:53:57.308728+00:00
[2024-07-31T08:53:57.327+0000] {processor.py:176} INFO - Processing /home/airflow/.local/lib/python3.7/site-packages/airflow/example_dags/example_latest_only.py took 0.095 seconds
[2024-07-31T08:54:27.840+0000] {processor.py:154} INFO - Started process (PID=253) to work on /home/airflow/.local/lib/python3.7/site-packages/airflow/example_dags/example_latest_only.py
[2024-07-31T08:54:27.841+0000] {processor.py:756} INFO - Processing file /home/airflow/.local/lib/python3.7/site-packages/airflow/example_dags/example_latest_only.py for tasks to queue
[2024-07-31T08:54:27.842+0000] {logging_mixin.py:120} INFO - [2024-07-31T08:54:27.842+0000] {dagbag.py:537} INFO - Filling up the DagBag from /home/airflow/.local/lib/python3.7/site-packages/airflow/example_dags/example_latest_only.py
[2024-07-31T08:54:27.854+0000] {processor.py:766} INFO - DAG(s) dict_keys(['latest_only']) retrieved from /home/airflow/.local/lib/python3.7/site-packages/airflow/example_dags/example_latest_only.py
[2024-07-31T08:54:27.891+0000] {logging_mixin.py:120} INFO - [2024-07-31T08:54:27.891+0000] {dag.py:2585} INFO - Sync 1 DAGs
[2024-07-31T08:54:27.913+0000] {logging_mixin.py:120} INFO - [2024-07-31T08:54:27.913+0000] {dag.py:3340} INFO - Setting next_dagrun for latest_only to 2024-07-31T04:54:27.913547+00:00, run_after=2024-07-31T08:54:27.913547+00:00
[2024-07-31T08:54:27.931+0000] {processor.py:176} INFO - Processing /home/airflow/.local/lib/python3.7/site-packages/airflow/example_dags/example_latest_only.py took 0.094 seconds
[2024-07-31T08:54:58.660+0000] {processor.py:154} INFO - Started process (PID=316) to work on /home/airflow/.local/lib/python3.7/site-packages/airflow/example_dags/example_latest_only.py
[2024-07-31T08:54:58.661+0000] {processor.py:756} INFO - Processing file /home/airflow/.local/lib/python3.7/site-packages/airflow/example_dags/example_latest_only.py for tasks to queue
[2024-07-31T08:54:58.662+0000] {logging_mixin.py:120} INFO - [2024-07-31T08:54:58.662+0000] {dagbag.py:537} INFO - Filling up the DagBag from /home/airflow/.local/lib/python3.7/site-packages/airflow/example_dags/example_latest_only.py
[2024-07-31T08:54:58.675+0000] {processor.py:766} INFO - DAG(s) dict_keys(['latest_only']) retrieved from /home/airflow/.local/lib/python3.7/site-packages/airflow/example_dags/example_latest_only.py
[2024-07-31T08:54:58.715+0000] {logging_mixin.py:120} INFO - [2024-07-31T08:54:58.715+0000] {dag.py:2585} INFO - Sync 1 DAGs
[2024-07-31T08:54:58.741+0000] {logging_mixin.py:120} INFO - [2024-07-31T08:54:58.741+0000] {dag.py:3340} INFO - Setting next_dagrun for latest_only to 2024-07-31T04:54:58.741305+00:00, run_after=2024-07-31T08:54:58.741305+00:00
[2024-07-31T08:54:58.770+0000] {processor.py:176} INFO - Processing /home/airflow/.local/lib/python3.7/site-packages/airflow/example_dags/example_latest_only.py took 0.112 seconds
[2024-07-31T08:55:28.992+0000] {processor.py:154} INFO - Started process (PID=379) to work on /home/airflow/.local/lib/python3.7/site-packages/airflow/example_dags/example_latest_only.py
[2024-07-31T08:55:28.993+0000] {processor.py:756} INFO - Processing file /home/airflow/.local/lib/python3.7/site-packages/airflow/example_dags/example_latest_only.py for tasks to queue
[2024-07-31T08:55:28.994+0000] {logging_mixin.py:120} INFO - [2024-07-31T08:55:28.994+0000] {dagbag.py:537} INFO - Filling up the DagBag from /home/airflow/.local/lib/python3.7/site-packages/airflow/example_dags/example_latest_only.py
[2024-07-31T08:55:29.010+0000] {processor.py:766} INFO - DAG(s) dict_keys(['latest_only']) retrieved from /home/airflow/.local/lib/python3.7/site-packages/airflow/example_dags/example_latest_only.py
[2024-07-31T08:55:29.053+0000] {logging_mixin.py:120} INFO - [2024-07-31T08:55:29.053+0000] {dag.py:2585} INFO - Sync 1 DAGs
[2024-07-31T08:55:29.083+0000] {logging_mixin.py:120} INFO - [2024-07-31T08:55:29.083+0000] {dag.py:3340} INFO - Setting next_dagrun for latest_only to 2024-07-31T04:55:29.082944+00:00, run_after=2024-07-31T08:55:29.082944+00:00
[2024-07-31T08:55:29.105+0000] {processor.py:176} INFO - Processing /home/airflow/.local/lib/python3.7/site-packages/airflow/example_dags/example_latest_only.py took 0.116 seconds
[2024-07-31T08:56:00.094+0000] {processor.py:154} INFO - Started process (PID=433) to work on /home/airflow/.local/lib/python3.7/site-packages/airflow/example_dags/example_latest_only.py
[2024-07-31T08:56:00.095+0000] {processor.py:756} INFO - Processing file /home/airflow/.local/lib/python3.7/site-packages/airflow/example_dags/example_latest_only.py for tasks to queue
[2024-07-31T08:56:00.096+0000] {logging_mixin.py:120} INFO - [2024-07-31T08:56:00.095+0000] {dagbag.py:537} INFO - Filling up the DagBag from /home/airflow/.local/lib/python3.7/site-packages/airflow/example_dags/example_latest_only.py
[2024-07-31T08:56:00.107+0000] {processor.py:766} INFO - DAG(s) dict_keys(['latest_only']) retrieved from /home/airflow/.local/lib/python3.7/site-packages/airflow/example_dags/example_latest_only.py
[2024-07-31T08:56:00.141+0000] {logging_mixin.py:120} INFO - [2024-07-31T08:56:00.141+0000] {dag.py:2585} INFO - Sync 1 DAGs
[2024-07-31T08:56:00.164+0000] {logging_mixin.py:120} INFO - [2024-07-31T08:56:00.164+0000] {dag.py:3340} INFO - Setting next_dagrun for latest_only to 2024-07-31T04:56:00.163944+00:00, run_after=2024-07-31T08:56:00.163944+00:00
[2024-07-31T08:56:00.182+0000] {processor.py:176} INFO - Processing /home/airflow/.local/lib/python3.7/site-packages/airflow/example_dags/example_latest_only.py took 0.090 seconds
[2024-07-31T08:57:10.372+0000] {processor.py:154} INFO - Started process (PID=73) to work on /home/airflow/.local/lib/python3.7/site-packages/airflow/example_dags/example_latest_only.py
[2024-07-31T08:57:10.373+0000] {processor.py:756} INFO - Processing file /home/airflow/.local/lib/python3.7/site-packages/airflow/example_dags/example_latest_only.py for tasks to queue
[2024-07-31T08:57:10.374+0000] {logging_mixin.py:120} INFO - [2024-07-31T08:57:10.374+0000] {dagbag.py:537} INFO - Filling up the DagBag from /home/airflow/.local/lib/python3.7/site-packages/airflow/example_dags/example_latest_only.py
[2024-07-31T08:57:10.388+0000] {processor.py:766} INFO - DAG(s) dict_keys(['latest_only']) retrieved from /home/airflow/.local/lib/python3.7/site-packages/airflow/example_dags/example_latest_only.py
[2024-07-31T08:57:10.413+0000] {logging_mixin.py:120} INFO - [2024-07-31T08:57:10.413+0000] {dag.py:2585} INFO - Sync 1 DAGs
[2024-07-31T08:57:10.447+0000] {logging_mixin.py:120} INFO - [2024-07-31T08:57:10.446+0000] {dag.py:3340} INFO - Setting next_dagrun for latest_only to 2024-07-31T04:57:10.446589+00:00, run_after=2024-07-31T08:57:10.446589+00:00
[2024-07-31T08:57:10.468+0000] {processor.py:176} INFO - Processing /home/airflow/.local/lib/python3.7/site-packages/airflow/example_dags/example_latest_only.py took 0.099 seconds
[2024-07-31T08:57:41.150+0000] {processor.py:154} INFO - Started process (PID=127) to work on /home/airflow/.local/lib/python3.7/site-packages/airflow/example_dags/example_latest_only.py
[2024-07-31T08:57:41.151+0000] {processor.py:756} INFO - Processing file /home/airflow/.local/lib/python3.7/site-packages/airflow/example_dags/example_latest_only.py for tasks to queue
[2024-07-31T08:57:41.152+0000] {logging_mixin.py:120} INFO - [2024-07-31T08:57:41.152+0000] {dagbag.py:537} INFO - Filling up the DagBag from /home/airflow/.local/lib/python3.7/site-packages/airflow/example_dags/example_latest_only.py
[2024-07-31T08:57:41.167+0000] {processor.py:766} INFO - DAG(s) dict_keys(['latest_only']) retrieved from /home/airflow/.local/lib/python3.7/site-packages/airflow/example_dags/example_latest_only.py
[2024-07-31T08:57:41.206+0000] {logging_mixin.py:120} INFO - [2024-07-31T08:57:41.206+0000] {dag.py:2585} INFO - Sync 1 DAGs
[2024-07-31T08:57:41.230+0000] {logging_mixin.py:120} INFO - [2024-07-31T08:57:41.230+0000] {dag.py:3340} INFO - Setting next_dagrun for latest_only to 2024-07-31T04:57:41.230381+00:00, run_after=2024-07-31T08:57:41.230381+00:00
[2024-07-31T08:57:41.249+0000] {processor.py:176} INFO - Processing /home/airflow/.local/lib/python3.7/site-packages/airflow/example_dags/example_latest_only.py took 0.101 seconds
[2024-07-31T08:59:05.125+0000] {processor.py:154} INFO - Started process (PID=72) to work on /home/airflow/.local/lib/python3.7/site-packages/airflow/example_dags/example_latest_only.py
[2024-07-31T08:59:05.126+0000] {processor.py:756} INFO - Processing file /home/airflow/.local/lib/python3.7/site-packages/airflow/example_dags/example_latest_only.py for tasks to queue
[2024-07-31T08:59:05.127+0000] {logging_mixin.py:120} INFO - [2024-07-31T08:59:05.127+0000] {dagbag.py:537} INFO - Filling up the DagBag from /home/airflow/.local/lib/python3.7/site-packages/airflow/example_dags/example_latest_only.py
[2024-07-31T08:59:05.141+0000] {processor.py:766} INFO - DAG(s) dict_keys(['latest_only']) retrieved from /home/airflow/.local/lib/python3.7/site-packages/airflow/example_dags/example_latest_only.py
[2024-07-31T08:59:05.170+0000] {logging_mixin.py:120} INFO - [2024-07-31T08:59:05.170+0000] {dag.py:2585} INFO - Sync 1 DAGs
[2024-07-31T08:59:05.219+0000] {logging_mixin.py:120} INFO - [2024-07-31T08:59:05.218+0000] {dag.py:3340} INFO - Setting next_dagrun for latest_only to 2024-07-31T04:59:05.218629+00:00, run_after=2024-07-31T08:59:05.218629+00:00
[2024-07-31T08:59:05.249+0000] {processor.py:176} INFO - Processing /home/airflow/.local/lib/python3.7/site-packages/airflow/example_dags/example_latest_only.py took 0.128 seconds
[2024-07-31T08:59:35.809+0000] {processor.py:154} INFO - Started process (PID=126) to work on /home/airflow/.local/lib/python3.7/site-packages/airflow/example_dags/example_latest_only.py
[2024-07-31T08:59:35.809+0000] {processor.py:756} INFO - Processing file /home/airflow/.local/lib/python3.7/site-packages/airflow/example_dags/example_latest_only.py for tasks to queue
[2024-07-31T08:59:35.810+0000] {logging_mixin.py:120} INFO - [2024-07-31T08:59:35.810+0000] {dagbag.py:537} INFO - Filling up the DagBag from /home/airflow/.local/lib/python3.7/site-packages/airflow/example_dags/example_latest_only.py
[2024-07-31T08:59:35.822+0000] {processor.py:766} INFO - DAG(s) dict_keys(['latest_only']) retrieved from /home/airflow/.local/lib/python3.7/site-packages/airflow/example_dags/example_latest_only.py
[2024-07-31T08:59:35.857+0000] {logging_mixin.py:120} INFO - [2024-07-31T08:59:35.856+0000] {dag.py:2585} INFO - Sync 1 DAGs
[2024-07-31T08:59:35.879+0000] {logging_mixin.py:120} INFO - [2024-07-31T08:59:35.879+0000] {dag.py:3340} INFO - Setting next_dagrun for latest_only to 2024-07-31T04:59:35.878816+00:00, run_after=2024-07-31T08:59:35.878816+00:00
[2024-07-31T08:59:35.896+0000] {processor.py:176} INFO - Processing /home/airflow/.local/lib/python3.7/site-packages/airflow/example_dags/example_latest_only.py took 0.090 seconds
[2024-07-31T09:00:06.637+0000] {processor.py:154} INFO - Started process (PID=190) to work on /home/airflow/.local/lib/python3.7/site-packages/airflow/example_dags/example_latest_only.py
[2024-07-31T09:00:06.638+0000] {processor.py:756} INFO - Processing file /home/airflow/.local/lib/python3.7/site-packages/airflow/example_dags/example_latest_only.py for tasks to queue
[2024-07-31T09:00:06.639+0000] {logging_mixin.py:120} INFO - [2024-07-31T09:00:06.639+0000] {dagbag.py:537} INFO - Filling up the DagBag from /home/airflow/.local/lib/python3.7/site-packages/airflow/example_dags/example_latest_only.py
[2024-07-31T09:00:06.651+0000] {processor.py:766} INFO - DAG(s) dict_keys(['latest_only']) retrieved from /home/airflow/.local/lib/python3.7/site-packages/airflow/example_dags/example_latest_only.py
[2024-07-31T09:00:06.683+0000] {logging_mixin.py:120} INFO - [2024-07-31T09:00:06.683+0000] {dag.py:2585} INFO - Sync 1 DAGs
[2024-07-31T09:00:06.706+0000] {logging_mixin.py:120} INFO - [2024-07-31T09:00:06.706+0000] {dag.py:3340} INFO - Setting next_dagrun for latest_only to 2024-07-31T05:00:06.706368+00:00, run_after=2024-07-31T09:00:06.706368+00:00
[2024-07-31T09:00:06.723+0000] {processor.py:176} INFO - Processing /home/airflow/.local/lib/python3.7/site-packages/airflow/example_dags/example_latest_only.py took 0.088 seconds
[2024-07-31T09:00:37.539+0000] {processor.py:154} INFO - Started process (PID=253) to work on /home/airflow/.local/lib/python3.7/site-packages/airflow/example_dags/example_latest_only.py
[2024-07-31T09:00:37.540+0000] {processor.py:756} INFO - Processing file /home/airflow/.local/lib/python3.7/site-packages/airflow/example_dags/example_latest_only.py for tasks to queue
[2024-07-31T09:00:37.541+0000] {logging_mixin.py:120} INFO - [2024-07-31T09:00:37.541+0000] {dagbag.py:537} INFO - Filling up the DagBag from /home/airflow/.local/lib/python3.7/site-packages/airflow/example_dags/example_latest_only.py
[2024-07-31T09:00:37.553+0000] {processor.py:766} INFO - DAG(s) dict_keys(['latest_only']) retrieved from /home/airflow/.local/lib/python3.7/site-packages/airflow/example_dags/example_latest_only.py
[2024-07-31T09:00:37.588+0000] {logging_mixin.py:120} INFO - [2024-07-31T09:00:37.588+0000] {dag.py:2585} INFO - Sync 1 DAGs
[2024-07-31T09:00:37.610+0000] {logging_mixin.py:120} INFO - [2024-07-31T09:00:37.609+0000] {dag.py:3340} INFO - Setting next_dagrun for latest_only to 2024-07-31T05:00:37.609787+00:00, run_after=2024-07-31T09:00:37.609787+00:00
[2024-07-31T09:00:37.628+0000] {processor.py:176} INFO - Processing /home/airflow/.local/lib/python3.7/site-packages/airflow/example_dags/example_latest_only.py took 0.091 seconds
[2024-07-31T09:01:08.678+0000] {processor.py:154} INFO - Started process (PID=317) to work on /home/airflow/.local/lib/python3.7/site-packages/airflow/example_dags/example_latest_only.py
[2024-07-31T09:01:08.679+0000] {processor.py:756} INFO - Processing file /home/airflow/.local/lib/python3.7/site-packages/airflow/example_dags/example_latest_only.py for tasks to queue
[2024-07-31T09:01:08.680+0000] {logging_mixin.py:120} INFO - [2024-07-31T09:01:08.680+0000] {dagbag.py:537} INFO - Filling up the DagBag from /home/airflow/.local/lib/python3.7/site-packages/airflow/example_dags/example_latest_only.py
[2024-07-31T09:01:08.691+0000] {processor.py:766} INFO - DAG(s) dict_keys(['latest_only']) retrieved from /home/airflow/.local/lib/python3.7/site-packages/airflow/example_dags/example_latest_only.py
[2024-07-31T09:01:08.726+0000] {logging_mixin.py:120} INFO - [2024-07-31T09:01:08.726+0000] {dag.py:2585} INFO - Sync 1 DAGs
[2024-07-31T09:01:08.747+0000] {logging_mixin.py:120} INFO - [2024-07-31T09:01:08.747+0000] {dag.py:3340} INFO - Setting next_dagrun for latest_only to 2024-07-31T05:01:08.747161+00:00, run_after=2024-07-31T09:01:08.747161+00:00
[2024-07-31T09:01:08.764+0000] {processor.py:176} INFO - Processing /home/airflow/.local/lib/python3.7/site-packages/airflow/example_dags/example_latest_only.py took 0.089 seconds
[2024-07-31T09:01:39.793+0000] {processor.py:154} INFO - Started process (PID=371) to work on /home/airflow/.local/lib/python3.7/site-packages/airflow/example_dags/example_latest_only.py
[2024-07-31T09:01:39.794+0000] {processor.py:756} INFO - Processing file /home/airflow/.local/lib/python3.7/site-packages/airflow/example_dags/example_latest_only.py for tasks to queue
[2024-07-31T09:01:39.795+0000] {logging_mixin.py:120} INFO - [2024-07-31T09:01:39.795+0000] {dagbag.py:537} INFO - Filling up the DagBag from /home/airflow/.local/lib/python3.7/site-packages/airflow/example_dags/example_latest_only.py
[2024-07-31T09:01:39.809+0000] {processor.py:766} INFO - DAG(s) dict_keys(['latest_only']) retrieved from /home/airflow/.local/lib/python3.7/site-packages/airflow/example_dags/example_latest_only.py
[2024-07-31T09:01:39.852+0000] {logging_mixin.py:120} INFO - [2024-07-31T09:01:39.852+0000] {dag.py:2585} INFO - Sync 1 DAGs
[2024-07-31T09:01:39.878+0000] {logging_mixin.py:120} INFO - [2024-07-31T09:01:39.878+0000] {dag.py:3340} INFO - Setting next_dagrun for latest_only to 2024-07-31T05:01:39.877840+00:00, run_after=2024-07-31T09:01:39.877840+00:00
[2024-07-31T09:01:39.901+0000] {processor.py:176} INFO - Processing /home/airflow/.local/lib/python3.7/site-packages/airflow/example_dags/example_latest_only.py took 0.111 seconds
[2024-07-31T09:02:10.821+0000] {processor.py:154} INFO - Started process (PID=434) to work on /home/airflow/.local/lib/python3.7/site-packages/airflow/example_dags/example_latest_only.py
[2024-07-31T09:02:10.822+0000] {processor.py:756} INFO - Processing file /home/airflow/.local/lib/python3.7/site-packages/airflow/example_dags/example_latest_only.py for tasks to queue
[2024-07-31T09:02:10.823+0000] {logging_mixin.py:120} INFO - [2024-07-31T09:02:10.822+0000] {dagbag.py:537} INFO - Filling up the DagBag from /home/airflow/.local/lib/python3.7/site-packages/airflow/example_dags/example_latest_only.py
[2024-07-31T09:02:10.834+0000] {processor.py:766} INFO - DAG(s) dict_keys(['latest_only']) retrieved from /home/airflow/.local/lib/python3.7/site-packages/airflow/example_dags/example_latest_only.py
[2024-07-31T09:02:10.856+0000] {logging_mixin.py:120} INFO - [2024-07-31T09:02:10.856+0000] {dag.py:2585} INFO - Sync 1 DAGs
[2024-07-31T09:02:10.880+0000] {logging_mixin.py:120} INFO - [2024-07-31T09:02:10.880+0000] {dag.py:3340} INFO - Setting next_dagrun for latest_only to 2024-07-31T05:02:10.879927+00:00, run_after=2024-07-31T09:02:10.879927+00:00
[2024-07-31T09:02:10.904+0000] {processor.py:176} INFO - Processing /home/airflow/.local/lib/python3.7/site-packages/airflow/example_dags/example_latest_only.py took 0.085 seconds
[2024-07-31T09:02:41.417+0000] {processor.py:154} INFO - Started process (PID=497) to work on /home/airflow/.local/lib/python3.7/site-packages/airflow/example_dags/example_latest_only.py
[2024-07-31T09:02:41.418+0000] {processor.py:756} INFO - Processing file /home/airflow/.local/lib/python3.7/site-packages/airflow/example_dags/example_latest_only.py for tasks to queue
[2024-07-31T09:02:41.419+0000] {logging_mixin.py:120} INFO - [2024-07-31T09:02:41.419+0000] {dagbag.py:537} INFO - Filling up the DagBag from /home/airflow/.local/lib/python3.7/site-packages/airflow/example_dags/example_latest_only.py
[2024-07-31T09:02:41.432+0000] {processor.py:766} INFO - DAG(s) dict_keys(['latest_only']) retrieved from /home/airflow/.local/lib/python3.7/site-packages/airflow/example_dags/example_latest_only.py
[2024-07-31T09:02:41.471+0000] {logging_mixin.py:120} INFO - [2024-07-31T09:02:41.470+0000] {dag.py:2585} INFO - Sync 1 DAGs
[2024-07-31T09:02:41.500+0000] {logging_mixin.py:120} INFO - [2024-07-31T09:02:41.500+0000] {dag.py:3340} INFO - Setting next_dagrun for latest_only to 2024-07-31T05:02:41.500299+00:00, run_after=2024-07-31T09:02:41.500299+00:00
[2024-07-31T09:02:41.525+0000] {processor.py:176} INFO - Processing /home/airflow/.local/lib/python3.7/site-packages/airflow/example_dags/example_latest_only.py took 0.110 seconds
[2024-07-31T09:03:12.399+0000] {processor.py:154} INFO - Started process (PID=560) to work on /home/airflow/.local/lib/python3.7/site-packages/airflow/example_dags/example_latest_only.py
[2024-07-31T09:03:12.400+0000] {processor.py:756} INFO - Processing file /home/airflow/.local/lib/python3.7/site-packages/airflow/example_dags/example_latest_only.py for tasks to queue
[2024-07-31T09:03:12.401+0000] {logging_mixin.py:120} INFO - [2024-07-31T09:03:12.401+0000] {dagbag.py:537} INFO - Filling up the DagBag from /home/airflow/.local/lib/python3.7/site-packages/airflow/example_dags/example_latest_only.py
[2024-07-31T09:03:12.413+0000] {processor.py:766} INFO - DAG(s) dict_keys(['latest_only']) retrieved from /home/airflow/.local/lib/python3.7/site-packages/airflow/example_dags/example_latest_only.py
[2024-07-31T09:03:12.448+0000] {logging_mixin.py:120} INFO - [2024-07-31T09:03:12.448+0000] {dag.py:2585} INFO - Sync 1 DAGs
[2024-07-31T09:03:12.469+0000] {logging_mixin.py:120} INFO - [2024-07-31T09:03:12.469+0000] {dag.py:3340} INFO - Setting next_dagrun for latest_only to 2024-07-31T05:03:12.469497+00:00, run_after=2024-07-31T09:03:12.469497+00:00
[2024-07-31T09:03:12.498+0000] {processor.py:176} INFO - Processing /home/airflow/.local/lib/python3.7/site-packages/airflow/example_dags/example_latest_only.py took 0.102 seconds
