[2024-07-31T08:52:54.733+0000] {processor.py:154} INFO - Started process (PID=66) to work on /home/airflow/.local/lib/python3.7/site-packages/airflow/example_dags/example_short_circuit_operator.py
[2024-07-31T08:52:54.734+0000] {processor.py:756} INFO - Processing file /home/airflow/.local/lib/python3.7/site-packages/airflow/example_dags/example_short_circuit_operator.py for tasks to queue
[2024-07-31T08:52:54.735+0000] {logging_mixin.py:120} INFO - [2024-07-31T08:52:54.735+0000] {dagbag.py:537} INFO - Filling up the DagBag from /home/airflow/.local/lib/python3.7/site-packages/airflow/example_dags/example_short_circuit_operator.py
[2024-07-31T08:52:54.776+0000] {processor.py:766} INFO - DAG(s) dict_keys(['example_short_circuit_operator']) retrieved from /home/airflow/.local/lib/python3.7/site-packages/airflow/example_dags/example_short_circuit_operator.py
[2024-07-31T08:52:55.089+0000] {logging_mixin.py:120} INFO - [2024-07-31T08:52:55.089+0000] {manager.py:507} INFO - Created Permission View: can read on DAG:example_short_circuit_operator
[2024-07-31T08:52:55.363+0000] {logging_mixin.py:120} INFO - [2024-07-31T08:52:55.363+0000] {manager.py:507} INFO - Created Permission View: can edit on DAG:example_short_circuit_operator
[2024-07-31T08:52:55.687+0000] {logging_mixin.py:120} INFO - [2024-07-31T08:52:55.687+0000] {manager.py:507} INFO - Created Permission View: can delete on DAG:example_short_circuit_operator
[2024-07-31T08:52:55.688+0000] {logging_mixin.py:120} INFO - [2024-07-31T08:52:55.687+0000] {dag.py:2585} INFO - Sync 1 DAGs
[2024-07-31T08:52:55.702+0000] {logging_mixin.py:120} INFO - [2024-07-31T08:52:55.702+0000] {dag.py:2606} INFO - Creating ORM DAG for example_short_circuit_operator
[2024-07-31T08:52:55.714+0000] {logging_mixin.py:120} INFO - [2024-07-31T08:52:55.714+0000] {dag.py:3340} INFO - Setting next_dagrun for example_short_circuit_operator to 2024-07-30T08:52:55.714638+00:00, run_after=2024-07-31T08:52:55.714638+00:00
[2024-07-31T08:52:55.981+0000] {processor.py:176} INFO - Processing /home/airflow/.local/lib/python3.7/site-packages/airflow/example_dags/example_short_circuit_operator.py took 1.251 seconds
[2024-07-31T08:53:26.132+0000] {processor.py:154} INFO - Started process (PID=129) to work on /home/airflow/.local/lib/python3.7/site-packages/airflow/example_dags/example_short_circuit_operator.py
[2024-07-31T08:53:26.133+0000] {processor.py:756} INFO - Processing file /home/airflow/.local/lib/python3.7/site-packages/airflow/example_dags/example_short_circuit_operator.py for tasks to queue
[2024-07-31T08:53:26.134+0000] {logging_mixin.py:120} INFO - [2024-07-31T08:53:26.134+0000] {dagbag.py:537} INFO - Filling up the DagBag from /home/airflow/.local/lib/python3.7/site-packages/airflow/example_dags/example_short_circuit_operator.py
[2024-07-31T08:53:26.150+0000] {processor.py:766} INFO - DAG(s) dict_keys(['example_short_circuit_operator']) retrieved from /home/airflow/.local/lib/python3.7/site-packages/airflow/example_dags/example_short_circuit_operator.py
[2024-07-31T08:53:26.186+0000] {logging_mixin.py:120} INFO - [2024-07-31T08:53:26.186+0000] {dag.py:2585} INFO - Sync 1 DAGs
[2024-07-31T08:53:26.208+0000] {logging_mixin.py:120} INFO - [2024-07-31T08:53:26.208+0000] {dag.py:3340} INFO - Setting next_dagrun for example_short_circuit_operator to 2024-07-30T08:53:26.208018+00:00, run_after=2024-07-31T08:53:26.208018+00:00
[2024-07-31T08:53:26.227+0000] {processor.py:176} INFO - Processing /home/airflow/.local/lib/python3.7/site-packages/airflow/example_dags/example_short_circuit_operator.py took 0.098 seconds
[2024-07-31T08:53:56.639+0000] {processor.py:154} INFO - Started process (PID=184) to work on /home/airflow/.local/lib/python3.7/site-packages/airflow/example_dags/example_short_circuit_operator.py
[2024-07-31T08:53:56.641+0000] {processor.py:756} INFO - Processing file /home/airflow/.local/lib/python3.7/site-packages/airflow/example_dags/example_short_circuit_operator.py for tasks to queue
[2024-07-31T08:53:56.642+0000] {logging_mixin.py:120} INFO - [2024-07-31T08:53:56.642+0000] {dagbag.py:537} INFO - Filling up the DagBag from /home/airflow/.local/lib/python3.7/site-packages/airflow/example_dags/example_short_circuit_operator.py
[2024-07-31T08:53:56.670+0000] {processor.py:766} INFO - DAG(s) dict_keys(['example_short_circuit_operator']) retrieved from /home/airflow/.local/lib/python3.7/site-packages/airflow/example_dags/example_short_circuit_operator.py
[2024-07-31T08:53:56.737+0000] {logging_mixin.py:120} INFO - [2024-07-31T08:53:56.737+0000] {dag.py:2585} INFO - Sync 1 DAGs
[2024-07-31T08:53:56.785+0000] {logging_mixin.py:120} INFO - [2024-07-31T08:53:56.785+0000] {dag.py:3340} INFO - Setting next_dagrun for example_short_circuit_operator to 2024-07-30T08:53:56.784892+00:00, run_after=2024-07-31T08:53:56.784892+00:00
[2024-07-31T08:53:56.819+0000] {processor.py:176} INFO - Processing /home/airflow/.local/lib/python3.7/site-packages/airflow/example_dags/example_short_circuit_operator.py took 0.185 seconds
[2024-07-31T08:54:27.358+0000] {processor.py:154} INFO - Started process (PID=247) to work on /home/airflow/.local/lib/python3.7/site-packages/airflow/example_dags/example_short_circuit_operator.py
[2024-07-31T08:54:27.359+0000] {processor.py:756} INFO - Processing file /home/airflow/.local/lib/python3.7/site-packages/airflow/example_dags/example_short_circuit_operator.py for tasks to queue
[2024-07-31T08:54:27.360+0000] {logging_mixin.py:120} INFO - [2024-07-31T08:54:27.360+0000] {dagbag.py:537} INFO - Filling up the DagBag from /home/airflow/.local/lib/python3.7/site-packages/airflow/example_dags/example_short_circuit_operator.py
[2024-07-31T08:54:27.378+0000] {processor.py:766} INFO - DAG(s) dict_keys(['example_short_circuit_operator']) retrieved from /home/airflow/.local/lib/python3.7/site-packages/airflow/example_dags/example_short_circuit_operator.py
[2024-07-31T08:54:27.414+0000] {logging_mixin.py:120} INFO - [2024-07-31T08:54:27.414+0000] {dag.py:2585} INFO - Sync 1 DAGs
[2024-07-31T08:54:27.435+0000] {logging_mixin.py:120} INFO - [2024-07-31T08:54:27.435+0000] {dag.py:3340} INFO - Setting next_dagrun for example_short_circuit_operator to 2024-07-30T08:54:27.435324+00:00, run_after=2024-07-31T08:54:27.435324+00:00
[2024-07-31T08:54:27.455+0000] {processor.py:176} INFO - Processing /home/airflow/.local/lib/python3.7/site-packages/airflow/example_dags/example_short_circuit_operator.py took 0.099 seconds
[2024-07-31T08:54:58.056+0000] {processor.py:154} INFO - Started process (PID=310) to work on /home/airflow/.local/lib/python3.7/site-packages/airflow/example_dags/example_short_circuit_operator.py
[2024-07-31T08:54:58.057+0000] {processor.py:756} INFO - Processing file /home/airflow/.local/lib/python3.7/site-packages/airflow/example_dags/example_short_circuit_operator.py for tasks to queue
[2024-07-31T08:54:58.058+0000] {logging_mixin.py:120} INFO - [2024-07-31T08:54:58.058+0000] {dagbag.py:537} INFO - Filling up the DagBag from /home/airflow/.local/lib/python3.7/site-packages/airflow/example_dags/example_short_circuit_operator.py
[2024-07-31T08:54:58.079+0000] {processor.py:766} INFO - DAG(s) dict_keys(['example_short_circuit_operator']) retrieved from /home/airflow/.local/lib/python3.7/site-packages/airflow/example_dags/example_short_circuit_operator.py
[2024-07-31T08:54:58.206+0000] {logging_mixin.py:120} INFO - [2024-07-31T08:54:58.206+0000] {dag.py:2585} INFO - Sync 1 DAGs
[2024-07-31T08:54:58.235+0000] {logging_mixin.py:120} INFO - [2024-07-31T08:54:58.235+0000] {dag.py:3340} INFO - Setting next_dagrun for example_short_circuit_operator to 2024-07-30T08:54:58.234723+00:00, run_after=2024-07-31T08:54:58.234723+00:00
[2024-07-31T08:54:58.261+0000] {processor.py:176} INFO - Processing /home/airflow/.local/lib/python3.7/site-packages/airflow/example_dags/example_short_circuit_operator.py took 0.208 seconds
[2024-07-31T08:55:28.391+0000] {processor.py:154} INFO - Started process (PID=373) to work on /home/airflow/.local/lib/python3.7/site-packages/airflow/example_dags/example_short_circuit_operator.py
[2024-07-31T08:55:28.392+0000] {processor.py:756} INFO - Processing file /home/airflow/.local/lib/python3.7/site-packages/airflow/example_dags/example_short_circuit_operator.py for tasks to queue
[2024-07-31T08:55:28.393+0000] {logging_mixin.py:120} INFO - [2024-07-31T08:55:28.393+0000] {dagbag.py:537} INFO - Filling up the DagBag from /home/airflow/.local/lib/python3.7/site-packages/airflow/example_dags/example_short_circuit_operator.py
[2024-07-31T08:55:28.415+0000] {processor.py:766} INFO - DAG(s) dict_keys(['example_short_circuit_operator']) retrieved from /home/airflow/.local/lib/python3.7/site-packages/airflow/example_dags/example_short_circuit_operator.py
[2024-07-31T08:55:28.474+0000] {logging_mixin.py:120} INFO - [2024-07-31T08:55:28.474+0000] {dag.py:2585} INFO - Sync 1 DAGs
[2024-07-31T08:55:28.511+0000] {logging_mixin.py:120} INFO - [2024-07-31T08:55:28.511+0000] {dag.py:3340} INFO - Setting next_dagrun for example_short_circuit_operator to 2024-07-30T08:55:28.511246+00:00, run_after=2024-07-31T08:55:28.511246+00:00
[2024-07-31T08:55:28.532+0000] {processor.py:176} INFO - Processing /home/airflow/.local/lib/python3.7/site-packages/airflow/example_dags/example_short_circuit_operator.py took 0.144 seconds
[2024-07-31T08:55:59.518+0000] {processor.py:154} INFO - Started process (PID=427) to work on /home/airflow/.local/lib/python3.7/site-packages/airflow/example_dags/example_short_circuit_operator.py
[2024-07-31T08:55:59.518+0000] {processor.py:756} INFO - Processing file /home/airflow/.local/lib/python3.7/site-packages/airflow/example_dags/example_short_circuit_operator.py for tasks to queue
[2024-07-31T08:55:59.519+0000] {logging_mixin.py:120} INFO - [2024-07-31T08:55:59.519+0000] {dagbag.py:537} INFO - Filling up the DagBag from /home/airflow/.local/lib/python3.7/site-packages/airflow/example_dags/example_short_circuit_operator.py
[2024-07-31T08:55:59.534+0000] {processor.py:766} INFO - DAG(s) dict_keys(['example_short_circuit_operator']) retrieved from /home/airflow/.local/lib/python3.7/site-packages/airflow/example_dags/example_short_circuit_operator.py
[2024-07-31T08:55:59.572+0000] {logging_mixin.py:120} INFO - [2024-07-31T08:55:59.572+0000] {dag.py:2585} INFO - Sync 1 DAGs
[2024-07-31T08:55:59.620+0000] {logging_mixin.py:120} INFO - [2024-07-31T08:55:59.620+0000] {dag.py:3340} INFO - Setting next_dagrun for example_short_circuit_operator to 2024-07-30T08:55:59.619657+00:00, run_after=2024-07-31T08:55:59.619657+00:00
[2024-07-31T08:55:59.643+0000] {processor.py:176} INFO - Processing /home/airflow/.local/lib/python3.7/site-packages/airflow/example_dags/example_short_circuit_operator.py took 0.128 seconds
[2024-07-31T08:57:09.916+0000] {processor.py:154} INFO - Started process (PID=67) to work on /home/airflow/.local/lib/python3.7/site-packages/airflow/example_dags/example_short_circuit_operator.py
[2024-07-31T08:57:09.918+0000] {processor.py:756} INFO - Processing file /home/airflow/.local/lib/python3.7/site-packages/airflow/example_dags/example_short_circuit_operator.py for tasks to queue
[2024-07-31T08:57:09.919+0000] {logging_mixin.py:120} INFO - [2024-07-31T08:57:09.918+0000] {dagbag.py:537} INFO - Filling up the DagBag from /home/airflow/.local/lib/python3.7/site-packages/airflow/example_dags/example_short_circuit_operator.py
[2024-07-31T08:57:09.940+0000] {processor.py:766} INFO - DAG(s) dict_keys(['example_short_circuit_operator']) retrieved from /home/airflow/.local/lib/python3.7/site-packages/airflow/example_dags/example_short_circuit_operator.py
[2024-07-31T08:57:09.974+0000] {logging_mixin.py:120} INFO - [2024-07-31T08:57:09.973+0000] {dag.py:2585} INFO - Sync 1 DAGs
[2024-07-31T08:57:10.006+0000] {logging_mixin.py:120} INFO - [2024-07-31T08:57:10.006+0000] {dag.py:3340} INFO - Setting next_dagrun for example_short_circuit_operator to 2024-07-30T08:57:10.006451+00:00, run_after=2024-07-31T08:57:10.006451+00:00
[2024-07-31T08:57:10.031+0000] {processor.py:176} INFO - Processing /home/airflow/.local/lib/python3.7/site-packages/airflow/example_dags/example_short_circuit_operator.py took 0.118 seconds
[2024-07-31T08:57:40.719+0000] {processor.py:154} INFO - Started process (PID=121) to work on /home/airflow/.local/lib/python3.7/site-packages/airflow/example_dags/example_short_circuit_operator.py
[2024-07-31T08:57:40.720+0000] {processor.py:756} INFO - Processing file /home/airflow/.local/lib/python3.7/site-packages/airflow/example_dags/example_short_circuit_operator.py for tasks to queue
[2024-07-31T08:57:40.721+0000] {logging_mixin.py:120} INFO - [2024-07-31T08:57:40.721+0000] {dagbag.py:537} INFO - Filling up the DagBag from /home/airflow/.local/lib/python3.7/site-packages/airflow/example_dags/example_short_circuit_operator.py
[2024-07-31T08:57:40.737+0000] {processor.py:766} INFO - DAG(s) dict_keys(['example_short_circuit_operator']) retrieved from /home/airflow/.local/lib/python3.7/site-packages/airflow/example_dags/example_short_circuit_operator.py
[2024-07-31T08:57:40.773+0000] {logging_mixin.py:120} INFO - [2024-07-31T08:57:40.773+0000] {dag.py:2585} INFO - Sync 1 DAGs
[2024-07-31T08:57:40.799+0000] {logging_mixin.py:120} INFO - [2024-07-31T08:57:40.799+0000] {dag.py:3340} INFO - Setting next_dagrun for example_short_circuit_operator to 2024-07-30T08:57:40.799023+00:00, run_after=2024-07-31T08:57:40.799023+00:00
[2024-07-31T08:57:40.818+0000] {processor.py:176} INFO - Processing /home/airflow/.local/lib/python3.7/site-packages/airflow/example_dags/example_short_circuit_operator.py took 0.101 seconds
[2024-07-31T08:59:04.656+0000] {processor.py:154} INFO - Started process (PID=66) to work on /home/airflow/.local/lib/python3.7/site-packages/airflow/example_dags/example_short_circuit_operator.py
[2024-07-31T08:59:04.657+0000] {processor.py:756} INFO - Processing file /home/airflow/.local/lib/python3.7/site-packages/airflow/example_dags/example_short_circuit_operator.py for tasks to queue
[2024-07-31T08:59:04.658+0000] {logging_mixin.py:120} INFO - [2024-07-31T08:59:04.658+0000] {dagbag.py:537} INFO - Filling up the DagBag from /home/airflow/.local/lib/python3.7/site-packages/airflow/example_dags/example_short_circuit_operator.py
[2024-07-31T08:59:04.675+0000] {processor.py:766} INFO - DAG(s) dict_keys(['example_short_circuit_operator']) retrieved from /home/airflow/.local/lib/python3.7/site-packages/airflow/example_dags/example_short_circuit_operator.py
[2024-07-31T08:59:04.708+0000] {logging_mixin.py:120} INFO - [2024-07-31T08:59:04.708+0000] {dag.py:2585} INFO - Sync 1 DAGs
[2024-07-31T08:59:04.742+0000] {logging_mixin.py:120} INFO - [2024-07-31T08:59:04.741+0000] {dag.py:3340} INFO - Setting next_dagrun for example_short_circuit_operator to 2024-07-30T08:59:04.741611+00:00, run_after=2024-07-31T08:59:04.741611+00:00
[2024-07-31T08:59:04.766+0000] {processor.py:176} INFO - Processing /home/airflow/.local/lib/python3.7/site-packages/airflow/example_dags/example_short_circuit_operator.py took 0.113 seconds
[2024-07-31T08:59:35.399+0000] {processor.py:154} INFO - Started process (PID=120) to work on /home/airflow/.local/lib/python3.7/site-packages/airflow/example_dags/example_short_circuit_operator.py
[2024-07-31T08:59:35.399+0000] {processor.py:756} INFO - Processing file /home/airflow/.local/lib/python3.7/site-packages/airflow/example_dags/example_short_circuit_operator.py for tasks to queue
[2024-07-31T08:59:35.400+0000] {logging_mixin.py:120} INFO - [2024-07-31T08:59:35.400+0000] {dagbag.py:537} INFO - Filling up the DagBag from /home/airflow/.local/lib/python3.7/site-packages/airflow/example_dags/example_short_circuit_operator.py
[2024-07-31T08:59:35.415+0000] {processor.py:766} INFO - DAG(s) dict_keys(['example_short_circuit_operator']) retrieved from /home/airflow/.local/lib/python3.7/site-packages/airflow/example_dags/example_short_circuit_operator.py
[2024-07-31T08:59:35.451+0000] {logging_mixin.py:120} INFO - [2024-07-31T08:59:35.451+0000] {dag.py:2585} INFO - Sync 1 DAGs
[2024-07-31T08:59:35.474+0000] {logging_mixin.py:120} INFO - [2024-07-31T08:59:35.474+0000] {dag.py:3340} INFO - Setting next_dagrun for example_short_circuit_operator to 2024-07-30T08:59:35.474301+00:00, run_after=2024-07-31T08:59:35.474301+00:00
[2024-07-31T08:59:35.491+0000] {processor.py:176} INFO - Processing /home/airflow/.local/lib/python3.7/site-packages/airflow/example_dags/example_short_circuit_operator.py took 0.094 seconds
[2024-07-31T09:00:06.236+0000] {processor.py:154} INFO - Started process (PID=184) to work on /home/airflow/.local/lib/python3.7/site-packages/airflow/example_dags/example_short_circuit_operator.py
[2024-07-31T09:00:06.237+0000] {processor.py:756} INFO - Processing file /home/airflow/.local/lib/python3.7/site-packages/airflow/example_dags/example_short_circuit_operator.py for tasks to queue
[2024-07-31T09:00:06.237+0000] {logging_mixin.py:120} INFO - [2024-07-31T09:00:06.237+0000] {dagbag.py:537} INFO - Filling up the DagBag from /home/airflow/.local/lib/python3.7/site-packages/airflow/example_dags/example_short_circuit_operator.py
[2024-07-31T09:00:06.252+0000] {processor.py:766} INFO - DAG(s) dict_keys(['example_short_circuit_operator']) retrieved from /home/airflow/.local/lib/python3.7/site-packages/airflow/example_dags/example_short_circuit_operator.py
[2024-07-31T09:00:06.288+0000] {logging_mixin.py:120} INFO - [2024-07-31T09:00:06.288+0000] {dag.py:2585} INFO - Sync 1 DAGs
[2024-07-31T09:00:06.314+0000] {logging_mixin.py:120} INFO - [2024-07-31T09:00:06.314+0000] {dag.py:3340} INFO - Setting next_dagrun for example_short_circuit_operator to 2024-07-30T09:00:06.313690+00:00, run_after=2024-07-31T09:00:06.313690+00:00
[2024-07-31T09:00:06.336+0000] {processor.py:176} INFO - Processing /home/airflow/.local/lib/python3.7/site-packages/airflow/example_dags/example_short_circuit_operator.py took 0.103 seconds
[2024-07-31T09:00:37.145+0000] {processor.py:154} INFO - Started process (PID=247) to work on /home/airflow/.local/lib/python3.7/site-packages/airflow/example_dags/example_short_circuit_operator.py
[2024-07-31T09:00:37.146+0000] {processor.py:756} INFO - Processing file /home/airflow/.local/lib/python3.7/site-packages/airflow/example_dags/example_short_circuit_operator.py for tasks to queue
[2024-07-31T09:00:37.147+0000] {logging_mixin.py:120} INFO - [2024-07-31T09:00:37.147+0000] {dagbag.py:537} INFO - Filling up the DagBag from /home/airflow/.local/lib/python3.7/site-packages/airflow/example_dags/example_short_circuit_operator.py
[2024-07-31T09:00:37.161+0000] {processor.py:766} INFO - DAG(s) dict_keys(['example_short_circuit_operator']) retrieved from /home/airflow/.local/lib/python3.7/site-packages/airflow/example_dags/example_short_circuit_operator.py
[2024-07-31T09:00:37.198+0000] {logging_mixin.py:120} INFO - [2024-07-31T09:00:37.198+0000] {dag.py:2585} INFO - Sync 1 DAGs
[2024-07-31T09:00:37.220+0000] {logging_mixin.py:120} INFO - [2024-07-31T09:00:37.220+0000] {dag.py:3340} INFO - Setting next_dagrun for example_short_circuit_operator to 2024-07-30T09:00:37.219993+00:00, run_after=2024-07-31T09:00:37.219993+00:00
[2024-07-31T09:00:37.236+0000] {processor.py:176} INFO - Processing /home/airflow/.local/lib/python3.7/site-packages/airflow/example_dags/example_short_circuit_operator.py took 0.094 seconds
[2024-07-31T09:01:08.246+0000] {processor.py:154} INFO - Started process (PID=311) to work on /home/airflow/.local/lib/python3.7/site-packages/airflow/example_dags/example_short_circuit_operator.py
[2024-07-31T09:01:08.247+0000] {processor.py:756} INFO - Processing file /home/airflow/.local/lib/python3.7/site-packages/airflow/example_dags/example_short_circuit_operator.py for tasks to queue
[2024-07-31T09:01:08.248+0000] {logging_mixin.py:120} INFO - [2024-07-31T09:01:08.247+0000] {dagbag.py:537} INFO - Filling up the DagBag from /home/airflow/.local/lib/python3.7/site-packages/airflow/example_dags/example_short_circuit_operator.py
[2024-07-31T09:01:08.263+0000] {processor.py:766} INFO - DAG(s) dict_keys(['example_short_circuit_operator']) retrieved from /home/airflow/.local/lib/python3.7/site-packages/airflow/example_dags/example_short_circuit_operator.py
[2024-07-31T09:01:08.303+0000] {logging_mixin.py:120} INFO - [2024-07-31T09:01:08.303+0000] {dag.py:2585} INFO - Sync 1 DAGs
[2024-07-31T09:01:08.328+0000] {logging_mixin.py:120} INFO - [2024-07-31T09:01:08.328+0000] {dag.py:3340} INFO - Setting next_dagrun for example_short_circuit_operator to 2024-07-30T09:01:08.328003+00:00, run_after=2024-07-31T09:01:08.328003+00:00
[2024-07-31T09:01:08.346+0000] {processor.py:176} INFO - Processing /home/airflow/.local/lib/python3.7/site-packages/airflow/example_dags/example_short_circuit_operator.py took 0.103 seconds
[2024-07-31T09:01:39.289+0000] {processor.py:154} INFO - Started process (PID=365) to work on /home/airflow/.local/lib/python3.7/site-packages/airflow/example_dags/example_short_circuit_operator.py
[2024-07-31T09:01:39.290+0000] {processor.py:756} INFO - Processing file /home/airflow/.local/lib/python3.7/site-packages/airflow/example_dags/example_short_circuit_operator.py for tasks to queue
[2024-07-31T09:01:39.291+0000] {logging_mixin.py:120} INFO - [2024-07-31T09:01:39.291+0000] {dagbag.py:537} INFO - Filling up the DagBag from /home/airflow/.local/lib/python3.7/site-packages/airflow/example_dags/example_short_circuit_operator.py
[2024-07-31T09:01:39.305+0000] {processor.py:766} INFO - DAG(s) dict_keys(['example_short_circuit_operator']) retrieved from /home/airflow/.local/lib/python3.7/site-packages/airflow/example_dags/example_short_circuit_operator.py
[2024-07-31T09:01:39.342+0000] {logging_mixin.py:120} INFO - [2024-07-31T09:01:39.342+0000] {dag.py:2585} INFO - Sync 1 DAGs
[2024-07-31T09:01:39.364+0000] {logging_mixin.py:120} INFO - [2024-07-31T09:01:39.364+0000] {dag.py:3340} INFO - Setting next_dagrun for example_short_circuit_operator to 2024-07-30T09:01:39.364127+00:00, run_after=2024-07-31T09:01:39.364127+00:00
[2024-07-31T09:01:39.385+0000] {processor.py:176} INFO - Processing /home/airflow/.local/lib/python3.7/site-packages/airflow/example_dags/example_short_circuit_operator.py took 0.099 seconds
[2024-07-31T09:02:09.554+0000] {processor.py:154} INFO - Started process (PID=428) to work on /home/airflow/.local/lib/python3.7/site-packages/airflow/example_dags/example_short_circuit_operator.py
[2024-07-31T09:02:09.555+0000] {processor.py:756} INFO - Processing file /home/airflow/.local/lib/python3.7/site-packages/airflow/example_dags/example_short_circuit_operator.py for tasks to queue
[2024-07-31T09:02:09.556+0000] {logging_mixin.py:120} INFO - [2024-07-31T09:02:09.555+0000] {dagbag.py:537} INFO - Filling up the DagBag from /home/airflow/.local/lib/python3.7/site-packages/airflow/example_dags/example_short_circuit_operator.py
[2024-07-31T09:02:09.572+0000] {processor.py:766} INFO - DAG(s) dict_keys(['example_short_circuit_operator']) retrieved from /home/airflow/.local/lib/python3.7/site-packages/airflow/example_dags/example_short_circuit_operator.py
[2024-07-31T09:02:09.595+0000] {logging_mixin.py:120} INFO - [2024-07-31T09:02:09.595+0000] {dag.py:2585} INFO - Sync 1 DAGs
[2024-07-31T09:02:09.621+0000] {logging_mixin.py:120} INFO - [2024-07-31T09:02:09.620+0000] {dag.py:3340} INFO - Setting next_dagrun for example_short_circuit_operator to 2024-07-30T09:02:09.620587+00:00, run_after=2024-07-31T09:02:09.620587+00:00
[2024-07-31T09:02:09.641+0000] {processor.py:176} INFO - Processing /home/airflow/.local/lib/python3.7/site-packages/airflow/example_dags/example_short_circuit_operator.py took 0.090 seconds
[2024-07-31T09:02:40.095+0000] {processor.py:154} INFO - Started process (PID=491) to work on /home/airflow/.local/lib/python3.7/site-packages/airflow/example_dags/example_short_circuit_operator.py
[2024-07-31T09:02:40.096+0000] {processor.py:756} INFO - Processing file /home/airflow/.local/lib/python3.7/site-packages/airflow/example_dags/example_short_circuit_operator.py for tasks to queue
[2024-07-31T09:02:40.097+0000] {logging_mixin.py:120} INFO - [2024-07-31T09:02:40.097+0000] {dagbag.py:537} INFO - Filling up the DagBag from /home/airflow/.local/lib/python3.7/site-packages/airflow/example_dags/example_short_circuit_operator.py
[2024-07-31T09:02:40.114+0000] {processor.py:766} INFO - DAG(s) dict_keys(['example_short_circuit_operator']) retrieved from /home/airflow/.local/lib/python3.7/site-packages/airflow/example_dags/example_short_circuit_operator.py
[2024-07-31T09:02:40.153+0000] {logging_mixin.py:120} INFO - [2024-07-31T09:02:40.153+0000] {dag.py:2585} INFO - Sync 1 DAGs
[2024-07-31T09:02:40.175+0000] {logging_mixin.py:120} INFO - [2024-07-31T09:02:40.175+0000] {dag.py:3340} INFO - Setting next_dagrun for example_short_circuit_operator to 2024-07-30T09:02:40.175365+00:00, run_after=2024-07-31T09:02:40.175365+00:00
[2024-07-31T09:02:40.194+0000] {processor.py:176} INFO - Processing /home/airflow/.local/lib/python3.7/site-packages/airflow/example_dags/example_short_circuit_operator.py took 0.101 seconds
[2024-07-31T09:03:11.010+0000] {processor.py:154} INFO - Started process (PID=545) to work on /home/airflow/.local/lib/python3.7/site-packages/airflow/example_dags/example_short_circuit_operator.py
[2024-07-31T09:03:11.011+0000] {processor.py:756} INFO - Processing file /home/airflow/.local/lib/python3.7/site-packages/airflow/example_dags/example_short_circuit_operator.py for tasks to queue
[2024-07-31T09:03:11.012+0000] {logging_mixin.py:120} INFO - [2024-07-31T09:03:11.012+0000] {dagbag.py:537} INFO - Filling up the DagBag from /home/airflow/.local/lib/python3.7/site-packages/airflow/example_dags/example_short_circuit_operator.py
[2024-07-31T09:03:11.026+0000] {processor.py:766} INFO - DAG(s) dict_keys(['example_short_circuit_operator']) retrieved from /home/airflow/.local/lib/python3.7/site-packages/airflow/example_dags/example_short_circuit_operator.py
[2024-07-31T09:03:11.063+0000] {logging_mixin.py:120} INFO - [2024-07-31T09:03:11.063+0000] {dag.py:2585} INFO - Sync 1 DAGs
[2024-07-31T09:03:11.086+0000] {logging_mixin.py:120} INFO - [2024-07-31T09:03:11.086+0000] {dag.py:3340} INFO - Setting next_dagrun for example_short_circuit_operator to 2024-07-30T09:03:11.086163+00:00, run_after=2024-07-31T09:03:11.086163+00:00
[2024-07-31T09:03:11.105+0000] {processor.py:176} INFO - Processing /home/airflow/.local/lib/python3.7/site-packages/airflow/example_dags/example_short_circuit_operator.py took 0.097 seconds
