[2024-07-31T08:52:52.584+0000] {processor.py:154} INFO - Started process (PID=57) to work on /home/airflow/.local/lib/python3.7/site-packages/airflow/example_dags/example_task_group_decorator.py
[2024-07-31T08:52:52.585+0000] {processor.py:756} INFO - Processing file /home/airflow/.local/lib/python3.7/site-packages/airflow/example_dags/example_task_group_decorator.py for tasks to queue
[2024-07-31T08:52:52.586+0000] {logging_mixin.py:120} INFO - [2024-07-31T08:52:52.586+0000] {dagbag.py:537} INFO - Filling up the DagBag from /home/airflow/.local/lib/python3.7/site-packages/airflow/example_dags/example_task_group_decorator.py
[2024-07-31T08:52:52.611+0000] {processor.py:766} INFO - DAG(s) dict_keys(['example_task_group_decorator']) retrieved from /home/airflow/.local/lib/python3.7/site-packages/airflow/example_dags/example_task_group_decorator.py
[2024-07-31T08:52:52.796+0000] {logging_mixin.py:120} INFO - [2024-07-31T08:52:52.796+0000] {manager.py:507} INFO - Created Permission View: can read on DAG:example_task_group_decorator
[2024-07-31T08:52:52.851+0000] {logging_mixin.py:120} INFO - [2024-07-31T08:52:52.851+0000] {manager.py:507} INFO - Created Permission View: can edit on DAG:example_task_group_decorator
[2024-07-31T08:52:52.880+0000] {logging_mixin.py:120} INFO - [2024-07-31T08:52:52.880+0000] {manager.py:507} INFO - Created Permission View: can delete on DAG:example_task_group_decorator
[2024-07-31T08:52:52.881+0000] {logging_mixin.py:120} INFO - [2024-07-31T08:52:52.881+0000] {dag.py:2585} INFO - Sync 1 DAGs
[2024-07-31T08:52:52.893+0000] {logging_mixin.py:120} INFO - [2024-07-31T08:52:52.892+0000] {dag.py:2606} INFO - Creating ORM DAG for example_task_group_decorator
[2024-07-31T08:52:52.905+0000] {logging_mixin.py:120} INFO - [2024-07-31T08:52:52.905+0000] {dag.py:3340} INFO - Setting next_dagrun for example_task_group_decorator to 2024-07-30T08:52:52.905327+00:00, run_after=2024-07-31T08:52:52.905327+00:00
[2024-07-31T08:52:52.967+0000] {processor.py:176} INFO - Processing /home/airflow/.local/lib/python3.7/site-packages/airflow/example_dags/example_task_group_decorator.py took 0.385 seconds
[2024-07-31T08:53:24.051+0000] {processor.py:154} INFO - Started process (PID=111) to work on /home/airflow/.local/lib/python3.7/site-packages/airflow/example_dags/example_task_group_decorator.py
[2024-07-31T08:53:24.052+0000] {processor.py:756} INFO - Processing file /home/airflow/.local/lib/python3.7/site-packages/airflow/example_dags/example_task_group_decorator.py for tasks to queue
[2024-07-31T08:53:24.053+0000] {logging_mixin.py:120} INFO - [2024-07-31T08:53:24.052+0000] {dagbag.py:537} INFO - Filling up the DagBag from /home/airflow/.local/lib/python3.7/site-packages/airflow/example_dags/example_task_group_decorator.py
[2024-07-31T08:53:24.078+0000] {processor.py:766} INFO - DAG(s) dict_keys(['example_task_group_decorator']) retrieved from /home/airflow/.local/lib/python3.7/site-packages/airflow/example_dags/example_task_group_decorator.py
[2024-07-31T08:53:24.114+0000] {logging_mixin.py:120} INFO - [2024-07-31T08:53:24.114+0000] {dag.py:2585} INFO - Sync 1 DAGs
[2024-07-31T08:53:24.136+0000] {logging_mixin.py:120} INFO - [2024-07-31T08:53:24.136+0000] {dag.py:3340} INFO - Setting next_dagrun for example_task_group_decorator to 2024-07-30T08:53:24.136446+00:00, run_after=2024-07-31T08:53:24.136446+00:00
[2024-07-31T08:53:24.307+0000] {processor.py:176} INFO - Processing /home/airflow/.local/lib/python3.7/site-packages/airflow/example_dags/example_task_group_decorator.py took 0.259 seconds
[2024-07-31T08:53:54.674+0000] {processor.py:154} INFO - Started process (PID=175) to work on /home/airflow/.local/lib/python3.7/site-packages/airflow/example_dags/example_task_group_decorator.py
[2024-07-31T08:53:54.675+0000] {processor.py:756} INFO - Processing file /home/airflow/.local/lib/python3.7/site-packages/airflow/example_dags/example_task_group_decorator.py for tasks to queue
[2024-07-31T08:53:54.676+0000] {logging_mixin.py:120} INFO - [2024-07-31T08:53:54.676+0000] {dagbag.py:537} INFO - Filling up the DagBag from /home/airflow/.local/lib/python3.7/site-packages/airflow/example_dags/example_task_group_decorator.py
[2024-07-31T08:53:54.706+0000] {processor.py:766} INFO - DAG(s) dict_keys(['example_task_group_decorator']) retrieved from /home/airflow/.local/lib/python3.7/site-packages/airflow/example_dags/example_task_group_decorator.py
[2024-07-31T08:53:54.748+0000] {logging_mixin.py:120} INFO - [2024-07-31T08:53:54.748+0000] {dag.py:2585} INFO - Sync 1 DAGs
[2024-07-31T08:53:54.771+0000] {logging_mixin.py:120} INFO - [2024-07-31T08:53:54.771+0000] {dag.py:3340} INFO - Setting next_dagrun for example_task_group_decorator to 2024-07-30T08:53:54.771422+00:00, run_after=2024-07-31T08:53:54.771422+00:00
[2024-07-31T08:53:54.792+0000] {processor.py:176} INFO - Processing /home/airflow/.local/lib/python3.7/site-packages/airflow/example_dags/example_task_group_decorator.py took 0.121 seconds
[2024-07-31T08:54:25.696+0000] {processor.py:154} INFO - Started process (PID=238) to work on /home/airflow/.local/lib/python3.7/site-packages/airflow/example_dags/example_task_group_decorator.py
[2024-07-31T08:54:25.697+0000] {processor.py:756} INFO - Processing file /home/airflow/.local/lib/python3.7/site-packages/airflow/example_dags/example_task_group_decorator.py for tasks to queue
[2024-07-31T08:54:25.697+0000] {logging_mixin.py:120} INFO - [2024-07-31T08:54:25.697+0000] {dagbag.py:537} INFO - Filling up the DagBag from /home/airflow/.local/lib/python3.7/site-packages/airflow/example_dags/example_task_group_decorator.py
[2024-07-31T08:54:25.722+0000] {processor.py:766} INFO - DAG(s) dict_keys(['example_task_group_decorator']) retrieved from /home/airflow/.local/lib/python3.7/site-packages/airflow/example_dags/example_task_group_decorator.py
[2024-07-31T08:54:25.760+0000] {logging_mixin.py:120} INFO - [2024-07-31T08:54:25.760+0000] {dag.py:2585} INFO - Sync 1 DAGs
[2024-07-31T08:54:25.783+0000] {logging_mixin.py:120} INFO - [2024-07-31T08:54:25.783+0000] {dag.py:3340} INFO - Setting next_dagrun for example_task_group_decorator to 2024-07-30T08:54:25.783281+00:00, run_after=2024-07-31T08:54:25.783281+00:00
[2024-07-31T08:54:25.805+0000] {processor.py:176} INFO - Processing /home/airflow/.local/lib/python3.7/site-packages/airflow/example_dags/example_task_group_decorator.py took 0.112 seconds
[2024-07-31T08:54:56.341+0000] {processor.py:154} INFO - Started process (PID=301) to work on /home/airflow/.local/lib/python3.7/site-packages/airflow/example_dags/example_task_group_decorator.py
[2024-07-31T08:54:56.341+0000] {processor.py:756} INFO - Processing file /home/airflow/.local/lib/python3.7/site-packages/airflow/example_dags/example_task_group_decorator.py for tasks to queue
[2024-07-31T08:54:56.342+0000] {logging_mixin.py:120} INFO - [2024-07-31T08:54:56.342+0000] {dagbag.py:537} INFO - Filling up the DagBag from /home/airflow/.local/lib/python3.7/site-packages/airflow/example_dags/example_task_group_decorator.py
[2024-07-31T08:54:56.371+0000] {processor.py:766} INFO - DAG(s) dict_keys(['example_task_group_decorator']) retrieved from /home/airflow/.local/lib/python3.7/site-packages/airflow/example_dags/example_task_group_decorator.py
[2024-07-31T08:54:56.410+0000] {logging_mixin.py:120} INFO - [2024-07-31T08:54:56.409+0000] {dag.py:2585} INFO - Sync 1 DAGs
[2024-07-31T08:54:56.435+0000] {logging_mixin.py:120} INFO - [2024-07-31T08:54:56.434+0000] {dag.py:3340} INFO - Setting next_dagrun for example_task_group_decorator to 2024-07-30T08:54:56.434560+00:00, run_after=2024-07-31T08:54:56.434560+00:00
[2024-07-31T08:54:56.456+0000] {processor.py:176} INFO - Processing /home/airflow/.local/lib/python3.7/site-packages/airflow/example_dags/example_task_group_decorator.py took 0.119 seconds
[2024-07-31T08:55:26.510+0000] {processor.py:154} INFO - Started process (PID=355) to work on /home/airflow/.local/lib/python3.7/site-packages/airflow/example_dags/example_task_group_decorator.py
[2024-07-31T08:55:26.511+0000] {processor.py:756} INFO - Processing file /home/airflow/.local/lib/python3.7/site-packages/airflow/example_dags/example_task_group_decorator.py for tasks to queue
[2024-07-31T08:55:26.511+0000] {logging_mixin.py:120} INFO - [2024-07-31T08:55:26.511+0000] {dagbag.py:537} INFO - Filling up the DagBag from /home/airflow/.local/lib/python3.7/site-packages/airflow/example_dags/example_task_group_decorator.py
[2024-07-31T08:55:26.536+0000] {processor.py:766} INFO - DAG(s) dict_keys(['example_task_group_decorator']) retrieved from /home/airflow/.local/lib/python3.7/site-packages/airflow/example_dags/example_task_group_decorator.py
[2024-07-31T08:55:26.578+0000] {logging_mixin.py:120} INFO - [2024-07-31T08:55:26.578+0000] {dag.py:2585} INFO - Sync 1 DAGs
[2024-07-31T08:55:26.609+0000] {logging_mixin.py:120} INFO - [2024-07-31T08:55:26.608+0000] {dag.py:3340} INFO - Setting next_dagrun for example_task_group_decorator to 2024-07-30T08:55:26.608677+00:00, run_after=2024-07-31T08:55:26.608677+00:00
[2024-07-31T08:55:26.635+0000] {processor.py:176} INFO - Processing /home/airflow/.local/lib/python3.7/site-packages/airflow/example_dags/example_task_group_decorator.py took 0.128 seconds
[2024-07-31T08:55:56.714+0000] {processor.py:154} INFO - Started process (PID=418) to work on /home/airflow/.local/lib/python3.7/site-packages/airflow/example_dags/example_task_group_decorator.py
[2024-07-31T08:55:56.715+0000] {processor.py:756} INFO - Processing file /home/airflow/.local/lib/python3.7/site-packages/airflow/example_dags/example_task_group_decorator.py for tasks to queue
[2024-07-31T08:55:56.716+0000] {logging_mixin.py:120} INFO - [2024-07-31T08:55:56.716+0000] {dagbag.py:537} INFO - Filling up the DagBag from /home/airflow/.local/lib/python3.7/site-packages/airflow/example_dags/example_task_group_decorator.py
[2024-07-31T08:55:56.744+0000] {processor.py:766} INFO - DAG(s) dict_keys(['example_task_group_decorator']) retrieved from /home/airflow/.local/lib/python3.7/site-packages/airflow/example_dags/example_task_group_decorator.py
[2024-07-31T08:55:56.782+0000] {logging_mixin.py:120} INFO - [2024-07-31T08:55:56.782+0000] {dag.py:2585} INFO - Sync 1 DAGs
[2024-07-31T08:55:56.807+0000] {logging_mixin.py:120} INFO - [2024-07-31T08:55:56.807+0000] {dag.py:3340} INFO - Setting next_dagrun for example_task_group_decorator to 2024-07-30T08:55:56.807236+00:00, run_after=2024-07-31T08:55:56.807236+00:00
[2024-07-31T08:55:56.831+0000] {processor.py:176} INFO - Processing /home/airflow/.local/lib/python3.7/site-packages/airflow/example_dags/example_task_group_decorator.py took 0.120 seconds
[2024-07-31T08:57:09.133+0000] {processor.py:154} INFO - Started process (PID=58) to work on /home/airflow/.local/lib/python3.7/site-packages/airflow/example_dags/example_task_group_decorator.py
[2024-07-31T08:57:09.133+0000] {processor.py:756} INFO - Processing file /home/airflow/.local/lib/python3.7/site-packages/airflow/example_dags/example_task_group_decorator.py for tasks to queue
[2024-07-31T08:57:09.134+0000] {logging_mixin.py:120} INFO - [2024-07-31T08:57:09.134+0000] {dagbag.py:537} INFO - Filling up the DagBag from /home/airflow/.local/lib/python3.7/site-packages/airflow/example_dags/example_task_group_decorator.py
[2024-07-31T08:57:09.168+0000] {processor.py:766} INFO - DAG(s) dict_keys(['example_task_group_decorator']) retrieved from /home/airflow/.local/lib/python3.7/site-packages/airflow/example_dags/example_task_group_decorator.py
[2024-07-31T08:57:09.200+0000] {logging_mixin.py:120} INFO - [2024-07-31T08:57:09.200+0000] {dag.py:2585} INFO - Sync 1 DAGs
[2024-07-31T08:57:09.236+0000] {logging_mixin.py:120} INFO - [2024-07-31T08:57:09.236+0000] {dag.py:3340} INFO - Setting next_dagrun for example_task_group_decorator to 2024-07-30T08:57:09.235929+00:00, run_after=2024-07-31T08:57:09.235929+00:00
[2024-07-31T08:57:09.269+0000] {processor.py:176} INFO - Processing /home/airflow/.local/lib/python3.7/site-packages/airflow/example_dags/example_task_group_decorator.py took 0.140 seconds
[2024-07-31T08:57:39.875+0000] {processor.py:154} INFO - Started process (PID=112) to work on /home/airflow/.local/lib/python3.7/site-packages/airflow/example_dags/example_task_group_decorator.py
[2024-07-31T08:57:39.876+0000] {processor.py:756} INFO - Processing file /home/airflow/.local/lib/python3.7/site-packages/airflow/example_dags/example_task_group_decorator.py for tasks to queue
[2024-07-31T08:57:39.877+0000] {logging_mixin.py:120} INFO - [2024-07-31T08:57:39.877+0000] {dagbag.py:537} INFO - Filling up the DagBag from /home/airflow/.local/lib/python3.7/site-packages/airflow/example_dags/example_task_group_decorator.py
[2024-07-31T08:57:39.908+0000] {processor.py:766} INFO - DAG(s) dict_keys(['example_task_group_decorator']) retrieved from /home/airflow/.local/lib/python3.7/site-packages/airflow/example_dags/example_task_group_decorator.py
[2024-07-31T08:57:39.951+0000] {logging_mixin.py:120} INFO - [2024-07-31T08:57:39.950+0000] {dag.py:2585} INFO - Sync 1 DAGs
[2024-07-31T08:57:39.978+0000] {logging_mixin.py:120} INFO - [2024-07-31T08:57:39.978+0000] {dag.py:3340} INFO - Setting next_dagrun for example_task_group_decorator to 2024-07-30T08:57:39.978457+00:00, run_after=2024-07-31T08:57:39.978457+00:00
[2024-07-31T08:57:40.000+0000] {processor.py:176} INFO - Processing /home/airflow/.local/lib/python3.7/site-packages/airflow/example_dags/example_task_group_decorator.py took 0.129 seconds
[2024-07-31T08:59:03.874+0000] {processor.py:154} INFO - Started process (PID=48) to work on /home/airflow/.local/lib/python3.7/site-packages/airflow/example_dags/example_task_group_decorator.py
[2024-07-31T08:59:03.875+0000] {processor.py:756} INFO - Processing file /home/airflow/.local/lib/python3.7/site-packages/airflow/example_dags/example_task_group_decorator.py for tasks to queue
[2024-07-31T08:59:03.876+0000] {logging_mixin.py:120} INFO - [2024-07-31T08:59:03.875+0000] {dagbag.py:537} INFO - Filling up the DagBag from /home/airflow/.local/lib/python3.7/site-packages/airflow/example_dags/example_task_group_decorator.py
[2024-07-31T08:59:03.915+0000] {processor.py:766} INFO - DAG(s) dict_keys(['example_task_group_decorator']) retrieved from /home/airflow/.local/lib/python3.7/site-packages/airflow/example_dags/example_task_group_decorator.py
[2024-07-31T08:59:03.952+0000] {logging_mixin.py:120} INFO - [2024-07-31T08:59:03.951+0000] {dag.py:2585} INFO - Sync 1 DAGs
[2024-07-31T08:59:03.983+0000] {logging_mixin.py:120} INFO - [2024-07-31T08:59:03.983+0000] {dag.py:3340} INFO - Setting next_dagrun for example_task_group_decorator to 2024-07-30T08:59:03.983394+00:00, run_after=2024-07-31T08:59:03.983394+00:00
[2024-07-31T08:59:04.010+0000] {processor.py:176} INFO - Processing /home/airflow/.local/lib/python3.7/site-packages/airflow/example_dags/example_task_group_decorator.py took 0.138 seconds
[2024-07-31T08:59:34.692+0000] {processor.py:154} INFO - Started process (PID=111) to work on /home/airflow/.local/lib/python3.7/site-packages/airflow/example_dags/example_task_group_decorator.py
[2024-07-31T08:59:34.693+0000] {processor.py:756} INFO - Processing file /home/airflow/.local/lib/python3.7/site-packages/airflow/example_dags/example_task_group_decorator.py for tasks to queue
[2024-07-31T08:59:34.694+0000] {logging_mixin.py:120} INFO - [2024-07-31T08:59:34.694+0000] {dagbag.py:537} INFO - Filling up the DagBag from /home/airflow/.local/lib/python3.7/site-packages/airflow/example_dags/example_task_group_decorator.py
[2024-07-31T08:59:34.720+0000] {processor.py:766} INFO - DAG(s) dict_keys(['example_task_group_decorator']) retrieved from /home/airflow/.local/lib/python3.7/site-packages/airflow/example_dags/example_task_group_decorator.py
[2024-07-31T08:59:34.757+0000] {logging_mixin.py:120} INFO - [2024-07-31T08:59:34.756+0000] {dag.py:2585} INFO - Sync 1 DAGs
[2024-07-31T08:59:34.780+0000] {logging_mixin.py:120} INFO - [2024-07-31T08:59:34.780+0000] {dag.py:3340} INFO - Setting next_dagrun for example_task_group_decorator to 2024-07-30T08:59:34.780267+00:00, run_after=2024-07-31T08:59:34.780267+00:00
[2024-07-31T08:59:34.797+0000] {processor.py:176} INFO - Processing /home/airflow/.local/lib/python3.7/site-packages/airflow/example_dags/example_task_group_decorator.py took 0.108 seconds
[2024-07-31T09:00:05.468+0000] {processor.py:154} INFO - Started process (PID=175) to work on /home/airflow/.local/lib/python3.7/site-packages/airflow/example_dags/example_task_group_decorator.py
[2024-07-31T09:00:05.469+0000] {processor.py:756} INFO - Processing file /home/airflow/.local/lib/python3.7/site-packages/airflow/example_dags/example_task_group_decorator.py for tasks to queue
[2024-07-31T09:00:05.469+0000] {logging_mixin.py:120} INFO - [2024-07-31T09:00:05.469+0000] {dagbag.py:537} INFO - Filling up the DagBag from /home/airflow/.local/lib/python3.7/site-packages/airflow/example_dags/example_task_group_decorator.py
[2024-07-31T09:00:05.495+0000] {processor.py:766} INFO - DAG(s) dict_keys(['example_task_group_decorator']) retrieved from /home/airflow/.local/lib/python3.7/site-packages/airflow/example_dags/example_task_group_decorator.py
[2024-07-31T09:00:05.532+0000] {logging_mixin.py:120} INFO - [2024-07-31T09:00:05.532+0000] {dag.py:2585} INFO - Sync 1 DAGs
[2024-07-31T09:00:05.556+0000] {logging_mixin.py:120} INFO - [2024-07-31T09:00:05.556+0000] {dag.py:3340} INFO - Setting next_dagrun for example_task_group_decorator to 2024-07-30T09:00:05.556058+00:00, run_after=2024-07-31T09:00:05.556058+00:00
[2024-07-31T09:00:05.575+0000] {processor.py:176} INFO - Processing /home/airflow/.local/lib/python3.7/site-packages/airflow/example_dags/example_task_group_decorator.py took 0.109 seconds
[2024-07-31T09:00:36.287+0000] {processor.py:154} INFO - Started process (PID=238) to work on /home/airflow/.local/lib/python3.7/site-packages/airflow/example_dags/example_task_group_decorator.py
[2024-07-31T09:00:36.288+0000] {processor.py:756} INFO - Processing file /home/airflow/.local/lib/python3.7/site-packages/airflow/example_dags/example_task_group_decorator.py for tasks to queue
[2024-07-31T09:00:36.289+0000] {logging_mixin.py:120} INFO - [2024-07-31T09:00:36.289+0000] {dagbag.py:537} INFO - Filling up the DagBag from /home/airflow/.local/lib/python3.7/site-packages/airflow/example_dags/example_task_group_decorator.py
[2024-07-31T09:00:36.313+0000] {processor.py:766} INFO - DAG(s) dict_keys(['example_task_group_decorator']) retrieved from /home/airflow/.local/lib/python3.7/site-packages/airflow/example_dags/example_task_group_decorator.py
[2024-07-31T09:00:36.353+0000] {logging_mixin.py:120} INFO - [2024-07-31T09:00:36.353+0000] {dag.py:2585} INFO - Sync 1 DAGs
[2024-07-31T09:00:36.382+0000] {logging_mixin.py:120} INFO - [2024-07-31T09:00:36.381+0000] {dag.py:3340} INFO - Setting next_dagrun for example_task_group_decorator to 2024-07-30T09:00:36.381591+00:00, run_after=2024-07-31T09:00:36.381591+00:00
[2024-07-31T09:00:36.406+0000] {processor.py:176} INFO - Processing /home/airflow/.local/lib/python3.7/site-packages/airflow/example_dags/example_task_group_decorator.py took 0.121 seconds
[2024-07-31T09:01:07.421+0000] {processor.py:154} INFO - Started process (PID=300) to work on /home/airflow/.local/lib/python3.7/site-packages/airflow/example_dags/example_task_group_decorator.py
[2024-07-31T09:01:07.422+0000] {processor.py:756} INFO - Processing file /home/airflow/.local/lib/python3.7/site-packages/airflow/example_dags/example_task_group_decorator.py for tasks to queue
[2024-07-31T09:01:07.423+0000] {logging_mixin.py:120} INFO - [2024-07-31T09:01:07.423+0000] {dagbag.py:537} INFO - Filling up the DagBag from /home/airflow/.local/lib/python3.7/site-packages/airflow/example_dags/example_task_group_decorator.py
[2024-07-31T09:01:07.453+0000] {processor.py:766} INFO - DAG(s) dict_keys(['example_task_group_decorator']) retrieved from /home/airflow/.local/lib/python3.7/site-packages/airflow/example_dags/example_task_group_decorator.py
[2024-07-31T09:01:07.497+0000] {logging_mixin.py:120} INFO - [2024-07-31T09:01:07.497+0000] {dag.py:2585} INFO - Sync 1 DAGs
[2024-07-31T09:01:07.519+0000] {logging_mixin.py:120} INFO - [2024-07-31T09:01:07.519+0000] {dag.py:3340} INFO - Setting next_dagrun for example_task_group_decorator to 2024-07-30T09:01:07.519449+00:00, run_after=2024-07-31T09:01:07.519449+00:00
[2024-07-31T09:01:07.539+0000] {processor.py:176} INFO - Processing /home/airflow/.local/lib/python3.7/site-packages/airflow/example_dags/example_task_group_decorator.py took 0.121 seconds
[2024-07-31T09:01:38.384+0000] {processor.py:154} INFO - Started process (PID=356) to work on /home/airflow/.local/lib/python3.7/site-packages/airflow/example_dags/example_task_group_decorator.py
[2024-07-31T09:01:38.386+0000] {processor.py:756} INFO - Processing file /home/airflow/.local/lib/python3.7/site-packages/airflow/example_dags/example_task_group_decorator.py for tasks to queue
[2024-07-31T09:01:38.386+0000] {logging_mixin.py:120} INFO - [2024-07-31T09:01:38.386+0000] {dagbag.py:537} INFO - Filling up the DagBag from /home/airflow/.local/lib/python3.7/site-packages/airflow/example_dags/example_task_group_decorator.py
[2024-07-31T09:01:38.417+0000] {processor.py:766} INFO - DAG(s) dict_keys(['example_task_group_decorator']) retrieved from /home/airflow/.local/lib/python3.7/site-packages/airflow/example_dags/example_task_group_decorator.py
[2024-07-31T09:01:38.458+0000] {logging_mixin.py:120} INFO - [2024-07-31T09:01:38.457+0000] {dag.py:2585} INFO - Sync 1 DAGs
[2024-07-31T09:01:38.485+0000] {logging_mixin.py:120} INFO - [2024-07-31T09:01:38.485+0000] {dag.py:3340} INFO - Setting next_dagrun for example_task_group_decorator to 2024-07-30T09:01:38.484831+00:00, run_after=2024-07-31T09:01:38.484831+00:00
[2024-07-31T09:01:38.508+0000] {processor.py:176} INFO - Processing /home/airflow/.local/lib/python3.7/site-packages/airflow/example_dags/example_task_group_decorator.py took 0.127 seconds
[2024-07-31T09:02:08.748+0000] {processor.py:154} INFO - Started process (PID=419) to work on /home/airflow/.local/lib/python3.7/site-packages/airflow/example_dags/example_task_group_decorator.py
[2024-07-31T09:02:08.748+0000] {processor.py:756} INFO - Processing file /home/airflow/.local/lib/python3.7/site-packages/airflow/example_dags/example_task_group_decorator.py for tasks to queue
[2024-07-31T09:02:08.749+0000] {logging_mixin.py:120} INFO - [2024-07-31T09:02:08.749+0000] {dagbag.py:537} INFO - Filling up the DagBag from /home/airflow/.local/lib/python3.7/site-packages/airflow/example_dags/example_task_group_decorator.py
[2024-07-31T09:02:08.774+0000] {processor.py:766} INFO - DAG(s) dict_keys(['example_task_group_decorator']) retrieved from /home/airflow/.local/lib/python3.7/site-packages/airflow/example_dags/example_task_group_decorator.py
[2024-07-31T09:02:08.797+0000] {logging_mixin.py:120} INFO - [2024-07-31T09:02:08.797+0000] {dag.py:2585} INFO - Sync 1 DAGs
[2024-07-31T09:02:08.822+0000] {logging_mixin.py:120} INFO - [2024-07-31T09:02:08.822+0000] {dag.py:3340} INFO - Setting next_dagrun for example_task_group_decorator to 2024-07-30T09:02:08.822593+00:00, run_after=2024-07-31T09:02:08.822593+00:00
[2024-07-31T09:02:08.843+0000] {processor.py:176} INFO - Processing /home/airflow/.local/lib/python3.7/site-packages/airflow/example_dags/example_task_group_decorator.py took 0.098 seconds
[2024-07-31T09:02:39.341+0000] {processor.py:154} INFO - Started process (PID=482) to work on /home/airflow/.local/lib/python3.7/site-packages/airflow/example_dags/example_task_group_decorator.py
[2024-07-31T09:02:39.342+0000] {processor.py:756} INFO - Processing file /home/airflow/.local/lib/python3.7/site-packages/airflow/example_dags/example_task_group_decorator.py for tasks to queue
[2024-07-31T09:02:39.343+0000] {logging_mixin.py:120} INFO - [2024-07-31T09:02:39.343+0000] {dagbag.py:537} INFO - Filling up the DagBag from /home/airflow/.local/lib/python3.7/site-packages/airflow/example_dags/example_task_group_decorator.py
[2024-07-31T09:02:39.372+0000] {processor.py:766} INFO - DAG(s) dict_keys(['example_task_group_decorator']) retrieved from /home/airflow/.local/lib/python3.7/site-packages/airflow/example_dags/example_task_group_decorator.py
[2024-07-31T09:02:39.415+0000] {logging_mixin.py:120} INFO - [2024-07-31T09:02:39.414+0000] {dag.py:2585} INFO - Sync 1 DAGs
[2024-07-31T09:02:39.442+0000] {logging_mixin.py:120} INFO - [2024-07-31T09:02:39.442+0000] {dag.py:3340} INFO - Setting next_dagrun for example_task_group_decorator to 2024-07-30T09:02:39.441736+00:00, run_after=2024-07-31T09:02:39.441736+00:00
[2024-07-31T09:02:39.462+0000] {processor.py:176} INFO - Processing /home/airflow/.local/lib/python3.7/site-packages/airflow/example_dags/example_task_group_decorator.py took 0.124 seconds
[2024-07-31T09:03:10.161+0000] {processor.py:154} INFO - Started process (PID=536) to work on /home/airflow/.local/lib/python3.7/site-packages/airflow/example_dags/example_task_group_decorator.py
[2024-07-31T09:03:10.162+0000] {processor.py:756} INFO - Processing file /home/airflow/.local/lib/python3.7/site-packages/airflow/example_dags/example_task_group_decorator.py for tasks to queue
[2024-07-31T09:03:10.163+0000] {logging_mixin.py:120} INFO - [2024-07-31T09:03:10.163+0000] {dagbag.py:537} INFO - Filling up the DagBag from /home/airflow/.local/lib/python3.7/site-packages/airflow/example_dags/example_task_group_decorator.py
[2024-07-31T09:03:10.196+0000] {processor.py:766} INFO - DAG(s) dict_keys(['example_task_group_decorator']) retrieved from /home/airflow/.local/lib/python3.7/site-packages/airflow/example_dags/example_task_group_decorator.py
[2024-07-31T09:03:10.247+0000] {logging_mixin.py:120} INFO - [2024-07-31T09:03:10.247+0000] {dag.py:2585} INFO - Sync 1 DAGs
[2024-07-31T09:03:10.277+0000] {logging_mixin.py:120} INFO - [2024-07-31T09:03:10.277+0000] {dag.py:3340} INFO - Setting next_dagrun for example_task_group_decorator to 2024-07-30T09:03:10.276984+00:00, run_after=2024-07-31T09:03:10.276984+00:00
[2024-07-31T09:03:10.299+0000] {processor.py:176} INFO - Processing /home/airflow/.local/lib/python3.7/site-packages/airflow/example_dags/example_task_group_decorator.py took 0.141 seconds
