[2024-07-31T08:52:56.911+0000] {processor.py:154} INFO - Started process (PID=74) to work on /home/airflow/.local/lib/python3.7/site-packages/airflow/example_dags/example_skip_dag.py
[2024-07-31T08:52:56.912+0000] {processor.py:756} INFO - Processing file /home/airflow/.local/lib/python3.7/site-packages/airflow/example_dags/example_skip_dag.py for tasks to queue
[2024-07-31T08:52:56.913+0000] {logging_mixin.py:120} INFO - [2024-07-31T08:52:56.912+0000] {dagbag.py:537} INFO - Filling up the DagBag from /home/airflow/.local/lib/python3.7/site-packages/airflow/example_dags/example_skip_dag.py
[2024-07-31T08:52:56.927+0000] {processor.py:766} INFO - DAG(s) dict_keys(['example_skip_dag']) retrieved from /home/airflow/.local/lib/python3.7/site-packages/airflow/example_dags/example_skip_dag.py
[2024-07-31T08:52:57.075+0000] {logging_mixin.py:120} INFO - [2024-07-31T08:52:57.075+0000] {manager.py:507} INFO - Created Permission View: can read on DAG:example_skip_dag
[2024-07-31T08:52:57.089+0000] {logging_mixin.py:120} INFO - [2024-07-31T08:52:57.089+0000] {manager.py:507} INFO - Created Permission View: can edit on DAG:example_skip_dag
[2024-07-31T08:52:57.100+0000] {logging_mixin.py:120} INFO - [2024-07-31T08:52:57.100+0000] {manager.py:507} INFO - Created Permission View: can delete on DAG:example_skip_dag
[2024-07-31T08:52:57.100+0000] {logging_mixin.py:120} INFO - [2024-07-31T08:52:57.100+0000] {dag.py:2585} INFO - Sync 1 DAGs
[2024-07-31T08:52:57.118+0000] {logging_mixin.py:120} INFO - [2024-07-31T08:52:57.118+0000] {dag.py:2606} INFO - Creating ORM DAG for example_skip_dag
[2024-07-31T08:52:57.133+0000] {logging_mixin.py:120} INFO - [2024-07-31T08:52:57.133+0000] {dag.py:3340} INFO - Setting next_dagrun for example_skip_dag to 2024-07-30T08:52:57.133169+00:00, run_after=2024-07-31T08:52:57.133169+00:00
[2024-07-31T08:52:57.157+0000] {processor.py:176} INFO - Processing /home/airflow/.local/lib/python3.7/site-packages/airflow/example_dags/example_skip_dag.py took 0.250 seconds
[2024-07-31T08:53:28.059+0000] {processor.py:154} INFO - Started process (PID=137) to work on /home/airflow/.local/lib/python3.7/site-packages/airflow/example_dags/example_skip_dag.py
[2024-07-31T08:53:28.059+0000] {processor.py:756} INFO - Processing file /home/airflow/.local/lib/python3.7/site-packages/airflow/example_dags/example_skip_dag.py for tasks to queue
[2024-07-31T08:53:28.060+0000] {logging_mixin.py:120} INFO - [2024-07-31T08:53:28.060+0000] {dagbag.py:537} INFO - Filling up the DagBag from /home/airflow/.local/lib/python3.7/site-packages/airflow/example_dags/example_skip_dag.py
[2024-07-31T08:53:28.072+0000] {processor.py:766} INFO - DAG(s) dict_keys(['example_skip_dag']) retrieved from /home/airflow/.local/lib/python3.7/site-packages/airflow/example_dags/example_skip_dag.py
[2024-07-31T08:53:28.106+0000] {logging_mixin.py:120} INFO - [2024-07-31T08:53:28.106+0000] {dag.py:2585} INFO - Sync 1 DAGs
[2024-07-31T08:53:28.127+0000] {logging_mixin.py:120} INFO - [2024-07-31T08:53:28.127+0000] {dag.py:3340} INFO - Setting next_dagrun for example_skip_dag to 2024-07-30T08:53:28.126897+00:00, run_after=2024-07-31T08:53:28.126897+00:00
[2024-07-31T08:53:28.145+0000] {processor.py:176} INFO - Processing /home/airflow/.local/lib/python3.7/site-packages/airflow/example_dags/example_skip_dag.py took 0.089 seconds
[2024-07-31T08:53:58.358+0000] {processor.py:154} INFO - Started process (PID=201) to work on /home/airflow/.local/lib/python3.7/site-packages/airflow/example_dags/example_skip_dag.py
[2024-07-31T08:53:58.359+0000] {processor.py:756} INFO - Processing file /home/airflow/.local/lib/python3.7/site-packages/airflow/example_dags/example_skip_dag.py for tasks to queue
[2024-07-31T08:53:58.360+0000] {logging_mixin.py:120} INFO - [2024-07-31T08:53:58.359+0000] {dagbag.py:537} INFO - Filling up the DagBag from /home/airflow/.local/lib/python3.7/site-packages/airflow/example_dags/example_skip_dag.py
[2024-07-31T08:53:58.372+0000] {processor.py:766} INFO - DAG(s) dict_keys(['example_skip_dag']) retrieved from /home/airflow/.local/lib/python3.7/site-packages/airflow/example_dags/example_skip_dag.py
[2024-07-31T08:53:58.408+0000] {logging_mixin.py:120} INFO - [2024-07-31T08:53:58.408+0000] {dag.py:2585} INFO - Sync 1 DAGs
[2024-07-31T08:53:58.433+0000] {logging_mixin.py:120} INFO - [2024-07-31T08:53:58.432+0000] {dag.py:3340} INFO - Setting next_dagrun for example_skip_dag to 2024-07-30T08:53:58.432640+00:00, run_after=2024-07-31T08:53:58.432640+00:00
[2024-07-31T08:53:58.463+0000] {processor.py:176} INFO - Processing /home/airflow/.local/lib/python3.7/site-packages/airflow/example_dags/example_skip_dag.py took 0.108 seconds
[2024-07-31T08:54:28.966+0000] {processor.py:154} INFO - Started process (PID=255) to work on /home/airflow/.local/lib/python3.7/site-packages/airflow/example_dags/example_skip_dag.py
[2024-07-31T08:54:28.967+0000] {processor.py:756} INFO - Processing file /home/airflow/.local/lib/python3.7/site-packages/airflow/example_dags/example_skip_dag.py for tasks to queue
[2024-07-31T08:54:28.968+0000] {logging_mixin.py:120} INFO - [2024-07-31T08:54:28.968+0000] {dagbag.py:537} INFO - Filling up the DagBag from /home/airflow/.local/lib/python3.7/site-packages/airflow/example_dags/example_skip_dag.py
[2024-07-31T08:54:28.981+0000] {processor.py:766} INFO - DAG(s) dict_keys(['example_skip_dag']) retrieved from /home/airflow/.local/lib/python3.7/site-packages/airflow/example_dags/example_skip_dag.py
[2024-07-31T08:54:29.017+0000] {logging_mixin.py:120} INFO - [2024-07-31T08:54:29.017+0000] {dag.py:2585} INFO - Sync 1 DAGs
[2024-07-31T08:54:29.038+0000] {logging_mixin.py:120} INFO - [2024-07-31T08:54:29.038+0000] {dag.py:3340} INFO - Setting next_dagrun for example_skip_dag to 2024-07-30T08:54:29.038508+00:00, run_after=2024-07-31T08:54:29.038508+00:00
[2024-07-31T08:54:29.066+0000] {processor.py:176} INFO - Processing /home/airflow/.local/lib/python3.7/site-packages/airflow/example_dags/example_skip_dag.py took 0.103 seconds
[2024-07-31T08:54:59.808+0000] {processor.py:154} INFO - Started process (PID=318) to work on /home/airflow/.local/lib/python3.7/site-packages/airflow/example_dags/example_skip_dag.py
[2024-07-31T08:54:59.809+0000] {processor.py:756} INFO - Processing file /home/airflow/.local/lib/python3.7/site-packages/airflow/example_dags/example_skip_dag.py for tasks to queue
[2024-07-31T08:54:59.809+0000] {logging_mixin.py:120} INFO - [2024-07-31T08:54:59.809+0000] {dagbag.py:537} INFO - Filling up the DagBag from /home/airflow/.local/lib/python3.7/site-packages/airflow/example_dags/example_skip_dag.py
[2024-07-31T08:54:59.822+0000] {processor.py:766} INFO - DAG(s) dict_keys(['example_skip_dag']) retrieved from /home/airflow/.local/lib/python3.7/site-packages/airflow/example_dags/example_skip_dag.py
[2024-07-31T08:54:59.859+0000] {logging_mixin.py:120} INFO - [2024-07-31T08:54:59.858+0000] {dag.py:2585} INFO - Sync 1 DAGs
[2024-07-31T08:54:59.881+0000] {logging_mixin.py:120} INFO - [2024-07-31T08:54:59.881+0000] {dag.py:3340} INFO - Setting next_dagrun for example_skip_dag to 2024-07-30T08:54:59.881457+00:00, run_after=2024-07-31T08:54:59.881457+00:00
[2024-07-31T08:54:59.911+0000] {processor.py:176} INFO - Processing /home/airflow/.local/lib/python3.7/site-packages/airflow/example_dags/example_skip_dag.py took 0.107 seconds
[2024-07-31T08:55:30.142+0000] {processor.py:154} INFO - Started process (PID=381) to work on /home/airflow/.local/lib/python3.7/site-packages/airflow/example_dags/example_skip_dag.py
[2024-07-31T08:55:30.143+0000] {processor.py:756} INFO - Processing file /home/airflow/.local/lib/python3.7/site-packages/airflow/example_dags/example_skip_dag.py for tasks to queue
[2024-07-31T08:55:30.144+0000] {logging_mixin.py:120} INFO - [2024-07-31T08:55:30.144+0000] {dagbag.py:537} INFO - Filling up the DagBag from /home/airflow/.local/lib/python3.7/site-packages/airflow/example_dags/example_skip_dag.py
[2024-07-31T08:55:30.158+0000] {processor.py:766} INFO - DAG(s) dict_keys(['example_skip_dag']) retrieved from /home/airflow/.local/lib/python3.7/site-packages/airflow/example_dags/example_skip_dag.py
[2024-07-31T08:55:30.193+0000] {logging_mixin.py:120} INFO - [2024-07-31T08:55:30.193+0000] {dag.py:2585} INFO - Sync 1 DAGs
[2024-07-31T08:55:30.216+0000] {logging_mixin.py:120} INFO - [2024-07-31T08:55:30.215+0000] {dag.py:3340} INFO - Setting next_dagrun for example_skip_dag to 2024-07-30T08:55:30.215741+00:00, run_after=2024-07-31T08:55:30.215741+00:00
[2024-07-31T08:55:30.246+0000] {processor.py:176} INFO - Processing /home/airflow/.local/lib/python3.7/site-packages/airflow/example_dags/example_skip_dag.py took 0.106 seconds
[2024-07-31T08:56:01.108+0000] {processor.py:154} INFO - Started process (PID=435) to work on /home/airflow/.local/lib/python3.7/site-packages/airflow/example_dags/example_skip_dag.py
[2024-07-31T08:56:01.109+0000] {processor.py:756} INFO - Processing file /home/airflow/.local/lib/python3.7/site-packages/airflow/example_dags/example_skip_dag.py for tasks to queue
[2024-07-31T08:56:01.110+0000] {logging_mixin.py:120} INFO - [2024-07-31T08:56:01.110+0000] {dagbag.py:537} INFO - Filling up the DagBag from /home/airflow/.local/lib/python3.7/site-packages/airflow/example_dags/example_skip_dag.py
[2024-07-31T08:56:01.122+0000] {processor.py:766} INFO - DAG(s) dict_keys(['example_skip_dag']) retrieved from /home/airflow/.local/lib/python3.7/site-packages/airflow/example_dags/example_skip_dag.py
[2024-07-31T08:56:01.159+0000] {logging_mixin.py:120} INFO - [2024-07-31T08:56:01.159+0000] {dag.py:2585} INFO - Sync 1 DAGs
[2024-07-31T08:56:01.185+0000] {logging_mixin.py:120} INFO - [2024-07-31T08:56:01.184+0000] {dag.py:3340} INFO - Setting next_dagrun for example_skip_dag to 2024-07-30T08:56:01.184631+00:00, run_after=2024-07-31T08:56:01.184631+00:00
[2024-07-31T08:56:01.213+0000] {processor.py:176} INFO - Processing /home/airflow/.local/lib/python3.7/site-packages/airflow/example_dags/example_skip_dag.py took 0.109 seconds
[2024-07-31T08:57:10.491+0000] {processor.py:154} INFO - Started process (PID=75) to work on /home/airflow/.local/lib/python3.7/site-packages/airflow/example_dags/example_skip_dag.py
[2024-07-31T08:57:10.492+0000] {processor.py:756} INFO - Processing file /home/airflow/.local/lib/python3.7/site-packages/airflow/example_dags/example_skip_dag.py for tasks to queue
[2024-07-31T08:57:10.493+0000] {logging_mixin.py:120} INFO - [2024-07-31T08:57:10.493+0000] {dagbag.py:537} INFO - Filling up the DagBag from /home/airflow/.local/lib/python3.7/site-packages/airflow/example_dags/example_skip_dag.py
[2024-07-31T08:57:10.510+0000] {processor.py:766} INFO - DAG(s) dict_keys(['example_skip_dag']) retrieved from /home/airflow/.local/lib/python3.7/site-packages/airflow/example_dags/example_skip_dag.py
[2024-07-31T08:57:10.537+0000] {logging_mixin.py:120} INFO - [2024-07-31T08:57:10.536+0000] {dag.py:2585} INFO - Sync 1 DAGs
[2024-07-31T08:57:10.565+0000] {logging_mixin.py:120} INFO - [2024-07-31T08:57:10.565+0000] {dag.py:3340} INFO - Setting next_dagrun for example_skip_dag to 2024-07-30T08:57:10.565431+00:00, run_after=2024-07-31T08:57:10.565431+00:00
[2024-07-31T08:57:10.586+0000] {processor.py:176} INFO - Processing /home/airflow/.local/lib/python3.7/site-packages/airflow/example_dags/example_skip_dag.py took 0.097 seconds
[2024-07-31T08:57:41.270+0000] {processor.py:154} INFO - Started process (PID=129) to work on /home/airflow/.local/lib/python3.7/site-packages/airflow/example_dags/example_skip_dag.py
[2024-07-31T08:57:41.271+0000] {processor.py:756} INFO - Processing file /home/airflow/.local/lib/python3.7/site-packages/airflow/example_dags/example_skip_dag.py for tasks to queue
[2024-07-31T08:57:41.272+0000] {logging_mixin.py:120} INFO - [2024-07-31T08:57:41.272+0000] {dagbag.py:537} INFO - Filling up the DagBag from /home/airflow/.local/lib/python3.7/site-packages/airflow/example_dags/example_skip_dag.py
[2024-07-31T08:57:41.286+0000] {processor.py:766} INFO - DAG(s) dict_keys(['example_skip_dag']) retrieved from /home/airflow/.local/lib/python3.7/site-packages/airflow/example_dags/example_skip_dag.py
[2024-07-31T08:57:41.322+0000] {logging_mixin.py:120} INFO - [2024-07-31T08:57:41.321+0000] {dag.py:2585} INFO - Sync 1 DAGs
[2024-07-31T08:57:41.343+0000] {logging_mixin.py:120} INFO - [2024-07-31T08:57:41.343+0000] {dag.py:3340} INFO - Setting next_dagrun for example_skip_dag to 2024-07-30T08:57:41.343436+00:00, run_after=2024-07-31T08:57:41.343436+00:00
[2024-07-31T08:57:41.361+0000] {processor.py:176} INFO - Processing /home/airflow/.local/lib/python3.7/site-packages/airflow/example_dags/example_skip_dag.py took 0.093 seconds
[2024-07-31T08:59:05.277+0000] {processor.py:154} INFO - Started process (PID=74) to work on /home/airflow/.local/lib/python3.7/site-packages/airflow/example_dags/example_skip_dag.py
[2024-07-31T08:59:05.278+0000] {processor.py:756} INFO - Processing file /home/airflow/.local/lib/python3.7/site-packages/airflow/example_dags/example_skip_dag.py for tasks to queue
[2024-07-31T08:59:05.280+0000] {logging_mixin.py:120} INFO - [2024-07-31T08:59:05.279+0000] {dagbag.py:537} INFO - Filling up the DagBag from /home/airflow/.local/lib/python3.7/site-packages/airflow/example_dags/example_skip_dag.py
[2024-07-31T08:59:05.296+0000] {processor.py:766} INFO - DAG(s) dict_keys(['example_skip_dag']) retrieved from /home/airflow/.local/lib/python3.7/site-packages/airflow/example_dags/example_skip_dag.py
[2024-07-31T08:59:05.334+0000] {logging_mixin.py:120} INFO - [2024-07-31T08:59:05.334+0000] {dag.py:2585} INFO - Sync 1 DAGs
[2024-07-31T08:59:05.364+0000] {logging_mixin.py:120} INFO - [2024-07-31T08:59:05.364+0000] {dag.py:3340} INFO - Setting next_dagrun for example_skip_dag to 2024-07-30T08:59:05.363864+00:00, run_after=2024-07-31T08:59:05.363864+00:00
[2024-07-31T08:59:05.389+0000] {processor.py:176} INFO - Processing /home/airflow/.local/lib/python3.7/site-packages/airflow/example_dags/example_skip_dag.py took 0.117 seconds
[2024-07-31T08:59:36.042+0000] {processor.py:154} INFO - Started process (PID=128) to work on /home/airflow/.local/lib/python3.7/site-packages/airflow/example_dags/example_skip_dag.py
[2024-07-31T08:59:36.043+0000] {processor.py:756} INFO - Processing file /home/airflow/.local/lib/python3.7/site-packages/airflow/example_dags/example_skip_dag.py for tasks to queue
[2024-07-31T08:59:36.044+0000] {logging_mixin.py:120} INFO - [2024-07-31T08:59:36.043+0000] {dagbag.py:537} INFO - Filling up the DagBag from /home/airflow/.local/lib/python3.7/site-packages/airflow/example_dags/example_skip_dag.py
[2024-07-31T08:59:36.060+0000] {processor.py:766} INFO - DAG(s) dict_keys(['example_skip_dag']) retrieved from /home/airflow/.local/lib/python3.7/site-packages/airflow/example_dags/example_skip_dag.py
[2024-07-31T08:59:36.094+0000] {logging_mixin.py:120} INFO - [2024-07-31T08:59:36.094+0000] {dag.py:2585} INFO - Sync 1 DAGs
[2024-07-31T08:59:36.117+0000] {logging_mixin.py:120} INFO - [2024-07-31T08:59:36.117+0000] {dag.py:3340} INFO - Setting next_dagrun for example_skip_dag to 2024-07-30T08:59:36.117133+00:00, run_after=2024-07-31T08:59:36.117133+00:00
[2024-07-31T08:59:36.136+0000] {processor.py:176} INFO - Processing /home/airflow/.local/lib/python3.7/site-packages/airflow/example_dags/example_skip_dag.py took 0.097 seconds
[2024-07-31T09:00:06.748+0000] {processor.py:154} INFO - Started process (PID=192) to work on /home/airflow/.local/lib/python3.7/site-packages/airflow/example_dags/example_skip_dag.py
[2024-07-31T09:00:06.749+0000] {processor.py:756} INFO - Processing file /home/airflow/.local/lib/python3.7/site-packages/airflow/example_dags/example_skip_dag.py for tasks to queue
[2024-07-31T09:00:06.750+0000] {logging_mixin.py:120} INFO - [2024-07-31T09:00:06.750+0000] {dagbag.py:537} INFO - Filling up the DagBag from /home/airflow/.local/lib/python3.7/site-packages/airflow/example_dags/example_skip_dag.py
[2024-07-31T09:00:06.761+0000] {processor.py:766} INFO - DAG(s) dict_keys(['example_skip_dag']) retrieved from /home/airflow/.local/lib/python3.7/site-packages/airflow/example_dags/example_skip_dag.py
[2024-07-31T09:00:06.795+0000] {logging_mixin.py:120} INFO - [2024-07-31T09:00:06.795+0000] {dag.py:2585} INFO - Sync 1 DAGs
[2024-07-31T09:00:06.817+0000] {logging_mixin.py:120} INFO - [2024-07-31T09:00:06.817+0000] {dag.py:3340} INFO - Setting next_dagrun for example_skip_dag to 2024-07-30T09:00:06.816881+00:00, run_after=2024-07-31T09:00:06.816881+00:00
[2024-07-31T09:00:06.836+0000] {processor.py:176} INFO - Processing /home/airflow/.local/lib/python3.7/site-packages/airflow/example_dags/example_skip_dag.py took 0.090 seconds
[2024-07-31T09:00:37.765+0000] {processor.py:154} INFO - Started process (PID=255) to work on /home/airflow/.local/lib/python3.7/site-packages/airflow/example_dags/example_skip_dag.py
[2024-07-31T09:00:37.766+0000] {processor.py:756} INFO - Processing file /home/airflow/.local/lib/python3.7/site-packages/airflow/example_dags/example_skip_dag.py for tasks to queue
[2024-07-31T09:00:37.767+0000] {logging_mixin.py:120} INFO - [2024-07-31T09:00:37.766+0000] {dagbag.py:537} INFO - Filling up the DagBag from /home/airflow/.local/lib/python3.7/site-packages/airflow/example_dags/example_skip_dag.py
[2024-07-31T09:00:37.779+0000] {processor.py:766} INFO - DAG(s) dict_keys(['example_skip_dag']) retrieved from /home/airflow/.local/lib/python3.7/site-packages/airflow/example_dags/example_skip_dag.py
[2024-07-31T09:00:37.814+0000] {logging_mixin.py:120} INFO - [2024-07-31T09:00:37.814+0000] {dag.py:2585} INFO - Sync 1 DAGs
[2024-07-31T09:00:37.837+0000] {logging_mixin.py:120} INFO - [2024-07-31T09:00:37.837+0000] {dag.py:3340} INFO - Setting next_dagrun for example_skip_dag to 2024-07-30T09:00:37.837278+00:00, run_after=2024-07-31T09:00:37.837278+00:00
[2024-07-31T09:00:37.855+0000] {processor.py:176} INFO - Processing /home/airflow/.local/lib/python3.7/site-packages/airflow/example_dags/example_skip_dag.py took 0.093 seconds
[2024-07-31T09:01:08.790+0000] {processor.py:154} INFO - Started process (PID=319) to work on /home/airflow/.local/lib/python3.7/site-packages/airflow/example_dags/example_skip_dag.py
[2024-07-31T09:01:08.791+0000] {processor.py:756} INFO - Processing file /home/airflow/.local/lib/python3.7/site-packages/airflow/example_dags/example_skip_dag.py for tasks to queue
[2024-07-31T09:01:08.792+0000] {logging_mixin.py:120} INFO - [2024-07-31T09:01:08.791+0000] {dagbag.py:537} INFO - Filling up the DagBag from /home/airflow/.local/lib/python3.7/site-packages/airflow/example_dags/example_skip_dag.py
[2024-07-31T09:01:08.803+0000] {processor.py:766} INFO - DAG(s) dict_keys(['example_skip_dag']) retrieved from /home/airflow/.local/lib/python3.7/site-packages/airflow/example_dags/example_skip_dag.py
[2024-07-31T09:01:08.838+0000] {logging_mixin.py:120} INFO - [2024-07-31T09:01:08.838+0000] {dag.py:2585} INFO - Sync 1 DAGs
[2024-07-31T09:01:08.859+0000] {logging_mixin.py:120} INFO - [2024-07-31T09:01:08.859+0000] {dag.py:3340} INFO - Setting next_dagrun for example_skip_dag to 2024-07-30T09:01:08.859359+00:00, run_after=2024-07-31T09:01:08.859359+00:00
[2024-07-31T09:01:08.898+0000] {processor.py:176} INFO - Processing /home/airflow/.local/lib/python3.7/site-packages/airflow/example_dags/example_skip_dag.py took 0.110 seconds
[2024-07-31T09:01:40.064+0000] {processor.py:154} INFO - Started process (PID=373) to work on /home/airflow/.local/lib/python3.7/site-packages/airflow/example_dags/example_skip_dag.py
[2024-07-31T09:01:40.065+0000] {processor.py:756} INFO - Processing file /home/airflow/.local/lib/python3.7/site-packages/airflow/example_dags/example_skip_dag.py for tasks to queue
[2024-07-31T09:01:40.066+0000] {logging_mixin.py:120} INFO - [2024-07-31T09:01:40.066+0000] {dagbag.py:537} INFO - Filling up the DagBag from /home/airflow/.local/lib/python3.7/site-packages/airflow/example_dags/example_skip_dag.py
[2024-07-31T09:01:40.080+0000] {processor.py:766} INFO - DAG(s) dict_keys(['example_skip_dag']) retrieved from /home/airflow/.local/lib/python3.7/site-packages/airflow/example_dags/example_skip_dag.py
[2024-07-31T09:01:40.122+0000] {logging_mixin.py:120} INFO - [2024-07-31T09:01:40.121+0000] {dag.py:2585} INFO - Sync 1 DAGs
[2024-07-31T09:01:40.158+0000] {logging_mixin.py:120} INFO - [2024-07-31T09:01:40.158+0000] {dag.py:3340} INFO - Setting next_dagrun for example_skip_dag to 2024-07-30T09:01:40.157797+00:00, run_after=2024-07-31T09:01:40.157797+00:00
[2024-07-31T09:01:40.204+0000] {processor.py:176} INFO - Processing /home/airflow/.local/lib/python3.7/site-packages/airflow/example_dags/example_skip_dag.py took 0.142 seconds
[2024-07-31T09:02:10.938+0000] {processor.py:154} INFO - Started process (PID=436) to work on /home/airflow/.local/lib/python3.7/site-packages/airflow/example_dags/example_skip_dag.py
[2024-07-31T09:02:10.939+0000] {processor.py:756} INFO - Processing file /home/airflow/.local/lib/python3.7/site-packages/airflow/example_dags/example_skip_dag.py for tasks to queue
[2024-07-31T09:02:10.940+0000] {logging_mixin.py:120} INFO - [2024-07-31T09:02:10.940+0000] {dagbag.py:537} INFO - Filling up the DagBag from /home/airflow/.local/lib/python3.7/site-packages/airflow/example_dags/example_skip_dag.py
[2024-07-31T09:02:10.953+0000] {processor.py:766} INFO - DAG(s) dict_keys(['example_skip_dag']) retrieved from /home/airflow/.local/lib/python3.7/site-packages/airflow/example_dags/example_skip_dag.py
[2024-07-31T09:02:10.977+0000] {logging_mixin.py:120} INFO - [2024-07-31T09:02:10.977+0000] {dag.py:2585} INFO - Sync 1 DAGs
[2024-07-31T09:02:11.000+0000] {logging_mixin.py:120} INFO - [2024-07-31T09:02:11.000+0000] {dag.py:3340} INFO - Setting next_dagrun for example_skip_dag to 2024-07-30T09:02:11.000204+00:00, run_after=2024-07-31T09:02:11.000204+00:00
[2024-07-31T09:02:11.024+0000] {processor.py:176} INFO - Processing /home/airflow/.local/lib/python3.7/site-packages/airflow/example_dags/example_skip_dag.py took 0.088 seconds
[2024-07-31T09:02:41.566+0000] {processor.py:154} INFO - Started process (PID=499) to work on /home/airflow/.local/lib/python3.7/site-packages/airflow/example_dags/example_skip_dag.py
[2024-07-31T09:02:41.567+0000] {processor.py:756} INFO - Processing file /home/airflow/.local/lib/python3.7/site-packages/airflow/example_dags/example_skip_dag.py for tasks to queue
[2024-07-31T09:02:41.568+0000] {logging_mixin.py:120} INFO - [2024-07-31T09:02:41.568+0000] {dagbag.py:537} INFO - Filling up the DagBag from /home/airflow/.local/lib/python3.7/site-packages/airflow/example_dags/example_skip_dag.py
[2024-07-31T09:02:41.581+0000] {processor.py:766} INFO - DAG(s) dict_keys(['example_skip_dag']) retrieved from /home/airflow/.local/lib/python3.7/site-packages/airflow/example_dags/example_skip_dag.py
[2024-07-31T09:02:41.635+0000] {logging_mixin.py:120} INFO - [2024-07-31T09:02:41.634+0000] {dag.py:2585} INFO - Sync 1 DAGs
[2024-07-31T09:02:41.660+0000] {logging_mixin.py:120} INFO - [2024-07-31T09:02:41.659+0000] {dag.py:3340} INFO - Setting next_dagrun for example_skip_dag to 2024-07-30T09:02:41.659461+00:00, run_after=2024-07-31T09:02:41.659461+00:00
[2024-07-31T09:02:41.698+0000] {processor.py:176} INFO - Processing /home/airflow/.local/lib/python3.7/site-packages/airflow/example_dags/example_skip_dag.py took 0.135 seconds
[2024-07-31T09:03:12.635+0000] {processor.py:154} INFO - Started process (PID=562) to work on /home/airflow/.local/lib/python3.7/site-packages/airflow/example_dags/example_skip_dag.py
[2024-07-31T09:03:12.636+0000] {processor.py:756} INFO - Processing file /home/airflow/.local/lib/python3.7/site-packages/airflow/example_dags/example_skip_dag.py for tasks to queue
[2024-07-31T09:03:12.636+0000] {logging_mixin.py:120} INFO - [2024-07-31T09:03:12.636+0000] {dagbag.py:537} INFO - Filling up the DagBag from /home/airflow/.local/lib/python3.7/site-packages/airflow/example_dags/example_skip_dag.py
[2024-07-31T09:03:12.648+0000] {processor.py:766} INFO - DAG(s) dict_keys(['example_skip_dag']) retrieved from /home/airflow/.local/lib/python3.7/site-packages/airflow/example_dags/example_skip_dag.py
[2024-07-31T09:03:12.684+0000] {logging_mixin.py:120} INFO - [2024-07-31T09:03:12.683+0000] {dag.py:2585} INFO - Sync 1 DAGs
[2024-07-31T09:03:12.706+0000] {logging_mixin.py:120} INFO - [2024-07-31T09:03:12.705+0000] {dag.py:3340} INFO - Setting next_dagrun for example_skip_dag to 2024-07-30T09:03:12.705649+00:00, run_after=2024-07-31T09:03:12.705649+00:00
[2024-07-31T09:03:12.722+0000] {processor.py:176} INFO - Processing /home/airflow/.local/lib/python3.7/site-packages/airflow/example_dags/example_skip_dag.py took 0.090 seconds
