[2024-07-31T08:52:58.117+0000] {processor.py:154} INFO - Started process (PID=82) to work on /home/airflow/.local/lib/python3.7/site-packages/airflow/example_dags/example_external_task_marker_dag.py
[2024-07-31T08:52:58.119+0000] {processor.py:756} INFO - Processing file /home/airflow/.local/lib/python3.7/site-packages/airflow/example_dags/example_external_task_marker_dag.py for tasks to queue
[2024-07-31T08:52:58.120+0000] {logging_mixin.py:120} INFO - [2024-07-31T08:52:58.119+0000] {dagbag.py:537} INFO - Filling up the DagBag from /home/airflow/.local/lib/python3.7/site-packages/airflow/example_dags/example_external_task_marker_dag.py
[2024-07-31T08:52:58.137+0000] {processor.py:766} INFO - DAG(s) dict_keys(['example_external_task_marker_parent', 'example_external_task_marker_child']) retrieved from /home/airflow/.local/lib/python3.7/site-packages/airflow/example_dags/example_external_task_marker_dag.py
[2024-07-31T08:52:58.296+0000] {logging_mixin.py:120} INFO - [2024-07-31T08:52:58.296+0000] {manager.py:507} INFO - Created Permission View: can read on DAG:example_external_task_marker_parent
[2024-07-31T08:52:58.311+0000] {logging_mixin.py:120} INFO - [2024-07-31T08:52:58.311+0000] {manager.py:507} INFO - Created Permission View: can edit on DAG:example_external_task_marker_parent
[2024-07-31T08:52:58.320+0000] {logging_mixin.py:120} INFO - [2024-07-31T08:52:58.320+0000] {manager.py:507} INFO - Created Permission View: can delete on DAG:example_external_task_marker_parent
[2024-07-31T08:52:58.542+0000] {logging_mixin.py:120} INFO - [2024-07-31T08:52:58.541+0000] {manager.py:507} INFO - Created Permission View: can read on DAG:example_external_task_marker_child
[2024-07-31T08:52:58.550+0000] {logging_mixin.py:120} INFO - [2024-07-31T08:52:58.550+0000] {manager.py:507} INFO - Created Permission View: can edit on DAG:example_external_task_marker_child
[2024-07-31T08:52:58.559+0000] {logging_mixin.py:120} INFO - [2024-07-31T08:52:58.559+0000] {manager.py:507} INFO - Created Permission View: can delete on DAG:example_external_task_marker_child
[2024-07-31T08:52:58.560+0000] {logging_mixin.py:120} INFO - [2024-07-31T08:52:58.560+0000] {dag.py:2585} INFO - Sync 2 DAGs
[2024-07-31T08:52:58.573+0000] {logging_mixin.py:120} INFO - [2024-07-31T08:52:58.573+0000] {dag.py:2606} INFO - Creating ORM DAG for example_external_task_marker_parent
[2024-07-31T08:52:58.574+0000] {logging_mixin.py:120} INFO - [2024-07-31T08:52:58.574+0000] {dag.py:2606} INFO - Creating ORM DAG for example_external_task_marker_child
[2024-07-31T08:52:58.589+0000] {logging_mixin.py:120} INFO - [2024-07-31T08:52:58.589+0000] {dag.py:3340} INFO - Setting next_dagrun for example_external_task_marker_child to None, run_after=None
[2024-07-31T08:52:58.590+0000] {logging_mixin.py:120} INFO - [2024-07-31T08:52:58.590+0000] {dag.py:3340} INFO - Setting next_dagrun for example_external_task_marker_parent to None, run_after=None
[2024-07-31T08:52:58.614+0000] {processor.py:176} INFO - Processing /home/airflow/.local/lib/python3.7/site-packages/airflow/example_dags/example_external_task_marker_dag.py took 0.499 seconds
[2024-07-31T08:53:28.673+0000] {processor.py:154} INFO - Started process (PID=146) to work on /home/airflow/.local/lib/python3.7/site-packages/airflow/example_dags/example_external_task_marker_dag.py
[2024-07-31T08:53:28.674+0000] {processor.py:756} INFO - Processing file /home/airflow/.local/lib/python3.7/site-packages/airflow/example_dags/example_external_task_marker_dag.py for tasks to queue
[2024-07-31T08:53:28.675+0000] {logging_mixin.py:120} INFO - [2024-07-31T08:53:28.675+0000] {dagbag.py:537} INFO - Filling up the DagBag from /home/airflow/.local/lib/python3.7/site-packages/airflow/example_dags/example_external_task_marker_dag.py
[2024-07-31T08:53:28.687+0000] {processor.py:766} INFO - DAG(s) dict_keys(['example_external_task_marker_parent', 'example_external_task_marker_child']) retrieved from /home/airflow/.local/lib/python3.7/site-packages/airflow/example_dags/example_external_task_marker_dag.py
[2024-07-31T08:53:28.874+0000] {logging_mixin.py:120} INFO - [2024-07-31T08:53:28.874+0000] {dag.py:2585} INFO - Sync 2 DAGs
[2024-07-31T08:53:28.897+0000] {logging_mixin.py:120} INFO - [2024-07-31T08:53:28.896+0000] {dag.py:3340} INFO - Setting next_dagrun for example_external_task_marker_child to None, run_after=None
[2024-07-31T08:53:28.900+0000] {logging_mixin.py:120} INFO - [2024-07-31T08:53:28.900+0000] {dag.py:3340} INFO - Setting next_dagrun for example_external_task_marker_parent to None, run_after=None
[2024-07-31T08:53:28.916+0000] {processor.py:176} INFO - Processing /home/airflow/.local/lib/python3.7/site-packages/airflow/example_dags/example_external_task_marker_dag.py took 0.245 seconds
[2024-07-31T08:53:59.210+0000] {processor.py:154} INFO - Started process (PID=211) to work on /home/airflow/.local/lib/python3.7/site-packages/airflow/example_dags/example_external_task_marker_dag.py
[2024-07-31T08:53:59.211+0000] {processor.py:756} INFO - Processing file /home/airflow/.local/lib/python3.7/site-packages/airflow/example_dags/example_external_task_marker_dag.py for tasks to queue
[2024-07-31T08:53:59.212+0000] {logging_mixin.py:120} INFO - [2024-07-31T08:53:59.212+0000] {dagbag.py:537} INFO - Filling up the DagBag from /home/airflow/.local/lib/python3.7/site-packages/airflow/example_dags/example_external_task_marker_dag.py
[2024-07-31T08:53:59.225+0000] {processor.py:766} INFO - DAG(s) dict_keys(['example_external_task_marker_child', 'example_external_task_marker_parent']) retrieved from /home/airflow/.local/lib/python3.7/site-packages/airflow/example_dags/example_external_task_marker_dag.py
[2024-07-31T08:53:59.411+0000] {logging_mixin.py:120} INFO - [2024-07-31T08:53:59.411+0000] {dag.py:2585} INFO - Sync 2 DAGs
[2024-07-31T08:53:59.433+0000] {logging_mixin.py:120} INFO - [2024-07-31T08:53:59.433+0000] {dag.py:3340} INFO - Setting next_dagrun for example_external_task_marker_child to None, run_after=None
[2024-07-31T08:53:59.437+0000] {logging_mixin.py:120} INFO - [2024-07-31T08:53:59.437+0000] {dag.py:3340} INFO - Setting next_dagrun for example_external_task_marker_parent to None, run_after=None
[2024-07-31T08:53:59.465+0000] {processor.py:176} INFO - Processing /home/airflow/.local/lib/python3.7/site-packages/airflow/example_dags/example_external_task_marker_dag.py took 0.257 seconds
[2024-07-31T08:54:29.750+0000] {processor.py:154} INFO - Started process (PID=266) to work on /home/airflow/.local/lib/python3.7/site-packages/airflow/example_dags/example_external_task_marker_dag.py
[2024-07-31T08:54:29.751+0000] {processor.py:756} INFO - Processing file /home/airflow/.local/lib/python3.7/site-packages/airflow/example_dags/example_external_task_marker_dag.py for tasks to queue
[2024-07-31T08:54:29.752+0000] {logging_mixin.py:120} INFO - [2024-07-31T08:54:29.751+0000] {dagbag.py:537} INFO - Filling up the DagBag from /home/airflow/.local/lib/python3.7/site-packages/airflow/example_dags/example_external_task_marker_dag.py
[2024-07-31T08:54:29.763+0000] {processor.py:766} INFO - DAG(s) dict_keys(['example_external_task_marker_parent', 'example_external_task_marker_child']) retrieved from /home/airflow/.local/lib/python3.7/site-packages/airflow/example_dags/example_external_task_marker_dag.py
[2024-07-31T08:54:29.956+0000] {logging_mixin.py:120} INFO - [2024-07-31T08:54:29.955+0000] {dag.py:2585} INFO - Sync 2 DAGs
[2024-07-31T08:54:29.981+0000] {logging_mixin.py:120} INFO - [2024-07-31T08:54:29.980+0000] {dag.py:3340} INFO - Setting next_dagrun for example_external_task_marker_child to None, run_after=None
[2024-07-31T08:54:29.984+0000] {logging_mixin.py:120} INFO - [2024-07-31T08:54:29.984+0000] {dag.py:3340} INFO - Setting next_dagrun for example_external_task_marker_parent to None, run_after=None
[2024-07-31T08:54:29.999+0000] {processor.py:176} INFO - Processing /home/airflow/.local/lib/python3.7/site-packages/airflow/example_dags/example_external_task_marker_dag.py took 0.251 seconds
[2024-07-31T08:55:00.713+0000] {processor.py:154} INFO - Started process (PID=329) to work on /home/airflow/.local/lib/python3.7/site-packages/airflow/example_dags/example_external_task_marker_dag.py
[2024-07-31T08:55:00.714+0000] {processor.py:756} INFO - Processing file /home/airflow/.local/lib/python3.7/site-packages/airflow/example_dags/example_external_task_marker_dag.py for tasks to queue
[2024-07-31T08:55:00.715+0000] {logging_mixin.py:120} INFO - [2024-07-31T08:55:00.715+0000] {dagbag.py:537} INFO - Filling up the DagBag from /home/airflow/.local/lib/python3.7/site-packages/airflow/example_dags/example_external_task_marker_dag.py
[2024-07-31T08:55:00.730+0000] {processor.py:766} INFO - DAG(s) dict_keys(['example_external_task_marker_child', 'example_external_task_marker_parent']) retrieved from /home/airflow/.local/lib/python3.7/site-packages/airflow/example_dags/example_external_task_marker_dag.py
[2024-07-31T08:55:00.947+0000] {logging_mixin.py:120} INFO - [2024-07-31T08:55:00.947+0000] {dag.py:2585} INFO - Sync 2 DAGs
[2024-07-31T08:55:00.973+0000] {logging_mixin.py:120} INFO - [2024-07-31T08:55:00.973+0000] {dag.py:3340} INFO - Setting next_dagrun for example_external_task_marker_child to None, run_after=None
[2024-07-31T08:55:00.978+0000] {logging_mixin.py:120} INFO - [2024-07-31T08:55:00.978+0000] {dag.py:3340} INFO - Setting next_dagrun for example_external_task_marker_parent to None, run_after=None
[2024-07-31T08:55:00.997+0000] {processor.py:176} INFO - Processing /home/airflow/.local/lib/python3.7/site-packages/airflow/example_dags/example_external_task_marker_dag.py took 0.288 seconds
[2024-07-31T08:55:31.955+0000] {processor.py:154} INFO - Started process (PID=392) to work on /home/airflow/.local/lib/python3.7/site-packages/airflow/example_dags/example_external_task_marker_dag.py
[2024-07-31T08:55:31.956+0000] {processor.py:756} INFO - Processing file /home/airflow/.local/lib/python3.7/site-packages/airflow/example_dags/example_external_task_marker_dag.py for tasks to queue
[2024-07-31T08:55:31.957+0000] {logging_mixin.py:120} INFO - [2024-07-31T08:55:31.957+0000] {dagbag.py:537} INFO - Filling up the DagBag from /home/airflow/.local/lib/python3.7/site-packages/airflow/example_dags/example_external_task_marker_dag.py
[2024-07-31T08:55:31.969+0000] {processor.py:766} INFO - DAG(s) dict_keys(['example_external_task_marker_parent', 'example_external_task_marker_child']) retrieved from /home/airflow/.local/lib/python3.7/site-packages/airflow/example_dags/example_external_task_marker_dag.py
[2024-07-31T08:55:32.157+0000] {logging_mixin.py:120} INFO - [2024-07-31T08:55:32.157+0000] {dag.py:2585} INFO - Sync 2 DAGs
[2024-07-31T08:55:32.186+0000] {logging_mixin.py:120} INFO - [2024-07-31T08:55:32.185+0000] {dag.py:3340} INFO - Setting next_dagrun for example_external_task_marker_child to None, run_after=None
[2024-07-31T08:55:32.189+0000] {logging_mixin.py:120} INFO - [2024-07-31T08:55:32.189+0000] {dag.py:3340} INFO - Setting next_dagrun for example_external_task_marker_parent to None, run_after=None
[2024-07-31T08:55:32.205+0000] {processor.py:176} INFO - Processing /home/airflow/.local/lib/python3.7/site-packages/airflow/example_dags/example_external_task_marker_dag.py took 0.252 seconds
[2024-07-31T08:56:02.814+0000] {processor.py:154} INFO - Started process (PID=455) to work on /home/airflow/.local/lib/python3.7/site-packages/airflow/example_dags/example_external_task_marker_dag.py
[2024-07-31T08:56:02.815+0000] {processor.py:756} INFO - Processing file /home/airflow/.local/lib/python3.7/site-packages/airflow/example_dags/example_external_task_marker_dag.py for tasks to queue
[2024-07-31T08:56:02.816+0000] {logging_mixin.py:120} INFO - [2024-07-31T08:56:02.816+0000] {dagbag.py:537} INFO - Filling up the DagBag from /home/airflow/.local/lib/python3.7/site-packages/airflow/example_dags/example_external_task_marker_dag.py
[2024-07-31T08:56:02.828+0000] {processor.py:766} INFO - DAG(s) dict_keys(['example_external_task_marker_parent', 'example_external_task_marker_child']) retrieved from /home/airflow/.local/lib/python3.7/site-packages/airflow/example_dags/example_external_task_marker_dag.py
[2024-07-31T08:56:03.023+0000] {logging_mixin.py:120} INFO - [2024-07-31T08:56:03.023+0000] {dag.py:2585} INFO - Sync 2 DAGs
[2024-07-31T08:56:03.047+0000] {logging_mixin.py:120} INFO - [2024-07-31T08:56:03.047+0000] {dag.py:3340} INFO - Setting next_dagrun for example_external_task_marker_child to None, run_after=None
[2024-07-31T08:56:03.050+0000] {logging_mixin.py:120} INFO - [2024-07-31T08:56:03.050+0000] {dag.py:3340} INFO - Setting next_dagrun for example_external_task_marker_parent to None, run_after=None
[2024-07-31T08:56:03.065+0000] {processor.py:176} INFO - Processing /home/airflow/.local/lib/python3.7/site-packages/airflow/example_dags/example_external_task_marker_dag.py took 0.254 seconds
[2024-07-31T08:57:11.000+0000] {processor.py:154} INFO - Started process (PID=83) to work on /home/airflow/.local/lib/python3.7/site-packages/airflow/example_dags/example_external_task_marker_dag.py
[2024-07-31T08:57:11.001+0000] {processor.py:756} INFO - Processing file /home/airflow/.local/lib/python3.7/site-packages/airflow/example_dags/example_external_task_marker_dag.py for tasks to queue
[2024-07-31T08:57:11.002+0000] {logging_mixin.py:120} INFO - [2024-07-31T08:57:11.002+0000] {dagbag.py:537} INFO - Filling up the DagBag from /home/airflow/.local/lib/python3.7/site-packages/airflow/example_dags/example_external_task_marker_dag.py
[2024-07-31T08:57:11.019+0000] {processor.py:766} INFO - DAG(s) dict_keys(['example_external_task_marker_parent', 'example_external_task_marker_child']) retrieved from /home/airflow/.local/lib/python3.7/site-packages/airflow/example_dags/example_external_task_marker_dag.py
[2024-07-31T08:57:11.050+0000] {logging_mixin.py:120} INFO - [2024-07-31T08:57:11.050+0000] {dag.py:2585} INFO - Sync 2 DAGs
[2024-07-31T08:57:11.081+0000] {logging_mixin.py:120} INFO - [2024-07-31T08:57:11.081+0000] {dag.py:3340} INFO - Setting next_dagrun for example_external_task_marker_child to None, run_after=None
[2024-07-31T08:57:11.085+0000] {logging_mixin.py:120} INFO - [2024-07-31T08:57:11.085+0000] {dag.py:3340} INFO - Setting next_dagrun for example_external_task_marker_parent to None, run_after=None
[2024-07-31T08:57:11.106+0000] {processor.py:176} INFO - Processing /home/airflow/.local/lib/python3.7/site-packages/airflow/example_dags/example_external_task_marker_dag.py took 0.109 seconds
[2024-07-31T08:57:41.769+0000] {processor.py:154} INFO - Started process (PID=137) to work on /home/airflow/.local/lib/python3.7/site-packages/airflow/example_dags/example_external_task_marker_dag.py
[2024-07-31T08:57:41.769+0000] {processor.py:756} INFO - Processing file /home/airflow/.local/lib/python3.7/site-packages/airflow/example_dags/example_external_task_marker_dag.py for tasks to queue
[2024-07-31T08:57:41.770+0000] {logging_mixin.py:120} INFO - [2024-07-31T08:57:41.770+0000] {dagbag.py:537} INFO - Filling up the DagBag from /home/airflow/.local/lib/python3.7/site-packages/airflow/example_dags/example_external_task_marker_dag.py
[2024-07-31T08:57:41.783+0000] {processor.py:766} INFO - DAG(s) dict_keys(['example_external_task_marker_parent', 'example_external_task_marker_child']) retrieved from /home/airflow/.local/lib/python3.7/site-packages/airflow/example_dags/example_external_task_marker_dag.py
[2024-07-31T08:57:42.000+0000] {logging_mixin.py:120} INFO - [2024-07-31T08:57:42.000+0000] {dag.py:2585} INFO - Sync 2 DAGs
[2024-07-31T08:57:42.032+0000] {logging_mixin.py:120} INFO - [2024-07-31T08:57:42.032+0000] {dag.py:3340} INFO - Setting next_dagrun for example_external_task_marker_child to None, run_after=None
[2024-07-31T08:57:42.036+0000] {logging_mixin.py:120} INFO - [2024-07-31T08:57:42.035+0000] {dag.py:3340} INFO - Setting next_dagrun for example_external_task_marker_parent to None, run_after=None
[2024-07-31T08:57:42.060+0000] {processor.py:176} INFO - Processing /home/airflow/.local/lib/python3.7/site-packages/airflow/example_dags/example_external_task_marker_dag.py took 0.294 seconds
[2024-07-31T08:59:05.872+0000] {processor.py:154} INFO - Started process (PID=82) to work on /home/airflow/.local/lib/python3.7/site-packages/airflow/example_dags/example_external_task_marker_dag.py
[2024-07-31T08:59:05.873+0000] {processor.py:756} INFO - Processing file /home/airflow/.local/lib/python3.7/site-packages/airflow/example_dags/example_external_task_marker_dag.py for tasks to queue
[2024-07-31T08:59:05.874+0000] {logging_mixin.py:120} INFO - [2024-07-31T08:59:05.874+0000] {dagbag.py:537} INFO - Filling up the DagBag from /home/airflow/.local/lib/python3.7/site-packages/airflow/example_dags/example_external_task_marker_dag.py
[2024-07-31T08:59:05.903+0000] {processor.py:766} INFO - DAG(s) dict_keys(['example_external_task_marker_child', 'example_external_task_marker_parent']) retrieved from /home/airflow/.local/lib/python3.7/site-packages/airflow/example_dags/example_external_task_marker_dag.py
[2024-07-31T08:59:05.934+0000] {logging_mixin.py:120} INFO - [2024-07-31T08:59:05.934+0000] {dag.py:2585} INFO - Sync 2 DAGs
[2024-07-31T08:59:05.959+0000] {logging_mixin.py:120} INFO - [2024-07-31T08:59:05.958+0000] {dag.py:3340} INFO - Setting next_dagrun for example_external_task_marker_child to None, run_after=None
[2024-07-31T08:59:05.964+0000] {logging_mixin.py:120} INFO - [2024-07-31T08:59:05.963+0000] {dag.py:3340} INFO - Setting next_dagrun for example_external_task_marker_parent to None, run_after=None
[2024-07-31T08:59:05.984+0000] {processor.py:176} INFO - Processing /home/airflow/.local/lib/python3.7/site-packages/airflow/example_dags/example_external_task_marker_dag.py took 0.114 seconds
[2024-07-31T08:59:36.646+0000] {processor.py:154} INFO - Started process (PID=136) to work on /home/airflow/.local/lib/python3.7/site-packages/airflow/example_dags/example_external_task_marker_dag.py
[2024-07-31T08:59:36.647+0000] {processor.py:756} INFO - Processing file /home/airflow/.local/lib/python3.7/site-packages/airflow/example_dags/example_external_task_marker_dag.py for tasks to queue
[2024-07-31T08:59:36.647+0000] {logging_mixin.py:120} INFO - [2024-07-31T08:59:36.647+0000] {dagbag.py:537} INFO - Filling up the DagBag from /home/airflow/.local/lib/python3.7/site-packages/airflow/example_dags/example_external_task_marker_dag.py
[2024-07-31T08:59:36.659+0000] {processor.py:766} INFO - DAG(s) dict_keys(['example_external_task_marker_child', 'example_external_task_marker_parent']) retrieved from /home/airflow/.local/lib/python3.7/site-packages/airflow/example_dags/example_external_task_marker_dag.py
[2024-07-31T08:59:36.873+0000] {logging_mixin.py:120} INFO - [2024-07-31T08:59:36.873+0000] {dag.py:2585} INFO - Sync 2 DAGs
[2024-07-31T08:59:36.896+0000] {logging_mixin.py:120} INFO - [2024-07-31T08:59:36.895+0000] {dag.py:3340} INFO - Setting next_dagrun for example_external_task_marker_child to None, run_after=None
[2024-07-31T08:59:36.899+0000] {logging_mixin.py:120} INFO - [2024-07-31T08:59:36.899+0000] {dag.py:3340} INFO - Setting next_dagrun for example_external_task_marker_parent to None, run_after=None
[2024-07-31T08:59:36.916+0000] {processor.py:176} INFO - Processing /home/airflow/.local/lib/python3.7/site-packages/airflow/example_dags/example_external_task_marker_dag.py took 0.273 seconds
[2024-07-31T09:00:07.340+0000] {processor.py:154} INFO - Started process (PID=200) to work on /home/airflow/.local/lib/python3.7/site-packages/airflow/example_dags/example_external_task_marker_dag.py
[2024-07-31T09:00:07.341+0000] {processor.py:756} INFO - Processing file /home/airflow/.local/lib/python3.7/site-packages/airflow/example_dags/example_external_task_marker_dag.py for tasks to queue
[2024-07-31T09:00:07.342+0000] {logging_mixin.py:120} INFO - [2024-07-31T09:00:07.341+0000] {dagbag.py:537} INFO - Filling up the DagBag from /home/airflow/.local/lib/python3.7/site-packages/airflow/example_dags/example_external_task_marker_dag.py
[2024-07-31T09:00:07.355+0000] {processor.py:766} INFO - DAG(s) dict_keys(['example_external_task_marker_parent', 'example_external_task_marker_child']) retrieved from /home/airflow/.local/lib/python3.7/site-packages/airflow/example_dags/example_external_task_marker_dag.py
[2024-07-31T09:00:07.540+0000] {logging_mixin.py:120} INFO - [2024-07-31T09:00:07.539+0000] {dag.py:2585} INFO - Sync 2 DAGs
[2024-07-31T09:00:07.561+0000] {logging_mixin.py:120} INFO - [2024-07-31T09:00:07.561+0000] {dag.py:3340} INFO - Setting next_dagrun for example_external_task_marker_child to None, run_after=None
[2024-07-31T09:00:07.565+0000] {logging_mixin.py:120} INFO - [2024-07-31T09:00:07.565+0000] {dag.py:3340} INFO - Setting next_dagrun for example_external_task_marker_parent to None, run_after=None
[2024-07-31T09:00:07.583+0000] {processor.py:176} INFO - Processing /home/airflow/.local/lib/python3.7/site-packages/airflow/example_dags/example_external_task_marker_dag.py took 0.246 seconds
[2024-07-31T09:00:38.369+0000] {processor.py:154} INFO - Started process (PID=263) to work on /home/airflow/.local/lib/python3.7/site-packages/airflow/example_dags/example_external_task_marker_dag.py
[2024-07-31T09:00:38.369+0000] {processor.py:756} INFO - Processing file /home/airflow/.local/lib/python3.7/site-packages/airflow/example_dags/example_external_task_marker_dag.py for tasks to queue
[2024-07-31T09:00:38.370+0000] {logging_mixin.py:120} INFO - [2024-07-31T09:00:38.370+0000] {dagbag.py:537} INFO - Filling up the DagBag from /home/airflow/.local/lib/python3.7/site-packages/airflow/example_dags/example_external_task_marker_dag.py
[2024-07-31T09:00:38.382+0000] {processor.py:766} INFO - DAG(s) dict_keys(['example_external_task_marker_child', 'example_external_task_marker_parent']) retrieved from /home/airflow/.local/lib/python3.7/site-packages/airflow/example_dags/example_external_task_marker_dag.py
[2024-07-31T09:00:38.563+0000] {logging_mixin.py:120} INFO - [2024-07-31T09:00:38.562+0000] {dag.py:2585} INFO - Sync 2 DAGs
[2024-07-31T09:00:38.586+0000] {logging_mixin.py:120} INFO - [2024-07-31T09:00:38.585+0000] {dag.py:3340} INFO - Setting next_dagrun for example_external_task_marker_child to None, run_after=None
[2024-07-31T09:00:38.588+0000] {logging_mixin.py:120} INFO - [2024-07-31T09:00:38.588+0000] {dag.py:3340} INFO - Setting next_dagrun for example_external_task_marker_parent to None, run_after=None
[2024-07-31T09:00:38.605+0000] {processor.py:176} INFO - Processing /home/airflow/.local/lib/python3.7/site-packages/airflow/example_dags/example_external_task_marker_dag.py took 0.239 seconds
[2024-07-31T09:01:09.475+0000] {processor.py:154} INFO - Started process (PID=327) to work on /home/airflow/.local/lib/python3.7/site-packages/airflow/example_dags/example_external_task_marker_dag.py
[2024-07-31T09:01:09.475+0000] {processor.py:756} INFO - Processing file /home/airflow/.local/lib/python3.7/site-packages/airflow/example_dags/example_external_task_marker_dag.py for tasks to queue
[2024-07-31T09:01:09.476+0000] {logging_mixin.py:120} INFO - [2024-07-31T09:01:09.476+0000] {dagbag.py:537} INFO - Filling up the DagBag from /home/airflow/.local/lib/python3.7/site-packages/airflow/example_dags/example_external_task_marker_dag.py
[2024-07-31T09:01:09.488+0000] {processor.py:766} INFO - DAG(s) dict_keys(['example_external_task_marker_parent', 'example_external_task_marker_child']) retrieved from /home/airflow/.local/lib/python3.7/site-packages/airflow/example_dags/example_external_task_marker_dag.py
[2024-07-31T09:01:09.681+0000] {logging_mixin.py:120} INFO - [2024-07-31T09:01:09.681+0000] {dag.py:2585} INFO - Sync 2 DAGs
[2024-07-31T09:01:09.702+0000] {logging_mixin.py:120} INFO - [2024-07-31T09:01:09.702+0000] {dag.py:3340} INFO - Setting next_dagrun for example_external_task_marker_child to None, run_after=None
[2024-07-31T09:01:09.706+0000] {logging_mixin.py:120} INFO - [2024-07-31T09:01:09.706+0000] {dag.py:3340} INFO - Setting next_dagrun for example_external_task_marker_parent to None, run_after=None
[2024-07-31T09:01:09.722+0000] {processor.py:176} INFO - Processing /home/airflow/.local/lib/python3.7/site-packages/airflow/example_dags/example_external_task_marker_dag.py took 0.250 seconds
[2024-07-31T09:01:40.798+0000] {processor.py:154} INFO - Started process (PID=381) to work on /home/airflow/.local/lib/python3.7/site-packages/airflow/example_dags/example_external_task_marker_dag.py
[2024-07-31T09:01:40.799+0000] {processor.py:756} INFO - Processing file /home/airflow/.local/lib/python3.7/site-packages/airflow/example_dags/example_external_task_marker_dag.py for tasks to queue
[2024-07-31T09:01:40.800+0000] {logging_mixin.py:120} INFO - [2024-07-31T09:01:40.800+0000] {dagbag.py:537} INFO - Filling up the DagBag from /home/airflow/.local/lib/python3.7/site-packages/airflow/example_dags/example_external_task_marker_dag.py
[2024-07-31T09:01:40.813+0000] {processor.py:766} INFO - DAG(s) dict_keys(['example_external_task_marker_parent', 'example_external_task_marker_child']) retrieved from /home/airflow/.local/lib/python3.7/site-packages/airflow/example_dags/example_external_task_marker_dag.py
[2024-07-31T09:01:41.054+0000] {logging_mixin.py:120} INFO - [2024-07-31T09:01:41.054+0000] {dag.py:2585} INFO - Sync 2 DAGs
[2024-07-31T09:01:41.080+0000] {logging_mixin.py:120} INFO - [2024-07-31T09:01:41.080+0000] {dag.py:3340} INFO - Setting next_dagrun for example_external_task_marker_child to None, run_after=None
[2024-07-31T09:01:41.083+0000] {logging_mixin.py:120} INFO - [2024-07-31T09:01:41.083+0000] {dag.py:3340} INFO - Setting next_dagrun for example_external_task_marker_parent to None, run_after=None
[2024-07-31T09:01:41.102+0000] {processor.py:176} INFO - Processing /home/airflow/.local/lib/python3.7/site-packages/airflow/example_dags/example_external_task_marker_dag.py took 0.306 seconds
[2024-07-31T09:02:11.589+0000] {processor.py:154} INFO - Started process (PID=444) to work on /home/airflow/.local/lib/python3.7/site-packages/airflow/example_dags/example_external_task_marker_dag.py
[2024-07-31T09:02:11.590+0000] {processor.py:756} INFO - Processing file /home/airflow/.local/lib/python3.7/site-packages/airflow/example_dags/example_external_task_marker_dag.py for tasks to queue
[2024-07-31T09:02:11.591+0000] {logging_mixin.py:120} INFO - [2024-07-31T09:02:11.591+0000] {dagbag.py:537} INFO - Filling up the DagBag from /home/airflow/.local/lib/python3.7/site-packages/airflow/example_dags/example_external_task_marker_dag.py
[2024-07-31T09:02:11.603+0000] {processor.py:766} INFO - DAG(s) dict_keys(['example_external_task_marker_parent', 'example_external_task_marker_child']) retrieved from /home/airflow/.local/lib/python3.7/site-packages/airflow/example_dags/example_external_task_marker_dag.py
[2024-07-31T09:02:11.626+0000] {logging_mixin.py:120} INFO - [2024-07-31T09:02:11.626+0000] {dag.py:2585} INFO - Sync 2 DAGs
[2024-07-31T09:02:11.650+0000] {logging_mixin.py:120} INFO - [2024-07-31T09:02:11.650+0000] {dag.py:3340} INFO - Setting next_dagrun for example_external_task_marker_child to None, run_after=None
[2024-07-31T09:02:11.653+0000] {logging_mixin.py:120} INFO - [2024-07-31T09:02:11.653+0000] {dag.py:3340} INFO - Setting next_dagrun for example_external_task_marker_parent to None, run_after=None
[2024-07-31T09:02:11.670+0000] {processor.py:176} INFO - Processing /home/airflow/.local/lib/python3.7/site-packages/airflow/example_dags/example_external_task_marker_dag.py took 0.084 seconds
[2024-07-31T09:02:42.088+0000] {processor.py:154} INFO - Started process (PID=507) to work on /home/airflow/.local/lib/python3.7/site-packages/airflow/example_dags/example_external_task_marker_dag.py
[2024-07-31T09:02:42.089+0000] {processor.py:756} INFO - Processing file /home/airflow/.local/lib/python3.7/site-packages/airflow/example_dags/example_external_task_marker_dag.py for tasks to queue
[2024-07-31T09:02:42.090+0000] {logging_mixin.py:120} INFO - [2024-07-31T09:02:42.090+0000] {dagbag.py:537} INFO - Filling up the DagBag from /home/airflow/.local/lib/python3.7/site-packages/airflow/example_dags/example_external_task_marker_dag.py
[2024-07-31T09:02:42.101+0000] {processor.py:766} INFO - DAG(s) dict_keys(['example_external_task_marker_parent', 'example_external_task_marker_child']) retrieved from /home/airflow/.local/lib/python3.7/site-packages/airflow/example_dags/example_external_task_marker_dag.py
[2024-07-31T09:02:42.284+0000] {logging_mixin.py:120} INFO - [2024-07-31T09:02:42.284+0000] {dag.py:2585} INFO - Sync 2 DAGs
[2024-07-31T09:02:42.307+0000] {logging_mixin.py:120} INFO - [2024-07-31T09:02:42.307+0000] {dag.py:3340} INFO - Setting next_dagrun for example_external_task_marker_child to None, run_after=None
[2024-07-31T09:02:42.311+0000] {logging_mixin.py:120} INFO - [2024-07-31T09:02:42.310+0000] {dag.py:3340} INFO - Setting next_dagrun for example_external_task_marker_parent to None, run_after=None
[2024-07-31T09:02:42.327+0000] {processor.py:176} INFO - Processing /home/airflow/.local/lib/python3.7/site-packages/airflow/example_dags/example_external_task_marker_dag.py took 0.242 seconds
[2024-07-31T09:03:13.101+0000] {processor.py:154} INFO - Started process (PID=570) to work on /home/airflow/.local/lib/python3.7/site-packages/airflow/example_dags/example_external_task_marker_dag.py
[2024-07-31T09:03:13.102+0000] {processor.py:756} INFO - Processing file /home/airflow/.local/lib/python3.7/site-packages/airflow/example_dags/example_external_task_marker_dag.py for tasks to queue
[2024-07-31T09:03:13.103+0000] {logging_mixin.py:120} INFO - [2024-07-31T09:03:13.103+0000] {dagbag.py:537} INFO - Filling up the DagBag from /home/airflow/.local/lib/python3.7/site-packages/airflow/example_dags/example_external_task_marker_dag.py
[2024-07-31T09:03:13.118+0000] {processor.py:766} INFO - DAG(s) dict_keys(['example_external_task_marker_parent', 'example_external_task_marker_child']) retrieved from /home/airflow/.local/lib/python3.7/site-packages/airflow/example_dags/example_external_task_marker_dag.py
[2024-07-31T09:03:13.303+0000] {logging_mixin.py:120} INFO - [2024-07-31T09:03:13.303+0000] {dag.py:2585} INFO - Sync 2 DAGs
[2024-07-31T09:03:13.324+0000] {logging_mixin.py:120} INFO - [2024-07-31T09:03:13.324+0000] {dag.py:3340} INFO - Setting next_dagrun for example_external_task_marker_child to None, run_after=None
[2024-07-31T09:03:13.328+0000] {logging_mixin.py:120} INFO - [2024-07-31T09:03:13.328+0000] {dag.py:3340} INFO - Setting next_dagrun for example_external_task_marker_parent to None, run_after=None
[2024-07-31T09:03:13.345+0000] {processor.py:176} INFO - Processing /home/airflow/.local/lib/python3.7/site-packages/airflow/example_dags/example_external_task_marker_dag.py took 0.247 seconds
