[2024-07-31T08:52:57.291+0000] {processor.py:154} INFO - Started process (PID=77) to work on /home/airflow/.local/lib/python3.7/site-packages/airflow/example_dags/example_trigger_target_dag.py
[2024-07-31T08:52:57.292+0000] {processor.py:756} INFO - Processing file /home/airflow/.local/lib/python3.7/site-packages/airflow/example_dags/example_trigger_target_dag.py for tasks to queue
[2024-07-31T08:52:57.293+0000] {logging_mixin.py:120} INFO - [2024-07-31T08:52:57.293+0000] {dagbag.py:537} INFO - Filling up the DagBag from /home/airflow/.local/lib/python3.7/site-packages/airflow/example_dags/example_trigger_target_dag.py
[2024-07-31T08:52:57.320+0000] {processor.py:766} INFO - DAG(s) dict_keys(['example_trigger_target_dag']) retrieved from /home/airflow/.local/lib/python3.7/site-packages/airflow/example_dags/example_trigger_target_dag.py
[2024-07-31T08:52:57.468+0000] {logging_mixin.py:120} INFO - [2024-07-31T08:52:57.468+0000] {manager.py:507} INFO - Created Permission View: can read on DAG:example_trigger_target_dag
[2024-07-31T08:52:57.480+0000] {logging_mixin.py:120} INFO - [2024-07-31T08:52:57.479+0000] {manager.py:507} INFO - Created Permission View: can edit on DAG:example_trigger_target_dag
[2024-07-31T08:52:57.488+0000] {logging_mixin.py:120} INFO - [2024-07-31T08:52:57.488+0000] {manager.py:507} INFO - Created Permission View: can delete on DAG:example_trigger_target_dag
[2024-07-31T08:52:57.489+0000] {logging_mixin.py:120} INFO - [2024-07-31T08:52:57.488+0000] {dag.py:2585} INFO - Sync 1 DAGs
[2024-07-31T08:52:57.502+0000] {logging_mixin.py:120} INFO - [2024-07-31T08:52:57.502+0000] {dag.py:2606} INFO - Creating ORM DAG for example_trigger_target_dag
[2024-07-31T08:52:57.516+0000] {logging_mixin.py:120} INFO - [2024-07-31T08:52:57.516+0000] {dag.py:3340} INFO - Setting next_dagrun for example_trigger_target_dag to None, run_after=None
[2024-07-31T08:52:57.536+0000] {processor.py:176} INFO - Processing /home/airflow/.local/lib/python3.7/site-packages/airflow/example_dags/example_trigger_target_dag.py took 0.248 seconds
[2024-07-31T08:53:28.185+0000] {processor.py:154} INFO - Started process (PID=140) to work on /home/airflow/.local/lib/python3.7/site-packages/airflow/example_dags/example_trigger_target_dag.py
[2024-07-31T08:53:28.186+0000] {processor.py:756} INFO - Processing file /home/airflow/.local/lib/python3.7/site-packages/airflow/example_dags/example_trigger_target_dag.py for tasks to queue
[2024-07-31T08:53:28.187+0000] {logging_mixin.py:120} INFO - [2024-07-31T08:53:28.187+0000] {dagbag.py:537} INFO - Filling up the DagBag from /home/airflow/.local/lib/python3.7/site-packages/airflow/example_dags/example_trigger_target_dag.py
[2024-07-31T08:53:28.206+0000] {processor.py:766} INFO - DAG(s) dict_keys(['example_trigger_target_dag']) retrieved from /home/airflow/.local/lib/python3.7/site-packages/airflow/example_dags/example_trigger_target_dag.py
[2024-07-31T08:53:28.240+0000] {logging_mixin.py:120} INFO - [2024-07-31T08:53:28.240+0000] {dag.py:2585} INFO - Sync 1 DAGs
[2024-07-31T08:53:28.262+0000] {logging_mixin.py:120} INFO - [2024-07-31T08:53:28.262+0000] {dag.py:3340} INFO - Setting next_dagrun for example_trigger_target_dag to None, run_after=None
[2024-07-31T08:53:28.281+0000] {processor.py:176} INFO - Processing /home/airflow/.local/lib/python3.7/site-packages/airflow/example_dags/example_trigger_target_dag.py took 0.098 seconds
[2024-07-31T08:53:58.620+0000] {processor.py:154} INFO - Started process (PID=204) to work on /home/airflow/.local/lib/python3.7/site-packages/airflow/example_dags/example_trigger_target_dag.py
[2024-07-31T08:53:58.621+0000] {processor.py:756} INFO - Processing file /home/airflow/.local/lib/python3.7/site-packages/airflow/example_dags/example_trigger_target_dag.py for tasks to queue
[2024-07-31T08:53:58.622+0000] {logging_mixin.py:120} INFO - [2024-07-31T08:53:58.622+0000] {dagbag.py:537} INFO - Filling up the DagBag from /home/airflow/.local/lib/python3.7/site-packages/airflow/example_dags/example_trigger_target_dag.py
[2024-07-31T08:53:58.642+0000] {processor.py:766} INFO - DAG(s) dict_keys(['example_trigger_target_dag']) retrieved from /home/airflow/.local/lib/python3.7/site-packages/airflow/example_dags/example_trigger_target_dag.py
[2024-07-31T08:53:58.680+0000] {logging_mixin.py:120} INFO - [2024-07-31T08:53:58.680+0000] {dag.py:2585} INFO - Sync 1 DAGs
[2024-07-31T08:53:58.703+0000] {logging_mixin.py:120} INFO - [2024-07-31T08:53:58.703+0000] {dag.py:3340} INFO - Setting next_dagrun for example_trigger_target_dag to None, run_after=None
[2024-07-31T08:53:58.723+0000] {processor.py:176} INFO - Processing /home/airflow/.local/lib/python3.7/site-packages/airflow/example_dags/example_trigger_target_dag.py took 0.105 seconds
[2024-07-31T08:54:29.216+0000] {processor.py:154} INFO - Started process (PID=258) to work on /home/airflow/.local/lib/python3.7/site-packages/airflow/example_dags/example_trigger_target_dag.py
[2024-07-31T08:54:29.217+0000] {processor.py:756} INFO - Processing file /home/airflow/.local/lib/python3.7/site-packages/airflow/example_dags/example_trigger_target_dag.py for tasks to queue
[2024-07-31T08:54:29.218+0000] {logging_mixin.py:120} INFO - [2024-07-31T08:54:29.218+0000] {dagbag.py:537} INFO - Filling up the DagBag from /home/airflow/.local/lib/python3.7/site-packages/airflow/example_dags/example_trigger_target_dag.py
[2024-07-31T08:54:29.235+0000] {processor.py:766} INFO - DAG(s) dict_keys(['example_trigger_target_dag']) retrieved from /home/airflow/.local/lib/python3.7/site-packages/airflow/example_dags/example_trigger_target_dag.py
[2024-07-31T08:54:29.268+0000] {logging_mixin.py:120} INFO - [2024-07-31T08:54:29.267+0000] {dag.py:2585} INFO - Sync 1 DAGs
[2024-07-31T08:54:29.288+0000] {logging_mixin.py:120} INFO - [2024-07-31T08:54:29.288+0000] {dag.py:3340} INFO - Setting next_dagrun for example_trigger_target_dag to None, run_after=None
[2024-07-31T08:54:29.306+0000] {processor.py:176} INFO - Processing /home/airflow/.local/lib/python3.7/site-packages/airflow/example_dags/example_trigger_target_dag.py took 0.092 seconds
[2024-07-31T08:55:00.084+0000] {processor.py:154} INFO - Started process (PID=321) to work on /home/airflow/.local/lib/python3.7/site-packages/airflow/example_dags/example_trigger_target_dag.py
[2024-07-31T08:55:00.085+0000] {processor.py:756} INFO - Processing file /home/airflow/.local/lib/python3.7/site-packages/airflow/example_dags/example_trigger_target_dag.py for tasks to queue
[2024-07-31T08:55:00.085+0000] {logging_mixin.py:120} INFO - [2024-07-31T08:55:00.085+0000] {dagbag.py:537} INFO - Filling up the DagBag from /home/airflow/.local/lib/python3.7/site-packages/airflow/example_dags/example_trigger_target_dag.py
[2024-07-31T08:55:00.103+0000] {processor.py:766} INFO - DAG(s) dict_keys(['example_trigger_target_dag']) retrieved from /home/airflow/.local/lib/python3.7/site-packages/airflow/example_dags/example_trigger_target_dag.py
[2024-07-31T08:55:00.141+0000] {logging_mixin.py:120} INFO - [2024-07-31T08:55:00.140+0000] {dag.py:2585} INFO - Sync 1 DAGs
[2024-07-31T08:55:00.163+0000] {logging_mixin.py:120} INFO - [2024-07-31T08:55:00.163+0000] {dag.py:3340} INFO - Setting next_dagrun for example_trigger_target_dag to None, run_after=None
[2024-07-31T08:55:00.183+0000] {processor.py:176} INFO - Processing /home/airflow/.local/lib/python3.7/site-packages/airflow/example_dags/example_trigger_target_dag.py took 0.102 seconds
[2024-07-31T08:55:30.401+0000] {processor.py:154} INFO - Started process (PID=384) to work on /home/airflow/.local/lib/python3.7/site-packages/airflow/example_dags/example_trigger_target_dag.py
[2024-07-31T08:55:30.402+0000] {processor.py:756} INFO - Processing file /home/airflow/.local/lib/python3.7/site-packages/airflow/example_dags/example_trigger_target_dag.py for tasks to queue
[2024-07-31T08:55:30.402+0000] {logging_mixin.py:120} INFO - [2024-07-31T08:55:30.402+0000] {dagbag.py:537} INFO - Filling up the DagBag from /home/airflow/.local/lib/python3.7/site-packages/airflow/example_dags/example_trigger_target_dag.py
[2024-07-31T08:55:30.420+0000] {processor.py:766} INFO - DAG(s) dict_keys(['example_trigger_target_dag']) retrieved from /home/airflow/.local/lib/python3.7/site-packages/airflow/example_dags/example_trigger_target_dag.py
[2024-07-31T08:55:30.454+0000] {logging_mixin.py:120} INFO - [2024-07-31T08:55:30.454+0000] {dag.py:2585} INFO - Sync 1 DAGs
[2024-07-31T08:55:30.476+0000] {logging_mixin.py:120} INFO - [2024-07-31T08:55:30.475+0000] {dag.py:3340} INFO - Setting next_dagrun for example_trigger_target_dag to None, run_after=None
[2024-07-31T08:55:30.493+0000] {processor.py:176} INFO - Processing /home/airflow/.local/lib/python3.7/site-packages/airflow/example_dags/example_trigger_target_dag.py took 0.095 seconds
[2024-07-31T08:56:01.237+0000] {processor.py:154} INFO - Started process (PID=438) to work on /home/airflow/.local/lib/python3.7/site-packages/airflow/example_dags/example_trigger_target_dag.py
[2024-07-31T08:56:01.238+0000] {processor.py:756} INFO - Processing file /home/airflow/.local/lib/python3.7/site-packages/airflow/example_dags/example_trigger_target_dag.py for tasks to queue
[2024-07-31T08:56:01.239+0000] {logging_mixin.py:120} INFO - [2024-07-31T08:56:01.239+0000] {dagbag.py:537} INFO - Filling up the DagBag from /home/airflow/.local/lib/python3.7/site-packages/airflow/example_dags/example_trigger_target_dag.py
[2024-07-31T08:56:01.256+0000] {processor.py:766} INFO - DAG(s) dict_keys(['example_trigger_target_dag']) retrieved from /home/airflow/.local/lib/python3.7/site-packages/airflow/example_dags/example_trigger_target_dag.py
[2024-07-31T08:56:01.290+0000] {logging_mixin.py:120} INFO - [2024-07-31T08:56:01.290+0000] {dag.py:2585} INFO - Sync 1 DAGs
[2024-07-31T08:56:01.312+0000] {logging_mixin.py:120} INFO - [2024-07-31T08:56:01.312+0000] {dag.py:3340} INFO - Setting next_dagrun for example_trigger_target_dag to None, run_after=None
[2024-07-31T08:56:01.330+0000] {processor.py:176} INFO - Processing /home/airflow/.local/lib/python3.7/site-packages/airflow/example_dags/example_trigger_target_dag.py took 0.095 seconds
[2024-07-31T08:57:10.692+0000] {processor.py:154} INFO - Started process (PID=78) to work on /home/airflow/.local/lib/python3.7/site-packages/airflow/example_dags/example_trigger_target_dag.py
[2024-07-31T08:57:10.693+0000] {processor.py:756} INFO - Processing file /home/airflow/.local/lib/python3.7/site-packages/airflow/example_dags/example_trigger_target_dag.py for tasks to queue
[2024-07-31T08:57:10.694+0000] {logging_mixin.py:120} INFO - [2024-07-31T08:57:10.694+0000] {dagbag.py:537} INFO - Filling up the DagBag from /home/airflow/.local/lib/python3.7/site-packages/airflow/example_dags/example_trigger_target_dag.py
[2024-07-31T08:57:10.718+0000] {processor.py:766} INFO - DAG(s) dict_keys(['example_trigger_target_dag']) retrieved from /home/airflow/.local/lib/python3.7/site-packages/airflow/example_dags/example_trigger_target_dag.py
[2024-07-31T08:57:10.747+0000] {logging_mixin.py:120} INFO - [2024-07-31T08:57:10.747+0000] {dag.py:2585} INFO - Sync 1 DAGs
[2024-07-31T08:57:10.774+0000] {logging_mixin.py:120} INFO - [2024-07-31T08:57:10.774+0000] {dag.py:3340} INFO - Setting next_dagrun for example_trigger_target_dag to None, run_after=None
[2024-07-31T08:57:10.796+0000] {processor.py:176} INFO - Processing /home/airflow/.local/lib/python3.7/site-packages/airflow/example_dags/example_trigger_target_dag.py took 0.106 seconds
[2024-07-31T08:57:41.412+0000] {processor.py:154} INFO - Started process (PID=132) to work on /home/airflow/.local/lib/python3.7/site-packages/airflow/example_dags/example_trigger_target_dag.py
[2024-07-31T08:57:41.413+0000] {processor.py:756} INFO - Processing file /home/airflow/.local/lib/python3.7/site-packages/airflow/example_dags/example_trigger_target_dag.py for tasks to queue
[2024-07-31T08:57:41.414+0000] {logging_mixin.py:120} INFO - [2024-07-31T08:57:41.414+0000] {dagbag.py:537} INFO - Filling up the DagBag from /home/airflow/.local/lib/python3.7/site-packages/airflow/example_dags/example_trigger_target_dag.py
[2024-07-31T08:57:41.435+0000] {processor.py:766} INFO - DAG(s) dict_keys(['example_trigger_target_dag']) retrieved from /home/airflow/.local/lib/python3.7/site-packages/airflow/example_dags/example_trigger_target_dag.py
[2024-07-31T08:57:41.471+0000] {logging_mixin.py:120} INFO - [2024-07-31T08:57:41.471+0000] {dag.py:2585} INFO - Sync 1 DAGs
[2024-07-31T08:57:41.497+0000] {logging_mixin.py:120} INFO - [2024-07-31T08:57:41.497+0000] {dag.py:3340} INFO - Setting next_dagrun for example_trigger_target_dag to None, run_after=None
[2024-07-31T08:57:41.518+0000] {processor.py:176} INFO - Processing /home/airflow/.local/lib/python3.7/site-packages/airflow/example_dags/example_trigger_target_dag.py took 0.108 seconds
[2024-07-31T08:59:05.554+0000] {processor.py:154} INFO - Started process (PID=77) to work on /home/airflow/.local/lib/python3.7/site-packages/airflow/example_dags/example_trigger_target_dag.py
[2024-07-31T08:59:05.555+0000] {processor.py:756} INFO - Processing file /home/airflow/.local/lib/python3.7/site-packages/airflow/example_dags/example_trigger_target_dag.py for tasks to queue
[2024-07-31T08:59:05.556+0000] {logging_mixin.py:120} INFO - [2024-07-31T08:59:05.556+0000] {dagbag.py:537} INFO - Filling up the DagBag from /home/airflow/.local/lib/python3.7/site-packages/airflow/example_dags/example_trigger_target_dag.py
[2024-07-31T08:59:05.578+0000] {processor.py:766} INFO - DAG(s) dict_keys(['example_trigger_target_dag']) retrieved from /home/airflow/.local/lib/python3.7/site-packages/airflow/example_dags/example_trigger_target_dag.py
[2024-07-31T08:59:05.604+0000] {logging_mixin.py:120} INFO - [2024-07-31T08:59:05.604+0000] {dag.py:2585} INFO - Sync 1 DAGs
[2024-07-31T08:59:05.649+0000] {logging_mixin.py:120} INFO - [2024-07-31T08:59:05.649+0000] {dag.py:3340} INFO - Setting next_dagrun for example_trigger_target_dag to None, run_after=None
[2024-07-31T08:59:05.688+0000] {processor.py:176} INFO - Processing /home/airflow/.local/lib/python3.7/site-packages/airflow/example_dags/example_trigger_target_dag.py took 0.137 seconds
[2024-07-31T08:59:36.286+0000] {processor.py:154} INFO - Started process (PID=131) to work on /home/airflow/.local/lib/python3.7/site-packages/airflow/example_dags/example_trigger_target_dag.py
[2024-07-31T08:59:36.287+0000] {processor.py:756} INFO - Processing file /home/airflow/.local/lib/python3.7/site-packages/airflow/example_dags/example_trigger_target_dag.py for tasks to queue
[2024-07-31T08:59:36.288+0000] {logging_mixin.py:120} INFO - [2024-07-31T08:59:36.287+0000] {dagbag.py:537} INFO - Filling up the DagBag from /home/airflow/.local/lib/python3.7/site-packages/airflow/example_dags/example_trigger_target_dag.py
[2024-07-31T08:59:36.306+0000] {processor.py:766} INFO - DAG(s) dict_keys(['example_trigger_target_dag']) retrieved from /home/airflow/.local/lib/python3.7/site-packages/airflow/example_dags/example_trigger_target_dag.py
[2024-07-31T08:59:36.340+0000] {logging_mixin.py:120} INFO - [2024-07-31T08:59:36.340+0000] {dag.py:2585} INFO - Sync 1 DAGs
[2024-07-31T08:59:36.363+0000] {logging_mixin.py:120} INFO - [2024-07-31T08:59:36.363+0000] {dag.py:3340} INFO - Setting next_dagrun for example_trigger_target_dag to None, run_after=None
[2024-07-31T08:59:36.380+0000] {processor.py:176} INFO - Processing /home/airflow/.local/lib/python3.7/site-packages/airflow/example_dags/example_trigger_target_dag.py took 0.096 seconds
[2024-07-31T09:00:06.980+0000] {processor.py:154} INFO - Started process (PID=195) to work on /home/airflow/.local/lib/python3.7/site-packages/airflow/example_dags/example_trigger_target_dag.py
[2024-07-31T09:00:06.981+0000] {processor.py:756} INFO - Processing file /home/airflow/.local/lib/python3.7/site-packages/airflow/example_dags/example_trigger_target_dag.py for tasks to queue
[2024-07-31T09:00:06.981+0000] {logging_mixin.py:120} INFO - [2024-07-31T09:00:06.981+0000] {dagbag.py:537} INFO - Filling up the DagBag from /home/airflow/.local/lib/python3.7/site-packages/airflow/example_dags/example_trigger_target_dag.py
[2024-07-31T09:00:06.999+0000] {processor.py:766} INFO - DAG(s) dict_keys(['example_trigger_target_dag']) retrieved from /home/airflow/.local/lib/python3.7/site-packages/airflow/example_dags/example_trigger_target_dag.py
[2024-07-31T09:00:07.034+0000] {logging_mixin.py:120} INFO - [2024-07-31T09:00:07.034+0000] {dag.py:2585} INFO - Sync 1 DAGs
[2024-07-31T09:00:07.055+0000] {logging_mixin.py:120} INFO - [2024-07-31T09:00:07.055+0000] {dag.py:3340} INFO - Setting next_dagrun for example_trigger_target_dag to None, run_after=None
[2024-07-31T09:00:07.072+0000] {processor.py:176} INFO - Processing /home/airflow/.local/lib/python3.7/site-packages/airflow/example_dags/example_trigger_target_dag.py took 0.095 seconds
[2024-07-31T09:00:37.885+0000] {processor.py:154} INFO - Started process (PID=258) to work on /home/airflow/.local/lib/python3.7/site-packages/airflow/example_dags/example_trigger_target_dag.py
[2024-07-31T09:00:37.886+0000] {processor.py:756} INFO - Processing file /home/airflow/.local/lib/python3.7/site-packages/airflow/example_dags/example_trigger_target_dag.py for tasks to queue
[2024-07-31T09:00:37.887+0000] {logging_mixin.py:120} INFO - [2024-07-31T09:00:37.887+0000] {dagbag.py:537} INFO - Filling up the DagBag from /home/airflow/.local/lib/python3.7/site-packages/airflow/example_dags/example_trigger_target_dag.py
[2024-07-31T09:00:37.904+0000] {processor.py:766} INFO - DAG(s) dict_keys(['example_trigger_target_dag']) retrieved from /home/airflow/.local/lib/python3.7/site-packages/airflow/example_dags/example_trigger_target_dag.py
[2024-07-31T09:00:37.942+0000] {logging_mixin.py:120} INFO - [2024-07-31T09:00:37.942+0000] {dag.py:2585} INFO - Sync 1 DAGs
[2024-07-31T09:00:37.962+0000] {logging_mixin.py:120} INFO - [2024-07-31T09:00:37.962+0000] {dag.py:3340} INFO - Setting next_dagrun for example_trigger_target_dag to None, run_after=None
[2024-07-31T09:00:37.978+0000] {processor.py:176} INFO - Processing /home/airflow/.local/lib/python3.7/site-packages/airflow/example_dags/example_trigger_target_dag.py took 0.096 seconds
[2024-07-31T09:01:09.086+0000] {processor.py:154} INFO - Started process (PID=322) to work on /home/airflow/.local/lib/python3.7/site-packages/airflow/example_dags/example_trigger_target_dag.py
[2024-07-31T09:01:09.087+0000] {processor.py:756} INFO - Processing file /home/airflow/.local/lib/python3.7/site-packages/airflow/example_dags/example_trigger_target_dag.py for tasks to queue
[2024-07-31T09:01:09.088+0000] {logging_mixin.py:120} INFO - [2024-07-31T09:01:09.088+0000] {dagbag.py:537} INFO - Filling up the DagBag from /home/airflow/.local/lib/python3.7/site-packages/airflow/example_dags/example_trigger_target_dag.py
[2024-07-31T09:01:09.107+0000] {processor.py:766} INFO - DAG(s) dict_keys(['example_trigger_target_dag']) retrieved from /home/airflow/.local/lib/python3.7/site-packages/airflow/example_dags/example_trigger_target_dag.py
[2024-07-31T09:01:09.144+0000] {logging_mixin.py:120} INFO - [2024-07-31T09:01:09.144+0000] {dag.py:2585} INFO - Sync 1 DAGs
[2024-07-31T09:01:09.166+0000] {logging_mixin.py:120} INFO - [2024-07-31T09:01:09.166+0000] {dag.py:3340} INFO - Setting next_dagrun for example_trigger_target_dag to None, run_after=None
[2024-07-31T09:01:09.185+0000] {processor.py:176} INFO - Processing /home/airflow/.local/lib/python3.7/site-packages/airflow/example_dags/example_trigger_target_dag.py took 0.102 seconds
[2024-07-31T09:01:40.411+0000] {processor.py:154} INFO - Started process (PID=376) to work on /home/airflow/.local/lib/python3.7/site-packages/airflow/example_dags/example_trigger_target_dag.py
[2024-07-31T09:01:40.412+0000] {processor.py:756} INFO - Processing file /home/airflow/.local/lib/python3.7/site-packages/airflow/example_dags/example_trigger_target_dag.py for tasks to queue
[2024-07-31T09:01:40.412+0000] {logging_mixin.py:120} INFO - [2024-07-31T09:01:40.412+0000] {dagbag.py:537} INFO - Filling up the DagBag from /home/airflow/.local/lib/python3.7/site-packages/airflow/example_dags/example_trigger_target_dag.py
[2024-07-31T09:01:40.432+0000] {processor.py:766} INFO - DAG(s) dict_keys(['example_trigger_target_dag']) retrieved from /home/airflow/.local/lib/python3.7/site-packages/airflow/example_dags/example_trigger_target_dag.py
[2024-07-31T09:01:40.469+0000] {logging_mixin.py:120} INFO - [2024-07-31T09:01:40.468+0000] {dag.py:2585} INFO - Sync 1 DAGs
[2024-07-31T09:01:40.492+0000] {logging_mixin.py:120} INFO - [2024-07-31T09:01:40.491+0000] {dag.py:3340} INFO - Setting next_dagrun for example_trigger_target_dag to None, run_after=None
[2024-07-31T09:01:40.510+0000] {processor.py:176} INFO - Processing /home/airflow/.local/lib/python3.7/site-packages/airflow/example_dags/example_trigger_target_dag.py took 0.102 seconds
[2024-07-31T09:02:11.213+0000] {processor.py:154} INFO - Started process (PID=439) to work on /home/airflow/.local/lib/python3.7/site-packages/airflow/example_dags/example_trigger_target_dag.py
[2024-07-31T09:02:11.214+0000] {processor.py:756} INFO - Processing file /home/airflow/.local/lib/python3.7/site-packages/airflow/example_dags/example_trigger_target_dag.py for tasks to queue
[2024-07-31T09:02:11.215+0000] {logging_mixin.py:120} INFO - [2024-07-31T09:02:11.214+0000] {dagbag.py:537} INFO - Filling up the DagBag from /home/airflow/.local/lib/python3.7/site-packages/airflow/example_dags/example_trigger_target_dag.py
[2024-07-31T09:02:11.239+0000] {processor.py:766} INFO - DAG(s) dict_keys(['example_trigger_target_dag']) retrieved from /home/airflow/.local/lib/python3.7/site-packages/airflow/example_dags/example_trigger_target_dag.py
[2024-07-31T09:02:11.267+0000] {logging_mixin.py:120} INFO - [2024-07-31T09:02:11.267+0000] {dag.py:2585} INFO - Sync 1 DAGs
[2024-07-31T09:02:11.296+0000] {logging_mixin.py:120} INFO - [2024-07-31T09:02:11.296+0000] {dag.py:3340} INFO - Setting next_dagrun for example_trigger_target_dag to None, run_after=None
[2024-07-31T09:02:11.315+0000] {processor.py:176} INFO - Processing /home/airflow/.local/lib/python3.7/site-packages/airflow/example_dags/example_trigger_target_dag.py took 0.106 seconds
[2024-07-31T09:02:41.833+0000] {processor.py:154} INFO - Started process (PID=502) to work on /home/airflow/.local/lib/python3.7/site-packages/airflow/example_dags/example_trigger_target_dag.py
[2024-07-31T09:02:41.834+0000] {processor.py:756} INFO - Processing file /home/airflow/.local/lib/python3.7/site-packages/airflow/example_dags/example_trigger_target_dag.py for tasks to queue
[2024-07-31T09:02:41.835+0000] {logging_mixin.py:120} INFO - [2024-07-31T09:02:41.835+0000] {dagbag.py:537} INFO - Filling up the DagBag from /home/airflow/.local/lib/python3.7/site-packages/airflow/example_dags/example_trigger_target_dag.py
[2024-07-31T09:02:41.853+0000] {processor.py:766} INFO - DAG(s) dict_keys(['example_trigger_target_dag']) retrieved from /home/airflow/.local/lib/python3.7/site-packages/airflow/example_dags/example_trigger_target_dag.py
[2024-07-31T09:02:41.887+0000] {logging_mixin.py:120} INFO - [2024-07-31T09:02:41.887+0000] {dag.py:2585} INFO - Sync 1 DAGs
[2024-07-31T09:02:41.908+0000] {logging_mixin.py:120} INFO - [2024-07-31T09:02:41.908+0000] {dag.py:3340} INFO - Setting next_dagrun for example_trigger_target_dag to None, run_after=None
[2024-07-31T09:02:41.926+0000] {processor.py:176} INFO - Processing /home/airflow/.local/lib/python3.7/site-packages/airflow/example_dags/example_trigger_target_dag.py took 0.096 seconds
[2024-07-31T09:03:12.757+0000] {processor.py:154} INFO - Started process (PID=565) to work on /home/airflow/.local/lib/python3.7/site-packages/airflow/example_dags/example_trigger_target_dag.py
[2024-07-31T09:03:12.758+0000] {processor.py:756} INFO - Processing file /home/airflow/.local/lib/python3.7/site-packages/airflow/example_dags/example_trigger_target_dag.py for tasks to queue
[2024-07-31T09:03:12.758+0000] {logging_mixin.py:120} INFO - [2024-07-31T09:03:12.758+0000] {dagbag.py:537} INFO - Filling up the DagBag from /home/airflow/.local/lib/python3.7/site-packages/airflow/example_dags/example_trigger_target_dag.py
[2024-07-31T09:03:12.776+0000] {processor.py:766} INFO - DAG(s) dict_keys(['example_trigger_target_dag']) retrieved from /home/airflow/.local/lib/python3.7/site-packages/airflow/example_dags/example_trigger_target_dag.py
[2024-07-31T09:03:12.810+0000] {logging_mixin.py:120} INFO - [2024-07-31T09:03:12.810+0000] {dag.py:2585} INFO - Sync 1 DAGs
[2024-07-31T09:03:12.831+0000] {logging_mixin.py:120} INFO - [2024-07-31T09:03:12.831+0000] {dag.py:3340} INFO - Setting next_dagrun for example_trigger_target_dag to None, run_after=None
[2024-07-31T09:03:12.849+0000] {processor.py:176} INFO - Processing /home/airflow/.local/lib/python3.7/site-packages/airflow/example_dags/example_trigger_target_dag.py took 0.095 seconds
