[2024-07-31T08:52:56.990+0000] {processor.py:154} INFO - Started process (PID=75) to work on /home/airflow/.local/lib/python3.7/site-packages/airflow/example_dags/example_branch_python_dop_operator_3.py
[2024-07-31T08:52:56.991+0000] {processor.py:756} INFO - Processing file /home/airflow/.local/lib/python3.7/site-packages/airflow/example_dags/example_branch_python_dop_operator_3.py for tasks to queue
[2024-07-31T08:52:56.992+0000] {logging_mixin.py:120} INFO - [2024-07-31T08:52:56.992+0000] {dagbag.py:537} INFO - Filling up the DagBag from /home/airflow/.local/lib/python3.7/site-packages/airflow/example_dags/example_branch_python_dop_operator_3.py
[2024-07-31T08:52:57.017+0000] {processor.py:766} INFO - DAG(s) dict_keys(['example_branch_dop_operator_v3']) retrieved from /home/airflow/.local/lib/python3.7/site-packages/airflow/example_dags/example_branch_python_dop_operator_3.py
[2024-07-31T08:52:57.175+0000] {logging_mixin.py:120} INFO - [2024-07-31T08:52:57.175+0000] {manager.py:507} INFO - Created Permission View: can read on DAG:example_branch_dop_operator_v3
[2024-07-31T08:52:57.189+0000] {logging_mixin.py:120} INFO - [2024-07-31T08:52:57.189+0000] {manager.py:507} INFO - Created Permission View: can edit on DAG:example_branch_dop_operator_v3
[2024-07-31T08:52:57.199+0000] {logging_mixin.py:120} INFO - [2024-07-31T08:52:57.198+0000] {manager.py:507} INFO - Created Permission View: can delete on DAG:example_branch_dop_operator_v3
[2024-07-31T08:52:57.199+0000] {logging_mixin.py:120} INFO - [2024-07-31T08:52:57.199+0000] {dag.py:2585} INFO - Sync 1 DAGs
[2024-07-31T08:52:57.215+0000] {logging_mixin.py:120} INFO - [2024-07-31T08:52:57.215+0000] {dag.py:2606} INFO - Creating ORM DAG for example_branch_dop_operator_v3
[2024-07-31T08:52:57.238+0000] {logging_mixin.py:120} INFO - [2024-07-31T08:52:57.238+0000] {dag.py:3340} INFO - Setting next_dagrun for example_branch_dop_operator_v3 to 2024-07-31T08:51:00+00:00, run_after=2024-07-31T08:52:00+00:00
[2024-07-31T08:52:57.262+0000] {processor.py:176} INFO - Processing /home/airflow/.local/lib/python3.7/site-packages/airflow/example_dags/example_branch_python_dop_operator_3.py took 0.275 seconds
[2024-07-31T08:53:28.059+0000] {processor.py:154} INFO - Started process (PID=138) to work on /home/airflow/.local/lib/python3.7/site-packages/airflow/example_dags/example_branch_python_dop_operator_3.py
[2024-07-31T08:53:28.059+0000] {processor.py:756} INFO - Processing file /home/airflow/.local/lib/python3.7/site-packages/airflow/example_dags/example_branch_python_dop_operator_3.py for tasks to queue
[2024-07-31T08:53:28.060+0000] {logging_mixin.py:120} INFO - [2024-07-31T08:53:28.060+0000] {dagbag.py:537} INFO - Filling up the DagBag from /home/airflow/.local/lib/python3.7/site-packages/airflow/example_dags/example_branch_python_dop_operator_3.py
[2024-07-31T08:53:28.080+0000] {processor.py:766} INFO - DAG(s) dict_keys(['example_branch_dop_operator_v3']) retrieved from /home/airflow/.local/lib/python3.7/site-packages/airflow/example_dags/example_branch_python_dop_operator_3.py
[2024-07-31T08:53:28.114+0000] {logging_mixin.py:120} INFO - [2024-07-31T08:53:28.114+0000] {dag.py:2585} INFO - Sync 1 DAGs
[2024-07-31T08:53:28.141+0000] {logging_mixin.py:120} INFO - [2024-07-31T08:53:28.141+0000] {dag.py:3340} INFO - Setting next_dagrun for example_branch_dop_operator_v3 to 2024-07-31T08:52:00+00:00, run_after=2024-07-31T08:53:00+00:00
[2024-07-31T08:53:28.162+0000] {processor.py:176} INFO - Processing /home/airflow/.local/lib/python3.7/site-packages/airflow/example_dags/example_branch_python_dop_operator_3.py took 0.106 seconds
[2024-07-31T08:53:58.359+0000] {processor.py:154} INFO - Started process (PID=202) to work on /home/airflow/.local/lib/python3.7/site-packages/airflow/example_dags/example_branch_python_dop_operator_3.py
[2024-07-31T08:53:58.360+0000] {processor.py:756} INFO - Processing file /home/airflow/.local/lib/python3.7/site-packages/airflow/example_dags/example_branch_python_dop_operator_3.py for tasks to queue
[2024-07-31T08:53:58.360+0000] {logging_mixin.py:120} INFO - [2024-07-31T08:53:58.360+0000] {dagbag.py:537} INFO - Filling up the DagBag from /home/airflow/.local/lib/python3.7/site-packages/airflow/example_dags/example_branch_python_dop_operator_3.py
[2024-07-31T08:53:58.381+0000] {processor.py:766} INFO - DAG(s) dict_keys(['example_branch_dop_operator_v3']) retrieved from /home/airflow/.local/lib/python3.7/site-packages/airflow/example_dags/example_branch_python_dop_operator_3.py
[2024-07-31T08:53:58.418+0000] {logging_mixin.py:120} INFO - [2024-07-31T08:53:58.418+0000] {dag.py:2585} INFO - Sync 1 DAGs
[2024-07-31T08:53:58.445+0000] {logging_mixin.py:120} INFO - [2024-07-31T08:53:58.445+0000] {dag.py:3340} INFO - Setting next_dagrun for example_branch_dop_operator_v3 to 2024-07-31T08:52:00+00:00, run_after=2024-07-31T08:53:00+00:00
[2024-07-31T08:53:58.466+0000] {processor.py:176} INFO - Processing /home/airflow/.local/lib/python3.7/site-packages/airflow/example_dags/example_branch_python_dop_operator_3.py took 0.110 seconds
[2024-07-31T08:54:28.966+0000] {processor.py:154} INFO - Started process (PID=256) to work on /home/airflow/.local/lib/python3.7/site-packages/airflow/example_dags/example_branch_python_dop_operator_3.py
[2024-07-31T08:54:28.967+0000] {processor.py:756} INFO - Processing file /home/airflow/.local/lib/python3.7/site-packages/airflow/example_dags/example_branch_python_dop_operator_3.py for tasks to queue
[2024-07-31T08:54:28.968+0000] {logging_mixin.py:120} INFO - [2024-07-31T08:54:28.968+0000] {dagbag.py:537} INFO - Filling up the DagBag from /home/airflow/.local/lib/python3.7/site-packages/airflow/example_dags/example_branch_python_dop_operator_3.py
[2024-07-31T08:54:28.989+0000] {processor.py:766} INFO - DAG(s) dict_keys(['example_branch_dop_operator_v3']) retrieved from /home/airflow/.local/lib/python3.7/site-packages/airflow/example_dags/example_branch_python_dop_operator_3.py
[2024-07-31T08:54:29.024+0000] {logging_mixin.py:120} INFO - [2024-07-31T08:54:29.023+0000] {dag.py:2585} INFO - Sync 1 DAGs
[2024-07-31T08:54:29.050+0000] {logging_mixin.py:120} INFO - [2024-07-31T08:54:29.049+0000] {dag.py:3340} INFO - Setting next_dagrun for example_branch_dop_operator_v3 to 2024-07-31T08:53:00+00:00, run_after=2024-07-31T08:54:00+00:00
[2024-07-31T08:54:29.067+0000] {processor.py:176} INFO - Processing /home/airflow/.local/lib/python3.7/site-packages/airflow/example_dags/example_branch_python_dop_operator_3.py took 0.103 seconds
[2024-07-31T08:54:59.808+0000] {processor.py:154} INFO - Started process (PID=319) to work on /home/airflow/.local/lib/python3.7/site-packages/airflow/example_dags/example_branch_python_dop_operator_3.py
[2024-07-31T08:54:59.809+0000] {processor.py:756} INFO - Processing file /home/airflow/.local/lib/python3.7/site-packages/airflow/example_dags/example_branch_python_dop_operator_3.py for tasks to queue
[2024-07-31T08:54:59.809+0000] {logging_mixin.py:120} INFO - [2024-07-31T08:54:59.809+0000] {dagbag.py:537} INFO - Filling up the DagBag from /home/airflow/.local/lib/python3.7/site-packages/airflow/example_dags/example_branch_python_dop_operator_3.py
[2024-07-31T08:54:59.830+0000] {processor.py:766} INFO - DAG(s) dict_keys(['example_branch_dop_operator_v3']) retrieved from /home/airflow/.local/lib/python3.7/site-packages/airflow/example_dags/example_branch_python_dop_operator_3.py
[2024-07-31T08:54:59.865+0000] {logging_mixin.py:120} INFO - [2024-07-31T08:54:59.865+0000] {dag.py:2585} INFO - Sync 1 DAGs
[2024-07-31T08:54:59.891+0000] {logging_mixin.py:120} INFO - [2024-07-31T08:54:59.890+0000] {dag.py:3340} INFO - Setting next_dagrun for example_branch_dop_operator_v3 to 2024-07-31T08:53:00+00:00, run_after=2024-07-31T08:54:00+00:00
[2024-07-31T08:54:59.913+0000] {processor.py:176} INFO - Processing /home/airflow/.local/lib/python3.7/site-packages/airflow/example_dags/example_branch_python_dop_operator_3.py took 0.109 seconds
[2024-07-31T08:55:30.143+0000] {processor.py:154} INFO - Started process (PID=382) to work on /home/airflow/.local/lib/python3.7/site-packages/airflow/example_dags/example_branch_python_dop_operator_3.py
[2024-07-31T08:55:30.144+0000] {processor.py:756} INFO - Processing file /home/airflow/.local/lib/python3.7/site-packages/airflow/example_dags/example_branch_python_dop_operator_3.py for tasks to queue
[2024-07-31T08:55:30.145+0000] {logging_mixin.py:120} INFO - [2024-07-31T08:55:30.145+0000] {dagbag.py:537} INFO - Filling up the DagBag from /home/airflow/.local/lib/python3.7/site-packages/airflow/example_dags/example_branch_python_dop_operator_3.py
[2024-07-31T08:55:30.165+0000] {processor.py:766} INFO - DAG(s) dict_keys(['example_branch_dop_operator_v3']) retrieved from /home/airflow/.local/lib/python3.7/site-packages/airflow/example_dags/example_branch_python_dop_operator_3.py
[2024-07-31T08:55:30.199+0000] {logging_mixin.py:120} INFO - [2024-07-31T08:55:30.199+0000] {dag.py:2585} INFO - Sync 1 DAGs
[2024-07-31T08:55:30.226+0000] {logging_mixin.py:120} INFO - [2024-07-31T08:55:30.226+0000] {dag.py:3340} INFO - Setting next_dagrun for example_branch_dop_operator_v3 to 2024-07-31T08:54:00+00:00, run_after=2024-07-31T08:55:00+00:00
[2024-07-31T08:55:30.246+0000] {processor.py:176} INFO - Processing /home/airflow/.local/lib/python3.7/site-packages/airflow/example_dags/example_branch_python_dop_operator_3.py took 0.105 seconds
[2024-07-31T08:56:01.109+0000] {processor.py:154} INFO - Started process (PID=436) to work on /home/airflow/.local/lib/python3.7/site-packages/airflow/example_dags/example_branch_python_dop_operator_3.py
[2024-07-31T08:56:01.110+0000] {processor.py:756} INFO - Processing file /home/airflow/.local/lib/python3.7/site-packages/airflow/example_dags/example_branch_python_dop_operator_3.py for tasks to queue
[2024-07-31T08:56:01.111+0000] {logging_mixin.py:120} INFO - [2024-07-31T08:56:01.111+0000] {dagbag.py:537} INFO - Filling up the DagBag from /home/airflow/.local/lib/python3.7/site-packages/airflow/example_dags/example_branch_python_dop_operator_3.py
[2024-07-31T08:56:01.131+0000] {processor.py:766} INFO - DAG(s) dict_keys(['example_branch_dop_operator_v3']) retrieved from /home/airflow/.local/lib/python3.7/site-packages/airflow/example_dags/example_branch_python_dop_operator_3.py
[2024-07-31T08:56:01.165+0000] {logging_mixin.py:120} INFO - [2024-07-31T08:56:01.165+0000] {dag.py:2585} INFO - Sync 1 DAGs
[2024-07-31T08:56:01.194+0000] {logging_mixin.py:120} INFO - [2024-07-31T08:56:01.194+0000] {dag.py:3340} INFO - Setting next_dagrun for example_branch_dop_operator_v3 to 2024-07-31T08:55:00+00:00, run_after=2024-07-31T08:56:00+00:00
[2024-07-31T08:56:01.214+0000] {processor.py:176} INFO - Processing /home/airflow/.local/lib/python3.7/site-packages/airflow/example_dags/example_branch_python_dop_operator_3.py took 0.108 seconds
[2024-07-31T08:57:10.552+0000] {processor.py:154} INFO - Started process (PID=76) to work on /home/airflow/.local/lib/python3.7/site-packages/airflow/example_dags/example_branch_python_dop_operator_3.py
[2024-07-31T08:57:10.553+0000] {processor.py:756} INFO - Processing file /home/airflow/.local/lib/python3.7/site-packages/airflow/example_dags/example_branch_python_dop_operator_3.py for tasks to queue
[2024-07-31T08:57:10.553+0000] {logging_mixin.py:120} INFO - [2024-07-31T08:57:10.553+0000] {dagbag.py:537} INFO - Filling up the DagBag from /home/airflow/.local/lib/python3.7/site-packages/airflow/example_dags/example_branch_python_dop_operator_3.py
[2024-07-31T08:57:10.576+0000] {processor.py:766} INFO - DAG(s) dict_keys(['example_branch_dop_operator_v3']) retrieved from /home/airflow/.local/lib/python3.7/site-packages/airflow/example_dags/example_branch_python_dop_operator_3.py
[2024-07-31T08:57:10.603+0000] {logging_mixin.py:120} INFO - [2024-07-31T08:57:10.603+0000] {dag.py:2585} INFO - Sync 1 DAGs
[2024-07-31T08:57:10.647+0000] {logging_mixin.py:120} INFO - [2024-07-31T08:57:10.647+0000] {dag.py:3340} INFO - Setting next_dagrun for example_branch_dop_operator_v3 to 2024-07-31T08:56:00+00:00, run_after=2024-07-31T08:57:00+00:00
[2024-07-31T08:57:10.668+0000] {processor.py:176} INFO - Processing /home/airflow/.local/lib/python3.7/site-packages/airflow/example_dags/example_branch_python_dop_operator_3.py took 0.119 seconds
[2024-07-31T08:57:41.286+0000] {processor.py:154} INFO - Started process (PID=130) to work on /home/airflow/.local/lib/python3.7/site-packages/airflow/example_dags/example_branch_python_dop_operator_3.py
[2024-07-31T08:57:41.287+0000] {processor.py:756} INFO - Processing file /home/airflow/.local/lib/python3.7/site-packages/airflow/example_dags/example_branch_python_dop_operator_3.py for tasks to queue
[2024-07-31T08:57:41.287+0000] {logging_mixin.py:120} INFO - [2024-07-31T08:57:41.287+0000] {dagbag.py:537} INFO - Filling up the DagBag from /home/airflow/.local/lib/python3.7/site-packages/airflow/example_dags/example_branch_python_dop_operator_3.py
[2024-07-31T08:57:41.308+0000] {processor.py:766} INFO - DAG(s) dict_keys(['example_branch_dop_operator_v3']) retrieved from /home/airflow/.local/lib/python3.7/site-packages/airflow/example_dags/example_branch_python_dop_operator_3.py
[2024-07-31T08:57:41.343+0000] {logging_mixin.py:120} INFO - [2024-07-31T08:57:41.343+0000] {dag.py:2585} INFO - Sync 1 DAGs
[2024-07-31T08:57:41.372+0000] {logging_mixin.py:120} INFO - [2024-07-31T08:57:41.372+0000] {dag.py:3340} INFO - Setting next_dagrun for example_branch_dop_operator_v3 to 2024-07-31T08:56:00+00:00, run_after=2024-07-31T08:57:00+00:00
[2024-07-31T08:57:41.391+0000] {processor.py:176} INFO - Processing /home/airflow/.local/lib/python3.7/site-packages/airflow/example_dags/example_branch_python_dop_operator_3.py took 0.107 seconds
[2024-07-31T08:59:05.379+0000] {processor.py:154} INFO - Started process (PID=75) to work on /home/airflow/.local/lib/python3.7/site-packages/airflow/example_dags/example_branch_python_dop_operator_3.py
[2024-07-31T08:59:05.380+0000] {processor.py:756} INFO - Processing file /home/airflow/.local/lib/python3.7/site-packages/airflow/example_dags/example_branch_python_dop_operator_3.py for tasks to queue
[2024-07-31T08:59:05.381+0000] {logging_mixin.py:120} INFO - [2024-07-31T08:59:05.381+0000] {dagbag.py:537} INFO - Filling up the DagBag from /home/airflow/.local/lib/python3.7/site-packages/airflow/example_dags/example_branch_python_dop_operator_3.py
[2024-07-31T08:59:05.417+0000] {processor.py:766} INFO - DAG(s) dict_keys(['example_branch_dop_operator_v3']) retrieved from /home/airflow/.local/lib/python3.7/site-packages/airflow/example_dags/example_branch_python_dop_operator_3.py
[2024-07-31T08:59:05.458+0000] {logging_mixin.py:120} INFO - [2024-07-31T08:59:05.458+0000] {dag.py:2585} INFO - Sync 1 DAGs
[2024-07-31T08:59:05.502+0000] {logging_mixin.py:120} INFO - [2024-07-31T08:59:05.502+0000] {dag.py:3340} INFO - Setting next_dagrun for example_branch_dop_operator_v3 to 2024-07-31T08:58:00+00:00, run_after=2024-07-31T08:59:00+00:00
[2024-07-31T08:59:05.528+0000] {processor.py:176} INFO - Processing /home/airflow/.local/lib/python3.7/site-packages/airflow/example_dags/example_branch_python_dop_operator_3.py took 0.153 seconds
[2024-07-31T08:59:36.162+0000] {processor.py:154} INFO - Started process (PID=129) to work on /home/airflow/.local/lib/python3.7/site-packages/airflow/example_dags/example_branch_python_dop_operator_3.py
[2024-07-31T08:59:36.163+0000] {processor.py:756} INFO - Processing file /home/airflow/.local/lib/python3.7/site-packages/airflow/example_dags/example_branch_python_dop_operator_3.py for tasks to queue
[2024-07-31T08:59:36.164+0000] {logging_mixin.py:120} INFO - [2024-07-31T08:59:36.164+0000] {dagbag.py:537} INFO - Filling up the DagBag from /home/airflow/.local/lib/python3.7/site-packages/airflow/example_dags/example_branch_python_dop_operator_3.py
[2024-07-31T08:59:36.184+0000] {processor.py:766} INFO - DAG(s) dict_keys(['example_branch_dop_operator_v3']) retrieved from /home/airflow/.local/lib/python3.7/site-packages/airflow/example_dags/example_branch_python_dop_operator_3.py
[2024-07-31T08:59:36.221+0000] {logging_mixin.py:120} INFO - [2024-07-31T08:59:36.221+0000] {dag.py:2585} INFO - Sync 1 DAGs
[2024-07-31T08:59:36.249+0000] {logging_mixin.py:120} INFO - [2024-07-31T08:59:36.248+0000] {dag.py:3340} INFO - Setting next_dagrun for example_branch_dop_operator_v3 to 2024-07-31T08:58:00+00:00, run_after=2024-07-31T08:59:00+00:00
[2024-07-31T08:59:36.266+0000] {processor.py:176} INFO - Processing /home/airflow/.local/lib/python3.7/site-packages/airflow/example_dags/example_branch_python_dop_operator_3.py took 0.106 seconds
[2024-07-31T09:00:06.862+0000] {processor.py:154} INFO - Started process (PID=193) to work on /home/airflow/.local/lib/python3.7/site-packages/airflow/example_dags/example_branch_python_dop_operator_3.py
[2024-07-31T09:00:06.862+0000] {processor.py:756} INFO - Processing file /home/airflow/.local/lib/python3.7/site-packages/airflow/example_dags/example_branch_python_dop_operator_3.py for tasks to queue
[2024-07-31T09:00:06.863+0000] {logging_mixin.py:120} INFO - [2024-07-31T09:00:06.863+0000] {dagbag.py:537} INFO - Filling up the DagBag from /home/airflow/.local/lib/python3.7/site-packages/airflow/example_dags/example_branch_python_dop_operator_3.py
[2024-07-31T09:00:06.882+0000] {processor.py:766} INFO - DAG(s) dict_keys(['example_branch_dop_operator_v3']) retrieved from /home/airflow/.local/lib/python3.7/site-packages/airflow/example_dags/example_branch_python_dop_operator_3.py
[2024-07-31T09:00:06.917+0000] {logging_mixin.py:120} INFO - [2024-07-31T09:00:06.917+0000] {dag.py:2585} INFO - Sync 1 DAGs
[2024-07-31T09:00:06.943+0000] {logging_mixin.py:120} INFO - [2024-07-31T09:00:06.942+0000] {dag.py:3340} INFO - Setting next_dagrun for example_branch_dop_operator_v3 to 2024-07-31T08:59:00+00:00, run_after=2024-07-31T09:00:00+00:00
[2024-07-31T09:00:06.960+0000] {processor.py:176} INFO - Processing /home/airflow/.local/lib/python3.7/site-packages/airflow/example_dags/example_branch_python_dop_operator_3.py took 0.101 seconds
[2024-07-31T09:00:37.765+0000] {processor.py:154} INFO - Started process (PID=256) to work on /home/airflow/.local/lib/python3.7/site-packages/airflow/example_dags/example_branch_python_dop_operator_3.py
[2024-07-31T09:00:37.766+0000] {processor.py:756} INFO - Processing file /home/airflow/.local/lib/python3.7/site-packages/airflow/example_dags/example_branch_python_dop_operator_3.py for tasks to queue
[2024-07-31T09:00:37.767+0000] {logging_mixin.py:120} INFO - [2024-07-31T09:00:37.767+0000] {dagbag.py:537} INFO - Filling up the DagBag from /home/airflow/.local/lib/python3.7/site-packages/airflow/example_dags/example_branch_python_dop_operator_3.py
[2024-07-31T09:00:37.786+0000] {processor.py:766} INFO - DAG(s) dict_keys(['example_branch_dop_operator_v3']) retrieved from /home/airflow/.local/lib/python3.7/site-packages/airflow/example_dags/example_branch_python_dop_operator_3.py
[2024-07-31T09:00:37.819+0000] {logging_mixin.py:120} INFO - [2024-07-31T09:00:37.819+0000] {dag.py:2585} INFO - Sync 1 DAGs
[2024-07-31T09:00:37.845+0000] {logging_mixin.py:120} INFO - [2024-07-31T09:00:37.845+0000] {dag.py:3340} INFO - Setting next_dagrun for example_branch_dop_operator_v3 to 2024-07-31T08:59:00+00:00, run_after=2024-07-31T09:00:00+00:00
[2024-07-31T09:00:37.863+0000] {processor.py:176} INFO - Processing /home/airflow/.local/lib/python3.7/site-packages/airflow/example_dags/example_branch_python_dop_operator_3.py took 0.100 seconds
[2024-07-31T09:01:08.936+0000] {processor.py:154} INFO - Started process (PID=320) to work on /home/airflow/.local/lib/python3.7/site-packages/airflow/example_dags/example_branch_python_dop_operator_3.py
[2024-07-31T09:01:08.937+0000] {processor.py:756} INFO - Processing file /home/airflow/.local/lib/python3.7/site-packages/airflow/example_dags/example_branch_python_dop_operator_3.py for tasks to queue
[2024-07-31T09:01:08.938+0000] {logging_mixin.py:120} INFO - [2024-07-31T09:01:08.938+0000] {dagbag.py:537} INFO - Filling up the DagBag from /home/airflow/.local/lib/python3.7/site-packages/airflow/example_dags/example_branch_python_dop_operator_3.py
[2024-07-31T09:01:08.972+0000] {processor.py:766} INFO - DAG(s) dict_keys(['example_branch_dop_operator_v3']) retrieved from /home/airflow/.local/lib/python3.7/site-packages/airflow/example_dags/example_branch_python_dop_operator_3.py
[2024-07-31T09:01:09.014+0000] {logging_mixin.py:120} INFO - [2024-07-31T09:01:09.014+0000] {dag.py:2585} INFO - Sync 1 DAGs
[2024-07-31T09:01:09.043+0000] {logging_mixin.py:120} INFO - [2024-07-31T09:01:09.043+0000] {dag.py:3340} INFO - Setting next_dagrun for example_branch_dop_operator_v3 to 2024-07-31T09:00:00+00:00, run_after=2024-07-31T09:01:00+00:00
[2024-07-31T09:01:09.062+0000] {processor.py:176} INFO - Processing /home/airflow/.local/lib/python3.7/site-packages/airflow/example_dags/example_branch_python_dop_operator_3.py took 0.129 seconds
[2024-07-31T09:01:40.065+0000] {processor.py:154} INFO - Started process (PID=374) to work on /home/airflow/.local/lib/python3.7/site-packages/airflow/example_dags/example_branch_python_dop_operator_3.py
[2024-07-31T09:01:40.066+0000] {processor.py:756} INFO - Processing file /home/airflow/.local/lib/python3.7/site-packages/airflow/example_dags/example_branch_python_dop_operator_3.py for tasks to queue
[2024-07-31T09:01:40.067+0000] {logging_mixin.py:120} INFO - [2024-07-31T09:01:40.067+0000] {dagbag.py:537} INFO - Filling up the DagBag from /home/airflow/.local/lib/python3.7/site-packages/airflow/example_dags/example_branch_python_dop_operator_3.py
[2024-07-31T09:01:40.088+0000] {processor.py:766} INFO - DAG(s) dict_keys(['example_branch_dop_operator_v3']) retrieved from /home/airflow/.local/lib/python3.7/site-packages/airflow/example_dags/example_branch_python_dop_operator_3.py
[2024-07-31T09:01:40.125+0000] {logging_mixin.py:120} INFO - [2024-07-31T09:01:40.125+0000] {dag.py:2585} INFO - Sync 1 DAGs
[2024-07-31T09:01:40.174+0000] {logging_mixin.py:120} INFO - [2024-07-31T09:01:40.174+0000] {dag.py:3340} INFO - Setting next_dagrun for example_branch_dop_operator_v3 to 2024-07-31T09:00:00+00:00, run_after=2024-07-31T09:01:00+00:00
[2024-07-31T09:01:40.217+0000] {processor.py:176} INFO - Processing /home/airflow/.local/lib/python3.7/site-packages/airflow/example_dags/example_branch_python_dop_operator_3.py took 0.155 seconds
[2024-07-31T09:02:11.036+0000] {processor.py:154} INFO - Started process (PID=437) to work on /home/airflow/.local/lib/python3.7/site-packages/airflow/example_dags/example_branch_python_dop_operator_3.py
[2024-07-31T09:02:11.037+0000] {processor.py:756} INFO - Processing file /home/airflow/.local/lib/python3.7/site-packages/airflow/example_dags/example_branch_python_dop_operator_3.py for tasks to queue
[2024-07-31T09:02:11.037+0000] {logging_mixin.py:120} INFO - [2024-07-31T09:02:11.037+0000] {dagbag.py:537} INFO - Filling up the DagBag from /home/airflow/.local/lib/python3.7/site-packages/airflow/example_dags/example_branch_python_dop_operator_3.py
[2024-07-31T09:02:11.067+0000] {processor.py:766} INFO - DAG(s) dict_keys(['example_branch_dop_operator_v3']) retrieved from /home/airflow/.local/lib/python3.7/site-packages/airflow/example_dags/example_branch_python_dop_operator_3.py
[2024-07-31T09:02:11.107+0000] {logging_mixin.py:120} INFO - [2024-07-31T09:02:11.107+0000] {dag.py:2585} INFO - Sync 1 DAGs
[2024-07-31T09:02:11.167+0000] {logging_mixin.py:120} INFO - [2024-07-31T09:02:11.167+0000] {dag.py:3340} INFO - Setting next_dagrun for example_branch_dop_operator_v3 to 2024-07-31T09:01:00+00:00, run_after=2024-07-31T09:02:00+00:00
[2024-07-31T09:02:11.188+0000] {processor.py:176} INFO - Processing /home/airflow/.local/lib/python3.7/site-packages/airflow/example_dags/example_branch_python_dop_operator_3.py took 0.155 seconds
[2024-07-31T09:02:41.709+0000] {processor.py:154} INFO - Started process (PID=500) to work on /home/airflow/.local/lib/python3.7/site-packages/airflow/example_dags/example_branch_python_dop_operator_3.py
[2024-07-31T09:02:41.710+0000] {processor.py:756} INFO - Processing file /home/airflow/.local/lib/python3.7/site-packages/airflow/example_dags/example_branch_python_dop_operator_3.py for tasks to queue
[2024-07-31T09:02:41.711+0000] {logging_mixin.py:120} INFO - [2024-07-31T09:02:41.710+0000] {dagbag.py:537} INFO - Filling up the DagBag from /home/airflow/.local/lib/python3.7/site-packages/airflow/example_dags/example_branch_python_dop_operator_3.py
[2024-07-31T09:02:41.731+0000] {processor.py:766} INFO - DAG(s) dict_keys(['example_branch_dop_operator_v3']) retrieved from /home/airflow/.local/lib/python3.7/site-packages/airflow/example_dags/example_branch_python_dop_operator_3.py
[2024-07-31T09:02:41.766+0000] {logging_mixin.py:120} INFO - [2024-07-31T09:02:41.766+0000] {dag.py:2585} INFO - Sync 1 DAGs
[2024-07-31T09:02:41.793+0000] {logging_mixin.py:120} INFO - [2024-07-31T09:02:41.793+0000] {dag.py:3340} INFO - Setting next_dagrun for example_branch_dop_operator_v3 to 2024-07-31T09:01:00+00:00, run_after=2024-07-31T09:02:00+00:00
[2024-07-31T09:02:41.811+0000] {processor.py:176} INFO - Processing /home/airflow/.local/lib/python3.7/site-packages/airflow/example_dags/example_branch_python_dop_operator_3.py took 0.105 seconds
[2024-07-31T09:03:12.635+0000] {processor.py:154} INFO - Started process (PID=563) to work on /home/airflow/.local/lib/python3.7/site-packages/airflow/example_dags/example_branch_python_dop_operator_3.py
[2024-07-31T09:03:12.636+0000] {processor.py:756} INFO - Processing file /home/airflow/.local/lib/python3.7/site-packages/airflow/example_dags/example_branch_python_dop_operator_3.py for tasks to queue
[2024-07-31T09:03:12.636+0000] {logging_mixin.py:120} INFO - [2024-07-31T09:03:12.636+0000] {dagbag.py:537} INFO - Filling up the DagBag from /home/airflow/.local/lib/python3.7/site-packages/airflow/example_dags/example_branch_python_dop_operator_3.py
[2024-07-31T09:03:12.656+0000] {processor.py:766} INFO - DAG(s) dict_keys(['example_branch_dop_operator_v3']) retrieved from /home/airflow/.local/lib/python3.7/site-packages/airflow/example_dags/example_branch_python_dop_operator_3.py
[2024-07-31T09:03:12.689+0000] {logging_mixin.py:120} INFO - [2024-07-31T09:03:12.689+0000] {dag.py:2585} INFO - Sync 1 DAGs
[2024-07-31T09:03:12.715+0000] {logging_mixin.py:120} INFO - [2024-07-31T09:03:12.715+0000] {dag.py:3340} INFO - Setting next_dagrun for example_branch_dop_operator_v3 to 2024-07-31T09:02:00+00:00, run_after=2024-07-31T09:03:00+00:00
[2024-07-31T09:03:12.734+0000] {processor.py:176} INFO - Processing /home/airflow/.local/lib/python3.7/site-packages/airflow/example_dags/example_branch_python_dop_operator_3.py took 0.102 seconds
