[2024-07-31T08:52:51.333+0000] {processor.py:154} INFO - Started process (PID=52) to work on /home/airflow/.local/lib/python3.7/site-packages/airflow/example_dags/example_local_kubernetes_executor.py
[2024-07-31T08:52:51.334+0000] {processor.py:756} INFO - Processing file /home/airflow/.local/lib/python3.7/site-packages/airflow/example_dags/example_local_kubernetes_executor.py for tasks to queue
[2024-07-31T08:52:51.335+0000] {logging_mixin.py:120} INFO - [2024-07-31T08:52:51.334+0000] {dagbag.py:537} INFO - Filling up the DagBag from /home/airflow/.local/lib/python3.7/site-packages/airflow/example_dags/example_local_kubernetes_executor.py
[2024-07-31T08:52:51.389+0000] {processor.py:766} INFO - DAG(s) dict_keys(['example_local_kubernetes_executor']) retrieved from /home/airflow/.local/lib/python3.7/site-packages/airflow/example_dags/example_local_kubernetes_executor.py
[2024-07-31T08:52:51.626+0000] {logging_mixin.py:120} INFO - [2024-07-31T08:52:51.626+0000] {manager.py:507} INFO - Created Permission View: can read on DAG:example_local_kubernetes_executor
[2024-07-31T08:52:51.656+0000] {logging_mixin.py:120} INFO - [2024-07-31T08:52:51.656+0000] {manager.py:507} INFO - Created Permission View: can edit on DAG:example_local_kubernetes_executor
[2024-07-31T08:52:51.683+0000] {logging_mixin.py:120} INFO - [2024-07-31T08:52:51.683+0000] {manager.py:507} INFO - Created Permission View: can delete on DAG:example_local_kubernetes_executor
[2024-07-31T08:52:51.684+0000] {logging_mixin.py:120} INFO - [2024-07-31T08:52:51.684+0000] {dag.py:2585} INFO - Sync 1 DAGs
[2024-07-31T08:52:51.700+0000] {logging_mixin.py:120} INFO - [2024-07-31T08:52:51.700+0000] {dag.py:2606} INFO - Creating ORM DAG for example_local_kubernetes_executor
[2024-07-31T08:52:51.717+0000] {logging_mixin.py:120} INFO - [2024-07-31T08:52:51.716+0000] {dag.py:3340} INFO - Setting next_dagrun for example_local_kubernetes_executor to None, run_after=None
[2024-07-31T08:52:51.782+0000] {processor.py:176} INFO - Processing /home/airflow/.local/lib/python3.7/site-packages/airflow/example_dags/example_local_kubernetes_executor.py took 0.451 seconds
[2024-07-31T08:53:21.900+0000] {processor.py:154} INFO - Started process (PID=105) to work on /home/airflow/.local/lib/python3.7/site-packages/airflow/example_dags/example_local_kubernetes_executor.py
[2024-07-31T08:53:21.901+0000] {processor.py:756} INFO - Processing file /home/airflow/.local/lib/python3.7/site-packages/airflow/example_dags/example_local_kubernetes_executor.py for tasks to queue
[2024-07-31T08:53:21.902+0000] {logging_mixin.py:120} INFO - [2024-07-31T08:53:21.902+0000] {dagbag.py:537} INFO - Filling up the DagBag from /home/airflow/.local/lib/python3.7/site-packages/airflow/example_dags/example_local_kubernetes_executor.py
[2024-07-31T08:53:21.923+0000] {processor.py:766} INFO - DAG(s) dict_keys(['example_local_kubernetes_executor']) retrieved from /home/airflow/.local/lib/python3.7/site-packages/airflow/example_dags/example_local_kubernetes_executor.py
[2024-07-31T08:53:21.957+0000] {logging_mixin.py:120} INFO - [2024-07-31T08:53:21.957+0000] {dag.py:2585} INFO - Sync 1 DAGs
[2024-07-31T08:53:21.980+0000] {logging_mixin.py:120} INFO - [2024-07-31T08:53:21.980+0000] {dag.py:3340} INFO - Setting next_dagrun for example_local_kubernetes_executor to None, run_after=None
[2024-07-31T08:53:22.006+0000] {processor.py:176} INFO - Processing /home/airflow/.local/lib/python3.7/site-packages/airflow/example_dags/example_local_kubernetes_executor.py took 0.109 seconds
[2024-07-31T08:53:52.034+0000] {processor.py:154} INFO - Started process (PID=169) to work on /home/airflow/.local/lib/python3.7/site-packages/airflow/example_dags/example_local_kubernetes_executor.py
[2024-07-31T08:53:52.035+0000] {processor.py:756} INFO - Processing file /home/airflow/.local/lib/python3.7/site-packages/airflow/example_dags/example_local_kubernetes_executor.py for tasks to queue
[2024-07-31T08:53:52.036+0000] {logging_mixin.py:120} INFO - [2024-07-31T08:53:52.035+0000] {dagbag.py:537} INFO - Filling up the DagBag from /home/airflow/.local/lib/python3.7/site-packages/airflow/example_dags/example_local_kubernetes_executor.py
[2024-07-31T08:53:52.058+0000] {processor.py:766} INFO - DAG(s) dict_keys(['example_local_kubernetes_executor']) retrieved from /home/airflow/.local/lib/python3.7/site-packages/airflow/example_dags/example_local_kubernetes_executor.py
[2024-07-31T08:53:52.098+0000] {logging_mixin.py:120} INFO - [2024-07-31T08:53:52.098+0000] {dag.py:2585} INFO - Sync 1 DAGs
[2024-07-31T08:53:52.123+0000] {logging_mixin.py:120} INFO - [2024-07-31T08:53:52.123+0000] {dag.py:3340} INFO - Setting next_dagrun for example_local_kubernetes_executor to None, run_after=None
[2024-07-31T08:53:52.156+0000] {processor.py:176} INFO - Processing /home/airflow/.local/lib/python3.7/site-packages/airflow/example_dags/example_local_kubernetes_executor.py took 0.125 seconds
[2024-07-31T08:54:22.386+0000] {processor.py:154} INFO - Started process (PID=232) to work on /home/airflow/.local/lib/python3.7/site-packages/airflow/example_dags/example_local_kubernetes_executor.py
[2024-07-31T08:54:22.387+0000] {processor.py:756} INFO - Processing file /home/airflow/.local/lib/python3.7/site-packages/airflow/example_dags/example_local_kubernetes_executor.py for tasks to queue
[2024-07-31T08:54:22.388+0000] {logging_mixin.py:120} INFO - [2024-07-31T08:54:22.387+0000] {dagbag.py:537} INFO - Filling up the DagBag from /home/airflow/.local/lib/python3.7/site-packages/airflow/example_dags/example_local_kubernetes_executor.py
[2024-07-31T08:54:22.407+0000] {processor.py:766} INFO - DAG(s) dict_keys(['example_local_kubernetes_executor']) retrieved from /home/airflow/.local/lib/python3.7/site-packages/airflow/example_dags/example_local_kubernetes_executor.py
[2024-07-31T08:54:22.443+0000] {logging_mixin.py:120} INFO - [2024-07-31T08:54:22.443+0000] {dag.py:2585} INFO - Sync 1 DAGs
[2024-07-31T08:54:22.465+0000] {logging_mixin.py:120} INFO - [2024-07-31T08:54:22.465+0000] {dag.py:3340} INFO - Setting next_dagrun for example_local_kubernetes_executor to None, run_after=None
[2024-07-31T08:54:22.493+0000] {processor.py:176} INFO - Processing /home/airflow/.local/lib/python3.7/site-packages/airflow/example_dags/example_local_kubernetes_executor.py took 0.110 seconds
[2024-07-31T08:54:52.874+0000] {processor.py:154} INFO - Started process (PID=286) to work on /home/airflow/.local/lib/python3.7/site-packages/airflow/example_dags/example_local_kubernetes_executor.py
[2024-07-31T08:54:52.876+0000] {processor.py:756} INFO - Processing file /home/airflow/.local/lib/python3.7/site-packages/airflow/example_dags/example_local_kubernetes_executor.py for tasks to queue
[2024-07-31T08:54:52.876+0000] {logging_mixin.py:120} INFO - [2024-07-31T08:54:52.876+0000] {dagbag.py:537} INFO - Filling up the DagBag from /home/airflow/.local/lib/python3.7/site-packages/airflow/example_dags/example_local_kubernetes_executor.py
[2024-07-31T08:54:52.908+0000] {processor.py:766} INFO - DAG(s) dict_keys(['example_local_kubernetes_executor']) retrieved from /home/airflow/.local/lib/python3.7/site-packages/airflow/example_dags/example_local_kubernetes_executor.py
[2024-07-31T08:54:52.954+0000] {logging_mixin.py:120} INFO - [2024-07-31T08:54:52.953+0000] {dag.py:2585} INFO - Sync 1 DAGs
[2024-07-31T08:54:52.976+0000] {logging_mixin.py:120} INFO - [2024-07-31T08:54:52.976+0000] {dag.py:3340} INFO - Setting next_dagrun for example_local_kubernetes_executor to None, run_after=None
[2024-07-31T08:54:53.006+0000] {processor.py:176} INFO - Processing /home/airflow/.local/lib/python3.7/site-packages/airflow/example_dags/example_local_kubernetes_executor.py took 0.135 seconds
[2024-07-31T08:55:23.137+0000] {processor.py:154} INFO - Started process (PID=349) to work on /home/airflow/.local/lib/python3.7/site-packages/airflow/example_dags/example_local_kubernetes_executor.py
[2024-07-31T08:55:23.137+0000] {processor.py:756} INFO - Processing file /home/airflow/.local/lib/python3.7/site-packages/airflow/example_dags/example_local_kubernetes_executor.py for tasks to queue
[2024-07-31T08:55:23.138+0000] {logging_mixin.py:120} INFO - [2024-07-31T08:55:23.138+0000] {dagbag.py:537} INFO - Filling up the DagBag from /home/airflow/.local/lib/python3.7/site-packages/airflow/example_dags/example_local_kubernetes_executor.py
[2024-07-31T08:55:23.158+0000] {processor.py:766} INFO - DAG(s) dict_keys(['example_local_kubernetes_executor']) retrieved from /home/airflow/.local/lib/python3.7/site-packages/airflow/example_dags/example_local_kubernetes_executor.py
[2024-07-31T08:55:23.192+0000] {logging_mixin.py:120} INFO - [2024-07-31T08:55:23.192+0000] {dag.py:2585} INFO - Sync 1 DAGs
[2024-07-31T08:55:23.214+0000] {logging_mixin.py:120} INFO - [2024-07-31T08:55:23.213+0000] {dag.py:3340} INFO - Setting next_dagrun for example_local_kubernetes_executor to None, run_after=None
[2024-07-31T08:55:23.232+0000] {processor.py:176} INFO - Processing /home/airflow/.local/lib/python3.7/site-packages/airflow/example_dags/example_local_kubernetes_executor.py took 0.098 seconds
[2024-07-31T08:55:53.335+0000] {processor.py:154} INFO - Started process (PID=412) to work on /home/airflow/.local/lib/python3.7/site-packages/airflow/example_dags/example_local_kubernetes_executor.py
[2024-07-31T08:55:53.336+0000] {processor.py:756} INFO - Processing file /home/airflow/.local/lib/python3.7/site-packages/airflow/example_dags/example_local_kubernetes_executor.py for tasks to queue
[2024-07-31T08:55:53.336+0000] {logging_mixin.py:120} INFO - [2024-07-31T08:55:53.336+0000] {dagbag.py:537} INFO - Filling up the DagBag from /home/airflow/.local/lib/python3.7/site-packages/airflow/example_dags/example_local_kubernetes_executor.py
[2024-07-31T08:55:53.356+0000] {processor.py:766} INFO - DAG(s) dict_keys(['example_local_kubernetes_executor']) retrieved from /home/airflow/.local/lib/python3.7/site-packages/airflow/example_dags/example_local_kubernetes_executor.py
[2024-07-31T08:55:53.390+0000] {logging_mixin.py:120} INFO - [2024-07-31T08:55:53.390+0000] {dag.py:2585} INFO - Sync 1 DAGs
[2024-07-31T08:55:53.412+0000] {logging_mixin.py:120} INFO - [2024-07-31T08:55:53.412+0000] {dag.py:3340} INFO - Setting next_dagrun for example_local_kubernetes_executor to None, run_after=None
[2024-07-31T08:55:53.441+0000] {processor.py:176} INFO - Processing /home/airflow/.local/lib/python3.7/site-packages/airflow/example_dags/example_local_kubernetes_executor.py took 0.108 seconds
[2024-07-31T08:57:08.758+0000] {processor.py:154} INFO - Started process (PID=51) to work on /home/airflow/.local/lib/python3.7/site-packages/airflow/example_dags/example_local_kubernetes_executor.py
[2024-07-31T08:57:08.759+0000] {processor.py:756} INFO - Processing file /home/airflow/.local/lib/python3.7/site-packages/airflow/example_dags/example_local_kubernetes_executor.py for tasks to queue
[2024-07-31T08:57:08.761+0000] {logging_mixin.py:120} INFO - [2024-07-31T08:57:08.760+0000] {dagbag.py:537} INFO - Filling up the DagBag from /home/airflow/.local/lib/python3.7/site-packages/airflow/example_dags/example_local_kubernetes_executor.py
[2024-07-31T08:57:08.795+0000] {processor.py:766} INFO - DAG(s) dict_keys(['example_local_kubernetes_executor']) retrieved from /home/airflow/.local/lib/python3.7/site-packages/airflow/example_dags/example_local_kubernetes_executor.py
[2024-07-31T08:57:08.831+0000] {logging_mixin.py:120} INFO - [2024-07-31T08:57:08.831+0000] {dag.py:2585} INFO - Sync 1 DAGs
[2024-07-31T08:57:08.865+0000] {logging_mixin.py:120} INFO - [2024-07-31T08:57:08.865+0000] {dag.py:3340} INFO - Setting next_dagrun for example_local_kubernetes_executor to None, run_after=None
[2024-07-31T08:57:08.890+0000] {processor.py:176} INFO - Processing /home/airflow/.local/lib/python3.7/site-packages/airflow/example_dags/example_local_kubernetes_executor.py took 0.135 seconds
[2024-07-31T08:57:39.528+0000] {processor.py:154} INFO - Started process (PID=107) to work on /home/airflow/.local/lib/python3.7/site-packages/airflow/example_dags/example_local_kubernetes_executor.py
[2024-07-31T08:57:39.529+0000] {processor.py:756} INFO - Processing file /home/airflow/.local/lib/python3.7/site-packages/airflow/example_dags/example_local_kubernetes_executor.py for tasks to queue
[2024-07-31T08:57:39.530+0000] {logging_mixin.py:120} INFO - [2024-07-31T08:57:39.530+0000] {dagbag.py:537} INFO - Filling up the DagBag from /home/airflow/.local/lib/python3.7/site-packages/airflow/example_dags/example_local_kubernetes_executor.py
[2024-07-31T08:57:39.553+0000] {processor.py:766} INFO - DAG(s) dict_keys(['example_local_kubernetes_executor']) retrieved from /home/airflow/.local/lib/python3.7/site-packages/airflow/example_dags/example_local_kubernetes_executor.py
[2024-07-31T08:57:39.592+0000] {logging_mixin.py:120} INFO - [2024-07-31T08:57:39.592+0000] {dag.py:2585} INFO - Sync 1 DAGs
[2024-07-31T08:57:39.623+0000] {logging_mixin.py:120} INFO - [2024-07-31T08:57:39.623+0000] {dag.py:3340} INFO - Setting next_dagrun for example_local_kubernetes_executor to None, run_after=None
[2024-07-31T08:57:39.645+0000] {processor.py:176} INFO - Processing /home/airflow/.local/lib/python3.7/site-packages/airflow/example_dags/example_local_kubernetes_executor.py took 0.119 seconds
[2024-07-31T08:59:03.511+0000] {processor.py:154} INFO - Started process (PID=43) to work on /home/airflow/.local/lib/python3.7/site-packages/airflow/example_dags/example_local_kubernetes_executor.py
[2024-07-31T08:59:03.512+0000] {processor.py:756} INFO - Processing file /home/airflow/.local/lib/python3.7/site-packages/airflow/example_dags/example_local_kubernetes_executor.py for tasks to queue
[2024-07-31T08:59:03.513+0000] {logging_mixin.py:120} INFO - [2024-07-31T08:59:03.513+0000] {dagbag.py:537} INFO - Filling up the DagBag from /home/airflow/.local/lib/python3.7/site-packages/airflow/example_dags/example_local_kubernetes_executor.py
[2024-07-31T08:59:03.535+0000] {processor.py:766} INFO - DAG(s) dict_keys(['example_local_kubernetes_executor']) retrieved from /home/airflow/.local/lib/python3.7/site-packages/airflow/example_dags/example_local_kubernetes_executor.py
[2024-07-31T08:59:03.560+0000] {logging_mixin.py:120} INFO - [2024-07-31T08:59:03.560+0000] {dag.py:2585} INFO - Sync 1 DAGs
[2024-07-31T08:59:03.583+0000] {logging_mixin.py:120} INFO - [2024-07-31T08:59:03.582+0000] {dag.py:3340} INFO - Setting next_dagrun for example_local_kubernetes_executor to None, run_after=None
[2024-07-31T08:59:03.606+0000] {processor.py:176} INFO - Processing /home/airflow/.local/lib/python3.7/site-packages/airflow/example_dags/example_local_kubernetes_executor.py took 0.098 seconds
[2024-07-31T08:59:34.400+0000] {processor.py:154} INFO - Started process (PID=106) to work on /home/airflow/.local/lib/python3.7/site-packages/airflow/example_dags/example_local_kubernetes_executor.py
[2024-07-31T08:59:34.401+0000] {processor.py:756} INFO - Processing file /home/airflow/.local/lib/python3.7/site-packages/airflow/example_dags/example_local_kubernetes_executor.py for tasks to queue
[2024-07-31T08:59:34.402+0000] {logging_mixin.py:120} INFO - [2024-07-31T08:59:34.401+0000] {dagbag.py:537} INFO - Filling up the DagBag from /home/airflow/.local/lib/python3.7/site-packages/airflow/example_dags/example_local_kubernetes_executor.py
[2024-07-31T08:59:34.422+0000] {processor.py:766} INFO - DAG(s) dict_keys(['example_local_kubernetes_executor']) retrieved from /home/airflow/.local/lib/python3.7/site-packages/airflow/example_dags/example_local_kubernetes_executor.py
[2024-07-31T08:59:34.456+0000] {logging_mixin.py:120} INFO - [2024-07-31T08:59:34.455+0000] {dag.py:2585} INFO - Sync 1 DAGs
[2024-07-31T08:59:34.479+0000] {logging_mixin.py:120} INFO - [2024-07-31T08:59:34.479+0000] {dag.py:3340} INFO - Setting next_dagrun for example_local_kubernetes_executor to None, run_after=None
[2024-07-31T08:59:34.495+0000] {processor.py:176} INFO - Processing /home/airflow/.local/lib/python3.7/site-packages/airflow/example_dags/example_local_kubernetes_executor.py took 0.098 seconds
[2024-07-31T09:00:05.223+0000] {processor.py:154} INFO - Started process (PID=170) to work on /home/airflow/.local/lib/python3.7/site-packages/airflow/example_dags/example_local_kubernetes_executor.py
[2024-07-31T09:00:05.224+0000] {processor.py:756} INFO - Processing file /home/airflow/.local/lib/python3.7/site-packages/airflow/example_dags/example_local_kubernetes_executor.py for tasks to queue
[2024-07-31T09:00:05.225+0000] {logging_mixin.py:120} INFO - [2024-07-31T09:00:05.225+0000] {dagbag.py:537} INFO - Filling up the DagBag from /home/airflow/.local/lib/python3.7/site-packages/airflow/example_dags/example_local_kubernetes_executor.py
[2024-07-31T09:00:05.245+0000] {processor.py:766} INFO - DAG(s) dict_keys(['example_local_kubernetes_executor']) retrieved from /home/airflow/.local/lib/python3.7/site-packages/airflow/example_dags/example_local_kubernetes_executor.py
[2024-07-31T09:00:05.278+0000] {logging_mixin.py:120} INFO - [2024-07-31T09:00:05.278+0000] {dag.py:2585} INFO - Sync 1 DAGs
[2024-07-31T09:00:05.301+0000] {logging_mixin.py:120} INFO - [2024-07-31T09:00:05.300+0000] {dag.py:3340} INFO - Setting next_dagrun for example_local_kubernetes_executor to None, run_after=None
[2024-07-31T09:00:05.318+0000] {processor.py:176} INFO - Processing /home/airflow/.local/lib/python3.7/site-packages/airflow/example_dags/example_local_kubernetes_executor.py took 0.098 seconds
[2024-07-31T09:00:35.891+0000] {processor.py:154} INFO - Started process (PID=233) to work on /home/airflow/.local/lib/python3.7/site-packages/airflow/example_dags/example_local_kubernetes_executor.py
[2024-07-31T09:00:35.892+0000] {processor.py:756} INFO - Processing file /home/airflow/.local/lib/python3.7/site-packages/airflow/example_dags/example_local_kubernetes_executor.py for tasks to queue
[2024-07-31T09:00:35.893+0000] {logging_mixin.py:120} INFO - [2024-07-31T09:00:35.893+0000] {dagbag.py:537} INFO - Filling up the DagBag from /home/airflow/.local/lib/python3.7/site-packages/airflow/example_dags/example_local_kubernetes_executor.py
[2024-07-31T09:00:35.926+0000] {processor.py:766} INFO - DAG(s) dict_keys(['example_local_kubernetes_executor']) retrieved from /home/airflow/.local/lib/python3.7/site-packages/airflow/example_dags/example_local_kubernetes_executor.py
[2024-07-31T09:00:35.970+0000] {logging_mixin.py:120} INFO - [2024-07-31T09:00:35.970+0000] {dag.py:2585} INFO - Sync 1 DAGs
[2024-07-31T09:00:35.995+0000] {logging_mixin.py:120} INFO - [2024-07-31T09:00:35.994+0000] {dag.py:3340} INFO - Setting next_dagrun for example_local_kubernetes_executor to None, run_after=None
[2024-07-31T09:00:36.014+0000] {processor.py:176} INFO - Processing /home/airflow/.local/lib/python3.7/site-packages/airflow/example_dags/example_local_kubernetes_executor.py took 0.125 seconds
[2024-07-31T09:01:07.009+0000] {processor.py:154} INFO - Started process (PID=287) to work on /home/airflow/.local/lib/python3.7/site-packages/airflow/example_dags/example_local_kubernetes_executor.py
[2024-07-31T09:01:07.010+0000] {processor.py:756} INFO - Processing file /home/airflow/.local/lib/python3.7/site-packages/airflow/example_dags/example_local_kubernetes_executor.py for tasks to queue
[2024-07-31T09:01:07.010+0000] {logging_mixin.py:120} INFO - [2024-07-31T09:01:07.010+0000] {dagbag.py:537} INFO - Filling up the DagBag from /home/airflow/.local/lib/python3.7/site-packages/airflow/example_dags/example_local_kubernetes_executor.py
[2024-07-31T09:01:07.033+0000] {processor.py:766} INFO - DAG(s) dict_keys(['example_local_kubernetes_executor']) retrieved from /home/airflow/.local/lib/python3.7/site-packages/airflow/example_dags/example_local_kubernetes_executor.py
[2024-07-31T09:01:07.076+0000] {logging_mixin.py:120} INFO - [2024-07-31T09:01:07.076+0000] {dag.py:2585} INFO - Sync 1 DAGs
[2024-07-31T09:01:07.099+0000] {logging_mixin.py:120} INFO - [2024-07-31T09:01:07.099+0000] {dag.py:3340} INFO - Setting next_dagrun for example_local_kubernetes_executor to None, run_after=None
[2024-07-31T09:01:07.117+0000] {processor.py:176} INFO - Processing /home/airflow/.local/lib/python3.7/site-packages/airflow/example_dags/example_local_kubernetes_executor.py took 0.112 seconds
[2024-07-31T09:01:38.099+0000] {processor.py:154} INFO - Started process (PID=351) to work on /home/airflow/.local/lib/python3.7/site-packages/airflow/example_dags/example_local_kubernetes_executor.py
[2024-07-31T09:01:38.100+0000] {processor.py:756} INFO - Processing file /home/airflow/.local/lib/python3.7/site-packages/airflow/example_dags/example_local_kubernetes_executor.py for tasks to queue
[2024-07-31T09:01:38.101+0000] {logging_mixin.py:120} INFO - [2024-07-31T09:01:38.101+0000] {dagbag.py:537} INFO - Filling up the DagBag from /home/airflow/.local/lib/python3.7/site-packages/airflow/example_dags/example_local_kubernetes_executor.py
[2024-07-31T09:01:38.124+0000] {processor.py:766} INFO - DAG(s) dict_keys(['example_local_kubernetes_executor']) retrieved from /home/airflow/.local/lib/python3.7/site-packages/airflow/example_dags/example_local_kubernetes_executor.py
[2024-07-31T09:01:38.163+0000] {logging_mixin.py:120} INFO - [2024-07-31T09:01:38.163+0000] {dag.py:2585} INFO - Sync 1 DAGs
[2024-07-31T09:01:38.188+0000] {logging_mixin.py:120} INFO - [2024-07-31T09:01:38.188+0000] {dag.py:3340} INFO - Setting next_dagrun for example_local_kubernetes_executor to None, run_after=None
[2024-07-31T09:01:38.209+0000] {processor.py:176} INFO - Processing /home/airflow/.local/lib/python3.7/site-packages/airflow/example_dags/example_local_kubernetes_executor.py took 0.113 seconds
[2024-07-31T09:02:08.312+0000] {processor.py:154} INFO - Started process (PID=414) to work on /home/airflow/.local/lib/python3.7/site-packages/airflow/example_dags/example_local_kubernetes_executor.py
[2024-07-31T09:02:08.313+0000] {processor.py:756} INFO - Processing file /home/airflow/.local/lib/python3.7/site-packages/airflow/example_dags/example_local_kubernetes_executor.py for tasks to queue
[2024-07-31T09:02:08.314+0000] {logging_mixin.py:120} INFO - [2024-07-31T09:02:08.314+0000] {dagbag.py:537} INFO - Filling up the DagBag from /home/airflow/.local/lib/python3.7/site-packages/airflow/example_dags/example_local_kubernetes_executor.py
[2024-07-31T09:02:08.336+0000] {processor.py:766} INFO - DAG(s) dict_keys(['example_local_kubernetes_executor']) retrieved from /home/airflow/.local/lib/python3.7/site-packages/airflow/example_dags/example_local_kubernetes_executor.py
[2024-07-31T09:02:08.364+0000] {logging_mixin.py:120} INFO - [2024-07-31T09:02:08.363+0000] {dag.py:2585} INFO - Sync 1 DAGs
[2024-07-31T09:02:08.417+0000] {logging_mixin.py:120} INFO - [2024-07-31T09:02:08.417+0000] {dag.py:3340} INFO - Setting next_dagrun for example_local_kubernetes_executor to None, run_after=None
[2024-07-31T09:02:08.472+0000] {processor.py:176} INFO - Processing /home/airflow/.local/lib/python3.7/site-packages/airflow/example_dags/example_local_kubernetes_executor.py took 0.163 seconds
[2024-07-31T09:02:39.047+0000] {processor.py:154} INFO - Started process (PID=477) to work on /home/airflow/.local/lib/python3.7/site-packages/airflow/example_dags/example_local_kubernetes_executor.py
[2024-07-31T09:02:39.047+0000] {processor.py:756} INFO - Processing file /home/airflow/.local/lib/python3.7/site-packages/airflow/example_dags/example_local_kubernetes_executor.py for tasks to queue
[2024-07-31T09:02:39.048+0000] {logging_mixin.py:120} INFO - [2024-07-31T09:02:39.048+0000] {dagbag.py:537} INFO - Filling up the DagBag from /home/airflow/.local/lib/python3.7/site-packages/airflow/example_dags/example_local_kubernetes_executor.py
[2024-07-31T09:02:39.068+0000] {processor.py:766} INFO - DAG(s) dict_keys(['example_local_kubernetes_executor']) retrieved from /home/airflow/.local/lib/python3.7/site-packages/airflow/example_dags/example_local_kubernetes_executor.py
[2024-07-31T09:02:39.103+0000] {logging_mixin.py:120} INFO - [2024-07-31T09:02:39.103+0000] {dag.py:2585} INFO - Sync 1 DAGs
[2024-07-31T09:02:39.127+0000] {logging_mixin.py:120} INFO - [2024-07-31T09:02:39.127+0000] {dag.py:3340} INFO - Setting next_dagrun for example_local_kubernetes_executor to None, run_after=None
[2024-07-31T09:02:39.144+0000] {processor.py:176} INFO - Processing /home/airflow/.local/lib/python3.7/site-packages/airflow/example_dags/example_local_kubernetes_executor.py took 0.100 seconds
[2024-07-31T09:03:09.659+0000] {processor.py:154} INFO - Started process (PID=531) to work on /home/airflow/.local/lib/python3.7/site-packages/airflow/example_dags/example_local_kubernetes_executor.py
[2024-07-31T09:03:09.660+0000] {processor.py:756} INFO - Processing file /home/airflow/.local/lib/python3.7/site-packages/airflow/example_dags/example_local_kubernetes_executor.py for tasks to queue
[2024-07-31T09:03:09.661+0000] {logging_mixin.py:120} INFO - [2024-07-31T09:03:09.660+0000] {dagbag.py:537} INFO - Filling up the DagBag from /home/airflow/.local/lib/python3.7/site-packages/airflow/example_dags/example_local_kubernetes_executor.py
[2024-07-31T09:03:09.687+0000] {processor.py:766} INFO - DAG(s) dict_keys(['example_local_kubernetes_executor']) retrieved from /home/airflow/.local/lib/python3.7/site-packages/airflow/example_dags/example_local_kubernetes_executor.py
[2024-07-31T09:03:09.734+0000] {logging_mixin.py:120} INFO - [2024-07-31T09:03:09.734+0000] {dag.py:2585} INFO - Sync 1 DAGs
[2024-07-31T09:03:09.770+0000] {logging_mixin.py:120} INFO - [2024-07-31T09:03:09.770+0000] {dag.py:3340} INFO - Setting next_dagrun for example_local_kubernetes_executor to None, run_after=None
[2024-07-31T09:03:09.796+0000] {processor.py:176} INFO - Processing /home/airflow/.local/lib/python3.7/site-packages/airflow/example_dags/example_local_kubernetes_executor.py took 0.140 seconds
