[2024-07-31T08:52:56.712+0000] {processor.py:154} INFO - Started process (PID=73) to work on /home/airflow/.local/lib/python3.7/site-packages/airflow/example_dags/tutorial.py
[2024-07-31T08:52:56.713+0000] {processor.py:756} INFO - Processing file /home/airflow/.local/lib/python3.7/site-packages/airflow/example_dags/tutorial.py for tasks to queue
[2024-07-31T08:52:56.713+0000] {logging_mixin.py:120} INFO - [2024-07-31T08:52:56.713+0000] {dagbag.py:537} INFO - Filling up the DagBag from /home/airflow/.local/lib/python3.7/site-packages/airflow/example_dags/tutorial.py
[2024-07-31T08:52:56.731+0000] {processor.py:766} INFO - DAG(s) dict_keys(['tutorial']) retrieved from /home/airflow/.local/lib/python3.7/site-packages/airflow/example_dags/tutorial.py
[2024-07-31T08:52:56.878+0000] {logging_mixin.py:120} INFO - [2024-07-31T08:52:56.878+0000] {manager.py:507} INFO - Created Permission View: can read on DAG:tutorial
[2024-07-31T08:52:56.890+0000] {logging_mixin.py:120} INFO - [2024-07-31T08:52:56.890+0000] {manager.py:507} INFO - Created Permission View: can edit on DAG:tutorial
[2024-07-31T08:52:56.898+0000] {logging_mixin.py:120} INFO - [2024-07-31T08:52:56.898+0000] {manager.py:507} INFO - Created Permission View: can delete on DAG:tutorial
[2024-07-31T08:52:56.899+0000] {logging_mixin.py:120} INFO - [2024-07-31T08:52:56.899+0000] {dag.py:2585} INFO - Sync 1 DAGs
[2024-07-31T08:52:56.919+0000] {logging_mixin.py:120} INFO - [2024-07-31T08:52:56.918+0000] {dag.py:2606} INFO - Creating ORM DAG for tutorial
[2024-07-31T08:52:56.935+0000] {logging_mixin.py:120} INFO - [2024-07-31T08:52:56.935+0000] {dag.py:3340} INFO - Setting next_dagrun for tutorial to 2024-07-30T08:52:56.935434+00:00, run_after=2024-07-31T08:52:56.935434+00:00
[2024-07-31T08:52:56.962+0000] {processor.py:176} INFO - Processing /home/airflow/.local/lib/python3.7/site-packages/airflow/example_dags/tutorial.py took 0.253 seconds
[2024-07-31T08:53:27.050+0000] {processor.py:154} INFO - Started process (PID=136) to work on /home/airflow/.local/lib/python3.7/site-packages/airflow/example_dags/tutorial.py
[2024-07-31T08:53:27.051+0000] {processor.py:756} INFO - Processing file /home/airflow/.local/lib/python3.7/site-packages/airflow/example_dags/tutorial.py for tasks to queue
[2024-07-31T08:53:27.052+0000] {logging_mixin.py:120} INFO - [2024-07-31T08:53:27.052+0000] {dagbag.py:537} INFO - Filling up the DagBag from /home/airflow/.local/lib/python3.7/site-packages/airflow/example_dags/tutorial.py
[2024-07-31T08:53:27.066+0000] {processor.py:766} INFO - DAG(s) dict_keys(['tutorial']) retrieved from /home/airflow/.local/lib/python3.7/site-packages/airflow/example_dags/tutorial.py
[2024-07-31T08:53:27.101+0000] {logging_mixin.py:120} INFO - [2024-07-31T08:53:27.101+0000] {dag.py:2585} INFO - Sync 1 DAGs
[2024-07-31T08:53:27.125+0000] {logging_mixin.py:120} INFO - [2024-07-31T08:53:27.125+0000] {dag.py:3340} INFO - Setting next_dagrun for tutorial to 2024-07-30T08:53:27.125382+00:00, run_after=2024-07-31T08:53:27.125382+00:00
[2024-07-31T08:53:27.144+0000] {processor.py:176} INFO - Processing /home/airflow/.local/lib/python3.7/site-packages/airflow/example_dags/tutorial.py took 0.097 seconds
[2024-07-31T08:53:57.295+0000] {processor.py:154} INFO - Started process (PID=191) to work on /home/airflow/.local/lib/python3.7/site-packages/airflow/example_dags/tutorial.py
[2024-07-31T08:53:57.296+0000] {processor.py:756} INFO - Processing file /home/airflow/.local/lib/python3.7/site-packages/airflow/example_dags/tutorial.py for tasks to queue
[2024-07-31T08:53:57.297+0000] {logging_mixin.py:120} INFO - [2024-07-31T08:53:57.296+0000] {dagbag.py:537} INFO - Filling up the DagBag from /home/airflow/.local/lib/python3.7/site-packages/airflow/example_dags/tutorial.py
[2024-07-31T08:53:57.309+0000] {processor.py:766} INFO - DAG(s) dict_keys(['tutorial']) retrieved from /home/airflow/.local/lib/python3.7/site-packages/airflow/example_dags/tutorial.py
[2024-07-31T08:53:57.344+0000] {logging_mixin.py:120} INFO - [2024-07-31T08:53:57.344+0000] {dag.py:2585} INFO - Sync 1 DAGs
[2024-07-31T08:53:57.367+0000] {logging_mixin.py:120} INFO - [2024-07-31T08:53:57.367+0000] {dag.py:3340} INFO - Setting next_dagrun for tutorial to 2024-07-30T08:53:57.367386+00:00, run_after=2024-07-31T08:53:57.367386+00:00
[2024-07-31T08:53:57.385+0000] {processor.py:176} INFO - Processing /home/airflow/.local/lib/python3.7/site-packages/airflow/example_dags/tutorial.py took 0.093 seconds
[2024-07-31T08:54:27.871+0000] {processor.py:154} INFO - Started process (PID=254) to work on /home/airflow/.local/lib/python3.7/site-packages/airflow/example_dags/tutorial.py
[2024-07-31T08:54:27.872+0000] {processor.py:756} INFO - Processing file /home/airflow/.local/lib/python3.7/site-packages/airflow/example_dags/tutorial.py for tasks to queue
[2024-07-31T08:54:27.873+0000] {logging_mixin.py:120} INFO - [2024-07-31T08:54:27.873+0000] {dagbag.py:537} INFO - Filling up the DagBag from /home/airflow/.local/lib/python3.7/site-packages/airflow/example_dags/tutorial.py
[2024-07-31T08:54:27.885+0000] {processor.py:766} INFO - DAG(s) dict_keys(['tutorial']) retrieved from /home/airflow/.local/lib/python3.7/site-packages/airflow/example_dags/tutorial.py
[2024-07-31T08:54:27.920+0000] {logging_mixin.py:120} INFO - [2024-07-31T08:54:27.920+0000] {dag.py:2585} INFO - Sync 1 DAGs
[2024-07-31T08:54:27.943+0000] {logging_mixin.py:120} INFO - [2024-07-31T08:54:27.943+0000] {dag.py:3340} INFO - Setting next_dagrun for tutorial to 2024-07-30T08:54:27.942930+00:00, run_after=2024-07-31T08:54:27.942930+00:00
[2024-07-31T08:54:27.961+0000] {processor.py:176} INFO - Processing /home/airflow/.local/lib/python3.7/site-packages/airflow/example_dags/tutorial.py took 0.093 seconds
[2024-07-31T08:54:58.735+0000] {processor.py:154} INFO - Started process (PID=317) to work on /home/airflow/.local/lib/python3.7/site-packages/airflow/example_dags/tutorial.py
[2024-07-31T08:54:58.736+0000] {processor.py:756} INFO - Processing file /home/airflow/.local/lib/python3.7/site-packages/airflow/example_dags/tutorial.py for tasks to queue
[2024-07-31T08:54:58.737+0000] {logging_mixin.py:120} INFO - [2024-07-31T08:54:58.737+0000] {dagbag.py:537} INFO - Filling up the DagBag from /home/airflow/.local/lib/python3.7/site-packages/airflow/example_dags/tutorial.py
[2024-07-31T08:54:58.755+0000] {processor.py:766} INFO - DAG(s) dict_keys(['tutorial']) retrieved from /home/airflow/.local/lib/python3.7/site-packages/airflow/example_dags/tutorial.py
[2024-07-31T08:54:58.803+0000] {logging_mixin.py:120} INFO - [2024-07-31T08:54:58.802+0000] {dag.py:2585} INFO - Sync 1 DAGs
[2024-07-31T08:54:58.828+0000] {logging_mixin.py:120} INFO - [2024-07-31T08:54:58.827+0000] {dag.py:3340} INFO - Setting next_dagrun for tutorial to 2024-07-30T08:54:58.827635+00:00, run_after=2024-07-31T08:54:58.827635+00:00
[2024-07-31T08:54:58.846+0000] {processor.py:176} INFO - Processing /home/airflow/.local/lib/python3.7/site-packages/airflow/example_dags/tutorial.py took 0.114 seconds
[2024-07-31T08:55:29.131+0000] {processor.py:154} INFO - Started process (PID=380) to work on /home/airflow/.local/lib/python3.7/site-packages/airflow/example_dags/tutorial.py
[2024-07-31T08:55:29.132+0000] {processor.py:756} INFO - Processing file /home/airflow/.local/lib/python3.7/site-packages/airflow/example_dags/tutorial.py for tasks to queue
[2024-07-31T08:55:29.133+0000] {logging_mixin.py:120} INFO - [2024-07-31T08:55:29.133+0000] {dagbag.py:537} INFO - Filling up the DagBag from /home/airflow/.local/lib/python3.7/site-packages/airflow/example_dags/tutorial.py
[2024-07-31T08:55:29.146+0000] {processor.py:766} INFO - DAG(s) dict_keys(['tutorial']) retrieved from /home/airflow/.local/lib/python3.7/site-packages/airflow/example_dags/tutorial.py
[2024-07-31T08:55:29.182+0000] {logging_mixin.py:120} INFO - [2024-07-31T08:55:29.182+0000] {dag.py:2585} INFO - Sync 1 DAGs
[2024-07-31T08:55:29.206+0000] {logging_mixin.py:120} INFO - [2024-07-31T08:55:29.206+0000] {dag.py:3340} INFO - Setting next_dagrun for tutorial to 2024-07-30T08:55:29.206042+00:00, run_after=2024-07-31T08:55:29.206042+00:00
[2024-07-31T08:55:29.228+0000] {processor.py:176} INFO - Processing /home/airflow/.local/lib/python3.7/site-packages/airflow/example_dags/tutorial.py took 0.099 seconds
[2024-07-31T08:56:00.094+0000] {processor.py:154} INFO - Started process (PID=434) to work on /home/airflow/.local/lib/python3.7/site-packages/airflow/example_dags/tutorial.py
[2024-07-31T08:56:00.095+0000] {processor.py:756} INFO - Processing file /home/airflow/.local/lib/python3.7/site-packages/airflow/example_dags/tutorial.py for tasks to queue
[2024-07-31T08:56:00.096+0000] {logging_mixin.py:120} INFO - [2024-07-31T08:56:00.096+0000] {dagbag.py:537} INFO - Filling up the DagBag from /home/airflow/.local/lib/python3.7/site-packages/airflow/example_dags/tutorial.py
[2024-07-31T08:56:00.107+0000] {processor.py:766} INFO - DAG(s) dict_keys(['tutorial']) retrieved from /home/airflow/.local/lib/python3.7/site-packages/airflow/example_dags/tutorial.py
[2024-07-31T08:56:00.141+0000] {logging_mixin.py:120} INFO - [2024-07-31T08:56:00.141+0000] {dag.py:2585} INFO - Sync 1 DAGs
[2024-07-31T08:56:00.164+0000] {logging_mixin.py:120} INFO - [2024-07-31T08:56:00.164+0000] {dag.py:3340} INFO - Setting next_dagrun for tutorial to 2024-07-30T08:56:00.163894+00:00, run_after=2024-07-31T08:56:00.163894+00:00
[2024-07-31T08:56:00.182+0000] {processor.py:176} INFO - Processing /home/airflow/.local/lib/python3.7/site-packages/airflow/example_dags/tutorial.py took 0.091 seconds
[2024-07-31T08:57:10.438+0000] {processor.py:154} INFO - Started process (PID=74) to work on /home/airflow/.local/lib/python3.7/site-packages/airflow/example_dags/tutorial.py
[2024-07-31T08:57:10.440+0000] {processor.py:756} INFO - Processing file /home/airflow/.local/lib/python3.7/site-packages/airflow/example_dags/tutorial.py for tasks to queue
[2024-07-31T08:57:10.441+0000] {logging_mixin.py:120} INFO - [2024-07-31T08:57:10.440+0000] {dagbag.py:537} INFO - Filling up the DagBag from /home/airflow/.local/lib/python3.7/site-packages/airflow/example_dags/tutorial.py
[2024-07-31T08:57:10.456+0000] {processor.py:766} INFO - DAG(s) dict_keys(['tutorial']) retrieved from /home/airflow/.local/lib/python3.7/site-packages/airflow/example_dags/tutorial.py
[2024-07-31T08:57:10.482+0000] {logging_mixin.py:120} INFO - [2024-07-31T08:57:10.482+0000] {dag.py:2585} INFO - Sync 1 DAGs
[2024-07-31T08:57:10.507+0000] {logging_mixin.py:120} INFO - [2024-07-31T08:57:10.507+0000] {dag.py:3340} INFO - Setting next_dagrun for tutorial to 2024-07-30T08:57:10.507304+00:00, run_after=2024-07-31T08:57:10.507304+00:00
[2024-07-31T08:57:10.528+0000] {processor.py:176} INFO - Processing /home/airflow/.local/lib/python3.7/site-packages/airflow/example_dags/tutorial.py took 0.094 seconds
[2024-07-31T08:57:41.165+0000] {processor.py:154} INFO - Started process (PID=128) to work on /home/airflow/.local/lib/python3.7/site-packages/airflow/example_dags/tutorial.py
[2024-07-31T08:57:41.166+0000] {processor.py:756} INFO - Processing file /home/airflow/.local/lib/python3.7/site-packages/airflow/example_dags/tutorial.py for tasks to queue
[2024-07-31T08:57:41.167+0000] {logging_mixin.py:120} INFO - [2024-07-31T08:57:41.167+0000] {dagbag.py:537} INFO - Filling up the DagBag from /home/airflow/.local/lib/python3.7/site-packages/airflow/example_dags/tutorial.py
[2024-07-31T08:57:41.181+0000] {processor.py:766} INFO - DAG(s) dict_keys(['tutorial']) retrieved from /home/airflow/.local/lib/python3.7/site-packages/airflow/example_dags/tutorial.py
[2024-07-31T08:57:41.220+0000] {logging_mixin.py:120} INFO - [2024-07-31T08:57:41.220+0000] {dag.py:2585} INFO - Sync 1 DAGs
[2024-07-31T08:57:41.244+0000] {logging_mixin.py:120} INFO - [2024-07-31T08:57:41.244+0000] {dag.py:3340} INFO - Setting next_dagrun for tutorial to 2024-07-30T08:57:41.243854+00:00, run_after=2024-07-31T08:57:41.243854+00:00
[2024-07-31T08:57:41.262+0000] {processor.py:176} INFO - Processing /home/airflow/.local/lib/python3.7/site-packages/airflow/example_dags/tutorial.py took 0.101 seconds
[2024-07-31T08:59:05.238+0000] {processor.py:154} INFO - Started process (PID=73) to work on /home/airflow/.local/lib/python3.7/site-packages/airflow/example_dags/tutorial.py
[2024-07-31T08:59:05.239+0000] {processor.py:756} INFO - Processing file /home/airflow/.local/lib/python3.7/site-packages/airflow/example_dags/tutorial.py for tasks to queue
[2024-07-31T08:59:05.241+0000] {logging_mixin.py:120} INFO - [2024-07-31T08:59:05.240+0000] {dagbag.py:537} INFO - Filling up the DagBag from /home/airflow/.local/lib/python3.7/site-packages/airflow/example_dags/tutorial.py
[2024-07-31T08:59:05.256+0000] {processor.py:766} INFO - DAG(s) dict_keys(['tutorial']) retrieved from /home/airflow/.local/lib/python3.7/site-packages/airflow/example_dags/tutorial.py
[2024-07-31T08:59:05.289+0000] {logging_mixin.py:120} INFO - [2024-07-31T08:59:05.289+0000] {dag.py:2585} INFO - Sync 1 DAGs
[2024-07-31T08:59:05.327+0000] {logging_mixin.py:120} INFO - [2024-07-31T08:59:05.327+0000] {dag.py:3340} INFO - Setting next_dagrun for tutorial to 2024-07-30T08:59:05.326859+00:00, run_after=2024-07-31T08:59:05.326859+00:00
[2024-07-31T08:59:05.352+0000] {processor.py:176} INFO - Processing /home/airflow/.local/lib/python3.7/site-packages/airflow/example_dags/tutorial.py took 0.118 seconds
[2024-07-31T08:59:35.919+0000] {processor.py:154} INFO - Started process (PID=127) to work on /home/airflow/.local/lib/python3.7/site-packages/airflow/example_dags/tutorial.py
[2024-07-31T08:59:35.920+0000] {processor.py:756} INFO - Processing file /home/airflow/.local/lib/python3.7/site-packages/airflow/example_dags/tutorial.py for tasks to queue
[2024-07-31T08:59:35.921+0000] {logging_mixin.py:120} INFO - [2024-07-31T08:59:35.921+0000] {dagbag.py:537} INFO - Filling up the DagBag from /home/airflow/.local/lib/python3.7/site-packages/airflow/example_dags/tutorial.py
[2024-07-31T08:59:35.934+0000] {processor.py:766} INFO - DAG(s) dict_keys(['tutorial']) retrieved from /home/airflow/.local/lib/python3.7/site-packages/airflow/example_dags/tutorial.py
[2024-07-31T08:59:35.968+0000] {logging_mixin.py:120} INFO - [2024-07-31T08:59:35.968+0000] {dag.py:2585} INFO - Sync 1 DAGs
[2024-07-31T08:59:35.991+0000] {logging_mixin.py:120} INFO - [2024-07-31T08:59:35.990+0000] {dag.py:3340} INFO - Setting next_dagrun for tutorial to 2024-07-30T08:59:35.990773+00:00, run_after=2024-07-31T08:59:35.990773+00:00
[2024-07-31T08:59:36.016+0000] {processor.py:176} INFO - Processing /home/airflow/.local/lib/python3.7/site-packages/airflow/example_dags/tutorial.py took 0.099 seconds
[2024-07-31T09:00:06.748+0000] {processor.py:154} INFO - Started process (PID=191) to work on /home/airflow/.local/lib/python3.7/site-packages/airflow/example_dags/tutorial.py
[2024-07-31T09:00:06.749+0000] {processor.py:756} INFO - Processing file /home/airflow/.local/lib/python3.7/site-packages/airflow/example_dags/tutorial.py for tasks to queue
[2024-07-31T09:00:06.749+0000] {logging_mixin.py:120} INFO - [2024-07-31T09:00:06.749+0000] {dagbag.py:537} INFO - Filling up the DagBag from /home/airflow/.local/lib/python3.7/site-packages/airflow/example_dags/tutorial.py
[2024-07-31T09:00:06.761+0000] {processor.py:766} INFO - DAG(s) dict_keys(['tutorial']) retrieved from /home/airflow/.local/lib/python3.7/site-packages/airflow/example_dags/tutorial.py
[2024-07-31T09:00:06.795+0000] {logging_mixin.py:120} INFO - [2024-07-31T09:00:06.795+0000] {dag.py:2585} INFO - Sync 1 DAGs
[2024-07-31T09:00:06.817+0000] {logging_mixin.py:120} INFO - [2024-07-31T09:00:06.817+0000] {dag.py:3340} INFO - Setting next_dagrun for tutorial to 2024-07-30T09:00:06.816912+00:00, run_after=2024-07-31T09:00:06.816912+00:00
[2024-07-31T09:00:06.835+0000] {processor.py:176} INFO - Processing /home/airflow/.local/lib/python3.7/site-packages/airflow/example_dags/tutorial.py took 0.090 seconds
[2024-07-31T09:00:37.652+0000] {processor.py:154} INFO - Started process (PID=254) to work on /home/airflow/.local/lib/python3.7/site-packages/airflow/example_dags/tutorial.py
[2024-07-31T09:00:37.653+0000] {processor.py:756} INFO - Processing file /home/airflow/.local/lib/python3.7/site-packages/airflow/example_dags/tutorial.py for tasks to queue
[2024-07-31T09:00:37.654+0000] {logging_mixin.py:120} INFO - [2024-07-31T09:00:37.654+0000] {dagbag.py:537} INFO - Filling up the DagBag from /home/airflow/.local/lib/python3.7/site-packages/airflow/example_dags/tutorial.py
[2024-07-31T09:00:37.666+0000] {processor.py:766} INFO - DAG(s) dict_keys(['tutorial']) retrieved from /home/airflow/.local/lib/python3.7/site-packages/airflow/example_dags/tutorial.py
[2024-07-31T09:00:37.700+0000] {logging_mixin.py:120} INFO - [2024-07-31T09:00:37.700+0000] {dag.py:2585} INFO - Sync 1 DAGs
[2024-07-31T09:00:37.722+0000] {logging_mixin.py:120} INFO - [2024-07-31T09:00:37.721+0000] {dag.py:3340} INFO - Setting next_dagrun for tutorial to 2024-07-30T09:00:37.721679+00:00, run_after=2024-07-31T09:00:37.721679+00:00
[2024-07-31T09:00:37.739+0000] {processor.py:176} INFO - Processing /home/airflow/.local/lib/python3.7/site-packages/airflow/example_dags/tutorial.py took 0.090 seconds
[2024-07-31T09:01:08.678+0000] {processor.py:154} INFO - Started process (PID=318) to work on /home/airflow/.local/lib/python3.7/site-packages/airflow/example_dags/tutorial.py
[2024-07-31T09:01:08.679+0000] {processor.py:756} INFO - Processing file /home/airflow/.local/lib/python3.7/site-packages/airflow/example_dags/tutorial.py for tasks to queue
[2024-07-31T09:01:08.680+0000] {logging_mixin.py:120} INFO - [2024-07-31T09:01:08.680+0000] {dagbag.py:537} INFO - Filling up the DagBag from /home/airflow/.local/lib/python3.7/site-packages/airflow/example_dags/tutorial.py
[2024-07-31T09:01:08.692+0000] {processor.py:766} INFO - DAG(s) dict_keys(['tutorial']) retrieved from /home/airflow/.local/lib/python3.7/site-packages/airflow/example_dags/tutorial.py
[2024-07-31T09:01:08.726+0000] {logging_mixin.py:120} INFO - [2024-07-31T09:01:08.726+0000] {dag.py:2585} INFO - Sync 1 DAGs
[2024-07-31T09:01:08.747+0000] {logging_mixin.py:120} INFO - [2024-07-31T09:01:08.747+0000] {dag.py:3340} INFO - Setting next_dagrun for tutorial to 2024-07-30T09:01:08.747240+00:00, run_after=2024-07-31T09:01:08.747240+00:00
[2024-07-31T09:01:08.766+0000] {processor.py:176} INFO - Processing /home/airflow/.local/lib/python3.7/site-packages/airflow/example_dags/tutorial.py took 0.090 seconds
[2024-07-31T09:01:39.931+0000] {processor.py:154} INFO - Started process (PID=372) to work on /home/airflow/.local/lib/python3.7/site-packages/airflow/example_dags/tutorial.py
[2024-07-31T09:01:39.932+0000] {processor.py:756} INFO - Processing file /home/airflow/.local/lib/python3.7/site-packages/airflow/example_dags/tutorial.py for tasks to queue
[2024-07-31T09:01:39.933+0000] {logging_mixin.py:120} INFO - [2024-07-31T09:01:39.933+0000] {dagbag.py:537} INFO - Filling up the DagBag from /home/airflow/.local/lib/python3.7/site-packages/airflow/example_dags/tutorial.py
[2024-07-31T09:01:39.947+0000] {processor.py:766} INFO - DAG(s) dict_keys(['tutorial']) retrieved from /home/airflow/.local/lib/python3.7/site-packages/airflow/example_dags/tutorial.py
[2024-07-31T09:01:39.987+0000] {logging_mixin.py:120} INFO - [2024-07-31T09:01:39.987+0000] {dag.py:2585} INFO - Sync 1 DAGs
[2024-07-31T09:01:40.012+0000] {logging_mixin.py:120} INFO - [2024-07-31T09:01:40.012+0000] {dag.py:3340} INFO - Setting next_dagrun for tutorial to 2024-07-30T09:01:40.012009+00:00, run_after=2024-07-31T09:01:40.012009+00:00
[2024-07-31T09:01:40.034+0000] {processor.py:176} INFO - Processing /home/airflow/.local/lib/python3.7/site-packages/airflow/example_dags/tutorial.py took 0.106 seconds
[2024-07-31T09:02:10.927+0000] {processor.py:154} INFO - Started process (PID=435) to work on /home/airflow/.local/lib/python3.7/site-packages/airflow/example_dags/tutorial.py
[2024-07-31T09:02:10.928+0000] {processor.py:756} INFO - Processing file /home/airflow/.local/lib/python3.7/site-packages/airflow/example_dags/tutorial.py for tasks to queue
[2024-07-31T09:02:10.929+0000] {logging_mixin.py:120} INFO - [2024-07-31T09:02:10.928+0000] {dagbag.py:537} INFO - Filling up the DagBag from /home/airflow/.local/lib/python3.7/site-packages/airflow/example_dags/tutorial.py
[2024-07-31T09:02:10.943+0000] {processor.py:766} INFO - DAG(s) dict_keys(['tutorial']) retrieved from /home/airflow/.local/lib/python3.7/site-packages/airflow/example_dags/tutorial.py
[2024-07-31T09:02:10.967+0000] {logging_mixin.py:120} INFO - [2024-07-31T09:02:10.967+0000] {dag.py:2585} INFO - Sync 1 DAGs
[2024-07-31T09:02:10.991+0000] {logging_mixin.py:120} INFO - [2024-07-31T09:02:10.991+0000] {dag.py:3340} INFO - Setting next_dagrun for tutorial to 2024-07-30T09:02:10.991055+00:00, run_after=2024-07-31T09:02:10.991055+00:00
[2024-07-31T09:02:11.012+0000] {processor.py:176} INFO - Processing /home/airflow/.local/lib/python3.7/site-packages/airflow/example_dags/tutorial.py took 0.088 seconds
[2024-07-31T09:02:41.552+0000] {processor.py:154} INFO - Started process (PID=498) to work on /home/airflow/.local/lib/python3.7/site-packages/airflow/example_dags/tutorial.py
[2024-07-31T09:02:41.553+0000] {processor.py:756} INFO - Processing file /home/airflow/.local/lib/python3.7/site-packages/airflow/example_dags/tutorial.py for tasks to queue
[2024-07-31T09:02:41.554+0000] {logging_mixin.py:120} INFO - [2024-07-31T09:02:41.554+0000] {dagbag.py:537} INFO - Filling up the DagBag from /home/airflow/.local/lib/python3.7/site-packages/airflow/example_dags/tutorial.py
[2024-07-31T09:02:41.572+0000] {processor.py:766} INFO - DAG(s) dict_keys(['tutorial']) retrieved from /home/airflow/.local/lib/python3.7/site-packages/airflow/example_dags/tutorial.py
[2024-07-31T09:02:41.627+0000] {logging_mixin.py:120} INFO - [2024-07-31T09:02:41.626+0000] {dag.py:2585} INFO - Sync 1 DAGs
[2024-07-31T09:02:41.652+0000] {logging_mixin.py:120} INFO - [2024-07-31T09:02:41.652+0000] {dag.py:3340} INFO - Setting next_dagrun for tutorial to 2024-07-30T09:02:41.651885+00:00, run_after=2024-07-31T09:02:41.651885+00:00
[2024-07-31T09:02:41.679+0000] {processor.py:176} INFO - Processing /home/airflow/.local/lib/python3.7/site-packages/airflow/example_dags/tutorial.py took 0.130 seconds
[2024-07-31T09:03:12.522+0000] {processor.py:154} INFO - Started process (PID=561) to work on /home/airflow/.local/lib/python3.7/site-packages/airflow/example_dags/tutorial.py
[2024-07-31T09:03:12.523+0000] {processor.py:756} INFO - Processing file /home/airflow/.local/lib/python3.7/site-packages/airflow/example_dags/tutorial.py for tasks to queue
[2024-07-31T09:03:12.523+0000] {logging_mixin.py:120} INFO - [2024-07-31T09:03:12.523+0000] {dagbag.py:537} INFO - Filling up the DagBag from /home/airflow/.local/lib/python3.7/site-packages/airflow/example_dags/tutorial.py
[2024-07-31T09:03:12.536+0000] {processor.py:766} INFO - DAG(s) dict_keys(['tutorial']) retrieved from /home/airflow/.local/lib/python3.7/site-packages/airflow/example_dags/tutorial.py
[2024-07-31T09:03:12.570+0000] {logging_mixin.py:120} INFO - [2024-07-31T09:03:12.570+0000] {dag.py:2585} INFO - Sync 1 DAGs
[2024-07-31T09:03:12.593+0000] {logging_mixin.py:120} INFO - [2024-07-31T09:03:12.593+0000] {dag.py:3340} INFO - Setting next_dagrun for tutorial to 2024-07-30T09:03:12.593080+00:00, run_after=2024-07-31T09:03:12.593080+00:00
[2024-07-31T09:03:12.610+0000] {processor.py:176} INFO - Processing /home/airflow/.local/lib/python3.7/site-packages/airflow/example_dags/tutorial.py took 0.091 seconds
