[2024-08-28T03:16:11.475+0000] {processor.py:157} INFO - Started process (PID=81) to work on /home/airflow/.local/lib/python3.8/site-packages/airflow/example_dags/example_branch_datetime_operator.py
[2024-08-28T03:16:11.476+0000] {processor.py:829} INFO - Processing file /home/airflow/.local/lib/python3.8/site-packages/airflow/example_dags/example_branch_datetime_operator.py for tasks to queue
[2024-08-28T03:16:11.479+0000] {logging_mixin.py:154} INFO - [2024-08-28T03:16:11.479+0000] {dagbag.py:536} INFO - Filling up the DagBag from /home/airflow/.local/lib/python3.8/site-packages/airflow/example_dags/example_branch_datetime_operator.py
[2024-08-28T03:16:11.496+0000] {processor.py:839} INFO - DAG(s) dict_keys(['example_branch_datetime_operator_3', 'example_branch_datetime_operator_2', 'example_branch_datetime_operator']) retrieved from /home/airflow/.local/lib/python3.8/site-packages/airflow/example_dags/example_branch_datetime_operator.py
[2024-08-28T03:16:11.569+0000] {logging_mixin.py:154} INFO - [2024-08-28T03:16:11.569+0000] {dag.py:2941} INFO - Sync 3 DAGs
[2024-08-28T03:16:11.616+0000] {logging_mixin.py:154} INFO - [2024-08-28T03:16:11.615+0000] {dag.py:3722} INFO - Setting next_dagrun for example_branch_datetime_operator to 2024-08-27T00:00:00+00:00, run_after=2024-08-28T00:00:00+00:00
[2024-08-28T03:16:11.624+0000] {logging_mixin.py:154} INFO - [2024-08-28T03:16:11.624+0000] {dag.py:3722} INFO - Setting next_dagrun for example_branch_datetime_operator_2 to 2024-08-27T00:00:00+00:00, run_after=2024-08-28T00:00:00+00:00
[2024-08-28T03:16:11.631+0000] {logging_mixin.py:154} INFO - [2024-08-28T03:16:11.631+0000] {dag.py:3722} INFO - Setting next_dagrun for example_branch_datetime_operator_3 to 2024-08-27T00:00:00+00:00, run_after=2024-08-28T00:00:00+00:00
[2024-08-28T03:16:11.672+0000] {processor.py:179} INFO - Processing /home/airflow/.local/lib/python3.8/site-packages/airflow/example_dags/example_branch_datetime_operator.py took 0.202 seconds
[2024-08-28T03:16:42.416+0000] {processor.py:157} INFO - Started process (PID=148) to work on /home/airflow/.local/lib/python3.8/site-packages/airflow/example_dags/example_branch_datetime_operator.py
[2024-08-28T03:16:42.417+0000] {processor.py:829} INFO - Processing file /home/airflow/.local/lib/python3.8/site-packages/airflow/example_dags/example_branch_datetime_operator.py for tasks to queue
[2024-08-28T03:16:42.419+0000] {logging_mixin.py:154} INFO - [2024-08-28T03:16:42.419+0000] {dagbag.py:536} INFO - Filling up the DagBag from /home/airflow/.local/lib/python3.8/site-packages/airflow/example_dags/example_branch_datetime_operator.py
[2024-08-28T03:16:42.428+0000] {processor.py:839} INFO - DAG(s) dict_keys(['example_branch_datetime_operator', 'example_branch_datetime_operator_3', 'example_branch_datetime_operator_2']) retrieved from /home/airflow/.local/lib/python3.8/site-packages/airflow/example_dags/example_branch_datetime_operator.py
[2024-08-28T03:16:42.453+0000] {logging_mixin.py:154} INFO - [2024-08-28T03:16:42.453+0000] {dag.py:2941} INFO - Sync 3 DAGs
[2024-08-28T03:16:42.475+0000] {logging_mixin.py:154} INFO - [2024-08-28T03:16:42.475+0000] {dag.py:3722} INFO - Setting next_dagrun for example_branch_datetime_operator to 2024-08-27T00:00:00+00:00, run_after=2024-08-28T00:00:00+00:00
[2024-08-28T03:16:42.480+0000] {logging_mixin.py:154} INFO - [2024-08-28T03:16:42.480+0000] {dag.py:3722} INFO - Setting next_dagrun for example_branch_datetime_operator_2 to 2024-08-27T00:00:00+00:00, run_after=2024-08-28T00:00:00+00:00
[2024-08-28T03:16:42.483+0000] {logging_mixin.py:154} INFO - [2024-08-28T03:16:42.483+0000] {dag.py:3722} INFO - Setting next_dagrun for example_branch_datetime_operator_3 to 2024-08-27T00:00:00+00:00, run_after=2024-08-28T00:00:00+00:00
[2024-08-28T03:16:42.500+0000] {processor.py:179} INFO - Processing /home/airflow/.local/lib/python3.8/site-packages/airflow/example_dags/example_branch_datetime_operator.py took 0.087 seconds
[2024-08-28T03:17:13.178+0000] {processor.py:157} INFO - Started process (PID=214) to work on /home/airflow/.local/lib/python3.8/site-packages/airflow/example_dags/example_branch_datetime_operator.py
[2024-08-28T03:17:13.179+0000] {processor.py:829} INFO - Processing file /home/airflow/.local/lib/python3.8/site-packages/airflow/example_dags/example_branch_datetime_operator.py for tasks to queue
[2024-08-28T03:17:13.181+0000] {logging_mixin.py:154} INFO - [2024-08-28T03:17:13.181+0000] {dagbag.py:536} INFO - Filling up the DagBag from /home/airflow/.local/lib/python3.8/site-packages/airflow/example_dags/example_branch_datetime_operator.py
[2024-08-28T03:17:13.193+0000] {processor.py:839} INFO - DAG(s) dict_keys(['example_branch_datetime_operator_3', 'example_branch_datetime_operator', 'example_branch_datetime_operator_2']) retrieved from /home/airflow/.local/lib/python3.8/site-packages/airflow/example_dags/example_branch_datetime_operator.py
[2024-08-28T03:17:13.223+0000] {logging_mixin.py:154} INFO - [2024-08-28T03:17:13.223+0000] {dag.py:2941} INFO - Sync 3 DAGs
[2024-08-28T03:17:13.244+0000] {logging_mixin.py:154} INFO - [2024-08-28T03:17:13.244+0000] {dag.py:3722} INFO - Setting next_dagrun for example_branch_datetime_operator to 2024-08-27T00:00:00+00:00, run_after=2024-08-28T00:00:00+00:00
[2024-08-28T03:17:13.249+0000] {logging_mixin.py:154} INFO - [2024-08-28T03:17:13.248+0000] {dag.py:3722} INFO - Setting next_dagrun for example_branch_datetime_operator_2 to 2024-08-27T00:00:00+00:00, run_after=2024-08-28T00:00:00+00:00
[2024-08-28T03:17:13.251+0000] {logging_mixin.py:154} INFO - [2024-08-28T03:17:13.251+0000] {dag.py:3722} INFO - Setting next_dagrun for example_branch_datetime_operator_3 to 2024-08-27T00:00:00+00:00, run_after=2024-08-28T00:00:00+00:00
[2024-08-28T03:17:13.267+0000] {processor.py:179} INFO - Processing /home/airflow/.local/lib/python3.8/site-packages/airflow/example_dags/example_branch_datetime_operator.py took 0.091 seconds
[2024-08-28T03:17:43.574+0000] {processor.py:157} INFO - Started process (PID=288) to work on /home/airflow/.local/lib/python3.8/site-packages/airflow/example_dags/example_branch_datetime_operator.py
[2024-08-28T03:17:43.575+0000] {processor.py:829} INFO - Processing file /home/airflow/.local/lib/python3.8/site-packages/airflow/example_dags/example_branch_datetime_operator.py for tasks to queue
[2024-08-28T03:17:43.578+0000] {logging_mixin.py:154} INFO - [2024-08-28T03:17:43.577+0000] {dagbag.py:536} INFO - Filling up the DagBag from /home/airflow/.local/lib/python3.8/site-packages/airflow/example_dags/example_branch_datetime_operator.py
[2024-08-28T03:17:43.590+0000] {processor.py:839} INFO - DAG(s) dict_keys(['example_branch_datetime_operator_3', 'example_branch_datetime_operator', 'example_branch_datetime_operator_2']) retrieved from /home/airflow/.local/lib/python3.8/site-packages/airflow/example_dags/example_branch_datetime_operator.py
[2024-08-28T03:17:43.624+0000] {logging_mixin.py:154} INFO - [2024-08-28T03:17:43.624+0000] {dag.py:2941} INFO - Sync 3 DAGs
[2024-08-28T03:17:43.648+0000] {logging_mixin.py:154} INFO - [2024-08-28T03:17:43.648+0000] {dag.py:3722} INFO - Setting next_dagrun for example_branch_datetime_operator to 2024-08-27T00:00:00+00:00, run_after=2024-08-28T00:00:00+00:00
[2024-08-28T03:17:43.653+0000] {logging_mixin.py:154} INFO - [2024-08-28T03:17:43.653+0000] {dag.py:3722} INFO - Setting next_dagrun for example_branch_datetime_operator_2 to 2024-08-27T00:00:00+00:00, run_after=2024-08-28T00:00:00+00:00
[2024-08-28T03:17:43.656+0000] {logging_mixin.py:154} INFO - [2024-08-28T03:17:43.656+0000] {dag.py:3722} INFO - Setting next_dagrun for example_branch_datetime_operator_3 to 2024-08-27T00:00:00+00:00, run_after=2024-08-28T00:00:00+00:00
[2024-08-28T03:17:43.673+0000] {processor.py:179} INFO - Processing /home/airflow/.local/lib/python3.8/site-packages/airflow/example_dags/example_branch_datetime_operator.py took 0.103 seconds
[2024-08-28T03:18:14.217+0000] {processor.py:157} INFO - Started process (PID=354) to work on /home/airflow/.local/lib/python3.8/site-packages/airflow/example_dags/example_branch_datetime_operator.py
[2024-08-28T03:18:14.218+0000] {processor.py:829} INFO - Processing file /home/airflow/.local/lib/python3.8/site-packages/airflow/example_dags/example_branch_datetime_operator.py for tasks to queue
[2024-08-28T03:18:14.220+0000] {logging_mixin.py:154} INFO - [2024-08-28T03:18:14.220+0000] {dagbag.py:536} INFO - Filling up the DagBag from /home/airflow/.local/lib/python3.8/site-packages/airflow/example_dags/example_branch_datetime_operator.py
[2024-08-28T03:18:14.229+0000] {processor.py:839} INFO - DAG(s) dict_keys(['example_branch_datetime_operator_3', 'example_branch_datetime_operator_2', 'example_branch_datetime_operator']) retrieved from /home/airflow/.local/lib/python3.8/site-packages/airflow/example_dags/example_branch_datetime_operator.py
[2024-08-28T03:18:14.258+0000] {logging_mixin.py:154} INFO - [2024-08-28T03:18:14.258+0000] {dag.py:2941} INFO - Sync 3 DAGs
[2024-08-28T03:18:14.286+0000] {logging_mixin.py:154} INFO - [2024-08-28T03:18:14.285+0000] {dag.py:3722} INFO - Setting next_dagrun for example_branch_datetime_operator to 2024-08-27T00:00:00+00:00, run_after=2024-08-28T00:00:00+00:00
[2024-08-28T03:18:14.292+0000] {logging_mixin.py:154} INFO - [2024-08-28T03:18:14.292+0000] {dag.py:3722} INFO - Setting next_dagrun for example_branch_datetime_operator_2 to 2024-08-27T00:00:00+00:00, run_after=2024-08-28T00:00:00+00:00
[2024-08-28T03:18:14.295+0000] {logging_mixin.py:154} INFO - [2024-08-28T03:18:14.295+0000] {dag.py:3722} INFO - Setting next_dagrun for example_branch_datetime_operator_3 to 2024-08-27T00:00:00+00:00, run_after=2024-08-28T00:00:00+00:00
[2024-08-28T03:18:14.312+0000] {processor.py:179} INFO - Processing /home/airflow/.local/lib/python3.8/site-packages/airflow/example_dags/example_branch_datetime_operator.py took 0.097 seconds
[2024-08-28T03:18:44.944+0000] {processor.py:157} INFO - Started process (PID=428) to work on /home/airflow/.local/lib/python3.8/site-packages/airflow/example_dags/example_branch_datetime_operator.py
[2024-08-28T03:18:44.944+0000] {processor.py:829} INFO - Processing file /home/airflow/.local/lib/python3.8/site-packages/airflow/example_dags/example_branch_datetime_operator.py for tasks to queue
[2024-08-28T03:18:44.946+0000] {logging_mixin.py:154} INFO - [2024-08-28T03:18:44.946+0000] {dagbag.py:536} INFO - Filling up the DagBag from /home/airflow/.local/lib/python3.8/site-packages/airflow/example_dags/example_branch_datetime_operator.py
[2024-08-28T03:18:44.958+0000] {processor.py:839} INFO - DAG(s) dict_keys(['example_branch_datetime_operator_2', 'example_branch_datetime_operator_3', 'example_branch_datetime_operator']) retrieved from /home/airflow/.local/lib/python3.8/site-packages/airflow/example_dags/example_branch_datetime_operator.py
[2024-08-28T03:18:44.985+0000] {logging_mixin.py:154} INFO - [2024-08-28T03:18:44.985+0000] {dag.py:2941} INFO - Sync 3 DAGs
[2024-08-28T03:18:45.011+0000] {logging_mixin.py:154} INFO - [2024-08-28T03:18:45.011+0000] {dag.py:3722} INFO - Setting next_dagrun for example_branch_datetime_operator to 2024-08-27T00:00:00+00:00, run_after=2024-08-28T00:00:00+00:00
[2024-08-28T03:18:45.018+0000] {logging_mixin.py:154} INFO - [2024-08-28T03:18:45.018+0000] {dag.py:3722} INFO - Setting next_dagrun for example_branch_datetime_operator_2 to 2024-08-27T00:00:00+00:00, run_after=2024-08-28T00:00:00+00:00
[2024-08-28T03:18:45.022+0000] {logging_mixin.py:154} INFO - [2024-08-28T03:18:45.022+0000] {dag.py:3722} INFO - Setting next_dagrun for example_branch_datetime_operator_3 to 2024-08-27T00:00:00+00:00, run_after=2024-08-28T00:00:00+00:00
[2024-08-28T03:18:45.042+0000] {processor.py:179} INFO - Processing /home/airflow/.local/lib/python3.8/site-packages/airflow/example_dags/example_branch_datetime_operator.py took 0.101 seconds
[2024-08-28T03:19:15.538+0000] {processor.py:157} INFO - Started process (PID=494) to work on /home/airflow/.local/lib/python3.8/site-packages/airflow/example_dags/example_branch_datetime_operator.py
[2024-08-28T03:19:15.539+0000] {processor.py:829} INFO - Processing file /home/airflow/.local/lib/python3.8/site-packages/airflow/example_dags/example_branch_datetime_operator.py for tasks to queue
[2024-08-28T03:19:15.541+0000] {logging_mixin.py:154} INFO - [2024-08-28T03:19:15.541+0000] {dagbag.py:536} INFO - Filling up the DagBag from /home/airflow/.local/lib/python3.8/site-packages/airflow/example_dags/example_branch_datetime_operator.py
[2024-08-28T03:19:15.550+0000] {processor.py:839} INFO - DAG(s) dict_keys(['example_branch_datetime_operator_3', 'example_branch_datetime_operator_2', 'example_branch_datetime_operator']) retrieved from /home/airflow/.local/lib/python3.8/site-packages/airflow/example_dags/example_branch_datetime_operator.py
[2024-08-28T03:19:15.575+0000] {logging_mixin.py:154} INFO - [2024-08-28T03:19:15.575+0000] {dag.py:2941} INFO - Sync 3 DAGs
[2024-08-28T03:19:15.597+0000] {logging_mixin.py:154} INFO - [2024-08-28T03:19:15.597+0000] {dag.py:3722} INFO - Setting next_dagrun for example_branch_datetime_operator to 2024-08-27T00:00:00+00:00, run_after=2024-08-28T00:00:00+00:00
[2024-08-28T03:19:15.602+0000] {logging_mixin.py:154} INFO - [2024-08-28T03:19:15.602+0000] {dag.py:3722} INFO - Setting next_dagrun for example_branch_datetime_operator_2 to 2024-08-27T00:00:00+00:00, run_after=2024-08-28T00:00:00+00:00
[2024-08-28T03:19:15.605+0000] {logging_mixin.py:154} INFO - [2024-08-28T03:19:15.605+0000] {dag.py:3722} INFO - Setting next_dagrun for example_branch_datetime_operator_3 to 2024-08-27T00:00:00+00:00, run_after=2024-08-28T00:00:00+00:00
[2024-08-28T03:19:15.622+0000] {processor.py:179} INFO - Processing /home/airflow/.local/lib/python3.8/site-packages/airflow/example_dags/example_branch_datetime_operator.py took 0.087 seconds
[2024-08-28T03:19:45.994+0000] {processor.py:157} INFO - Started process (PID=568) to work on /home/airflow/.local/lib/python3.8/site-packages/airflow/example_dags/example_branch_datetime_operator.py
[2024-08-28T03:19:45.995+0000] {processor.py:829} INFO - Processing file /home/airflow/.local/lib/python3.8/site-packages/airflow/example_dags/example_branch_datetime_operator.py for tasks to queue
[2024-08-28T03:19:45.998+0000] {logging_mixin.py:154} INFO - [2024-08-28T03:19:45.998+0000] {dagbag.py:536} INFO - Filling up the DagBag from /home/airflow/.local/lib/python3.8/site-packages/airflow/example_dags/example_branch_datetime_operator.py
[2024-08-28T03:19:46.012+0000] {processor.py:839} INFO - DAG(s) dict_keys(['example_branch_datetime_operator_2', 'example_branch_datetime_operator_3', 'example_branch_datetime_operator']) retrieved from /home/airflow/.local/lib/python3.8/site-packages/airflow/example_dags/example_branch_datetime_operator.py
[2024-08-28T03:19:46.054+0000] {logging_mixin.py:154} INFO - [2024-08-28T03:19:46.053+0000] {dag.py:2941} INFO - Sync 3 DAGs
[2024-08-28T03:19:46.099+0000] {logging_mixin.py:154} INFO - [2024-08-28T03:19:46.099+0000] {dag.py:3722} INFO - Setting next_dagrun for example_branch_datetime_operator to 2024-08-27T00:00:00+00:00, run_after=2024-08-28T00:00:00+00:00
[2024-08-28T03:19:46.106+0000] {logging_mixin.py:154} INFO - [2024-08-28T03:19:46.106+0000] {dag.py:3722} INFO - Setting next_dagrun for example_branch_datetime_operator_2 to 2024-08-27T00:00:00+00:00, run_after=2024-08-28T00:00:00+00:00
[2024-08-28T03:19:46.111+0000] {logging_mixin.py:154} INFO - [2024-08-28T03:19:46.110+0000] {dag.py:3722} INFO - Setting next_dagrun for example_branch_datetime_operator_3 to 2024-08-27T00:00:00+00:00, run_after=2024-08-28T00:00:00+00:00
[2024-08-28T03:19:46.140+0000] {processor.py:179} INFO - Processing /home/airflow/.local/lib/python3.8/site-packages/airflow/example_dags/example_branch_datetime_operator.py took 0.149 seconds
