[2024-08-28T03:16:12.215+0000] {processor.py:157} INFO - Started process (PID=85) to work on /home/airflow/.local/lib/python3.8/site-packages/airflow/example_dags/example_short_circuit_operator.py
[2024-08-28T03:16:12.216+0000] {processor.py:829} INFO - Processing file /home/airflow/.local/lib/python3.8/site-packages/airflow/example_dags/example_short_circuit_operator.py for tasks to queue
[2024-08-28T03:16:12.219+0000] {logging_mixin.py:154} INFO - [2024-08-28T03:16:12.219+0000] {dagbag.py:536} INFO - Filling up the DagBag from /home/airflow/.local/lib/python3.8/site-packages/airflow/example_dags/example_short_circuit_operator.py
[2024-08-28T03:16:12.235+0000] {processor.py:839} INFO - DAG(s) dict_keys(['example_short_circuit_operator']) retrieved from /home/airflow/.local/lib/python3.8/site-packages/airflow/example_dags/example_short_circuit_operator.py
[2024-08-28T03:16:12.288+0000] {logging_mixin.py:154} INFO - [2024-08-28T03:16:12.288+0000] {dag.py:2941} INFO - Sync 1 DAGs
[2024-08-28T03:16:12.335+0000] {logging_mixin.py:154} INFO - [2024-08-28T03:16:12.335+0000] {dag.py:3722} INFO - Setting next_dagrun for example_short_circuit_operator to 2024-08-27T03:16:12.335345+00:00, run_after=2024-08-28T03:16:12.335345+00:00
[2024-08-28T03:16:12.396+0000] {processor.py:179} INFO - Processing /home/airflow/.local/lib/python3.8/site-packages/airflow/example_dags/example_short_circuit_operator.py took 0.187 seconds
[2024-08-28T03:16:42.526+0000] {processor.py:157} INFO - Started process (PID=151) to work on /home/airflow/.local/lib/python3.8/site-packages/airflow/example_dags/example_short_circuit_operator.py
[2024-08-28T03:16:42.527+0000] {processor.py:829} INFO - Processing file /home/airflow/.local/lib/python3.8/site-packages/airflow/example_dags/example_short_circuit_operator.py for tasks to queue
[2024-08-28T03:16:42.529+0000] {logging_mixin.py:154} INFO - [2024-08-28T03:16:42.528+0000] {dagbag.py:536} INFO - Filling up the DagBag from /home/airflow/.local/lib/python3.8/site-packages/airflow/example_dags/example_short_circuit_operator.py
[2024-08-28T03:16:42.535+0000] {processor.py:839} INFO - DAG(s) dict_keys(['example_short_circuit_operator']) retrieved from /home/airflow/.local/lib/python3.8/site-packages/airflow/example_dags/example_short_circuit_operator.py
[2024-08-28T03:16:42.555+0000] {logging_mixin.py:154} INFO - [2024-08-28T03:16:42.555+0000] {dag.py:2941} INFO - Sync 1 DAGs
[2024-08-28T03:16:42.574+0000] {logging_mixin.py:154} INFO - [2024-08-28T03:16:42.574+0000] {dag.py:3722} INFO - Setting next_dagrun for example_short_circuit_operator to 2024-08-27T03:16:42.574242+00:00, run_after=2024-08-28T03:16:42.574242+00:00
[2024-08-28T03:16:42.591+0000] {processor.py:179} INFO - Processing /home/airflow/.local/lib/python3.8/site-packages/airflow/example_dags/example_short_circuit_operator.py took 0.068 seconds
[2024-08-28T03:17:13.292+0000] {processor.py:157} INFO - Started process (PID=217) to work on /home/airflow/.local/lib/python3.8/site-packages/airflow/example_dags/example_short_circuit_operator.py
[2024-08-28T03:17:13.293+0000] {processor.py:829} INFO - Processing file /home/airflow/.local/lib/python3.8/site-packages/airflow/example_dags/example_short_circuit_operator.py for tasks to queue
[2024-08-28T03:17:13.295+0000] {logging_mixin.py:154} INFO - [2024-08-28T03:17:13.295+0000] {dagbag.py:536} INFO - Filling up the DagBag from /home/airflow/.local/lib/python3.8/site-packages/airflow/example_dags/example_short_circuit_operator.py
[2024-08-28T03:17:13.304+0000] {processor.py:839} INFO - DAG(s) dict_keys(['example_short_circuit_operator']) retrieved from /home/airflow/.local/lib/python3.8/site-packages/airflow/example_dags/example_short_circuit_operator.py
[2024-08-28T03:17:13.325+0000] {logging_mixin.py:154} INFO - [2024-08-28T03:17:13.325+0000] {dag.py:2941} INFO - Sync 1 DAGs
[2024-08-28T03:17:13.345+0000] {logging_mixin.py:154} INFO - [2024-08-28T03:17:13.345+0000] {dag.py:3722} INFO - Setting next_dagrun for example_short_circuit_operator to 2024-08-27T03:17:13.345043+00:00, run_after=2024-08-28T03:17:13.345043+00:00
[2024-08-28T03:17:13.362+0000] {processor.py:179} INFO - Processing /home/airflow/.local/lib/python3.8/site-packages/airflow/example_dags/example_short_circuit_operator.py took 0.073 seconds
[2024-08-28T03:17:43.697+0000] {processor.py:157} INFO - Started process (PID=291) to work on /home/airflow/.local/lib/python3.8/site-packages/airflow/example_dags/example_short_circuit_operator.py
[2024-08-28T03:17:43.698+0000] {processor.py:829} INFO - Processing file /home/airflow/.local/lib/python3.8/site-packages/airflow/example_dags/example_short_circuit_operator.py for tasks to queue
[2024-08-28T03:17:43.700+0000] {logging_mixin.py:154} INFO - [2024-08-28T03:17:43.700+0000] {dagbag.py:536} INFO - Filling up the DagBag from /home/airflow/.local/lib/python3.8/site-packages/airflow/example_dags/example_short_circuit_operator.py
[2024-08-28T03:17:43.709+0000] {processor.py:839} INFO - DAG(s) dict_keys(['example_short_circuit_operator']) retrieved from /home/airflow/.local/lib/python3.8/site-packages/airflow/example_dags/example_short_circuit_operator.py
[2024-08-28T03:17:43.731+0000] {logging_mixin.py:154} INFO - [2024-08-28T03:17:43.731+0000] {dag.py:2941} INFO - Sync 1 DAGs
[2024-08-28T03:17:43.753+0000] {logging_mixin.py:154} INFO - [2024-08-28T03:17:43.753+0000] {dag.py:3722} INFO - Setting next_dagrun for example_short_circuit_operator to 2024-08-27T03:17:43.753521+00:00, run_after=2024-08-28T03:17:43.753521+00:00
[2024-08-28T03:17:43.772+0000] {processor.py:179} INFO - Processing /home/airflow/.local/lib/python3.8/site-packages/airflow/example_dags/example_short_circuit_operator.py took 0.077 seconds
[2024-08-28T03:18:14.335+0000] {processor.py:157} INFO - Started process (PID=357) to work on /home/airflow/.local/lib/python3.8/site-packages/airflow/example_dags/example_short_circuit_operator.py
[2024-08-28T03:18:14.336+0000] {processor.py:829} INFO - Processing file /home/airflow/.local/lib/python3.8/site-packages/airflow/example_dags/example_short_circuit_operator.py for tasks to queue
[2024-08-28T03:18:14.338+0000] {logging_mixin.py:154} INFO - [2024-08-28T03:18:14.338+0000] {dagbag.py:536} INFO - Filling up the DagBag from /home/airflow/.local/lib/python3.8/site-packages/airflow/example_dags/example_short_circuit_operator.py
[2024-08-28T03:18:14.345+0000] {processor.py:839} INFO - DAG(s) dict_keys(['example_short_circuit_operator']) retrieved from /home/airflow/.local/lib/python3.8/site-packages/airflow/example_dags/example_short_circuit_operator.py
[2024-08-28T03:18:14.365+0000] {logging_mixin.py:154} INFO - [2024-08-28T03:18:14.365+0000] {dag.py:2941} INFO - Sync 1 DAGs
[2024-08-28T03:18:14.385+0000] {logging_mixin.py:154} INFO - [2024-08-28T03:18:14.385+0000] {dag.py:3722} INFO - Setting next_dagrun for example_short_circuit_operator to 2024-08-27T03:18:14.385504+00:00, run_after=2024-08-28T03:18:14.385504+00:00
[2024-08-28T03:18:14.403+0000] {processor.py:179} INFO - Processing /home/airflow/.local/lib/python3.8/site-packages/airflow/example_dags/example_short_circuit_operator.py took 0.070 seconds
[2024-08-28T03:18:45.073+0000] {processor.py:157} INFO - Started process (PID=431) to work on /home/airflow/.local/lib/python3.8/site-packages/airflow/example_dags/example_short_circuit_operator.py
[2024-08-28T03:18:45.074+0000] {processor.py:829} INFO - Processing file /home/airflow/.local/lib/python3.8/site-packages/airflow/example_dags/example_short_circuit_operator.py for tasks to queue
[2024-08-28T03:18:45.076+0000] {logging_mixin.py:154} INFO - [2024-08-28T03:18:45.076+0000] {dagbag.py:536} INFO - Filling up the DagBag from /home/airflow/.local/lib/python3.8/site-packages/airflow/example_dags/example_short_circuit_operator.py
[2024-08-28T03:18:45.083+0000] {processor.py:839} INFO - DAG(s) dict_keys(['example_short_circuit_operator']) retrieved from /home/airflow/.local/lib/python3.8/site-packages/airflow/example_dags/example_short_circuit_operator.py
[2024-08-28T03:18:45.107+0000] {logging_mixin.py:154} INFO - [2024-08-28T03:18:45.106+0000] {dag.py:2941} INFO - Sync 1 DAGs
[2024-08-28T03:18:45.128+0000] {logging_mixin.py:154} INFO - [2024-08-28T03:18:45.128+0000] {dag.py:3722} INFO - Setting next_dagrun for example_short_circuit_operator to 2024-08-27T03:18:45.128474+00:00, run_after=2024-08-28T03:18:45.128474+00:00
[2024-08-28T03:18:45.153+0000] {processor.py:179} INFO - Processing /home/airflow/.local/lib/python3.8/site-packages/airflow/example_dags/example_short_circuit_operator.py took 0.082 seconds
[2024-08-28T03:19:15.645+0000] {processor.py:157} INFO - Started process (PID=497) to work on /home/airflow/.local/lib/python3.8/site-packages/airflow/example_dags/example_short_circuit_operator.py
[2024-08-28T03:19:15.646+0000] {processor.py:829} INFO - Processing file /home/airflow/.local/lib/python3.8/site-packages/airflow/example_dags/example_short_circuit_operator.py for tasks to queue
[2024-08-28T03:19:15.648+0000] {logging_mixin.py:154} INFO - [2024-08-28T03:19:15.647+0000] {dagbag.py:536} INFO - Filling up the DagBag from /home/airflow/.local/lib/python3.8/site-packages/airflow/example_dags/example_short_circuit_operator.py
[2024-08-28T03:19:15.654+0000] {processor.py:839} INFO - DAG(s) dict_keys(['example_short_circuit_operator']) retrieved from /home/airflow/.local/lib/python3.8/site-packages/airflow/example_dags/example_short_circuit_operator.py
[2024-08-28T03:19:15.677+0000] {logging_mixin.py:154} INFO - [2024-08-28T03:19:15.677+0000] {dag.py:2941} INFO - Sync 1 DAGs
[2024-08-28T03:19:15.699+0000] {logging_mixin.py:154} INFO - [2024-08-28T03:19:15.699+0000] {dag.py:3722} INFO - Setting next_dagrun for example_short_circuit_operator to 2024-08-27T03:19:15.699210+00:00, run_after=2024-08-28T03:19:15.699210+00:00
[2024-08-28T03:19:15.716+0000] {processor.py:179} INFO - Processing /home/airflow/.local/lib/python3.8/site-packages/airflow/example_dags/example_short_circuit_operator.py took 0.074 seconds
[2024-08-28T03:19:46.188+0000] {processor.py:157} INFO - Started process (PID=571) to work on /home/airflow/.local/lib/python3.8/site-packages/airflow/example_dags/example_short_circuit_operator.py
[2024-08-28T03:19:46.190+0000] {processor.py:829} INFO - Processing file /home/airflow/.local/lib/python3.8/site-packages/airflow/example_dags/example_short_circuit_operator.py for tasks to queue
[2024-08-28T03:19:46.192+0000] {logging_mixin.py:154} INFO - [2024-08-28T03:19:46.192+0000] {dagbag.py:536} INFO - Filling up the DagBag from /home/airflow/.local/lib/python3.8/site-packages/airflow/example_dags/example_short_circuit_operator.py
[2024-08-28T03:19:46.202+0000] {processor.py:839} INFO - DAG(s) dict_keys(['example_short_circuit_operator']) retrieved from /home/airflow/.local/lib/python3.8/site-packages/airflow/example_dags/example_short_circuit_operator.py
[2024-08-28T03:19:46.239+0000] {logging_mixin.py:154} INFO - [2024-08-28T03:19:46.238+0000] {dag.py:2941} INFO - Sync 1 DAGs
[2024-08-28T03:19:46.266+0000] {logging_mixin.py:154} INFO - [2024-08-28T03:19:46.265+0000] {dag.py:3722} INFO - Setting next_dagrun for example_short_circuit_operator to 2024-08-27T03:19:46.265655+00:00, run_after=2024-08-28T03:19:46.265655+00:00
[2024-08-28T03:19:46.293+0000] {processor.py:179} INFO - Processing /home/airflow/.local/lib/python3.8/site-packages/airflow/example_dags/example_short_circuit_operator.py took 0.109 seconds
