[2024-08-28T03:16:10.563+0000] {processor.py:157} INFO - Started process (PID=65) to work on /home/airflow/.local/lib/python3.8/site-packages/airflow/example_dags/example_branch_labels.py
[2024-08-28T03:16:10.564+0000] {processor.py:829} INFO - Processing file /home/airflow/.local/lib/python3.8/site-packages/airflow/example_dags/example_branch_labels.py for tasks to queue
[2024-08-28T03:16:10.566+0000] {logging_mixin.py:154} INFO - [2024-08-28T03:16:10.566+0000] {dagbag.py:536} INFO - Filling up the DagBag from /home/airflow/.local/lib/python3.8/site-packages/airflow/example_dags/example_branch_labels.py
[2024-08-28T03:16:10.575+0000] {processor.py:839} INFO - DAG(s) dict_keys(['example_branch_labels']) retrieved from /home/airflow/.local/lib/python3.8/site-packages/airflow/example_dags/example_branch_labels.py
[2024-08-28T03:16:10.599+0000] {logging_mixin.py:154} INFO - [2024-08-28T03:16:10.598+0000] {dag.py:2941} INFO - Sync 1 DAGs
[2024-08-28T03:16:10.621+0000] {logging_mixin.py:154} INFO - [2024-08-28T03:16:10.621+0000] {dag.py:3722} INFO - Setting next_dagrun for example_branch_labels to 2024-08-27T00:00:00+00:00, run_after=2024-08-28T00:00:00+00:00
[2024-08-28T03:16:10.640+0000] {processor.py:179} INFO - Processing /home/airflow/.local/lib/python3.8/site-packages/airflow/example_dags/example_branch_labels.py took 0.079 seconds
[2024-08-28T03:16:40.846+0000] {processor.py:157} INFO - Started process (PID=139) to work on /home/airflow/.local/lib/python3.8/site-packages/airflow/example_dags/example_branch_labels.py
[2024-08-28T03:16:40.847+0000] {processor.py:829} INFO - Processing file /home/airflow/.local/lib/python3.8/site-packages/airflow/example_dags/example_branch_labels.py for tasks to queue
[2024-08-28T03:16:40.849+0000] {logging_mixin.py:154} INFO - [2024-08-28T03:16:40.849+0000] {dagbag.py:536} INFO - Filling up the DagBag from /home/airflow/.local/lib/python3.8/site-packages/airflow/example_dags/example_branch_labels.py
[2024-08-28T03:16:40.855+0000] {processor.py:839} INFO - DAG(s) dict_keys(['example_branch_labels']) retrieved from /home/airflow/.local/lib/python3.8/site-packages/airflow/example_dags/example_branch_labels.py
[2024-08-28T03:16:40.873+0000] {logging_mixin.py:154} INFO - [2024-08-28T03:16:40.873+0000] {dag.py:2941} INFO - Sync 1 DAGs
[2024-08-28T03:16:40.895+0000] {logging_mixin.py:154} INFO - [2024-08-28T03:16:40.895+0000] {dag.py:3722} INFO - Setting next_dagrun for example_branch_labels to 2024-08-27T00:00:00+00:00, run_after=2024-08-28T00:00:00+00:00
[2024-08-28T03:16:40.913+0000] {processor.py:179} INFO - Processing /home/airflow/.local/lib/python3.8/site-packages/airflow/example_dags/example_branch_labels.py took 0.069 seconds
[2024-08-28T03:17:11.496+0000] {processor.py:157} INFO - Started process (PID=203) to work on /home/airflow/.local/lib/python3.8/site-packages/airflow/example_dags/example_branch_labels.py
[2024-08-28T03:17:11.497+0000] {processor.py:829} INFO - Processing file /home/airflow/.local/lib/python3.8/site-packages/airflow/example_dags/example_branch_labels.py for tasks to queue
[2024-08-28T03:17:11.499+0000] {logging_mixin.py:154} INFO - [2024-08-28T03:17:11.499+0000] {dagbag.py:536} INFO - Filling up the DagBag from /home/airflow/.local/lib/python3.8/site-packages/airflow/example_dags/example_branch_labels.py
[2024-08-28T03:17:11.506+0000] {processor.py:839} INFO - DAG(s) dict_keys(['example_branch_labels']) retrieved from /home/airflow/.local/lib/python3.8/site-packages/airflow/example_dags/example_branch_labels.py
[2024-08-28T03:17:11.525+0000] {logging_mixin.py:154} INFO - [2024-08-28T03:17:11.525+0000] {dag.py:2941} INFO - Sync 1 DAGs
[2024-08-28T03:17:11.548+0000] {logging_mixin.py:154} INFO - [2024-08-28T03:17:11.548+0000] {dag.py:3722} INFO - Setting next_dagrun for example_branch_labels to 2024-08-27T00:00:00+00:00, run_after=2024-08-28T00:00:00+00:00
[2024-08-28T03:17:11.566+0000] {processor.py:179} INFO - Processing /home/airflow/.local/lib/python3.8/site-packages/airflow/example_dags/example_branch_labels.py took 0.072 seconds
[2024-08-28T03:17:41.955+0000] {processor.py:157} INFO - Started process (PID=277) to work on /home/airflow/.local/lib/python3.8/site-packages/airflow/example_dags/example_branch_labels.py
[2024-08-28T03:17:41.956+0000] {processor.py:829} INFO - Processing file /home/airflow/.local/lib/python3.8/site-packages/airflow/example_dags/example_branch_labels.py for tasks to queue
[2024-08-28T03:17:41.958+0000] {logging_mixin.py:154} INFO - [2024-08-28T03:17:41.958+0000] {dagbag.py:536} INFO - Filling up the DagBag from /home/airflow/.local/lib/python3.8/site-packages/airflow/example_dags/example_branch_labels.py
[2024-08-28T03:17:41.965+0000] {processor.py:839} INFO - DAG(s) dict_keys(['example_branch_labels']) retrieved from /home/airflow/.local/lib/python3.8/site-packages/airflow/example_dags/example_branch_labels.py
[2024-08-28T03:17:41.987+0000] {logging_mixin.py:154} INFO - [2024-08-28T03:17:41.986+0000] {dag.py:2941} INFO - Sync 1 DAGs
[2024-08-28T03:17:42.011+0000] {logging_mixin.py:154} INFO - [2024-08-28T03:17:42.011+0000] {dag.py:3722} INFO - Setting next_dagrun for example_branch_labels to 2024-08-27T00:00:00+00:00, run_after=2024-08-28T00:00:00+00:00
[2024-08-28T03:17:42.029+0000] {processor.py:179} INFO - Processing /home/airflow/.local/lib/python3.8/site-packages/airflow/example_dags/example_branch_labels.py took 0.077 seconds
[2024-08-28T03:18:12.659+0000] {processor.py:157} INFO - Started process (PID=343) to work on /home/airflow/.local/lib/python3.8/site-packages/airflow/example_dags/example_branch_labels.py
[2024-08-28T03:18:12.660+0000] {processor.py:829} INFO - Processing file /home/airflow/.local/lib/python3.8/site-packages/airflow/example_dags/example_branch_labels.py for tasks to queue
[2024-08-28T03:18:12.662+0000] {logging_mixin.py:154} INFO - [2024-08-28T03:18:12.662+0000] {dagbag.py:536} INFO - Filling up the DagBag from /home/airflow/.local/lib/python3.8/site-packages/airflow/example_dags/example_branch_labels.py
[2024-08-28T03:18:12.669+0000] {processor.py:839} INFO - DAG(s) dict_keys(['example_branch_labels']) retrieved from /home/airflow/.local/lib/python3.8/site-packages/airflow/example_dags/example_branch_labels.py
[2024-08-28T03:18:12.692+0000] {logging_mixin.py:154} INFO - [2024-08-28T03:18:12.692+0000] {dag.py:2941} INFO - Sync 1 DAGs
[2024-08-28T03:18:12.718+0000] {logging_mixin.py:154} INFO - [2024-08-28T03:18:12.717+0000] {dag.py:3722} INFO - Setting next_dagrun for example_branch_labels to 2024-08-27T00:00:00+00:00, run_after=2024-08-28T00:00:00+00:00
[2024-08-28T03:18:12.738+0000] {processor.py:179} INFO - Processing /home/airflow/.local/lib/python3.8/site-packages/airflow/example_dags/example_branch_labels.py took 0.082 seconds
[2024-08-28T03:18:43.288+0000] {processor.py:157} INFO - Started process (PID=416) to work on /home/airflow/.local/lib/python3.8/site-packages/airflow/example_dags/example_branch_labels.py
[2024-08-28T03:18:43.289+0000] {processor.py:829} INFO - Processing file /home/airflow/.local/lib/python3.8/site-packages/airflow/example_dags/example_branch_labels.py for tasks to queue
[2024-08-28T03:18:43.291+0000] {logging_mixin.py:154} INFO - [2024-08-28T03:18:43.290+0000] {dagbag.py:536} INFO - Filling up the DagBag from /home/airflow/.local/lib/python3.8/site-packages/airflow/example_dags/example_branch_labels.py
[2024-08-28T03:18:43.298+0000] {processor.py:839} INFO - DAG(s) dict_keys(['example_branch_labels']) retrieved from /home/airflow/.local/lib/python3.8/site-packages/airflow/example_dags/example_branch_labels.py
[2024-08-28T03:18:43.318+0000] {logging_mixin.py:154} INFO - [2024-08-28T03:18:43.318+0000] {dag.py:2941} INFO - Sync 1 DAGs
[2024-08-28T03:18:43.344+0000] {logging_mixin.py:154} INFO - [2024-08-28T03:18:43.343+0000] {dag.py:3722} INFO - Setting next_dagrun for example_branch_labels to 2024-08-27T00:00:00+00:00, run_after=2024-08-28T00:00:00+00:00
[2024-08-28T03:18:43.366+0000] {processor.py:179} INFO - Processing /home/airflow/.local/lib/python3.8/site-packages/airflow/example_dags/example_branch_labels.py took 0.081 seconds
[2024-08-28T03:19:13.967+0000] {processor.py:157} INFO - Started process (PID=483) to work on /home/airflow/.local/lib/python3.8/site-packages/airflow/example_dags/example_branch_labels.py
[2024-08-28T03:19:13.968+0000] {processor.py:829} INFO - Processing file /home/airflow/.local/lib/python3.8/site-packages/airflow/example_dags/example_branch_labels.py for tasks to queue
[2024-08-28T03:19:13.970+0000] {logging_mixin.py:154} INFO - [2024-08-28T03:19:13.970+0000] {dagbag.py:536} INFO - Filling up the DagBag from /home/airflow/.local/lib/python3.8/site-packages/airflow/example_dags/example_branch_labels.py
[2024-08-28T03:19:13.976+0000] {processor.py:839} INFO - DAG(s) dict_keys(['example_branch_labels']) retrieved from /home/airflow/.local/lib/python3.8/site-packages/airflow/example_dags/example_branch_labels.py
[2024-08-28T03:19:13.996+0000] {logging_mixin.py:154} INFO - [2024-08-28T03:19:13.996+0000] {dag.py:2941} INFO - Sync 1 DAGs
[2024-08-28T03:19:14.021+0000] {logging_mixin.py:154} INFO - [2024-08-28T03:19:14.021+0000] {dag.py:3722} INFO - Setting next_dagrun for example_branch_labels to 2024-08-27T00:00:00+00:00, run_after=2024-08-28T00:00:00+00:00
[2024-08-28T03:19:14.039+0000] {processor.py:179} INFO - Processing /home/airflow/.local/lib/python3.8/site-packages/airflow/example_dags/example_branch_labels.py took 0.074 seconds
[2024-08-28T03:19:44.497+0000] {processor.py:157} INFO - Started process (PID=549) to work on /home/airflow/.local/lib/python3.8/site-packages/airflow/example_dags/example_branch_labels.py
[2024-08-28T03:19:44.498+0000] {processor.py:829} INFO - Processing file /home/airflow/.local/lib/python3.8/site-packages/airflow/example_dags/example_branch_labels.py for tasks to queue
[2024-08-28T03:19:44.499+0000] {logging_mixin.py:154} INFO - [2024-08-28T03:19:44.499+0000] {dagbag.py:536} INFO - Filling up the DagBag from /home/airflow/.local/lib/python3.8/site-packages/airflow/example_dags/example_branch_labels.py
[2024-08-28T03:19:44.506+0000] {processor.py:839} INFO - DAG(s) dict_keys(['example_branch_labels']) retrieved from /home/airflow/.local/lib/python3.8/site-packages/airflow/example_dags/example_branch_labels.py
[2024-08-28T03:19:44.524+0000] {logging_mixin.py:154} INFO - [2024-08-28T03:19:44.523+0000] {dag.py:2941} INFO - Sync 1 DAGs
[2024-08-28T03:19:44.544+0000] {logging_mixin.py:154} INFO - [2024-08-28T03:19:44.543+0000] {dag.py:3722} INFO - Setting next_dagrun for example_branch_labels to 2024-08-27T00:00:00+00:00, run_after=2024-08-28T00:00:00+00:00
[2024-08-28T03:19:44.559+0000] {processor.py:179} INFO - Processing /home/airflow/.local/lib/python3.8/site-packages/airflow/example_dags/example_branch_labels.py took 0.065 seconds
