[2024-08-28T03:16:10.776+0000] {processor.py:157} INFO - Started process (PID=68) to work on /home/airflow/.local/lib/python3.8/site-packages/airflow/example_dags/example_short_circuit_decorator.py
[2024-08-28T03:16:10.777+0000] {processor.py:829} INFO - Processing file /home/airflow/.local/lib/python3.8/site-packages/airflow/example_dags/example_short_circuit_decorator.py for tasks to queue
[2024-08-28T03:16:10.780+0000] {logging_mixin.py:154} INFO - [2024-08-28T03:16:10.780+0000] {dagbag.py:536} INFO - Filling up the DagBag from /home/airflow/.local/lib/python3.8/site-packages/airflow/example_dags/example_short_circuit_decorator.py
[2024-08-28T03:16:10.793+0000] {processor.py:839} INFO - DAG(s) dict_keys(['example_short_circuit_decorator']) retrieved from /home/airflow/.local/lib/python3.8/site-packages/airflow/example_dags/example_short_circuit_decorator.py
[2024-08-28T03:16:10.828+0000] {logging_mixin.py:154} INFO - [2024-08-28T03:16:10.828+0000] {dag.py:2941} INFO - Sync 1 DAGs
[2024-08-28T03:16:10.854+0000] {logging_mixin.py:154} INFO - [2024-08-28T03:16:10.853+0000] {dag.py:3722} INFO - Setting next_dagrun for example_short_circuit_decorator to 2024-08-27T03:16:10.853679+00:00, run_after=2024-08-28T03:16:10.853679+00:00
[2024-08-28T03:16:10.882+0000] {processor.py:179} INFO - Processing /home/airflow/.local/lib/python3.8/site-packages/airflow/example_dags/example_short_circuit_decorator.py took 0.109 seconds
[2024-08-28T03:16:41.129+0000] {processor.py:157} INFO - Started process (PID=142) to work on /home/airflow/.local/lib/python3.8/site-packages/airflow/example_dags/example_short_circuit_decorator.py
[2024-08-28T03:16:41.130+0000] {processor.py:829} INFO - Processing file /home/airflow/.local/lib/python3.8/site-packages/airflow/example_dags/example_short_circuit_decorator.py for tasks to queue
[2024-08-28T03:16:41.132+0000] {logging_mixin.py:154} INFO - [2024-08-28T03:16:41.132+0000] {dagbag.py:536} INFO - Filling up the DagBag from /home/airflow/.local/lib/python3.8/site-packages/airflow/example_dags/example_short_circuit_decorator.py
[2024-08-28T03:16:41.140+0000] {processor.py:839} INFO - DAG(s) dict_keys(['example_short_circuit_decorator']) retrieved from /home/airflow/.local/lib/python3.8/site-packages/airflow/example_dags/example_short_circuit_decorator.py
[2024-08-28T03:16:41.160+0000] {logging_mixin.py:154} INFO - [2024-08-28T03:16:41.160+0000] {dag.py:2941} INFO - Sync 1 DAGs
[2024-08-28T03:16:41.179+0000] {logging_mixin.py:154} INFO - [2024-08-28T03:16:41.179+0000] {dag.py:3722} INFO - Setting next_dagrun for example_short_circuit_decorator to 2024-08-27T03:16:41.179265+00:00, run_after=2024-08-28T03:16:41.179265+00:00
[2024-08-28T03:16:41.194+0000] {processor.py:179} INFO - Processing /home/airflow/.local/lib/python3.8/site-packages/airflow/example_dags/example_short_circuit_decorator.py took 0.069 seconds
[2024-08-28T03:17:11.681+0000] {processor.py:157} INFO - Started process (PID=207) to work on /home/airflow/.local/lib/python3.8/site-packages/airflow/example_dags/example_short_circuit_decorator.py
[2024-08-28T03:17:11.682+0000] {processor.py:829} INFO - Processing file /home/airflow/.local/lib/python3.8/site-packages/airflow/example_dags/example_short_circuit_decorator.py for tasks to queue
[2024-08-28T03:17:11.684+0000] {logging_mixin.py:154} INFO - [2024-08-28T03:17:11.684+0000] {dagbag.py:536} INFO - Filling up the DagBag from /home/airflow/.local/lib/python3.8/site-packages/airflow/example_dags/example_short_circuit_decorator.py
[2024-08-28T03:17:11.692+0000] {processor.py:839} INFO - DAG(s) dict_keys(['example_short_circuit_decorator']) retrieved from /home/airflow/.local/lib/python3.8/site-packages/airflow/example_dags/example_short_circuit_decorator.py
[2024-08-28T03:17:11.713+0000] {logging_mixin.py:154} INFO - [2024-08-28T03:17:11.713+0000] {dag.py:2941} INFO - Sync 1 DAGs
[2024-08-28T03:17:11.735+0000] {logging_mixin.py:154} INFO - [2024-08-28T03:17:11.735+0000] {dag.py:3722} INFO - Setting next_dagrun for example_short_circuit_decorator to 2024-08-27T03:17:11.735173+00:00, run_after=2024-08-28T03:17:11.735173+00:00
[2024-08-28T03:17:11.755+0000] {processor.py:179} INFO - Processing /home/airflow/.local/lib/python3.8/site-packages/airflow/example_dags/example_short_circuit_decorator.py took 0.077 seconds
[2024-08-28T03:17:42.107+0000] {processor.py:157} INFO - Started process (PID=280) to work on /home/airflow/.local/lib/python3.8/site-packages/airflow/example_dags/example_short_circuit_decorator.py
[2024-08-28T03:17:42.108+0000] {processor.py:829} INFO - Processing file /home/airflow/.local/lib/python3.8/site-packages/airflow/example_dags/example_short_circuit_decorator.py for tasks to queue
[2024-08-28T03:17:42.110+0000] {logging_mixin.py:154} INFO - [2024-08-28T03:17:42.109+0000] {dagbag.py:536} INFO - Filling up the DagBag from /home/airflow/.local/lib/python3.8/site-packages/airflow/example_dags/example_short_circuit_decorator.py
[2024-08-28T03:17:42.119+0000] {processor.py:839} INFO - DAG(s) dict_keys(['example_short_circuit_decorator']) retrieved from /home/airflow/.local/lib/python3.8/site-packages/airflow/example_dags/example_short_circuit_decorator.py
[2024-08-28T03:17:42.143+0000] {logging_mixin.py:154} INFO - [2024-08-28T03:17:42.142+0000] {dag.py:2941} INFO - Sync 1 DAGs
[2024-08-28T03:17:42.167+0000] {logging_mixin.py:154} INFO - [2024-08-28T03:17:42.167+0000] {dag.py:3722} INFO - Setting next_dagrun for example_short_circuit_decorator to 2024-08-27T03:17:42.167512+00:00, run_after=2024-08-28T03:17:42.167512+00:00
[2024-08-28T03:17:42.189+0000] {processor.py:179} INFO - Processing /home/airflow/.local/lib/python3.8/site-packages/airflow/example_dags/example_short_circuit_decorator.py took 0.085 seconds
[2024-08-28T03:18:12.806+0000] {processor.py:157} INFO - Started process (PID=346) to work on /home/airflow/.local/lib/python3.8/site-packages/airflow/example_dags/example_short_circuit_decorator.py
[2024-08-28T03:18:12.807+0000] {processor.py:829} INFO - Processing file /home/airflow/.local/lib/python3.8/site-packages/airflow/example_dags/example_short_circuit_decorator.py for tasks to queue
[2024-08-28T03:18:12.809+0000] {logging_mixin.py:154} INFO - [2024-08-28T03:18:12.808+0000] {dagbag.py:536} INFO - Filling up the DagBag from /home/airflow/.local/lib/python3.8/site-packages/airflow/example_dags/example_short_circuit_decorator.py
[2024-08-28T03:18:12.817+0000] {processor.py:839} INFO - DAG(s) dict_keys(['example_short_circuit_decorator']) retrieved from /home/airflow/.local/lib/python3.8/site-packages/airflow/example_dags/example_short_circuit_decorator.py
[2024-08-28T03:18:12.839+0000] {logging_mixin.py:154} INFO - [2024-08-28T03:18:12.839+0000] {dag.py:2941} INFO - Sync 1 DAGs
[2024-08-28T03:18:12.861+0000] {logging_mixin.py:154} INFO - [2024-08-28T03:18:12.861+0000] {dag.py:3722} INFO - Setting next_dagrun for example_short_circuit_decorator to 2024-08-27T03:18:12.861125+00:00, run_after=2024-08-28T03:18:12.861125+00:00
[2024-08-28T03:18:12.879+0000] {processor.py:179} INFO - Processing /home/airflow/.local/lib/python3.8/site-packages/airflow/example_dags/example_short_circuit_decorator.py took 0.076 seconds
[2024-08-28T03:18:43.466+0000] {processor.py:157} INFO - Started process (PID=419) to work on /home/airflow/.local/lib/python3.8/site-packages/airflow/example_dags/example_short_circuit_decorator.py
[2024-08-28T03:18:43.467+0000] {processor.py:829} INFO - Processing file /home/airflow/.local/lib/python3.8/site-packages/airflow/example_dags/example_short_circuit_decorator.py for tasks to queue
[2024-08-28T03:18:43.469+0000] {logging_mixin.py:154} INFO - [2024-08-28T03:18:43.469+0000] {dagbag.py:536} INFO - Filling up the DagBag from /home/airflow/.local/lib/python3.8/site-packages/airflow/example_dags/example_short_circuit_decorator.py
[2024-08-28T03:18:43.477+0000] {processor.py:839} INFO - DAG(s) dict_keys(['example_short_circuit_decorator']) retrieved from /home/airflow/.local/lib/python3.8/site-packages/airflow/example_dags/example_short_circuit_decorator.py
[2024-08-28T03:18:43.502+0000] {logging_mixin.py:154} INFO - [2024-08-28T03:18:43.502+0000] {dag.py:2941} INFO - Sync 1 DAGs
[2024-08-28T03:18:43.529+0000] {logging_mixin.py:154} INFO - [2024-08-28T03:18:43.529+0000] {dag.py:3722} INFO - Setting next_dagrun for example_short_circuit_decorator to 2024-08-27T03:18:43.529230+00:00, run_after=2024-08-28T03:18:43.529230+00:00
[2024-08-28T03:18:43.549+0000] {processor.py:179} INFO - Processing /home/airflow/.local/lib/python3.8/site-packages/airflow/example_dags/example_short_circuit_decorator.py took 0.086 seconds
[2024-08-28T03:19:14.108+0000] {processor.py:157} INFO - Started process (PID=486) to work on /home/airflow/.local/lib/python3.8/site-packages/airflow/example_dags/example_short_circuit_decorator.py
[2024-08-28T03:19:14.109+0000] {processor.py:829} INFO - Processing file /home/airflow/.local/lib/python3.8/site-packages/airflow/example_dags/example_short_circuit_decorator.py for tasks to queue
[2024-08-28T03:19:14.111+0000] {logging_mixin.py:154} INFO - [2024-08-28T03:19:14.110+0000] {dagbag.py:536} INFO - Filling up the DagBag from /home/airflow/.local/lib/python3.8/site-packages/airflow/example_dags/example_short_circuit_decorator.py
[2024-08-28T03:19:14.118+0000] {processor.py:839} INFO - DAG(s) dict_keys(['example_short_circuit_decorator']) retrieved from /home/airflow/.local/lib/python3.8/site-packages/airflow/example_dags/example_short_circuit_decorator.py
[2024-08-28T03:19:14.140+0000] {logging_mixin.py:154} INFO - [2024-08-28T03:19:14.139+0000] {dag.py:2941} INFO - Sync 1 DAGs
[2024-08-28T03:19:14.161+0000] {logging_mixin.py:154} INFO - [2024-08-28T03:19:14.160+0000] {dag.py:3722} INFO - Setting next_dagrun for example_short_circuit_decorator to 2024-08-27T03:19:14.160645+00:00, run_after=2024-08-28T03:19:14.160645+00:00
[2024-08-28T03:19:14.178+0000] {processor.py:179} INFO - Processing /home/airflow/.local/lib/python3.8/site-packages/airflow/example_dags/example_short_circuit_decorator.py took 0.072 seconds
[2024-08-28T03:19:44.605+0000] {processor.py:157} INFO - Started process (PID=552) to work on /home/airflow/.local/lib/python3.8/site-packages/airflow/example_dags/example_short_circuit_decorator.py
[2024-08-28T03:19:44.606+0000] {processor.py:829} INFO - Processing file /home/airflow/.local/lib/python3.8/site-packages/airflow/example_dags/example_short_circuit_decorator.py for tasks to queue
[2024-08-28T03:19:44.607+0000] {logging_mixin.py:154} INFO - [2024-08-28T03:19:44.607+0000] {dagbag.py:536} INFO - Filling up the DagBag from /home/airflow/.local/lib/python3.8/site-packages/airflow/example_dags/example_short_circuit_decorator.py
[2024-08-28T03:19:44.615+0000] {processor.py:839} INFO - DAG(s) dict_keys(['example_short_circuit_decorator']) retrieved from /home/airflow/.local/lib/python3.8/site-packages/airflow/example_dags/example_short_circuit_decorator.py
[2024-08-28T03:19:44.634+0000] {logging_mixin.py:154} INFO - [2024-08-28T03:19:44.634+0000] {dag.py:2941} INFO - Sync 1 DAGs
[2024-08-28T03:19:44.658+0000] {logging_mixin.py:154} INFO - [2024-08-28T03:19:44.657+0000] {dag.py:3722} INFO - Setting next_dagrun for example_short_circuit_decorator to 2024-08-27T03:19:44.657782+00:00, run_after=2024-08-28T03:19:44.657782+00:00
[2024-08-28T03:19:44.677+0000] {processor.py:179} INFO - Processing /home/airflow/.local/lib/python3.8/site-packages/airflow/example_dags/example_short_circuit_decorator.py took 0.074 seconds
