[2024-08-28T03:16:14.416+0000] {processor.py:157} INFO - Started process (PID=103) to work on /home/airflow/.local/lib/python3.8/site-packages/airflow/example_dags/example_setup_teardown_taskflow.py
[2024-08-28T03:16:14.418+0000] {processor.py:829} INFO - Processing file /home/airflow/.local/lib/python3.8/site-packages/airflow/example_dags/example_setup_teardown_taskflow.py for tasks to queue
[2024-08-28T03:16:14.421+0000] {logging_mixin.py:154} INFO - [2024-08-28T03:16:14.420+0000] {dagbag.py:536} INFO - Filling up the DagBag from /home/airflow/.local/lib/python3.8/site-packages/airflow/example_dags/example_setup_teardown_taskflow.py
[2024-08-28T03:16:14.433+0000] {processor.py:839} INFO - DAG(s) dict_keys(['example_setup_teardown_taskflow']) retrieved from /home/airflow/.local/lib/python3.8/site-packages/airflow/example_dags/example_setup_teardown_taskflow.py
[2024-08-28T03:16:14.467+0000] {logging_mixin.py:154} INFO - [2024-08-28T03:16:14.467+0000] {dag.py:2941} INFO - Sync 1 DAGs
[2024-08-28T03:16:14.511+0000] {logging_mixin.py:154} INFO - [2024-08-28T03:16:14.511+0000] {dag.py:3722} INFO - Setting next_dagrun for example_setup_teardown_taskflow to 2024-08-27T03:16:14.511377+00:00, run_after=2024-08-28T03:16:14.511377+00:00
[2024-08-28T03:16:14.553+0000] {processor.py:179} INFO - Processing /home/airflow/.local/lib/python3.8/site-packages/airflow/example_dags/example_setup_teardown_taskflow.py took 0.142 seconds
[2024-08-28T03:16:44.617+0000] {processor.py:157} INFO - Started process (PID=169) to work on /home/airflow/.local/lib/python3.8/site-packages/airflow/example_dags/example_setup_teardown_taskflow.py
[2024-08-28T03:16:44.618+0000] {processor.py:829} INFO - Processing file /home/airflow/.local/lib/python3.8/site-packages/airflow/example_dags/example_setup_teardown_taskflow.py for tasks to queue
[2024-08-28T03:16:44.620+0000] {logging_mixin.py:154} INFO - [2024-08-28T03:16:44.619+0000] {dagbag.py:536} INFO - Filling up the DagBag from /home/airflow/.local/lib/python3.8/site-packages/airflow/example_dags/example_setup_teardown_taskflow.py
[2024-08-28T03:16:44.627+0000] {processor.py:839} INFO - DAG(s) dict_keys(['example_setup_teardown_taskflow']) retrieved from /home/airflow/.local/lib/python3.8/site-packages/airflow/example_dags/example_setup_teardown_taskflow.py
[2024-08-28T03:16:44.646+0000] {logging_mixin.py:154} INFO - [2024-08-28T03:16:44.645+0000] {dag.py:2941} INFO - Sync 1 DAGs
[2024-08-28T03:16:44.665+0000] {logging_mixin.py:154} INFO - [2024-08-28T03:16:44.665+0000] {dag.py:3722} INFO - Setting next_dagrun for example_setup_teardown_taskflow to 2024-08-27T03:16:44.665203+00:00, run_after=2024-08-28T03:16:44.665203+00:00
[2024-08-28T03:16:44.681+0000] {processor.py:179} INFO - Processing /home/airflow/.local/lib/python3.8/site-packages/airflow/example_dags/example_setup_teardown_taskflow.py took 0.067 seconds
[2024-08-28T03:17:15.405+0000] {processor.py:157} INFO - Started process (PID=243) to work on /home/airflow/.local/lib/python3.8/site-packages/airflow/example_dags/example_setup_teardown_taskflow.py
[2024-08-28T03:17:15.406+0000] {processor.py:829} INFO - Processing file /home/airflow/.local/lib/python3.8/site-packages/airflow/example_dags/example_setup_teardown_taskflow.py for tasks to queue
[2024-08-28T03:17:15.408+0000] {logging_mixin.py:154} INFO - [2024-08-28T03:17:15.408+0000] {dagbag.py:536} INFO - Filling up the DagBag from /home/airflow/.local/lib/python3.8/site-packages/airflow/example_dags/example_setup_teardown_taskflow.py
[2024-08-28T03:17:15.420+0000] {processor.py:839} INFO - DAG(s) dict_keys(['example_setup_teardown_taskflow']) retrieved from /home/airflow/.local/lib/python3.8/site-packages/airflow/example_dags/example_setup_teardown_taskflow.py
[2024-08-28T03:17:15.446+0000] {logging_mixin.py:154} INFO - [2024-08-28T03:17:15.446+0000] {dag.py:2941} INFO - Sync 1 DAGs
[2024-08-28T03:17:15.484+0000] {logging_mixin.py:154} INFO - [2024-08-28T03:17:15.484+0000] {dag.py:3722} INFO - Setting next_dagrun for example_setup_teardown_taskflow to 2024-08-27T03:17:15.483385+00:00, run_after=2024-08-28T03:17:15.483385+00:00
[2024-08-28T03:17:15.512+0000] {processor.py:179} INFO - Processing /home/airflow/.local/lib/python3.8/site-packages/airflow/example_dags/example_setup_teardown_taskflow.py took 0.110 seconds
[2024-08-28T03:17:45.870+0000] {processor.py:157} INFO - Started process (PID=309) to work on /home/airflow/.local/lib/python3.8/site-packages/airflow/example_dags/example_setup_teardown_taskflow.py
[2024-08-28T03:17:45.871+0000] {processor.py:829} INFO - Processing file /home/airflow/.local/lib/python3.8/site-packages/airflow/example_dags/example_setup_teardown_taskflow.py for tasks to queue
[2024-08-28T03:17:45.873+0000] {logging_mixin.py:154} INFO - [2024-08-28T03:17:45.873+0000] {dagbag.py:536} INFO - Filling up the DagBag from /home/airflow/.local/lib/python3.8/site-packages/airflow/example_dags/example_setup_teardown_taskflow.py
[2024-08-28T03:17:45.882+0000] {processor.py:839} INFO - DAG(s) dict_keys(['example_setup_teardown_taskflow']) retrieved from /home/airflow/.local/lib/python3.8/site-packages/airflow/example_dags/example_setup_teardown_taskflow.py
[2024-08-28T03:17:45.903+0000] {logging_mixin.py:154} INFO - [2024-08-28T03:17:45.903+0000] {dag.py:2941} INFO - Sync 1 DAGs
[2024-08-28T03:17:45.924+0000] {logging_mixin.py:154} INFO - [2024-08-28T03:17:45.923+0000] {dag.py:3722} INFO - Setting next_dagrun for example_setup_teardown_taskflow to 2024-08-27T03:17:45.923653+00:00, run_after=2024-08-28T03:17:45.923653+00:00
[2024-08-28T03:17:45.941+0000] {processor.py:179} INFO - Processing /home/airflow/.local/lib/python3.8/site-packages/airflow/example_dags/example_setup_teardown_taskflow.py took 0.074 seconds
[2024-08-28T03:18:16.287+0000] {processor.py:157} INFO - Started process (PID=375) to work on /home/airflow/.local/lib/python3.8/site-packages/airflow/example_dags/example_setup_teardown_taskflow.py
[2024-08-28T03:18:16.288+0000] {processor.py:829} INFO - Processing file /home/airflow/.local/lib/python3.8/site-packages/airflow/example_dags/example_setup_teardown_taskflow.py for tasks to queue
[2024-08-28T03:18:16.289+0000] {logging_mixin.py:154} INFO - [2024-08-28T03:18:16.289+0000] {dagbag.py:536} INFO - Filling up the DagBag from /home/airflow/.local/lib/python3.8/site-packages/airflow/example_dags/example_setup_teardown_taskflow.py
[2024-08-28T03:18:16.297+0000] {processor.py:839} INFO - DAG(s) dict_keys(['example_setup_teardown_taskflow']) retrieved from /home/airflow/.local/lib/python3.8/site-packages/airflow/example_dags/example_setup_teardown_taskflow.py
[2024-08-28T03:18:16.316+0000] {logging_mixin.py:154} INFO - [2024-08-28T03:18:16.316+0000] {dag.py:2941} INFO - Sync 1 DAGs
[2024-08-28T03:18:16.335+0000] {logging_mixin.py:154} INFO - [2024-08-28T03:18:16.334+0000] {dag.py:3722} INFO - Setting next_dagrun for example_setup_teardown_taskflow to 2024-08-27T03:18:16.334620+00:00, run_after=2024-08-28T03:18:16.334620+00:00
[2024-08-28T03:18:16.353+0000] {processor.py:179} INFO - Processing /home/airflow/.local/lib/python3.8/site-packages/airflow/example_dags/example_setup_teardown_taskflow.py took 0.070 seconds
[2024-08-28T03:18:47.155+0000] {processor.py:157} INFO - Started process (PID=449) to work on /home/airflow/.local/lib/python3.8/site-packages/airflow/example_dags/example_setup_teardown_taskflow.py
[2024-08-28T03:18:47.156+0000] {processor.py:829} INFO - Processing file /home/airflow/.local/lib/python3.8/site-packages/airflow/example_dags/example_setup_teardown_taskflow.py for tasks to queue
[2024-08-28T03:18:47.157+0000] {logging_mixin.py:154} INFO - [2024-08-28T03:18:47.157+0000] {dagbag.py:536} INFO - Filling up the DagBag from /home/airflow/.local/lib/python3.8/site-packages/airflow/example_dags/example_setup_teardown_taskflow.py
[2024-08-28T03:18:47.165+0000] {processor.py:839} INFO - DAG(s) dict_keys(['example_setup_teardown_taskflow']) retrieved from /home/airflow/.local/lib/python3.8/site-packages/airflow/example_dags/example_setup_teardown_taskflow.py
[2024-08-28T03:18:47.183+0000] {logging_mixin.py:154} INFO - [2024-08-28T03:18:47.183+0000] {dag.py:2941} INFO - Sync 1 DAGs
[2024-08-28T03:18:47.201+0000] {logging_mixin.py:154} INFO - [2024-08-28T03:18:47.201+0000] {dag.py:3722} INFO - Setting next_dagrun for example_setup_teardown_taskflow to 2024-08-27T03:18:47.201015+00:00, run_after=2024-08-28T03:18:47.201015+00:00
[2024-08-28T03:18:47.217+0000] {processor.py:179} INFO - Processing /home/airflow/.local/lib/python3.8/site-packages/airflow/example_dags/example_setup_teardown_taskflow.py took 0.064 seconds
[2024-08-28T03:19:17.585+0000] {processor.py:157} INFO - Started process (PID=515) to work on /home/airflow/.local/lib/python3.8/site-packages/airflow/example_dags/example_setup_teardown_taskflow.py
[2024-08-28T03:19:17.586+0000] {processor.py:829} INFO - Processing file /home/airflow/.local/lib/python3.8/site-packages/airflow/example_dags/example_setup_teardown_taskflow.py for tasks to queue
[2024-08-28T03:19:17.588+0000] {logging_mixin.py:154} INFO - [2024-08-28T03:19:17.587+0000] {dagbag.py:536} INFO - Filling up the DagBag from /home/airflow/.local/lib/python3.8/site-packages/airflow/example_dags/example_setup_teardown_taskflow.py
[2024-08-28T03:19:17.595+0000] {processor.py:839} INFO - DAG(s) dict_keys(['example_setup_teardown_taskflow']) retrieved from /home/airflow/.local/lib/python3.8/site-packages/airflow/example_dags/example_setup_teardown_taskflow.py
[2024-08-28T03:19:17.614+0000] {logging_mixin.py:154} INFO - [2024-08-28T03:19:17.614+0000] {dag.py:2941} INFO - Sync 1 DAGs
[2024-08-28T03:19:17.633+0000] {logging_mixin.py:154} INFO - [2024-08-28T03:19:17.633+0000] {dag.py:3722} INFO - Setting next_dagrun for example_setup_teardown_taskflow to 2024-08-27T03:19:17.633217+00:00, run_after=2024-08-28T03:19:17.633217+00:00
[2024-08-28T03:19:17.650+0000] {processor.py:179} INFO - Processing /home/airflow/.local/lib/python3.8/site-packages/airflow/example_dags/example_setup_teardown_taskflow.py took 0.068 seconds
