[2024-08-28T03:16:10.822+0000] {processor.py:157} INFO - Started process (PID=76) to work on /home/airflow/.local/lib/python3.8/site-packages/airflow/example_dags/example_latest_only_with_trigger.py
[2024-08-28T03:16:10.823+0000] {processor.py:829} INFO - Processing file /home/airflow/.local/lib/python3.8/site-packages/airflow/example_dags/example_latest_only_with_trigger.py for tasks to queue
[2024-08-28T03:16:10.825+0000] {logging_mixin.py:154} INFO - [2024-08-28T03:16:10.825+0000] {dagbag.py:536} INFO - Filling up the DagBag from /home/airflow/.local/lib/python3.8/site-packages/airflow/example_dags/example_latest_only_with_trigger.py
[2024-08-28T03:16:10.833+0000] {processor.py:839} INFO - DAG(s) dict_keys(['latest_only_with_trigger']) retrieved from /home/airflow/.local/lib/python3.8/site-packages/airflow/example_dags/example_latest_only_with_trigger.py
[2024-08-28T03:16:10.858+0000] {logging_mixin.py:154} INFO - [2024-08-28T03:16:10.858+0000] {dag.py:2941} INFO - Sync 1 DAGs
[2024-08-28T03:16:10.899+0000] {logging_mixin.py:154} INFO - [2024-08-28T03:16:10.899+0000] {dag.py:3722} INFO - Setting next_dagrun for latest_only_with_trigger to 2024-08-27T23:16:10.898716+00:00, run_after=2024-08-28T03:16:10.898716+00:00
[2024-08-28T03:16:10.947+0000] {processor.py:179} INFO - Processing /home/airflow/.local/lib/python3.8/site-packages/airflow/example_dags/example_latest_only_with_trigger.py took 0.128 seconds
[2024-08-28T03:16:41.220+0000] {processor.py:157} INFO - Started process (PID=143) to work on /home/airflow/.local/lib/python3.8/site-packages/airflow/example_dags/example_latest_only_with_trigger.py
[2024-08-28T03:16:41.221+0000] {processor.py:829} INFO - Processing file /home/airflow/.local/lib/python3.8/site-packages/airflow/example_dags/example_latest_only_with_trigger.py for tasks to queue
[2024-08-28T03:16:41.223+0000] {logging_mixin.py:154} INFO - [2024-08-28T03:16:41.223+0000] {dagbag.py:536} INFO - Filling up the DagBag from /home/airflow/.local/lib/python3.8/site-packages/airflow/example_dags/example_latest_only_with_trigger.py
[2024-08-28T03:16:41.227+0000] {processor.py:839} INFO - DAG(s) dict_keys(['latest_only_with_trigger']) retrieved from /home/airflow/.local/lib/python3.8/site-packages/airflow/example_dags/example_latest_only_with_trigger.py
[2024-08-28T03:16:41.247+0000] {logging_mixin.py:154} INFO - [2024-08-28T03:16:41.247+0000] {dag.py:2941} INFO - Sync 1 DAGs
[2024-08-28T03:16:41.269+0000] {logging_mixin.py:154} INFO - [2024-08-28T03:16:41.269+0000] {dag.py:3722} INFO - Setting next_dagrun for latest_only_with_trigger to 2024-08-27T23:16:41.269022+00:00, run_after=2024-08-28T03:16:41.269022+00:00
[2024-08-28T03:16:41.286+0000] {processor.py:179} INFO - Processing /home/airflow/.local/lib/python3.8/site-packages/airflow/example_dags/example_latest_only_with_trigger.py took 0.068 seconds
[2024-08-28T03:17:11.784+0000] {processor.py:157} INFO - Started process (PID=209) to work on /home/airflow/.local/lib/python3.8/site-packages/airflow/example_dags/example_latest_only_with_trigger.py
[2024-08-28T03:17:11.785+0000] {processor.py:829} INFO - Processing file /home/airflow/.local/lib/python3.8/site-packages/airflow/example_dags/example_latest_only_with_trigger.py for tasks to queue
[2024-08-28T03:17:11.787+0000] {logging_mixin.py:154} INFO - [2024-08-28T03:17:11.787+0000] {dagbag.py:536} INFO - Filling up the DagBag from /home/airflow/.local/lib/python3.8/site-packages/airflow/example_dags/example_latest_only_with_trigger.py
[2024-08-28T03:17:11.792+0000] {processor.py:839} INFO - DAG(s) dict_keys(['latest_only_with_trigger']) retrieved from /home/airflow/.local/lib/python3.8/site-packages/airflow/example_dags/example_latest_only_with_trigger.py
[2024-08-28T03:17:11.813+0000] {logging_mixin.py:154} INFO - [2024-08-28T03:17:11.812+0000] {dag.py:2941} INFO - Sync 1 DAGs
[2024-08-28T03:17:11.833+0000] {logging_mixin.py:154} INFO - [2024-08-28T03:17:11.833+0000] {dag.py:3722} INFO - Setting next_dagrun for latest_only_with_trigger to 2024-08-27T23:17:11.833115+00:00, run_after=2024-08-28T03:17:11.833115+00:00
[2024-08-28T03:17:11.853+0000] {processor.py:179} INFO - Processing /home/airflow/.local/lib/python3.8/site-packages/airflow/example_dags/example_latest_only_with_trigger.py took 0.072 seconds
[2024-08-28T03:17:42.151+0000] {processor.py:157} INFO - Started process (PID=281) to work on /home/airflow/.local/lib/python3.8/site-packages/airflow/example_dags/example_latest_only_with_trigger.py
[2024-08-28T03:17:42.152+0000] {processor.py:829} INFO - Processing file /home/airflow/.local/lib/python3.8/site-packages/airflow/example_dags/example_latest_only_with_trigger.py for tasks to queue
[2024-08-28T03:17:42.154+0000] {logging_mixin.py:154} INFO - [2024-08-28T03:17:42.154+0000] {dagbag.py:536} INFO - Filling up the DagBag from /home/airflow/.local/lib/python3.8/site-packages/airflow/example_dags/example_latest_only_with_trigger.py
[2024-08-28T03:17:42.159+0000] {processor.py:839} INFO - DAG(s) dict_keys(['latest_only_with_trigger']) retrieved from /home/airflow/.local/lib/python3.8/site-packages/airflow/example_dags/example_latest_only_with_trigger.py
[2024-08-28T03:17:42.182+0000] {logging_mixin.py:154} INFO - [2024-08-28T03:17:42.182+0000] {dag.py:2941} INFO - Sync 1 DAGs
[2024-08-28T03:17:42.206+0000] {logging_mixin.py:154} INFO - [2024-08-28T03:17:42.206+0000] {dag.py:3722} INFO - Setting next_dagrun for latest_only_with_trigger to 2024-08-27T23:17:42.205862+00:00, run_after=2024-08-28T03:17:42.205862+00:00
[2024-08-28T03:17:42.226+0000] {processor.py:179} INFO - Processing /home/airflow/.local/lib/python3.8/site-packages/airflow/example_dags/example_latest_only_with_trigger.py took 0.078 seconds
[2024-08-28T03:18:12.845+0000] {processor.py:157} INFO - Started process (PID=347) to work on /home/airflow/.local/lib/python3.8/site-packages/airflow/example_dags/example_latest_only_with_trigger.py
[2024-08-28T03:18:12.846+0000] {processor.py:829} INFO - Processing file /home/airflow/.local/lib/python3.8/site-packages/airflow/example_dags/example_latest_only_with_trigger.py for tasks to queue
[2024-08-28T03:18:12.848+0000] {logging_mixin.py:154} INFO - [2024-08-28T03:18:12.847+0000] {dagbag.py:536} INFO - Filling up the DagBag from /home/airflow/.local/lib/python3.8/site-packages/airflow/example_dags/example_latest_only_with_trigger.py
[2024-08-28T03:18:12.853+0000] {processor.py:839} INFO - DAG(s) dict_keys(['latest_only_with_trigger']) retrieved from /home/airflow/.local/lib/python3.8/site-packages/airflow/example_dags/example_latest_only_with_trigger.py
[2024-08-28T03:18:12.871+0000] {logging_mixin.py:154} INFO - [2024-08-28T03:18:12.871+0000] {dag.py:2941} INFO - Sync 1 DAGs
[2024-08-28T03:18:12.892+0000] {logging_mixin.py:154} INFO - [2024-08-28T03:18:12.892+0000] {dag.py:3722} INFO - Setting next_dagrun for latest_only_with_trigger to 2024-08-27T23:18:12.891791+00:00, run_after=2024-08-28T03:18:12.891791+00:00
[2024-08-28T03:18:12.913+0000] {processor.py:179} INFO - Processing /home/airflow/.local/lib/python3.8/site-packages/airflow/example_dags/example_latest_only_with_trigger.py took 0.071 seconds
[2024-08-28T03:18:43.486+0000] {processor.py:157} INFO - Started process (PID=420) to work on /home/airflow/.local/lib/python3.8/site-packages/airflow/example_dags/example_latest_only_with_trigger.py
[2024-08-28T03:18:43.486+0000] {processor.py:829} INFO - Processing file /home/airflow/.local/lib/python3.8/site-packages/airflow/example_dags/example_latest_only_with_trigger.py for tasks to queue
[2024-08-28T03:18:43.489+0000] {logging_mixin.py:154} INFO - [2024-08-28T03:18:43.488+0000] {dagbag.py:536} INFO - Filling up the DagBag from /home/airflow/.local/lib/python3.8/site-packages/airflow/example_dags/example_latest_only_with_trigger.py
[2024-08-28T03:18:43.493+0000] {processor.py:839} INFO - DAG(s) dict_keys(['latest_only_with_trigger']) retrieved from /home/airflow/.local/lib/python3.8/site-packages/airflow/example_dags/example_latest_only_with_trigger.py
[2024-08-28T03:18:43.517+0000] {logging_mixin.py:154} INFO - [2024-08-28T03:18:43.517+0000] {dag.py:2941} INFO - Sync 1 DAGs
[2024-08-28T03:18:43.538+0000] {logging_mixin.py:154} INFO - [2024-08-28T03:18:43.538+0000] {dag.py:3722} INFO - Setting next_dagrun for latest_only_with_trigger to 2024-08-27T23:18:43.538313+00:00, run_after=2024-08-28T03:18:43.538313+00:00
[2024-08-28T03:18:43.560+0000] {processor.py:179} INFO - Processing /home/airflow/.local/lib/python3.8/site-packages/airflow/example_dags/example_latest_only_with_trigger.py took 0.077 seconds
[2024-08-28T03:19:14.141+0000] {processor.py:157} INFO - Started process (PID=487) to work on /home/airflow/.local/lib/python3.8/site-packages/airflow/example_dags/example_latest_only_with_trigger.py
[2024-08-28T03:19:14.141+0000] {processor.py:829} INFO - Processing file /home/airflow/.local/lib/python3.8/site-packages/airflow/example_dags/example_latest_only_with_trigger.py for tasks to queue
[2024-08-28T03:19:14.143+0000] {logging_mixin.py:154} INFO - [2024-08-28T03:19:14.143+0000] {dagbag.py:536} INFO - Filling up the DagBag from /home/airflow/.local/lib/python3.8/site-packages/airflow/example_dags/example_latest_only_with_trigger.py
[2024-08-28T03:19:14.148+0000] {processor.py:839} INFO - DAG(s) dict_keys(['latest_only_with_trigger']) retrieved from /home/airflow/.local/lib/python3.8/site-packages/airflow/example_dags/example_latest_only_with_trigger.py
[2024-08-28T03:19:14.166+0000] {logging_mixin.py:154} INFO - [2024-08-28T03:19:14.166+0000] {dag.py:2941} INFO - Sync 1 DAGs
[2024-08-28T03:19:14.187+0000] {logging_mixin.py:154} INFO - [2024-08-28T03:19:14.187+0000] {dag.py:3722} INFO - Setting next_dagrun for latest_only_with_trigger to 2024-08-27T23:19:14.187420+00:00, run_after=2024-08-28T03:19:14.187420+00:00
[2024-08-28T03:19:14.205+0000] {processor.py:179} INFO - Processing /home/airflow/.local/lib/python3.8/site-packages/airflow/example_dags/example_latest_only_with_trigger.py took 0.067 seconds
[2024-08-28T03:19:44.654+0000] {processor.py:157} INFO - Started process (PID=553) to work on /home/airflow/.local/lib/python3.8/site-packages/airflow/example_dags/example_latest_only_with_trigger.py
[2024-08-28T03:19:44.655+0000] {processor.py:829} INFO - Processing file /home/airflow/.local/lib/python3.8/site-packages/airflow/example_dags/example_latest_only_with_trigger.py for tasks to queue
[2024-08-28T03:19:44.657+0000] {logging_mixin.py:154} INFO - [2024-08-28T03:19:44.657+0000] {dagbag.py:536} INFO - Filling up the DagBag from /home/airflow/.local/lib/python3.8/site-packages/airflow/example_dags/example_latest_only_with_trigger.py
[2024-08-28T03:19:44.663+0000] {processor.py:839} INFO - DAG(s) dict_keys(['latest_only_with_trigger']) retrieved from /home/airflow/.local/lib/python3.8/site-packages/airflow/example_dags/example_latest_only_with_trigger.py
[2024-08-28T03:19:44.682+0000] {logging_mixin.py:154} INFO - [2024-08-28T03:19:44.682+0000] {dag.py:2941} INFO - Sync 1 DAGs
[2024-08-28T03:19:44.702+0000] {logging_mixin.py:154} INFO - [2024-08-28T03:19:44.702+0000] {dag.py:3722} INFO - Setting next_dagrun for latest_only_with_trigger to 2024-08-27T23:19:44.702567+00:00, run_after=2024-08-28T03:19:44.702567+00:00
[2024-08-28T03:19:44.719+0000] {processor.py:179} INFO - Processing /home/airflow/.local/lib/python3.8/site-packages/airflow/example_dags/example_latest_only_with_trigger.py took 0.068 seconds
