[2024-08-28T03:16:10.239+0000] {processor.py:157} INFO - Started process (PID=63) to work on /home/airflow/.local/lib/python3.8/site-packages/airflow/example_dags/example_sla_dag.py
[2024-08-28T03:16:10.240+0000] {processor.py:829} INFO - Processing file /home/airflow/.local/lib/python3.8/site-packages/airflow/example_dags/example_sla_dag.py for tasks to queue
[2024-08-28T03:16:10.242+0000] {logging_mixin.py:154} INFO - [2024-08-28T03:16:10.241+0000] {dagbag.py:536} INFO - Filling up the DagBag from /home/airflow/.local/lib/python3.8/site-packages/airflow/example_dags/example_sla_dag.py
[2024-08-28T03:16:10.256+0000] {processor.py:839} INFO - DAG(s) dict_keys(['example_sla_dag']) retrieved from /home/airflow/.local/lib/python3.8/site-packages/airflow/example_dags/example_sla_dag.py
[2024-08-28T03:16:10.285+0000] {logging_mixin.py:154} INFO - [2024-08-28T03:16:10.285+0000] {dag.py:2941} INFO - Sync 1 DAGs
[2024-08-28T03:16:10.343+0000] {logging_mixin.py:154} INFO - [2024-08-28T03:16:10.343+0000] {dag.py:3722} INFO - Setting next_dagrun for example_sla_dag to 2024-08-28T03:14:00+00:00, run_after=2024-08-28T03:16:00+00:00
[2024-08-28T03:16:10.386+0000] {processor.py:179} INFO - Processing /home/airflow/.local/lib/python3.8/site-packages/airflow/example_dags/example_sla_dag.py took 0.150 seconds
[2024-08-28T03:16:40.680+0000] {processor.py:157} INFO - Started process (PID=135) to work on /home/airflow/.local/lib/python3.8/site-packages/airflow/example_dags/example_sla_dag.py
[2024-08-28T03:16:40.680+0000] {processor.py:829} INFO - Processing file /home/airflow/.local/lib/python3.8/site-packages/airflow/example_dags/example_sla_dag.py for tasks to queue
[2024-08-28T03:16:40.682+0000] {logging_mixin.py:154} INFO - [2024-08-28T03:16:40.682+0000] {dagbag.py:536} INFO - Filling up the DagBag from /home/airflow/.local/lib/python3.8/site-packages/airflow/example_dags/example_sla_dag.py
[2024-08-28T03:16:40.689+0000] {processor.py:839} INFO - DAG(s) dict_keys(['example_sla_dag']) retrieved from /home/airflow/.local/lib/python3.8/site-packages/airflow/example_dags/example_sla_dag.py
[2024-08-28T03:16:40.705+0000] {logging_mixin.py:154} INFO - [2024-08-28T03:16:40.705+0000] {dag.py:2941} INFO - Sync 1 DAGs
[2024-08-28T03:16:40.731+0000] {logging_mixin.py:154} INFO - [2024-08-28T03:16:40.731+0000] {dag.py:3722} INFO - Setting next_dagrun for example_sla_dag to 2024-08-28T03:14:00+00:00, run_after=2024-08-28T03:16:00+00:00
[2024-08-28T03:16:40.746+0000] {processor.py:179} INFO - Processing /home/airflow/.local/lib/python3.8/site-packages/airflow/example_dags/example_sla_dag.py took 0.069 seconds
[2024-08-28T03:17:11.384+0000] {processor.py:157} INFO - Started process (PID=201) to work on /home/airflow/.local/lib/python3.8/site-packages/airflow/example_dags/example_sla_dag.py
[2024-08-28T03:17:11.385+0000] {processor.py:829} INFO - Processing file /home/airflow/.local/lib/python3.8/site-packages/airflow/example_dags/example_sla_dag.py for tasks to queue
[2024-08-28T03:17:11.387+0000] {logging_mixin.py:154} INFO - [2024-08-28T03:17:11.387+0000] {dagbag.py:536} INFO - Filling up the DagBag from /home/airflow/.local/lib/python3.8/site-packages/airflow/example_dags/example_sla_dag.py
[2024-08-28T03:17:11.396+0000] {processor.py:839} INFO - DAG(s) dict_keys(['example_sla_dag']) retrieved from /home/airflow/.local/lib/python3.8/site-packages/airflow/example_dags/example_sla_dag.py
[2024-08-28T03:17:11.424+0000] {logging_mixin.py:154} INFO - [2024-08-28T03:17:11.424+0000] {dag.py:2941} INFO - Sync 1 DAGs
[2024-08-28T03:17:11.457+0000] {logging_mixin.py:154} INFO - [2024-08-28T03:17:11.457+0000] {dag.py:3722} INFO - Setting next_dagrun for example_sla_dag to 2024-08-28T03:14:00+00:00, run_after=2024-08-28T03:16:00+00:00
[2024-08-28T03:17:11.474+0000] {processor.py:179} INFO - Processing /home/airflow/.local/lib/python3.8/site-packages/airflow/example_dags/example_sla_dag.py took 0.093 seconds
[2024-08-28T03:17:41.851+0000] {processor.py:157} INFO - Started process (PID=275) to work on /home/airflow/.local/lib/python3.8/site-packages/airflow/example_dags/example_sla_dag.py
[2024-08-28T03:17:41.852+0000] {processor.py:829} INFO - Processing file /home/airflow/.local/lib/python3.8/site-packages/airflow/example_dags/example_sla_dag.py for tasks to queue
[2024-08-28T03:17:41.854+0000] {logging_mixin.py:154} INFO - [2024-08-28T03:17:41.853+0000] {dagbag.py:536} INFO - Filling up the DagBag from /home/airflow/.local/lib/python3.8/site-packages/airflow/example_dags/example_sla_dag.py
[2024-08-28T03:17:41.861+0000] {processor.py:839} INFO - DAG(s) dict_keys(['example_sla_dag']) retrieved from /home/airflow/.local/lib/python3.8/site-packages/airflow/example_dags/example_sla_dag.py
[2024-08-28T03:17:41.882+0000] {logging_mixin.py:154} INFO - [2024-08-28T03:17:41.882+0000] {dag.py:2941} INFO - Sync 1 DAGs
[2024-08-28T03:17:41.911+0000] {logging_mixin.py:154} INFO - [2024-08-28T03:17:41.910+0000] {dag.py:3722} INFO - Setting next_dagrun for example_sla_dag to 2024-08-28T03:14:00+00:00, run_after=2024-08-28T03:16:00+00:00
[2024-08-28T03:17:41.930+0000] {processor.py:179} INFO - Processing /home/airflow/.local/lib/python3.8/site-packages/airflow/example_dags/example_sla_dag.py took 0.082 seconds
[2024-08-28T03:18:12.553+0000] {processor.py:157} INFO - Started process (PID=341) to work on /home/airflow/.local/lib/python3.8/site-packages/airflow/example_dags/example_sla_dag.py
[2024-08-28T03:18:12.554+0000] {processor.py:829} INFO - Processing file /home/airflow/.local/lib/python3.8/site-packages/airflow/example_dags/example_sla_dag.py for tasks to queue
[2024-08-28T03:18:12.556+0000] {logging_mixin.py:154} INFO - [2024-08-28T03:18:12.556+0000] {dagbag.py:536} INFO - Filling up the DagBag from /home/airflow/.local/lib/python3.8/site-packages/airflow/example_dags/example_sla_dag.py
[2024-08-28T03:18:12.564+0000] {processor.py:839} INFO - DAG(s) dict_keys(['example_sla_dag']) retrieved from /home/airflow/.local/lib/python3.8/site-packages/airflow/example_dags/example_sla_dag.py
[2024-08-28T03:18:12.584+0000] {logging_mixin.py:154} INFO - [2024-08-28T03:18:12.584+0000] {dag.py:2941} INFO - Sync 1 DAGs
[2024-08-28T03:18:12.614+0000] {logging_mixin.py:154} INFO - [2024-08-28T03:18:12.614+0000] {dag.py:3722} INFO - Setting next_dagrun for example_sla_dag to 2024-08-28T03:16:00+00:00, run_after=2024-08-28T03:18:00+00:00
[2024-08-28T03:18:12.634+0000] {processor.py:179} INFO - Processing /home/airflow/.local/lib/python3.8/site-packages/airflow/example_dags/example_sla_dag.py took 0.084 seconds
[2024-08-28T03:18:43.188+0000] {processor.py:157} INFO - Started process (PID=414) to work on /home/airflow/.local/lib/python3.8/site-packages/airflow/example_dags/example_sla_dag.py
[2024-08-28T03:18:43.189+0000] {processor.py:829} INFO - Processing file /home/airflow/.local/lib/python3.8/site-packages/airflow/example_dags/example_sla_dag.py for tasks to queue
[2024-08-28T03:18:43.192+0000] {logging_mixin.py:154} INFO - [2024-08-28T03:18:43.191+0000] {dagbag.py:536} INFO - Filling up the DagBag from /home/airflow/.local/lib/python3.8/site-packages/airflow/example_dags/example_sla_dag.py
[2024-08-28T03:18:43.200+0000] {processor.py:839} INFO - DAG(s) dict_keys(['example_sla_dag']) retrieved from /home/airflow/.local/lib/python3.8/site-packages/airflow/example_dags/example_sla_dag.py
[2024-08-28T03:18:43.220+0000] {logging_mixin.py:154} INFO - [2024-08-28T03:18:43.220+0000] {dag.py:2941} INFO - Sync 1 DAGs
[2024-08-28T03:18:43.245+0000] {logging_mixin.py:154} INFO - [2024-08-28T03:18:43.245+0000] {dag.py:3722} INFO - Setting next_dagrun for example_sla_dag to 2024-08-28T03:16:00+00:00, run_after=2024-08-28T03:18:00+00:00
[2024-08-28T03:18:43.262+0000] {processor.py:179} INFO - Processing /home/airflow/.local/lib/python3.8/site-packages/airflow/example_dags/example_sla_dag.py took 0.076 seconds
[2024-08-28T03:19:13.867+0000] {processor.py:157} INFO - Started process (PID=481) to work on /home/airflow/.local/lib/python3.8/site-packages/airflow/example_dags/example_sla_dag.py
[2024-08-28T03:19:13.867+0000] {processor.py:829} INFO - Processing file /home/airflow/.local/lib/python3.8/site-packages/airflow/example_dags/example_sla_dag.py for tasks to queue
[2024-08-28T03:19:13.869+0000] {logging_mixin.py:154} INFO - [2024-08-28T03:19:13.869+0000] {dagbag.py:536} INFO - Filling up the DagBag from /home/airflow/.local/lib/python3.8/site-packages/airflow/example_dags/example_sla_dag.py
[2024-08-28T03:19:13.877+0000] {processor.py:839} INFO - DAG(s) dict_keys(['example_sla_dag']) retrieved from /home/airflow/.local/lib/python3.8/site-packages/airflow/example_dags/example_sla_dag.py
[2024-08-28T03:19:13.897+0000] {logging_mixin.py:154} INFO - [2024-08-28T03:19:13.897+0000] {dag.py:2941} INFO - Sync 1 DAGs
[2024-08-28T03:19:13.923+0000] {logging_mixin.py:154} INFO - [2024-08-28T03:19:13.923+0000] {dag.py:3722} INFO - Setting next_dagrun for example_sla_dag to 2024-08-28T03:16:00+00:00, run_after=2024-08-28T03:18:00+00:00
[2024-08-28T03:19:13.944+0000] {processor.py:179} INFO - Processing /home/airflow/.local/lib/python3.8/site-packages/airflow/example_dags/example_sla_dag.py took 0.080 seconds
[2024-08-28T03:19:44.424+0000] {processor.py:157} INFO - Started process (PID=547) to work on /home/airflow/.local/lib/python3.8/site-packages/airflow/example_dags/example_sla_dag.py
[2024-08-28T03:19:44.425+0000] {processor.py:829} INFO - Processing file /home/airflow/.local/lib/python3.8/site-packages/airflow/example_dags/example_sla_dag.py for tasks to queue
[2024-08-28T03:19:44.427+0000] {logging_mixin.py:154} INFO - [2024-08-28T03:19:44.427+0000] {dagbag.py:536} INFO - Filling up the DagBag from /home/airflow/.local/lib/python3.8/site-packages/airflow/example_dags/example_sla_dag.py
[2024-08-28T03:19:44.433+0000] {processor.py:839} INFO - DAG(s) dict_keys(['example_sla_dag']) retrieved from /home/airflow/.local/lib/python3.8/site-packages/airflow/example_dags/example_sla_dag.py
[2024-08-28T03:19:44.449+0000] {logging_mixin.py:154} INFO - [2024-08-28T03:19:44.449+0000] {dag.py:2941} INFO - Sync 1 DAGs
[2024-08-28T03:19:44.470+0000] {logging_mixin.py:154} INFO - [2024-08-28T03:19:44.470+0000] {dag.py:3722} INFO - Setting next_dagrun for example_sla_dag to 2024-08-28T03:16:00+00:00, run_after=2024-08-28T03:18:00+00:00
[2024-08-28T03:19:44.487+0000] {processor.py:179} INFO - Processing /home/airflow/.local/lib/python3.8/site-packages/airflow/example_dags/example_sla_dag.py took 0.065 seconds
