[2024-08-28T03:16:09.417+0000] {processor.py:157} INFO - Started process (PID=58) to work on /home/airflow/.local/lib/python3.8/site-packages/airflow/example_dags/example_datasets.py
[2024-08-28T03:16:09.418+0000] {processor.py:829} INFO - Processing file /home/airflow/.local/lib/python3.8/site-packages/airflow/example_dags/example_datasets.py for tasks to queue
[2024-08-28T03:16:09.421+0000] {logging_mixin.py:154} INFO - [2024-08-28T03:16:09.420+0000] {dagbag.py:536} INFO - Filling up the DagBag from /home/airflow/.local/lib/python3.8/site-packages/airflow/example_dags/example_datasets.py
[2024-08-28T03:16:09.435+0000] {processor.py:839} INFO - DAG(s) dict_keys(['dataset_produces_1', 'dataset_consumes_1_never_scheduled', 'dataset_consumes_1_and_2', 'dataset_consumes_unknown_never_scheduled', 'dataset_produces_2', 'dataset_consumes_1']) retrieved from /home/airflow/.local/lib/python3.8/site-packages/airflow/example_dags/example_datasets.py
[2024-08-28T03:16:09.486+0000] {logging_mixin.py:154} INFO - [2024-08-28T03:16:09.486+0000] {dag.py:2941} INFO - Sync 6 DAGs
[2024-08-28T03:16:09.530+0000] {logging_mixin.py:154} INFO - [2024-08-28T03:16:09.529+0000] {dag.py:3722} INFO - Setting next_dagrun for dataset_consumes_1 to None, run_after=None
[2024-08-28T03:16:09.536+0000] {logging_mixin.py:154} INFO - [2024-08-28T03:16:09.536+0000] {dag.py:3722} INFO - Setting next_dagrun for dataset_consumes_1_and_2 to None, run_after=None
[2024-08-28T03:16:09.539+0000] {logging_mixin.py:154} INFO - [2024-08-28T03:16:09.539+0000] {dag.py:3722} INFO - Setting next_dagrun for dataset_consumes_1_never_scheduled to None, run_after=None
[2024-08-28T03:16:09.541+0000] {logging_mixin.py:154} INFO - [2024-08-28T03:16:09.541+0000] {dag.py:3722} INFO - Setting next_dagrun for dataset_consumes_unknown_never_scheduled to None, run_after=None
[2024-08-28T03:16:09.547+0000] {logging_mixin.py:154} INFO - [2024-08-28T03:16:09.547+0000] {dag.py:3722} INFO - Setting next_dagrun for dataset_produces_1 to 2024-08-27T00:00:00+00:00, run_after=2024-08-28T00:00:00+00:00
[2024-08-28T03:16:09.549+0000] {logging_mixin.py:154} INFO - [2024-08-28T03:16:09.549+0000] {dag.py:3722} INFO - Setting next_dagrun for dataset_produces_2 to None, run_after=None
[2024-08-28T03:16:09.598+0000] {processor.py:179} INFO - Processing /home/airflow/.local/lib/python3.8/site-packages/airflow/example_dags/example_datasets.py took 0.184 seconds
[2024-08-28T03:16:40.499+0000] {processor.py:157} INFO - Started process (PID=131) to work on /home/airflow/.local/lib/python3.8/site-packages/airflow/example_dags/example_datasets.py
[2024-08-28T03:16:40.500+0000] {processor.py:829} INFO - Processing file /home/airflow/.local/lib/python3.8/site-packages/airflow/example_dags/example_datasets.py for tasks to queue
[2024-08-28T03:16:40.502+0000] {logging_mixin.py:154} INFO - [2024-08-28T03:16:40.502+0000] {dagbag.py:536} INFO - Filling up the DagBag from /home/airflow/.local/lib/python3.8/site-packages/airflow/example_dags/example_datasets.py
[2024-08-28T03:16:40.510+0000] {processor.py:839} INFO - DAG(s) dict_keys(['dataset_consumes_unknown_never_scheduled', 'dataset_consumes_1_and_2', 'dataset_produces_2', 'dataset_consumes_1_never_scheduled', 'dataset_produces_1', 'dataset_consumes_1']) retrieved from /home/airflow/.local/lib/python3.8/site-packages/airflow/example_dags/example_datasets.py
[2024-08-28T03:16:40.544+0000] {logging_mixin.py:154} INFO - [2024-08-28T03:16:40.543+0000] {dag.py:2941} INFO - Sync 6 DAGs
[2024-08-28T03:16:40.565+0000] {logging_mixin.py:154} INFO - [2024-08-28T03:16:40.564+0000] {dag.py:3722} INFO - Setting next_dagrun for dataset_consumes_1 to None, run_after=None
[2024-08-28T03:16:40.569+0000] {logging_mixin.py:154} INFO - [2024-08-28T03:16:40.569+0000] {dag.py:3722} INFO - Setting next_dagrun for dataset_consumes_1_and_2 to None, run_after=None
[2024-08-28T03:16:40.571+0000] {logging_mixin.py:154} INFO - [2024-08-28T03:16:40.571+0000] {dag.py:3722} INFO - Setting next_dagrun for dataset_consumes_1_never_scheduled to None, run_after=None
[2024-08-28T03:16:40.573+0000] {logging_mixin.py:154} INFO - [2024-08-28T03:16:40.573+0000] {dag.py:3722} INFO - Setting next_dagrun for dataset_consumes_unknown_never_scheduled to None, run_after=None
[2024-08-28T03:16:40.578+0000] {logging_mixin.py:154} INFO - [2024-08-28T03:16:40.577+0000] {dag.py:3722} INFO - Setting next_dagrun for dataset_produces_1 to 2024-08-27T00:00:00+00:00, run_after=2024-08-28T00:00:00+00:00
[2024-08-28T03:16:40.580+0000] {logging_mixin.py:154} INFO - [2024-08-28T03:16:40.580+0000] {dag.py:3722} INFO - Setting next_dagrun for dataset_produces_2 to None, run_after=None
[2024-08-28T03:16:40.614+0000] {processor.py:179} INFO - Processing /home/airflow/.local/lib/python3.8/site-packages/airflow/example_dags/example_datasets.py took 0.117 seconds
[2024-08-28T03:17:11.171+0000] {processor.py:157} INFO - Started process (PID=197) to work on /home/airflow/.local/lib/python3.8/site-packages/airflow/example_dags/example_datasets.py
[2024-08-28T03:17:11.173+0000] {processor.py:829} INFO - Processing file /home/airflow/.local/lib/python3.8/site-packages/airflow/example_dags/example_datasets.py for tasks to queue
[2024-08-28T03:17:11.175+0000] {logging_mixin.py:154} INFO - [2024-08-28T03:17:11.174+0000] {dagbag.py:536} INFO - Filling up the DagBag from /home/airflow/.local/lib/python3.8/site-packages/airflow/example_dags/example_datasets.py
[2024-08-28T03:17:11.186+0000] {processor.py:839} INFO - DAG(s) dict_keys(['dataset_consumes_unknown_never_scheduled', 'dataset_consumes_1', 'dataset_produces_2', 'dataset_consumes_1_never_scheduled', 'dataset_consumes_1_and_2', 'dataset_produces_1']) retrieved from /home/airflow/.local/lib/python3.8/site-packages/airflow/example_dags/example_datasets.py
[2024-08-28T03:17:11.226+0000] {logging_mixin.py:154} INFO - [2024-08-28T03:17:11.225+0000] {dag.py:2941} INFO - Sync 6 DAGs
[2024-08-28T03:17:11.247+0000] {logging_mixin.py:154} INFO - [2024-08-28T03:17:11.247+0000] {dag.py:3722} INFO - Setting next_dagrun for dataset_consumes_1 to None, run_after=None
[2024-08-28T03:17:11.251+0000] {logging_mixin.py:154} INFO - [2024-08-28T03:17:11.251+0000] {dag.py:3722} INFO - Setting next_dagrun for dataset_consumes_1_and_2 to None, run_after=None
[2024-08-28T03:17:11.253+0000] {logging_mixin.py:154} INFO - [2024-08-28T03:17:11.253+0000] {dag.py:3722} INFO - Setting next_dagrun for dataset_consumes_1_never_scheduled to None, run_after=None
[2024-08-28T03:17:11.254+0000] {logging_mixin.py:154} INFO - [2024-08-28T03:17:11.254+0000] {dag.py:3722} INFO - Setting next_dagrun for dataset_consumes_unknown_never_scheduled to None, run_after=None
[2024-08-28T03:17:11.257+0000] {logging_mixin.py:154} INFO - [2024-08-28T03:17:11.257+0000] {dag.py:3722} INFO - Setting next_dagrun for dataset_produces_1 to 2024-08-27T00:00:00+00:00, run_after=2024-08-28T00:00:00+00:00
[2024-08-28T03:17:11.259+0000] {logging_mixin.py:154} INFO - [2024-08-28T03:17:11.259+0000] {dag.py:3722} INFO - Setting next_dagrun for dataset_produces_2 to None, run_after=None
[2024-08-28T03:17:11.288+0000] {processor.py:179} INFO - Processing /home/airflow/.local/lib/python3.8/site-packages/airflow/example_dags/example_datasets.py took 0.120 seconds
[2024-08-28T03:17:41.626+0000] {processor.py:157} INFO - Started process (PID=271) to work on /home/airflow/.local/lib/python3.8/site-packages/airflow/example_dags/example_datasets.py
[2024-08-28T03:17:41.627+0000] {processor.py:829} INFO - Processing file /home/airflow/.local/lib/python3.8/site-packages/airflow/example_dags/example_datasets.py for tasks to queue
[2024-08-28T03:17:41.630+0000] {logging_mixin.py:154} INFO - [2024-08-28T03:17:41.629+0000] {dagbag.py:536} INFO - Filling up the DagBag from /home/airflow/.local/lib/python3.8/site-packages/airflow/example_dags/example_datasets.py
[2024-08-28T03:17:41.642+0000] {processor.py:839} INFO - DAG(s) dict_keys(['dataset_produces_1', 'dataset_consumes_unknown_never_scheduled', 'dataset_produces_2', 'dataset_consumes_1_and_2', 'dataset_consumes_1', 'dataset_consumes_1_never_scheduled']) retrieved from /home/airflow/.local/lib/python3.8/site-packages/airflow/example_dags/example_datasets.py
[2024-08-28T03:17:41.689+0000] {logging_mixin.py:154} INFO - [2024-08-28T03:17:41.689+0000] {dag.py:2941} INFO - Sync 6 DAGs
[2024-08-28T03:17:41.722+0000] {logging_mixin.py:154} INFO - [2024-08-28T03:17:41.721+0000] {dag.py:3722} INFO - Setting next_dagrun for dataset_consumes_1 to None, run_after=None
[2024-08-28T03:17:41.727+0000] {logging_mixin.py:154} INFO - [2024-08-28T03:17:41.726+0000] {dag.py:3722} INFO - Setting next_dagrun for dataset_consumes_1_and_2 to None, run_after=None
[2024-08-28T03:17:41.729+0000] {logging_mixin.py:154} INFO - [2024-08-28T03:17:41.729+0000] {dag.py:3722} INFO - Setting next_dagrun for dataset_consumes_1_never_scheduled to None, run_after=None
[2024-08-28T03:17:41.732+0000] {logging_mixin.py:154} INFO - [2024-08-28T03:17:41.731+0000] {dag.py:3722} INFO - Setting next_dagrun for dataset_consumes_unknown_never_scheduled to None, run_after=None
[2024-08-28T03:17:41.736+0000] {logging_mixin.py:154} INFO - [2024-08-28T03:17:41.736+0000] {dag.py:3722} INFO - Setting next_dagrun for dataset_produces_1 to 2024-08-27T00:00:00+00:00, run_after=2024-08-28T00:00:00+00:00
[2024-08-28T03:17:41.739+0000] {logging_mixin.py:154} INFO - [2024-08-28T03:17:41.738+0000] {dag.py:3722} INFO - Setting next_dagrun for dataset_produces_2 to None, run_after=None
[2024-08-28T03:17:41.776+0000] {processor.py:179} INFO - Processing /home/airflow/.local/lib/python3.8/site-packages/airflow/example_dags/example_datasets.py took 0.154 seconds
[2024-08-28T03:18:12.356+0000] {processor.py:157} INFO - Started process (PID=337) to work on /home/airflow/.local/lib/python3.8/site-packages/airflow/example_dags/example_datasets.py
[2024-08-28T03:18:12.357+0000] {processor.py:829} INFO - Processing file /home/airflow/.local/lib/python3.8/site-packages/airflow/example_dags/example_datasets.py for tasks to queue
[2024-08-28T03:18:12.359+0000] {logging_mixin.py:154} INFO - [2024-08-28T03:18:12.359+0000] {dagbag.py:536} INFO - Filling up the DagBag from /home/airflow/.local/lib/python3.8/site-packages/airflow/example_dags/example_datasets.py
[2024-08-28T03:18:12.367+0000] {processor.py:839} INFO - DAG(s) dict_keys(['dataset_consumes_1_never_scheduled', 'dataset_consumes_1', 'dataset_produces_1', 'dataset_consumes_unknown_never_scheduled', 'dataset_consumes_1_and_2', 'dataset_produces_2']) retrieved from /home/airflow/.local/lib/python3.8/site-packages/airflow/example_dags/example_datasets.py
[2024-08-28T03:18:12.407+0000] {logging_mixin.py:154} INFO - [2024-08-28T03:18:12.407+0000] {dag.py:2941} INFO - Sync 6 DAGs
[2024-08-28T03:18:12.430+0000] {logging_mixin.py:154} INFO - [2024-08-28T03:18:12.430+0000] {dag.py:3722} INFO - Setting next_dagrun for dataset_consumes_1 to None, run_after=None
[2024-08-28T03:18:12.434+0000] {logging_mixin.py:154} INFO - [2024-08-28T03:18:12.434+0000] {dag.py:3722} INFO - Setting next_dagrun for dataset_consumes_1_and_2 to None, run_after=None
[2024-08-28T03:18:12.436+0000] {logging_mixin.py:154} INFO - [2024-08-28T03:18:12.435+0000] {dag.py:3722} INFO - Setting next_dagrun for dataset_consumes_1_never_scheduled to None, run_after=None
[2024-08-28T03:18:12.437+0000] {logging_mixin.py:154} INFO - [2024-08-28T03:18:12.437+0000] {dag.py:3722} INFO - Setting next_dagrun for dataset_consumes_unknown_never_scheduled to None, run_after=None
[2024-08-28T03:18:12.441+0000] {logging_mixin.py:154} INFO - [2024-08-28T03:18:12.441+0000] {dag.py:3722} INFO - Setting next_dagrun for dataset_produces_1 to 2024-08-27T00:00:00+00:00, run_after=2024-08-28T00:00:00+00:00
[2024-08-28T03:18:12.443+0000] {logging_mixin.py:154} INFO - [2024-08-28T03:18:12.443+0000] {dag.py:3722} INFO - Setting next_dagrun for dataset_produces_2 to None, run_after=None
[2024-08-28T03:18:12.478+0000] {processor.py:179} INFO - Processing /home/airflow/.local/lib/python3.8/site-packages/airflow/example_dags/example_datasets.py took 0.125 seconds
[2024-08-28T03:18:43.015+0000] {processor.py:157} INFO - Started process (PID=403) to work on /home/airflow/.local/lib/python3.8/site-packages/airflow/example_dags/example_datasets.py
[2024-08-28T03:18:43.016+0000] {processor.py:829} INFO - Processing file /home/airflow/.local/lib/python3.8/site-packages/airflow/example_dags/example_datasets.py for tasks to queue
[2024-08-28T03:18:43.018+0000] {logging_mixin.py:154} INFO - [2024-08-28T03:18:43.017+0000] {dagbag.py:536} INFO - Filling up the DagBag from /home/airflow/.local/lib/python3.8/site-packages/airflow/example_dags/example_datasets.py
[2024-08-28T03:18:43.037+0000] {processor.py:839} INFO - DAG(s) dict_keys(['dataset_consumes_1', 'dataset_consumes_1_and_2', 'dataset_produces_2', 'dataset_consumes_unknown_never_scheduled', 'dataset_produces_1', 'dataset_consumes_1_never_scheduled']) retrieved from /home/airflow/.local/lib/python3.8/site-packages/airflow/example_dags/example_datasets.py
[2024-08-28T03:18:43.069+0000] {logging_mixin.py:154} INFO - [2024-08-28T03:18:43.069+0000] {dag.py:2941} INFO - Sync 6 DAGs
[2024-08-28T03:18:43.092+0000] {logging_mixin.py:154} INFO - [2024-08-28T03:18:43.092+0000] {dag.py:3722} INFO - Setting next_dagrun for dataset_consumes_1 to None, run_after=None
[2024-08-28T03:18:43.096+0000] {logging_mixin.py:154} INFO - [2024-08-28T03:18:43.095+0000] {dag.py:3722} INFO - Setting next_dagrun for dataset_consumes_1_and_2 to None, run_after=None
[2024-08-28T03:18:43.097+0000] {logging_mixin.py:154} INFO - [2024-08-28T03:18:43.097+0000] {dag.py:3722} INFO - Setting next_dagrun for dataset_consumes_1_never_scheduled to None, run_after=None
[2024-08-28T03:18:43.098+0000] {logging_mixin.py:154} INFO - [2024-08-28T03:18:43.098+0000] {dag.py:3722} INFO - Setting next_dagrun for dataset_consumes_unknown_never_scheduled to None, run_after=None
[2024-08-28T03:18:43.101+0000] {logging_mixin.py:154} INFO - [2024-08-28T03:18:43.101+0000] {dag.py:3722} INFO - Setting next_dagrun for dataset_produces_1 to 2024-08-27T00:00:00+00:00, run_after=2024-08-28T00:00:00+00:00
[2024-08-28T03:18:43.103+0000] {logging_mixin.py:154} INFO - [2024-08-28T03:18:43.103+0000] {dag.py:3722} INFO - Setting next_dagrun for dataset_produces_2 to None, run_after=None
[2024-08-28T03:18:43.135+0000] {processor.py:179} INFO - Processing /home/airflow/.local/lib/python3.8/site-packages/airflow/example_dags/example_datasets.py took 0.123 seconds
[2024-08-28T03:19:13.672+0000] {processor.py:157} INFO - Started process (PID=477) to work on /home/airflow/.local/lib/python3.8/site-packages/airflow/example_dags/example_datasets.py
[2024-08-28T03:19:13.674+0000] {processor.py:829} INFO - Processing file /home/airflow/.local/lib/python3.8/site-packages/airflow/example_dags/example_datasets.py for tasks to queue
[2024-08-28T03:19:13.676+0000] {logging_mixin.py:154} INFO - [2024-08-28T03:19:13.676+0000] {dagbag.py:536} INFO - Filling up the DagBag from /home/airflow/.local/lib/python3.8/site-packages/airflow/example_dags/example_datasets.py
[2024-08-28T03:19:13.685+0000] {processor.py:839} INFO - DAG(s) dict_keys(['dataset_consumes_unknown_never_scheduled', 'dataset_produces_2', 'dataset_consumes_1_and_2', 'dataset_consumes_1_never_scheduled', 'dataset_produces_1', 'dataset_consumes_1']) retrieved from /home/airflow/.local/lib/python3.8/site-packages/airflow/example_dags/example_datasets.py
[2024-08-28T03:19:13.726+0000] {logging_mixin.py:154} INFO - [2024-08-28T03:19:13.726+0000] {dag.py:2941} INFO - Sync 6 DAGs
[2024-08-28T03:19:13.752+0000] {logging_mixin.py:154} INFO - [2024-08-28T03:19:13.752+0000] {dag.py:3722} INFO - Setting next_dagrun for dataset_consumes_1 to None, run_after=None
[2024-08-28T03:19:13.757+0000] {logging_mixin.py:154} INFO - [2024-08-28T03:19:13.756+0000] {dag.py:3722} INFO - Setting next_dagrun for dataset_consumes_1_and_2 to None, run_after=None
[2024-08-28T03:19:13.758+0000] {logging_mixin.py:154} INFO - [2024-08-28T03:19:13.758+0000] {dag.py:3722} INFO - Setting next_dagrun for dataset_consumes_1_never_scheduled to None, run_after=None
[2024-08-28T03:19:13.760+0000] {logging_mixin.py:154} INFO - [2024-08-28T03:19:13.760+0000] {dag.py:3722} INFO - Setting next_dagrun for dataset_consumes_unknown_never_scheduled to None, run_after=None
[2024-08-28T03:19:13.763+0000] {logging_mixin.py:154} INFO - [2024-08-28T03:19:13.763+0000] {dag.py:3722} INFO - Setting next_dagrun for dataset_produces_1 to 2024-08-27T00:00:00+00:00, run_after=2024-08-28T00:00:00+00:00
[2024-08-28T03:19:13.765+0000] {logging_mixin.py:154} INFO - [2024-08-28T03:19:13.765+0000] {dag.py:3722} INFO - Setting next_dagrun for dataset_produces_2 to None, run_after=None
[2024-08-28T03:19:13.795+0000] {processor.py:179} INFO - Processing /home/airflow/.local/lib/python3.8/site-packages/airflow/example_dags/example_datasets.py took 0.126 seconds
[2024-08-28T03:19:44.196+0000] {processor.py:157} INFO - Started process (PID=543) to work on /home/airflow/.local/lib/python3.8/site-packages/airflow/example_dags/example_datasets.py
[2024-08-28T03:19:44.197+0000] {processor.py:829} INFO - Processing file /home/airflow/.local/lib/python3.8/site-packages/airflow/example_dags/example_datasets.py for tasks to queue
[2024-08-28T03:19:44.199+0000] {logging_mixin.py:154} INFO - [2024-08-28T03:19:44.199+0000] {dagbag.py:536} INFO - Filling up the DagBag from /home/airflow/.local/lib/python3.8/site-packages/airflow/example_dags/example_datasets.py
[2024-08-28T03:19:44.208+0000] {processor.py:839} INFO - DAG(s) dict_keys(['dataset_consumes_1_never_scheduled', 'dataset_produces_2', 'dataset_consumes_1_and_2', 'dataset_produces_1', 'dataset_consumes_1', 'dataset_consumes_unknown_never_scheduled']) retrieved from /home/airflow/.local/lib/python3.8/site-packages/airflow/example_dags/example_datasets.py
[2024-08-28T03:19:44.249+0000] {logging_mixin.py:154} INFO - [2024-08-28T03:19:44.249+0000] {dag.py:2941} INFO - Sync 6 DAGs
[2024-08-28T03:19:44.271+0000] {logging_mixin.py:154} INFO - [2024-08-28T03:19:44.271+0000] {dag.py:3722} INFO - Setting next_dagrun for dataset_consumes_1 to None, run_after=None
[2024-08-28T03:19:44.274+0000] {logging_mixin.py:154} INFO - [2024-08-28T03:19:44.274+0000] {dag.py:3722} INFO - Setting next_dagrun for dataset_consumes_1_and_2 to None, run_after=None
[2024-08-28T03:19:44.276+0000] {logging_mixin.py:154} INFO - [2024-08-28T03:19:44.276+0000] {dag.py:3722} INFO - Setting next_dagrun for dataset_consumes_1_never_scheduled to None, run_after=None
[2024-08-28T03:19:44.277+0000] {logging_mixin.py:154} INFO - [2024-08-28T03:19:44.277+0000] {dag.py:3722} INFO - Setting next_dagrun for dataset_consumes_unknown_never_scheduled to None, run_after=None
[2024-08-28T03:19:44.280+0000] {logging_mixin.py:154} INFO - [2024-08-28T03:19:44.280+0000] {dag.py:3722} INFO - Setting next_dagrun for dataset_produces_1 to 2024-08-27T00:00:00+00:00, run_after=2024-08-28T00:00:00+00:00
[2024-08-28T03:19:44.281+0000] {logging_mixin.py:154} INFO - [2024-08-28T03:19:44.281+0000] {dag.py:3722} INFO - Setting next_dagrun for dataset_produces_2 to None, run_after=None
[2024-08-28T03:19:44.311+0000] {processor.py:179} INFO - Processing /home/airflow/.local/lib/python3.8/site-packages/airflow/example_dags/example_datasets.py took 0.118 seconds
