[2024-08-28T03:16:12.888+0000] {processor.py:157} INFO - Started process (PID=90) to work on /home/airflow/.local/lib/python3.8/site-packages/airflow/example_dags/example_dynamic_task_mapping_with_no_taskflow_operators.py
[2024-08-28T03:16:12.891+0000] {processor.py:829} INFO - Processing file /home/airflow/.local/lib/python3.8/site-packages/airflow/example_dags/example_dynamic_task_mapping_with_no_taskflow_operators.py for tasks to queue
[2024-08-28T03:16:12.903+0000] {logging_mixin.py:154} INFO - [2024-08-28T03:16:12.903+0000] {dagbag.py:536} INFO - Filling up the DagBag from /home/airflow/.local/lib/python3.8/site-packages/airflow/example_dags/example_dynamic_task_mapping_with_no_taskflow_operators.py
[2024-08-28T03:16:12.920+0000] {processor.py:839} INFO - DAG(s) dict_keys(['example_dynamic_task_mapping_with_no_taskflow_operators']) retrieved from /home/airflow/.local/lib/python3.8/site-packages/airflow/example_dags/example_dynamic_task_mapping_with_no_taskflow_operators.py
[2024-08-28T03:16:12.958+0000] {logging_mixin.py:154} INFO - [2024-08-28T03:16:12.958+0000] {dag.py:2941} INFO - Sync 1 DAGs
[2024-08-28T03:16:12.997+0000] {logging_mixin.py:154} INFO - [2024-08-28T03:16:12.997+0000] {dag.py:3722} INFO - Setting next_dagrun for example_dynamic_task_mapping_with_no_taskflow_operators to 2024-08-27T03:16:12.996774+00:00, run_after=2024-08-28T03:16:12.996774+00:00
[2024-08-28T03:16:13.032+0000] {processor.py:179} INFO - Processing /home/airflow/.local/lib/python3.8/site-packages/airflow/example_dags/example_dynamic_task_mapping_with_no_taskflow_operators.py took 0.148 seconds
[2024-08-28T03:16:43.936+0000] {processor.py:157} INFO - Started process (PID=156) to work on /home/airflow/.local/lib/python3.8/site-packages/airflow/example_dags/example_dynamic_task_mapping_with_no_taskflow_operators.py
[2024-08-28T03:16:43.936+0000] {processor.py:829} INFO - Processing file /home/airflow/.local/lib/python3.8/site-packages/airflow/example_dags/example_dynamic_task_mapping_with_no_taskflow_operators.py for tasks to queue
[2024-08-28T03:16:43.938+0000] {logging_mixin.py:154} INFO - [2024-08-28T03:16:43.938+0000] {dagbag.py:536} INFO - Filling up the DagBag from /home/airflow/.local/lib/python3.8/site-packages/airflow/example_dags/example_dynamic_task_mapping_with_no_taskflow_operators.py
[2024-08-28T03:16:43.944+0000] {processor.py:839} INFO - DAG(s) dict_keys(['example_dynamic_task_mapping_with_no_taskflow_operators']) retrieved from /home/airflow/.local/lib/python3.8/site-packages/airflow/example_dags/example_dynamic_task_mapping_with_no_taskflow_operators.py
[2024-08-28T03:16:43.960+0000] {logging_mixin.py:154} INFO - [2024-08-28T03:16:43.960+0000] {dag.py:2941} INFO - Sync 1 DAGs
[2024-08-28T03:16:43.980+0000] {logging_mixin.py:154} INFO - [2024-08-28T03:16:43.979+0000] {dag.py:3722} INFO - Setting next_dagrun for example_dynamic_task_mapping_with_no_taskflow_operators to 2024-08-27T03:16:43.979698+00:00, run_after=2024-08-28T03:16:43.979698+00:00
[2024-08-28T03:16:43.995+0000] {processor.py:179} INFO - Processing /home/airflow/.local/lib/python3.8/site-packages/airflow/example_dags/example_dynamic_task_mapping_with_no_taskflow_operators.py took 0.063 seconds
[2024-08-28T03:17:14.627+0000] {processor.py:157} INFO - Started process (PID=222) to work on /home/airflow/.local/lib/python3.8/site-packages/airflow/example_dags/example_dynamic_task_mapping_with_no_taskflow_operators.py
[2024-08-28T03:17:14.628+0000] {processor.py:829} INFO - Processing file /home/airflow/.local/lib/python3.8/site-packages/airflow/example_dags/example_dynamic_task_mapping_with_no_taskflow_operators.py for tasks to queue
[2024-08-28T03:17:14.630+0000] {logging_mixin.py:154} INFO - [2024-08-28T03:17:14.630+0000] {dagbag.py:536} INFO - Filling up the DagBag from /home/airflow/.local/lib/python3.8/site-packages/airflow/example_dags/example_dynamic_task_mapping_with_no_taskflow_operators.py
[2024-08-28T03:17:14.637+0000] {processor.py:839} INFO - DAG(s) dict_keys(['example_dynamic_task_mapping_with_no_taskflow_operators']) retrieved from /home/airflow/.local/lib/python3.8/site-packages/airflow/example_dags/example_dynamic_task_mapping_with_no_taskflow_operators.py
[2024-08-28T03:17:14.655+0000] {logging_mixin.py:154} INFO - [2024-08-28T03:17:14.655+0000] {dag.py:2941} INFO - Sync 1 DAGs
[2024-08-28T03:17:14.681+0000] {logging_mixin.py:154} INFO - [2024-08-28T03:17:14.681+0000] {dag.py:3722} INFO - Setting next_dagrun for example_dynamic_task_mapping_with_no_taskflow_operators to 2024-08-27T03:17:14.681304+00:00, run_after=2024-08-28T03:17:14.681304+00:00
[2024-08-28T03:17:14.704+0000] {processor.py:179} INFO - Processing /home/airflow/.local/lib/python3.8/site-packages/airflow/example_dags/example_dynamic_task_mapping_with_no_taskflow_operators.py took 0.080 seconds
[2024-08-28T03:17:44.995+0000] {processor.py:157} INFO - Started process (PID=296) to work on /home/airflow/.local/lib/python3.8/site-packages/airflow/example_dags/example_dynamic_task_mapping_with_no_taskflow_operators.py
[2024-08-28T03:17:44.996+0000] {processor.py:829} INFO - Processing file /home/airflow/.local/lib/python3.8/site-packages/airflow/example_dags/example_dynamic_task_mapping_with_no_taskflow_operators.py for tasks to queue
[2024-08-28T03:17:44.998+0000] {logging_mixin.py:154} INFO - [2024-08-28T03:17:44.997+0000] {dagbag.py:536} INFO - Filling up the DagBag from /home/airflow/.local/lib/python3.8/site-packages/airflow/example_dags/example_dynamic_task_mapping_with_no_taskflow_operators.py
[2024-08-28T03:17:45.003+0000] {processor.py:839} INFO - DAG(s) dict_keys(['example_dynamic_task_mapping_with_no_taskflow_operators']) retrieved from /home/airflow/.local/lib/python3.8/site-packages/airflow/example_dags/example_dynamic_task_mapping_with_no_taskflow_operators.py
[2024-08-28T03:17:45.022+0000] {logging_mixin.py:154} INFO - [2024-08-28T03:17:45.021+0000] {dag.py:2941} INFO - Sync 1 DAGs
[2024-08-28T03:17:45.043+0000] {logging_mixin.py:154} INFO - [2024-08-28T03:17:45.043+0000] {dag.py:3722} INFO - Setting next_dagrun for example_dynamic_task_mapping_with_no_taskflow_operators to 2024-08-27T03:17:45.042986+00:00, run_after=2024-08-28T03:17:45.042986+00:00
[2024-08-28T03:17:45.061+0000] {processor.py:179} INFO - Processing /home/airflow/.local/lib/python3.8/site-packages/airflow/example_dags/example_dynamic_task_mapping_with_no_taskflow_operators.py took 0.071 seconds
[2024-08-28T03:18:15.630+0000] {processor.py:157} INFO - Started process (PID=362) to work on /home/airflow/.local/lib/python3.8/site-packages/airflow/example_dags/example_dynamic_task_mapping_with_no_taskflow_operators.py
[2024-08-28T03:18:15.631+0000] {processor.py:829} INFO - Processing file /home/airflow/.local/lib/python3.8/site-packages/airflow/example_dags/example_dynamic_task_mapping_with_no_taskflow_operators.py for tasks to queue
[2024-08-28T03:18:15.633+0000] {logging_mixin.py:154} INFO - [2024-08-28T03:18:15.632+0000] {dagbag.py:536} INFO - Filling up the DagBag from /home/airflow/.local/lib/python3.8/site-packages/airflow/example_dags/example_dynamic_task_mapping_with_no_taskflow_operators.py
[2024-08-28T03:18:15.644+0000] {processor.py:839} INFO - DAG(s) dict_keys(['example_dynamic_task_mapping_with_no_taskflow_operators']) retrieved from /home/airflow/.local/lib/python3.8/site-packages/airflow/example_dags/example_dynamic_task_mapping_with_no_taskflow_operators.py
[2024-08-28T03:18:15.663+0000] {logging_mixin.py:154} INFO - [2024-08-28T03:18:15.663+0000] {dag.py:2941} INFO - Sync 1 DAGs
[2024-08-28T03:18:15.683+0000] {logging_mixin.py:154} INFO - [2024-08-28T03:18:15.683+0000] {dag.py:3722} INFO - Setting next_dagrun for example_dynamic_task_mapping_with_no_taskflow_operators to 2024-08-27T03:18:15.683250+00:00, run_after=2024-08-28T03:18:15.683250+00:00
[2024-08-28T03:18:15.701+0000] {processor.py:179} INFO - Processing /home/airflow/.local/lib/python3.8/site-packages/airflow/example_dags/example_dynamic_task_mapping_with_no_taskflow_operators.py took 0.075 seconds
[2024-08-28T03:18:46.389+0000] {processor.py:157} INFO - Started process (PID=436) to work on /home/airflow/.local/lib/python3.8/site-packages/airflow/example_dags/example_dynamic_task_mapping_with_no_taskflow_operators.py
[2024-08-28T03:18:46.389+0000] {processor.py:829} INFO - Processing file /home/airflow/.local/lib/python3.8/site-packages/airflow/example_dags/example_dynamic_task_mapping_with_no_taskflow_operators.py for tasks to queue
[2024-08-28T03:18:46.391+0000] {logging_mixin.py:154} INFO - [2024-08-28T03:18:46.391+0000] {dagbag.py:536} INFO - Filling up the DagBag from /home/airflow/.local/lib/python3.8/site-packages/airflow/example_dags/example_dynamic_task_mapping_with_no_taskflow_operators.py
[2024-08-28T03:18:46.397+0000] {processor.py:839} INFO - DAG(s) dict_keys(['example_dynamic_task_mapping_with_no_taskflow_operators']) retrieved from /home/airflow/.local/lib/python3.8/site-packages/airflow/example_dags/example_dynamic_task_mapping_with_no_taskflow_operators.py
[2024-08-28T03:18:46.413+0000] {logging_mixin.py:154} INFO - [2024-08-28T03:18:46.413+0000] {dag.py:2941} INFO - Sync 1 DAGs
[2024-08-28T03:18:46.432+0000] {logging_mixin.py:154} INFO - [2024-08-28T03:18:46.432+0000] {dag.py:3722} INFO - Setting next_dagrun for example_dynamic_task_mapping_with_no_taskflow_operators to 2024-08-27T03:18:46.432175+00:00, run_after=2024-08-28T03:18:46.432175+00:00
[2024-08-28T03:18:46.451+0000] {processor.py:179} INFO - Processing /home/airflow/.local/lib/python3.8/site-packages/airflow/example_dags/example_dynamic_task_mapping_with_no_taskflow_operators.py took 0.065 seconds
[2024-08-28T03:19:16.929+0000] {processor.py:157} INFO - Started process (PID=502) to work on /home/airflow/.local/lib/python3.8/site-packages/airflow/example_dags/example_dynamic_task_mapping_with_no_taskflow_operators.py
[2024-08-28T03:19:16.930+0000] {processor.py:829} INFO - Processing file /home/airflow/.local/lib/python3.8/site-packages/airflow/example_dags/example_dynamic_task_mapping_with_no_taskflow_operators.py for tasks to queue
[2024-08-28T03:19:16.931+0000] {logging_mixin.py:154} INFO - [2024-08-28T03:19:16.931+0000] {dagbag.py:536} INFO - Filling up the DagBag from /home/airflow/.local/lib/python3.8/site-packages/airflow/example_dags/example_dynamic_task_mapping_with_no_taskflow_operators.py
[2024-08-28T03:19:16.936+0000] {processor.py:839} INFO - DAG(s) dict_keys(['example_dynamic_task_mapping_with_no_taskflow_operators']) retrieved from /home/airflow/.local/lib/python3.8/site-packages/airflow/example_dags/example_dynamic_task_mapping_with_no_taskflow_operators.py
[2024-08-28T03:19:16.952+0000] {logging_mixin.py:154} INFO - [2024-08-28T03:19:16.952+0000] {dag.py:2941} INFO - Sync 1 DAGs
[2024-08-28T03:19:16.973+0000] {logging_mixin.py:154} INFO - [2024-08-28T03:19:16.973+0000] {dag.py:3722} INFO - Setting next_dagrun for example_dynamic_task_mapping_with_no_taskflow_operators to 2024-08-27T03:19:16.973225+00:00, run_after=2024-08-28T03:19:16.973225+00:00
[2024-08-28T03:19:16.989+0000] {processor.py:179} INFO - Processing /home/airflow/.local/lib/python3.8/site-packages/airflow/example_dags/example_dynamic_task_mapping_with_no_taskflow_operators.py took 0.063 seconds
