[2024-08-28T03:16:11.356+0000] {processor.py:157} INFO - Started process (PID=80) to work on /home/airflow/.local/lib/python3.8/site-packages/airflow/example_dags/example_time_delta_sensor_async.py
[2024-08-28T03:16:11.359+0000] {processor.py:829} INFO - Processing file /home/airflow/.local/lib/python3.8/site-packages/airflow/example_dags/example_time_delta_sensor_async.py for tasks to queue
[2024-08-28T03:16:11.368+0000] {logging_mixin.py:154} INFO - [2024-08-28T03:16:11.367+0000] {dagbag.py:536} INFO - Filling up the DagBag from /home/airflow/.local/lib/python3.8/site-packages/airflow/example_dags/example_time_delta_sensor_async.py
[2024-08-28T03:16:11.379+0000] {processor.py:839} INFO - DAG(s) dict_keys(['example_time_delta_sensor_async']) retrieved from /home/airflow/.local/lib/python3.8/site-packages/airflow/example_dags/example_time_delta_sensor_async.py
[2024-08-28T03:16:11.435+0000] {logging_mixin.py:154} INFO - [2024-08-28T03:16:11.434+0000] {dag.py:2941} INFO - Sync 1 DAGs
[2024-08-28T03:16:11.457+0000] {logging_mixin.py:154} INFO - [2024-08-28T03:16:11.457+0000] {dag.py:3722} INFO - Setting next_dagrun for example_time_delta_sensor_async to None, run_after=None
[2024-08-28T03:16:11.491+0000] {processor.py:179} INFO - Processing /home/airflow/.local/lib/python3.8/site-packages/airflow/example_dags/example_time_delta_sensor_async.py took 0.140 seconds
[2024-08-28T03:16:42.341+0000] {processor.py:157} INFO - Started process (PID=147) to work on /home/airflow/.local/lib/python3.8/site-packages/airflow/example_dags/example_time_delta_sensor_async.py
[2024-08-28T03:16:42.342+0000] {processor.py:829} INFO - Processing file /home/airflow/.local/lib/python3.8/site-packages/airflow/example_dags/example_time_delta_sensor_async.py for tasks to queue
[2024-08-28T03:16:42.344+0000] {logging_mixin.py:154} INFO - [2024-08-28T03:16:42.343+0000] {dagbag.py:536} INFO - Filling up the DagBag from /home/airflow/.local/lib/python3.8/site-packages/airflow/example_dags/example_time_delta_sensor_async.py
[2024-08-28T03:16:42.347+0000] {processor.py:839} INFO - DAG(s) dict_keys(['example_time_delta_sensor_async']) retrieved from /home/airflow/.local/lib/python3.8/site-packages/airflow/example_dags/example_time_delta_sensor_async.py
[2024-08-28T03:16:42.365+0000] {logging_mixin.py:154} INFO - [2024-08-28T03:16:42.365+0000] {dag.py:2941} INFO - Sync 1 DAGs
[2024-08-28T03:16:42.377+0000] {logging_mixin.py:154} INFO - [2024-08-28T03:16:42.376+0000] {dag.py:3722} INFO - Setting next_dagrun for example_time_delta_sensor_async to None, run_after=None
[2024-08-28T03:16:42.394+0000] {processor.py:179} INFO - Processing /home/airflow/.local/lib/python3.8/site-packages/airflow/example_dags/example_time_delta_sensor_async.py took 0.055 seconds
[2024-08-28T03:17:13.104+0000] {processor.py:157} INFO - Started process (PID=213) to work on /home/airflow/.local/lib/python3.8/site-packages/airflow/example_dags/example_time_delta_sensor_async.py
[2024-08-28T03:17:13.105+0000] {processor.py:829} INFO - Processing file /home/airflow/.local/lib/python3.8/site-packages/airflow/example_dags/example_time_delta_sensor_async.py for tasks to queue
[2024-08-28T03:17:13.107+0000] {logging_mixin.py:154} INFO - [2024-08-28T03:17:13.107+0000] {dagbag.py:536} INFO - Filling up the DagBag from /home/airflow/.local/lib/python3.8/site-packages/airflow/example_dags/example_time_delta_sensor_async.py
[2024-08-28T03:17:13.111+0000] {processor.py:839} INFO - DAG(s) dict_keys(['example_time_delta_sensor_async']) retrieved from /home/airflow/.local/lib/python3.8/site-packages/airflow/example_dags/example_time_delta_sensor_async.py
[2024-08-28T03:17:13.128+0000] {logging_mixin.py:154} INFO - [2024-08-28T03:17:13.127+0000] {dag.py:2941} INFO - Sync 1 DAGs
[2024-08-28T03:17:13.139+0000] {logging_mixin.py:154} INFO - [2024-08-28T03:17:13.139+0000] {dag.py:3722} INFO - Setting next_dagrun for example_time_delta_sensor_async to None, run_after=None
[2024-08-28T03:17:13.157+0000] {processor.py:179} INFO - Processing /home/airflow/.local/lib/python3.8/site-packages/airflow/example_dags/example_time_delta_sensor_async.py took 0.055 seconds
[2024-08-28T03:17:43.486+0000] {processor.py:157} INFO - Started process (PID=287) to work on /home/airflow/.local/lib/python3.8/site-packages/airflow/example_dags/example_time_delta_sensor_async.py
[2024-08-28T03:17:43.487+0000] {processor.py:829} INFO - Processing file /home/airflow/.local/lib/python3.8/site-packages/airflow/example_dags/example_time_delta_sensor_async.py for tasks to queue
[2024-08-28T03:17:43.489+0000] {logging_mixin.py:154} INFO - [2024-08-28T03:17:43.489+0000] {dagbag.py:536} INFO - Filling up the DagBag from /home/airflow/.local/lib/python3.8/site-packages/airflow/example_dags/example_time_delta_sensor_async.py
[2024-08-28T03:17:43.494+0000] {processor.py:839} INFO - DAG(s) dict_keys(['example_time_delta_sensor_async']) retrieved from /home/airflow/.local/lib/python3.8/site-packages/airflow/example_dags/example_time_delta_sensor_async.py
[2024-08-28T03:17:43.515+0000] {logging_mixin.py:154} INFO - [2024-08-28T03:17:43.515+0000] {dag.py:2941} INFO - Sync 1 DAGs
[2024-08-28T03:17:43.527+0000] {logging_mixin.py:154} INFO - [2024-08-28T03:17:43.527+0000] {dag.py:3722} INFO - Setting next_dagrun for example_time_delta_sensor_async to None, run_after=None
[2024-08-28T03:17:43.547+0000] {processor.py:179} INFO - Processing /home/airflow/.local/lib/python3.8/site-packages/airflow/example_dags/example_time_delta_sensor_async.py took 0.064 seconds
[2024-08-28T03:18:14.134+0000] {processor.py:157} INFO - Started process (PID=353) to work on /home/airflow/.local/lib/python3.8/site-packages/airflow/example_dags/example_time_delta_sensor_async.py
[2024-08-28T03:18:14.135+0000] {processor.py:829} INFO - Processing file /home/airflow/.local/lib/python3.8/site-packages/airflow/example_dags/example_time_delta_sensor_async.py for tasks to queue
[2024-08-28T03:18:14.137+0000] {logging_mixin.py:154} INFO - [2024-08-28T03:18:14.137+0000] {dagbag.py:536} INFO - Filling up the DagBag from /home/airflow/.local/lib/python3.8/site-packages/airflow/example_dags/example_time_delta_sensor_async.py
[2024-08-28T03:18:14.141+0000] {processor.py:839} INFO - DAG(s) dict_keys(['example_time_delta_sensor_async']) retrieved from /home/airflow/.local/lib/python3.8/site-packages/airflow/example_dags/example_time_delta_sensor_async.py
[2024-08-28T03:18:14.160+0000] {logging_mixin.py:154} INFO - [2024-08-28T03:18:14.160+0000] {dag.py:2941} INFO - Sync 1 DAGs
[2024-08-28T03:18:14.173+0000] {logging_mixin.py:154} INFO - [2024-08-28T03:18:14.173+0000] {dag.py:3722} INFO - Setting next_dagrun for example_time_delta_sensor_async to None, run_after=None
[2024-08-28T03:18:14.192+0000] {processor.py:179} INFO - Processing /home/airflow/.local/lib/python3.8/site-packages/airflow/example_dags/example_time_delta_sensor_async.py took 0.061 seconds
[2024-08-28T03:18:44.841+0000] {processor.py:157} INFO - Started process (PID=427) to work on /home/airflow/.local/lib/python3.8/site-packages/airflow/example_dags/example_time_delta_sensor_async.py
[2024-08-28T03:18:44.842+0000] {processor.py:829} INFO - Processing file /home/airflow/.local/lib/python3.8/site-packages/airflow/example_dags/example_time_delta_sensor_async.py for tasks to queue
[2024-08-28T03:18:44.844+0000] {logging_mixin.py:154} INFO - [2024-08-28T03:18:44.844+0000] {dagbag.py:536} INFO - Filling up the DagBag from /home/airflow/.local/lib/python3.8/site-packages/airflow/example_dags/example_time_delta_sensor_async.py
[2024-08-28T03:18:44.848+0000] {processor.py:839} INFO - DAG(s) dict_keys(['example_time_delta_sensor_async']) retrieved from /home/airflow/.local/lib/python3.8/site-packages/airflow/example_dags/example_time_delta_sensor_async.py
[2024-08-28T03:18:44.870+0000] {logging_mixin.py:154} INFO - [2024-08-28T03:18:44.870+0000] {dag.py:2941} INFO - Sync 1 DAGs
[2024-08-28T03:18:44.888+0000] {logging_mixin.py:154} INFO - [2024-08-28T03:18:44.887+0000] {dag.py:3722} INFO - Setting next_dagrun for example_time_delta_sensor_async to None, run_after=None
[2024-08-28T03:18:44.919+0000] {processor.py:179} INFO - Processing /home/airflow/.local/lib/python3.8/site-packages/airflow/example_dags/example_time_delta_sensor_async.py took 0.080 seconds
[2024-08-28T03:19:15.462+0000] {processor.py:157} INFO - Started process (PID=493) to work on /home/airflow/.local/lib/python3.8/site-packages/airflow/example_dags/example_time_delta_sensor_async.py
[2024-08-28T03:19:15.463+0000] {processor.py:829} INFO - Processing file /home/airflow/.local/lib/python3.8/site-packages/airflow/example_dags/example_time_delta_sensor_async.py for tasks to queue
[2024-08-28T03:19:15.464+0000] {logging_mixin.py:154} INFO - [2024-08-28T03:19:15.464+0000] {dagbag.py:536} INFO - Filling up the DagBag from /home/airflow/.local/lib/python3.8/site-packages/airflow/example_dags/example_time_delta_sensor_async.py
[2024-08-28T03:19:15.468+0000] {processor.py:839} INFO - DAG(s) dict_keys(['example_time_delta_sensor_async']) retrieved from /home/airflow/.local/lib/python3.8/site-packages/airflow/example_dags/example_time_delta_sensor_async.py
[2024-08-28T03:19:15.485+0000] {logging_mixin.py:154} INFO - [2024-08-28T03:19:15.484+0000] {dag.py:2941} INFO - Sync 1 DAGs
[2024-08-28T03:19:15.496+0000] {logging_mixin.py:154} INFO - [2024-08-28T03:19:15.496+0000] {dag.py:3722} INFO - Setting next_dagrun for example_time_delta_sensor_async to None, run_after=None
[2024-08-28T03:19:15.514+0000] {processor.py:179} INFO - Processing /home/airflow/.local/lib/python3.8/site-packages/airflow/example_dags/example_time_delta_sensor_async.py took 0.054 seconds
[2024-08-28T03:19:45.872+0000] {processor.py:157} INFO - Started process (PID=567) to work on /home/airflow/.local/lib/python3.8/site-packages/airflow/example_dags/example_time_delta_sensor_async.py
[2024-08-28T03:19:45.874+0000] {processor.py:829} INFO - Processing file /home/airflow/.local/lib/python3.8/site-packages/airflow/example_dags/example_time_delta_sensor_async.py for tasks to queue
[2024-08-28T03:19:45.876+0000] {logging_mixin.py:154} INFO - [2024-08-28T03:19:45.876+0000] {dagbag.py:536} INFO - Filling up the DagBag from /home/airflow/.local/lib/python3.8/site-packages/airflow/example_dags/example_time_delta_sensor_async.py
[2024-08-28T03:19:45.882+0000] {processor.py:839} INFO - DAG(s) dict_keys(['example_time_delta_sensor_async']) retrieved from /home/airflow/.local/lib/python3.8/site-packages/airflow/example_dags/example_time_delta_sensor_async.py
[2024-08-28T03:19:45.910+0000] {logging_mixin.py:154} INFO - [2024-08-28T03:19:45.910+0000] {dag.py:2941} INFO - Sync 1 DAGs
[2024-08-28T03:19:45.933+0000] {logging_mixin.py:154} INFO - [2024-08-28T03:19:45.933+0000] {dag.py:3722} INFO - Setting next_dagrun for example_time_delta_sensor_async to None, run_after=None
[2024-08-28T03:19:45.958+0000] {processor.py:179} INFO - Processing /home/airflow/.local/lib/python3.8/site-packages/airflow/example_dags/example_time_delta_sensor_async.py took 0.090 seconds
