[2024-08-28T03:16:11.170+0000] {processor.py:157} INFO - Started process (PID=79) to work on /home/airflow/.local/lib/python3.8/site-packages/airflow/example_dags/example_nested_branch_dag.py
[2024-08-28T03:16:11.174+0000] {processor.py:829} INFO - Processing file /home/airflow/.local/lib/python3.8/site-packages/airflow/example_dags/example_nested_branch_dag.py for tasks to queue
[2024-08-28T03:16:11.184+0000] {logging_mixin.py:154} INFO - [2024-08-28T03:16:11.183+0000] {dagbag.py:536} INFO - Filling up the DagBag from /home/airflow/.local/lib/python3.8/site-packages/airflow/example_dags/example_nested_branch_dag.py
[2024-08-28T03:16:11.205+0000] {processor.py:839} INFO - DAG(s) dict_keys(['example_nested_branch_dag']) retrieved from /home/airflow/.local/lib/python3.8/site-packages/airflow/example_dags/example_nested_branch_dag.py
[2024-08-28T03:16:11.289+0000] {logging_mixin.py:154} INFO - [2024-08-28T03:16:11.289+0000] {dag.py:2941} INFO - Sync 1 DAGs
[2024-08-28T03:16:11.381+0000] {logging_mixin.py:154} INFO - [2024-08-28T03:16:11.380+0000] {dag.py:3722} INFO - Setting next_dagrun for example_nested_branch_dag to 2024-08-27T00:00:00+00:00, run_after=2024-08-28T00:00:00+00:00
[2024-08-28T03:16:11.433+0000] {processor.py:179} INFO - Processing /home/airflow/.local/lib/python3.8/site-packages/airflow/example_dags/example_nested_branch_dag.py took 0.269 seconds
[2024-08-28T03:16:42.341+0000] {processor.py:157} INFO - Started process (PID=146) to work on /home/airflow/.local/lib/python3.8/site-packages/airflow/example_dags/example_nested_branch_dag.py
[2024-08-28T03:16:42.341+0000] {processor.py:829} INFO - Processing file /home/airflow/.local/lib/python3.8/site-packages/airflow/example_dags/example_nested_branch_dag.py for tasks to queue
[2024-08-28T03:16:42.344+0000] {logging_mixin.py:154} INFO - [2024-08-28T03:16:42.343+0000] {dagbag.py:536} INFO - Filling up the DagBag from /home/airflow/.local/lib/python3.8/site-packages/airflow/example_dags/example_nested_branch_dag.py
[2024-08-28T03:16:42.351+0000] {processor.py:839} INFO - DAG(s) dict_keys(['example_nested_branch_dag']) retrieved from /home/airflow/.local/lib/python3.8/site-packages/airflow/example_dags/example_nested_branch_dag.py
[2024-08-28T03:16:42.371+0000] {logging_mixin.py:154} INFO - [2024-08-28T03:16:42.371+0000] {dag.py:2941} INFO - Sync 1 DAGs
[2024-08-28T03:16:42.392+0000] {logging_mixin.py:154} INFO - [2024-08-28T03:16:42.391+0000] {dag.py:3722} INFO - Setting next_dagrun for example_nested_branch_dag to 2024-08-27T00:00:00+00:00, run_after=2024-08-28T00:00:00+00:00
[2024-08-28T03:16:42.409+0000] {processor.py:179} INFO - Processing /home/airflow/.local/lib/python3.8/site-packages/airflow/example_dags/example_nested_branch_dag.py took 0.072 seconds
[2024-08-28T03:17:13.103+0000] {processor.py:157} INFO - Started process (PID=212) to work on /home/airflow/.local/lib/python3.8/site-packages/airflow/example_dags/example_nested_branch_dag.py
[2024-08-28T03:17:13.104+0000] {processor.py:829} INFO - Processing file /home/airflow/.local/lib/python3.8/site-packages/airflow/example_dags/example_nested_branch_dag.py for tasks to queue
[2024-08-28T03:17:13.107+0000] {logging_mixin.py:154} INFO - [2024-08-28T03:17:13.106+0000] {dagbag.py:536} INFO - Filling up the DagBag from /home/airflow/.local/lib/python3.8/site-packages/airflow/example_dags/example_nested_branch_dag.py
[2024-08-28T03:17:13.115+0000] {processor.py:839} INFO - DAG(s) dict_keys(['example_nested_branch_dag']) retrieved from /home/airflow/.local/lib/python3.8/site-packages/airflow/example_dags/example_nested_branch_dag.py
[2024-08-28T03:17:13.135+0000] {logging_mixin.py:154} INFO - [2024-08-28T03:17:13.134+0000] {dag.py:2941} INFO - Sync 1 DAGs
[2024-08-28T03:17:13.157+0000] {logging_mixin.py:154} INFO - [2024-08-28T03:17:13.156+0000] {dag.py:3722} INFO - Setting next_dagrun for example_nested_branch_dag to 2024-08-27T00:00:00+00:00, run_after=2024-08-28T00:00:00+00:00
[2024-08-28T03:17:13.175+0000] {processor.py:179} INFO - Processing /home/airflow/.local/lib/python3.8/site-packages/airflow/example_dags/example_nested_branch_dag.py took 0.075 seconds
[2024-08-28T03:17:43.485+0000] {processor.py:157} INFO - Started process (PID=286) to work on /home/airflow/.local/lib/python3.8/site-packages/airflow/example_dags/example_nested_branch_dag.py
[2024-08-28T03:17:43.486+0000] {processor.py:829} INFO - Processing file /home/airflow/.local/lib/python3.8/site-packages/airflow/example_dags/example_nested_branch_dag.py for tasks to queue
[2024-08-28T03:17:43.488+0000] {logging_mixin.py:154} INFO - [2024-08-28T03:17:43.488+0000] {dagbag.py:536} INFO - Filling up the DagBag from /home/airflow/.local/lib/python3.8/site-packages/airflow/example_dags/example_nested_branch_dag.py
[2024-08-28T03:17:43.499+0000] {processor.py:839} INFO - DAG(s) dict_keys(['example_nested_branch_dag']) retrieved from /home/airflow/.local/lib/python3.8/site-packages/airflow/example_dags/example_nested_branch_dag.py
[2024-08-28T03:17:43.520+0000] {logging_mixin.py:154} INFO - [2024-08-28T03:17:43.520+0000] {dag.py:2941} INFO - Sync 1 DAGs
[2024-08-28T03:17:43.542+0000] {logging_mixin.py:154} INFO - [2024-08-28T03:17:43.541+0000] {dag.py:3722} INFO - Setting next_dagrun for example_nested_branch_dag to 2024-08-27T00:00:00+00:00, run_after=2024-08-28T00:00:00+00:00
[2024-08-28T03:17:43.562+0000] {processor.py:179} INFO - Processing /home/airflow/.local/lib/python3.8/site-packages/airflow/example_dags/example_nested_branch_dag.py took 0.080 seconds
[2024-08-28T03:18:14.133+0000] {processor.py:157} INFO - Started process (PID=352) to work on /home/airflow/.local/lib/python3.8/site-packages/airflow/example_dags/example_nested_branch_dag.py
[2024-08-28T03:18:14.134+0000] {processor.py:829} INFO - Processing file /home/airflow/.local/lib/python3.8/site-packages/airflow/example_dags/example_nested_branch_dag.py for tasks to queue
[2024-08-28T03:18:14.136+0000] {logging_mixin.py:154} INFO - [2024-08-28T03:18:14.136+0000] {dagbag.py:536} INFO - Filling up the DagBag from /home/airflow/.local/lib/python3.8/site-packages/airflow/example_dags/example_nested_branch_dag.py
[2024-08-28T03:18:14.145+0000] {processor.py:839} INFO - DAG(s) dict_keys(['example_nested_branch_dag']) retrieved from /home/airflow/.local/lib/python3.8/site-packages/airflow/example_dags/example_nested_branch_dag.py
[2024-08-28T03:18:14.164+0000] {logging_mixin.py:154} INFO - [2024-08-28T03:18:14.164+0000] {dag.py:2941} INFO - Sync 1 DAGs
[2024-08-28T03:18:14.187+0000] {logging_mixin.py:154} INFO - [2024-08-28T03:18:14.187+0000] {dag.py:3722} INFO - Setting next_dagrun for example_nested_branch_dag to 2024-08-27T00:00:00+00:00, run_after=2024-08-28T00:00:00+00:00
[2024-08-28T03:18:14.207+0000] {processor.py:179} INFO - Processing /home/airflow/.local/lib/python3.8/site-packages/airflow/example_dags/example_nested_branch_dag.py took 0.077 seconds
[2024-08-28T03:18:44.839+0000] {processor.py:157} INFO - Started process (PID=426) to work on /home/airflow/.local/lib/python3.8/site-packages/airflow/example_dags/example_nested_branch_dag.py
[2024-08-28T03:18:44.840+0000] {processor.py:829} INFO - Processing file /home/airflow/.local/lib/python3.8/site-packages/airflow/example_dags/example_nested_branch_dag.py for tasks to queue
[2024-08-28T03:18:44.841+0000] {logging_mixin.py:154} INFO - [2024-08-28T03:18:44.841+0000] {dagbag.py:536} INFO - Filling up the DagBag from /home/airflow/.local/lib/python3.8/site-packages/airflow/example_dags/example_nested_branch_dag.py
[2024-08-28T03:18:44.852+0000] {processor.py:839} INFO - DAG(s) dict_keys(['example_nested_branch_dag']) retrieved from /home/airflow/.local/lib/python3.8/site-packages/airflow/example_dags/example_nested_branch_dag.py
[2024-08-28T03:18:44.881+0000] {logging_mixin.py:154} INFO - [2024-08-28T03:18:44.881+0000] {dag.py:2941} INFO - Sync 1 DAGs
[2024-08-28T03:18:44.909+0000] {logging_mixin.py:154} INFO - [2024-08-28T03:18:44.909+0000] {dag.py:3722} INFO - Setting next_dagrun for example_nested_branch_dag to 2024-08-27T00:00:00+00:00, run_after=2024-08-28T00:00:00+00:00
[2024-08-28T03:18:44.930+0000] {processor.py:179} INFO - Processing /home/airflow/.local/lib/python3.8/site-packages/airflow/example_dags/example_nested_branch_dag.py took 0.095 seconds
[2024-08-28T03:19:15.460+0000] {processor.py:157} INFO - Started process (PID=492) to work on /home/airflow/.local/lib/python3.8/site-packages/airflow/example_dags/example_nested_branch_dag.py
[2024-08-28T03:19:15.461+0000] {processor.py:829} INFO - Processing file /home/airflow/.local/lib/python3.8/site-packages/airflow/example_dags/example_nested_branch_dag.py for tasks to queue
[2024-08-28T03:19:15.462+0000] {logging_mixin.py:154} INFO - [2024-08-28T03:19:15.462+0000] {dagbag.py:536} INFO - Filling up the DagBag from /home/airflow/.local/lib/python3.8/site-packages/airflow/example_dags/example_nested_branch_dag.py
[2024-08-28T03:19:15.471+0000] {processor.py:839} INFO - DAG(s) dict_keys(['example_nested_branch_dag']) retrieved from /home/airflow/.local/lib/python3.8/site-packages/airflow/example_dags/example_nested_branch_dag.py
[2024-08-28T03:19:15.489+0000] {logging_mixin.py:154} INFO - [2024-08-28T03:19:15.489+0000] {dag.py:2941} INFO - Sync 1 DAGs
[2024-08-28T03:19:15.512+0000] {logging_mixin.py:154} INFO - [2024-08-28T03:19:15.512+0000] {dag.py:3722} INFO - Setting next_dagrun for example_nested_branch_dag to 2024-08-27T00:00:00+00:00, run_after=2024-08-28T00:00:00+00:00
[2024-08-28T03:19:15.532+0000] {processor.py:179} INFO - Processing /home/airflow/.local/lib/python3.8/site-packages/airflow/example_dags/example_nested_branch_dag.py took 0.074 seconds
[2024-08-28T03:19:45.870+0000] {processor.py:157} INFO - Started process (PID=566) to work on /home/airflow/.local/lib/python3.8/site-packages/airflow/example_dags/example_nested_branch_dag.py
[2024-08-28T03:19:45.871+0000] {processor.py:829} INFO - Processing file /home/airflow/.local/lib/python3.8/site-packages/airflow/example_dags/example_nested_branch_dag.py for tasks to queue
[2024-08-28T03:19:45.874+0000] {logging_mixin.py:154} INFO - [2024-08-28T03:19:45.873+0000] {dagbag.py:536} INFO - Filling up the DagBag from /home/airflow/.local/lib/python3.8/site-packages/airflow/example_dags/example_nested_branch_dag.py
[2024-08-28T03:19:45.886+0000] {processor.py:839} INFO - DAG(s) dict_keys(['example_nested_branch_dag']) retrieved from /home/airflow/.local/lib/python3.8/site-packages/airflow/example_dags/example_nested_branch_dag.py
[2024-08-28T03:19:45.914+0000] {logging_mixin.py:154} INFO - [2024-08-28T03:19:45.914+0000] {dag.py:2941} INFO - Sync 1 DAGs
[2024-08-28T03:19:45.950+0000] {logging_mixin.py:154} INFO - [2024-08-28T03:19:45.949+0000] {dag.py:3722} INFO - Setting next_dagrun for example_nested_branch_dag to 2024-08-27T00:00:00+00:00, run_after=2024-08-28T00:00:00+00:00
[2024-08-28T03:19:45.975+0000] {processor.py:179} INFO - Processing /home/airflow/.local/lib/python3.8/site-packages/airflow/example_dags/example_nested_branch_dag.py took 0.109 seconds
