[2024-08-28T03:16:14.800+0000] {processor.py:157} INFO - Started process (PID=106) to work on /home/airflow/.local/lib/python3.8/site-packages/airflow/example_dags/example_bash_operator.py
[2024-08-28T03:16:14.801+0000] {processor.py:829} INFO - Processing file /home/airflow/.local/lib/python3.8/site-packages/airflow/example_dags/example_bash_operator.py for tasks to queue
[2024-08-28T03:16:14.804+0000] {logging_mixin.py:154} INFO - [2024-08-28T03:16:14.803+0000] {dagbag.py:536} INFO - Filling up the DagBag from /home/airflow/.local/lib/python3.8/site-packages/airflow/example_dags/example_bash_operator.py
[2024-08-28T03:16:14.819+0000] {processor.py:839} INFO - DAG(s) dict_keys(['example_bash_operator']) retrieved from /home/airflow/.local/lib/python3.8/site-packages/airflow/example_dags/example_bash_operator.py
[2024-08-28T03:16:14.867+0000] {logging_mixin.py:154} INFO - [2024-08-28T03:16:14.867+0000] {dag.py:2941} INFO - Sync 1 DAGs
[2024-08-28T03:16:14.901+0000] {logging_mixin.py:154} INFO - [2024-08-28T03:16:14.901+0000] {dag.py:3722} INFO - Setting next_dagrun for example_bash_operator to 2024-08-27T00:00:00+00:00, run_after=2024-08-28T00:00:00+00:00
[2024-08-28T03:16:14.931+0000] {processor.py:179} INFO - Processing /home/airflow/.local/lib/python3.8/site-packages/airflow/example_dags/example_bash_operator.py took 0.135 seconds
[2024-08-28T03:16:45.761+0000] {processor.py:157} INFO - Started process (PID=172) to work on /home/airflow/.local/lib/python3.8/site-packages/airflow/example_dags/example_bash_operator.py
[2024-08-28T03:16:45.762+0000] {processor.py:829} INFO - Processing file /home/airflow/.local/lib/python3.8/site-packages/airflow/example_dags/example_bash_operator.py for tasks to queue
[2024-08-28T03:16:45.764+0000] {logging_mixin.py:154} INFO - [2024-08-28T03:16:45.764+0000] {dagbag.py:536} INFO - Filling up the DagBag from /home/airflow/.local/lib/python3.8/site-packages/airflow/example_dags/example_bash_operator.py
[2024-08-28T03:16:45.773+0000] {processor.py:839} INFO - DAG(s) dict_keys(['example_bash_operator']) retrieved from /home/airflow/.local/lib/python3.8/site-packages/airflow/example_dags/example_bash_operator.py
[2024-08-28T03:16:45.798+0000] {logging_mixin.py:154} INFO - [2024-08-28T03:16:45.798+0000] {dag.py:2941} INFO - Sync 1 DAGs
[2024-08-28T03:16:45.819+0000] {logging_mixin.py:154} INFO - [2024-08-28T03:16:45.819+0000] {dag.py:3722} INFO - Setting next_dagrun for example_bash_operator to 2024-08-27T00:00:00+00:00, run_after=2024-08-28T00:00:00+00:00
[2024-08-28T03:16:45.835+0000] {processor.py:179} INFO - Processing /home/airflow/.local/lib/python3.8/site-packages/airflow/example_dags/example_bash_operator.py took 0.076 seconds
[2024-08-28T03:17:16.655+0000] {processor.py:157} INFO - Started process (PID=246) to work on /home/airflow/.local/lib/python3.8/site-packages/airflow/example_dags/example_bash_operator.py
[2024-08-28T03:17:16.657+0000] {processor.py:829} INFO - Processing file /home/airflow/.local/lib/python3.8/site-packages/airflow/example_dags/example_bash_operator.py for tasks to queue
[2024-08-28T03:17:16.659+0000] {logging_mixin.py:154} INFO - [2024-08-28T03:17:16.659+0000] {dagbag.py:536} INFO - Filling up the DagBag from /home/airflow/.local/lib/python3.8/site-packages/airflow/example_dags/example_bash_operator.py
[2024-08-28T03:17:16.671+0000] {processor.py:839} INFO - DAG(s) dict_keys(['example_bash_operator']) retrieved from /home/airflow/.local/lib/python3.8/site-packages/airflow/example_dags/example_bash_operator.py
[2024-08-28T03:17:16.704+0000] {logging_mixin.py:154} INFO - [2024-08-28T03:17:16.704+0000] {dag.py:2941} INFO - Sync 1 DAGs
[2024-08-28T03:17:16.727+0000] {logging_mixin.py:154} INFO - [2024-08-28T03:17:16.727+0000] {dag.py:3722} INFO - Setting next_dagrun for example_bash_operator to 2024-08-27T00:00:00+00:00, run_after=2024-08-28T00:00:00+00:00
[2024-08-28T03:17:16.746+0000] {processor.py:179} INFO - Processing /home/airflow/.local/lib/python3.8/site-packages/airflow/example_dags/example_bash_operator.py took 0.093 seconds
[2024-08-28T03:17:46.978+0000] {processor.py:157} INFO - Started process (PID=312) to work on /home/airflow/.local/lib/python3.8/site-packages/airflow/example_dags/example_bash_operator.py
[2024-08-28T03:17:46.978+0000] {processor.py:829} INFO - Processing file /home/airflow/.local/lib/python3.8/site-packages/airflow/example_dags/example_bash_operator.py for tasks to queue
[2024-08-28T03:17:46.980+0000] {logging_mixin.py:154} INFO - [2024-08-28T03:17:46.980+0000] {dagbag.py:536} INFO - Filling up the DagBag from /home/airflow/.local/lib/python3.8/site-packages/airflow/example_dags/example_bash_operator.py
[2024-08-28T03:17:46.991+0000] {processor.py:839} INFO - DAG(s) dict_keys(['example_bash_operator']) retrieved from /home/airflow/.local/lib/python3.8/site-packages/airflow/example_dags/example_bash_operator.py
[2024-08-28T03:17:47.017+0000] {logging_mixin.py:154} INFO - [2024-08-28T03:17:47.017+0000] {dag.py:2941} INFO - Sync 1 DAGs
[2024-08-28T03:17:47.040+0000] {logging_mixin.py:154} INFO - [2024-08-28T03:17:47.039+0000] {dag.py:3722} INFO - Setting next_dagrun for example_bash_operator to 2024-08-27T00:00:00+00:00, run_after=2024-08-28T00:00:00+00:00
[2024-08-28T03:17:47.059+0000] {processor.py:179} INFO - Processing /home/airflow/.local/lib/python3.8/site-packages/airflow/example_dags/example_bash_operator.py took 0.085 seconds
[2024-08-28T03:18:17.498+0000] {processor.py:157} INFO - Started process (PID=378) to work on /home/airflow/.local/lib/python3.8/site-packages/airflow/example_dags/example_bash_operator.py
[2024-08-28T03:18:17.499+0000] {processor.py:829} INFO - Processing file /home/airflow/.local/lib/python3.8/site-packages/airflow/example_dags/example_bash_operator.py for tasks to queue
[2024-08-28T03:18:17.501+0000] {logging_mixin.py:154} INFO - [2024-08-28T03:18:17.501+0000] {dagbag.py:536} INFO - Filling up the DagBag from /home/airflow/.local/lib/python3.8/site-packages/airflow/example_dags/example_bash_operator.py
[2024-08-28T03:18:17.513+0000] {processor.py:839} INFO - DAG(s) dict_keys(['example_bash_operator']) retrieved from /home/airflow/.local/lib/python3.8/site-packages/airflow/example_dags/example_bash_operator.py
[2024-08-28T03:18:17.547+0000] {logging_mixin.py:154} INFO - [2024-08-28T03:18:17.547+0000] {dag.py:2941} INFO - Sync 1 DAGs
[2024-08-28T03:18:17.580+0000] {logging_mixin.py:154} INFO - [2024-08-28T03:18:17.579+0000] {dag.py:3722} INFO - Setting next_dagrun for example_bash_operator to 2024-08-27T00:00:00+00:00, run_after=2024-08-28T00:00:00+00:00
[2024-08-28T03:18:17.604+0000] {processor.py:179} INFO - Processing /home/airflow/.local/lib/python3.8/site-packages/airflow/example_dags/example_bash_operator.py took 0.109 seconds
[2024-08-28T03:18:48.266+0000] {processor.py:157} INFO - Started process (PID=452) to work on /home/airflow/.local/lib/python3.8/site-packages/airflow/example_dags/example_bash_operator.py
[2024-08-28T03:18:48.267+0000] {processor.py:829} INFO - Processing file /home/airflow/.local/lib/python3.8/site-packages/airflow/example_dags/example_bash_operator.py for tasks to queue
[2024-08-28T03:18:48.269+0000] {logging_mixin.py:154} INFO - [2024-08-28T03:18:48.268+0000] {dagbag.py:536} INFO - Filling up the DagBag from /home/airflow/.local/lib/python3.8/site-packages/airflow/example_dags/example_bash_operator.py
[2024-08-28T03:18:48.277+0000] {processor.py:839} INFO - DAG(s) dict_keys(['example_bash_operator']) retrieved from /home/airflow/.local/lib/python3.8/site-packages/airflow/example_dags/example_bash_operator.py
[2024-08-28T03:18:48.304+0000] {logging_mixin.py:154} INFO - [2024-08-28T03:18:48.304+0000] {dag.py:2941} INFO - Sync 1 DAGs
[2024-08-28T03:18:48.323+0000] {logging_mixin.py:154} INFO - [2024-08-28T03:18:48.323+0000] {dag.py:3722} INFO - Setting next_dagrun for example_bash_operator to 2024-08-27T00:00:00+00:00, run_after=2024-08-28T00:00:00+00:00
[2024-08-28T03:18:48.340+0000] {processor.py:179} INFO - Processing /home/airflow/.local/lib/python3.8/site-packages/airflow/example_dags/example_bash_operator.py took 0.076 seconds
[2024-08-28T03:19:18.770+0000] {processor.py:157} INFO - Started process (PID=518) to work on /home/airflow/.local/lib/python3.8/site-packages/airflow/example_dags/example_bash_operator.py
[2024-08-28T03:19:18.770+0000] {processor.py:829} INFO - Processing file /home/airflow/.local/lib/python3.8/site-packages/airflow/example_dags/example_bash_operator.py for tasks to queue
[2024-08-28T03:19:18.772+0000] {logging_mixin.py:154} INFO - [2024-08-28T03:19:18.772+0000] {dagbag.py:536} INFO - Filling up the DagBag from /home/airflow/.local/lib/python3.8/site-packages/airflow/example_dags/example_bash_operator.py
[2024-08-28T03:19:18.782+0000] {processor.py:839} INFO - DAG(s) dict_keys(['example_bash_operator']) retrieved from /home/airflow/.local/lib/python3.8/site-packages/airflow/example_dags/example_bash_operator.py
[2024-08-28T03:19:18.808+0000] {logging_mixin.py:154} INFO - [2024-08-28T03:19:18.808+0000] {dag.py:2941} INFO - Sync 1 DAGs
[2024-08-28T03:19:18.829+0000] {logging_mixin.py:154} INFO - [2024-08-28T03:19:18.829+0000] {dag.py:3722} INFO - Setting next_dagrun for example_bash_operator to 2024-08-27T00:00:00+00:00, run_after=2024-08-28T00:00:00+00:00
[2024-08-28T03:19:18.845+0000] {processor.py:179} INFO - Processing /home/airflow/.local/lib/python3.8/site-packages/airflow/example_dags/example_bash_operator.py took 0.078 seconds
