[2024-08-28T03:16:13.584+0000] {processor.py:157} INFO - Started process (PID=97) to work on /home/airflow/.local/lib/python3.8/site-packages/airflow/example_dags/example_branch_python_dop_operator_3.py
[2024-08-28T03:16:13.588+0000] {processor.py:829} INFO - Processing file /home/airflow/.local/lib/python3.8/site-packages/airflow/example_dags/example_branch_python_dop_operator_3.py for tasks to queue
[2024-08-28T03:16:13.592+0000] {logging_mixin.py:154} INFO - [2024-08-28T03:16:13.591+0000] {dagbag.py:536} INFO - Filling up the DagBag from /home/airflow/.local/lib/python3.8/site-packages/airflow/example_dags/example_branch_python_dop_operator_3.py
[2024-08-28T03:16:13.610+0000] {processor.py:839} INFO - DAG(s) dict_keys(['example_branch_dop_operator_v3']) retrieved from /home/airflow/.local/lib/python3.8/site-packages/airflow/example_dags/example_branch_python_dop_operator_3.py
[2024-08-28T03:16:13.660+0000] {logging_mixin.py:154} INFO - [2024-08-28T03:16:13.660+0000] {dag.py:2941} INFO - Sync 1 DAGs
[2024-08-28T03:16:13.710+0000] {logging_mixin.py:154} INFO - [2024-08-28T03:16:13.710+0000] {dag.py:3722} INFO - Setting next_dagrun for example_branch_dop_operator_v3 to 2024-08-28T03:15:00+00:00, run_after=2024-08-28T03:16:00+00:00
[2024-08-28T03:16:13.741+0000] {processor.py:179} INFO - Processing /home/airflow/.local/lib/python3.8/site-packages/airflow/example_dags/example_branch_python_dop_operator_3.py took 0.162 seconds
[2024-08-28T03:16:44.279+0000] {processor.py:157} INFO - Started process (PID=163) to work on /home/airflow/.local/lib/python3.8/site-packages/airflow/example_dags/example_branch_python_dop_operator_3.py
[2024-08-28T03:16:44.280+0000] {processor.py:829} INFO - Processing file /home/airflow/.local/lib/python3.8/site-packages/airflow/example_dags/example_branch_python_dop_operator_3.py for tasks to queue
[2024-08-28T03:16:44.282+0000] {logging_mixin.py:154} INFO - [2024-08-28T03:16:44.281+0000] {dagbag.py:536} INFO - Filling up the DagBag from /home/airflow/.local/lib/python3.8/site-packages/airflow/example_dags/example_branch_python_dop_operator_3.py
[2024-08-28T03:16:44.288+0000] {processor.py:839} INFO - DAG(s) dict_keys(['example_branch_dop_operator_v3']) retrieved from /home/airflow/.local/lib/python3.8/site-packages/airflow/example_dags/example_branch_python_dop_operator_3.py
[2024-08-28T03:16:44.305+0000] {logging_mixin.py:154} INFO - [2024-08-28T03:16:44.304+0000] {dag.py:2941} INFO - Sync 1 DAGs
[2024-08-28T03:16:44.328+0000] {logging_mixin.py:154} INFO - [2024-08-28T03:16:44.328+0000] {dag.py:3722} INFO - Setting next_dagrun for example_branch_dop_operator_v3 to 2024-08-28T03:15:00+00:00, run_after=2024-08-28T03:16:00+00:00
[2024-08-28T03:16:44.344+0000] {processor.py:179} INFO - Processing /home/airflow/.local/lib/python3.8/site-packages/airflow/example_dags/example_branch_python_dop_operator_3.py took 0.067 seconds
[2024-08-28T03:17:15.026+0000] {processor.py:157} INFO - Started process (PID=236) to work on /home/airflow/.local/lib/python3.8/site-packages/airflow/example_dags/example_branch_python_dop_operator_3.py
[2024-08-28T03:17:15.026+0000] {processor.py:829} INFO - Processing file /home/airflow/.local/lib/python3.8/site-packages/airflow/example_dags/example_branch_python_dop_operator_3.py for tasks to queue
[2024-08-28T03:17:15.028+0000] {logging_mixin.py:154} INFO - [2024-08-28T03:17:15.028+0000] {dagbag.py:536} INFO - Filling up the DagBag from /home/airflow/.local/lib/python3.8/site-packages/airflow/example_dags/example_branch_python_dop_operator_3.py
[2024-08-28T03:17:15.037+0000] {processor.py:839} INFO - DAG(s) dict_keys(['example_branch_dop_operator_v3']) retrieved from /home/airflow/.local/lib/python3.8/site-packages/airflow/example_dags/example_branch_python_dop_operator_3.py
[2024-08-28T03:17:15.060+0000] {logging_mixin.py:154} INFO - [2024-08-28T03:17:15.060+0000] {dag.py:2941} INFO - Sync 1 DAGs
[2024-08-28T03:17:15.097+0000] {logging_mixin.py:154} INFO - [2024-08-28T03:17:15.097+0000] {dag.py:3722} INFO - Setting next_dagrun for example_branch_dop_operator_v3 to 2024-08-28T03:16:00+00:00, run_after=2024-08-28T03:17:00+00:00
[2024-08-28T03:17:15.121+0000] {processor.py:179} INFO - Processing /home/airflow/.local/lib/python3.8/site-packages/airflow/example_dags/example_branch_python_dop_operator_3.py took 0.099 seconds
[2024-08-28T03:17:45.407+0000] {processor.py:157} INFO - Started process (PID=303) to work on /home/airflow/.local/lib/python3.8/site-packages/airflow/example_dags/example_branch_python_dop_operator_3.py
[2024-08-28T03:17:45.409+0000] {processor.py:829} INFO - Processing file /home/airflow/.local/lib/python3.8/site-packages/airflow/example_dags/example_branch_python_dop_operator_3.py for tasks to queue
[2024-08-28T03:17:45.411+0000] {logging_mixin.py:154} INFO - [2024-08-28T03:17:45.411+0000] {dagbag.py:536} INFO - Filling up the DagBag from /home/airflow/.local/lib/python3.8/site-packages/airflow/example_dags/example_branch_python_dop_operator_3.py
[2024-08-28T03:17:45.423+0000] {processor.py:839} INFO - DAG(s) dict_keys(['example_branch_dop_operator_v3']) retrieved from /home/airflow/.local/lib/python3.8/site-packages/airflow/example_dags/example_branch_python_dop_operator_3.py
[2024-08-28T03:17:45.447+0000] {logging_mixin.py:154} INFO - [2024-08-28T03:17:45.447+0000] {dag.py:2941} INFO - Sync 1 DAGs
[2024-08-28T03:17:45.491+0000] {logging_mixin.py:154} INFO - [2024-08-28T03:17:45.491+0000] {dag.py:3722} INFO - Setting next_dagrun for example_branch_dop_operator_v3 to 2024-08-28T03:16:00+00:00, run_after=2024-08-28T03:17:00+00:00
[2024-08-28T03:17:45.517+0000] {processor.py:179} INFO - Processing /home/airflow/.local/lib/python3.8/site-packages/airflow/example_dags/example_branch_python_dop_operator_3.py took 0.117 seconds
[2024-08-28T03:18:16.008+0000] {processor.py:157} INFO - Started process (PID=369) to work on /home/airflow/.local/lib/python3.8/site-packages/airflow/example_dags/example_branch_python_dop_operator_3.py
[2024-08-28T03:18:16.009+0000] {processor.py:829} INFO - Processing file /home/airflow/.local/lib/python3.8/site-packages/airflow/example_dags/example_branch_python_dop_operator_3.py for tasks to queue
[2024-08-28T03:18:16.011+0000] {logging_mixin.py:154} INFO - [2024-08-28T03:18:16.011+0000] {dagbag.py:536} INFO - Filling up the DagBag from /home/airflow/.local/lib/python3.8/site-packages/airflow/example_dags/example_branch_python_dop_operator_3.py
[2024-08-28T03:18:16.018+0000] {processor.py:839} INFO - DAG(s) dict_keys(['example_branch_dop_operator_v3']) retrieved from /home/airflow/.local/lib/python3.8/site-packages/airflow/example_dags/example_branch_python_dop_operator_3.py
[2024-08-28T03:18:16.036+0000] {logging_mixin.py:154} INFO - [2024-08-28T03:18:16.036+0000] {dag.py:2941} INFO - Sync 1 DAGs
[2024-08-28T03:18:16.064+0000] {logging_mixin.py:154} INFO - [2024-08-28T03:18:16.064+0000] {dag.py:3722} INFO - Setting next_dagrun for example_branch_dop_operator_v3 to 2024-08-28T03:17:00+00:00, run_after=2024-08-28T03:18:00+00:00
[2024-08-28T03:18:16.083+0000] {processor.py:179} INFO - Processing /home/airflow/.local/lib/python3.8/site-packages/airflow/example_dags/example_branch_python_dop_operator_3.py took 0.078 seconds
[2024-08-28T03:18:46.744+0000] {processor.py:157} INFO - Started process (PID=443) to work on /home/airflow/.local/lib/python3.8/site-packages/airflow/example_dags/example_branch_python_dop_operator_3.py
[2024-08-28T03:18:46.744+0000] {processor.py:829} INFO - Processing file /home/airflow/.local/lib/python3.8/site-packages/airflow/example_dags/example_branch_python_dop_operator_3.py for tasks to queue
[2024-08-28T03:18:46.746+0000] {logging_mixin.py:154} INFO - [2024-08-28T03:18:46.746+0000] {dagbag.py:536} INFO - Filling up the DagBag from /home/airflow/.local/lib/python3.8/site-packages/airflow/example_dags/example_branch_python_dop_operator_3.py
[2024-08-28T03:18:46.753+0000] {processor.py:839} INFO - DAG(s) dict_keys(['example_branch_dop_operator_v3']) retrieved from /home/airflow/.local/lib/python3.8/site-packages/airflow/example_dags/example_branch_python_dop_operator_3.py
[2024-08-28T03:18:46.771+0000] {logging_mixin.py:154} INFO - [2024-08-28T03:18:46.771+0000] {dag.py:2941} INFO - Sync 1 DAGs
[2024-08-28T03:18:46.802+0000] {logging_mixin.py:154} INFO - [2024-08-28T03:18:46.801+0000] {dag.py:3722} INFO - Setting next_dagrun for example_branch_dop_operator_v3 to 2024-08-28T03:17:00+00:00, run_after=2024-08-28T03:18:00+00:00
[2024-08-28T03:18:46.827+0000] {processor.py:179} INFO - Processing /home/airflow/.local/lib/python3.8/site-packages/airflow/example_dags/example_branch_python_dop_operator_3.py took 0.086 seconds
[2024-08-28T03:19:17.280+0000] {processor.py:157} INFO - Started process (PID=509) to work on /home/airflow/.local/lib/python3.8/site-packages/airflow/example_dags/example_branch_python_dop_operator_3.py
[2024-08-28T03:19:17.281+0000] {processor.py:829} INFO - Processing file /home/airflow/.local/lib/python3.8/site-packages/airflow/example_dags/example_branch_python_dop_operator_3.py for tasks to queue
[2024-08-28T03:19:17.283+0000] {logging_mixin.py:154} INFO - [2024-08-28T03:19:17.283+0000] {dagbag.py:536} INFO - Filling up the DagBag from /home/airflow/.local/lib/python3.8/site-packages/airflow/example_dags/example_branch_python_dop_operator_3.py
[2024-08-28T03:19:17.291+0000] {processor.py:839} INFO - DAG(s) dict_keys(['example_branch_dop_operator_v3']) retrieved from /home/airflow/.local/lib/python3.8/site-packages/airflow/example_dags/example_branch_python_dop_operator_3.py
[2024-08-28T03:19:17.310+0000] {logging_mixin.py:154} INFO - [2024-08-28T03:19:17.310+0000] {dag.py:2941} INFO - Sync 1 DAGs
[2024-08-28T03:19:17.341+0000] {logging_mixin.py:154} INFO - [2024-08-28T03:19:17.340+0000] {dag.py:3722} INFO - Setting next_dagrun for example_branch_dop_operator_v3 to 2024-08-28T03:18:00+00:00, run_after=2024-08-28T03:19:00+00:00
[2024-08-28T03:19:17.360+0000] {processor.py:179} INFO - Processing /home/airflow/.local/lib/python3.8/site-packages/airflow/example_dags/example_branch_python_dop_operator_3.py took 0.084 seconds
