[2024-08-28T03:16:10.443+0000] {processor.py:157} INFO - Started process (PID=64) to work on /home/airflow/.local/lib/python3.8/site-packages/airflow/example_dags/tutorial_dag.py
[2024-08-28T03:16:10.444+0000] {processor.py:829} INFO - Processing file /home/airflow/.local/lib/python3.8/site-packages/airflow/example_dags/tutorial_dag.py for tasks to queue
[2024-08-28T03:16:10.447+0000] {logging_mixin.py:154} INFO - [2024-08-28T03:16:10.447+0000] {dagbag.py:536} INFO - Filling up the DagBag from /home/airflow/.local/lib/python3.8/site-packages/airflow/example_dags/tutorial_dag.py
[2024-08-28T03:16:10.470+0000] {processor.py:839} INFO - DAG(s) dict_keys(['tutorial_dag']) retrieved from /home/airflow/.local/lib/python3.8/site-packages/airflow/example_dags/tutorial_dag.py
[2024-08-28T03:16:10.494+0000] {logging_mixin.py:154} INFO - [2024-08-28T03:16:10.494+0000] {dag.py:2941} INFO - Sync 1 DAGs
[2024-08-28T03:16:10.506+0000] {logging_mixin.py:154} INFO - [2024-08-28T03:16:10.506+0000] {dag.py:3722} INFO - Setting next_dagrun for tutorial_dag to None, run_after=None
[2024-08-28T03:16:10.527+0000] {processor.py:179} INFO - Processing /home/airflow/.local/lib/python3.8/site-packages/airflow/example_dags/tutorial_dag.py took 0.087 seconds
[2024-08-28T03:16:40.772+0000] {processor.py:157} INFO - Started process (PID=137) to work on /home/airflow/.local/lib/python3.8/site-packages/airflow/example_dags/tutorial_dag.py
[2024-08-28T03:16:40.773+0000] {processor.py:829} INFO - Processing file /home/airflow/.local/lib/python3.8/site-packages/airflow/example_dags/tutorial_dag.py for tasks to queue
[2024-08-28T03:16:40.774+0000] {logging_mixin.py:154} INFO - [2024-08-28T03:16:40.774+0000] {dagbag.py:536} INFO - Filling up the DagBag from /home/airflow/.local/lib/python3.8/site-packages/airflow/example_dags/tutorial_dag.py
[2024-08-28T03:16:40.779+0000] {processor.py:839} INFO - DAG(s) dict_keys(['tutorial_dag']) retrieved from /home/airflow/.local/lib/python3.8/site-packages/airflow/example_dags/tutorial_dag.py
[2024-08-28T03:16:40.796+0000] {logging_mixin.py:154} INFO - [2024-08-28T03:16:40.795+0000] {dag.py:2941} INFO - Sync 1 DAGs
[2024-08-28T03:16:40.807+0000] {logging_mixin.py:154} INFO - [2024-08-28T03:16:40.807+0000] {dag.py:3722} INFO - Setting next_dagrun for tutorial_dag to None, run_after=None
[2024-08-28T03:16:40.823+0000] {processor.py:179} INFO - Processing /home/airflow/.local/lib/python3.8/site-packages/airflow/example_dags/tutorial_dag.py took 0.054 seconds
[2024-08-28T03:17:11.423+0000] {processor.py:157} INFO - Started process (PID=202) to work on /home/airflow/.local/lib/python3.8/site-packages/airflow/example_dags/tutorial_dag.py
[2024-08-28T03:17:11.424+0000] {processor.py:829} INFO - Processing file /home/airflow/.local/lib/python3.8/site-packages/airflow/example_dags/tutorial_dag.py for tasks to queue
[2024-08-28T03:17:11.426+0000] {logging_mixin.py:154} INFO - [2024-08-28T03:17:11.426+0000] {dagbag.py:536} INFO - Filling up the DagBag from /home/airflow/.local/lib/python3.8/site-packages/airflow/example_dags/tutorial_dag.py
[2024-08-28T03:17:11.431+0000] {processor.py:839} INFO - DAG(s) dict_keys(['tutorial_dag']) retrieved from /home/airflow/.local/lib/python3.8/site-packages/airflow/example_dags/tutorial_dag.py
[2024-08-28T03:17:11.455+0000] {logging_mixin.py:154} INFO - [2024-08-28T03:17:11.455+0000] {dag.py:2941} INFO - Sync 1 DAGs
[2024-08-28T03:17:11.466+0000] {logging_mixin.py:154} INFO - [2024-08-28T03:17:11.466+0000] {dag.py:3722} INFO - Setting next_dagrun for tutorial_dag to None, run_after=None
[2024-08-28T03:17:11.484+0000] {processor.py:179} INFO - Processing /home/airflow/.local/lib/python3.8/site-packages/airflow/example_dags/tutorial_dag.py took 0.065 seconds
[2024-08-28T03:17:41.902+0000] {processor.py:157} INFO - Started process (PID=276) to work on /home/airflow/.local/lib/python3.8/site-packages/airflow/example_dags/tutorial_dag.py
[2024-08-28T03:17:41.903+0000] {processor.py:829} INFO - Processing file /home/airflow/.local/lib/python3.8/site-packages/airflow/example_dags/tutorial_dag.py for tasks to queue
[2024-08-28T03:17:41.905+0000] {logging_mixin.py:154} INFO - [2024-08-28T03:17:41.905+0000] {dagbag.py:536} INFO - Filling up the DagBag from /home/airflow/.local/lib/python3.8/site-packages/airflow/example_dags/tutorial_dag.py
[2024-08-28T03:17:41.911+0000] {processor.py:839} INFO - DAG(s) dict_keys(['tutorial_dag']) retrieved from /home/airflow/.local/lib/python3.8/site-packages/airflow/example_dags/tutorial_dag.py
[2024-08-28T03:17:41.933+0000] {logging_mixin.py:154} INFO - [2024-08-28T03:17:41.933+0000] {dag.py:2941} INFO - Sync 1 DAGs
[2024-08-28T03:17:41.947+0000] {logging_mixin.py:154} INFO - [2024-08-28T03:17:41.947+0000] {dag.py:3722} INFO - Setting next_dagrun for tutorial_dag to None, run_after=None
[2024-08-28T03:17:41.968+0000] {processor.py:179} INFO - Processing /home/airflow/.local/lib/python3.8/site-packages/airflow/example_dags/tutorial_dag.py took 0.069 seconds
[2024-08-28T03:18:12.607+0000] {processor.py:157} INFO - Started process (PID=342) to work on /home/airflow/.local/lib/python3.8/site-packages/airflow/example_dags/tutorial_dag.py
[2024-08-28T03:18:12.608+0000] {processor.py:829} INFO - Processing file /home/airflow/.local/lib/python3.8/site-packages/airflow/example_dags/tutorial_dag.py for tasks to queue
[2024-08-28T03:18:12.610+0000] {logging_mixin.py:154} INFO - [2024-08-28T03:18:12.610+0000] {dagbag.py:536} INFO - Filling up the DagBag from /home/airflow/.local/lib/python3.8/site-packages/airflow/example_dags/tutorial_dag.py
[2024-08-28T03:18:12.615+0000] {processor.py:839} INFO - DAG(s) dict_keys(['tutorial_dag']) retrieved from /home/airflow/.local/lib/python3.8/site-packages/airflow/example_dags/tutorial_dag.py
[2024-08-28T03:18:12.635+0000] {logging_mixin.py:154} INFO - [2024-08-28T03:18:12.635+0000] {dag.py:2941} INFO - Sync 1 DAGs
[2024-08-28T03:18:12.647+0000] {logging_mixin.py:154} INFO - [2024-08-28T03:18:12.647+0000] {dag.py:3722} INFO - Setting next_dagrun for tutorial_dag to None, run_after=None
[2024-08-28T03:18:12.668+0000] {processor.py:179} INFO - Processing /home/airflow/.local/lib/python3.8/site-packages/airflow/example_dags/tutorial_dag.py took 0.065 seconds
[2024-08-28T03:18:43.259+0000] {processor.py:157} INFO - Started process (PID=415) to work on /home/airflow/.local/lib/python3.8/site-packages/airflow/example_dags/tutorial_dag.py
[2024-08-28T03:18:43.259+0000] {processor.py:829} INFO - Processing file /home/airflow/.local/lib/python3.8/site-packages/airflow/example_dags/tutorial_dag.py for tasks to queue
[2024-08-28T03:18:43.261+0000] {logging_mixin.py:154} INFO - [2024-08-28T03:18:43.261+0000] {dagbag.py:536} INFO - Filling up the DagBag from /home/airflow/.local/lib/python3.8/site-packages/airflow/example_dags/tutorial_dag.py
[2024-08-28T03:18:43.266+0000] {processor.py:839} INFO - DAG(s) dict_keys(['tutorial_dag']) retrieved from /home/airflow/.local/lib/python3.8/site-packages/airflow/example_dags/tutorial_dag.py
[2024-08-28T03:18:43.288+0000] {logging_mixin.py:154} INFO - [2024-08-28T03:18:43.287+0000] {dag.py:2941} INFO - Sync 1 DAGs
[2024-08-28T03:18:43.301+0000] {logging_mixin.py:154} INFO - [2024-08-28T03:18:43.300+0000] {dag.py:3722} INFO - Setting next_dagrun for tutorial_dag to None, run_after=None
[2024-08-28T03:18:43.320+0000] {processor.py:179} INFO - Processing /home/airflow/.local/lib/python3.8/site-packages/airflow/example_dags/tutorial_dag.py took 0.064 seconds
[2024-08-28T03:19:13.922+0000] {processor.py:157} INFO - Started process (PID=482) to work on /home/airflow/.local/lib/python3.8/site-packages/airflow/example_dags/tutorial_dag.py
[2024-08-28T03:19:13.923+0000] {processor.py:829} INFO - Processing file /home/airflow/.local/lib/python3.8/site-packages/airflow/example_dags/tutorial_dag.py for tasks to queue
[2024-08-28T03:19:13.924+0000] {logging_mixin.py:154} INFO - [2024-08-28T03:19:13.924+0000] {dagbag.py:536} INFO - Filling up the DagBag from /home/airflow/.local/lib/python3.8/site-packages/airflow/example_dags/tutorial_dag.py
[2024-08-28T03:19:13.930+0000] {processor.py:839} INFO - DAG(s) dict_keys(['tutorial_dag']) retrieved from /home/airflow/.local/lib/python3.8/site-packages/airflow/example_dags/tutorial_dag.py
[2024-08-28T03:19:13.949+0000] {logging_mixin.py:154} INFO - [2024-08-28T03:19:13.949+0000] {dag.py:2941} INFO - Sync 1 DAGs
[2024-08-28T03:19:13.961+0000] {logging_mixin.py:154} INFO - [2024-08-28T03:19:13.961+0000] {dag.py:3722} INFO - Setting next_dagrun for tutorial_dag to None, run_after=None
[2024-08-28T03:19:13.977+0000] {processor.py:179} INFO - Processing /home/airflow/.local/lib/python3.8/site-packages/airflow/example_dags/tutorial_dag.py took 0.058 seconds
[2024-08-28T03:19:44.426+0000] {processor.py:157} INFO - Started process (PID=548) to work on /home/airflow/.local/lib/python3.8/site-packages/airflow/example_dags/tutorial_dag.py
[2024-08-28T03:19:44.426+0000] {processor.py:829} INFO - Processing file /home/airflow/.local/lib/python3.8/site-packages/airflow/example_dags/tutorial_dag.py for tasks to queue
[2024-08-28T03:19:44.428+0000] {logging_mixin.py:154} INFO - [2024-08-28T03:19:44.428+0000] {dagbag.py:536} INFO - Filling up the DagBag from /home/airflow/.local/lib/python3.8/site-packages/airflow/example_dags/tutorial_dag.py
[2024-08-28T03:19:44.432+0000] {processor.py:839} INFO - DAG(s) dict_keys(['tutorial_dag']) retrieved from /home/airflow/.local/lib/python3.8/site-packages/airflow/example_dags/tutorial_dag.py
[2024-08-28T03:19:44.449+0000] {logging_mixin.py:154} INFO - [2024-08-28T03:19:44.449+0000] {dag.py:2941} INFO - Sync 1 DAGs
[2024-08-28T03:19:44.459+0000] {logging_mixin.py:154} INFO - [2024-08-28T03:19:44.459+0000] {dag.py:3722} INFO - Setting next_dagrun for tutorial_dag to None, run_after=None
[2024-08-28T03:19:44.476+0000] {processor.py:179} INFO - Processing /home/airflow/.local/lib/python3.8/site-packages/airflow/example_dags/tutorial_dag.py took 0.053 seconds
