[2024-08-26T08:44:52.217+0000] {processor.py:157} INFO - Started process (PID=47) to work on /opt/airflow/dags/call_api.py
[2024-08-26T08:44:52.218+0000] {processor.py:829} INFO - Processing file /opt/airflow/dags/call_api.py for tasks to queue
[2024-08-26T08:44:52.221+0000] {logging_mixin.py:154} INFO - [2024-08-26T08:44:52.220+0000] {dagbag.py:536} INFO - Filling up the DagBag from /opt/airflow/dags/call_api.py
[2024-08-26T08:44:52.243+0000] {processor.py:839} INFO - DAG(s) dict_keys(['fetch_weather_data']) retrieved from /opt/airflow/dags/call_api.py
[2024-08-26T08:44:52.266+0000] {logging_mixin.py:154} INFO - [2024-08-26T08:44:52.266+0000] {dag.py:2941} INFO - Sync 1 DAGs
[2024-08-26T08:44:52.292+0000] {logging_mixin.py:154} INFO - [2024-08-26T08:44:52.292+0000] {dag.py:3722} INFO - Setting next_dagrun for fetch_weather_data to 2024-08-26T00:00:00+00:00, run_after=2024-08-27T00:00:00+00:00
[2024-08-26T08:44:52.315+0000] {processor.py:179} INFO - Processing /opt/airflow/dags/call_api.py took 0.102 seconds
[2024-08-26T12:36:18.060+0000] {processor.py:157} INFO - Started process (PID=56) to work on /opt/airflow/dags/call_api.py
[2024-08-26T12:36:18.062+0000] {processor.py:829} INFO - Processing file /opt/airflow/dags/call_api.py for tasks to queue
[2024-08-26T12:36:18.064+0000] {logging_mixin.py:154} INFO - [2024-08-26T12:36:18.064+0000] {dagbag.py:536} INFO - Filling up the DagBag from /opt/airflow/dags/call_api.py
[2024-08-26T12:36:18.094+0000] {processor.py:839} INFO - DAG(s) dict_keys(['fetch_weather_data']) retrieved from /opt/airflow/dags/call_api.py
[2024-08-26T12:36:18.132+0000] {logging_mixin.py:154} INFO - [2024-08-26T12:36:18.132+0000] {dag.py:2941} INFO - Sync 1 DAGs
[2024-08-26T12:36:18.166+0000] {logging_mixin.py:154} INFO - [2024-08-26T12:36:18.166+0000] {dag.py:3722} INFO - Setting next_dagrun for fetch_weather_data to 2024-08-26T00:00:00+00:00, run_after=2024-08-27T00:00:00+00:00
[2024-08-26T12:36:18.191+0000] {processor.py:179} INFO - Processing /opt/airflow/dags/call_api.py took 0.136 seconds
[2024-08-26T12:36:48.466+0000] {processor.py:157} INFO - Started process (PID=122) to work on /opt/airflow/dags/call_api.py
[2024-08-26T12:36:48.467+0000] {processor.py:829} INFO - Processing file /opt/airflow/dags/call_api.py for tasks to queue
[2024-08-26T12:36:48.469+0000] {logging_mixin.py:154} INFO - [2024-08-26T12:36:48.469+0000] {dagbag.py:536} INFO - Filling up the DagBag from /opt/airflow/dags/call_api.py
[2024-08-26T12:36:48.488+0000] {processor.py:839} INFO - DAG(s) dict_keys(['fetch_weather_data']) retrieved from /opt/airflow/dags/call_api.py
[2024-08-26T12:36:48.506+0000] {logging_mixin.py:154} INFO - [2024-08-26T12:36:48.506+0000] {dag.py:2941} INFO - Sync 1 DAGs
[2024-08-26T12:36:48.531+0000] {logging_mixin.py:154} INFO - [2024-08-26T12:36:48.531+0000] {dag.py:3722} INFO - Setting next_dagrun for fetch_weather_data to 2024-08-26T00:00:00+00:00, run_after=2024-08-27T00:00:00+00:00
[2024-08-26T12:36:48.590+0000] {processor.py:179} INFO - Processing /opt/airflow/dags/call_api.py took 0.128 seconds
[2024-08-26T12:37:19.089+0000] {processor.py:157} INFO - Started process (PID=188) to work on /opt/airflow/dags/call_api.py
[2024-08-26T12:37:19.091+0000] {processor.py:829} INFO - Processing file /opt/airflow/dags/call_api.py for tasks to queue
[2024-08-26T12:37:19.095+0000] {logging_mixin.py:154} INFO - [2024-08-26T12:37:19.095+0000] {dagbag.py:536} INFO - Filling up the DagBag from /opt/airflow/dags/call_api.py
[2024-08-26T12:37:19.132+0000] {processor.py:839} INFO - DAG(s) dict_keys(['fetch_weather_data']) retrieved from /opt/airflow/dags/call_api.py
[2024-08-26T12:37:19.167+0000] {logging_mixin.py:154} INFO - [2024-08-26T12:37:19.166+0000] {dag.py:2941} INFO - Sync 1 DAGs
[2024-08-26T12:37:19.217+0000] {logging_mixin.py:154} INFO - [2024-08-26T12:37:19.217+0000] {dag.py:3722} INFO - Setting next_dagrun for fetch_weather_data to 2024-08-26T00:00:00+00:00, run_after=2024-08-27T00:00:00+00:00
[2024-08-26T12:37:19.292+0000] {processor.py:179} INFO - Processing /opt/airflow/dags/call_api.py took 0.210 seconds
[2024-08-26T12:37:49.902+0000] {processor.py:157} INFO - Started process (PID=254) to work on /opt/airflow/dags/call_api.py
[2024-08-26T12:37:49.904+0000] {processor.py:829} INFO - Processing file /opt/airflow/dags/call_api.py for tasks to queue
[2024-08-26T12:37:49.909+0000] {logging_mixin.py:154} INFO - [2024-08-26T12:37:49.909+0000] {dagbag.py:536} INFO - Filling up the DagBag from /opt/airflow/dags/call_api.py
[2024-08-26T12:37:49.939+0000] {processor.py:839} INFO - DAG(s) dict_keys(['fetch_weather_data']) retrieved from /opt/airflow/dags/call_api.py
[2024-08-26T12:37:49.979+0000] {logging_mixin.py:154} INFO - [2024-08-26T12:37:49.979+0000] {dag.py:2941} INFO - Sync 1 DAGs
[2024-08-26T12:37:50.020+0000] {logging_mixin.py:154} INFO - [2024-08-26T12:37:50.020+0000] {dag.py:3722} INFO - Setting next_dagrun for fetch_weather_data to 2024-08-26T00:00:00+00:00, run_after=2024-08-27T00:00:00+00:00
[2024-08-26T12:37:50.098+0000] {processor.py:179} INFO - Processing /opt/airflow/dags/call_api.py took 0.202 seconds
[2024-08-26T12:38:20.348+0000] {processor.py:157} INFO - Started process (PID=320) to work on /opt/airflow/dags/call_api.py
[2024-08-26T12:38:20.350+0000] {processor.py:829} INFO - Processing file /opt/airflow/dags/call_api.py for tasks to queue
[2024-08-26T12:38:20.356+0000] {logging_mixin.py:154} INFO - [2024-08-26T12:38:20.356+0000] {dagbag.py:536} INFO - Filling up the DagBag from /opt/airflow/dags/call_api.py
[2024-08-26T12:38:20.401+0000] {processor.py:839} INFO - DAG(s) dict_keys(['fetch_weather_data']) retrieved from /opt/airflow/dags/call_api.py
[2024-08-26T12:38:20.439+0000] {logging_mixin.py:154} INFO - [2024-08-26T12:38:20.439+0000] {dag.py:2941} INFO - Sync 1 DAGs
[2024-08-26T12:38:20.506+0000] {logging_mixin.py:154} INFO - [2024-08-26T12:38:20.505+0000] {dag.py:3722} INFO - Setting next_dagrun for fetch_weather_data to 2024-08-26T00:00:00+00:00, run_after=2024-08-27T00:00:00+00:00
[2024-08-26T12:38:20.579+0000] {processor.py:179} INFO - Processing /opt/airflow/dags/call_api.py took 0.240 seconds
[2024-08-26T12:38:51.221+0000] {processor.py:157} INFO - Started process (PID=387) to work on /opt/airflow/dags/call_api.py
[2024-08-26T12:38:51.224+0000] {processor.py:829} INFO - Processing file /opt/airflow/dags/call_api.py for tasks to queue
[2024-08-26T12:38:51.230+0000] {logging_mixin.py:154} INFO - [2024-08-26T12:38:51.230+0000] {dagbag.py:536} INFO - Filling up the DagBag from /opt/airflow/dags/call_api.py
[2024-08-26T12:38:51.264+0000] {processor.py:839} INFO - DAG(s) dict_keys(['fetch_weather_data']) retrieved from /opt/airflow/dags/call_api.py
[2024-08-26T12:38:51.302+0000] {logging_mixin.py:154} INFO - [2024-08-26T12:38:51.301+0000] {dag.py:2941} INFO - Sync 1 DAGs
[2024-08-26T12:38:51.353+0000] {logging_mixin.py:154} INFO - [2024-08-26T12:38:51.352+0000] {dag.py:3722} INFO - Setting next_dagrun for fetch_weather_data to 2024-08-26T00:00:00+00:00, run_after=2024-08-27T00:00:00+00:00
[2024-08-26T12:38:51.424+0000] {processor.py:179} INFO - Processing /opt/airflow/dags/call_api.py took 0.210 seconds
[2024-08-26T12:39:21.554+0000] {processor.py:157} INFO - Started process (PID=453) to work on /opt/airflow/dags/call_api.py
[2024-08-26T12:39:21.555+0000] {processor.py:829} INFO - Processing file /opt/airflow/dags/call_api.py for tasks to queue
[2024-08-26T12:39:21.560+0000] {logging_mixin.py:154} INFO - [2024-08-26T12:39:21.559+0000] {dagbag.py:536} INFO - Filling up the DagBag from /opt/airflow/dags/call_api.py
[2024-08-26T12:39:21.588+0000] {processor.py:839} INFO - DAG(s) dict_keys(['fetch_weather_data']) retrieved from /opt/airflow/dags/call_api.py
[2024-08-26T12:39:21.625+0000] {logging_mixin.py:154} INFO - [2024-08-26T12:39:21.625+0000] {dag.py:2941} INFO - Sync 1 DAGs
[2024-08-26T12:39:21.682+0000] {logging_mixin.py:154} INFO - [2024-08-26T12:39:21.681+0000] {dag.py:3722} INFO - Setting next_dagrun for fetch_weather_data to 2024-08-26T00:00:00+00:00, run_after=2024-08-27T00:00:00+00:00
[2024-08-26T12:39:21.760+0000] {processor.py:179} INFO - Processing /opt/airflow/dags/call_api.py took 0.214 seconds
[2024-08-26T12:39:52.401+0000] {processor.py:157} INFO - Started process (PID=519) to work on /opt/airflow/dags/call_api.py
[2024-08-26T12:39:52.404+0000] {processor.py:829} INFO - Processing file /opt/airflow/dags/call_api.py for tasks to queue
[2024-08-26T12:39:52.410+0000] {logging_mixin.py:154} INFO - [2024-08-26T12:39:52.409+0000] {dagbag.py:536} INFO - Filling up the DagBag from /opt/airflow/dags/call_api.py
[2024-08-26T12:39:52.447+0000] {processor.py:839} INFO - DAG(s) dict_keys(['fetch_weather_data']) retrieved from /opt/airflow/dags/call_api.py
[2024-08-26T12:39:52.492+0000] {logging_mixin.py:154} INFO - [2024-08-26T12:39:52.491+0000] {dag.py:2941} INFO - Sync 1 DAGs
[2024-08-26T12:39:52.543+0000] {logging_mixin.py:154} INFO - [2024-08-26T12:39:52.543+0000] {dag.py:3722} INFO - Setting next_dagrun for fetch_weather_data to 2024-08-26T00:00:00+00:00, run_after=2024-08-27T00:00:00+00:00
[2024-08-26T12:39:52.587+0000] {processor.py:179} INFO - Processing /opt/airflow/dags/call_api.py took 0.192 seconds
[2024-08-26T12:40:23.272+0000] {processor.py:157} INFO - Started process (PID=585) to work on /opt/airflow/dags/call_api.py
[2024-08-26T12:40:23.274+0000] {processor.py:829} INFO - Processing file /opt/airflow/dags/call_api.py for tasks to queue
[2024-08-26T12:40:23.279+0000] {logging_mixin.py:154} INFO - [2024-08-26T12:40:23.278+0000] {dagbag.py:536} INFO - Filling up the DagBag from /opt/airflow/dags/call_api.py
[2024-08-26T12:40:23.312+0000] {processor.py:839} INFO - DAG(s) dict_keys(['fetch_weather_data']) retrieved from /opt/airflow/dags/call_api.py
[2024-08-26T12:40:23.348+0000] {logging_mixin.py:154} INFO - [2024-08-26T12:40:23.348+0000] {dag.py:2941} INFO - Sync 1 DAGs
[2024-08-26T12:40:23.538+0000] {logging_mixin.py:154} INFO - [2024-08-26T12:40:23.537+0000] {dag.py:3722} INFO - Setting next_dagrun for fetch_weather_data to 2024-08-26T00:00:00+00:00, run_after=2024-08-27T00:00:00+00:00
[2024-08-26T12:40:23.590+0000] {processor.py:179} INFO - Processing /opt/airflow/dags/call_api.py took 0.325 seconds
[2024-08-26T12:40:53.867+0000] {processor.py:157} INFO - Started process (PID=650) to work on /opt/airflow/dags/call_api.py
[2024-08-26T12:40:53.869+0000] {processor.py:829} INFO - Processing file /opt/airflow/dags/call_api.py for tasks to queue
[2024-08-26T12:40:53.873+0000] {logging_mixin.py:154} INFO - [2024-08-26T12:40:53.872+0000] {dagbag.py:536} INFO - Filling up the DagBag from /opt/airflow/dags/call_api.py
[2024-08-26T12:40:53.903+0000] {processor.py:839} INFO - DAG(s) dict_keys(['fetch_weather_data']) retrieved from /opt/airflow/dags/call_api.py
[2024-08-26T12:40:53.937+0000] {logging_mixin.py:154} INFO - [2024-08-26T12:40:53.937+0000] {dag.py:2941} INFO - Sync 1 DAGs
[2024-08-26T12:40:53.984+0000] {logging_mixin.py:154} INFO - [2024-08-26T12:40:53.983+0000] {dag.py:3722} INFO - Setting next_dagrun for fetch_weather_data to 2024-08-26T00:00:00+00:00, run_after=2024-08-27T00:00:00+00:00
[2024-08-26T12:40:54.059+0000] {processor.py:179} INFO - Processing /opt/airflow/dags/call_api.py took 0.200 seconds
[2024-08-26T12:41:24.266+0000] {processor.py:157} INFO - Started process (PID=716) to work on /opt/airflow/dags/call_api.py
[2024-08-26T12:41:24.268+0000] {processor.py:829} INFO - Processing file /opt/airflow/dags/call_api.py for tasks to queue
[2024-08-26T12:41:24.273+0000] {logging_mixin.py:154} INFO - [2024-08-26T12:41:24.273+0000] {dagbag.py:536} INFO - Filling up the DagBag from /opt/airflow/dags/call_api.py
[2024-08-26T12:41:24.301+0000] {processor.py:839} INFO - DAG(s) dict_keys(['fetch_weather_data']) retrieved from /opt/airflow/dags/call_api.py
[2024-08-26T12:41:24.336+0000] {logging_mixin.py:154} INFO - [2024-08-26T12:41:24.336+0000] {dag.py:2941} INFO - Sync 1 DAGs
[2024-08-26T12:41:24.390+0000] {logging_mixin.py:154} INFO - [2024-08-26T12:41:24.389+0000] {dag.py:3722} INFO - Setting next_dagrun for fetch_weather_data to 2024-08-26T00:00:00+00:00, run_after=2024-08-27T00:00:00+00:00
[2024-08-26T12:41:24.465+0000] {processor.py:179} INFO - Processing /opt/airflow/dags/call_api.py took 0.205 seconds
[2024-08-26T12:41:54.559+0000] {processor.py:157} INFO - Started process (PID=782) to work on /opt/airflow/dags/call_api.py
[2024-08-26T12:41:54.560+0000] {processor.py:829} INFO - Processing file /opt/airflow/dags/call_api.py for tasks to queue
[2024-08-26T12:41:54.564+0000] {logging_mixin.py:154} INFO - [2024-08-26T12:41:54.563+0000] {dagbag.py:536} INFO - Filling up the DagBag from /opt/airflow/dags/call_api.py
[2024-08-26T12:41:54.590+0000] {processor.py:839} INFO - DAG(s) dict_keys(['fetch_weather_data']) retrieved from /opt/airflow/dags/call_api.py
[2024-08-26T12:41:54.628+0000] {logging_mixin.py:154} INFO - [2024-08-26T12:41:54.628+0000] {dag.py:2941} INFO - Sync 1 DAGs
[2024-08-26T12:41:54.680+0000] {logging_mixin.py:154} INFO - [2024-08-26T12:41:54.680+0000] {dag.py:3722} INFO - Setting next_dagrun for fetch_weather_data to 2024-08-26T00:00:00+00:00, run_after=2024-08-27T00:00:00+00:00
[2024-08-26T12:41:54.754+0000] {processor.py:179} INFO - Processing /opt/airflow/dags/call_api.py took 0.201 seconds
[2024-08-26T12:42:25.014+0000] {processor.py:157} INFO - Started process (PID=848) to work on /opt/airflow/dags/call_api.py
[2024-08-26T12:42:25.016+0000] {processor.py:829} INFO - Processing file /opt/airflow/dags/call_api.py for tasks to queue
[2024-08-26T12:42:25.021+0000] {logging_mixin.py:154} INFO - [2024-08-26T12:42:25.020+0000] {dagbag.py:536} INFO - Filling up the DagBag from /opt/airflow/dags/call_api.py
[2024-08-26T12:42:25.053+0000] {processor.py:839} INFO - DAG(s) dict_keys(['fetch_weather_data']) retrieved from /opt/airflow/dags/call_api.py
[2024-08-26T12:42:25.086+0000] {logging_mixin.py:154} INFO - [2024-08-26T12:42:25.086+0000] {dag.py:2941} INFO - Sync 1 DAGs
[2024-08-26T12:42:25.137+0000] {logging_mixin.py:154} INFO - [2024-08-26T12:42:25.136+0000] {dag.py:3722} INFO - Setting next_dagrun for fetch_weather_data to 2024-08-26T00:00:00+00:00, run_after=2024-08-27T00:00:00+00:00
[2024-08-26T12:42:25.209+0000] {processor.py:179} INFO - Processing /opt/airflow/dags/call_api.py took 0.202 seconds
[2024-08-26T12:42:56.052+0000] {processor.py:157} INFO - Started process (PID=914) to work on /opt/airflow/dags/call_api.py
[2024-08-26T12:42:56.054+0000] {processor.py:829} INFO - Processing file /opt/airflow/dags/call_api.py for tasks to queue
[2024-08-26T12:42:56.058+0000] {logging_mixin.py:154} INFO - [2024-08-26T12:42:56.057+0000] {dagbag.py:536} INFO - Filling up the DagBag from /opt/airflow/dags/call_api.py
[2024-08-26T12:42:56.126+0000] {processor.py:839} INFO - DAG(s) dict_keys(['fetch_weather_data']) retrieved from /opt/airflow/dags/call_api.py
[2024-08-26T12:42:56.164+0000] {logging_mixin.py:154} INFO - [2024-08-26T12:42:56.163+0000] {dag.py:2941} INFO - Sync 1 DAGs
[2024-08-26T12:42:56.213+0000] {logging_mixin.py:154} INFO - [2024-08-26T12:42:56.212+0000] {dag.py:3722} INFO - Setting next_dagrun for fetch_weather_data to 2024-08-26T00:00:00+00:00, run_after=2024-08-27T00:00:00+00:00
[2024-08-26T12:42:56.287+0000] {processor.py:179} INFO - Processing /opt/airflow/dags/call_api.py took 0.242 seconds
[2024-08-26T12:43:26.788+0000] {processor.py:157} INFO - Started process (PID=992) to work on /opt/airflow/dags/call_api.py
[2024-08-26T12:43:26.790+0000] {processor.py:829} INFO - Processing file /opt/airflow/dags/call_api.py for tasks to queue
[2024-08-26T12:43:26.794+0000] {logging_mixin.py:154} INFO - [2024-08-26T12:43:26.793+0000] {dagbag.py:536} INFO - Filling up the DagBag from /opt/airflow/dags/call_api.py
[2024-08-26T12:43:26.824+0000] {processor.py:839} INFO - DAG(s) dict_keys(['fetch_weather_data']) retrieved from /opt/airflow/dags/call_api.py
[2024-08-26T12:43:26.861+0000] {logging_mixin.py:154} INFO - [2024-08-26T12:43:26.860+0000] {dag.py:2941} INFO - Sync 1 DAGs
[2024-08-26T12:43:26.995+0000] {logging_mixin.py:154} INFO - [2024-08-26T12:43:26.994+0000] {dag.py:3722} INFO - Setting next_dagrun for fetch_weather_data to 2024-08-26T00:00:00+00:00, run_after=2024-08-27T00:00:00+00:00
[2024-08-26T12:43:27.028+0000] {processor.py:179} INFO - Processing /opt/airflow/dags/call_api.py took 0.246 seconds
[2024-08-26T12:43:57.164+0000] {processor.py:157} INFO - Started process (PID=1058) to work on /opt/airflow/dags/call_api.py
[2024-08-26T12:43:57.165+0000] {processor.py:829} INFO - Processing file /opt/airflow/dags/call_api.py for tasks to queue
[2024-08-26T12:43:57.169+0000] {logging_mixin.py:154} INFO - [2024-08-26T12:43:57.169+0000] {dagbag.py:536} INFO - Filling up the DagBag from /opt/airflow/dags/call_api.py
[2024-08-26T12:43:57.204+0000] {processor.py:839} INFO - DAG(s) dict_keys(['fetch_weather_data']) retrieved from /opt/airflow/dags/call_api.py
[2024-08-26T12:43:57.237+0000] {logging_mixin.py:154} INFO - [2024-08-26T12:43:57.237+0000] {dag.py:2941} INFO - Sync 1 DAGs
[2024-08-26T12:43:57.286+0000] {logging_mixin.py:154} INFO - [2024-08-26T12:43:57.286+0000] {dag.py:3722} INFO - Setting next_dagrun for fetch_weather_data to 2024-08-26T00:00:00+00:00, run_after=2024-08-27T00:00:00+00:00
[2024-08-26T12:43:57.357+0000] {processor.py:179} INFO - Processing /opt/airflow/dags/call_api.py took 0.198 seconds
[2024-08-26T12:44:27.836+0000] {processor.py:157} INFO - Started process (PID=1124) to work on /opt/airflow/dags/call_api.py
[2024-08-26T12:44:27.838+0000] {processor.py:829} INFO - Processing file /opt/airflow/dags/call_api.py for tasks to queue
[2024-08-26T12:44:27.843+0000] {logging_mixin.py:154} INFO - [2024-08-26T12:44:27.842+0000] {dagbag.py:536} INFO - Filling up the DagBag from /opt/airflow/dags/call_api.py
[2024-08-26T12:44:27.873+0000] {processor.py:839} INFO - DAG(s) dict_keys(['fetch_weather_data']) retrieved from /opt/airflow/dags/call_api.py
[2024-08-26T12:44:27.913+0000] {logging_mixin.py:154} INFO - [2024-08-26T12:44:27.912+0000] {dag.py:2941} INFO - Sync 1 DAGs
[2024-08-26T12:44:27.971+0000] {logging_mixin.py:154} INFO - [2024-08-26T12:44:27.970+0000] {dag.py:3722} INFO - Setting next_dagrun for fetch_weather_data to 2024-08-26T00:00:00+00:00, run_after=2024-08-27T00:00:00+00:00
[2024-08-26T12:44:28.035+0000] {processor.py:179} INFO - Processing /opt/airflow/dags/call_api.py took 0.205 seconds
[2024-08-26T12:44:58.789+0000] {processor.py:157} INFO - Started process (PID=1191) to work on /opt/airflow/dags/call_api.py
[2024-08-26T12:44:58.791+0000] {processor.py:829} INFO - Processing file /opt/airflow/dags/call_api.py for tasks to queue
[2024-08-26T12:44:58.796+0000] {logging_mixin.py:154} INFO - [2024-08-26T12:44:58.795+0000] {dagbag.py:536} INFO - Filling up the DagBag from /opt/airflow/dags/call_api.py
[2024-08-26T12:44:58.827+0000] {processor.py:839} INFO - DAG(s) dict_keys(['fetch_weather_data']) retrieved from /opt/airflow/dags/call_api.py
[2024-08-26T12:44:58.863+0000] {logging_mixin.py:154} INFO - [2024-08-26T12:44:58.863+0000] {dag.py:2941} INFO - Sync 1 DAGs
[2024-08-26T12:44:58.925+0000] {logging_mixin.py:154} INFO - [2024-08-26T12:44:58.924+0000] {dag.py:3722} INFO - Setting next_dagrun for fetch_weather_data to 2024-08-26T00:00:00+00:00, run_after=2024-08-27T00:00:00+00:00
[2024-08-26T12:44:58.974+0000] {processor.py:179} INFO - Processing /opt/airflow/dags/call_api.py took 0.191 seconds
[2024-08-26T12:45:29.157+0000] {processor.py:157} INFO - Started process (PID=1257) to work on /opt/airflow/dags/call_api.py
[2024-08-26T12:45:29.159+0000] {processor.py:829} INFO - Processing file /opt/airflow/dags/call_api.py for tasks to queue
[2024-08-26T12:45:29.163+0000] {logging_mixin.py:154} INFO - [2024-08-26T12:45:29.163+0000] {dagbag.py:536} INFO - Filling up the DagBag from /opt/airflow/dags/call_api.py
[2024-08-26T12:45:29.196+0000] {processor.py:839} INFO - DAG(s) dict_keys(['fetch_weather_data']) retrieved from /opt/airflow/dags/call_api.py
[2024-08-26T12:45:29.235+0000] {logging_mixin.py:154} INFO - [2024-08-26T12:45:29.235+0000] {dag.py:2941} INFO - Sync 1 DAGs
[2024-08-26T12:45:29.375+0000] {logging_mixin.py:154} INFO - [2024-08-26T12:45:29.375+0000] {dag.py:3722} INFO - Setting next_dagrun for fetch_weather_data to 2024-08-26T00:00:00+00:00, run_after=2024-08-27T00:00:00+00:00
[2024-08-26T12:45:29.408+0000] {processor.py:179} INFO - Processing /opt/airflow/dags/call_api.py took 0.257 seconds
[2024-08-26T12:45:59.512+0000] {processor.py:157} INFO - Started process (PID=1323) to work on /opt/airflow/dags/call_api.py
[2024-08-26T12:45:59.514+0000] {processor.py:829} INFO - Processing file /opt/airflow/dags/call_api.py for tasks to queue
[2024-08-26T12:45:59.518+0000] {logging_mixin.py:154} INFO - [2024-08-26T12:45:59.518+0000] {dagbag.py:536} INFO - Filling up the DagBag from /opt/airflow/dags/call_api.py
[2024-08-26T12:45:59.551+0000] {processor.py:839} INFO - DAG(s) dict_keys(['fetch_weather_data']) retrieved from /opt/airflow/dags/call_api.py
[2024-08-26T12:45:59.589+0000] {logging_mixin.py:154} INFO - [2024-08-26T12:45:59.588+0000] {dag.py:2941} INFO - Sync 1 DAGs
[2024-08-26T12:45:59.636+0000] {logging_mixin.py:154} INFO - [2024-08-26T12:45:59.635+0000] {dag.py:3722} INFO - Setting next_dagrun for fetch_weather_data to 2024-08-26T00:00:00+00:00, run_after=2024-08-27T00:00:00+00:00
[2024-08-26T12:45:59.706+0000] {processor.py:179} INFO - Processing /opt/airflow/dags/call_api.py took 0.201 seconds
[2024-08-26T12:46:29.927+0000] {processor.py:157} INFO - Started process (PID=1389) to work on /opt/airflow/dags/call_api.py
[2024-08-26T12:46:29.930+0000] {processor.py:829} INFO - Processing file /opt/airflow/dags/call_api.py for tasks to queue
[2024-08-26T12:46:29.935+0000] {logging_mixin.py:154} INFO - [2024-08-26T12:46:29.935+0000] {dagbag.py:536} INFO - Filling up the DagBag from /opt/airflow/dags/call_api.py
[2024-08-26T12:46:29.969+0000] {processor.py:839} INFO - DAG(s) dict_keys(['fetch_weather_data']) retrieved from /opt/airflow/dags/call_api.py
[2024-08-26T12:46:30.011+0000] {logging_mixin.py:154} INFO - [2024-08-26T12:46:30.010+0000] {dag.py:2941} INFO - Sync 1 DAGs
[2024-08-26T12:46:30.062+0000] {logging_mixin.py:154} INFO - [2024-08-26T12:46:30.061+0000] {dag.py:3722} INFO - Setting next_dagrun for fetch_weather_data to 2024-08-26T00:00:00+00:00, run_after=2024-08-27T00:00:00+00:00
[2024-08-26T12:46:30.096+0000] {processor.py:179} INFO - Processing /opt/airflow/dags/call_api.py took 0.177 seconds
[2024-08-26T12:47:00.308+0000] {processor.py:157} INFO - Started process (PID=1455) to work on /opt/airflow/dags/call_api.py
[2024-08-26T12:47:00.310+0000] {processor.py:829} INFO - Processing file /opt/airflow/dags/call_api.py for tasks to queue
[2024-08-26T12:47:00.315+0000] {logging_mixin.py:154} INFO - [2024-08-26T12:47:00.314+0000] {dagbag.py:536} INFO - Filling up the DagBag from /opt/airflow/dags/call_api.py
[2024-08-26T12:47:00.348+0000] {processor.py:839} INFO - DAG(s) dict_keys(['fetch_weather_data']) retrieved from /opt/airflow/dags/call_api.py
[2024-08-26T12:47:00.381+0000] {logging_mixin.py:154} INFO - [2024-08-26T12:47:00.381+0000] {dag.py:2941} INFO - Sync 1 DAGs
[2024-08-26T12:47:00.430+0000] {logging_mixin.py:154} INFO - [2024-08-26T12:47:00.429+0000] {dag.py:3722} INFO - Setting next_dagrun for fetch_weather_data to 2024-08-26T00:00:00+00:00, run_after=2024-08-27T00:00:00+00:00
[2024-08-26T12:47:00.468+0000] {processor.py:179} INFO - Processing /opt/airflow/dags/call_api.py took 0.167 seconds
[2024-08-26T12:47:30.710+0000] {processor.py:157} INFO - Started process (PID=1521) to work on /opt/airflow/dags/call_api.py
[2024-08-26T12:47:30.711+0000] {processor.py:829} INFO - Processing file /opt/airflow/dags/call_api.py for tasks to queue
[2024-08-26T12:47:30.717+0000] {logging_mixin.py:154} INFO - [2024-08-26T12:47:30.716+0000] {dagbag.py:536} INFO - Filling up the DagBag from /opt/airflow/dags/call_api.py
[2024-08-26T12:47:30.747+0000] {processor.py:839} INFO - DAG(s) dict_keys(['fetch_weather_data']) retrieved from /opt/airflow/dags/call_api.py
[2024-08-26T12:47:30.783+0000] {logging_mixin.py:154} INFO - [2024-08-26T12:47:30.783+0000] {dag.py:2941} INFO - Sync 1 DAGs
[2024-08-26T12:47:30.831+0000] {logging_mixin.py:154} INFO - [2024-08-26T12:47:30.831+0000] {dag.py:3722} INFO - Setting next_dagrun for fetch_weather_data to 2024-08-26T00:00:00+00:00, run_after=2024-08-27T00:00:00+00:00
[2024-08-26T12:47:30.905+0000] {processor.py:179} INFO - Processing /opt/airflow/dags/call_api.py took 0.201 seconds
[2024-08-26T12:48:01.684+0000] {processor.py:157} INFO - Started process (PID=1588) to work on /opt/airflow/dags/call_api.py
[2024-08-26T12:48:01.686+0000] {processor.py:829} INFO - Processing file /opt/airflow/dags/call_api.py for tasks to queue
[2024-08-26T12:48:01.690+0000] {logging_mixin.py:154} INFO - [2024-08-26T12:48:01.690+0000] {dagbag.py:536} INFO - Filling up the DagBag from /opt/airflow/dags/call_api.py
[2024-08-26T12:48:01.720+0000] {processor.py:839} INFO - DAG(s) dict_keys(['fetch_weather_data']) retrieved from /opt/airflow/dags/call_api.py
[2024-08-26T12:48:01.757+0000] {logging_mixin.py:154} INFO - [2024-08-26T12:48:01.757+0000] {dag.py:2941} INFO - Sync 1 DAGs
[2024-08-26T12:48:01.813+0000] {logging_mixin.py:154} INFO - [2024-08-26T12:48:01.812+0000] {dag.py:3722} INFO - Setting next_dagrun for fetch_weather_data to 2024-08-26T00:00:00+00:00, run_after=2024-08-27T00:00:00+00:00
[2024-08-26T12:48:01.885+0000] {processor.py:179} INFO - Processing /opt/airflow/dags/call_api.py took 0.209 seconds
[2024-08-26T12:49:33.694+0000] {processor.py:157} INFO - Started process (PID=1654) to work on /opt/airflow/dags/call_api.py
[2024-08-26T12:49:33.718+0000] {processor.py:829} INFO - Processing file /opt/airflow/dags/call_api.py for tasks to queue
[2024-08-26T12:49:33.723+0000] {logging_mixin.py:154} INFO - [2024-08-26T12:49:33.722+0000] {dagbag.py:536} INFO - Filling up the DagBag from /opt/airflow/dags/call_api.py
[2024-08-26T12:49:33.754+0000] {processor.py:839} INFO - DAG(s) dict_keys(['fetch_weather_data']) retrieved from /opt/airflow/dags/call_api.py
[2024-08-26T12:49:33.793+0000] {logging_mixin.py:154} INFO - [2024-08-26T12:49:33.793+0000] {dag.py:2941} INFO - Sync 1 DAGs
[2024-08-26T12:49:33.841+0000] {logging_mixin.py:154} INFO - [2024-08-26T12:49:33.841+0000] {dag.py:3722} INFO - Setting next_dagrun for fetch_weather_data to 2024-08-26T00:00:00+00:00, run_after=2024-08-27T00:00:00+00:00
[2024-08-26T12:49:33.878+0000] {processor.py:179} INFO - Processing /opt/airflow/dags/call_api.py took 0.189 seconds
[2024-08-26T12:50:04.101+0000] {processor.py:157} INFO - Started process (PID=1720) to work on /opt/airflow/dags/call_api.py
[2024-08-26T12:50:04.102+0000] {processor.py:829} INFO - Processing file /opt/airflow/dags/call_api.py for tasks to queue
[2024-08-26T12:50:04.106+0000] {logging_mixin.py:154} INFO - [2024-08-26T12:50:04.106+0000] {dagbag.py:536} INFO - Filling up the DagBag from /opt/airflow/dags/call_api.py
[2024-08-26T12:50:04.138+0000] {processor.py:839} INFO - DAG(s) dict_keys(['fetch_weather_data']) retrieved from /opt/airflow/dags/call_api.py
[2024-08-26T12:50:04.174+0000] {logging_mixin.py:154} INFO - [2024-08-26T12:50:04.174+0000] {dag.py:2941} INFO - Sync 1 DAGs
[2024-08-26T12:50:04.221+0000] {logging_mixin.py:154} INFO - [2024-08-26T12:50:04.220+0000] {dag.py:3722} INFO - Setting next_dagrun for fetch_weather_data to 2024-08-26T00:00:00+00:00, run_after=2024-08-27T00:00:00+00:00
[2024-08-26T12:50:04.292+0000] {processor.py:179} INFO - Processing /opt/airflow/dags/call_api.py took 0.196 seconds
[2024-08-26T12:50:34.377+0000] {processor.py:157} INFO - Started process (PID=1786) to work on /opt/airflow/dags/call_api.py
[2024-08-26T12:50:34.380+0000] {processor.py:829} INFO - Processing file /opt/airflow/dags/call_api.py for tasks to queue
[2024-08-26T12:50:34.384+0000] {logging_mixin.py:154} INFO - [2024-08-26T12:50:34.384+0000] {dagbag.py:536} INFO - Filling up the DagBag from /opt/airflow/dags/call_api.py
[2024-08-26T12:50:34.417+0000] {processor.py:839} INFO - DAG(s) dict_keys(['fetch_weather_data']) retrieved from /opt/airflow/dags/call_api.py
[2024-08-26T12:50:34.459+0000] {logging_mixin.py:154} INFO - [2024-08-26T12:50:34.459+0000] {dag.py:2941} INFO - Sync 1 DAGs
[2024-08-26T12:50:34.512+0000] {logging_mixin.py:154} INFO - [2024-08-26T12:50:34.512+0000] {dag.py:3722} INFO - Setting next_dagrun for fetch_weather_data to 2024-08-26T00:00:00+00:00, run_after=2024-08-27T00:00:00+00:00
[2024-08-26T12:50:34.589+0000] {processor.py:179} INFO - Processing /opt/airflow/dags/call_api.py took 0.220 seconds
[2024-08-26T12:51:04.947+0000] {processor.py:157} INFO - Started process (PID=1852) to work on /opt/airflow/dags/call_api.py
[2024-08-26T12:51:04.949+0000] {processor.py:829} INFO - Processing file /opt/airflow/dags/call_api.py for tasks to queue
[2024-08-26T12:51:04.954+0000] {logging_mixin.py:154} INFO - [2024-08-26T12:51:04.953+0000] {dagbag.py:536} INFO - Filling up the DagBag from /opt/airflow/dags/call_api.py
[2024-08-26T12:51:04.983+0000] {processor.py:839} INFO - DAG(s) dict_keys(['fetch_weather_data']) retrieved from /opt/airflow/dags/call_api.py
[2024-08-26T12:51:05.025+0000] {logging_mixin.py:154} INFO - [2024-08-26T12:51:05.025+0000] {dag.py:2941} INFO - Sync 1 DAGs
[2024-08-26T12:51:05.076+0000] {logging_mixin.py:154} INFO - [2024-08-26T12:51:05.075+0000] {dag.py:3722} INFO - Setting next_dagrun for fetch_weather_data to 2024-08-26T00:00:00+00:00, run_after=2024-08-27T00:00:00+00:00
[2024-08-26T12:51:05.111+0000] {processor.py:179} INFO - Processing /opt/airflow/dags/call_api.py took 0.170 seconds
[2024-08-26T12:51:35.261+0000] {processor.py:157} INFO - Started process (PID=1919) to work on /opt/airflow/dags/call_api.py
[2024-08-26T12:51:35.263+0000] {processor.py:829} INFO - Processing file /opt/airflow/dags/call_api.py for tasks to queue
[2024-08-26T12:51:35.267+0000] {logging_mixin.py:154} INFO - [2024-08-26T12:51:35.266+0000] {dagbag.py:536} INFO - Filling up the DagBag from /opt/airflow/dags/call_api.py
[2024-08-26T12:51:35.302+0000] {processor.py:839} INFO - DAG(s) dict_keys(['fetch_weather_data']) retrieved from /opt/airflow/dags/call_api.py
[2024-08-26T12:51:35.336+0000] {logging_mixin.py:154} INFO - [2024-08-26T12:51:35.335+0000] {dag.py:2941} INFO - Sync 1 DAGs
[2024-08-26T12:51:35.385+0000] {logging_mixin.py:154} INFO - [2024-08-26T12:51:35.385+0000] {dag.py:3722} INFO - Setting next_dagrun for fetch_weather_data to 2024-08-26T00:00:00+00:00, run_after=2024-08-27T00:00:00+00:00
[2024-08-26T12:51:35.420+0000] {processor.py:179} INFO - Processing /opt/airflow/dags/call_api.py took 0.165 seconds
[2024-08-26T12:52:05.697+0000] {processor.py:157} INFO - Started process (PID=1985) to work on /opt/airflow/dags/call_api.py
[2024-08-26T12:52:05.699+0000] {processor.py:829} INFO - Processing file /opt/airflow/dags/call_api.py for tasks to queue
[2024-08-26T12:52:05.704+0000] {logging_mixin.py:154} INFO - [2024-08-26T12:52:05.703+0000] {dagbag.py:536} INFO - Filling up the DagBag from /opt/airflow/dags/call_api.py
[2024-08-26T12:52:05.734+0000] {processor.py:839} INFO - DAG(s) dict_keys(['fetch_weather_data']) retrieved from /opt/airflow/dags/call_api.py
[2024-08-26T12:52:05.774+0000] {logging_mixin.py:154} INFO - [2024-08-26T12:52:05.773+0000] {dag.py:2941} INFO - Sync 1 DAGs
[2024-08-26T12:52:05.895+0000] {logging_mixin.py:154} INFO - [2024-08-26T12:52:05.895+0000] {dag.py:3722} INFO - Setting next_dagrun for fetch_weather_data to 2024-08-26T00:00:00+00:00, run_after=2024-08-27T00:00:00+00:00
[2024-08-26T12:52:05.931+0000] {processor.py:179} INFO - Processing /opt/airflow/dags/call_api.py took 0.241 seconds
[2024-08-26T12:52:36.647+0000] {processor.py:157} INFO - Started process (PID=2051) to work on /opt/airflow/dags/call_api.py
[2024-08-26T12:52:36.655+0000] {processor.py:829} INFO - Processing file /opt/airflow/dags/call_api.py for tasks to queue
[2024-08-26T12:52:36.660+0000] {logging_mixin.py:154} INFO - [2024-08-26T12:52:36.658+0000] {dagbag.py:536} INFO - Filling up the DagBag from /opt/airflow/dags/call_api.py
[2024-08-26T12:52:36.694+0000] {processor.py:839} INFO - DAG(s) dict_keys(['fetch_weather_data']) retrieved from /opt/airflow/dags/call_api.py
[2024-08-26T12:52:36.726+0000] {logging_mixin.py:154} INFO - [2024-08-26T12:52:36.726+0000] {dag.py:2941} INFO - Sync 1 DAGs
[2024-08-26T12:52:36.767+0000] {logging_mixin.py:154} INFO - [2024-08-26T12:52:36.767+0000] {dag.py:3722} INFO - Setting next_dagrun for fetch_weather_data to 2024-08-26T00:00:00+00:00, run_after=2024-08-27T00:00:00+00:00
[2024-08-26T12:52:36.800+0000] {processor.py:179} INFO - Processing /opt/airflow/dags/call_api.py took 0.159 seconds
[2024-08-26T12:53:07.128+0000] {processor.py:157} INFO - Started process (PID=2117) to work on /opt/airflow/dags/call_api.py
[2024-08-26T12:53:07.130+0000] {processor.py:829} INFO - Processing file /opt/airflow/dags/call_api.py for tasks to queue
[2024-08-26T12:53:07.135+0000] {logging_mixin.py:154} INFO - [2024-08-26T12:53:07.134+0000] {dagbag.py:536} INFO - Filling up the DagBag from /opt/airflow/dags/call_api.py
[2024-08-26T12:53:07.166+0000] {processor.py:839} INFO - DAG(s) dict_keys(['fetch_weather_data']) retrieved from /opt/airflow/dags/call_api.py
[2024-08-26T12:53:07.204+0000] {logging_mixin.py:154} INFO - [2024-08-26T12:53:07.204+0000] {dag.py:2941} INFO - Sync 1 DAGs
[2024-08-26T12:53:07.249+0000] {logging_mixin.py:154} INFO - [2024-08-26T12:53:07.249+0000] {dag.py:3722} INFO - Setting next_dagrun for fetch_weather_data to 2024-08-26T00:00:00+00:00, run_after=2024-08-27T00:00:00+00:00
[2024-08-26T12:53:07.299+0000] {processor.py:179} INFO - Processing /opt/airflow/dags/call_api.py took 0.177 seconds
[2024-08-26T12:53:57.223+0000] {processor.py:157} INFO - Started process (PID=2183) to work on /opt/airflow/dags/call_api.py
[2024-08-26T12:53:57.225+0000] {processor.py:829} INFO - Processing file /opt/airflow/dags/call_api.py for tasks to queue
[2024-08-26T12:53:57.229+0000] {logging_mixin.py:154} INFO - [2024-08-26T12:53:57.229+0000] {dagbag.py:536} INFO - Filling up the DagBag from /opt/airflow/dags/call_api.py
[2024-08-26T12:53:57.262+0000] {processor.py:839} INFO - DAG(s) dict_keys(['fetch_weather_data']) retrieved from /opt/airflow/dags/call_api.py
[2024-08-26T12:53:57.300+0000] {logging_mixin.py:154} INFO - [2024-08-26T12:53:57.300+0000] {dag.py:2941} INFO - Sync 1 DAGs
[2024-08-26T12:53:57.562+0000] {logging_mixin.py:154} INFO - [2024-08-26T12:53:57.562+0000] {dag.py:3722} INFO - Setting next_dagrun for fetch_weather_data to 2024-08-26T00:00:00+00:00, run_after=2024-08-27T00:00:00+00:00
[2024-08-26T12:53:57.637+0000] {processor.py:179} INFO - Processing /opt/airflow/dags/call_api.py took 0.421 seconds
[2024-08-26T12:54:28.264+0000] {processor.py:157} INFO - Started process (PID=2248) to work on /opt/airflow/dags/call_api.py
[2024-08-26T12:54:28.266+0000] {processor.py:829} INFO - Processing file /opt/airflow/dags/call_api.py for tasks to queue
[2024-08-26T12:54:28.270+0000] {logging_mixin.py:154} INFO - [2024-08-26T12:54:28.270+0000] {dagbag.py:536} INFO - Filling up the DagBag from /opt/airflow/dags/call_api.py
[2024-08-26T12:54:28.305+0000] {processor.py:839} INFO - DAG(s) dict_keys(['fetch_weather_data']) retrieved from /opt/airflow/dags/call_api.py
[2024-08-26T12:54:28.338+0000] {logging_mixin.py:154} INFO - [2024-08-26T12:54:28.337+0000] {dag.py:2941} INFO - Sync 1 DAGs
[2024-08-26T12:54:28.396+0000] {logging_mixin.py:154} INFO - [2024-08-26T12:54:28.395+0000] {dag.py:3722} INFO - Setting next_dagrun for fetch_weather_data to 2024-08-26T00:00:00+00:00, run_after=2024-08-27T00:00:00+00:00
[2024-08-26T12:54:28.626+0000] {processor.py:179} INFO - Processing /opt/airflow/dags/call_api.py took 0.370 seconds
[2024-08-26T12:54:59.077+0000] {processor.py:157} INFO - Started process (PID=2314) to work on /opt/airflow/dags/call_api.py
[2024-08-26T12:54:59.079+0000] {processor.py:829} INFO - Processing file /opt/airflow/dags/call_api.py for tasks to queue
[2024-08-26T12:54:59.084+0000] {logging_mixin.py:154} INFO - [2024-08-26T12:54:59.083+0000] {dagbag.py:536} INFO - Filling up the DagBag from /opt/airflow/dags/call_api.py
[2024-08-26T12:54:59.119+0000] {processor.py:839} INFO - DAG(s) dict_keys(['fetch_weather_data']) retrieved from /opt/airflow/dags/call_api.py
[2024-08-26T12:54:59.160+0000] {logging_mixin.py:154} INFO - [2024-08-26T12:54:59.160+0000] {dag.py:2941} INFO - Sync 1 DAGs
[2024-08-26T12:54:59.218+0000] {logging_mixin.py:154} INFO - [2024-08-26T12:54:59.217+0000] {dag.py:3722} INFO - Setting next_dagrun for fetch_weather_data to 2024-08-26T00:00:00+00:00, run_after=2024-08-27T00:00:00+00:00
[2024-08-26T12:54:59.255+0000] {processor.py:179} INFO - Processing /opt/airflow/dags/call_api.py took 0.184 seconds
[2024-08-26T12:55:29.394+0000] {processor.py:157} INFO - Started process (PID=2380) to work on /opt/airflow/dags/call_api.py
[2024-08-26T12:55:29.396+0000] {processor.py:829} INFO - Processing file /opt/airflow/dags/call_api.py for tasks to queue
[2024-08-26T12:55:29.401+0000] {logging_mixin.py:154} INFO - [2024-08-26T12:55:29.401+0000] {dagbag.py:536} INFO - Filling up the DagBag from /opt/airflow/dags/call_api.py
[2024-08-26T12:55:29.431+0000] {processor.py:839} INFO - DAG(s) dict_keys(['fetch_weather_data']) retrieved from /opt/airflow/dags/call_api.py
[2024-08-26T12:55:29.466+0000] {logging_mixin.py:154} INFO - [2024-08-26T12:55:29.465+0000] {dag.py:2941} INFO - Sync 1 DAGs
[2024-08-26T12:55:29.516+0000] {logging_mixin.py:154} INFO - [2024-08-26T12:55:29.516+0000] {dag.py:3722} INFO - Setting next_dagrun for fetch_weather_data to 2024-08-26T00:00:00+00:00, run_after=2024-08-27T00:00:00+00:00
[2024-08-26T12:55:29.594+0000] {processor.py:179} INFO - Processing /opt/airflow/dags/call_api.py took 0.208 seconds
[2024-08-26T12:55:59.679+0000] {processor.py:157} INFO - Started process (PID=2446) to work on /opt/airflow/dags/call_api.py
[2024-08-26T12:55:59.681+0000] {processor.py:829} INFO - Processing file /opt/airflow/dags/call_api.py for tasks to queue
[2024-08-26T12:55:59.685+0000] {logging_mixin.py:154} INFO - [2024-08-26T12:55:59.684+0000] {dagbag.py:536} INFO - Filling up the DagBag from /opt/airflow/dags/call_api.py
[2024-08-26T12:55:59.714+0000] {processor.py:839} INFO - DAG(s) dict_keys(['fetch_weather_data']) retrieved from /opt/airflow/dags/call_api.py
[2024-08-26T12:55:59.749+0000] {logging_mixin.py:154} INFO - [2024-08-26T12:55:59.748+0000] {dag.py:2941} INFO - Sync 1 DAGs
[2024-08-26T12:55:59.983+0000] {logging_mixin.py:154} INFO - [2024-08-26T12:55:59.982+0000] {dag.py:3722} INFO - Setting next_dagrun for fetch_weather_data to 2024-08-26T00:00:00+00:00, run_after=2024-08-27T00:00:00+00:00
[2024-08-26T12:56:00.017+0000] {processor.py:179} INFO - Processing /opt/airflow/dags/call_api.py took 0.346 seconds
