[2024-08-21T01:39:13.962+0000] {processor.py:157} INFO - Started process (PID=78) to work on /home/airflow/.local/lib/python3.8/site-packages/airflow/example_dags/example_subdag_operator.py
[2024-08-21T01:39:13.964+0000] {processor.py:829} INFO - Processing file /home/airflow/.local/lib/python3.8/site-packages/airflow/example_dags/example_subdag_operator.py for tasks to queue
[2024-08-21T01:39:13.969+0000] {logging_mixin.py:154} INFO - [2024-08-21T01:39:13.969+0000] {dagbag.py:536} INFO - Filling up the DagBag from /home/airflow/.local/lib/python3.8/site-packages/airflow/example_dags/example_subdag_operator.py
[2024-08-21T01:39:14.037+0000] {processor.py:839} INFO - DAG(s) dict_keys(['example_subdag_operator.section-1', 'example_subdag_operator.section-2', 'example_subdag_operator']) retrieved from /home/airflow/.local/lib/python3.8/site-packages/airflow/example_dags/example_subdag_operator.py
[2024-08-21T01:39:14.075+0000] {logging_mixin.py:154} INFO - [2024-08-21T01:39:14.075+0000] {dag.py:2941} INFO - Sync 3 DAGs
[2024-08-21T01:39:14.125+0000] {logging_mixin.py:154} INFO - [2024-08-21T01:39:14.125+0000] {dag.py:3722} INFO - Setting next_dagrun for example_subdag_operator to 2022-01-01T00:00:00+00:00, run_after=2022-01-01T00:00:00+00:00
[2024-08-21T01:39:14.135+0000] {logging_mixin.py:154} INFO - [2024-08-21T01:39:14.134+0000] {dag.py:3722} INFO - Setting next_dagrun for example_subdag_operator.section-1 to None, run_after=None
[2024-08-21T01:39:14.138+0000] {logging_mixin.py:154} INFO - [2024-08-21T01:39:14.138+0000] {dag.py:3722} INFO - Setting next_dagrun for example_subdag_operator.section-2 to None, run_after=None
[2024-08-21T01:39:14.153+0000] {logging_mixin.py:154} INFO - [2024-08-21T01:39:14.153+0000] {dag.py:2941} INFO - Sync 2 DAGs
[2024-08-21T01:39:14.166+0000] {logging_mixin.py:154} INFO - [2024-08-21T01:39:14.166+0000] {dag.py:3722} INFO - Setting next_dagrun for example_subdag_operator.section-1 to None, run_after=None
[2024-08-21T01:39:14.167+0000] {logging_mixin.py:154} INFO - [2024-08-21T01:39:14.167+0000] {dag.py:3722} INFO - Setting next_dagrun for example_subdag_operator.section-2 to None, run_after=None
[2024-08-21T01:39:14.192+0000] {processor.py:179} INFO - Processing /home/airflow/.local/lib/python3.8/site-packages/airflow/example_dags/example_subdag_operator.py took 0.238 seconds
[2024-08-21T01:39:45.378+0000] {processor.py:157} INFO - Started process (PID=145) to work on /home/airflow/.local/lib/python3.8/site-packages/airflow/example_dags/example_subdag_operator.py
[2024-08-21T01:39:45.381+0000] {processor.py:829} INFO - Processing file /home/airflow/.local/lib/python3.8/site-packages/airflow/example_dags/example_subdag_operator.py for tasks to queue
[2024-08-21T01:39:45.385+0000] {logging_mixin.py:154} INFO - [2024-08-21T01:39:45.385+0000] {dagbag.py:536} INFO - Filling up the DagBag from /home/airflow/.local/lib/python3.8/site-packages/airflow/example_dags/example_subdag_operator.py
[2024-08-21T01:39:45.462+0000] {processor.py:839} INFO - DAG(s) dict_keys(['example_subdag_operator.section-1', 'example_subdag_operator.section-2', 'example_subdag_operator']) retrieved from /home/airflow/.local/lib/python3.8/site-packages/airflow/example_dags/example_subdag_operator.py
[2024-08-21T01:39:45.510+0000] {logging_mixin.py:154} INFO - [2024-08-21T01:39:45.509+0000] {dag.py:2941} INFO - Sync 3 DAGs
[2024-08-21T01:39:45.568+0000] {logging_mixin.py:154} INFO - [2024-08-21T01:39:45.567+0000] {dag.py:3722} INFO - Setting next_dagrun for example_subdag_operator to 2022-01-01T00:00:00+00:00, run_after=2022-01-01T00:00:00+00:00
[2024-08-21T01:39:45.575+0000] {logging_mixin.py:154} INFO - [2024-08-21T01:39:45.575+0000] {dag.py:3722} INFO - Setting next_dagrun for example_subdag_operator.section-1 to None, run_after=None
[2024-08-21T01:39:45.578+0000] {logging_mixin.py:154} INFO - [2024-08-21T01:39:45.578+0000] {dag.py:3722} INFO - Setting next_dagrun for example_subdag_operator.section-2 to None, run_after=None
[2024-08-21T01:39:45.593+0000] {logging_mixin.py:154} INFO - [2024-08-21T01:39:45.593+0000] {dag.py:2941} INFO - Sync 2 DAGs
[2024-08-21T01:39:45.604+0000] {logging_mixin.py:154} INFO - [2024-08-21T01:39:45.604+0000] {dag.py:3722} INFO - Setting next_dagrun for example_subdag_operator.section-1 to None, run_after=None
[2024-08-21T01:39:45.606+0000] {logging_mixin.py:154} INFO - [2024-08-21T01:39:45.605+0000] {dag.py:3722} INFO - Setting next_dagrun for example_subdag_operator.section-2 to None, run_after=None
[2024-08-21T01:39:45.627+0000] {processor.py:179} INFO - Processing /home/airflow/.local/lib/python3.8/site-packages/airflow/example_dags/example_subdag_operator.py took 0.260 seconds
